running develop
Removing /home/tdeng23/ros2_ws/install/crazyflie_ros2/lib/python3.8/site-packages/crazyflie-ros2.egg-link (link to .)
running egg_info
writing ../../../build/crazyflie_ros2/crazyflie_ros2.egg-info/PKG-INFO
writing dependency_links to ../../../build/crazyflie_ros2/crazyflie_ros2.egg-info/dependency_links.txt
writing entry points to ../../../build/crazyflie_ros2/crazyflie_ros2.egg-info/entry_points.txt
writing requirements to ../../../build/crazyflie_ros2/crazyflie_ros2.egg-info/requires.txt
writing top-level names to ../../../build/crazyflie_ros2/crazyflie_ros2.egg-info/top_level.txt
reading manifest file '../../../build/crazyflie_ros2/crazyflie_ros2.egg-info/SOURCES.txt'
writing manifest file '../../../build/crazyflie_ros2/crazyflie_ros2.egg-info/SOURCES.txt'
running build
running build_py
running install
running install_lib
creating /home/tdeng23/ros2_ws/install/crazyflie_ros2/lib/python3.8/site-packages/crazyflie_ros2
copying /home/tdeng23/ros2_ws/build/crazyflie_ros2/build/lib/crazyflie_ros2/crazyflie_publisher.py -> /home/tdeng23/ros2_ws/install/crazyflie_ros2/lib/python3.8/site-packages/crazyflie_ros2
copying /home/tdeng23/ros2_ws/build/crazyflie_ros2/build/lib/crazyflie_ros2/__init__.py -> /home/tdeng23/ros2_ws/install/crazyflie_ros2/lib/python3.8/site-packages/crazyflie_ros2
byte-compiling /home/tdeng23/ros2_ws/install/crazyflie_ros2/lib/python3.8/site-packages/crazyflie_ros2/crazyflie_publisher.py to crazyflie_publisher.cpython-38.pyc
byte-compiling /home/tdeng23/ros2_ws/install/crazyflie_ros2/lib/python3.8/site-packages/crazyflie_ros2/__init__.py to __init__.cpython-38.pyc
running install_data
running install_egg_info
Copying ../../../build/crazyflie_ros2/crazyflie_ros2.egg-info to /home/tdeng23/ros2_ws/install/crazyflie_ros2/lib/python3.8/site-packages/crazyflie_ros2-0.0.0-py3.8.egg-info
running install_scripts
Installing crazyflie_publisher script to /home/tdeng23/ros2_ws/install/crazyflie_ros2/lib/crazyflie_ros2
writing list of installed files to '/home/tdeng23/ros2_ws/build/crazyflie_ros2/install.log'
