[1.641s] Invoking command in '/home/tdeng23/ros2_ws/build/my_package': PYTHONPATH=/home/tdeng23/ros2_ws/build/my_package/prefix_override:/home/tdeng23/ros2_ws/install/my_package/lib/python3.8/site-packages:${PYTHONPATH} /usr/bin/python3 setup.py develop --uninstall --editable --build-directory /home/tdeng23/ros2_ws/build/my_package/build
[1.972s] running develop
[2.184s] Removing /home/tdeng23/ros2_ws/install/my_package/lib/python3.8/site-packages/my-package.egg-link (link to .)
[2.227s] Invoked command in '/home/tdeng23/ros2_ws/build/my_package' returned '0': PYTHONPATH=/home/tdeng23/ros2_ws/build/my_package/prefix_override:/home/tdeng23/ros2_ws/install/my_package/lib/python3.8/site-packages:${PYTHONPATH} /usr/bin/python3 setup.py develop --uninstall --editable --build-directory /home/tdeng23/ros2_ws/build/my_package/build
[2.228s] Invoking command in '/home/tdeng23/ros2_ws/src/my_package': PYTHONPATH=/home/tdeng23/ros2_ws/build/my_package/prefix_override:/home/tdeng23/ros2_ws/install/my_package/lib/python3.8/site-packages:${PYTHONPATH} /usr/bin/python3 setup.py egg_info --egg-base ../../build/my_package build --build-base /home/tdeng23/ros2_ws/build/my_package/build install --record /home/tdeng23/ros2_ws/build/my_package/install.log --single-version-externally-managed
[2.670s] running egg_info
[2.670s] writing ../../build/my_package/my_package.egg-info/PKG-INFO
[2.671s] writing dependency_links to ../../build/my_package/my_package.egg-info/dependency_links.txt
[2.671s] writing entry points to ../../build/my_package/my_package.egg-info/entry_points.txt
[2.671s] writing requirements to ../../build/my_package/my_package.egg-info/requires.txt
[2.672s] writing top-level names to ../../build/my_package/my_package.egg-info/top_level.txt
[2.734s] reading manifest file '../../build/my_package/my_package.egg-info/SOURCES.txt'
[2.735s] writing manifest file '../../build/my_package/my_package.egg-info/SOURCES.txt'
[2.735s] running build
[2.735s] running build_py
[2.736s] running install
[2.738s] running install_lib
[2.740s] creating /home/tdeng23/ros2_ws/install/my_package/lib/python3.8/site-packages/my_package
[2.740s] copying /home/tdeng23/ros2_ws/build/my_package/build/lib/my_package/my_robot_driver.py -> /home/tdeng23/ros2_ws/install/my_package/lib/python3.8/site-packages/my_package
[2.740s] copying /home/tdeng23/ros2_ws/build/my_package/build/lib/my_package/__init__.py -> /home/tdeng23/ros2_ws/install/my_package/lib/python3.8/site-packages/my_package
[2.742s] byte-compiling /home/tdeng23/ros2_ws/install/my_package/lib/python3.8/site-packages/my_package/my_robot_driver.py to my_robot_driver.cpython-38.pyc
[2.744s] byte-compiling /home/tdeng23/ros2_ws/install/my_package/lib/python3.8/site-packages/my_package/__init__.py to __init__.cpython-38.pyc
[2.744s] running install_data
[2.746s] running install_egg_info
[2.749s] Copying ../../build/my_package/my_package.egg-info to /home/tdeng23/ros2_ws/install/my_package/lib/python3.8/site-packages/my_package-0.0.0-py3.8.egg-info
[2.750s] running install_scripts
[2.777s] Installing my_robot_driver script to /home/tdeng23/ros2_ws/install/my_package/lib/my_package
[2.777s] writing list of installed files to '/home/tdeng23/ros2_ws/build/my_package/install.log'
[2.831s] Invoked command in '/home/tdeng23/ros2_ws/src/my_package' returned '0': PYTHONPATH=/home/tdeng23/ros2_ws/build/my_package/prefix_override:/home/tdeng23/ros2_ws/install/my_package/lib/python3.8/site-packages:${PYTHONPATH} /usr/bin/python3 setup.py egg_info --egg-base ../../build/my_package build --build-base /home/tdeng23/ros2_ws/build/my_package/build install --record /home/tdeng23/ros2_ws/build/my_package/install.log --single-version-externally-managed
