[0.356s] Invoking command in '/home/tdeng23/ros2_ws/build/crazyflie_ros2_interfaces': CMAKE_PREFIX_PATH=${CMAKE_PREFIX_PATH}:/home/tdeng23/ros2_ws/install/my_package:/home/tdeng23/ros2_ws/install/crazyflie_simulation:/home/tdeng23/ros2_ws/install/crazyflie_ros2_simulation:/home/tdeng23/ros2_ws/install/crazyflie_ros2_simple_mapper:/home/tdeng23/ros2_ws/install/crazyflie_ros2_scan:/home/tdeng23/ros2_ws/install/crazyflie_ros2:/home/tdeng23/ros2_ws/install/crazyflie_py:/opt/ros/galactic /home/tdeng23/.local/bin/cmake --build /home/tdeng23/ros2_ws/build/crazyflie_ros2_interfaces -- -j8 -l8
[0.855s] [  3%] Built target crazyflie_ros2_interfaces__cpp
[0.855s] [ 12%] Built target crazyflie_ros2_interfaces__rosidl_generator_c
[0.855s] [ 22%] Built target crazyflie_ros2_interfaces__rosidl_typesupport_introspection_c
[0.855s] [ 32%] Built target crazyflie_ros2_interfaces__rosidl_typesupport_c
[0.855s] [ 41%] Built target crazyflie_ros2_interfaces__rosidl_typesupport_cpp
[0.855s] [ 51%] Built target crazyflie_ros2_interfaces__rosidl_typesupport_fastrtps_cpp
[0.855s] [ 61%] Built target crazyflie_ros2_interfaces__rosidl_typesupport_introspection_cpp
[0.855s] [ 70%] Built target crazyflie_ros2_interfaces__rosidl_typesupport_fastrtps_c
[0.855s] [ 70%] Built target crazyflie_ros2_interfaces
[0.855s] [ 74%] Built target crazyflie_ros2_interfaces__py
[0.856s] [ 80%] Built target crazyflie_ros2_interfaces__python
[0.856s] [ 87%] Built target crazyflie_ros2_interfaces__rosidl_typesupport_introspection_c__pyext
[0.856s] [100%] Built target crazyflie_ros2_interfaces__rosidl_typesupport_fastrtps_c__pyext
[0.856s] [100%] Built target crazyflie_ros2_interfaces__rosidl_typesupport_c__pyext
[0.865s] Invoked command in '/home/tdeng23/ros2_ws/build/crazyflie_ros2_interfaces' returned '0': CMAKE_PREFIX_PATH=${CMAKE_PREFIX_PATH}:/home/tdeng23/ros2_ws/install/my_package:/home/tdeng23/ros2_ws/install/crazyflie_simulation:/home/tdeng23/ros2_ws/install/crazyflie_ros2_simulation:/home/tdeng23/ros2_ws/install/crazyflie_ros2_simple_mapper:/home/tdeng23/ros2_ws/install/crazyflie_ros2_scan:/home/tdeng23/ros2_ws/install/crazyflie_ros2:/home/tdeng23/ros2_ws/install/crazyflie_py:/opt/ros/galactic /home/tdeng23/.local/bin/cmake --build /home/tdeng23/ros2_ws/build/crazyflie_ros2_interfaces -- -j8 -l8
[1.019s] Invoking command in '/home/tdeng23/ros2_ws/build/crazyflie_ros2_interfaces': CMAKE_PREFIX_PATH=${CMAKE_PREFIX_PATH}:/home/tdeng23/ros2_ws/install/my_package:/home/tdeng23/ros2_ws/install/crazyflie_simulation:/home/tdeng23/ros2_ws/install/crazyflie_ros2_simulation:/home/tdeng23/ros2_ws/install/crazyflie_ros2_simple_mapper:/home/tdeng23/ros2_ws/install/crazyflie_ros2_scan:/home/tdeng23/ros2_ws/install/crazyflie_ros2:/home/tdeng23/ros2_ws/install/crazyflie_py:/opt/ros/galactic /home/tdeng23/.local/bin/cmake --install /home/tdeng23/ros2_ws/build/crazyflie_ros2_interfaces
[1.083s] -- Install configuration: ""
[1.099s] -- Up-to-date: /home/tdeng23/ros2_ws/install/crazyflie_ros2_interfaces/share/ament_index/resource_index/rosidl_interfaces/crazyflie_ros2_interfaces
[1.099s] -- Up-to-date: /home/tdeng23/ros2_ws/install/crazyflie_ros2_interfaces/include/crazyflie_ros2_interfaces
[1.099s] -- Up-to-date: /home/tdeng23/ros2_ws/install/crazyflie_ros2_interfaces/include/crazyflie_ros2_interfaces/action
[1.099s] -- Up-to-date: /home/tdeng23/ros2_ws/install/crazyflie_ros2_interfaces/include/crazyflie_ros2_interfaces/action/multi_ranger_scan.h
[1.099s] -- Up-to-date: /home/tdeng23/ros2_ws/install/crazyflie_ros2_interfaces/include/crazyflie_ros2_interfaces/action/detail
[1.099s] -- Up-to-date: /home/tdeng23/ros2_ws/install/crazyflie_ros2_interfaces/include/crazyflie_ros2_interfaces/action/detail/multi_ranger_scan__struct.h
[1.099s] -- Up-to-date: /home/tdeng23/ros2_ws/install/crazyflie_ros2_interfaces/include/crazyflie_ros2_interfaces/action/detail/multi_ranger_scan__functions.c
[1.099s] -- Up-to-date: /home/tdeng23/ros2_ws/install/crazyflie_ros2_interfaces/include/crazyflie_ros2_interfaces/action/detail/multi_ranger_scan__functions.h
[1.100s] -- Up-to-date: /home/tdeng23/ros2_ws/install/crazyflie_ros2_interfaces/include/crazyflie_ros2_interfaces/action/detail/multi_ranger_scan__type_support.h
[1.100s] -- Up-to-date: /home/tdeng23/ros2_ws/install/crazyflie_ros2_interfaces/include/crazyflie_ros2_interfaces/msg
[1.100s] -- Up-to-date: /home/tdeng23/ros2_ws/install/crazyflie_ros2_interfaces/include/crazyflie_ros2_interfaces/msg/rosidl_generator_c__visibility_control.h
[1.100s] -- Up-to-date: /home/tdeng23/ros2_ws/install/crazyflie_ros2_interfaces/share/crazyflie_ros2_interfaces/environment/library_path.sh
[1.100s] -- Up-to-date: /home/tdeng23/ros2_ws/install/crazyflie_ros2_interfaces/share/crazyflie_ros2_interfaces/environment/library_path.dsv
[1.101s] -- Up-to-date: /home/tdeng23/ros2_ws/install/crazyflie_ros2_interfaces/lib/libcrazyflie_ros2_interfaces__rosidl_generator_c.so
[1.101s] -- Up-to-date: /home/tdeng23/ros2_ws/install/crazyflie_ros2_interfaces/include/crazyflie_ros2_interfaces
[1.101s] -- Up-to-date: /home/tdeng23/ros2_ws/install/crazyflie_ros2_interfaces/include/crazyflie_ros2_interfaces/action
[1.101s] -- Up-to-date: /home/tdeng23/ros2_ws/install/crazyflie_ros2_interfaces/include/crazyflie_ros2_interfaces/action/detail
[1.101s] -- Up-to-date: /home/tdeng23/ros2_ws/install/crazyflie_ros2_interfaces/include/crazyflie_ros2_interfaces/action/detail/multi_ranger_scan__rosidl_typesupport_fastrtps_c.h
[1.101s] -- Up-to-date: /home/tdeng23/ros2_ws/install/crazyflie_ros2_interfaces/include/crazyflie_ros2_interfaces/msg
[1.101s] -- Up-to-date: /home/tdeng23/ros2_ws/install/crazyflie_ros2_interfaces/include/crazyflie_ros2_interfaces/msg/rosidl_typesupport_fastrtps_c__visibility_control.h
[1.102s] -- Up-to-date: /home/tdeng23/ros2_ws/install/crazyflie_ros2_interfaces/lib/libcrazyflie_ros2_interfaces__rosidl_typesupport_fastrtps_c.so
[1.102s] -- Up-to-date: /home/tdeng23/ros2_ws/install/crazyflie_ros2_interfaces/include/crazyflie_ros2_interfaces
[1.102s] -- Up-to-date: /home/tdeng23/ros2_ws/install/crazyflie_ros2_interfaces/include/crazyflie_ros2_interfaces/action
[1.102s] -- Up-to-date: /home/tdeng23/ros2_ws/install/crazyflie_ros2_interfaces/include/crazyflie_ros2_interfaces/action/detail
[1.102s] -- Up-to-date: /home/tdeng23/ros2_ws/install/crazyflie_ros2_interfaces/include/crazyflie_ros2_interfaces/action/detail/multi_ranger_scan__rosidl_typesupport_fastrtps_cpp.hpp
[1.102s] -- Up-to-date: /home/tdeng23/ros2_ws/install/crazyflie_ros2_interfaces/include/crazyflie_ros2_interfaces/action/detail/dds_fastrtps
[1.102s] -- Up-to-date: /home/tdeng23/ros2_ws/install/crazyflie_ros2_interfaces/include/crazyflie_ros2_interfaces/msg
[1.102s] -- Up-to-date: /home/tdeng23/ros2_ws/install/crazyflie_ros2_interfaces/include/crazyflie_ros2_interfaces/msg/rosidl_typesupport_fastrtps_cpp__visibility_control.h
[1.102s] -- Up-to-date: /home/tdeng23/ros2_ws/install/crazyflie_ros2_interfaces/lib/libcrazyflie_ros2_interfaces__rosidl_typesupport_fastrtps_cpp.so
[1.103s] -- Up-to-date: /home/tdeng23/ros2_ws/install/crazyflie_ros2_interfaces/include/crazyflie_ros2_interfaces
[1.103s] -- Up-to-date: /home/tdeng23/ros2_ws/install/crazyflie_ros2_interfaces/include/crazyflie_ros2_interfaces/action
[1.103s] -- Up-to-date: /home/tdeng23/ros2_ws/install/crazyflie_ros2_interfaces/include/crazyflie_ros2_interfaces/action/detail
[1.103s] -- Up-to-date: /home/tdeng23/ros2_ws/install/crazyflie_ros2_interfaces/include/crazyflie_ros2_interfaces/action/detail/multi_ranger_scan__rosidl_typesupport_introspection_c.h
[1.103s] -- Up-to-date: /home/tdeng23/ros2_ws/install/crazyflie_ros2_interfaces/include/crazyflie_ros2_interfaces/action/detail/multi_ranger_scan__type_support.c
[1.103s] -- Up-to-date: /home/tdeng23/ros2_ws/install/crazyflie_ros2_interfaces/include/crazyflie_ros2_interfaces/msg
[1.103s] -- Up-to-date: /home/tdeng23/ros2_ws/install/crazyflie_ros2_interfaces/include/crazyflie_ros2_interfaces/msg/rosidl_typesupport_introspection_c__visibility_control.h
[1.103s] -- Up-to-date: /home/tdeng23/ros2_ws/install/crazyflie_ros2_interfaces/lib/libcrazyflie_ros2_interfaces__rosidl_typesupport_introspection_c.so
[1.104s] -- Up-to-date: /home/tdeng23/ros2_ws/install/crazyflie_ros2_interfaces/lib/libcrazyflie_ros2_interfaces__rosidl_typesupport_c.so
[1.104s] -- Up-to-date: /home/tdeng23/ros2_ws/install/crazyflie_ros2_interfaces/include/crazyflie_ros2_interfaces
[1.104s] -- Up-to-date: /home/tdeng23/ros2_ws/install/crazyflie_ros2_interfaces/include/crazyflie_ros2_interfaces/action
[1.104s] -- Up-to-date: /home/tdeng23/ros2_ws/install/crazyflie_ros2_interfaces/include/crazyflie_ros2_interfaces/action/detail
[1.104s] -- Up-to-date: /home/tdeng23/ros2_ws/install/crazyflie_ros2_interfaces/include/crazyflie_ros2_interfaces/action/detail/multi_ranger_scan__traits.hpp
[1.104s] -- Up-to-date: /home/tdeng23/ros2_ws/install/crazyflie_ros2_interfaces/include/crazyflie_ros2_interfaces/action/detail/multi_ranger_scan__struct.hpp
[1.104s] -- Up-to-date: /home/tdeng23/ros2_ws/install/crazyflie_ros2_interfaces/include/crazyflie_ros2_interfaces/action/detail/multi_ranger_scan__builder.hpp
[1.104s] -- Up-to-date: /home/tdeng23/ros2_ws/install/crazyflie_ros2_interfaces/include/crazyflie_ros2_interfaces/action/multi_ranger_scan.hpp
[1.105s] -- Up-to-date: /home/tdeng23/ros2_ws/install/crazyflie_ros2_interfaces/include/crazyflie_ros2_interfaces
[1.105s] -- Up-to-date: /home/tdeng23/ros2_ws/install/crazyflie_ros2_interfaces/include/crazyflie_ros2_interfaces/action
[1.105s] -- Up-to-date: /home/tdeng23/ros2_ws/install/crazyflie_ros2_interfaces/include/crazyflie_ros2_interfaces/action/detail
[1.105s] -- Up-to-date: /home/tdeng23/ros2_ws/install/crazyflie_ros2_interfaces/include/crazyflie_ros2_interfaces/action/detail/multi_ranger_scan__rosidl_typesupport_introspection_cpp.hpp
[1.105s] -- Up-to-date: /home/tdeng23/ros2_ws/install/crazyflie_ros2_interfaces/include/crazyflie_ros2_interfaces/action/detail/multi_ranger_scan__type_support.cpp
[1.105s] -- Up-to-date: /home/tdeng23/ros2_ws/install/crazyflie_ros2_interfaces/lib/libcrazyflie_ros2_interfaces__rosidl_typesupport_introspection_cpp.so
[1.105s] -- Up-to-date: /home/tdeng23/ros2_ws/install/crazyflie_ros2_interfaces/lib/libcrazyflie_ros2_interfaces__rosidl_typesupport_cpp.so
[1.105s] -- Up-to-date: /home/tdeng23/ros2_ws/install/crazyflie_ros2_interfaces/share/crazyflie_ros2_interfaces/environment/pythonpath.sh
[1.105s] -- Up-to-date: /home/tdeng23/ros2_ws/install/crazyflie_ros2_interfaces/share/crazyflie_ros2_interfaces/environment/pythonpath.dsv
[1.105s] -- Up-to-date: /home/tdeng23/ros2_ws/install/crazyflie_ros2_interfaces/lib/python3.8/site-packages/crazyflie_ros2_interfaces/__init__.py
[1.154s] -- Up-to-date: /home/tdeng23/ros2_ws/install/crazyflie_ros2_interfaces/lib/python3.8/site-packages/crazyflie_ros2_interfaces/action
[1.155s] -- Up-to-date: /home/tdeng23/ros2_ws/install/crazyflie_ros2_interfaces/lib/python3.8/site-packages/crazyflie_ros2_interfaces/action/_multi_ranger_scan.py
[1.155s] -- Up-to-date: /home/tdeng23/ros2_ws/install/crazyflie_ros2_interfaces/lib/python3.8/site-packages/crazyflie_ros2_interfaces/action/_multi_ranger_scan_s.c
[1.155s] -- Up-to-date: /home/tdeng23/ros2_ws/install/crazyflie_ros2_interfaces/lib/python3.8/site-packages/crazyflie_ros2_interfaces/action/__init__.py
[1.155s] -- Up-to-date: /home/tdeng23/ros2_ws/install/crazyflie_ros2_interfaces/lib/python3.8/site-packages/crazyflie_ros2_interfaces/crazyflie_ros2_interfaces_s__rosidl_typesupport_fastrtps_c.cpython-38-x86_64-linux-gnu.so
[1.155s] -- Up-to-date: /home/tdeng23/ros2_ws/install/crazyflie_ros2_interfaces/lib/python3.8/site-packages/crazyflie_ros2_interfaces/crazyflie_ros2_interfaces_s__rosidl_typesupport_introspection_c.cpython-38-x86_64-linux-gnu.so
[1.155s] -- Up-to-date: /home/tdeng23/ros2_ws/install/crazyflie_ros2_interfaces/lib/python3.8/site-packages/crazyflie_ros2_interfaces/crazyflie_ros2_interfaces_s__rosidl_typesupport_c.cpython-38-x86_64-linux-gnu.so
[1.155s] -- Up-to-date: /home/tdeng23/ros2_ws/install/crazyflie_ros2_interfaces/lib/libcrazyflie_ros2_interfaces__python.so
[1.185s] -- Up-to-date: /home/tdeng23/ros2_ws/install/crazyflie_ros2_interfaces/share/crazyflie_ros2_interfaces/action/MultiRangerScan.idl
[1.185s] -- Up-to-date: /home/tdeng23/ros2_ws/install/crazyflie_ros2_interfaces/share/crazyflie_ros2_interfaces/action/MultiRangerScan.action
[1.185s] -- Up-to-date: /home/tdeng23/ros2_ws/install/crazyflie_ros2_interfaces/share/ament_index/resource_index/package_run_dependencies/crazyflie_ros2_interfaces
[1.185s] -- Up-to-date: /home/tdeng23/ros2_ws/install/crazyflie_ros2_interfaces/share/ament_index/resource_index/parent_prefix_path/crazyflie_ros2_interfaces
[1.185s] -- Up-to-date: /home/tdeng23/ros2_ws/install/crazyflie_ros2_interfaces/share/crazyflie_ros2_interfaces/environment/ament_prefix_path.sh
[1.185s] -- Up-to-date: /home/tdeng23/ros2_ws/install/crazyflie_ros2_interfaces/share/crazyflie_ros2_interfaces/environment/ament_prefix_path.dsv
[1.186s] -- Up-to-date: /home/tdeng23/ros2_ws/install/crazyflie_ros2_interfaces/share/crazyflie_ros2_interfaces/environment/path.sh
[1.186s] -- Up-to-date: /home/tdeng23/ros2_ws/install/crazyflie_ros2_interfaces/share/crazyflie_ros2_interfaces/environment/path.dsv
[1.186s] -- Up-to-date: /home/tdeng23/ros2_ws/install/crazyflie_ros2_interfaces/share/crazyflie_ros2_interfaces/local_setup.bash
[1.186s] -- Up-to-date: /home/tdeng23/ros2_ws/install/crazyflie_ros2_interfaces/share/crazyflie_ros2_interfaces/local_setup.sh
[1.186s] -- Up-to-date: /home/tdeng23/ros2_ws/install/crazyflie_ros2_interfaces/share/crazyflie_ros2_interfaces/local_setup.zsh
[1.186s] -- Up-to-date: /home/tdeng23/ros2_ws/install/crazyflie_ros2_interfaces/share/crazyflie_ros2_interfaces/local_setup.dsv
[1.186s] -- Installing: /home/tdeng23/ros2_ws/install/crazyflie_ros2_interfaces/share/crazyflie_ros2_interfaces/package.dsv
[1.186s] -- Up-to-date: /home/tdeng23/ros2_ws/install/crazyflie_ros2_interfaces/share/ament_index/resource_index/packages/crazyflie_ros2_interfaces
[1.186s] -- Up-to-date: /home/tdeng23/ros2_ws/install/crazyflie_ros2_interfaces/share/crazyflie_ros2_interfaces/cmake/crazyflie_ros2_interfaces__rosidl_generator_cExport.cmake
[1.186s] -- Up-to-date: /home/tdeng23/ros2_ws/install/crazyflie_ros2_interfaces/share/crazyflie_ros2_interfaces/cmake/crazyflie_ros2_interfaces__rosidl_generator_cExport-noconfig.cmake
[1.186s] -- Up-to-date: /home/tdeng23/ros2_ws/install/crazyflie_ros2_interfaces/share/crazyflie_ros2_interfaces/cmake/crazyflie_ros2_interfaces__rosidl_typesupport_introspection_cExport.cmake
[1.187s] -- Up-to-date: /home/tdeng23/ros2_ws/install/crazyflie_ros2_interfaces/share/crazyflie_ros2_interfaces/cmake/crazyflie_ros2_interfaces__rosidl_typesupport_introspection_cExport-noconfig.cmake
[1.187s] -- Up-to-date: /home/tdeng23/ros2_ws/install/crazyflie_ros2_interfaces/share/crazyflie_ros2_interfaces/cmake/crazyflie_ros2_interfaces__rosidl_typesupport_cExport.cmake
[1.187s] -- Up-to-date: /home/tdeng23/ros2_ws/install/crazyflie_ros2_interfaces/share/crazyflie_ros2_interfaces/cmake/crazyflie_ros2_interfaces__rosidl_typesupport_cExport-noconfig.cmake
[1.187s] -- Up-to-date: /home/tdeng23/ros2_ws/install/crazyflie_ros2_interfaces/share/crazyflie_ros2_interfaces/cmake/crazyflie_ros2_interfaces__rosidl_generator_cppExport.cmake
[1.187s] -- Up-to-date: /home/tdeng23/ros2_ws/install/crazyflie_ros2_interfaces/share/crazyflie_ros2_interfaces/cmake/crazyflie_ros2_interfaces__rosidl_typesupport_introspection_cppExport.cmake
[1.187s] -- Up-to-date: /home/tdeng23/ros2_ws/install/crazyflie_ros2_interfaces/share/crazyflie_ros2_interfaces/cmake/crazyflie_ros2_interfaces__rosidl_typesupport_introspection_cppExport-noconfig.cmake
[1.187s] -- Up-to-date: /home/tdeng23/ros2_ws/install/crazyflie_ros2_interfaces/share/crazyflie_ros2_interfaces/cmake/crazyflie_ros2_interfaces__rosidl_typesupport_cppExport.cmake
[1.187s] -- Up-to-date: /home/tdeng23/ros2_ws/install/crazyflie_ros2_interfaces/share/crazyflie_ros2_interfaces/cmake/crazyflie_ros2_interfaces__rosidl_typesupport_cppExport-noconfig.cmake
[1.188s] -- Up-to-date: /home/tdeng23/ros2_ws/install/crazyflie_ros2_interfaces/share/crazyflie_ros2_interfaces/cmake/rosidl_cmake-extras.cmake
[1.188s] -- Up-to-date: /home/tdeng23/ros2_ws/install/crazyflie_ros2_interfaces/share/crazyflie_ros2_interfaces/cmake/ament_cmake_export_dependencies-extras.cmake
[1.188s] -- Up-to-date: /home/tdeng23/ros2_ws/install/crazyflie_ros2_interfaces/share/crazyflie_ros2_interfaces/cmake/ament_cmake_export_libraries-extras.cmake
[1.188s] -- Up-to-date: /home/tdeng23/ros2_ws/install/crazyflie_ros2_interfaces/share/crazyflie_ros2_interfaces/cmake/ament_cmake_export_targets-extras.cmake
[1.188s] -- Up-to-date: /home/tdeng23/ros2_ws/install/crazyflie_ros2_interfaces/share/crazyflie_ros2_interfaces/cmake/ament_cmake_export_include_directories-extras.cmake
[1.188s] -- Up-to-date: /home/tdeng23/ros2_ws/install/crazyflie_ros2_interfaces/share/crazyflie_ros2_interfaces/cmake/rosidl_cmake_export_typesupport_libraries-extras.cmake
[1.188s] -- Up-to-date: /home/tdeng23/ros2_ws/install/crazyflie_ros2_interfaces/share/crazyflie_ros2_interfaces/cmake/rosidl_cmake_export_typesupport_targets-extras.cmake
[1.188s] -- Up-to-date: /home/tdeng23/ros2_ws/install/crazyflie_ros2_interfaces/share/crazyflie_ros2_interfaces/cmake/crazyflie_ros2_interfacesConfig.cmake
[1.188s] -- Up-to-date: /home/tdeng23/ros2_ws/install/crazyflie_ros2_interfaces/share/crazyflie_ros2_interfaces/cmake/crazyflie_ros2_interfacesConfig-version.cmake
[1.188s] -- Up-to-date: /home/tdeng23/ros2_ws/install/crazyflie_ros2_interfaces/share/crazyflie_ros2_interfaces/package.xml
[1.189s] Invoked command in '/home/tdeng23/ros2_ws/build/crazyflie_ros2_interfaces' returned '0': CMAKE_PREFIX_PATH=${CMAKE_PREFIX_PATH}:/home/tdeng23/ros2_ws/install/my_package:/home/tdeng23/ros2_ws/install/crazyflie_simulation:/home/tdeng23/ros2_ws/install/crazyflie_ros2_simulation:/home/tdeng23/ros2_ws/install/crazyflie_ros2_simple_mapper:/home/tdeng23/ros2_ws/install/crazyflie_ros2_scan:/home/tdeng23/ros2_ws/install/crazyflie_ros2:/home/tdeng23/ros2_ws/install/crazyflie_py:/opt/ros/galactic /home/tdeng23/.local/bin/cmake --install /home/tdeng23/ros2_ws/build/crazyflie_ros2_interfaces
