running develop
running egg_info
creating crazyflie_simulation.egg-info
writing crazyflie_simulation.egg-info/PKG-INFO
writing dependency_links to crazyflie_simulation.egg-info/dependency_links.txt
writing entry points to crazyflie_simulation.egg-info/entry_points.txt
writing requirements to crazyflie_simulation.egg-info/requires.txt
writing top-level names to crazyflie_simulation.egg-info/top_level.txt
writing manifest file 'crazyflie_simulation.egg-info/SOURCES.txt'
reading manifest file 'crazyflie_simulation.egg-info/SOURCES.txt'
writing manifest file 'crazyflie_simulation.egg-info/SOURCES.txt'
running build_ext
Creating /home/tdeng23/ros2_ws/src/install/crazyflie_simulation/lib/python3.8/site-packages/site.py
Creating /home/tdeng23/ros2_ws/src/install/crazyflie_simulation/lib/python3.8/site-packages/crazyflie-simulation.egg-link (link to .)
Installing crazyflie_webots_driver script to /home/tdeng23/ros2_ws/src/install/crazyflie_simulation/lib/crazyflie_simulation
Installing supervisor_driver script to /home/tdeng23/ros2_ws/src/install/crazyflie_simulation/lib/crazyflie_simulation

Installed /home/tdeng23/ros2_ws/src/build/crazyflie_simulation
running install_data
copying package.xml -> /home/tdeng23/ros2_ws/src/install/crazyflie_simulation/share/crazyflie_simulation
creating /home/tdeng23/ros2_ws/src/install/crazyflie_simulation/share/crazyflie_simulation/resource
copying resource/supervisor.urdf -> /home/tdeng23/ros2_ws/src/install/crazyflie_simulation/share/crazyflie_simulation/resource/
copying resource/crazyflie.urdf -> /home/tdeng23/ros2_ws/src/install/crazyflie_simulation/share/crazyflie_simulation/resource/
copying resource/crazyflie_simulation -> /home/tdeng23/ros2_ws/src/install/crazyflie_simulation/share/crazyflie_simulation/resource/
creating /home/tdeng23/ros2_ws/src/install/crazyflie_simulation/share/crazyflie_simulation/launch
copying launch/setup.py -> /home/tdeng23/ros2_ws/src/install/crazyflie_simulation/share/crazyflie_simulation/launch/
copying launch/Makefile -> /home/tdeng23/ros2_ws/src/install/crazyflie_simulation/share/crazyflie_simulation/launch/
copying launch/crazyflie_launch.py -> /home/tdeng23/ros2_ws/src/install/crazyflie_simulation/share/crazyflie_simulation/launch/
copying launch/numpy.i -> /home/tdeng23/ros2_ws/src/install/crazyflie_simulation/share/crazyflie_simulation/launch/
copying launch/cffirmware.i -> /home/tdeng23/ros2_ws/src/install/crazyflie_simulation/share/crazyflie_simulation/launch/
copying launch/__init__.py -> /home/tdeng23/ros2_ws/src/install/crazyflie_simulation/share/crazyflie_simulation/launch/
creating /home/tdeng23/ros2_ws/src/install/crazyflie_simulation/share/crazyflie_simulation/worlds
copying worlds/crazyflie_world.wbt -> /home/tdeng23/ros2_ws/src/install/crazyflie_simulation/share/crazyflie_simulation/worlds/
