[ 25%] Built target crazyflieLinkCpp
[ 33%] Built target crazyflie_cpp
[ 38%] Built target teleop
[ 44%] Built target scan
[ 55%] Built target crazyflie_server
[ 55%] Built target listParams
[ 66%] Built target listMemories
[ 66%] Built target reboot
[ 72%] Built target listLogVariables
[ 77%] Built target version
[ 83%] Built target console
[ 88%] Built target battery
[ 94%] Built target log
[100%] Built target setParam
-- Install configuration: ""
-- Up-to-date: /home/nicxe/ros2_ws/install/crazyflie/lib/crazyflie/scan
-- Up-to-date: /home/nicxe/ros2_ws/install/crazyflie/lib/crazyflie/listParams
-- Up-to-date: /home/nicxe/ros2_ws/install/crazyflie/lib/crazyflie/listLogVariables
-- Up-to-date: /home/nicxe/ros2_ws/install/crazyflie/lib/crazyflie/listMemories
-- Up-to-date: /home/nicxe/ros2_ws/install/crazyflie/lib/crazyflie/reboot
-- Up-to-date: /home/nicxe/ros2_ws/install/crazyflie/lib/crazyflie/battery
-- Up-to-date: /home/nicxe/ros2_ws/install/crazyflie/lib/crazyflie/version
-- Up-to-date: /home/nicxe/ros2_ws/install/crazyflie/lib/crazyflie/console
-- Up-to-date: /home/nicxe/ros2_ws/install/crazyflie/lib/crazyflie/log
-- Up-to-date: /home/nicxe/ros2_ws/install/crazyflie/lib/crazyflie/setParam
-- Up-to-date: /home/nicxe/ros2_ws/install/crazyflie/lib/crazyflie/teleop
-- Up-to-date: /home/nicxe/ros2_ws/install/crazyflie/lib/crazyflie/crazyflie_server
-- Up-to-date: /home/nicxe/ros2_ws/install/crazyflie/lib/crazyflie/crazyflie_server.py
-- Up-to-date: /home/nicxe/ros2_ws/install/crazyflie/lib/crazyflie/chooser.py
-- Up-to-date: /home/nicxe/ros2_ws/install/crazyflie/lib/crazyflie/vel_mux.py
-- Up-to-date: /home/nicxe/ros2_ws/install/crazyflie/lib/crazyflie/cfmult.py
-- Up-to-date: /home/nicxe/ros2_ws/install/crazyflie/share/crazyflie//launch
-- Up-to-date: /home/nicxe/ros2_ws/install/crazyflie/share/crazyflie//launch/teleop_launch.py
-- Up-to-date: /home/nicxe/ros2_ws/install/crazyflie/share/crazyflie//launch/launch.py
-- Up-to-date: /home/nicxe/ros2_ws/install/crazyflie/share/crazyflie//launch/launch_teleop2.py
-- Up-to-date: /home/nicxe/ros2_ws/install/crazyflie/share/crazyflie//config
-- Up-to-date: /home/nicxe/ros2_ws/install/crazyflie/share/crazyflie//config/teleop.yaml
-- Up-to-date: /home/nicxe/ros2_ws/install/crazyflie/share/crazyflie//config/motion_capture.yaml
-- Up-to-date: /home/nicxe/ros2_ws/install/crazyflie/share/crazyflie//config/crazyflies.yaml
-- Up-to-date: /home/nicxe/ros2_ws/install/crazyflie/share/crazyflie//config/server.yaml
-- Up-to-date: /home/nicxe/ros2_ws/install/crazyflie/share/crazyflie//config/config.rviz
-- Up-to-date: /home/nicxe/ros2_ws/install/crazyflie/share/ament_index/resource_index/package_run_dependencies/crazyflie
-- Up-to-date: /home/nicxe/ros2_ws/install/crazyflie/share/ament_index/resource_index/parent_prefix_path/crazyflie
-- Up-to-date: /home/nicxe/ros2_ws/install/crazyflie/share/crazyflie/environment/ament_prefix_path.sh
-- Up-to-date: /home/nicxe/ros2_ws/install/crazyflie/share/crazyflie/environment/ament_prefix_path.dsv
-- Up-to-date: /home/nicxe/ros2_ws/install/crazyflie/share/crazyflie/environment/path.sh
-- Up-to-date: /home/nicxe/ros2_ws/install/crazyflie/share/crazyflie/environment/path.dsv
-- Up-to-date: /home/nicxe/ros2_ws/install/crazyflie/share/crazyflie/local_setup.bash
-- Up-to-date: /home/nicxe/ros2_ws/install/crazyflie/share/crazyflie/local_setup.sh
-- Up-to-date: /home/nicxe/ros2_ws/install/crazyflie/share/crazyflie/local_setup.zsh
-- Up-to-date: /home/nicxe/ros2_ws/install/crazyflie/share/crazyflie/local_setup.dsv
-- Installing: /home/nicxe/ros2_ws/install/crazyflie/share/crazyflie/package.dsv
-- Up-to-date: /home/nicxe/ros2_ws/install/crazyflie/share/ament_index/resource_index/packages/crazyflie
-- Up-to-date: /home/nicxe/ros2_ws/install/crazyflie/share/crazyflie/cmake/crazyflieConfig.cmake
-- Up-to-date: /home/nicxe/ros2_ws/install/crazyflie/share/crazyflie/cmake/crazyflieConfig-version.cmake
-- Up-to-date: /home/nicxe/ros2_ws/install/crazyflie/share/crazyflie/package.xml
