[0.276s] Invoking command in '/home/tdeng23/ros2_ws/build/crazyflie': CMAKE_PREFIX_PATH=/home/tdeng23/ros2_ws/install/motion_capture_tracking_interfaces:/home/tdeng23/ros2_ws/install/crazyflie_interfaces:/home/tdeng23/ros2_ws/install/motion_capture_tracking:/home/tdeng23/ros2_ws/install/crazyflie:/home/tdeng23/ros2_ws/install/crazyflie_sim:/home/tdeng23/ros2_ws/install/crazyflie_ros2_slam:/home/tdeng23/ros2_ws/install/crazyflie_ros2_navigation:/home/tdeng23/ros2_ws/install/crazyflie_ros2_interfaces:/home/tdeng23/ros2_ws/install/crazyflie_ros2_description:/home/tdeng23/ros2_ws/install/crazyflie_examples:/home/tdeng23/ros2_ws/install/my_package:/home/tdeng23/ros2_ws/install/crazyflie_simulation:/home/tdeng23/ros2_ws/install/crazyflie_ros2_simulation:/home/tdeng23/ros2_ws/install/crazyflie_ros2_simple_mapper:/home/tdeng23/ros2_ws/install/crazyflie_ros2_scan:/home/tdeng23/ros2_ws/install/crazyflie_ros2:/home/tdeng23/ros2_ws/install/crazyflie_py:/opt/ros/galactic LD_LIBRARY_PATH=/home/tdeng23/ros2_ws/install/motion_capture_tracking_interfaces/lib:/home/tdeng23/ros2_ws/install/crazyflie_interfaces/lib:/home/tdeng23/ros2_ws/install/crazyflie_ros2_interfaces/lib:/opt/ros/galactic/opt/yaml_cpp_vendor/lib:/opt/ros/galactic/opt/rviz_ogre_vendor/lib:/opt/ros/galactic/lib/x86_64-linux-gnu:/opt/ros/galactic/lib PYTHONPATH=/home/tdeng23/ros2_ws/install/motion_capture_tracking_interfaces/lib/python3.8/site-packages:/home/tdeng23/ros2_ws/install/crazyflie_interfaces/lib/python3.8/site-packages:/home/tdeng23/ros2_ws/install/my_package/lib/python3.8/site-packages:/home/tdeng23/ros2_ws/install/crazyflie_simulation/lib/python3.8/site-packages:/home/tdeng23/ros2_ws/install/crazyflie_sim/lib/python3.8/site-packages:/home/tdeng23/ros2_ws/install/crazyflie_ros2_simulation/lib/python3.8/site-packages:/home/tdeng23/ros2_ws/install/crazyflie_ros2_simple_mapper/lib/python3.8/site-packages:/home/tdeng23/ros2_ws/install/crazyflie_ros2_scan/lib/python3.8/site-packages:/home/tdeng23/ros2_ws/install/crazyflie_ros2_interfaces/lib/python3.8/site-packages:/home/tdeng23/ros2_ws/install/crazyflie_ros2/lib/python3.8/site-packages:/home/tdeng23/ros2_ws/install/crazyflie_examples/lib/python3.8/site-packages:/home/tdeng23/ros2_ws/install/crazyflie_py/lib/python3.8/site-packages:/opt/ros/galactic/lib/python3.8/site-packages /home/tdeng23/.local/bin/cmake /home/tdeng23/ros2_ws/src/crazyswarm2/crazyflie -DAMENT_CMAKE_SYMLINK_INSTALL=1 -DCMAKE_INSTALL_PREFIX=/home/tdeng23/ros2_ws/install/crazyflie
[0.333s] -- Found ament_cmake: 1.1.6 (/opt/ros/galactic/share/ament_cmake/cmake)
[0.366s] -- Using PYTHON_EXECUTABLE: /usr/bin/python3
[0.464s] -- Override CMake install command with custom implementation using symlinks instead of copying resources
[0.474s] -- Found rclcpp: 9.2.2 (/opt/ros/galactic/share/rclcpp/cmake)
[0.525s] -- Using all available rosidl_typesupport_c: rosidl_typesupport_fastrtps_c;rosidl_typesupport_introspection_c
[0.529s] -- Found rosidl_adapter: 2.2.3 (/opt/ros/galactic/share/rosidl_adapter/cmake)
[0.667s] -- Using all available rosidl_typesupport_cpp: rosidl_typesupport_fastrtps_cpp;rosidl_typesupport_introspection_cpp
[0.717s] -- Found rmw_implementation_cmake: 3.3.1 (/opt/ros/galactic/share/rmw_implementation_cmake/cmake)
[0.719s] -- Found rmw_cyclonedds_cpp: 0.22.6 (/opt/ros/galactic/share/rmw_cyclonedds_cpp/cmake)
[0.738s] -- Using RMW implementation 'rmw_cyclonedds_cpp' as default
[0.878s] -- Found tf2_ros: 0.17.5 (/opt/ros/galactic/share/tf2_ros/cmake)
[1.258s] -- Found rclpy: 1.9.3 (/opt/ros/galactic/share/rclpy/cmake)
[1.258s] -- Found std_srvs: 2.2.4 (/opt/ros/galactic/share/std_srvs/cmake)
[1.267s] -- Found sensor_msgs: 2.2.4 (/opt/ros/galactic/share/sensor_msgs/cmake)
[1.329s] -- Found crazyflie_interfaces: 2.0.0 (/home/tdeng23/ros2_ws/install/crazyflie_interfaces/share/crazyflie_interfaces/cmake)
[1.392s] -- Found motion_capture_tracking_interfaces: 1.0.0 (/home/tdeng23/ros2_ws/install/motion_capture_tracking_interfaces/share/motion_capture_tracking_interfaces/cmake)
[1.538s] -- Configuring done (1.2s)
[1.589s] -- Generating done (0.0s)
[1.591s] -- Build files have been written to: /home/tdeng23/ros2_ws/build/crazyflie
[1.603s] Invoked command in '/home/tdeng23/ros2_ws/build/crazyflie' returned '0': CMAKE_PREFIX_PATH=/home/tdeng23/ros2_ws/install/motion_capture_tracking_interfaces:/home/tdeng23/ros2_ws/install/crazyflie_interfaces:/home/tdeng23/ros2_ws/install/motion_capture_tracking:/home/tdeng23/ros2_ws/install/crazyflie:/home/tdeng23/ros2_ws/install/crazyflie_sim:/home/tdeng23/ros2_ws/install/crazyflie_ros2_slam:/home/tdeng23/ros2_ws/install/crazyflie_ros2_navigation:/home/tdeng23/ros2_ws/install/crazyflie_ros2_interfaces:/home/tdeng23/ros2_ws/install/crazyflie_ros2_description:/home/tdeng23/ros2_ws/install/crazyflie_examples:/home/tdeng23/ros2_ws/install/my_package:/home/tdeng23/ros2_ws/install/crazyflie_simulation:/home/tdeng23/ros2_ws/install/crazyflie_ros2_simulation:/home/tdeng23/ros2_ws/install/crazyflie_ros2_simple_mapper:/home/tdeng23/ros2_ws/install/crazyflie_ros2_scan:/home/tdeng23/ros2_ws/install/crazyflie_ros2:/home/tdeng23/ros2_ws/install/crazyflie_py:/opt/ros/galactic LD_LIBRARY_PATH=/home/tdeng23/ros2_ws/install/motion_capture_tracking_interfaces/lib:/home/tdeng23/ros2_ws/install/crazyflie_interfaces/lib:/home/tdeng23/ros2_ws/install/crazyflie_ros2_interfaces/lib:/opt/ros/galactic/opt/yaml_cpp_vendor/lib:/opt/ros/galactic/opt/rviz_ogre_vendor/lib:/opt/ros/galactic/lib/x86_64-linux-gnu:/opt/ros/galactic/lib PYTHONPATH=/home/tdeng23/ros2_ws/install/motion_capture_tracking_interfaces/lib/python3.8/site-packages:/home/tdeng23/ros2_ws/install/crazyflie_interfaces/lib/python3.8/site-packages:/home/tdeng23/ros2_ws/install/my_package/lib/python3.8/site-packages:/home/tdeng23/ros2_ws/install/crazyflie_simulation/lib/python3.8/site-packages:/home/tdeng23/ros2_ws/install/crazyflie_sim/lib/python3.8/site-packages:/home/tdeng23/ros2_ws/install/crazyflie_ros2_simulation/lib/python3.8/site-packages:/home/tdeng23/ros2_ws/install/crazyflie_ros2_simple_mapper/lib/python3.8/site-packages:/home/tdeng23/ros2_ws/install/crazyflie_ros2_scan/lib/python3.8/site-packages:/home/tdeng23/ros2_ws/install/crazyflie_ros2_interfaces/lib/python3.8/site-packages:/home/tdeng23/ros2_ws/install/crazyflie_ros2/lib/python3.8/site-packages:/home/tdeng23/ros2_ws/install/crazyflie_examples/lib/python3.8/site-packages:/home/tdeng23/ros2_ws/install/crazyflie_py/lib/python3.8/site-packages:/opt/ros/galactic/lib/python3.8/site-packages /home/tdeng23/.local/bin/cmake /home/tdeng23/ros2_ws/src/crazyswarm2/crazyflie -DAMENT_CMAKE_SYMLINK_INSTALL=1 -DCMAKE_INSTALL_PREFIX=/home/tdeng23/ros2_ws/install/crazyflie
[1.606s] Invoking command in '/home/tdeng23/ros2_ws/build/crazyflie': CMAKE_PREFIX_PATH=/home/tdeng23/ros2_ws/install/motion_capture_tracking_interfaces:/home/tdeng23/ros2_ws/install/crazyflie_interfaces:/home/tdeng23/ros2_ws/install/motion_capture_tracking:/home/tdeng23/ros2_ws/install/crazyflie:/home/tdeng23/ros2_ws/install/crazyflie_sim:/home/tdeng23/ros2_ws/install/crazyflie_ros2_slam:/home/tdeng23/ros2_ws/install/crazyflie_ros2_navigation:/home/tdeng23/ros2_ws/install/crazyflie_ros2_interfaces:/home/tdeng23/ros2_ws/install/crazyflie_ros2_description:/home/tdeng23/ros2_ws/install/crazyflie_examples:/home/tdeng23/ros2_ws/install/my_package:/home/tdeng23/ros2_ws/install/crazyflie_simulation:/home/tdeng23/ros2_ws/install/crazyflie_ros2_simulation:/home/tdeng23/ros2_ws/install/crazyflie_ros2_simple_mapper:/home/tdeng23/ros2_ws/install/crazyflie_ros2_scan:/home/tdeng23/ros2_ws/install/crazyflie_ros2:/home/tdeng23/ros2_ws/install/crazyflie_py:/opt/ros/galactic LD_LIBRARY_PATH=/home/tdeng23/ros2_ws/install/motion_capture_tracking_interfaces/lib:/home/tdeng23/ros2_ws/install/crazyflie_interfaces/lib:/home/tdeng23/ros2_ws/install/crazyflie_ros2_interfaces/lib:/opt/ros/galactic/opt/yaml_cpp_vendor/lib:/opt/ros/galactic/opt/rviz_ogre_vendor/lib:/opt/ros/galactic/lib/x86_64-linux-gnu:/opt/ros/galactic/lib PYTHONPATH=/home/tdeng23/ros2_ws/install/motion_capture_tracking_interfaces/lib/python3.8/site-packages:/home/tdeng23/ros2_ws/install/crazyflie_interfaces/lib/python3.8/site-packages:/home/tdeng23/ros2_ws/install/my_package/lib/python3.8/site-packages:/home/tdeng23/ros2_ws/install/crazyflie_simulation/lib/python3.8/site-packages:/home/tdeng23/ros2_ws/install/crazyflie_sim/lib/python3.8/site-packages:/home/tdeng23/ros2_ws/install/crazyflie_ros2_simulation/lib/python3.8/site-packages:/home/tdeng23/ros2_ws/install/crazyflie_ros2_simple_mapper/lib/python3.8/site-packages:/home/tdeng23/ros2_ws/install/crazyflie_ros2_scan/lib/python3.8/site-packages:/home/tdeng23/ros2_ws/install/crazyflie_ros2_interfaces/lib/python3.8/site-packages:/home/tdeng23/ros2_ws/install/crazyflie_ros2/lib/python3.8/site-packages:/home/tdeng23/ros2_ws/install/crazyflie_examples/lib/python3.8/site-packages:/home/tdeng23/ros2_ws/install/crazyflie_py/lib/python3.8/site-packages:/opt/ros/galactic/lib/python3.8/site-packages /home/tdeng23/.local/bin/cmake --build /home/tdeng23/ros2_ws/build/crazyflie -- -j8 -l8
[1.669s] [ 11%] Built target teleop
[1.669s] [ 30%] Built target crazyflieLinkCpp
[1.680s] [ 38%] Built target crazyflie_cpp
[1.722s] [ 44%] Built target crazyflie_server
[1.725s] [ 50%] Built target listParams
[1.725s] [ 55%] Built target listLogVariables
[1.725s] [ 61%] Built target battery
[1.726s] [ 66%] Built target scan
[1.728s] [ 72%] Built target listMemories
[1.729s] [ 77%] Built target version
[1.731s] [ 83%] Built target reboot
[1.743s] [ 88%] Built target console
[1.751s] [ 94%] Built target log
[1.752s] [100%] Built target setParam
[1.760s] Invoked command in '/home/tdeng23/ros2_ws/build/crazyflie' returned '0': CMAKE_PREFIX_PATH=/home/tdeng23/ros2_ws/install/motion_capture_tracking_interfaces:/home/tdeng23/ros2_ws/install/crazyflie_interfaces:/home/tdeng23/ros2_ws/install/motion_capture_tracking:/home/tdeng23/ros2_ws/install/crazyflie:/home/tdeng23/ros2_ws/install/crazyflie_sim:/home/tdeng23/ros2_ws/install/crazyflie_ros2_slam:/home/tdeng23/ros2_ws/install/crazyflie_ros2_navigation:/home/tdeng23/ros2_ws/install/crazyflie_ros2_interfaces:/home/tdeng23/ros2_ws/install/crazyflie_ros2_description:/home/tdeng23/ros2_ws/install/crazyflie_examples:/home/tdeng23/ros2_ws/install/my_package:/home/tdeng23/ros2_ws/install/crazyflie_simulation:/home/tdeng23/ros2_ws/install/crazyflie_ros2_simulation:/home/tdeng23/ros2_ws/install/crazyflie_ros2_simple_mapper:/home/tdeng23/ros2_ws/install/crazyflie_ros2_scan:/home/tdeng23/ros2_ws/install/crazyflie_ros2:/home/tdeng23/ros2_ws/install/crazyflie_py:/opt/ros/galactic LD_LIBRARY_PATH=/home/tdeng23/ros2_ws/install/motion_capture_tracking_interfaces/lib:/home/tdeng23/ros2_ws/install/crazyflie_interfaces/lib:/home/tdeng23/ros2_ws/install/crazyflie_ros2_interfaces/lib:/opt/ros/galactic/opt/yaml_cpp_vendor/lib:/opt/ros/galactic/opt/rviz_ogre_vendor/lib:/opt/ros/galactic/lib/x86_64-linux-gnu:/opt/ros/galactic/lib PYTHONPATH=/home/tdeng23/ros2_ws/install/motion_capture_tracking_interfaces/lib/python3.8/site-packages:/home/tdeng23/ros2_ws/install/crazyflie_interfaces/lib/python3.8/site-packages:/home/tdeng23/ros2_ws/install/my_package/lib/python3.8/site-packages:/home/tdeng23/ros2_ws/install/crazyflie_simulation/lib/python3.8/site-packages:/home/tdeng23/ros2_ws/install/crazyflie_sim/lib/python3.8/site-packages:/home/tdeng23/ros2_ws/install/crazyflie_ros2_simulation/lib/python3.8/site-packages:/home/tdeng23/ros2_ws/install/crazyflie_ros2_simple_mapper/lib/python3.8/site-packages:/home/tdeng23/ros2_ws/install/crazyflie_ros2_scan/lib/python3.8/site-packages:/home/tdeng23/ros2_ws/install/crazyflie_ros2_interfaces/lib/python3.8/site-packages:/home/tdeng23/ros2_ws/install/crazyflie_ros2/lib/python3.8/site-packages:/home/tdeng23/ros2_ws/install/crazyflie_examples/lib/python3.8/site-packages:/home/tdeng23/ros2_ws/install/crazyflie_py/lib/python3.8/site-packages:/opt/ros/galactic/lib/python3.8/site-packages /home/tdeng23/.local/bin/cmake --build /home/tdeng23/ros2_ws/build/crazyflie -- -j8 -l8
[1.819s] Invoking command in '/home/tdeng23/ros2_ws/build/crazyflie': CMAKE_PREFIX_PATH=/home/tdeng23/ros2_ws/install/motion_capture_tracking_interfaces:/home/tdeng23/ros2_ws/install/crazyflie_interfaces:/home/tdeng23/ros2_ws/install/motion_capture_tracking:/home/tdeng23/ros2_ws/install/crazyflie:/home/tdeng23/ros2_ws/install/crazyflie_sim:/home/tdeng23/ros2_ws/install/crazyflie_ros2_slam:/home/tdeng23/ros2_ws/install/crazyflie_ros2_navigation:/home/tdeng23/ros2_ws/install/crazyflie_ros2_interfaces:/home/tdeng23/ros2_ws/install/crazyflie_ros2_description:/home/tdeng23/ros2_ws/install/crazyflie_examples:/home/tdeng23/ros2_ws/install/my_package:/home/tdeng23/ros2_ws/install/crazyflie_simulation:/home/tdeng23/ros2_ws/install/crazyflie_ros2_simulation:/home/tdeng23/ros2_ws/install/crazyflie_ros2_simple_mapper:/home/tdeng23/ros2_ws/install/crazyflie_ros2_scan:/home/tdeng23/ros2_ws/install/crazyflie_ros2:/home/tdeng23/ros2_ws/install/crazyflie_py:/opt/ros/galactic LD_LIBRARY_PATH=/home/tdeng23/ros2_ws/install/motion_capture_tracking_interfaces/lib:/home/tdeng23/ros2_ws/install/crazyflie_interfaces/lib:/home/tdeng23/ros2_ws/install/crazyflie_ros2_interfaces/lib:/opt/ros/galactic/opt/yaml_cpp_vendor/lib:/opt/ros/galactic/opt/rviz_ogre_vendor/lib:/opt/ros/galactic/lib/x86_64-linux-gnu:/opt/ros/galactic/lib PYTHONPATH=/home/tdeng23/ros2_ws/install/motion_capture_tracking_interfaces/lib/python3.8/site-packages:/home/tdeng23/ros2_ws/install/crazyflie_interfaces/lib/python3.8/site-packages:/home/tdeng23/ros2_ws/install/my_package/lib/python3.8/site-packages:/home/tdeng23/ros2_ws/install/crazyflie_simulation/lib/python3.8/site-packages:/home/tdeng23/ros2_ws/install/crazyflie_sim/lib/python3.8/site-packages:/home/tdeng23/ros2_ws/install/crazyflie_ros2_simulation/lib/python3.8/site-packages:/home/tdeng23/ros2_ws/install/crazyflie_ros2_simple_mapper/lib/python3.8/site-packages:/home/tdeng23/ros2_ws/install/crazyflie_ros2_scan/lib/python3.8/site-packages:/home/tdeng23/ros2_ws/install/crazyflie_ros2_interfaces/lib/python3.8/site-packages:/home/tdeng23/ros2_ws/install/crazyflie_ros2/lib/python3.8/site-packages:/home/tdeng23/ros2_ws/install/crazyflie_examples/lib/python3.8/site-packages:/home/tdeng23/ros2_ws/install/crazyflie_py/lib/python3.8/site-packages:/opt/ros/galactic/lib/python3.8/site-packages /home/tdeng23/.local/bin/cmake --install /home/tdeng23/ros2_ws/build/crazyflie
[1.853s] -- Install configuration: ""
[1.853s] -- Execute custom install script
[1.854s] -- Up-to-date symlink: /home/tdeng23/ros2_ws/install/crazyflie/lib/crazyflie/scan
[1.854s] -- Up-to-date symlink: /home/tdeng23/ros2_ws/install/crazyflie/lib/crazyflie/listParams
[1.854s] -- Up-to-date symlink: /home/tdeng23/ros2_ws/install/crazyflie/lib/crazyflie/listLogVariables
[1.854s] -- Up-to-date symlink: /home/tdeng23/ros2_ws/install/crazyflie/lib/crazyflie/listMemories
[1.855s] -- Up-to-date symlink: /home/tdeng23/ros2_ws/install/crazyflie/lib/crazyflie/reboot
[1.855s] -- Up-to-date symlink: /home/tdeng23/ros2_ws/install/crazyflie/lib/crazyflie/battery
[1.855s] -- Up-to-date symlink: /home/tdeng23/ros2_ws/install/crazyflie/lib/crazyflie/version
[1.855s] -- Up-to-date symlink: /home/tdeng23/ros2_ws/install/crazyflie/lib/crazyflie/console
[1.856s] -- Up-to-date symlink: /home/tdeng23/ros2_ws/install/crazyflie/lib/crazyflie/log
[1.856s] -- Up-to-date symlink: /home/tdeng23/ros2_ws/install/crazyflie/lib/crazyflie/setParam
[1.856s] -- Up-to-date symlink: /home/tdeng23/ros2_ws/install/crazyflie/lib/crazyflie/teleop
[1.856s] -- Up-to-date symlink: /home/tdeng23/ros2_ws/install/crazyflie/lib/crazyflie/crazyflie_server
[1.857s] -- Up-to-date symlink: /home/tdeng23/ros2_ws/install/crazyflie/lib/crazyflie/crazyflie_server.py
[1.857s] -- Up-to-date symlink: /home/tdeng23/ros2_ws/install/crazyflie/lib/crazyflie/chooser.py
[1.857s] -- Up-to-date symlink: /home/tdeng23/ros2_ws/install/crazyflie/lib/crazyflie/vel_mux.py
[1.857s] -- Up-to-date symlink: /home/tdeng23/ros2_ws/install/crazyflie/lib/crazyflie/cfmult.py
[1.858s] -- Up-to-date symlink: /home/tdeng23/ros2_ws/install/crazyflie/share/crazyflie//launch/launch.py
[1.858s] -- Up-to-date symlink: /home/tdeng23/ros2_ws/install/crazyflie/share/crazyflie//launch/launch_teleop2.py
[1.858s] -- Up-to-date symlink: /home/tdeng23/ros2_ws/install/crazyflie/share/crazyflie//launch/teleop_launch.py
[1.859s] -- Up-to-date symlink: /home/tdeng23/ros2_ws/install/crazyflie/share/crazyflie//config/config.rviz
[1.859s] -- Up-to-date symlink: /home/tdeng23/ros2_ws/install/crazyflie/share/crazyflie//config/crazyflies.yaml
[1.860s] -- Up-to-date symlink: /home/tdeng23/ros2_ws/install/crazyflie/share/crazyflie//config/motion_capture.yaml
[1.860s] -- Up-to-date symlink: /home/tdeng23/ros2_ws/install/crazyflie/share/crazyflie//config/server.yaml
[1.860s] -- Up-to-date symlink: /home/tdeng23/ros2_ws/install/crazyflie/share/crazyflie//config/teleop.yaml
[1.860s] -- Up-to-date symlink: /home/tdeng23/ros2_ws/install/crazyflie/share/ament_index/resource_index/package_run_dependencies/crazyflie
[1.861s] -- Up-to-date symlink: /home/tdeng23/ros2_ws/install/crazyflie/share/ament_index/resource_index/parent_prefix_path/crazyflie
[1.861s] -- Up-to-date symlink: /home/tdeng23/ros2_ws/install/crazyflie/share/crazyflie/environment/ament_prefix_path.sh
[1.861s] -- Up-to-date symlink: /home/tdeng23/ros2_ws/install/crazyflie/share/crazyflie/environment/ament_prefix_path.dsv
[1.862s] -- Up-to-date symlink: /home/tdeng23/ros2_ws/install/crazyflie/share/crazyflie/environment/path.sh
[1.862s] -- Up-to-date symlink: /home/tdeng23/ros2_ws/install/crazyflie/share/crazyflie/environment/path.dsv
[1.862s] -- Up-to-date symlink: /home/tdeng23/ros2_ws/install/crazyflie/share/crazyflie/local_setup.bash
[1.862s] -- Up-to-date symlink: /home/tdeng23/ros2_ws/install/crazyflie/share/crazyflie/local_setup.sh
[1.863s] -- Up-to-date symlink: /home/tdeng23/ros2_ws/install/crazyflie/share/crazyflie/local_setup.zsh
[1.863s] -- Up-to-date symlink: /home/tdeng23/ros2_ws/install/crazyflie/share/crazyflie/local_setup.dsv
[1.863s] -- Symlinking: /home/tdeng23/ros2_ws/install/crazyflie/share/crazyflie/package.dsv
[1.866s] -- Up-to-date symlink: /home/tdeng23/ros2_ws/install/crazyflie/share/ament_index/resource_index/packages/crazyflie
[1.866s] -- Up-to-date symlink: /home/tdeng23/ros2_ws/install/crazyflie/share/crazyflie/cmake/crazyflieConfig.cmake
[1.866s] -- Up-to-date symlink: /home/tdeng23/ros2_ws/install/crazyflie/share/crazyflie/cmake/crazyflieConfig-version.cmake
[1.866s] -- Up-to-date symlink: /home/tdeng23/ros2_ws/install/crazyflie/share/crazyflie/package.xml
[1.875s] Invoked command in '/home/tdeng23/ros2_ws/build/crazyflie' returned '0': CMAKE_PREFIX_PATH=/home/tdeng23/ros2_ws/install/motion_capture_tracking_interfaces:/home/tdeng23/ros2_ws/install/crazyflie_interfaces:/home/tdeng23/ros2_ws/install/motion_capture_tracking:/home/tdeng23/ros2_ws/install/crazyflie:/home/tdeng23/ros2_ws/install/crazyflie_sim:/home/tdeng23/ros2_ws/install/crazyflie_ros2_slam:/home/tdeng23/ros2_ws/install/crazyflie_ros2_navigation:/home/tdeng23/ros2_ws/install/crazyflie_ros2_interfaces:/home/tdeng23/ros2_ws/install/crazyflie_ros2_description:/home/tdeng23/ros2_ws/install/crazyflie_examples:/home/tdeng23/ros2_ws/install/my_package:/home/tdeng23/ros2_ws/install/crazyflie_simulation:/home/tdeng23/ros2_ws/install/crazyflie_ros2_simulation:/home/tdeng23/ros2_ws/install/crazyflie_ros2_simple_mapper:/home/tdeng23/ros2_ws/install/crazyflie_ros2_scan:/home/tdeng23/ros2_ws/install/crazyflie_ros2:/home/tdeng23/ros2_ws/install/crazyflie_py:/opt/ros/galactic LD_LIBRARY_PATH=/home/tdeng23/ros2_ws/install/motion_capture_tracking_interfaces/lib:/home/tdeng23/ros2_ws/install/crazyflie_interfaces/lib:/home/tdeng23/ros2_ws/install/crazyflie_ros2_interfaces/lib:/opt/ros/galactic/opt/yaml_cpp_vendor/lib:/opt/ros/galactic/opt/rviz_ogre_vendor/lib:/opt/ros/galactic/lib/x86_64-linux-gnu:/opt/ros/galactic/lib PYTHONPATH=/home/tdeng23/ros2_ws/install/motion_capture_tracking_interfaces/lib/python3.8/site-packages:/home/tdeng23/ros2_ws/install/crazyflie_interfaces/lib/python3.8/site-packages:/home/tdeng23/ros2_ws/install/my_package/lib/python3.8/site-packages:/home/tdeng23/ros2_ws/install/crazyflie_simulation/lib/python3.8/site-packages:/home/tdeng23/ros2_ws/install/crazyflie_sim/lib/python3.8/site-packages:/home/tdeng23/ros2_ws/install/crazyflie_ros2_simulation/lib/python3.8/site-packages:/home/tdeng23/ros2_ws/install/crazyflie_ros2_simple_mapper/lib/python3.8/site-packages:/home/tdeng23/ros2_ws/install/crazyflie_ros2_scan/lib/python3.8/site-packages:/home/tdeng23/ros2_ws/install/crazyflie_ros2_interfaces/lib/python3.8/site-packages:/home/tdeng23/ros2_ws/install/crazyflie_ros2/lib/python3.8/site-packages:/home/tdeng23/ros2_ws/install/crazyflie_examples/lib/python3.8/site-packages:/home/tdeng23/ros2_ws/install/crazyflie_py/lib/python3.8/site-packages:/opt/ros/galactic/lib/python3.8/site-packages /home/tdeng23/.local/bin/cmake --install /home/tdeng23/ros2_ws/build/crazyflie
