[1.107s] Invoking command in '/home/nicxe/ros2_ws/src/crazyswarm2/crazyflie_ros2': PYTHONPATH=/home/nicxe/ros2_ws/build/crazyflie_ros2/prefix_override:/home/nicxe/ros2_ws/install/crazyflie_ros2/lib/python3.8/site-packages:${PYTHONPATH} /usr/bin/python3 setup.py egg_info --egg-base ../../../build/crazyflie_ros2 build --build-base /home/nicxe/ros2_ws/build/crazyflie_ros2/build install --record /home/nicxe/ros2_ws/build/crazyflie_ros2/install.log --single-version-externally-managed
[1.283s] running egg_info
[1.283s] writing ../../../build/crazyflie_ros2/crazyflie_ros2.egg-info/PKG-INFO
[1.283s] writing dependency_links to ../../../build/crazyflie_ros2/crazyflie_ros2.egg-info/dependency_links.txt
[1.283s] writing entry points to ../../../build/crazyflie_ros2/crazyflie_ros2.egg-info/entry_points.txt
[1.284s] writing requirements to ../../../build/crazyflie_ros2/crazyflie_ros2.egg-info/requires.txt
[1.284s] writing top-level names to ../../../build/crazyflie_ros2/crazyflie_ros2.egg-info/top_level.txt
[1.309s] reading manifest file '../../../build/crazyflie_ros2/crazyflie_ros2.egg-info/SOURCES.txt'
[1.310s] writing manifest file '../../../build/crazyflie_ros2/crazyflie_ros2.egg-info/SOURCES.txt'
[1.310s] running build
[1.310s] running build_py
[1.310s] running install
[1.311s] running install_lib
[1.312s] running install_data
[1.312s] running install_egg_info
[1.314s] removing '/home/nicxe/ros2_ws/install/crazyflie_ros2/lib/python3.8/site-packages/crazyflie_ros2-0.0.0-py3.8.egg-info' (and everything under it)
[1.314s] Copying ../../../build/crazyflie_ros2/crazyflie_ros2.egg-info to /home/nicxe/ros2_ws/install/crazyflie_ros2/lib/python3.8/site-packages/crazyflie_ros2-0.0.0-py3.8.egg-info
[1.314s] running install_scripts
[1.329s] Installing crazyflie_publisher script to /home/nicxe/ros2_ws/install/crazyflie_ros2/lib/crazyflie_ros2
[1.330s] writing list of installed files to '/home/nicxe/ros2_ws/build/crazyflie_ros2/install.log'
[1.566s] Invoked command in '/home/nicxe/ros2_ws/src/crazyswarm2/crazyflie_ros2' returned '0': PYTHONPATH=/home/nicxe/ros2_ws/build/crazyflie_ros2/prefix_override:/home/nicxe/ros2_ws/install/crazyflie_ros2/lib/python3.8/site-packages:${PYTHONPATH} /usr/bin/python3 setup.py egg_info --egg-base ../../../build/crazyflie_ros2 build --build-base /home/nicxe/ros2_ws/build/crazyflie_ros2/build install --record /home/nicxe/ros2_ws/build/crazyflie_ros2/install.log --single-version-externally-managed
