[2.913s] Invoking command in '/home/tdeng23/ros2_ws/src/build/my_package': PYTHONPATH=/home/tdeng23/ros2_ws/src/build/my_package/prefix_override:/home/tdeng23/ros2_ws/src/install/my_package/lib/python3.8/site-packages:${PYTHONPATH} /usr/bin/python3 setup.py develop --editable --build-directory /home/tdeng23/ros2_ws/src/build/my_package/build --no-deps install_data
[3.391s] running develop
[3.691s] running egg_info
[3.691s] creating my_package.egg-info
[3.691s] writing my_package.egg-info/PKG-INFO
[3.692s] writing dependency_links to my_package.egg-info/dependency_links.txt
[3.692s] writing entry points to my_package.egg-info/entry_points.txt
[3.692s] writing requirements to my_package.egg-info/requires.txt
[3.693s] writing top-level names to my_package.egg-info/top_level.txt
[3.695s] writing manifest file 'my_package.egg-info/SOURCES.txt'
[3.773s] reading manifest file 'my_package.egg-info/SOURCES.txt'
[3.774s] writing manifest file 'my_package.egg-info/SOURCES.txt'
[3.873s] running build_ext
[3.874s] Creating /home/tdeng23/ros2_ws/src/install/my_package/lib/python3.8/site-packages/site.py
[3.878s] Creating /home/tdeng23/ros2_ws/src/install/my_package/lib/python3.8/site-packages/my-package.egg-link (link to .)
[3.880s] Installing my_robot_driver script to /home/tdeng23/ros2_ws/src/install/my_package/lib/my_package
[3.881s] 
[3.881s] Installed /home/tdeng23/ros2_ws/src/build/my_package
[3.881s] running install_data
[3.882s] creating /home/tdeng23/ros2_ws/src/install/my_package/share/ament_index
[3.882s] creating /home/tdeng23/ros2_ws/src/install/my_package/share/ament_index/resource_index
[3.882s] creating /home/tdeng23/ros2_ws/src/install/my_package/share/ament_index/resource_index/packages
[3.883s] copying resource/my_package -> /home/tdeng23/ros2_ws/src/install/my_package/share/ament_index/resource_index/packages
[3.883s] copying package.xml -> /home/tdeng23/ros2_ws/src/install/my_package/share/my_package
[3.941s] Invoked command in '/home/tdeng23/ros2_ws/src/build/my_package' returned '0': PYTHONPATH=/home/tdeng23/ros2_ws/src/build/my_package/prefix_override:/home/tdeng23/ros2_ws/src/install/my_package/lib/python3.8/site-packages:${PYTHONPATH} /usr/bin/python3 setup.py develop --editable --build-directory /home/tdeng23/ros2_ws/src/build/my_package/build --no-deps install_data
