-- Found ament_cmake: 1.1.6 (/opt/ros/galactic/share/ament_cmake/cmake)
-- Using PYTHON_EXECUTABLE: /usr/bin/python3
-- Override CMake install command with custom implementation using symlinks instead of copying resources
-- Found ament_lint_auto: 0.10.7 (/opt/ros/galactic/share/ament_lint_auto/cmake)
-- Added test 'copyright' to check source files copyright and LICENSE
-- Added test 'flake8' to check Python code syntax and style conventions
-- Added test 'lint_cmake' to check CMake code style
-- Added test 'pep257' to check Python code against some of the style conventions in PEP 257
-- Added test 'xmllint' to check XML markup files
-- Configuring done (0.3s)
-- Generating done (0.0s)
-- Build files have been written to: /home/tdeng23/ros2_ws/build/crazyflie_ros2_slam
-- Install configuration: ""
-- Execute custom install script
-- Symlinking: /home/tdeng23/ros2_ws/install/crazyflie_ros2_slam/share/crazyflie_ros2_slam/launch/slam_toolbox_mapping_real_launch.py
-- Symlinking: /home/tdeng23/ros2_ws/install/crazyflie_ros2_slam/share/crazyflie_ros2_slam/launch/slam_toolbox_mapping_simulation_launch.py
-- Symlinking: /home/tdeng23/ros2_ws/install/crazyflie_ros2_slam/share/crazyflie_ros2_slam/config/mapper_params_online_async.yaml
-- Symlinking: /home/tdeng23/ros2_ws/install/crazyflie_ros2_slam/share/ament_index/resource_index/package_run_dependencies/crazyflie_ros2_slam
-- Symlinking: /home/tdeng23/ros2_ws/install/crazyflie_ros2_slam/share/ament_index/resource_index/parent_prefix_path/crazyflie_ros2_slam
-- Symlinking: /home/tdeng23/ros2_ws/install/crazyflie_ros2_slam/share/crazyflie_ros2_slam/environment/ament_prefix_path.sh
-- Symlinking: /home/tdeng23/ros2_ws/install/crazyflie_ros2_slam/share/crazyflie_ros2_slam/environment/ament_prefix_path.dsv
-- Symlinking: /home/tdeng23/ros2_ws/install/crazyflie_ros2_slam/share/crazyflie_ros2_slam/environment/path.sh
-- Symlinking: /home/tdeng23/ros2_ws/install/crazyflie_ros2_slam/share/crazyflie_ros2_slam/environment/path.dsv
-- Symlinking: /home/tdeng23/ros2_ws/install/crazyflie_ros2_slam/share/crazyflie_ros2_slam/local_setup.bash
-- Symlinking: /home/tdeng23/ros2_ws/install/crazyflie_ros2_slam/share/crazyflie_ros2_slam/local_setup.sh
-- Symlinking: /home/tdeng23/ros2_ws/install/crazyflie_ros2_slam/share/crazyflie_ros2_slam/local_setup.zsh
-- Symlinking: /home/tdeng23/ros2_ws/install/crazyflie_ros2_slam/share/crazyflie_ros2_slam/local_setup.dsv
-- Symlinking: /home/tdeng23/ros2_ws/install/crazyflie_ros2_slam/share/crazyflie_ros2_slam/package.dsv
-- Symlinking: /home/tdeng23/ros2_ws/install/crazyflie_ros2_slam/share/ament_index/resource_index/packages/crazyflie_ros2_slam
-- Symlinking: /home/tdeng23/ros2_ws/install/crazyflie_ros2_slam/share/crazyflie_ros2_slam/cmake/crazyflie_ros2_slamConfig.cmake
-- Symlinking: /home/tdeng23/ros2_ws/install/crazyflie_ros2_slam/share/crazyflie_ros2_slam/cmake/crazyflie_ros2_slamConfig-version.cmake
-- Symlinking: /home/tdeng23/ros2_ws/install/crazyflie_ros2_slam/share/crazyflie_ros2_slam/package.xml
