[0.845s] Invoking command in '/home/nicxe/ros2_ws/src/my_package': PYTHONPATH=/home/nicxe/ros2_ws/build/my_package/prefix_override:/home/nicxe/ros2_ws/install/my_package/lib/python3.8/site-packages:${PYTHONPATH} /usr/bin/python3 setup.py egg_info --egg-base ../../build/my_package build --build-base /home/nicxe/ros2_ws/build/my_package/build install --record /home/nicxe/ros2_ws/build/my_package/install.log --single-version-externally-managed
[1.025s] running egg_info
[1.026s] writing ../../build/my_package/my_package.egg-info/PKG-INFO
[1.028s] writing dependency_links to ../../build/my_package/my_package.egg-info/dependency_links.txt
[1.028s] writing entry points to ../../build/my_package/my_package.egg-info/entry_points.txt
[1.029s] writing requirements to ../../build/my_package/my_package.egg-info/requires.txt
[1.029s] writing top-level names to ../../build/my_package/my_package.egg-info/top_level.txt
[1.051s] reading manifest file '../../build/my_package/my_package.egg-info/SOURCES.txt'
[1.052s] writing manifest file '../../build/my_package/my_package.egg-info/SOURCES.txt'
[1.052s] running build
[1.052s] running build_py
[1.052s] running install
[1.053s] running install_lib
[1.054s] running install_data
[1.055s] running install_egg_info
[1.056s] removing '/home/nicxe/ros2_ws/install/my_package/lib/python3.8/site-packages/my_package-0.0.0-py3.8.egg-info' (and everything under it)
[1.056s] Copying ../../build/my_package/my_package.egg-info to /home/nicxe/ros2_ws/install/my_package/lib/python3.8/site-packages/my_package-0.0.0-py3.8.egg-info
[1.057s] running install_scripts
[1.070s] Installing my_robot_driver script to /home/nicxe/ros2_ws/install/my_package/lib/my_package
[1.070s] writing list of installed files to '/home/nicxe/ros2_ws/build/my_package/install.log'
[1.091s] Invoked command in '/home/nicxe/ros2_ws/src/my_package' returned '0': PYTHONPATH=/home/nicxe/ros2_ws/build/my_package/prefix_override:/home/nicxe/ros2_ws/install/my_package/lib/python3.8/site-packages:${PYTHONPATH} /usr/bin/python3 setup.py egg_info --egg-base ../../build/my_package build --build-base /home/nicxe/ros2_ws/build/my_package/build install --record /home/nicxe/ros2_ws/build/my_package/install.log --single-version-externally-managed
