[0.253s] Invoking command in '/home/tdeng23/ros2_ws/build/crazyflie': AMENT_PREFIX_PATH=/home/tdeng23/ros2_ws/install/motion_capture_tracking_interfaces:/home/tdeng23/ros2_ws/install/crazyflie_interfaces:${AMENT_PREFIX_PATH} CMAKE_PREFIX_PATH=/home/tdeng23/ros2_ws/install/motion_capture_tracking_interfaces:/home/tdeng23/ros2_ws/install/crazyflie_interfaces:/opt/ros/galactic LD_LIBRARY_PATH=/home/tdeng23/ros2_ws/install/motion_capture_tracking_interfaces/lib:/home/tdeng23/ros2_ws/install/crazyflie_interfaces/lib:${LD_LIBRARY_PATH} PYTHONPATH=/home/tdeng23/ros2_ws/install/motion_capture_tracking_interfaces/lib/python3.8/site-packages:/home/tdeng23/ros2_ws/install/crazyflie_interfaces/lib/python3.8/site-packages:${PYTHONPATH} /home/tdeng23/.local/bin/cmake --build /home/tdeng23/ros2_ws/build/crazyflie -- -j8 -l8
[0.336s] [ 25%] Built target crazyflieLinkCpp
[0.353s] [ 30%] Built target teleop
[0.363s] [ 38%] Built target crazyflie_cpp
[0.432s] [ 44%] Built target scan
[0.443s] [ 50%] Built target listLogVariables
[0.448s] [ 55%] Built target listParams
[0.448s] [ 61%] Built target crazyflie_server
[0.456s] [ 66%] Built target reboot
[0.458s] [ 72%] Built target listMemories
[0.467s] [ 77%] Built target battery
[0.492s] [ 83%] Built target version
[0.498s] [ 88%] Built target console
[0.502s] [ 94%] Built target setParam
[0.505s] [100%] Built target log
[0.518s] Invoked command in '/home/tdeng23/ros2_ws/build/crazyflie' returned '0': AMENT_PREFIX_PATH=/home/tdeng23/ros2_ws/install/motion_capture_tracking_interfaces:/home/tdeng23/ros2_ws/install/crazyflie_interfaces:${AMENT_PREFIX_PATH} CMAKE_PREFIX_PATH=/home/tdeng23/ros2_ws/install/motion_capture_tracking_interfaces:/home/tdeng23/ros2_ws/install/crazyflie_interfaces:/opt/ros/galactic LD_LIBRARY_PATH=/home/tdeng23/ros2_ws/install/motion_capture_tracking_interfaces/lib:/home/tdeng23/ros2_ws/install/crazyflie_interfaces/lib:${LD_LIBRARY_PATH} PYTHONPATH=/home/tdeng23/ros2_ws/install/motion_capture_tracking_interfaces/lib/python3.8/site-packages:/home/tdeng23/ros2_ws/install/crazyflie_interfaces/lib/python3.8/site-packages:${PYTHONPATH} /home/tdeng23/.local/bin/cmake --build /home/tdeng23/ros2_ws/build/crazyflie -- -j8 -l8
[0.571s] Invoking command in '/home/tdeng23/ros2_ws/build/crazyflie': AMENT_PREFIX_PATH=/home/tdeng23/ros2_ws/install/motion_capture_tracking_interfaces:/home/tdeng23/ros2_ws/install/crazyflie_interfaces:${AMENT_PREFIX_PATH} CMAKE_PREFIX_PATH=/home/tdeng23/ros2_ws/install/motion_capture_tracking_interfaces:/home/tdeng23/ros2_ws/install/crazyflie_interfaces:/opt/ros/galactic LD_LIBRARY_PATH=/home/tdeng23/ros2_ws/install/motion_capture_tracking_interfaces/lib:/home/tdeng23/ros2_ws/install/crazyflie_interfaces/lib:${LD_LIBRARY_PATH} PYTHONPATH=/home/tdeng23/ros2_ws/install/motion_capture_tracking_interfaces/lib/python3.8/site-packages:/home/tdeng23/ros2_ws/install/crazyflie_interfaces/lib/python3.8/site-packages:${PYTHONPATH} /home/tdeng23/.local/bin/cmake --install /home/tdeng23/ros2_ws/build/crazyflie
[0.598s] -- Install configuration: ""
[0.598s] -- Execute custom install script
[0.599s] -- Up-to-date symlink: /home/tdeng23/ros2_ws/install/crazyflie/lib/crazyflie/scan
[0.599s] -- Up-to-date symlink: /home/tdeng23/ros2_ws/install/crazyflie/lib/crazyflie/listParams
[0.599s] -- Up-to-date symlink: /home/tdeng23/ros2_ws/install/crazyflie/lib/crazyflie/listLogVariables
[0.599s] -- Up-to-date symlink: /home/tdeng23/ros2_ws/install/crazyflie/lib/crazyflie/listMemories
[0.599s] -- Up-to-date symlink: /home/tdeng23/ros2_ws/install/crazyflie/lib/crazyflie/reboot
[0.600s] -- Up-to-date symlink: /home/tdeng23/ros2_ws/install/crazyflie/lib/crazyflie/battery
[0.600s] -- Up-to-date symlink: /home/tdeng23/ros2_ws/install/crazyflie/lib/crazyflie/version
[0.600s] -- Up-to-date symlink: /home/tdeng23/ros2_ws/install/crazyflie/lib/crazyflie/console
[0.600s] -- Up-to-date symlink: /home/tdeng23/ros2_ws/install/crazyflie/lib/crazyflie/log
[0.600s] -- Up-to-date symlink: /home/tdeng23/ros2_ws/install/crazyflie/lib/crazyflie/setParam
[0.600s] -- Up-to-date symlink: /home/tdeng23/ros2_ws/install/crazyflie/lib/crazyflie/teleop
[0.601s] -- Up-to-date symlink: /home/tdeng23/ros2_ws/install/crazyflie/lib/crazyflie/crazyflie_server
[0.601s] -- Up-to-date symlink: /home/tdeng23/ros2_ws/install/crazyflie/lib/crazyflie/crazyflie_server.py
[0.601s] -- Up-to-date symlink: /home/tdeng23/ros2_ws/install/crazyflie/lib/crazyflie/chooser.py
[0.601s] -- Up-to-date symlink: /home/tdeng23/ros2_ws/install/crazyflie/lib/crazyflie/vel_mux.py
[0.601s] -- Up-to-date symlink: /home/tdeng23/ros2_ws/install/crazyflie/lib/crazyflie/cfmult.py
[0.602s] -- Up-to-date symlink: /home/tdeng23/ros2_ws/install/crazyflie/share/crazyflie//launch/launch.py
[0.602s] -- Up-to-date symlink: /home/tdeng23/ros2_ws/install/crazyflie/share/crazyflie//launch/launch_teleop2.py
[0.602s] -- Up-to-date symlink: /home/tdeng23/ros2_ws/install/crazyflie/share/crazyflie//launch/teleop_launch.py
[0.602s] -- Up-to-date symlink: /home/tdeng23/ros2_ws/install/crazyflie/share/crazyflie//config/config.rviz
[0.603s] -- Up-to-date symlink: /home/tdeng23/ros2_ws/install/crazyflie/share/crazyflie//config/crazyflies.yaml
[0.603s] -- Up-to-date symlink: /home/tdeng23/ros2_ws/install/crazyflie/share/crazyflie//config/motion_capture.yaml
[0.603s] -- Up-to-date symlink: /home/tdeng23/ros2_ws/install/crazyflie/share/crazyflie//config/server.yaml
[0.603s] -- Up-to-date symlink: /home/tdeng23/ros2_ws/install/crazyflie/share/crazyflie//config/teleop.yaml
[0.603s] -- Up-to-date symlink: /home/tdeng23/ros2_ws/install/crazyflie/share/ament_index/resource_index/package_run_dependencies/crazyflie
[0.603s] -- Up-to-date symlink: /home/tdeng23/ros2_ws/install/crazyflie/share/ament_index/resource_index/parent_prefix_path/crazyflie
[0.604s] -- Up-to-date symlink: /home/tdeng23/ros2_ws/install/crazyflie/share/crazyflie/environment/ament_prefix_path.sh
[0.604s] -- Up-to-date symlink: /home/tdeng23/ros2_ws/install/crazyflie/share/crazyflie/environment/ament_prefix_path.dsv
[0.604s] -- Up-to-date symlink: /home/tdeng23/ros2_ws/install/crazyflie/share/crazyflie/environment/path.sh
[0.604s] -- Up-to-date symlink: /home/tdeng23/ros2_ws/install/crazyflie/share/crazyflie/environment/path.dsv
[0.604s] -- Up-to-date symlink: /home/tdeng23/ros2_ws/install/crazyflie/share/crazyflie/local_setup.bash
[0.605s] -- Up-to-date symlink: /home/tdeng23/ros2_ws/install/crazyflie/share/crazyflie/local_setup.sh
[0.605s] -- Up-to-date symlink: /home/tdeng23/ros2_ws/install/crazyflie/share/crazyflie/local_setup.zsh
[0.605s] -- Up-to-date symlink: /home/tdeng23/ros2_ws/install/crazyflie/share/crazyflie/local_setup.dsv
[0.605s] -- Symlinking: /home/tdeng23/ros2_ws/install/crazyflie/share/crazyflie/package.dsv
[0.613s] -- Up-to-date symlink: /home/tdeng23/ros2_ws/install/crazyflie/share/ament_index/resource_index/packages/crazyflie
[0.614s] -- Up-to-date symlink: /home/tdeng23/ros2_ws/install/crazyflie/share/crazyflie/cmake/crazyflieConfig.cmake
[0.614s] -- Up-to-date symlink: /home/tdeng23/ros2_ws/install/crazyflie/share/crazyflie/cmake/crazyflieConfig-version.cmake
[0.614s] -- Up-to-date symlink: /home/tdeng23/ros2_ws/install/crazyflie/share/crazyflie/package.xml
[0.621s] Invoked command in '/home/tdeng23/ros2_ws/build/crazyflie' returned '0': AMENT_PREFIX_PATH=/home/tdeng23/ros2_ws/install/motion_capture_tracking_interfaces:/home/tdeng23/ros2_ws/install/crazyflie_interfaces:${AMENT_PREFIX_PATH} CMAKE_PREFIX_PATH=/home/tdeng23/ros2_ws/install/motion_capture_tracking_interfaces:/home/tdeng23/ros2_ws/install/crazyflie_interfaces:/opt/ros/galactic LD_LIBRARY_PATH=/home/tdeng23/ros2_ws/install/motion_capture_tracking_interfaces/lib:/home/tdeng23/ros2_ws/install/crazyflie_interfaces/lib:${LD_LIBRARY_PATH} PYTHONPATH=/home/tdeng23/ros2_ws/install/motion_capture_tracking_interfaces/lib/python3.8/site-packages:/home/tdeng23/ros2_ws/install/crazyflie_interfaces/lib/python3.8/site-packages:${PYTHONPATH} /home/tdeng23/.local/bin/cmake --install /home/tdeng23/ros2_ws/build/crazyflie
