[0.445s] Invoking command in '/home/nicxe/ros2_ws/build/crazyflie_ros2_interfaces': CMAKE_PREFIX_PATH=${CMAKE_PREFIX_PATH}:/home/nicxe/ros2_ws/install/my_package:/home/nicxe/ros2_ws/install/crazyflie_simulation:/home/nicxe/ros2_ws/install/crazyflie_ros2_simulation:/home/nicxe/ros2_ws/install/crazyflie_ros2_simple_mapper:/home/nicxe/ros2_ws/install/crazyflie_ros2_scan:/home/nicxe/ros2_ws/install/crazyflie_ros2:/home/nicxe/ros2_ws/install/crazyflie_py:/opt/ros/galactic /usr/bin/cmake /home/nicxe/ros2_ws/src/crazyswarm2/crazyflie_ros2_interfaces -DCMAKE_INSTALL_PREFIX=/home/nicxe/ros2_ws/install/crazyflie_ros2_interfaces
[0.835s] -- The C compiler identification is GNU 9.4.0
[0.835s] -- The CXX compiler identification is GNU 9.4.0
[0.835s] -- Check for working C compiler: /usr/bin/cc
[0.836s] -- Check for working C compiler: /usr/bin/cc -- works
[0.836s] -- Detecting C compiler ABI info
[0.836s] -- Detecting C compiler ABI info - done
[0.836s] -- Detecting C compile features
[0.836s] -- Detecting C compile features - done
[0.836s] -- Check for working CXX compiler: /usr/bin/c++
[0.836s] -- Check for working CXX compiler: /usr/bin/c++ -- works
[0.836s] -- Detecting CXX compiler ABI info
[0.858s] -- Detecting CXX compiler ABI info - done
[0.867s] -- Detecting CXX compile features
[0.867s] -- Detecting CXX compile features - done
[0.869s] -- Found ament_cmake: 1.1.6 (/opt/ros/galactic/share/ament_cmake/cmake)
[0.888s] -- Found PythonInterp: /usr/bin/python3 (found suitable version "3.8.10", minimum required is "3") 
[0.889s] -- Using PYTHON_EXECUTABLE: /usr/bin/python3
[0.952s] -- Found ament_lint_auto: 0.10.7 (/opt/ros/galactic/share/ament_lint_auto/cmake)
[1.009s] -- Found rosidl_default_generators: 1.1.1 (/opt/ros/galactic/share/rosidl_default_generators/cmake)
[1.013s] -- Using all available rosidl_typesupport_c: rosidl_typesupport_fastrtps_c;rosidl_typesupport_introspection_c
[1.018s] -- Found rosidl_adapter: 2.2.3 (/opt/ros/galactic/share/rosidl_adapter/cmake)
[1.127s] -- Found OpenSSL: /usr/lib/x86_64-linux-gnu/libcrypto.so (found version "1.1.1f")  
[1.186s] -- Found FastRTPS: /opt/ros/galactic/include  
[1.251s] -- Using all available rosidl_typesupport_cpp: rosidl_typesupport_fastrtps_cpp;rosidl_typesupport_introspection_cpp
[1.288s] -- Found PythonInterp: /usr/bin/python3 (found version "3.8.10") 
[1.390s] -- Found ament_cmake_ros: 0.9.2 (/opt/ros/galactic/share/ament_cmake_ros/cmake)
[1.505s] -- Using all available rosidl_typesupport_c: rosidl_typesupport_fastrtps_c;rosidl_typesupport_introspection_c
[1.526s] -- Using all available rosidl_typesupport_cpp: rosidl_typesupport_fastrtps_cpp;rosidl_typesupport_introspection_cpp
[1.552s] -- Found PythonInterp: /usr/bin/python3 (found suitable version "3.8.10", minimum required is "3.5") 
[1.553s] -- Found python_cmake_module: 0.8.1 (/opt/ros/galactic/share/python_cmake_module/cmake)
[1.575s] -- Found PythonLibs: /usr/lib/x86_64-linux-gnu/libpython3.8.so (found suitable version "3.8.10", minimum required is "3.5") 
[1.575s] -- Using PYTHON_EXECUTABLE: /usr/bin/python3
[1.575s] -- Using PYTHON_INCLUDE_DIRS: /usr/include/python3.8
[1.575s] -- Using PYTHON_LIBRARIES: /usr/lib/x86_64-linux-gnu/libpython3.8.so
[1.595s] -- Found PythonExtra: .so  
[1.650s] -- Added test 'copyright' to check source files copyright and LICENSE
[1.652s] -- Added test 'lint_cmake' to check CMake code style
[1.659s] -- Added test 'xmllint' to check XML markup files
[1.659s] -- Configuring done
[1.690s] -- Generating done
[1.692s] -- Build files have been written to: /home/nicxe/ros2_ws/build/crazyflie_ros2_interfaces
[2.049s] Invoked command in '/home/nicxe/ros2_ws/build/crazyflie_ros2_interfaces' returned '0': CMAKE_PREFIX_PATH=${CMAKE_PREFIX_PATH}:/home/nicxe/ros2_ws/install/my_package:/home/nicxe/ros2_ws/install/crazyflie_simulation:/home/nicxe/ros2_ws/install/crazyflie_ros2_simulation:/home/nicxe/ros2_ws/install/crazyflie_ros2_simple_mapper:/home/nicxe/ros2_ws/install/crazyflie_ros2_scan:/home/nicxe/ros2_ws/install/crazyflie_ros2:/home/nicxe/ros2_ws/install/crazyflie_py:/opt/ros/galactic /usr/bin/cmake /home/nicxe/ros2_ws/src/crazyswarm2/crazyflie_ros2_interfaces -DCMAKE_INSTALL_PREFIX=/home/nicxe/ros2_ws/install/crazyflie_ros2_interfaces
[2.050s] Invoking command in '/home/nicxe/ros2_ws/build/crazyflie_ros2_interfaces': CMAKE_PREFIX_PATH=${CMAKE_PREFIX_PATH}:/home/nicxe/ros2_ws/install/my_package:/home/nicxe/ros2_ws/install/crazyflie_simulation:/home/nicxe/ros2_ws/install/crazyflie_ros2_simulation:/home/nicxe/ros2_ws/install/crazyflie_ros2_simple_mapper:/home/nicxe/ros2_ws/install/crazyflie_ros2_scan:/home/nicxe/ros2_ws/install/crazyflie_ros2:/home/nicxe/ros2_ws/install/crazyflie_py:/opt/ros/galactic /usr/bin/cmake --build /home/nicxe/ros2_ws/build/crazyflie_ros2_interfaces -- -j8 -l8
[2.080s] [  3%] [34m[1mGenerating C code for ROS interfaces[0m
[2.112s] [35m[1mScanning dependencies of target crazyflie_ros2_interfaces__cpp[0m
[2.128s] [  6%] [34m[1mGenerating C++ code for ROS interfaces[0m
[2.543s] [35m[1mScanning dependencies of target crazyflie_ros2_interfaces__rosidl_generator_c[0m
[2.564s] [  9%] [32mBuilding C object CMakeFiles/crazyflie_ros2_interfaces__rosidl_generator_c.dir/rosidl_generator_c/crazyflie_ros2_interfaces/action/detail/multi_ranger_scan__functions.c.o[0m
[2.605s] [  9%] Built target crazyflie_ros2_interfaces__cpp
[2.655s] [ 12%] [34m[1mGenerating C++ type support dispatch for ROS interfaces[0m
[2.678s] [ 16%] [34m[1mGenerating C++ type support for eProsima Fast-RTPS[0m
[2.692s] [ 19%] [34m[1mGenerating C++ introspection for ROS interfaces[0m
[2.698s] [ 22%] [32m[1mLinking C shared library libcrazyflie_ros2_interfaces__rosidl_generator_c.so[0m
[2.872s] [ 22%] Built target crazyflie_ros2_interfaces__rosidl_generator_c
[2.943s] [ 25%] [34m[1mGenerating C type support dispatch for ROS interfaces[0m
[2.947s] [ 29%] [34m[1mGenerating C introspection for ROS interfaces[0m
[2.992s] [35m[1mScanning dependencies of target crazyflie_ros2_interfaces__rosidl_typesupport_cpp[0m
[3.053s] [ 32%] [32mBuilding CXX object CMakeFiles/crazyflie_ros2_interfaces__rosidl_typesupport_cpp.dir/rosidl_typesupport_cpp/crazyflie_ros2_interfaces/action/multi_ranger_scan__type_support.cpp.o[0m
[3.267s] [35m[1mScanning dependencies of target crazyflie_ros2_interfaces__rosidl_typesupport_fastrtps_cpp[0m
[3.307s] [ 35%] [32mBuilding CXX object CMakeFiles/crazyflie_ros2_interfaces__rosidl_typesupport_fastrtps_cpp.dir/rosidl_typesupport_fastrtps_cpp/crazyflie_ros2_interfaces/action/detail/dds_fastrtps/multi_ranger_scan__type_support.cpp.o[0m
[3.373s] [35m[1mScanning dependencies of target crazyflie_ros2_interfaces__rosidl_typesupport_c[0m
[3.375s] [35m[1mScanning dependencies of target crazyflie_ros2_interfaces__rosidl_typesupport_introspection_cpp[0m
[3.423s] [ 38%] [32mBuilding CXX object CMakeFiles/crazyflie_ros2_interfaces__rosidl_typesupport_c.dir/rosidl_typesupport_c/crazyflie_ros2_interfaces/action/multi_ranger_scan__type_support.cpp.o[0m
[3.431s] [ 41%] [32mBuilding CXX object CMakeFiles/crazyflie_ros2_interfaces__rosidl_typesupport_introspection_cpp.dir/rosidl_typesupport_introspection_cpp/crazyflie_ros2_interfaces/action/detail/multi_ranger_scan__type_support.cpp.o[0m
[3.473s] [ 45%] [32m[1mLinking CXX shared library libcrazyflie_ros2_interfaces__rosidl_typesupport_c.so[0m
[3.552s] [35m[1mScanning dependencies of target crazyflie_ros2_interfaces__rosidl_typesupport_introspection_c[0m
[3.581s] [ 45%] Built target crazyflie_ros2_interfaces__rosidl_typesupport_c
[3.592s] [ 48%] [32mBuilding C object CMakeFiles/crazyflie_ros2_interfaces__rosidl_typesupport_introspection_c.dir/rosidl_typesupport_introspection_c/crazyflie_ros2_interfaces/action/detail/multi_ranger_scan__type_support.c.o[0m
[3.632s] [ 51%] [32m[1mLinking C shared library libcrazyflie_ros2_interfaces__rosidl_typesupport_introspection_c.so[0m
[3.677s] [ 51%] Built target crazyflie_ros2_interfaces__rosidl_typesupport_introspection_c
[3.798s] [ 54%] [32m[1mLinking CXX shared library libcrazyflie_ros2_interfaces__rosidl_typesupport_cpp.so[0m
[3.830s] [ 54%] Built target crazyflie_ros2_interfaces__rosidl_typesupport_cpp
[3.928s] [ 58%] [32m[1mLinking CXX shared library libcrazyflie_ros2_interfaces__rosidl_typesupport_fastrtps_cpp.so[0m
[3.929s] [ 61%] [32m[1mLinking CXX shared library libcrazyflie_ros2_interfaces__rosidl_typesupport_introspection_cpp.so[0m
[4.036s] [ 61%] Built target crazyflie_ros2_interfaces__rosidl_typesupport_introspection_cpp
[4.054s] [ 61%] Built target crazyflie_ros2_interfaces__rosidl_typesupport_fastrtps_cpp
[4.060s] [ 64%] [34m[1mGenerating C type support for eProsima Fast-RTPS[0m
[4.361s] [35m[1mScanning dependencies of target crazyflie_ros2_interfaces__rosidl_typesupport_fastrtps_c[0m
[4.381s] [ 67%] [32mBuilding CXX object CMakeFiles/crazyflie_ros2_interfaces__rosidl_typesupport_fastrtps_c.dir/rosidl_typesupport_fastrtps_c/crazyflie_ros2_interfaces/action/detail/multi_ranger_scan__type_support_c.cpp.o[0m
[4.823s] [ 70%] [32m[1mLinking CXX shared library libcrazyflie_ros2_interfaces__rosidl_typesupport_fastrtps_c.so[0m
[4.931s] [ 70%] Built target crazyflie_ros2_interfaces__rosidl_typesupport_fastrtps_c
[4.982s] [35m[1mScanning dependencies of target crazyflie_ros2_interfaces[0m
[5.007s] [ 70%] Built target crazyflie_ros2_interfaces
[5.021s] [35m[1mScanning dependencies of target crazyflie_ros2_interfaces__py[0m
[5.030s] [ 74%] [34m[1mGenerating Python code for ROS interfaces[0m
[5.729s] [ 74%] Built target crazyflie_ros2_interfaces__py
[5.755s] [35m[1mScanning dependencies of target crazyflie_ros2_interfaces__python[0m
[5.789s] [ 77%] [32mBuilding C object CMakeFiles/crazyflie_ros2_interfaces__python.dir/rosidl_generator_py/crazyflie_ros2_interfaces/action/_multi_ranger_scan_s.c.o[0m
[5.926s] [ 80%] [32m[1mLinking C shared library rosidl_generator_py/crazyflie_ros2_interfaces/libcrazyflie_ros2_interfaces__python.so[0m
[5.969s] [ 80%] Built target crazyflie_ros2_interfaces__python
[5.979s] [35m[1mScanning dependencies of target crazyflie_ros2_interfaces__rosidl_typesupport_fastrtps_c__pyext[0m
[5.993s] [35m[1mScanning dependencies of target crazyflie_ros2_interfaces__rosidl_typesupport_introspection_c__pyext[0m
[5.997s] [35m[1mScanning dependencies of target crazyflie_ros2_interfaces__rosidl_typesupport_c__pyext[0m
[6.004s] [ 83%] [32mBuilding C object CMakeFiles/crazyflie_ros2_interfaces__rosidl_typesupport_fastrtps_c__pyext.dir/rosidl_generator_py/crazyflie_ros2_interfaces/_crazyflie_ros2_interfaces_s.ep.rosidl_typesupport_fastrtps_c.c.o[0m
[6.031s] [ 87%] [32mBuilding C object CMakeFiles/crazyflie_ros2_interfaces__rosidl_typesupport_introspection_c__pyext.dir/rosidl_generator_py/crazyflie_ros2_interfaces/_crazyflie_ros2_interfaces_s.ep.rosidl_typesupport_introspection_c.c.o[0m
[6.037s] [ 90%] [32mBuilding C object CMakeFiles/crazyflie_ros2_interfaces__rosidl_typesupport_c__pyext.dir/rosidl_generator_py/crazyflie_ros2_interfaces/_crazyflie_ros2_interfaces_s.ep.rosidl_typesupport_c.c.o[0m
[6.145s] [ 93%] [32m[1mLinking C shared library rosidl_generator_py/crazyflie_ros2_interfaces/crazyflie_ros2_interfaces_s__rosidl_typesupport_introspection_c.cpython-38-x86_64-linux-gnu.so[0m
[6.154s] [ 96%] [32m[1mLinking C shared library rosidl_generator_py/crazyflie_ros2_interfaces/crazyflie_ros2_interfaces_s__rosidl_typesupport_c.cpython-38-x86_64-linux-gnu.so[0m
[6.157s] [100%] [32m[1mLinking CXX shared library rosidl_generator_py/crazyflie_ros2_interfaces/crazyflie_ros2_interfaces_s__rosidl_typesupport_fastrtps_c.cpython-38-x86_64-linux-gnu.so[0m
[6.207s] [100%] Built target crazyflie_ros2_interfaces__rosidl_typesupport_c__pyext
[6.251s] [100%] Built target crazyflie_ros2_interfaces__rosidl_typesupport_introspection_c__pyext
[6.256s] [100%] Built target crazyflie_ros2_interfaces__rosidl_typesupport_fastrtps_c__pyext
[6.278s] Invoked command in '/home/nicxe/ros2_ws/build/crazyflie_ros2_interfaces' returned '0': CMAKE_PREFIX_PATH=${CMAKE_PREFIX_PATH}:/home/nicxe/ros2_ws/install/my_package:/home/nicxe/ros2_ws/install/crazyflie_simulation:/home/nicxe/ros2_ws/install/crazyflie_ros2_simulation:/home/nicxe/ros2_ws/install/crazyflie_ros2_simple_mapper:/home/nicxe/ros2_ws/install/crazyflie_ros2_scan:/home/nicxe/ros2_ws/install/crazyflie_ros2:/home/nicxe/ros2_ws/install/crazyflie_py:/opt/ros/galactic /usr/bin/cmake --build /home/nicxe/ros2_ws/build/crazyflie_ros2_interfaces -- -j8 -l8
[6.387s] Invoking command in '/home/nicxe/ros2_ws/build/crazyflie_ros2_interfaces': CMAKE_PREFIX_PATH=${CMAKE_PREFIX_PATH}:/home/nicxe/ros2_ws/install/my_package:/home/nicxe/ros2_ws/install/crazyflie_simulation:/home/nicxe/ros2_ws/install/crazyflie_ros2_simulation:/home/nicxe/ros2_ws/install/crazyflie_ros2_simple_mapper:/home/nicxe/ros2_ws/install/crazyflie_ros2_scan:/home/nicxe/ros2_ws/install/crazyflie_ros2:/home/nicxe/ros2_ws/install/crazyflie_py:/opt/ros/galactic /usr/bin/cmake --install /home/nicxe/ros2_ws/build/crazyflie_ros2_interfaces
[6.399s] -- Install configuration: ""
[6.400s] -- Installing: /home/nicxe/ros2_ws/install/crazyflie_ros2_interfaces/share/ament_index/resource_index/rosidl_interfaces/crazyflie_ros2_interfaces
[6.400s] -- Installing: /home/nicxe/ros2_ws/install/crazyflie_ros2_interfaces/include/crazyflie_ros2_interfaces
[6.400s] -- Installing: /home/nicxe/ros2_ws/install/crazyflie_ros2_interfaces/include/crazyflie_ros2_interfaces/action
[6.400s] -- Installing: /home/nicxe/ros2_ws/install/crazyflie_ros2_interfaces/include/crazyflie_ros2_interfaces/action/detail
[6.400s] -- Installing: /home/nicxe/ros2_ws/install/crazyflie_ros2_interfaces/include/crazyflie_ros2_interfaces/action/detail/multi_ranger_scan__struct.h
[6.401s] -- Installing: /home/nicxe/ros2_ws/install/crazyflie_ros2_interfaces/include/crazyflie_ros2_interfaces/action/detail/multi_ranger_scan__type_support.h
[6.401s] -- Installing: /home/nicxe/ros2_ws/install/crazyflie_ros2_interfaces/include/crazyflie_ros2_interfaces/action/detail/multi_ranger_scan__functions.h
[6.401s] -- Installing: /home/nicxe/ros2_ws/install/crazyflie_ros2_interfaces/include/crazyflie_ros2_interfaces/action/detail/multi_ranger_scan__functions.c
[6.401s] -- Installing: /home/nicxe/ros2_ws/install/crazyflie_ros2_interfaces/include/crazyflie_ros2_interfaces/action/multi_ranger_scan.h
[6.402s] -- Installing: /home/nicxe/ros2_ws/install/crazyflie_ros2_interfaces/include/crazyflie_ros2_interfaces/msg
[6.402s] -- Installing: /home/nicxe/ros2_ws/install/crazyflie_ros2_interfaces/include/crazyflie_ros2_interfaces/msg/rosidl_generator_c__visibility_control.h
[6.402s] -- Installing: /home/nicxe/ros2_ws/install/crazyflie_ros2_interfaces/share/crazyflie_ros2_interfaces/environment/library_path.sh
[6.402s] -- Installing: /home/nicxe/ros2_ws/install/crazyflie_ros2_interfaces/share/crazyflie_ros2_interfaces/environment/library_path.dsv
[6.403s] -- Installing: /home/nicxe/ros2_ws/install/crazyflie_ros2_interfaces/lib/libcrazyflie_ros2_interfaces__rosidl_generator_c.so
[6.403s] -- Set runtime path of "/home/nicxe/ros2_ws/install/crazyflie_ros2_interfaces/lib/libcrazyflie_ros2_interfaces__rosidl_generator_c.so" to ""
[6.403s] -- Up-to-date: /home/nicxe/ros2_ws/install/crazyflie_ros2_interfaces/include/crazyflie_ros2_interfaces
[6.403s] -- Up-to-date: /home/nicxe/ros2_ws/install/crazyflie_ros2_interfaces/include/crazyflie_ros2_interfaces/action
[6.403s] -- Up-to-date: /home/nicxe/ros2_ws/install/crazyflie_ros2_interfaces/include/crazyflie_ros2_interfaces/action/detail
[6.404s] -- Installing: /home/nicxe/ros2_ws/install/crazyflie_ros2_interfaces/include/crazyflie_ros2_interfaces/action/detail/multi_ranger_scan__rosidl_typesupport_fastrtps_c.h
[6.404s] -- Up-to-date: /home/nicxe/ros2_ws/install/crazyflie_ros2_interfaces/include/crazyflie_ros2_interfaces/msg
[6.404s] -- Installing: /home/nicxe/ros2_ws/install/crazyflie_ros2_interfaces/include/crazyflie_ros2_interfaces/msg/rosidl_typesupport_fastrtps_c__visibility_control.h
[6.404s] -- Installing: /home/nicxe/ros2_ws/install/crazyflie_ros2_interfaces/lib/libcrazyflie_ros2_interfaces__rosidl_typesupport_fastrtps_c.so
[6.405s] -- Set runtime path of "/home/nicxe/ros2_ws/install/crazyflie_ros2_interfaces/lib/libcrazyflie_ros2_interfaces__rosidl_typesupport_fastrtps_c.so" to ""
[6.405s] -- Up-to-date: /home/nicxe/ros2_ws/install/crazyflie_ros2_interfaces/include/crazyflie_ros2_interfaces
[6.405s] -- Up-to-date: /home/nicxe/ros2_ws/install/crazyflie_ros2_interfaces/include/crazyflie_ros2_interfaces/action
[6.405s] -- Up-to-date: /home/nicxe/ros2_ws/install/crazyflie_ros2_interfaces/include/crazyflie_ros2_interfaces/action/detail
[6.405s] -- Installing: /home/nicxe/ros2_ws/install/crazyflie_ros2_interfaces/include/crazyflie_ros2_interfaces/action/detail/dds_fastrtps
[6.406s] -- Installing: /home/nicxe/ros2_ws/install/crazyflie_ros2_interfaces/include/crazyflie_ros2_interfaces/action/detail/multi_ranger_scan__rosidl_typesupport_fastrtps_cpp.hpp
[6.406s] -- Up-to-date: /home/nicxe/ros2_ws/install/crazyflie_ros2_interfaces/include/crazyflie_ros2_interfaces/msg
[6.406s] -- Installing: /home/nicxe/ros2_ws/install/crazyflie_ros2_interfaces/include/crazyflie_ros2_interfaces/msg/rosidl_typesupport_fastrtps_cpp__visibility_control.h
[6.406s] -- Installing: /home/nicxe/ros2_ws/install/crazyflie_ros2_interfaces/lib/libcrazyflie_ros2_interfaces__rosidl_typesupport_fastrtps_cpp.so
[6.406s] -- Set runtime path of "/home/nicxe/ros2_ws/install/crazyflie_ros2_interfaces/lib/libcrazyflie_ros2_interfaces__rosidl_typesupport_fastrtps_cpp.so" to ""
[6.407s] -- Up-to-date: /home/nicxe/ros2_ws/install/crazyflie_ros2_interfaces/include/crazyflie_ros2_interfaces
[6.407s] -- Up-to-date: /home/nicxe/ros2_ws/install/crazyflie_ros2_interfaces/include/crazyflie_ros2_interfaces/action
[6.411s] -- Up-to-date: /home/nicxe/ros2_ws/install/crazyflie_ros2_interfaces/include/crazyflie_ros2_interfaces/action/detail
[6.411s] -- Installing: /home/nicxe/ros2_ws/install/crazyflie_ros2_interfaces/include/crazyflie_ros2_interfaces/action/detail/multi_ranger_scan__type_support.c
[6.411s] -- Installing: /home/nicxe/ros2_ws/install/crazyflie_ros2_interfaces/include/crazyflie_ros2_interfaces/action/detail/multi_ranger_scan__rosidl_typesupport_introspection_c.h
[6.411s] -- Up-to-date: /home/nicxe/ros2_ws/install/crazyflie_ros2_interfaces/include/crazyflie_ros2_interfaces/msg
[6.412s] -- Installing: /home/nicxe/ros2_ws/install/crazyflie_ros2_interfaces/include/crazyflie_ros2_interfaces/msg/rosidl_typesupport_introspection_c__visibility_control.h
[6.412s] -- Installing: /home/nicxe/ros2_ws/install/crazyflie_ros2_interfaces/lib/libcrazyflie_ros2_interfaces__rosidl_typesupport_introspection_c.so
[6.412s] -- Set runtime path of "/home/nicxe/ros2_ws/install/crazyflie_ros2_interfaces/lib/libcrazyflie_ros2_interfaces__rosidl_typesupport_introspection_c.so" to ""
[6.412s] -- Installing: /home/nicxe/ros2_ws/install/crazyflie_ros2_interfaces/lib/libcrazyflie_ros2_interfaces__rosidl_typesupport_c.so
[6.413s] -- Set runtime path of "/home/nicxe/ros2_ws/install/crazyflie_ros2_interfaces/lib/libcrazyflie_ros2_interfaces__rosidl_typesupport_c.so" to ""
[6.413s] -- Up-to-date: /home/nicxe/ros2_ws/install/crazyflie_ros2_interfaces/include/crazyflie_ros2_interfaces
[6.413s] -- Up-to-date: /home/nicxe/ros2_ws/install/crazyflie_ros2_interfaces/include/crazyflie_ros2_interfaces/action
[6.413s] -- Up-to-date: /home/nicxe/ros2_ws/install/crazyflie_ros2_interfaces/include/crazyflie_ros2_interfaces/action/detail
[6.413s] -- Installing: /home/nicxe/ros2_ws/install/crazyflie_ros2_interfaces/include/crazyflie_ros2_interfaces/action/detail/multi_ranger_scan__builder.hpp
[6.414s] -- Installing: /home/nicxe/ros2_ws/install/crazyflie_ros2_interfaces/include/crazyflie_ros2_interfaces/action/detail/multi_ranger_scan__struct.hpp
[6.414s] -- Installing: /home/nicxe/ros2_ws/install/crazyflie_ros2_interfaces/include/crazyflie_ros2_interfaces/action/detail/multi_ranger_scan__traits.hpp
[6.414s] -- Installing: /home/nicxe/ros2_ws/install/crazyflie_ros2_interfaces/include/crazyflie_ros2_interfaces/action/multi_ranger_scan.hpp
[6.414s] -- Up-to-date: /home/nicxe/ros2_ws/install/crazyflie_ros2_interfaces/include/crazyflie_ros2_interfaces
[6.414s] -- Up-to-date: /home/nicxe/ros2_ws/install/crazyflie_ros2_interfaces/include/crazyflie_ros2_interfaces/action
[6.415s] -- Up-to-date: /home/nicxe/ros2_ws/install/crazyflie_ros2_interfaces/include/crazyflie_ros2_interfaces/action/detail
[6.415s] -- Installing: /home/nicxe/ros2_ws/install/crazyflie_ros2_interfaces/include/crazyflie_ros2_interfaces/action/detail/multi_ranger_scan__type_support.cpp
[6.415s] -- Installing: /home/nicxe/ros2_ws/install/crazyflie_ros2_interfaces/include/crazyflie_ros2_interfaces/action/detail/multi_ranger_scan__rosidl_typesupport_introspection_cpp.hpp
[6.415s] -- Installing: /home/nicxe/ros2_ws/install/crazyflie_ros2_interfaces/lib/libcrazyflie_ros2_interfaces__rosidl_typesupport_introspection_cpp.so
[6.416s] -- Set runtime path of "/home/nicxe/ros2_ws/install/crazyflie_ros2_interfaces/lib/libcrazyflie_ros2_interfaces__rosidl_typesupport_introspection_cpp.so" to ""
[6.416s] -- Installing: /home/nicxe/ros2_ws/install/crazyflie_ros2_interfaces/lib/libcrazyflie_ros2_interfaces__rosidl_typesupport_cpp.so
[6.416s] -- Set runtime path of "/home/nicxe/ros2_ws/install/crazyflie_ros2_interfaces/lib/libcrazyflie_ros2_interfaces__rosidl_typesupport_cpp.so" to ""
[6.416s] -- Installing: /home/nicxe/ros2_ws/install/crazyflie_ros2_interfaces/share/crazyflie_ros2_interfaces/environment/pythonpath.sh
[6.417s] -- Installing: /home/nicxe/ros2_ws/install/crazyflie_ros2_interfaces/share/crazyflie_ros2_interfaces/environment/pythonpath.dsv
[6.417s] -- Installing: /home/nicxe/ros2_ws/install/crazyflie_ros2_interfaces/lib/python3.8/site-packages/crazyflie_ros2_interfaces/__init__.py
[6.454s] Compiling '/home/nicxe/ros2_ws/install/crazyflie_ros2_interfaces/lib/python3.8/site-packages/crazyflie_ros2_interfaces/__init__.py'...
[6.459s] -- Installing: /home/nicxe/ros2_ws/install/crazyflie_ros2_interfaces/lib/python3.8/site-packages/crazyflie_ros2_interfaces/action
[6.460s] -- Installing: /home/nicxe/ros2_ws/install/crazyflie_ros2_interfaces/lib/python3.8/site-packages/crazyflie_ros2_interfaces/action/_multi_ranger_scan.py
[6.460s] -- Installing: /home/nicxe/ros2_ws/install/crazyflie_ros2_interfaces/lib/python3.8/site-packages/crazyflie_ros2_interfaces/action/_multi_ranger_scan_s.c
[6.460s] -- Installing: /home/nicxe/ros2_ws/install/crazyflie_ros2_interfaces/lib/python3.8/site-packages/crazyflie_ros2_interfaces/action/__init__.py
[6.460s] -- Installing: /home/nicxe/ros2_ws/install/crazyflie_ros2_interfaces/lib/python3.8/site-packages/crazyflie_ros2_interfaces/crazyflie_ros2_interfaces_s__rosidl_typesupport_fastrtps_c.cpython-38-x86_64-linux-gnu.so
[6.460s] -- Set runtime path of "/home/nicxe/ros2_ws/install/crazyflie_ros2_interfaces/lib/python3.8/site-packages/crazyflie_ros2_interfaces/crazyflie_ros2_interfaces_s__rosidl_typesupport_fastrtps_c.cpython-38-x86_64-linux-gnu.so" to ""
[6.460s] -- Installing: /home/nicxe/ros2_ws/install/crazyflie_ros2_interfaces/lib/python3.8/site-packages/crazyflie_ros2_interfaces/crazyflie_ros2_interfaces_s__rosidl_typesupport_introspection_c.cpython-38-x86_64-linux-gnu.so
[6.461s] -- Set runtime path of "/home/nicxe/ros2_ws/install/crazyflie_ros2_interfaces/lib/python3.8/site-packages/crazyflie_ros2_interfaces/crazyflie_ros2_interfaces_s__rosidl_typesupport_introspection_c.cpython-38-x86_64-linux-gnu.so" to ""
[6.461s] -- Installing: /home/nicxe/ros2_ws/install/crazyflie_ros2_interfaces/lib/python3.8/site-packages/crazyflie_ros2_interfaces/crazyflie_ros2_interfaces_s__rosidl_typesupport_c.cpython-38-x86_64-linux-gnu.so
[6.461s] -- Set runtime path of "/home/nicxe/ros2_ws/install/crazyflie_ros2_interfaces/lib/python3.8/site-packages/crazyflie_ros2_interfaces/crazyflie_ros2_interfaces_s__rosidl_typesupport_c.cpython-38-x86_64-linux-gnu.so" to ""
[6.461s] -- Installing: /home/nicxe/ros2_ws/install/crazyflie_ros2_interfaces/lib/libcrazyflie_ros2_interfaces__python.so
[6.462s] -- Set runtime path of "/home/nicxe/ros2_ws/install/crazyflie_ros2_interfaces/lib/libcrazyflie_ros2_interfaces__python.so" to ""
[6.462s] -- Installing: /home/nicxe/ros2_ws/install/crazyflie_ros2_interfaces/share/crazyflie_ros2_interfaces/action/MultiRangerScan.idl
[6.462s] -- Installing: /home/nicxe/ros2_ws/install/crazyflie_ros2_interfaces/share/crazyflie_ros2_interfaces/action/MultiRangerScan.action
[6.462s] -- Installing: /home/nicxe/ros2_ws/install/crazyflie_ros2_interfaces/share/ament_index/resource_index/package_run_dependencies/crazyflie_ros2_interfaces
[6.462s] -- Installing: /home/nicxe/ros2_ws/install/crazyflie_ros2_interfaces/share/ament_index/resource_index/parent_prefix_path/crazyflie_ros2_interfaces
[6.462s] -- Installing: /home/nicxe/ros2_ws/install/crazyflie_ros2_interfaces/share/crazyflie_ros2_interfaces/environment/ament_prefix_path.sh
[6.462s] -- Installing: /home/nicxe/ros2_ws/install/crazyflie_ros2_interfaces/share/crazyflie_ros2_interfaces/environment/ament_prefix_path.dsv
[6.462s] -- Installing: /home/nicxe/ros2_ws/install/crazyflie_ros2_interfaces/share/crazyflie_ros2_interfaces/environment/path.sh
[6.462s] -- Installing: /home/nicxe/ros2_ws/install/crazyflie_ros2_interfaces/share/crazyflie_ros2_interfaces/environment/path.dsv
[6.462s] -- Installing: /home/nicxe/ros2_ws/install/crazyflie_ros2_interfaces/share/crazyflie_ros2_interfaces/local_setup.bash
[6.462s] -- Installing: /home/nicxe/ros2_ws/install/crazyflie_ros2_interfaces/share/crazyflie_ros2_interfaces/local_setup.sh
[6.462s] -- Installing: /home/nicxe/ros2_ws/install/crazyflie_ros2_interfaces/share/crazyflie_ros2_interfaces/local_setup.zsh
[6.463s] -- Installing: /home/nicxe/ros2_ws/install/crazyflie_ros2_interfaces/share/crazyflie_ros2_interfaces/local_setup.dsv
[6.463s] -- Installing: /home/nicxe/ros2_ws/install/crazyflie_ros2_interfaces/share/crazyflie_ros2_interfaces/package.dsv
[6.463s] -- Installing: /home/nicxe/ros2_ws/install/crazyflie_ros2_interfaces/share/ament_index/resource_index/packages/crazyflie_ros2_interfaces
[6.465s] -- Installing: /home/nicxe/ros2_ws/install/crazyflie_ros2_interfaces/share/crazyflie_ros2_interfaces/cmake/crazyflie_ros2_interfaces__rosidl_generator_cExport.cmake
[6.465s] -- Installing: /home/nicxe/ros2_ws/install/crazyflie_ros2_interfaces/share/crazyflie_ros2_interfaces/cmake/crazyflie_ros2_interfaces__rosidl_generator_cExport-noconfig.cmake
[6.465s] -- Installing: /home/nicxe/ros2_ws/install/crazyflie_ros2_interfaces/share/crazyflie_ros2_interfaces/cmake/crazyflie_ros2_interfaces__rosidl_typesupport_introspection_cExport.cmake
[6.465s] -- Installing: /home/nicxe/ros2_ws/install/crazyflie_ros2_interfaces/share/crazyflie_ros2_interfaces/cmake/crazyflie_ros2_interfaces__rosidl_typesupport_introspection_cExport-noconfig.cmake
[6.465s] -- Installing: /home/nicxe/ros2_ws/install/crazyflie_ros2_interfaces/share/crazyflie_ros2_interfaces/cmake/crazyflie_ros2_interfaces__rosidl_typesupport_cExport.cmake
[6.465s] -- Installing: /home/nicxe/ros2_ws/install/crazyflie_ros2_interfaces/share/crazyflie_ros2_interfaces/cmake/crazyflie_ros2_interfaces__rosidl_typesupport_cExport-noconfig.cmake
[6.465s] -- Installing: /home/nicxe/ros2_ws/install/crazyflie_ros2_interfaces/share/crazyflie_ros2_interfaces/cmake/crazyflie_ros2_interfaces__rosidl_generator_cppExport.cmake
[6.465s] -- Installing: /home/nicxe/ros2_ws/install/crazyflie_ros2_interfaces/share/crazyflie_ros2_interfaces/cmake/crazyflie_ros2_interfaces__rosidl_typesupport_introspection_cppExport.cmake
[6.465s] -- Installing: /home/nicxe/ros2_ws/install/crazyflie_ros2_interfaces/share/crazyflie_ros2_interfaces/cmake/crazyflie_ros2_interfaces__rosidl_typesupport_introspection_cppExport-noconfig.cmake
[6.466s] -- Installing: /home/nicxe/ros2_ws/install/crazyflie_ros2_interfaces/share/crazyflie_ros2_interfaces/cmake/crazyflie_ros2_interfaces__rosidl_typesupport_cppExport.cmake
[6.466s] -- Installing: /home/nicxe/ros2_ws/install/crazyflie_ros2_interfaces/share/crazyflie_ros2_interfaces/cmake/crazyflie_ros2_interfaces__rosidl_typesupport_cppExport-noconfig.cmake
[6.466s] -- Installing: /home/nicxe/ros2_ws/install/crazyflie_ros2_interfaces/share/crazyflie_ros2_interfaces/cmake/rosidl_cmake-extras.cmake
[6.466s] -- Installing: /home/nicxe/ros2_ws/install/crazyflie_ros2_interfaces/share/crazyflie_ros2_interfaces/cmake/ament_cmake_export_dependencies-extras.cmake
[6.466s] -- Installing: /home/nicxe/ros2_ws/install/crazyflie_ros2_interfaces/share/crazyflie_ros2_interfaces/cmake/ament_cmake_export_libraries-extras.cmake
[6.466s] -- Installing: /home/nicxe/ros2_ws/install/crazyflie_ros2_interfaces/share/crazyflie_ros2_interfaces/cmake/ament_cmake_export_targets-extras.cmake
[6.466s] -- Installing: /home/nicxe/ros2_ws/install/crazyflie_ros2_interfaces/share/crazyflie_ros2_interfaces/cmake/ament_cmake_export_include_directories-extras.cmake
[6.466s] -- Installing: /home/nicxe/ros2_ws/install/crazyflie_ros2_interfaces/share/crazyflie_ros2_interfaces/cmake/rosidl_cmake_export_typesupport_libraries-extras.cmake
[6.466s] -- Installing: /home/nicxe/ros2_ws/install/crazyflie_ros2_interfaces/share/crazyflie_ros2_interfaces/cmake/rosidl_cmake_export_typesupport_targets-extras.cmake
[6.466s] -- Installing: /home/nicxe/ros2_ws/install/crazyflie_ros2_interfaces/share/crazyflie_ros2_interfaces/cmake/crazyflie_ros2_interfacesConfig.cmake
[6.466s] -- Installing: /home/nicxe/ros2_ws/install/crazyflie_ros2_interfaces/share/crazyflie_ros2_interfaces/cmake/crazyflie_ros2_interfacesConfig-version.cmake
[6.466s] -- Installing: /home/nicxe/ros2_ws/install/crazyflie_ros2_interfaces/share/crazyflie_ros2_interfaces/package.xml
[6.468s] Invoked command in '/home/nicxe/ros2_ws/build/crazyflie_ros2_interfaces' returned '0': CMAKE_PREFIX_PATH=${CMAKE_PREFIX_PATH}:/home/nicxe/ros2_ws/install/my_package:/home/nicxe/ros2_ws/install/crazyflie_simulation:/home/nicxe/ros2_ws/install/crazyflie_ros2_simulation:/home/nicxe/ros2_ws/install/crazyflie_ros2_simple_mapper:/home/nicxe/ros2_ws/install/crazyflie_ros2_scan:/home/nicxe/ros2_ws/install/crazyflie_ros2:/home/nicxe/ros2_ws/install/crazyflie_py:/opt/ros/galactic /usr/bin/cmake --install /home/nicxe/ros2_ws/build/crazyflie_ros2_interfaces
