-- Found ament_cmake: 1.1.6 (/opt/ros/galactic/share/ament_cmake/cmake)
-- Using PYTHON_EXECUTABLE: /usr/bin/python3
-- Override CMake install command with custom implementation using symlinks instead of copying resources
-- Found rclcpp: 9.2.2 (/opt/ros/galactic/share/rclcpp/cmake)
-- Using all available rosidl_typesupport_c: rosidl_typesupport_fastrtps_c;rosidl_typesupport_introspection_c
-- Found rosidl_adapter: 2.2.3 (/opt/ros/galactic/share/rosidl_adapter/cmake)
-- Using all available rosidl_typesupport_cpp: rosidl_typesupport_fastrtps_cpp;rosidl_typesupport_introspection_cpp
-- Found rmw_implementation_cmake: 3.3.1 (/opt/ros/galactic/share/rmw_implementation_cmake/cmake)
-- Found rmw_cyclonedds_cpp: 0.22.6 (/opt/ros/galactic/share/rmw_cyclonedds_cpp/cmake)
-- Using RMW implementation 'rmw_cyclonedds_cpp' as default
-- Found tf2_ros: 0.17.5 (/opt/ros/galactic/share/tf2_ros/cmake)
-- Found rclpy: 1.9.3 (/opt/ros/galactic/share/rclpy/cmake)
-- Found std_srvs: 2.2.4 (/opt/ros/galactic/share/std_srvs/cmake)
-- Found sensor_msgs: 2.2.4 (/opt/ros/galactic/share/sensor_msgs/cmake)
-- Found crazyflie_interfaces: 2.0.0 (/home/tdeng23/ros2_ws/install/crazyflie_interfaces/share/crazyflie_interfaces/cmake)
-- Found motion_capture_tracking_interfaces: 1.0.0 (/home/tdeng23/ros2_ws/install/motion_capture_tracking_interfaces/share/motion_capture_tracking_interfaces/cmake)
-- Configuring done
-- Generating done
-- Build files have been written to: /home/tdeng23/ros2_ws/build/crazyflie
[ 25%] Built target crazyflieLinkCpp
[ 30%] Built target teleop
[ 38%] Built target crazyflie_cpp
[ 44%] Built target listLogVariables
[ 50%] Built target scan
[ 61%] Built target listMemories
[ 61%] Built target battery
[ 66%] Built target reboot
[ 72%] Built target version
[ 77%] Built target listParams
[ 83%] Built target crazyflie_server
[ 88%] Built target console
[ 94%] Built target setParam
[100%] Built target log
-- Install configuration: ""
-- Execute custom install script
-- Up-to-date symlink: /home/tdeng23/ros2_ws/install/crazyflie/lib/crazyflie/scan
-- Up-to-date symlink: /home/tdeng23/ros2_ws/install/crazyflie/lib/crazyflie/listParams
-- Up-to-date symlink: /home/tdeng23/ros2_ws/install/crazyflie/lib/crazyflie/listLogVariables
-- Up-to-date symlink: /home/tdeng23/ros2_ws/install/crazyflie/lib/crazyflie/listMemories
-- Up-to-date symlink: /home/tdeng23/ros2_ws/install/crazyflie/lib/crazyflie/reboot
-- Up-to-date symlink: /home/tdeng23/ros2_ws/install/crazyflie/lib/crazyflie/battery
-- Up-to-date symlink: /home/tdeng23/ros2_ws/install/crazyflie/lib/crazyflie/version
-- Up-to-date symlink: /home/tdeng23/ros2_ws/install/crazyflie/lib/crazyflie/console
-- Up-to-date symlink: /home/tdeng23/ros2_ws/install/crazyflie/lib/crazyflie/log
-- Up-to-date symlink: /home/tdeng23/ros2_ws/install/crazyflie/lib/crazyflie/setParam
-- Up-to-date symlink: /home/tdeng23/ros2_ws/install/crazyflie/lib/crazyflie/teleop
-- Up-to-date symlink: /home/tdeng23/ros2_ws/install/crazyflie/lib/crazyflie/crazyflie_server
-- Up-to-date symlink: /home/tdeng23/ros2_ws/install/crazyflie/lib/crazyflie/crazyflie_server.py
-- Up-to-date symlink: /home/tdeng23/ros2_ws/install/crazyflie/lib/crazyflie/chooser.py
-- Up-to-date symlink: /home/tdeng23/ros2_ws/install/crazyflie/lib/crazyflie/vel_mux.py
-- Up-to-date symlink: /home/tdeng23/ros2_ws/install/crazyflie/lib/crazyflie/cfmult.py
-- Up-to-date symlink: /home/tdeng23/ros2_ws/install/crazyflie/share/crazyflie//launch/launch.py
-- Up-to-date symlink: /home/tdeng23/ros2_ws/install/crazyflie/share/crazyflie//launch/launch_teleop2.py
-- Up-to-date symlink: /home/tdeng23/ros2_ws/install/crazyflie/share/crazyflie//launch/teleop_launch.py
-- Up-to-date symlink: /home/tdeng23/ros2_ws/install/crazyflie/share/crazyflie//config/config.rviz
-- Up-to-date symlink: /home/tdeng23/ros2_ws/install/crazyflie/share/crazyflie//config/crazyflies.yaml
-- Up-to-date symlink: /home/tdeng23/ros2_ws/install/crazyflie/share/crazyflie//config/motion_capture.yaml
-- Up-to-date symlink: /home/tdeng23/ros2_ws/install/crazyflie/share/crazyflie//config/server.yaml
-- Up-to-date symlink: /home/tdeng23/ros2_ws/install/crazyflie/share/crazyflie//config/teleop.yaml
-- Up-to-date symlink: /home/tdeng23/ros2_ws/install/crazyflie/share/ament_index/resource_index/package_run_dependencies/crazyflie
-- Up-to-date symlink: /home/tdeng23/ros2_ws/install/crazyflie/share/ament_index/resource_index/parent_prefix_path/crazyflie
-- Up-to-date symlink: /home/tdeng23/ros2_ws/install/crazyflie/share/crazyflie/environment/ament_prefix_path.sh
-- Up-to-date symlink: /home/tdeng23/ros2_ws/install/crazyflie/share/crazyflie/environment/ament_prefix_path.dsv
-- Up-to-date symlink: /home/tdeng23/ros2_ws/install/crazyflie/share/crazyflie/environment/path.sh
-- Up-to-date symlink: /home/tdeng23/ros2_ws/install/crazyflie/share/crazyflie/environment/path.dsv
-- Up-to-date symlink: /home/tdeng23/ros2_ws/install/crazyflie/share/crazyflie/local_setup.bash
-- Up-to-date symlink: /home/tdeng23/ros2_ws/install/crazyflie/share/crazyflie/local_setup.sh
-- Up-to-date symlink: /home/tdeng23/ros2_ws/install/crazyflie/share/crazyflie/local_setup.zsh
-- Up-to-date symlink: /home/tdeng23/ros2_ws/install/crazyflie/share/crazyflie/local_setup.dsv
-- Symlinking: /home/tdeng23/ros2_ws/install/crazyflie/share/crazyflie/package.dsv
-- Up-to-date symlink: /home/tdeng23/ros2_ws/install/crazyflie/share/ament_index/resource_index/packages/crazyflie
-- Up-to-date symlink: /home/tdeng23/ros2_ws/install/crazyflie/share/crazyflie/cmake/crazyflieConfig.cmake
-- Up-to-date symlink: /home/tdeng23/ros2_ws/install/crazyflie/share/crazyflie/cmake/crazyflieConfig-version.cmake
-- Up-to-date symlink: /home/tdeng23/ros2_ws/install/crazyflie/share/crazyflie/package.xml
