[0.859s] Invoking command in '/home/nicxe/ros2_ws/src/my_package': PYTHONPATH=/home/nicxe/ros2_ws/build/my_package/prefix_override:/home/nicxe/ros2_ws/install/my_package/lib/python3.8/site-packages:${PYTHONPATH} /usr/bin/python3 setup.py egg_info --egg-base ../../build/my_package build --build-base /home/nicxe/ros2_ws/build/my_package/build install --record /home/nicxe/ros2_ws/build/my_package/install.log --single-version-externally-managed
[1.048s] running egg_info
[1.049s] writing ../../build/my_package/my_package.egg-info/PKG-INFO
[1.049s] writing dependency_links to ../../build/my_package/my_package.egg-info/dependency_links.txt
[1.049s] writing entry points to ../../build/my_package/my_package.egg-info/entry_points.txt
[1.049s] writing requirements to ../../build/my_package/my_package.egg-info/requires.txt
[1.049s] writing top-level names to ../../build/my_package/my_package.egg-info/top_level.txt
[1.076s] reading manifest file '../../build/my_package/my_package.egg-info/SOURCES.txt'
[1.077s] writing manifest file '../../build/my_package/my_package.egg-info/SOURCES.txt'
[1.077s] running build
[1.077s] running build_py
[1.077s] running install
[1.078s] running install_lib
[1.079s] running install_data
[1.080s] running install_egg_info
[1.081s] removing '/home/nicxe/ros2_ws/install/my_package/lib/python3.8/site-packages/my_package-0.0.0-py3.8.egg-info' (and everything under it)
[1.081s] Copying ../../build/my_package/my_package.egg-info to /home/nicxe/ros2_ws/install/my_package/lib/python3.8/site-packages/my_package-0.0.0-py3.8.egg-info
[1.082s] running install_scripts
[1.097s] Installing my_robot_driver script to /home/nicxe/ros2_ws/install/my_package/lib/my_package
[1.098s] writing list of installed files to '/home/nicxe/ros2_ws/build/my_package/install.log'
[1.121s] Invoked command in '/home/nicxe/ros2_ws/src/my_package' returned '0': PYTHONPATH=/home/nicxe/ros2_ws/build/my_package/prefix_override:/home/nicxe/ros2_ws/install/my_package/lib/python3.8/site-packages:${PYTHONPATH} /usr/bin/python3 setup.py egg_info --egg-base ../../build/my_package build --build-base /home/nicxe/ros2_ws/build/my_package/build install --record /home/nicxe/ros2_ws/build/my_package/install.log --single-version-externally-managed
