[1.701s] Invoking command in '/home/tdeng23/ros2_ws/src/crazyswarm2/crazyflie_ros2_scan': PYTHONPATH=/home/tdeng23/ros2_ws/src/crazyswarm2/build/crazyflie_ros2_scan/prefix_override:/home/tdeng23/ros2_ws/src/crazyswarm2/install/crazyflie_ros2_scan/lib/python3.8/site-packages:${PYTHONPATH} /usr/bin/python3 setup.py egg_info --egg-base ../build/crazyflie_ros2_scan build --build-base /home/tdeng23/ros2_ws/src/crazyswarm2/build/crazyflie_ros2_scan/build install --record /home/tdeng23/ros2_ws/src/crazyswarm2/build/crazyflie_ros2_scan/install.log --single-version-externally-managed
[2.071s] running egg_info
[2.072s] creating ../build/crazyflie_ros2_scan/crazyflie_ros2_scan.egg-info
[2.072s] writing ../build/crazyflie_ros2_scan/crazyflie_ros2_scan.egg-info/PKG-INFO
[2.072s] writing dependency_links to ../build/crazyflie_ros2_scan/crazyflie_ros2_scan.egg-info/dependency_links.txt
[2.072s] writing entry points to ../build/crazyflie_ros2_scan/crazyflie_ros2_scan.egg-info/entry_points.txt
[2.072s] writing requirements to ../build/crazyflie_ros2_scan/crazyflie_ros2_scan.egg-info/requires.txt
[2.073s] writing top-level names to ../build/crazyflie_ros2_scan/crazyflie_ros2_scan.egg-info/top_level.txt
[2.074s] writing manifest file '../build/crazyflie_ros2_scan/crazyflie_ros2_scan.egg-info/SOURCES.txt'
[2.135s] reading manifest file '../build/crazyflie_ros2_scan/crazyflie_ros2_scan.egg-info/SOURCES.txt'
[2.136s] writing manifest file '../build/crazyflie_ros2_scan/crazyflie_ros2_scan.egg-info/SOURCES.txt'
[2.136s] running build
[2.137s] running build_py
[2.137s] creating /home/tdeng23/ros2_ws/src/crazyswarm2/build/crazyflie_ros2_scan/build
[2.137s] creating /home/tdeng23/ros2_ws/src/crazyswarm2/build/crazyflie_ros2_scan/build/lib
[2.137s] creating /home/tdeng23/ros2_ws/src/crazyswarm2/build/crazyflie_ros2_scan/build/lib/crazyflie_ros2_scan
[2.137s] copying crazyflie_ros2_scan/range_to_lidar.py -> /home/tdeng23/ros2_ws/src/crazyswarm2/build/crazyflie_ros2_scan/build/lib/crazyflie_ros2_scan
[2.137s] copying crazyflie_ros2_scan/__init__.py -> /home/tdeng23/ros2_ws/src/crazyswarm2/build/crazyflie_ros2_scan/build/lib/crazyflie_ros2_scan
[2.138s] running install
[2.139s] running install_lib
[2.141s] creating /home/tdeng23/ros2_ws/src/crazyswarm2/install/crazyflie_ros2_scan/lib/python3.8/site-packages/crazyflie_ros2_scan
[2.141s] copying /home/tdeng23/ros2_ws/src/crazyswarm2/build/crazyflie_ros2_scan/build/lib/crazyflie_ros2_scan/range_to_lidar.py -> /home/tdeng23/ros2_ws/src/crazyswarm2/install/crazyflie_ros2_scan/lib/python3.8/site-packages/crazyflie_ros2_scan
[2.141s] copying /home/tdeng23/ros2_ws/src/crazyswarm2/build/crazyflie_ros2_scan/build/lib/crazyflie_ros2_scan/__init__.py -> /home/tdeng23/ros2_ws/src/crazyswarm2/install/crazyflie_ros2_scan/lib/python3.8/site-packages/crazyflie_ros2_scan
[2.142s] byte-compiling /home/tdeng23/ros2_ws/src/crazyswarm2/install/crazyflie_ros2_scan/lib/python3.8/site-packages/crazyflie_ros2_scan/range_to_lidar.py to range_to_lidar.cpython-38.pyc
[2.145s] byte-compiling /home/tdeng23/ros2_ws/src/crazyswarm2/install/crazyflie_ros2_scan/lib/python3.8/site-packages/crazyflie_ros2_scan/__init__.py to __init__.cpython-38.pyc
[2.145s] running install_data
[2.146s] creating /home/tdeng23/ros2_ws/src/crazyswarm2/install/crazyflie_ros2_scan/share/ament_index
[2.146s] creating /home/tdeng23/ros2_ws/src/crazyswarm2/install/crazyflie_ros2_scan/share/ament_index/resource_index
[2.146s] creating /home/tdeng23/ros2_ws/src/crazyswarm2/install/crazyflie_ros2_scan/share/ament_index/resource_index/packages
[2.147s] copying resource/crazyflie_ros2_scan -> /home/tdeng23/ros2_ws/src/crazyswarm2/install/crazyflie_ros2_scan/share/ament_index/resource_index/packages
[2.147s] copying package.xml -> /home/tdeng23/ros2_ws/src/crazyswarm2/install/crazyflie_ros2_scan/share/crazyflie_ros2_scan
[2.147s] running install_egg_info
[2.149s] Copying ../build/crazyflie_ros2_scan/crazyflie_ros2_scan.egg-info to /home/tdeng23/ros2_ws/src/crazyswarm2/install/crazyflie_ros2_scan/lib/python3.8/site-packages/crazyflie_ros2_scan-0.0.0-py3.8.egg-info
[2.150s] running install_scripts
[2.181s] Installing range_to_lidar script to /home/tdeng23/ros2_ws/src/crazyswarm2/install/crazyflie_ros2_scan/lib/crazyflie_ros2_scan
[2.181s] writing list of installed files to '/home/tdeng23/ros2_ws/src/crazyswarm2/build/crazyflie_ros2_scan/install.log'
[2.237s] Invoked command in '/home/tdeng23/ros2_ws/src/crazyswarm2/crazyflie_ros2_scan' returned '0': PYTHONPATH=/home/tdeng23/ros2_ws/src/crazyswarm2/build/crazyflie_ros2_scan/prefix_override:/home/tdeng23/ros2_ws/src/crazyswarm2/install/crazyflie_ros2_scan/lib/python3.8/site-packages:${PYTHONPATH} /usr/bin/python3 setup.py egg_info --egg-base ../build/crazyflie_ros2_scan build --build-base /home/tdeng23/ros2_ws/src/crazyswarm2/build/crazyflie_ros2_scan/build install --record /home/tdeng23/ros2_ws/src/crazyswarm2/build/crazyflie_ros2_scan/install.log --single-version-externally-managed
