[0.244s] Invoking command in '/home/nicxe/ros2_ws/build/crazyflie_sim': CMAKE_PREFIX_PATH=/home/nicxe/ros2_ws/install/crazyflie_interfaces:/home/nicxe/ros2_ws/install/motion_capture_tracking:/home/nicxe/ros2_ws/install/crazyflie:/home/nicxe/ros2_ws/install/motion_capture_tracking_interfaces:/home/nicxe/ros2_ws/install/crazyflie_sim:/home/nicxe/ros2_ws/install/crazyflie_ros2_slam:/home/nicxe/ros2_ws/install/crazyflie_ros2_navigation:/home/nicxe/ros2_ws/install/crazyflie_ros2_interfaces:/home/nicxe/ros2_ws/install/crazyflie_ros2_description:/home/nicxe/ros2_ws/install/crazyflie_examples:/home/nicxe/ros2_ws/install/my_package:/home/nicxe/ros2_ws/install/crazyflie_simulation:/home/nicxe/ros2_ws/install/crazyflie_ros2_simulation:/home/nicxe/ros2_ws/install/crazyflie_ros2_simple_mapper:/home/nicxe/ros2_ws/install/crazyflie_ros2_scan:/home/nicxe/ros2_ws/install/crazyflie_ros2:/home/nicxe/ros2_ws/install/crazyflie_py:/opt/ros/galactic LD_LIBRARY_PATH=/home/nicxe/ros2_ws/install/crazyflie_interfaces/lib:/home/nicxe/ros2_ws/install/motion_capture_tracking_interfaces/lib:/home/nicxe/ros2_ws/install/crazyflie_ros2_interfaces/lib:/opt/ros/galactic/opt/yaml_cpp_vendor/lib:/opt/ros/galactic/opt/rviz_ogre_vendor/lib:/opt/ros/galactic/lib/x86_64-linux-gnu:/opt/ros/galactic/lib:/usr/local/webots/lib/controller PYTHONPATH=/home/nicxe/ros2_ws/install/crazyflie_interfaces/lib/python3.8/site-packages:/home/nicxe/CS_SITP/crazyfliefirmware/build:/home/nicxe/CS_SITP/crazyflie-firmware/build:/home/nicxe/ros2_ws/install/my_package/lib/python3.8/site-packages:/home/nicxe/ros2_ws/install/motion_capture_tracking_interfaces/lib/python3.8/site-packages:/home/nicxe/ros2_ws/install/crazyflie_simulation/lib/python3.8/site-packages:/home/nicxe/ros2_ws/install/crazyflie_sim/lib/python3.8/site-packages:/home/nicxe/ros2_ws/install/crazyflie_ros2_simulation/lib/python3.8/site-packages:/home/nicxe/ros2_ws/install/crazyflie_ros2_simple_mapper/lib/python3.8/site-packages:/home/nicxe/ros2_ws/install/crazyflie_ros2_scan/lib/python3.8/site-packages:/home/nicxe/ros2_ws/install/crazyflie_ros2_interfaces/lib/python3.8/site-packages:/home/nicxe/ros2_ws/install/crazyflie_ros2/lib/python3.8/site-packages:/home/nicxe/ros2_ws/install/crazyflie_examples/lib/python3.8/site-packages:/home/nicxe/ros2_ws/install/crazyflie_py/lib/python3.8/site-packages:/opt/ros/galactic/lib/python3.8/site-packages:/usr/local/webots/lib/controller/python38:/usr/local/webots/lib/controller/python /usr/bin/cmake --build /home/nicxe/ros2_ws/build/crazyflie_sim -- -j8 -l8
[0.290s] Built target ament_cmake_python_copy_crazyflie_sim_setup
[0.295s] Built target ament_cmake_python_copy_crazyflie_sim
[0.504s] running install_scripts
[0.509s] running egg_info
[0.509s] writing crazyflie_sim.egg-info/PKG-INFO
[0.509s] writing dependency_links to crazyflie_sim.egg-info/dependency_links.txt
[0.509s] writing entry points to crazyflie_sim.egg-info/entry_points.txt
[0.509s] writing top-level names to crazyflie_sim.egg-info/top_level.txt
[0.530s] running egg_info
[0.530s] writing crazyflie_sim.egg-info/PKG-INFO
[0.531s] writing dependency_links to crazyflie_sim.egg-info/dependency_links.txt
[0.531s] writing entry points to crazyflie_sim.egg-info/entry_points.txt
[0.531s] writing top-level names to crazyflie_sim.egg-info/top_level.txt
[0.535s] reading manifest file 'crazyflie_sim.egg-info/SOURCES.txt'
[0.536s] writing manifest file 'crazyflie_sim.egg-info/SOURCES.txt'
[0.556s] reading manifest file 'crazyflie_sim.egg-info/SOURCES.txt'
[0.557s] writing manifest file 'crazyflie_sim.egg-info/SOURCES.txt'
[0.559s] Installing crazyflie_server script to scripts
[0.570s] Built target ament_cmake_python_build_crazyflie_sim_egg
[0.595s] Built target ament_cmake_python_build_crazyflie_sim_scripts
[0.604s] Invoked command in '/home/nicxe/ros2_ws/build/crazyflie_sim' returned '0': CMAKE_PREFIX_PATH=/home/nicxe/ros2_ws/install/crazyflie_interfaces:/home/nicxe/ros2_ws/install/motion_capture_tracking:/home/nicxe/ros2_ws/install/crazyflie:/home/nicxe/ros2_ws/install/motion_capture_tracking_interfaces:/home/nicxe/ros2_ws/install/crazyflie_sim:/home/nicxe/ros2_ws/install/crazyflie_ros2_slam:/home/nicxe/ros2_ws/install/crazyflie_ros2_navigation:/home/nicxe/ros2_ws/install/crazyflie_ros2_interfaces:/home/nicxe/ros2_ws/install/crazyflie_ros2_description:/home/nicxe/ros2_ws/install/crazyflie_examples:/home/nicxe/ros2_ws/install/my_package:/home/nicxe/ros2_ws/install/crazyflie_simulation:/home/nicxe/ros2_ws/install/crazyflie_ros2_simulation:/home/nicxe/ros2_ws/install/crazyflie_ros2_simple_mapper:/home/nicxe/ros2_ws/install/crazyflie_ros2_scan:/home/nicxe/ros2_ws/install/crazyflie_ros2:/home/nicxe/ros2_ws/install/crazyflie_py:/opt/ros/galactic LD_LIBRARY_PATH=/home/nicxe/ros2_ws/install/crazyflie_interfaces/lib:/home/nicxe/ros2_ws/install/motion_capture_tracking_interfaces/lib:/home/nicxe/ros2_ws/install/crazyflie_ros2_interfaces/lib:/opt/ros/galactic/opt/yaml_cpp_vendor/lib:/opt/ros/galactic/opt/rviz_ogre_vendor/lib:/opt/ros/galactic/lib/x86_64-linux-gnu:/opt/ros/galactic/lib:/usr/local/webots/lib/controller PYTHONPATH=/home/nicxe/ros2_ws/install/crazyflie_interfaces/lib/python3.8/site-packages:/home/nicxe/CS_SITP/crazyfliefirmware/build:/home/nicxe/CS_SITP/crazyflie-firmware/build:/home/nicxe/ros2_ws/install/my_package/lib/python3.8/site-packages:/home/nicxe/ros2_ws/install/motion_capture_tracking_interfaces/lib/python3.8/site-packages:/home/nicxe/ros2_ws/install/crazyflie_simulation/lib/python3.8/site-packages:/home/nicxe/ros2_ws/install/crazyflie_sim/lib/python3.8/site-packages:/home/nicxe/ros2_ws/install/crazyflie_ros2_simulation/lib/python3.8/site-packages:/home/nicxe/ros2_ws/install/crazyflie_ros2_simple_mapper/lib/python3.8/site-packages:/home/nicxe/ros2_ws/install/crazyflie_ros2_scan/lib/python3.8/site-packages:/home/nicxe/ros2_ws/install/crazyflie_ros2_interfaces/lib/python3.8/site-packages:/home/nicxe/ros2_ws/install/crazyflie_ros2/lib/python3.8/site-packages:/home/nicxe/ros2_ws/install/crazyflie_examples/lib/python3.8/site-packages:/home/nicxe/ros2_ws/install/crazyflie_py/lib/python3.8/site-packages:/opt/ros/galactic/lib/python3.8/site-packages:/usr/local/webots/lib/controller/python38:/usr/local/webots/lib/controller/python /usr/bin/cmake --build /home/nicxe/ros2_ws/build/crazyflie_sim -- -j8 -l8
[0.621s] Invoking command in '/home/nicxe/ros2_ws/build/crazyflie_sim': CMAKE_PREFIX_PATH=/home/nicxe/ros2_ws/install/crazyflie_interfaces:/home/nicxe/ros2_ws/install/motion_capture_tracking:/home/nicxe/ros2_ws/install/crazyflie:/home/nicxe/ros2_ws/install/motion_capture_tracking_interfaces:/home/nicxe/ros2_ws/install/crazyflie_sim:/home/nicxe/ros2_ws/install/crazyflie_ros2_slam:/home/nicxe/ros2_ws/install/crazyflie_ros2_navigation:/home/nicxe/ros2_ws/install/crazyflie_ros2_interfaces:/home/nicxe/ros2_ws/install/crazyflie_ros2_description:/home/nicxe/ros2_ws/install/crazyflie_examples:/home/nicxe/ros2_ws/install/my_package:/home/nicxe/ros2_ws/install/crazyflie_simulation:/home/nicxe/ros2_ws/install/crazyflie_ros2_simulation:/home/nicxe/ros2_ws/install/crazyflie_ros2_simple_mapper:/home/nicxe/ros2_ws/install/crazyflie_ros2_scan:/home/nicxe/ros2_ws/install/crazyflie_ros2:/home/nicxe/ros2_ws/install/crazyflie_py:/opt/ros/galactic LD_LIBRARY_PATH=/home/nicxe/ros2_ws/install/crazyflie_interfaces/lib:/home/nicxe/ros2_ws/install/motion_capture_tracking_interfaces/lib:/home/nicxe/ros2_ws/install/crazyflie_ros2_interfaces/lib:/opt/ros/galactic/opt/yaml_cpp_vendor/lib:/opt/ros/galactic/opt/rviz_ogre_vendor/lib:/opt/ros/galactic/lib/x86_64-linux-gnu:/opt/ros/galactic/lib:/usr/local/webots/lib/controller PYTHONPATH=/home/nicxe/ros2_ws/install/crazyflie_interfaces/lib/python3.8/site-packages:/home/nicxe/CS_SITP/crazyfliefirmware/build:/home/nicxe/CS_SITP/crazyflie-firmware/build:/home/nicxe/ros2_ws/install/my_package/lib/python3.8/site-packages:/home/nicxe/ros2_ws/install/motion_capture_tracking_interfaces/lib/python3.8/site-packages:/home/nicxe/ros2_ws/install/crazyflie_simulation/lib/python3.8/site-packages:/home/nicxe/ros2_ws/install/crazyflie_sim/lib/python3.8/site-packages:/home/nicxe/ros2_ws/install/crazyflie_ros2_simulation/lib/python3.8/site-packages:/home/nicxe/ros2_ws/install/crazyflie_ros2_simple_mapper/lib/python3.8/site-packages:/home/nicxe/ros2_ws/install/crazyflie_ros2_scan/lib/python3.8/site-packages:/home/nicxe/ros2_ws/install/crazyflie_ros2_interfaces/lib/python3.8/site-packages:/home/nicxe/ros2_ws/install/crazyflie_ros2/lib/python3.8/site-packages:/home/nicxe/ros2_ws/install/crazyflie_examples/lib/python3.8/site-packages:/home/nicxe/ros2_ws/install/crazyflie_py/lib/python3.8/site-packages:/opt/ros/galactic/lib/python3.8/site-packages:/usr/local/webots/lib/controller/python38:/usr/local/webots/lib/controller/python /usr/bin/cmake --install /home/nicxe/ros2_ws/build/crazyflie_sim
[0.628s] -- Install configuration: ""
[0.629s] -- Up-to-date: /home/nicxe/ros2_ws/install/crazyflie_sim/share/crazyflie_sim/environment/pythonpath.sh
[0.629s] -- Up-to-date: /home/nicxe/ros2_ws/install/crazyflie_sim/share/crazyflie_sim/environment/pythonpath.dsv
[0.629s] -- Up-to-date: /home/nicxe/ros2_ws/install/crazyflie_sim/lib/python3.8/site-packages//crazyflie_sim.egg-info
[0.629s] -- Installing: /home/nicxe/ros2_ws/install/crazyflie_sim/lib/python3.8/site-packages//crazyflie_sim.egg-info/top_level.txt
[0.629s] -- Installing: /home/nicxe/ros2_ws/install/crazyflie_sim/lib/python3.8/site-packages//crazyflie_sim.egg-info/PKG-INFO
[0.629s] -- Installing: /home/nicxe/ros2_ws/install/crazyflie_sim/lib/python3.8/site-packages//crazyflie_sim.egg-info/entry_points.txt
[0.629s] -- Installing: /home/nicxe/ros2_ws/install/crazyflie_sim/lib/python3.8/site-packages//crazyflie_sim.egg-info/dependency_links.txt
[0.629s] -- Installing: /home/nicxe/ros2_ws/install/crazyflie_sim/lib/python3.8/site-packages//crazyflie_sim.egg-info/SOURCES.txt
[0.629s] -- Up-to-date: /home/nicxe/ros2_ws/install/crazyflie_sim/lib/crazyflie_sim/
[0.629s] -- Installing: /home/nicxe/ros2_ws/install/crazyflie_sim/lib/crazyflie_sim//crazyflie_server
[0.629s] -- Up-to-date: /home/nicxe/ros2_ws/install/crazyflie_sim/lib/python3.8/site-packages/crazyflie_sim
[0.629s] -- Up-to-date: /home/nicxe/ros2_ws/install/crazyflie_sim/lib/python3.8/site-packages/crazyflie_sim/sim_data_types.py
[0.629s] -- Up-to-date: /home/nicxe/ros2_ws/install/crazyflie_sim/lib/python3.8/site-packages/crazyflie_sim/crazyflie_sil.py
[0.629s] -- Up-to-date: /home/nicxe/ros2_ws/install/crazyflie_sim/lib/python3.8/site-packages/crazyflie_sim/visualization
[0.630s] -- Up-to-date: /home/nicxe/ros2_ws/install/crazyflie_sim/lib/python3.8/site-packages/crazyflie_sim/visualization/README.md
[0.630s] -- Up-to-date: /home/nicxe/ros2_ws/install/crazyflie_sim/lib/python3.8/site-packages/crazyflie_sim/visualization/data
[0.630s] -- Up-to-date: /home/nicxe/ros2_ws/install/crazyflie_sim/lib/python3.8/site-packages/crazyflie_sim/visualization/data/README.md
[0.630s] -- Up-to-date: /home/nicxe/ros2_ws/install/crazyflie_sim/lib/python3.8/site-packages/crazyflie_sim/visualization/data/env
[0.630s] -- Up-to-date: /home/nicxe/ros2_ws/install/crazyflie_sim/lib/python3.8/site-packages/crazyflie_sim/visualization/data/env/lago_disola.jpg
[0.630s] -- Up-to-date: /home/nicxe/ros2_ws/install/crazyflie_sim/lib/python3.8/site-packages/crazyflie_sim/visualization/data/env/museumplein.jpg
[0.630s] -- Up-to-date: /home/nicxe/ros2_ws/install/crazyflie_sim/lib/python3.8/site-packages/crazyflie_sim/visualization/data/env/aviation_museum.jpg
[0.630s] -- Up-to-date: /home/nicxe/ros2_ws/install/crazyflie_sim/lib/python3.8/site-packages/crazyflie_sim/visualization/data/env/aerodynamics_workshop.jpg
[0.630s] -- Up-to-date: /home/nicxe/ros2_ws/install/crazyflie_sim/lib/python3.8/site-packages/crazyflie_sim/visualization/data/env/env.jpg
[0.630s] -- Up-to-date: /home/nicxe/ros2_ws/install/crazyflie_sim/lib/python3.8/site-packages/crazyflie_sim/visualization/data/env/crosswalk.jpg
[0.630s] -- Up-to-date: /home/nicxe/ros2_ws/install/crazyflie_sim/lib/python3.8/site-packages/crazyflie_sim/visualization/data/env/peppermint_powerplant.jpg
[0.630s] -- Up-to-date: /home/nicxe/ros2_ws/install/crazyflie_sim/lib/python3.8/site-packages/crazyflie_sim/visualization/data/env/machine_shop.jpg
[0.630s] -- Up-to-date: /home/nicxe/ros2_ws/install/crazyflie_sim/lib/python3.8/site-packages/crazyflie_sim/visualization/data/env/lake_pier.jpg
[0.630s] -- Up-to-date: /home/nicxe/ros2_ws/install/crazyflie_sim/lib/python3.8/site-packages/crazyflie_sim/visualization/data/env/abandoned_greenhouse.jpg
[0.630s] -- Up-to-date: /home/nicxe/ros2_ws/install/crazyflie_sim/lib/python3.8/site-packages/crazyflie_sim/visualization/data/env/derelict_overpass.jpg
[0.630s] -- Up-to-date: /home/nicxe/ros2_ws/install/crazyflie_sim/lib/python3.8/site-packages/crazyflie_sim/visualization/data/env/studio_garden.jpg
[0.630s] -- Up-to-date: /home/nicxe/ros2_ws/install/crazyflie_sim/lib/python3.8/site-packages/crazyflie_sim/visualization/data/model
[0.630s] -- Up-to-date: /home/nicxe/ros2_ws/install/crazyflie_sim/lib/python3.8/site-packages/crazyflie_sim/visualization/data/model/cf.obj
[0.630s] -- Up-to-date: /home/nicxe/ros2_ws/install/crazyflie_sim/lib/python3.8/site-packages/crazyflie_sim/visualization/data/model/cf.mtl
[0.630s] -- Up-to-date: /home/nicxe/ros2_ws/install/crazyflie_sim/lib/python3.8/site-packages/crazyflie_sim/visualization/pdf.py
[0.630s] -- Up-to-date: /home/nicxe/ros2_ws/install/crazyflie_sim/lib/python3.8/site-packages/crazyflie_sim/visualization/blender.py
[0.631s] -- Up-to-date: /home/nicxe/ros2_ws/install/crazyflie_sim/lib/python3.8/site-packages/crazyflie_sim/visualization/record_states.py
[0.631s] -- Up-to-date: /home/nicxe/ros2_ws/install/crazyflie_sim/lib/python3.8/site-packages/crazyflie_sim/visualization/rviz.py
[0.631s] -- Up-to-date: /home/nicxe/ros2_ws/install/crazyflie_sim/lib/python3.8/site-packages/crazyflie_sim/__init__.py
[0.631s] -- Up-to-date: /home/nicxe/ros2_ws/install/crazyflie_sim/lib/python3.8/site-packages/crazyflie_sim/backend
[0.631s] -- Up-to-date: /home/nicxe/ros2_ws/install/crazyflie_sim/lib/python3.8/site-packages/crazyflie_sim/backend/none.py
[0.631s] -- Up-to-date: /home/nicxe/ros2_ws/install/crazyflie_sim/lib/python3.8/site-packages/crazyflie_sim/backend/np.py
[0.631s] -- Up-to-date: /home/nicxe/ros2_ws/install/crazyflie_sim/lib/python3.8/site-packages/crazyflie_sim/crazyflie_server.py
[0.654s] Listing '/home/nicxe/ros2_ws/install/crazyflie_sim/lib/python3.8/site-packages/crazyflie_sim'...
[0.654s] Listing '/home/nicxe/ros2_ws/install/crazyflie_sim/lib/python3.8/site-packages/crazyflie_sim/backend'...
[0.654s] Listing '/home/nicxe/ros2_ws/install/crazyflie_sim/lib/python3.8/site-packages/crazyflie_sim/visualization'...
[0.655s] Listing '/home/nicxe/ros2_ws/install/crazyflie_sim/lib/python3.8/site-packages/crazyflie_sim/visualization/data'...
[0.655s] Listing '/home/nicxe/ros2_ws/install/crazyflie_sim/lib/python3.8/site-packages/crazyflie_sim/visualization/data/env'...
[0.655s] Listing '/home/nicxe/ros2_ws/install/crazyflie_sim/lib/python3.8/site-packages/crazyflie_sim/visualization/data/model'...
[0.657s] -- Up-to-date: /home/nicxe/ros2_ws/install/crazyflie_sim/share/ament_index/resource_index/package_run_dependencies/crazyflie_sim
[0.657s] -- Up-to-date: /home/nicxe/ros2_ws/install/crazyflie_sim/share/ament_index/resource_index/parent_prefix_path/crazyflie_sim
[0.657s] -- Up-to-date: /home/nicxe/ros2_ws/install/crazyflie_sim/share/crazyflie_sim/environment/ament_prefix_path.sh
[0.657s] -- Up-to-date: /home/nicxe/ros2_ws/install/crazyflie_sim/share/crazyflie_sim/environment/ament_prefix_path.dsv
[0.658s] -- Up-to-date: /home/nicxe/ros2_ws/install/crazyflie_sim/share/crazyflie_sim/environment/path.sh
[0.658s] -- Up-to-date: /home/nicxe/ros2_ws/install/crazyflie_sim/share/crazyflie_sim/environment/path.dsv
[0.658s] -- Up-to-date: /home/nicxe/ros2_ws/install/crazyflie_sim/share/crazyflie_sim/local_setup.bash
[0.658s] -- Up-to-date: /home/nicxe/ros2_ws/install/crazyflie_sim/share/crazyflie_sim/local_setup.sh
[0.658s] -- Up-to-date: /home/nicxe/ros2_ws/install/crazyflie_sim/share/crazyflie_sim/local_setup.zsh
[0.658s] -- Up-to-date: /home/nicxe/ros2_ws/install/crazyflie_sim/share/crazyflie_sim/local_setup.dsv
[0.658s] -- Installing: /home/nicxe/ros2_ws/install/crazyflie_sim/share/crazyflie_sim/package.dsv
[0.658s] -- Up-to-date: /home/nicxe/ros2_ws/install/crazyflie_sim/share/ament_index/resource_index/packages/crazyflie_sim
[0.658s] -- Up-to-date: /home/nicxe/ros2_ws/install/crazyflie_sim/share/crazyflie_sim/cmake/crazyflie_simConfig.cmake
[0.658s] -- Up-to-date: /home/nicxe/ros2_ws/install/crazyflie_sim/share/crazyflie_sim/cmake/crazyflie_simConfig-version.cmake
[0.658s] -- Up-to-date: /home/nicxe/ros2_ws/install/crazyflie_sim/share/crazyflie_sim/package.xml
[0.662s] Invoked command in '/home/nicxe/ros2_ws/build/crazyflie_sim' returned '0': CMAKE_PREFIX_PATH=/home/nicxe/ros2_ws/install/crazyflie_interfaces:/home/nicxe/ros2_ws/install/motion_capture_tracking:/home/nicxe/ros2_ws/install/crazyflie:/home/nicxe/ros2_ws/install/motion_capture_tracking_interfaces:/home/nicxe/ros2_ws/install/crazyflie_sim:/home/nicxe/ros2_ws/install/crazyflie_ros2_slam:/home/nicxe/ros2_ws/install/crazyflie_ros2_navigation:/home/nicxe/ros2_ws/install/crazyflie_ros2_interfaces:/home/nicxe/ros2_ws/install/crazyflie_ros2_description:/home/nicxe/ros2_ws/install/crazyflie_examples:/home/nicxe/ros2_ws/install/my_package:/home/nicxe/ros2_ws/install/crazyflie_simulation:/home/nicxe/ros2_ws/install/crazyflie_ros2_simulation:/home/nicxe/ros2_ws/install/crazyflie_ros2_simple_mapper:/home/nicxe/ros2_ws/install/crazyflie_ros2_scan:/home/nicxe/ros2_ws/install/crazyflie_ros2:/home/nicxe/ros2_ws/install/crazyflie_py:/opt/ros/galactic LD_LIBRARY_PATH=/home/nicxe/ros2_ws/install/crazyflie_interfaces/lib:/home/nicxe/ros2_ws/install/motion_capture_tracking_interfaces/lib:/home/nicxe/ros2_ws/install/crazyflie_ros2_interfaces/lib:/opt/ros/galactic/opt/yaml_cpp_vendor/lib:/opt/ros/galactic/opt/rviz_ogre_vendor/lib:/opt/ros/galactic/lib/x86_64-linux-gnu:/opt/ros/galactic/lib:/usr/local/webots/lib/controller PYTHONPATH=/home/nicxe/ros2_ws/install/crazyflie_interfaces/lib/python3.8/site-packages:/home/nicxe/CS_SITP/crazyfliefirmware/build:/home/nicxe/CS_SITP/crazyflie-firmware/build:/home/nicxe/ros2_ws/install/my_package/lib/python3.8/site-packages:/home/nicxe/ros2_ws/install/motion_capture_tracking_interfaces/lib/python3.8/site-packages:/home/nicxe/ros2_ws/install/crazyflie_simulation/lib/python3.8/site-packages:/home/nicxe/ros2_ws/install/crazyflie_sim/lib/python3.8/site-packages:/home/nicxe/ros2_ws/install/crazyflie_ros2_simulation/lib/python3.8/site-packages:/home/nicxe/ros2_ws/install/crazyflie_ros2_simple_mapper/lib/python3.8/site-packages:/home/nicxe/ros2_ws/install/crazyflie_ros2_scan/lib/python3.8/site-packages:/home/nicxe/ros2_ws/install/crazyflie_ros2_interfaces/lib/python3.8/site-packages:/home/nicxe/ros2_ws/install/crazyflie_ros2/lib/python3.8/site-packages:/home/nicxe/ros2_ws/install/crazyflie_examples/lib/python3.8/site-packages:/home/nicxe/ros2_ws/install/crazyflie_py/lib/python3.8/site-packages:/opt/ros/galactic/lib/python3.8/site-packages:/usr/local/webots/lib/controller/python38:/usr/local/webots/lib/controller/python /usr/bin/cmake --install /home/nicxe/ros2_ws/build/crazyflie_sim
