[1.713s] Invoking command in '/home/tdeng23/ros2_ws/build/crazyflie_ros2_simple_mapper': PYTHONPATH=/home/tdeng23/ros2_ws/build/crazyflie_ros2_simple_mapper/prefix_override:/home/tdeng23/ros2_ws/install/crazyflie_ros2_simple_mapper/lib/python3.8/site-packages:${PYTHONPATH} /usr/bin/python3 setup.py develop --uninstall --editable --build-directory /home/tdeng23/ros2_ws/build/crazyflie_ros2_simple_mapper/build
[2.127s] running develop
[2.423s] Invoked command in '/home/tdeng23/ros2_ws/build/crazyflie_ros2_simple_mapper' returned '0': PYTHONPATH=/home/tdeng23/ros2_ws/build/crazyflie_ros2_simple_mapper/prefix_override:/home/tdeng23/ros2_ws/install/crazyflie_ros2_simple_mapper/lib/python3.8/site-packages:${PYTHONPATH} /usr/bin/python3 setup.py develop --uninstall --editable --build-directory /home/tdeng23/ros2_ws/build/crazyflie_ros2_simple_mapper/build
[2.426s] Invoking command in '/home/tdeng23/ros2_ws/src/crazyswarm2/crazyflie_ros2_simple_mapper': PYTHONPATH=/home/tdeng23/ros2_ws/build/crazyflie_ros2_simple_mapper/prefix_override:/home/tdeng23/ros2_ws/install/crazyflie_ros2_simple_mapper/lib/python3.8/site-packages:${PYTHONPATH} /usr/bin/python3 setup.py egg_info --egg-base ../../../build/crazyflie_ros2_simple_mapper build --build-base /home/tdeng23/ros2_ws/build/crazyflie_ros2_simple_mapper/build install --record /home/tdeng23/ros2_ws/build/crazyflie_ros2_simple_mapper/install.log --single-version-externally-managed
[2.838s] running egg_info
[2.840s] writing ../../../build/crazyflie_ros2_simple_mapper/crazyflie_ros2_simple_mapper.egg-info/PKG-INFO
[2.840s] writing dependency_links to ../../../build/crazyflie_ros2_simple_mapper/crazyflie_ros2_simple_mapper.egg-info/dependency_links.txt
[2.840s] writing entry points to ../../../build/crazyflie_ros2_simple_mapper/crazyflie_ros2_simple_mapper.egg-info/entry_points.txt
[2.840s] writing requirements to ../../../build/crazyflie_ros2_simple_mapper/crazyflie_ros2_simple_mapper.egg-info/requires.txt
[2.841s] writing top-level names to ../../../build/crazyflie_ros2_simple_mapper/crazyflie_ros2_simple_mapper.egg-info/top_level.txt
[2.908s] reading manifest file '../../../build/crazyflie_ros2_simple_mapper/crazyflie_ros2_simple_mapper.egg-info/SOURCES.txt'
[2.910s] writing manifest file '../../../build/crazyflie_ros2_simple_mapper/crazyflie_ros2_simple_mapper.egg-info/SOURCES.txt'
[2.913s] running build
[2.913s] running build_py
[2.914s] running install
[2.916s] running install_lib
[2.919s] running install_data
[2.920s] running install_egg_info
[2.923s] removing '/home/tdeng23/ros2_ws/install/crazyflie_ros2_simple_mapper/lib/python3.8/site-packages/crazyflie_ros2_simple_mapper-0.0.0-py3.8.egg-info' (and everything under it)
[2.923s] Copying ../../../build/crazyflie_ros2_simple_mapper/crazyflie_ros2_simple_mapper.egg-info to /home/tdeng23/ros2_ws/install/crazyflie_ros2_simple_mapper/lib/python3.8/site-packages/crazyflie_ros2_simple_mapper-0.0.0-py3.8.egg-info
[2.924s] running install_scripts
[2.954s] Installing simple_mapper script to /home/tdeng23/ros2_ws/install/crazyflie_ros2_simple_mapper/lib/crazyflie_ros2_simple_mapper
[2.954s] writing list of installed files to '/home/tdeng23/ros2_ws/build/crazyflie_ros2_simple_mapper/install.log'
[2.994s] Invoked command in '/home/tdeng23/ros2_ws/src/crazyswarm2/crazyflie_ros2_simple_mapper' returned '0': PYTHONPATH=/home/tdeng23/ros2_ws/build/crazyflie_ros2_simple_mapper/prefix_override:/home/tdeng23/ros2_ws/install/crazyflie_ros2_simple_mapper/lib/python3.8/site-packages:${PYTHONPATH} /usr/bin/python3 setup.py egg_info --egg-base ../../../build/crazyflie_ros2_simple_mapper build --build-base /home/tdeng23/ros2_ws/build/crazyflie_ros2_simple_mapper/build install --record /home/tdeng23/ros2_ws/build/crazyflie_ros2_simple_mapper/install.log --single-version-externally-managed
