[0.042s] Invoking command in '/home/tdeng23/ros2_ws/build/motion_capture_tracking_interfaces': CMAKE_PREFIX_PATH=${CMAKE_PREFIX_PATH}:/home/tdeng23/ros2_ws/install/crazyflie_py:/opt/ros/galactic /usr/bin/cmake /home/tdeng23/ros2_ws/src/motion_capture_tracking/motion_capture_tracking_interfaces -DCMAKE_INSTALL_PREFIX=/home/tdeng23/ros2_ws/install/motion_capture_tracking_interfaces
[0.285s] -- Found ament_cmake: 1.1.6 (/opt/ros/galactic/share/ament_cmake/cmake)
[0.285s] -- Found PythonInterp: /usr/bin/python3 (found suitable version "3.8.10", minimum required is "3") 
[0.285s] -- Using PYTHON_EXECUTABLE: /usr/bin/python3
[0.285s] -- Override CMake install command with custom implementation using symlinks instead of copying resources
[0.285s] -- Found builtin_interfaces: 1.0.3 (/opt/ros/galactic/share/builtin_interfaces/cmake)
[0.285s] -- Using all available rosidl_typesupport_c: rosidl_typesupport_fastrtps_c;rosidl_typesupport_introspection_c
[0.285s] -- Found rosidl_adapter: 2.2.3 (/opt/ros/galactic/share/rosidl_adapter/cmake)
[0.356s] -- Using all available rosidl_typesupport_cpp: rosidl_typesupport_fastrtps_cpp;rosidl_typesupport_introspection_cpp
[0.381s] -- Found geometry_msgs: 2.2.4 (/opt/ros/galactic/share/geometry_msgs/cmake)
[0.436s] -- Found rosidl_default_generators: 1.1.1 (/opt/ros/galactic/share/rosidl_default_generators/cmake)
[0.472s] -- Found PythonInterp: /usr/bin/python3 (found version "3.8.10") 
[0.666s] -- Found ament_cmake_cppcheck: 0.10.7 (/opt/ros/galactic/share/ament_cmake_cppcheck/cmake)
[0.667s] -- Found ament_cmake_cpplint: 0.10.7 (/opt/ros/galactic/share/ament_cmake_cpplint/cmake)
[0.668s] -- Found ament_cmake_uncrustify: 0.10.7 (/opt/ros/galactic/share/ament_cmake_uncrustify/cmake)
[0.669s] -- Found ament_cmake_ros: 0.9.2 (/opt/ros/galactic/share/ament_cmake_ros/cmake)
[0.981s] -- Using all available rosidl_typesupport_c: rosidl_typesupport_fastrtps_c;rosidl_typesupport_introspection_c
[1.087s] -- Using all available rosidl_typesupport_cpp: rosidl_typesupport_fastrtps_cpp;rosidl_typesupport_introspection_cpp
[1.120s] -- Found PythonInterp: /usr/bin/python3 (found suitable version "3.8.10", minimum required is "3.5") 
[1.120s] -- Found python_cmake_module: 0.8.1 (/opt/ros/galactic/share/python_cmake_module/cmake)
[1.150s] -- Using PYTHON_EXECUTABLE: /usr/bin/python3
[1.151s] -- Using PYTHON_INCLUDE_DIRS: /usr/include/python3.8
[1.151s] -- Using PYTHON_LIBRARIES: /usr/lib/x86_64-linux-gnu/libpython3.8.so
[1.246s] -- Found ament_cmake_flake8: 0.10.7 (/opt/ros/galactic/share/ament_cmake_flake8/cmake)
[1.248s] -- Found ament_cmake_pep257: 0.10.7 (/opt/ros/galactic/share/ament_cmake_pep257/cmake)
[1.270s] -- Configuring done
[1.366s] -- Generating done
[1.371s] -- Build files have been written to: /home/tdeng23/ros2_ws/build/motion_capture_tracking_interfaces
[1.382s] Invoked command in '/home/tdeng23/ros2_ws/build/motion_capture_tracking_interfaces' returned '0': CMAKE_PREFIX_PATH=${CMAKE_PREFIX_PATH}:/home/tdeng23/ros2_ws/install/crazyflie_py:/opt/ros/galactic /usr/bin/cmake /home/tdeng23/ros2_ws/src/motion_capture_tracking/motion_capture_tracking_interfaces -DCMAKE_INSTALL_PREFIX=/home/tdeng23/ros2_ws/install/motion_capture_tracking_interfaces
[1.384s] Invoking command in '/home/tdeng23/ros2_ws/build/motion_capture_tracking_interfaces': CMAKE_PREFIX_PATH=${CMAKE_PREFIX_PATH}:/home/tdeng23/ros2_ws/install/crazyflie_py:/opt/ros/galactic /usr/bin/cmake --build /home/tdeng23/ros2_ws/build/motion_capture_tracking_interfaces -- -j8 -l8
[1.448s] [  2%] Built target motion_capture_tracking_interfaces__cpp
[1.452s] [ 12%] Built target motion_capture_tracking_interfaces__rosidl_generator_c
[1.475s] [ 23%] Built target motion_capture_tracking_interfaces__rosidl_typesupport_introspection_cpp
[1.476s] [ 33%] Built target motion_capture_tracking_interfaces__rosidl_typesupport_cpp
[1.476s] [ 43%] Built target motion_capture_tracking_interfaces__rosidl_typesupport_c
[1.479s] [ 53%] Built target motion_capture_tracking_interfaces__rosidl_typesupport_introspection_c
[1.481s] [ 64%] Built target motion_capture_tracking_interfaces__rosidl_typesupport_fastrtps_cpp
[1.508s] [ 74%] Built target motion_capture_tracking_interfaces__rosidl_typesupport_fastrtps_c
[1.530s] [ 74%] Built target motion_capture_tracking_interfaces
[1.551s] [ 76%] Built target motion_capture_tracking_interfaces__py
[1.586s] [ 84%] Built target motion_capture_tracking_interfaces__python
[1.631s] [ 89%] Built target motion_capture_tracking_interfaces__rosidl_typesupport_fastrtps_c__pyext
[1.632s] [ 94%] Built target motion_capture_tracking_interfaces__rosidl_typesupport_introspection_c__pyext
[1.636s] [100%] Built target motion_capture_tracking_interfaces__rosidl_typesupport_c__pyext
[1.653s] Invoked command in '/home/tdeng23/ros2_ws/build/motion_capture_tracking_interfaces' returned '0': CMAKE_PREFIX_PATH=${CMAKE_PREFIX_PATH}:/home/tdeng23/ros2_ws/install/crazyflie_py:/opt/ros/galactic /usr/bin/cmake --build /home/tdeng23/ros2_ws/build/motion_capture_tracking_interfaces -- -j8 -l8
[1.747s] Invoking command in '/home/tdeng23/ros2_ws/build/motion_capture_tracking_interfaces': CMAKE_PREFIX_PATH=${CMAKE_PREFIX_PATH}:/home/tdeng23/ros2_ws/install/crazyflie_py:/opt/ros/galactic /usr/bin/cmake --install /home/tdeng23/ros2_ws/build/motion_capture_tracking_interfaces
[1.759s] -- Install configuration: ""
[1.760s] -- Execute custom install script
[1.761s] -- Up-to-date symlink: /home/tdeng23/ros2_ws/install/motion_capture_tracking_interfaces/share/ament_index/resource_index/rosidl_interfaces/motion_capture_tracking_interfaces
[1.762s] -- Up-to-date symlink: /home/tdeng23/ros2_ws/install/motion_capture_tracking_interfaces/include/motion_capture_tracking_interfaces/msg/detail/named_pose__functions.h
[1.763s] -- Up-to-date symlink: /home/tdeng23/ros2_ws/install/motion_capture_tracking_interfaces/include/motion_capture_tracking_interfaces/msg/detail/named_pose__struct.h
[1.763s] -- Up-to-date symlink: /home/tdeng23/ros2_ws/install/motion_capture_tracking_interfaces/include/motion_capture_tracking_interfaces/msg/detail/named_pose__type_support.h
[1.763s] -- Up-to-date symlink: /home/tdeng23/ros2_ws/install/motion_capture_tracking_interfaces/include/motion_capture_tracking_interfaces/msg/detail/named_pose_array__functions.h
[1.764s] -- Up-to-date symlink: /home/tdeng23/ros2_ws/install/motion_capture_tracking_interfaces/include/motion_capture_tracking_interfaces/msg/detail/named_pose_array__struct.h
[1.764s] -- Up-to-date symlink: /home/tdeng23/ros2_ws/install/motion_capture_tracking_interfaces/include/motion_capture_tracking_interfaces/msg/detail/named_pose_array__type_support.h
[1.764s] -- Up-to-date symlink: /home/tdeng23/ros2_ws/install/motion_capture_tracking_interfaces/include/motion_capture_tracking_interfaces/msg/named_pose.h
[1.764s] -- Up-to-date symlink: /home/tdeng23/ros2_ws/install/motion_capture_tracking_interfaces/include/motion_capture_tracking_interfaces/msg/named_pose_array.h
[1.765s] -- Up-to-date symlink: /home/tdeng23/ros2_ws/install/motion_capture_tracking_interfaces/include/motion_capture_tracking_interfaces/msg/rosidl_generator_c__visibility_control.h
[1.765s] -- Up-to-date symlink: /home/tdeng23/ros2_ws/install/motion_capture_tracking_interfaces/share/motion_capture_tracking_interfaces/environment/library_path.sh
[1.766s] -- Up-to-date symlink: /home/tdeng23/ros2_ws/install/motion_capture_tracking_interfaces/share/motion_capture_tracking_interfaces/environment/library_path.dsv
[1.767s] -- Up-to-date symlink: /home/tdeng23/ros2_ws/install/motion_capture_tracking_interfaces/include/motion_capture_tracking_interfaces/msg/detail/named_pose__rosidl_typesupport_fastrtps_c.h
[1.767s] -- Up-to-date symlink: /home/tdeng23/ros2_ws/install/motion_capture_tracking_interfaces/include/motion_capture_tracking_interfaces/msg/detail/named_pose_array__rosidl_typesupport_fastrtps_c.h
[1.767s] -- Up-to-date symlink: /home/tdeng23/ros2_ws/install/motion_capture_tracking_interfaces/include/motion_capture_tracking_interfaces/msg/rosidl_typesupport_fastrtps_c__visibility_control.h
[1.768s] -- Up-to-date symlink: /home/tdeng23/ros2_ws/install/motion_capture_tracking_interfaces/lib/libmotion_capture_tracking_interfaces__rosidl_typesupport_fastrtps_c.so
[1.769s] -- Up-to-date symlink: /home/tdeng23/ros2_ws/install/motion_capture_tracking_interfaces/include/motion_capture_tracking_interfaces/msg/detail/named_pose__rosidl_typesupport_fastrtps_cpp.hpp
[1.769s] -- Up-to-date symlink: /home/tdeng23/ros2_ws/install/motion_capture_tracking_interfaces/include/motion_capture_tracking_interfaces/msg/detail/named_pose_array__rosidl_typesupport_fastrtps_cpp.hpp
[1.769s] -- Up-to-date symlink: /home/tdeng23/ros2_ws/install/motion_capture_tracking_interfaces/include/motion_capture_tracking_interfaces/msg/rosidl_typesupport_fastrtps_cpp__visibility_control.h
[1.770s] -- Up-to-date symlink: /home/tdeng23/ros2_ws/install/motion_capture_tracking_interfaces/lib/libmotion_capture_tracking_interfaces__rosidl_typesupport_fastrtps_cpp.so
[1.771s] -- Up-to-date symlink: /home/tdeng23/ros2_ws/install/motion_capture_tracking_interfaces/include/motion_capture_tracking_interfaces/msg/detail/named_pose__rosidl_typesupport_introspection_c.h
[1.771s] -- Up-to-date symlink: /home/tdeng23/ros2_ws/install/motion_capture_tracking_interfaces/include/motion_capture_tracking_interfaces/msg/detail/named_pose_array__rosidl_typesupport_introspection_c.h
[1.772s] -- Up-to-date symlink: /home/tdeng23/ros2_ws/install/motion_capture_tracking_interfaces/include/motion_capture_tracking_interfaces/msg/rosidl_typesupport_introspection_c__visibility_control.h
[1.772s] -- Up-to-date symlink: /home/tdeng23/ros2_ws/install/motion_capture_tracking_interfaces/include/motion_capture_tracking_interfaces/msg/detail/named_pose__builder.hpp
[1.773s] -- Up-to-date symlink: /home/tdeng23/ros2_ws/install/motion_capture_tracking_interfaces/include/motion_capture_tracking_interfaces/msg/detail/named_pose__struct.hpp
[1.773s] -- Up-to-date symlink: /home/tdeng23/ros2_ws/install/motion_capture_tracking_interfaces/include/motion_capture_tracking_interfaces/msg/detail/named_pose__traits.hpp
[1.773s] -- Up-to-date symlink: /home/tdeng23/ros2_ws/install/motion_capture_tracking_interfaces/include/motion_capture_tracking_interfaces/msg/detail/named_pose_array__builder.hpp
[1.774s] -- Up-to-date symlink: /home/tdeng23/ros2_ws/install/motion_capture_tracking_interfaces/include/motion_capture_tracking_interfaces/msg/detail/named_pose_array__struct.hpp
[1.774s] -- Up-to-date symlink: /home/tdeng23/ros2_ws/install/motion_capture_tracking_interfaces/include/motion_capture_tracking_interfaces/msg/detail/named_pose_array__traits.hpp
[1.774s] -- Up-to-date symlink: /home/tdeng23/ros2_ws/install/motion_capture_tracking_interfaces/include/motion_capture_tracking_interfaces/msg/named_pose.hpp
[1.774s] -- Up-to-date symlink: /home/tdeng23/ros2_ws/install/motion_capture_tracking_interfaces/include/motion_capture_tracking_interfaces/msg/named_pose_array.hpp
[1.775s] -- Up-to-date symlink: /home/tdeng23/ros2_ws/install/motion_capture_tracking_interfaces/include/motion_capture_tracking_interfaces/msg/detail/named_pose__rosidl_typesupport_introspection_cpp.hpp
[1.775s] -- Up-to-date symlink: /home/tdeng23/ros2_ws/install/motion_capture_tracking_interfaces/include/motion_capture_tracking_interfaces/msg/detail/named_pose_array__rosidl_typesupport_introspection_cpp.hpp
[1.776s] -- Up-to-date symlink: /home/tdeng23/ros2_ws/install/motion_capture_tracking_interfaces/share/motion_capture_tracking_interfaces/environment/pythonpath.sh
[1.776s] -- Up-to-date symlink: /home/tdeng23/ros2_ws/install/motion_capture_tracking_interfaces/share/motion_capture_tracking_interfaces/environment/pythonpath.dsv
[1.776s] -- Up-to-date symlink: /home/tdeng23/ros2_ws/install/motion_capture_tracking_interfaces/lib/python3.8/site-packages/motion_capture_tracking_interfaces/__init__.py
[1.777s] -- Up-to-date symlink: /home/tdeng23/ros2_ws/install/motion_capture_tracking_interfaces/lib/python3.8/site-packages/motion_capture_tracking_interfaces/msg/__init__.py
[1.777s] -- Up-to-date symlink: /home/tdeng23/ros2_ws/install/motion_capture_tracking_interfaces/lib/python3.8/site-packages/motion_capture_tracking_interfaces/msg/_named_pose.py
[1.777s] -- Up-to-date symlink: /home/tdeng23/ros2_ws/install/motion_capture_tracking_interfaces/lib/python3.8/site-packages/motion_capture_tracking_interfaces/msg/_named_pose_array.py
[1.778s] -- Up-to-date symlink: /home/tdeng23/ros2_ws/install/motion_capture_tracking_interfaces/lib/python3.8/site-packages/motion_capture_tracking_interfaces/motion_capture_tracking_interfaces_s__rosidl_typesupport_fastrtps_c.cpython-38-x86_64-linux-gnu.so
[1.778s] -- Up-to-date symlink: /home/tdeng23/ros2_ws/install/motion_capture_tracking_interfaces/lib/python3.8/site-packages/motion_capture_tracking_interfaces/motion_capture_tracking_interfaces_s__rosidl_typesupport_introspection_c.cpython-38-x86_64-linux-gnu.so
[1.779s] -- Up-to-date symlink: /home/tdeng23/ros2_ws/install/motion_capture_tracking_interfaces/lib/python3.8/site-packages/motion_capture_tracking_interfaces/motion_capture_tracking_interfaces_s__rosidl_typesupport_c.cpython-38-x86_64-linux-gnu.so
[1.779s] -- Up-to-date symlink: /home/tdeng23/ros2_ws/install/motion_capture_tracking_interfaces/lib/libmotion_capture_tracking_interfaces__python.so
[1.780s] -- Up-to-date symlink: /home/tdeng23/ros2_ws/install/motion_capture_tracking_interfaces/share/motion_capture_tracking_interfaces/msg/NamedPose.idl
[1.780s] -- Up-to-date symlink: /home/tdeng23/ros2_ws/install/motion_capture_tracking_interfaces/share/motion_capture_tracking_interfaces/msg/NamedPoseArray.idl
[1.780s] -- Up-to-date symlink: /home/tdeng23/ros2_ws/install/motion_capture_tracking_interfaces/share/motion_capture_tracking_interfaces/msg/NamedPose.msg
[1.780s] -- Up-to-date symlink: /home/tdeng23/ros2_ws/install/motion_capture_tracking_interfaces/share/motion_capture_tracking_interfaces/msg/NamedPoseArray.msg
[1.780s] -- Up-to-date symlink: /home/tdeng23/ros2_ws/install/motion_capture_tracking_interfaces/share/ament_index/resource_index/package_run_dependencies/motion_capture_tracking_interfaces
[1.781s] -- Up-to-date symlink: /home/tdeng23/ros2_ws/install/motion_capture_tracking_interfaces/share/ament_index/resource_index/parent_prefix_path/motion_capture_tracking_interfaces
[1.781s] -- Up-to-date symlink: /home/tdeng23/ros2_ws/install/motion_capture_tracking_interfaces/share/motion_capture_tracking_interfaces/environment/ament_prefix_path.sh
[1.781s] -- Up-to-date symlink: /home/tdeng23/ros2_ws/install/motion_capture_tracking_interfaces/share/motion_capture_tracking_interfaces/environment/ament_prefix_path.dsv
[1.782s] -- Up-to-date symlink: /home/tdeng23/ros2_ws/install/motion_capture_tracking_interfaces/share/motion_capture_tracking_interfaces/environment/path.sh
[1.782s] -- Up-to-date symlink: /home/tdeng23/ros2_ws/install/motion_capture_tracking_interfaces/share/motion_capture_tracking_interfaces/environment/path.dsv
[1.782s] -- Up-to-date symlink: /home/tdeng23/ros2_ws/install/motion_capture_tracking_interfaces/share/motion_capture_tracking_interfaces/local_setup.bash
[1.782s] -- Up-to-date symlink: /home/tdeng23/ros2_ws/install/motion_capture_tracking_interfaces/share/motion_capture_tracking_interfaces/local_setup.sh
[1.783s] -- Up-to-date symlink: /home/tdeng23/ros2_ws/install/motion_capture_tracking_interfaces/share/motion_capture_tracking_interfaces/local_setup.zsh
[1.783s] -- Up-to-date symlink: /home/tdeng23/ros2_ws/install/motion_capture_tracking_interfaces/share/motion_capture_tracking_interfaces/local_setup.dsv
[1.783s] -- Symlinking: /home/tdeng23/ros2_ws/install/motion_capture_tracking_interfaces/share/motion_capture_tracking_interfaces/package.dsv
[1.792s] -- Up-to-date symlink: /home/tdeng23/ros2_ws/install/motion_capture_tracking_interfaces/share/ament_index/resource_index/packages/motion_capture_tracking_interfaces
[1.793s] -- Up-to-date symlink: /home/tdeng23/ros2_ws/install/motion_capture_tracking_interfaces/share/motion_capture_tracking_interfaces/cmake/rosidl_cmake-extras.cmake
[1.793s] -- Up-to-date symlink: /home/tdeng23/ros2_ws/install/motion_capture_tracking_interfaces/share/motion_capture_tracking_interfaces/cmake/ament_cmake_export_dependencies-extras.cmake
[1.794s] -- Up-to-date symlink: /home/tdeng23/ros2_ws/install/motion_capture_tracking_interfaces/share/motion_capture_tracking_interfaces/cmake/ament_cmake_export_libraries-extras.cmake
[1.794s] -- Up-to-date symlink: /home/tdeng23/ros2_ws/install/motion_capture_tracking_interfaces/share/motion_capture_tracking_interfaces/cmake/ament_cmake_export_targets-extras.cmake
[1.795s] -- Up-to-date symlink: /home/tdeng23/ros2_ws/install/motion_capture_tracking_interfaces/share/motion_capture_tracking_interfaces/cmake/ament_cmake_export_include_directories-extras.cmake
[1.795s] -- Up-to-date symlink: /home/tdeng23/ros2_ws/install/motion_capture_tracking_interfaces/share/motion_capture_tracking_interfaces/cmake/rosidl_cmake_export_typesupport_libraries-extras.cmake
[1.796s] -- Up-to-date symlink: /home/tdeng23/ros2_ws/install/motion_capture_tracking_interfaces/share/motion_capture_tracking_interfaces/cmake/rosidl_cmake_export_typesupport_targets-extras.cmake
[1.796s] -- Up-to-date symlink: /home/tdeng23/ros2_ws/install/motion_capture_tracking_interfaces/share/motion_capture_tracking_interfaces/cmake/motion_capture_tracking_interfacesConfig.cmake
[1.796s] -- Up-to-date symlink: /home/tdeng23/ros2_ws/install/motion_capture_tracking_interfaces/share/motion_capture_tracking_interfaces/cmake/motion_capture_tracking_interfacesConfig-version.cmake
[1.797s] -- Up-to-date symlink: /home/tdeng23/ros2_ws/install/motion_capture_tracking_interfaces/share/motion_capture_tracking_interfaces/package.xml
[1.797s] -- Up-to-date: /home/tdeng23/ros2_ws/install/motion_capture_tracking_interfaces/lib/libmotion_capture_tracking_interfaces__rosidl_generator_c.so
[1.798s] -- Up-to-date: /home/tdeng23/ros2_ws/install/motion_capture_tracking_interfaces/lib/libmotion_capture_tracking_interfaces__rosidl_typesupport_introspection_c.so
[1.799s] -- Up-to-date: /home/tdeng23/ros2_ws/install/motion_capture_tracking_interfaces/lib/libmotion_capture_tracking_interfaces__rosidl_typesupport_c.so
[1.800s] -- Up-to-date: /home/tdeng23/ros2_ws/install/motion_capture_tracking_interfaces/lib/libmotion_capture_tracking_interfaces__rosidl_typesupport_introspection_cpp.so
[1.800s] -- Up-to-date: /home/tdeng23/ros2_ws/install/motion_capture_tracking_interfaces/lib/libmotion_capture_tracking_interfaces__rosidl_typesupport_cpp.so
[1.848s] Compiling '/home/tdeng23/ros2_ws/install/motion_capture_tracking_interfaces/lib/python3.8/site-packages/motion_capture_tracking_interfaces/__init__.py'...
[1.854s] -- Up-to-date: /home/tdeng23/ros2_ws/install/motion_capture_tracking_interfaces/share/motion_capture_tracking_interfaces/cmake/motion_capture_tracking_interfaces__rosidl_generator_cExport.cmake
[1.854s] -- Installing: /home/tdeng23/ros2_ws/install/motion_capture_tracking_interfaces/share/motion_capture_tracking_interfaces/cmake/motion_capture_tracking_interfaces__rosidl_generator_cExport-noconfig.cmake
[1.855s] -- Up-to-date: /home/tdeng23/ros2_ws/install/motion_capture_tracking_interfaces/share/motion_capture_tracking_interfaces/cmake/motion_capture_tracking_interfaces__rosidl_typesupport_introspection_cExport.cmake
[1.855s] -- Installing: /home/tdeng23/ros2_ws/install/motion_capture_tracking_interfaces/share/motion_capture_tracking_interfaces/cmake/motion_capture_tracking_interfaces__rosidl_typesupport_introspection_cExport-noconfig.cmake
[1.856s] -- Up-to-date: /home/tdeng23/ros2_ws/install/motion_capture_tracking_interfaces/share/motion_capture_tracking_interfaces/cmake/motion_capture_tracking_interfaces__rosidl_typesupport_cExport.cmake
[1.856s] -- Installing: /home/tdeng23/ros2_ws/install/motion_capture_tracking_interfaces/share/motion_capture_tracking_interfaces/cmake/motion_capture_tracking_interfaces__rosidl_typesupport_cExport-noconfig.cmake
[1.856s] -- Up-to-date: /home/tdeng23/ros2_ws/install/motion_capture_tracking_interfaces/share/motion_capture_tracking_interfaces/cmake/motion_capture_tracking_interfaces__rosidl_generator_cppExport.cmake
[1.857s] -- Up-to-date: /home/tdeng23/ros2_ws/install/motion_capture_tracking_interfaces/share/motion_capture_tracking_interfaces/cmake/motion_capture_tracking_interfaces__rosidl_typesupport_introspection_cppExport.cmake
[1.857s] -- Installing: /home/tdeng23/ros2_ws/install/motion_capture_tracking_interfaces/share/motion_capture_tracking_interfaces/cmake/motion_capture_tracking_interfaces__rosidl_typesupport_introspection_cppExport-noconfig.cmake
[1.857s] -- Up-to-date: /home/tdeng23/ros2_ws/install/motion_capture_tracking_interfaces/share/motion_capture_tracking_interfaces/cmake/motion_capture_tracking_interfaces__rosidl_typesupport_cppExport.cmake
[1.857s] -- Installing: /home/tdeng23/ros2_ws/install/motion_capture_tracking_interfaces/share/motion_capture_tracking_interfaces/cmake/motion_capture_tracking_interfaces__rosidl_typesupport_cppExport-noconfig.cmake
[1.864s] Invoked command in '/home/tdeng23/ros2_ws/build/motion_capture_tracking_interfaces' returned '0': CMAKE_PREFIX_PATH=${CMAKE_PREFIX_PATH}:/home/tdeng23/ros2_ws/install/crazyflie_py:/opt/ros/galactic /usr/bin/cmake --install /home/tdeng23/ros2_ws/build/motion_capture_tracking_interfaces
