[0.038s] Invoking command in '/home/tdeng23/ros2_ws/build/motion_capture_tracking_interfaces': CMAKE_PREFIX_PATH=${CMAKE_PREFIX_PATH}:/home/tdeng23/ros2_ws/install/my_package:/home/tdeng23/ros2_ws/install/crazyflie_simulation:/home/tdeng23/ros2_ws/install/crazyflie_py:/opt/ros/galactic /usr/bin/cmake --build /home/tdeng23/ros2_ws/build/motion_capture_tracking_interfaces -- -j8 -l8
[0.510s] [  2%] Built target motion_capture_tracking_interfaces__cpp
[0.510s] [ 12%] Built target motion_capture_tracking_interfaces__rosidl_generator_c
[0.510s] [ 23%] Built target motion_capture_tracking_interfaces__rosidl_typesupport_introspection_cpp
[0.510s] [ 33%] Built target motion_capture_tracking_interfaces__rosidl_typesupport_cpp
[0.510s] [ 43%] Built target motion_capture_tracking_interfaces__rosidl_typesupport_fastrtps_cpp
[0.510s] [ 53%] Built target motion_capture_tracking_interfaces__rosidl_typesupport_c
[0.510s] [ 64%] Built target motion_capture_tracking_interfaces__rosidl_typesupport_introspection_c
[0.511s] [ 74%] Built target motion_capture_tracking_interfaces__rosidl_typesupport_fastrtps_c
[0.511s] [ 74%] Built target motion_capture_tracking_interfaces
[0.511s] [ 76%] Built target motion_capture_tracking_interfaces__py
[0.511s] [ 84%] Built target motion_capture_tracking_interfaces__python
[0.511s] [ 89%] Built target motion_capture_tracking_interfaces__rosidl_typesupport_c__pyext
[0.511s] [ 94%] Built target motion_capture_tracking_interfaces__rosidl_typesupport_introspection_c__pyext
[0.511s] [100%] Built target motion_capture_tracking_interfaces__rosidl_typesupport_fastrtps_c__pyext
[0.512s] Invoked command in '/home/tdeng23/ros2_ws/build/motion_capture_tracking_interfaces' returned '0': CMAKE_PREFIX_PATH=${CMAKE_PREFIX_PATH}:/home/tdeng23/ros2_ws/install/my_package:/home/tdeng23/ros2_ws/install/crazyflie_simulation:/home/tdeng23/ros2_ws/install/crazyflie_py:/opt/ros/galactic /usr/bin/cmake --build /home/tdeng23/ros2_ws/build/motion_capture_tracking_interfaces -- -j8 -l8
[0.575s] Invoking command in '/home/tdeng23/ros2_ws/build/motion_capture_tracking_interfaces': CMAKE_PREFIX_PATH=${CMAKE_PREFIX_PATH}:/home/tdeng23/ros2_ws/install/my_package:/home/tdeng23/ros2_ws/install/crazyflie_simulation:/home/tdeng23/ros2_ws/install/crazyflie_py:/opt/ros/galactic /usr/bin/cmake --install /home/tdeng23/ros2_ws/build/motion_capture_tracking_interfaces
[0.585s] -- Install configuration: ""
[0.586s] -- Execute custom install script
[0.586s] -- Up-to-date symlink: /home/tdeng23/ros2_ws/install/motion_capture_tracking_interfaces/share/ament_index/resource_index/rosidl_interfaces/motion_capture_tracking_interfaces
[0.587s] -- Up-to-date symlink: /home/tdeng23/ros2_ws/install/motion_capture_tracking_interfaces/include/motion_capture_tracking_interfaces/msg/detail/named_pose__functions.h
[0.587s] -- Up-to-date symlink: /home/tdeng23/ros2_ws/install/motion_capture_tracking_interfaces/include/motion_capture_tracking_interfaces/msg/detail/named_pose__struct.h
[0.588s] -- Up-to-date symlink: /home/tdeng23/ros2_ws/install/motion_capture_tracking_interfaces/include/motion_capture_tracking_interfaces/msg/detail/named_pose__type_support.h
[0.588s] -- Up-to-date symlink: /home/tdeng23/ros2_ws/install/motion_capture_tracking_interfaces/include/motion_capture_tracking_interfaces/msg/detail/named_pose_array__functions.h
[0.588s] -- Up-to-date symlink: /home/tdeng23/ros2_ws/install/motion_capture_tracking_interfaces/include/motion_capture_tracking_interfaces/msg/detail/named_pose_array__struct.h
[0.588s] -- Up-to-date symlink: /home/tdeng23/ros2_ws/install/motion_capture_tracking_interfaces/include/motion_capture_tracking_interfaces/msg/detail/named_pose_array__type_support.h
[0.589s] -- Up-to-date symlink: /home/tdeng23/ros2_ws/install/motion_capture_tracking_interfaces/include/motion_capture_tracking_interfaces/msg/named_pose.h
[0.589s] -- Up-to-date symlink: /home/tdeng23/ros2_ws/install/motion_capture_tracking_interfaces/include/motion_capture_tracking_interfaces/msg/named_pose_array.h
[0.589s] -- Up-to-date symlink: /home/tdeng23/ros2_ws/install/motion_capture_tracking_interfaces/include/motion_capture_tracking_interfaces/msg/rosidl_generator_c__visibility_control.h
[0.589s] -- Up-to-date symlink: /home/tdeng23/ros2_ws/install/motion_capture_tracking_interfaces/share/motion_capture_tracking_interfaces/environment/library_path.sh
[0.589s] -- Up-to-date symlink: /home/tdeng23/ros2_ws/install/motion_capture_tracking_interfaces/share/motion_capture_tracking_interfaces/environment/library_path.dsv
[0.590s] -- Up-to-date symlink: /home/tdeng23/ros2_ws/install/motion_capture_tracking_interfaces/include/motion_capture_tracking_interfaces/msg/detail/named_pose__rosidl_typesupport_fastrtps_c.h
[0.590s] -- Up-to-date symlink: /home/tdeng23/ros2_ws/install/motion_capture_tracking_interfaces/include/motion_capture_tracking_interfaces/msg/detail/named_pose_array__rosidl_typesupport_fastrtps_c.h
[0.590s] -- Up-to-date symlink: /home/tdeng23/ros2_ws/install/motion_capture_tracking_interfaces/include/motion_capture_tracking_interfaces/msg/rosidl_typesupport_fastrtps_c__visibility_control.h
[0.591s] -- Up-to-date symlink: /home/tdeng23/ros2_ws/install/motion_capture_tracking_interfaces/lib/libmotion_capture_tracking_interfaces__rosidl_typesupport_fastrtps_c.so
[0.591s] -- Up-to-date symlink: /home/tdeng23/ros2_ws/install/motion_capture_tracking_interfaces/include/motion_capture_tracking_interfaces/msg/detail/named_pose__rosidl_typesupport_fastrtps_cpp.hpp
[0.591s] -- Up-to-date symlink: /home/tdeng23/ros2_ws/install/motion_capture_tracking_interfaces/include/motion_capture_tracking_interfaces/msg/detail/named_pose_array__rosidl_typesupport_fastrtps_cpp.hpp
[0.591s] -- Up-to-date symlink: /home/tdeng23/ros2_ws/install/motion_capture_tracking_interfaces/include/motion_capture_tracking_interfaces/msg/rosidl_typesupport_fastrtps_cpp__visibility_control.h
[0.592s] -- Up-to-date symlink: /home/tdeng23/ros2_ws/install/motion_capture_tracking_interfaces/lib/libmotion_capture_tracking_interfaces__rosidl_typesupport_fastrtps_cpp.so
[0.592s] -- Up-to-date symlink: /home/tdeng23/ros2_ws/install/motion_capture_tracking_interfaces/include/motion_capture_tracking_interfaces/msg/detail/named_pose__rosidl_typesupport_introspection_c.h
[0.592s] -- Up-to-date symlink: /home/tdeng23/ros2_ws/install/motion_capture_tracking_interfaces/include/motion_capture_tracking_interfaces/msg/detail/named_pose_array__rosidl_typesupport_introspection_c.h
[0.593s] -- Up-to-date symlink: /home/tdeng23/ros2_ws/install/motion_capture_tracking_interfaces/include/motion_capture_tracking_interfaces/msg/rosidl_typesupport_introspection_c__visibility_control.h
[0.593s] -- Up-to-date symlink: /home/tdeng23/ros2_ws/install/motion_capture_tracking_interfaces/include/motion_capture_tracking_interfaces/msg/detail/named_pose__builder.hpp
[0.593s] -- Up-to-date symlink: /home/tdeng23/ros2_ws/install/motion_capture_tracking_interfaces/include/motion_capture_tracking_interfaces/msg/detail/named_pose__struct.hpp
[0.593s] -- Up-to-date symlink: /home/tdeng23/ros2_ws/install/motion_capture_tracking_interfaces/include/motion_capture_tracking_interfaces/msg/detail/named_pose__traits.hpp
[0.593s] -- Up-to-date symlink: /home/tdeng23/ros2_ws/install/motion_capture_tracking_interfaces/include/motion_capture_tracking_interfaces/msg/detail/named_pose_array__builder.hpp
[0.594s] -- Up-to-date symlink: /home/tdeng23/ros2_ws/install/motion_capture_tracking_interfaces/include/motion_capture_tracking_interfaces/msg/detail/named_pose_array__struct.hpp
[0.594s] -- Up-to-date symlink: /home/tdeng23/ros2_ws/install/motion_capture_tracking_interfaces/include/motion_capture_tracking_interfaces/msg/detail/named_pose_array__traits.hpp
[0.594s] -- Up-to-date symlink: /home/tdeng23/ros2_ws/install/motion_capture_tracking_interfaces/include/motion_capture_tracking_interfaces/msg/named_pose.hpp
[0.594s] -- Up-to-date symlink: /home/tdeng23/ros2_ws/install/motion_capture_tracking_interfaces/include/motion_capture_tracking_interfaces/msg/named_pose_array.hpp
[0.594s] -- Up-to-date symlink: /home/tdeng23/ros2_ws/install/motion_capture_tracking_interfaces/include/motion_capture_tracking_interfaces/msg/detail/named_pose__rosidl_typesupport_introspection_cpp.hpp
[0.594s] -- Up-to-date symlink: /home/tdeng23/ros2_ws/install/motion_capture_tracking_interfaces/include/motion_capture_tracking_interfaces/msg/detail/named_pose_array__rosidl_typesupport_introspection_cpp.hpp
[0.595s] -- Up-to-date symlink: /home/tdeng23/ros2_ws/install/motion_capture_tracking_interfaces/share/motion_capture_tracking_interfaces/environment/pythonpath.sh
[0.595s] -- Up-to-date symlink: /home/tdeng23/ros2_ws/install/motion_capture_tracking_interfaces/share/motion_capture_tracking_interfaces/environment/pythonpath.dsv
[0.595s] -- Up-to-date symlink: /home/tdeng23/ros2_ws/install/motion_capture_tracking_interfaces/lib/python3.8/site-packages/motion_capture_tracking_interfaces/__init__.py
[0.596s] -- Up-to-date symlink: /home/tdeng23/ros2_ws/install/motion_capture_tracking_interfaces/lib/python3.8/site-packages/motion_capture_tracking_interfaces/msg/__init__.py
[0.596s] -- Up-to-date symlink: /home/tdeng23/ros2_ws/install/motion_capture_tracking_interfaces/lib/python3.8/site-packages/motion_capture_tracking_interfaces/msg/_named_pose.py
[0.596s] -- Up-to-date symlink: /home/tdeng23/ros2_ws/install/motion_capture_tracking_interfaces/lib/python3.8/site-packages/motion_capture_tracking_interfaces/msg/_named_pose_array.py
[0.596s] -- Up-to-date symlink: /home/tdeng23/ros2_ws/install/motion_capture_tracking_interfaces/lib/python3.8/site-packages/motion_capture_tracking_interfaces/motion_capture_tracking_interfaces_s__rosidl_typesupport_fastrtps_c.cpython-38-x86_64-linux-gnu.so
[0.597s] -- Up-to-date symlink: /home/tdeng23/ros2_ws/install/motion_capture_tracking_interfaces/lib/python3.8/site-packages/motion_capture_tracking_interfaces/motion_capture_tracking_interfaces_s__rosidl_typesupport_introspection_c.cpython-38-x86_64-linux-gnu.so
[0.597s] -- Up-to-date symlink: /home/tdeng23/ros2_ws/install/motion_capture_tracking_interfaces/lib/python3.8/site-packages/motion_capture_tracking_interfaces/motion_capture_tracking_interfaces_s__rosidl_typesupport_c.cpython-38-x86_64-linux-gnu.so
[0.597s] -- Up-to-date symlink: /home/tdeng23/ros2_ws/install/motion_capture_tracking_interfaces/lib/libmotion_capture_tracking_interfaces__python.so
[0.598s] -- Up-to-date symlink: /home/tdeng23/ros2_ws/install/motion_capture_tracking_interfaces/share/motion_capture_tracking_interfaces/msg/NamedPose.idl
[0.598s] -- Up-to-date symlink: /home/tdeng23/ros2_ws/install/motion_capture_tracking_interfaces/share/motion_capture_tracking_interfaces/msg/NamedPoseArray.idl
[0.598s] -- Up-to-date symlink: /home/tdeng23/ros2_ws/install/motion_capture_tracking_interfaces/share/motion_capture_tracking_interfaces/msg/NamedPose.msg
[0.598s] -- Up-to-date symlink: /home/tdeng23/ros2_ws/install/motion_capture_tracking_interfaces/share/motion_capture_tracking_interfaces/msg/NamedPoseArray.msg
[0.598s] -- Up-to-date symlink: /home/tdeng23/ros2_ws/install/motion_capture_tracking_interfaces/share/ament_index/resource_index/package_run_dependencies/motion_capture_tracking_interfaces
[0.599s] -- Up-to-date symlink: /home/tdeng23/ros2_ws/install/motion_capture_tracking_interfaces/share/ament_index/resource_index/parent_prefix_path/motion_capture_tracking_interfaces
[0.599s] -- Up-to-date symlink: /home/tdeng23/ros2_ws/install/motion_capture_tracking_interfaces/share/motion_capture_tracking_interfaces/environment/ament_prefix_path.sh
[0.599s] -- Up-to-date symlink: /home/tdeng23/ros2_ws/install/motion_capture_tracking_interfaces/share/motion_capture_tracking_interfaces/environment/ament_prefix_path.dsv
[0.599s] -- Up-to-date symlink: /home/tdeng23/ros2_ws/install/motion_capture_tracking_interfaces/share/motion_capture_tracking_interfaces/environment/path.sh
[0.599s] -- Up-to-date symlink: /home/tdeng23/ros2_ws/install/motion_capture_tracking_interfaces/share/motion_capture_tracking_interfaces/environment/path.dsv
[0.600s] -- Up-to-date symlink: /home/tdeng23/ros2_ws/install/motion_capture_tracking_interfaces/share/motion_capture_tracking_interfaces/local_setup.bash
[0.600s] -- Up-to-date symlink: /home/tdeng23/ros2_ws/install/motion_capture_tracking_interfaces/share/motion_capture_tracking_interfaces/local_setup.sh
[0.600s] -- Up-to-date symlink: /home/tdeng23/ros2_ws/install/motion_capture_tracking_interfaces/share/motion_capture_tracking_interfaces/local_setup.zsh
[0.600s] -- Up-to-date symlink: /home/tdeng23/ros2_ws/install/motion_capture_tracking_interfaces/share/motion_capture_tracking_interfaces/local_setup.dsv
[0.601s] -- Symlinking: /home/tdeng23/ros2_ws/install/motion_capture_tracking_interfaces/share/motion_capture_tracking_interfaces/package.dsv
[0.609s] -- Up-to-date symlink: /home/tdeng23/ros2_ws/install/motion_capture_tracking_interfaces/share/ament_index/resource_index/packages/motion_capture_tracking_interfaces
[0.610s] -- Up-to-date symlink: /home/tdeng23/ros2_ws/install/motion_capture_tracking_interfaces/share/motion_capture_tracking_interfaces/cmake/rosidl_cmake-extras.cmake
[0.610s] -- Up-to-date symlink: /home/tdeng23/ros2_ws/install/motion_capture_tracking_interfaces/share/motion_capture_tracking_interfaces/cmake/ament_cmake_export_dependencies-extras.cmake
[0.610s] -- Up-to-date symlink: /home/tdeng23/ros2_ws/install/motion_capture_tracking_interfaces/share/motion_capture_tracking_interfaces/cmake/ament_cmake_export_libraries-extras.cmake
[0.610s] -- Up-to-date symlink: /home/tdeng23/ros2_ws/install/motion_capture_tracking_interfaces/share/motion_capture_tracking_interfaces/cmake/ament_cmake_export_targets-extras.cmake
[0.610s] -- Up-to-date symlink: /home/tdeng23/ros2_ws/install/motion_capture_tracking_interfaces/share/motion_capture_tracking_interfaces/cmake/ament_cmake_export_include_directories-extras.cmake
[0.611s] -- Up-to-date symlink: /home/tdeng23/ros2_ws/install/motion_capture_tracking_interfaces/share/motion_capture_tracking_interfaces/cmake/rosidl_cmake_export_typesupport_libraries-extras.cmake
[0.611s] -- Up-to-date symlink: /home/tdeng23/ros2_ws/install/motion_capture_tracking_interfaces/share/motion_capture_tracking_interfaces/cmake/rosidl_cmake_export_typesupport_targets-extras.cmake
[0.611s] -- Up-to-date symlink: /home/tdeng23/ros2_ws/install/motion_capture_tracking_interfaces/share/motion_capture_tracking_interfaces/cmake/motion_capture_tracking_interfacesConfig.cmake
[0.611s] -- Up-to-date symlink: /home/tdeng23/ros2_ws/install/motion_capture_tracking_interfaces/share/motion_capture_tracking_interfaces/cmake/motion_capture_tracking_interfacesConfig-version.cmake
[0.612s] -- Up-to-date symlink: /home/tdeng23/ros2_ws/install/motion_capture_tracking_interfaces/share/motion_capture_tracking_interfaces/package.xml
[0.612s] -- Up-to-date: /home/tdeng23/ros2_ws/install/motion_capture_tracking_interfaces/lib/libmotion_capture_tracking_interfaces__rosidl_generator_c.so
[0.612s] -- Up-to-date: /home/tdeng23/ros2_ws/install/motion_capture_tracking_interfaces/lib/libmotion_capture_tracking_interfaces__rosidl_typesupport_introspection_c.so
[0.612s] -- Up-to-date: /home/tdeng23/ros2_ws/install/motion_capture_tracking_interfaces/lib/libmotion_capture_tracking_interfaces__rosidl_typesupport_c.so
[0.613s] -- Up-to-date: /home/tdeng23/ros2_ws/install/motion_capture_tracking_interfaces/lib/libmotion_capture_tracking_interfaces__rosidl_typesupport_introspection_cpp.so
[0.613s] -- Up-to-date: /home/tdeng23/ros2_ws/install/motion_capture_tracking_interfaces/lib/libmotion_capture_tracking_interfaces__rosidl_typesupport_cpp.so
[0.653s] -- Up-to-date: /home/tdeng23/ros2_ws/install/motion_capture_tracking_interfaces/share/motion_capture_tracking_interfaces/cmake/motion_capture_tracking_interfaces__rosidl_generator_cExport.cmake
[0.653s] -- Up-to-date: /home/tdeng23/ros2_ws/install/motion_capture_tracking_interfaces/share/motion_capture_tracking_interfaces/cmake/motion_capture_tracking_interfaces__rosidl_generator_cExport-noconfig.cmake
[0.653s] -- Up-to-date: /home/tdeng23/ros2_ws/install/motion_capture_tracking_interfaces/share/motion_capture_tracking_interfaces/cmake/motion_capture_tracking_interfaces__rosidl_typesupport_introspection_cExport.cmake
[0.654s] -- Up-to-date: /home/tdeng23/ros2_ws/install/motion_capture_tracking_interfaces/share/motion_capture_tracking_interfaces/cmake/motion_capture_tracking_interfaces__rosidl_typesupport_introspection_cExport-noconfig.cmake
[0.654s] -- Up-to-date: /home/tdeng23/ros2_ws/install/motion_capture_tracking_interfaces/share/motion_capture_tracking_interfaces/cmake/motion_capture_tracking_interfaces__rosidl_typesupport_cExport.cmake
[0.654s] -- Up-to-date: /home/tdeng23/ros2_ws/install/motion_capture_tracking_interfaces/share/motion_capture_tracking_interfaces/cmake/motion_capture_tracking_interfaces__rosidl_typesupport_cExport-noconfig.cmake
[0.654s] -- Up-to-date: /home/tdeng23/ros2_ws/install/motion_capture_tracking_interfaces/share/motion_capture_tracking_interfaces/cmake/motion_capture_tracking_interfaces__rosidl_generator_cppExport.cmake
[0.654s] -- Up-to-date: /home/tdeng23/ros2_ws/install/motion_capture_tracking_interfaces/share/motion_capture_tracking_interfaces/cmake/motion_capture_tracking_interfaces__rosidl_typesupport_introspection_cppExport.cmake
[0.654s] -- Up-to-date: /home/tdeng23/ros2_ws/install/motion_capture_tracking_interfaces/share/motion_capture_tracking_interfaces/cmake/motion_capture_tracking_interfaces__rosidl_typesupport_introspection_cppExport-noconfig.cmake
[0.654s] -- Up-to-date: /home/tdeng23/ros2_ws/install/motion_capture_tracking_interfaces/share/motion_capture_tracking_interfaces/cmake/motion_capture_tracking_interfaces__rosidl_typesupport_cppExport.cmake
[0.655s] -- Up-to-date: /home/tdeng23/ros2_ws/install/motion_capture_tracking_interfaces/share/motion_capture_tracking_interfaces/cmake/motion_capture_tracking_interfaces__rosidl_typesupport_cppExport-noconfig.cmake
[0.657s] Invoked command in '/home/tdeng23/ros2_ws/build/motion_capture_tracking_interfaces' returned '0': CMAKE_PREFIX_PATH=${CMAKE_PREFIX_PATH}:/home/tdeng23/ros2_ws/install/my_package:/home/tdeng23/ros2_ws/install/crazyflie_simulation:/home/tdeng23/ros2_ws/install/crazyflie_py:/opt/ros/galactic /usr/bin/cmake --install /home/tdeng23/ros2_ws/build/motion_capture_tracking_interfaces
