[0.343s] Invoking command in '/home/tdeng23/ros2_ws/build/crazyflie_ros2_interfaces': CMAKE_PREFIX_PATH=${CMAKE_PREFIX_PATH}:/home/tdeng23/ros2_ws/install/my_package:/home/tdeng23/ros2_ws/install/crazyflie_simulation:/home/tdeng23/ros2_ws/install/crazyflie_ros2_simulation:/home/tdeng23/ros2_ws/install/crazyflie_ros2_simple_mapper:/home/tdeng23/ros2_ws/install/crazyflie_ros2_scan:/home/tdeng23/ros2_ws/install/crazyflie_ros2:/home/tdeng23/ros2_ws/install/crazyflie_py:/opt/ros/galactic /home/tdeng23/.local/bin/cmake /home/tdeng23/ros2_ws/src/crazyswarm2/crazyflie_ros2_interfaces -DCMAKE_INSTALL_PREFIX=/home/tdeng23/ros2_ws/install/crazyflie_ros2_interfaces
[0.965s] -- Found ament_cmake: 1.1.6 (/opt/ros/galactic/share/ament_cmake/cmake)
[0.965s] -- Found PythonInterp: /usr/bin/python3 (found suitable version "3.8.10", minimum required is "3") 
[0.965s] -- Using PYTHON_EXECUTABLE: /usr/bin/python3
[0.965s] -- Override CMake install command with custom implementation using symlinks instead of copying resources
[0.965s] -- Found ament_lint_auto: 0.10.7 (/opt/ros/galactic/share/ament_lint_auto/cmake)
[0.965s] -- Found rosidl_default_generators: 1.1.1 (/opt/ros/galactic/share/rosidl_default_generators/cmake)
[0.965s] -- Using all available rosidl_typesupport_c: rosidl_typesupport_fastrtps_c;rosidl_typesupport_introspection_c
[0.965s] -- Found rosidl_adapter: 2.2.3 (/opt/ros/galactic/share/rosidl_adapter/cmake)
[0.965s] -- Using all available rosidl_typesupport_cpp: rosidl_typesupport_fastrtps_cpp;rosidl_typesupport_introspection_cpp
[0.966s] -- Found PythonInterp: /usr/bin/python3 (found version "3.8.10") 
[1.110s] -- Found ament_cmake_ros: 0.9.2 (/opt/ros/galactic/share/ament_cmake_ros/cmake)
[1.361s] -- Using all available rosidl_typesupport_c: rosidl_typesupport_fastrtps_c;rosidl_typesupport_introspection_c
[1.409s] -- Using all available rosidl_typesupport_cpp: rosidl_typesupport_fastrtps_cpp;rosidl_typesupport_introspection_cpp
[1.479s] -- Found PythonInterp: /usr/bin/python3 (found suitable version "3.8.10", minimum required is "3.5") 
[1.490s] -- Found python_cmake_module: 0.8.1 (/opt/ros/galactic/share/python_cmake_module/cmake)
[1.547s] -- Using PYTHON_EXECUTABLE: /usr/bin/python3
[1.548s] -- Using PYTHON_INCLUDE_DIRS: /usr/include/python3.8
[1.548s] -- Using PYTHON_LIBRARIES: /usr/lib/x86_64-linux-gnu/libpython3.8.so
[1.610s] -- Added test 'copyright' to check source files copyright and LICENSE
[1.612s] -- Added test 'lint_cmake' to check CMake code style
[1.614s] -- Added test 'xmllint' to check XML markup files
[1.622s] -- Configuring done (1.2s)
[1.701s] -- Generating done (0.1s)
[1.706s] -- Build files have been written to: /home/tdeng23/ros2_ws/build/crazyflie_ros2_interfaces
[1.892s] Invoked command in '/home/tdeng23/ros2_ws/build/crazyflie_ros2_interfaces' returned '0': CMAKE_PREFIX_PATH=${CMAKE_PREFIX_PATH}:/home/tdeng23/ros2_ws/install/my_package:/home/tdeng23/ros2_ws/install/crazyflie_simulation:/home/tdeng23/ros2_ws/install/crazyflie_ros2_simulation:/home/tdeng23/ros2_ws/install/crazyflie_ros2_simple_mapper:/home/tdeng23/ros2_ws/install/crazyflie_ros2_scan:/home/tdeng23/ros2_ws/install/crazyflie_ros2:/home/tdeng23/ros2_ws/install/crazyflie_py:/opt/ros/galactic /home/tdeng23/.local/bin/cmake /home/tdeng23/ros2_ws/src/crazyswarm2/crazyflie_ros2_interfaces -DCMAKE_INSTALL_PREFIX=/home/tdeng23/ros2_ws/install/crazyflie_ros2_interfaces
[1.894s] Invoking command in '/home/tdeng23/ros2_ws/build/crazyflie_ros2_interfaces': CMAKE_PREFIX_PATH=${CMAKE_PREFIX_PATH}:/home/tdeng23/ros2_ws/install/my_package:/home/tdeng23/ros2_ws/install/crazyflie_simulation:/home/tdeng23/ros2_ws/install/crazyflie_ros2_simulation:/home/tdeng23/ros2_ws/install/crazyflie_ros2_simple_mapper:/home/tdeng23/ros2_ws/install/crazyflie_ros2_scan:/home/tdeng23/ros2_ws/install/crazyflie_ros2:/home/tdeng23/ros2_ws/install/crazyflie_py:/opt/ros/galactic /home/tdeng23/.local/bin/cmake --build /home/tdeng23/ros2_ws/build/crazyflie_ros2_interfaces -- -j8 -l8
[1.989s] [  3%] Built target crazyflie_ros2_interfaces__cpp
[2.000s] [ 12%] Built target crazyflie_ros2_interfaces__rosidl_generator_c
[2.049s] [ 22%] Built target crazyflie_ros2_interfaces__rosidl_typesupport_introspection_cpp
[2.056s] [ 32%] Built target crazyflie_ros2_interfaces__rosidl_typesupport_cpp
[2.060s] [ 41%] Built target crazyflie_ros2_interfaces__rosidl_typesupport_fastrtps_cpp
[2.064s] [ 51%] Built target crazyflie_ros2_interfaces__rosidl_typesupport_c
[2.064s] [ 61%] Built target crazyflie_ros2_interfaces__rosidl_typesupport_introspection_c
[2.089s] [ 70%] Built target crazyflie_ros2_interfaces__rosidl_typesupport_fastrtps_c
[2.105s] [ 70%] Built target crazyflie_ros2_interfaces
[2.124s] [ 74%] Built target crazyflie_ros2_interfaces__py
[2.149s] [ 80%] Built target crazyflie_ros2_interfaces__python
[2.217s] [ 87%] Built target crazyflie_ros2_interfaces__rosidl_typesupport_c__pyext
[2.223s] [ 93%] Built target crazyflie_ros2_interfaces__rosidl_typesupport_introspection_c__pyext
[2.226s] [100%] Built target crazyflie_ros2_interfaces__rosidl_typesupport_fastrtps_c__pyext
[2.240s] Invoked command in '/home/tdeng23/ros2_ws/build/crazyflie_ros2_interfaces' returned '0': CMAKE_PREFIX_PATH=${CMAKE_PREFIX_PATH}:/home/tdeng23/ros2_ws/install/my_package:/home/tdeng23/ros2_ws/install/crazyflie_simulation:/home/tdeng23/ros2_ws/install/crazyflie_ros2_simulation:/home/tdeng23/ros2_ws/install/crazyflie_ros2_simple_mapper:/home/tdeng23/ros2_ws/install/crazyflie_ros2_scan:/home/tdeng23/ros2_ws/install/crazyflie_ros2:/home/tdeng23/ros2_ws/install/crazyflie_py:/opt/ros/galactic /home/tdeng23/.local/bin/cmake --build /home/tdeng23/ros2_ws/build/crazyflie_ros2_interfaces -- -j8 -l8
[2.423s] Invoking command in '/home/tdeng23/ros2_ws/build/crazyflie_ros2_interfaces': CMAKE_PREFIX_PATH=${CMAKE_PREFIX_PATH}:/home/tdeng23/ros2_ws/install/my_package:/home/tdeng23/ros2_ws/install/crazyflie_simulation:/home/tdeng23/ros2_ws/install/crazyflie_ros2_simulation:/home/tdeng23/ros2_ws/install/crazyflie_ros2_simple_mapper:/home/tdeng23/ros2_ws/install/crazyflie_ros2_scan:/home/tdeng23/ros2_ws/install/crazyflie_ros2:/home/tdeng23/ros2_ws/install/crazyflie_py:/opt/ros/galactic /home/tdeng23/.local/bin/cmake --install /home/tdeng23/ros2_ws/build/crazyflie_ros2_interfaces
[2.491s] -- Install configuration: ""
[2.492s] -- Execute custom install script
[2.493s] -- Up-to-date symlink: /home/tdeng23/ros2_ws/install/crazyflie_ros2_interfaces/share/ament_index/resource_index/rosidl_interfaces/crazyflie_ros2_interfaces
[2.493s] -- Up-to-date symlink: /home/tdeng23/ros2_ws/install/crazyflie_ros2_interfaces/include/crazyflie_ros2_interfaces/action/detail/multi_ranger_scan__functions.h
[2.494s] -- Up-to-date symlink: /home/tdeng23/ros2_ws/install/crazyflie_ros2_interfaces/include/crazyflie_ros2_interfaces/action/detail/multi_ranger_scan__struct.h
[2.494s] -- Up-to-date symlink: /home/tdeng23/ros2_ws/install/crazyflie_ros2_interfaces/include/crazyflie_ros2_interfaces/action/detail/multi_ranger_scan__type_support.h
[2.494s] -- Up-to-date symlink: /home/tdeng23/ros2_ws/install/crazyflie_ros2_interfaces/include/crazyflie_ros2_interfaces/action/multi_ranger_scan.h
[2.494s] -- Up-to-date symlink: /home/tdeng23/ros2_ws/install/crazyflie_ros2_interfaces/include/crazyflie_ros2_interfaces/msg/rosidl_generator_c__visibility_control.h
[2.494s] -- Up-to-date symlink: /home/tdeng23/ros2_ws/install/crazyflie_ros2_interfaces/share/crazyflie_ros2_interfaces/environment/library_path.sh
[2.498s] -- Up-to-date symlink: /home/tdeng23/ros2_ws/install/crazyflie_ros2_interfaces/share/crazyflie_ros2_interfaces/environment/library_path.dsv
[2.500s] -- Up-to-date symlink: /home/tdeng23/ros2_ws/install/crazyflie_ros2_interfaces/include/crazyflie_ros2_interfaces/action/detail/multi_ranger_scan__rosidl_typesupport_fastrtps_c.h
[2.500s] -- Up-to-date symlink: /home/tdeng23/ros2_ws/install/crazyflie_ros2_interfaces/include/crazyflie_ros2_interfaces/msg/rosidl_typesupport_fastrtps_c__visibility_control.h
[2.501s] -- Up-to-date symlink: /home/tdeng23/ros2_ws/install/crazyflie_ros2_interfaces/lib/libcrazyflie_ros2_interfaces__rosidl_typesupport_fastrtps_c.so
[2.501s] -- Up-to-date symlink: /home/tdeng23/ros2_ws/install/crazyflie_ros2_interfaces/include/crazyflie_ros2_interfaces/action/detail/multi_ranger_scan__rosidl_typesupport_fastrtps_cpp.hpp
[2.501s] -- Up-to-date symlink: /home/tdeng23/ros2_ws/install/crazyflie_ros2_interfaces/include/crazyflie_ros2_interfaces/msg/rosidl_typesupport_fastrtps_cpp__visibility_control.h
[2.501s] -- Up-to-date symlink: /home/tdeng23/ros2_ws/install/crazyflie_ros2_interfaces/lib/libcrazyflie_ros2_interfaces__rosidl_typesupport_fastrtps_cpp.so
[2.501s] -- Up-to-date symlink: /home/tdeng23/ros2_ws/install/crazyflie_ros2_interfaces/include/crazyflie_ros2_interfaces/action/detail/multi_ranger_scan__rosidl_typesupport_introspection_c.h
[2.501s] -- Up-to-date symlink: /home/tdeng23/ros2_ws/install/crazyflie_ros2_interfaces/include/crazyflie_ros2_interfaces/msg/rosidl_typesupport_introspection_c__visibility_control.h
[2.502s] -- Up-to-date symlink: /home/tdeng23/ros2_ws/install/crazyflie_ros2_interfaces/include/crazyflie_ros2_interfaces/action/detail/multi_ranger_scan__builder.hpp
[2.502s] -- Up-to-date symlink: /home/tdeng23/ros2_ws/install/crazyflie_ros2_interfaces/include/crazyflie_ros2_interfaces/action/detail/multi_ranger_scan__struct.hpp
[2.502s] -- Up-to-date symlink: /home/tdeng23/ros2_ws/install/crazyflie_ros2_interfaces/include/crazyflie_ros2_interfaces/action/detail/multi_ranger_scan__traits.hpp
[2.502s] -- Up-to-date symlink: /home/tdeng23/ros2_ws/install/crazyflie_ros2_interfaces/include/crazyflie_ros2_interfaces/action/multi_ranger_scan.hpp
[2.502s] -- Up-to-date symlink: /home/tdeng23/ros2_ws/install/crazyflie_ros2_interfaces/include/crazyflie_ros2_interfaces/action/detail/multi_ranger_scan__rosidl_typesupport_introspection_cpp.hpp
[2.502s] -- Up-to-date symlink: /home/tdeng23/ros2_ws/install/crazyflie_ros2_interfaces/share/crazyflie_ros2_interfaces/environment/pythonpath.sh
[2.503s] -- Up-to-date symlink: /home/tdeng23/ros2_ws/install/crazyflie_ros2_interfaces/share/crazyflie_ros2_interfaces/environment/pythonpath.dsv
[2.503s] -- Up-to-date symlink: /home/tdeng23/ros2_ws/install/crazyflie_ros2_interfaces/lib/python3.8/site-packages/crazyflie_ros2_interfaces/__init__.py
[2.503s] -- Up-to-date symlink: /home/tdeng23/ros2_ws/install/crazyflie_ros2_interfaces/lib/python3.8/site-packages/crazyflie_ros2_interfaces/action/__init__.py
[2.503s] -- Up-to-date symlink: /home/tdeng23/ros2_ws/install/crazyflie_ros2_interfaces/lib/python3.8/site-packages/crazyflie_ros2_interfaces/action/_multi_ranger_scan.py
[2.503s] -- Up-to-date symlink: /home/tdeng23/ros2_ws/install/crazyflie_ros2_interfaces/lib/python3.8/site-packages/crazyflie_ros2_interfaces/crazyflie_ros2_interfaces_s__rosidl_typesupport_fastrtps_c.cpython-38-x86_64-linux-gnu.so
[2.504s] -- Up-to-date symlink: /home/tdeng23/ros2_ws/install/crazyflie_ros2_interfaces/lib/python3.8/site-packages/crazyflie_ros2_interfaces/crazyflie_ros2_interfaces_s__rosidl_typesupport_introspection_c.cpython-38-x86_64-linux-gnu.so
[2.504s] -- Up-to-date symlink: /home/tdeng23/ros2_ws/install/crazyflie_ros2_interfaces/lib/python3.8/site-packages/crazyflie_ros2_interfaces/crazyflie_ros2_interfaces_s__rosidl_typesupport_c.cpython-38-x86_64-linux-gnu.so
[2.505s] -- Up-to-date symlink: /home/tdeng23/ros2_ws/install/crazyflie_ros2_interfaces/lib/libcrazyflie_ros2_interfaces__python.so
[2.505s] -- Up-to-date symlink: /home/tdeng23/ros2_ws/install/crazyflie_ros2_interfaces/share/crazyflie_ros2_interfaces/action/MultiRangerScan.idl
[2.505s] -- Up-to-date symlink: /home/tdeng23/ros2_ws/install/crazyflie_ros2_interfaces/share/crazyflie_ros2_interfaces/action/MultiRangerScan.action
[2.505s] -- Up-to-date symlink: /home/tdeng23/ros2_ws/install/crazyflie_ros2_interfaces/share/ament_index/resource_index/package_run_dependencies/crazyflie_ros2_interfaces
[2.505s] -- Up-to-date symlink: /home/tdeng23/ros2_ws/install/crazyflie_ros2_interfaces/share/ament_index/resource_index/parent_prefix_path/crazyflie_ros2_interfaces
[2.505s] -- Up-to-date symlink: /home/tdeng23/ros2_ws/install/crazyflie_ros2_interfaces/share/crazyflie_ros2_interfaces/environment/ament_prefix_path.sh
[2.506s] -- Up-to-date symlink: /home/tdeng23/ros2_ws/install/crazyflie_ros2_interfaces/share/crazyflie_ros2_interfaces/environment/ament_prefix_path.dsv
[2.506s] -- Up-to-date symlink: /home/tdeng23/ros2_ws/install/crazyflie_ros2_interfaces/share/crazyflie_ros2_interfaces/environment/path.sh
[2.506s] -- Up-to-date symlink: /home/tdeng23/ros2_ws/install/crazyflie_ros2_interfaces/share/crazyflie_ros2_interfaces/environment/path.dsv
[2.506s] -- Up-to-date symlink: /home/tdeng23/ros2_ws/install/crazyflie_ros2_interfaces/share/crazyflie_ros2_interfaces/local_setup.bash
[2.506s] -- Up-to-date symlink: /home/tdeng23/ros2_ws/install/crazyflie_ros2_interfaces/share/crazyflie_ros2_interfaces/local_setup.sh
[2.506s] -- Up-to-date symlink: /home/tdeng23/ros2_ws/install/crazyflie_ros2_interfaces/share/crazyflie_ros2_interfaces/local_setup.zsh
[2.507s] -- Up-to-date symlink: /home/tdeng23/ros2_ws/install/crazyflie_ros2_interfaces/share/crazyflie_ros2_interfaces/local_setup.dsv
[2.507s] -- Symlinking: /home/tdeng23/ros2_ws/install/crazyflie_ros2_interfaces/share/crazyflie_ros2_interfaces/package.dsv
[2.512s] -- Up-to-date symlink: /home/tdeng23/ros2_ws/install/crazyflie_ros2_interfaces/share/ament_index/resource_index/packages/crazyflie_ros2_interfaces
[2.512s] -- Up-to-date symlink: /home/tdeng23/ros2_ws/install/crazyflie_ros2_interfaces/share/crazyflie_ros2_interfaces/cmake/rosidl_cmake-extras.cmake
[2.512s] -- Up-to-date symlink: /home/tdeng23/ros2_ws/install/crazyflie_ros2_interfaces/share/crazyflie_ros2_interfaces/cmake/ament_cmake_export_dependencies-extras.cmake
[2.512s] -- Up-to-date symlink: /home/tdeng23/ros2_ws/install/crazyflie_ros2_interfaces/share/crazyflie_ros2_interfaces/cmake/ament_cmake_export_libraries-extras.cmake
[2.513s] -- Up-to-date symlink: /home/tdeng23/ros2_ws/install/crazyflie_ros2_interfaces/share/crazyflie_ros2_interfaces/cmake/ament_cmake_export_targets-extras.cmake
[2.513s] -- Up-to-date symlink: /home/tdeng23/ros2_ws/install/crazyflie_ros2_interfaces/share/crazyflie_ros2_interfaces/cmake/ament_cmake_export_include_directories-extras.cmake
[2.513s] -- Up-to-date symlink: /home/tdeng23/ros2_ws/install/crazyflie_ros2_interfaces/share/crazyflie_ros2_interfaces/cmake/rosidl_cmake_export_typesupport_libraries-extras.cmake
[2.513s] -- Up-to-date symlink: /home/tdeng23/ros2_ws/install/crazyflie_ros2_interfaces/share/crazyflie_ros2_interfaces/cmake/rosidl_cmake_export_typesupport_targets-extras.cmake
[2.514s] -- Up-to-date symlink: /home/tdeng23/ros2_ws/install/crazyflie_ros2_interfaces/share/crazyflie_ros2_interfaces/cmake/crazyflie_ros2_interfacesConfig.cmake
[2.514s] -- Up-to-date symlink: /home/tdeng23/ros2_ws/install/crazyflie_ros2_interfaces/share/crazyflie_ros2_interfaces/cmake/crazyflie_ros2_interfacesConfig-version.cmake
[2.514s] -- Up-to-date symlink: /home/tdeng23/ros2_ws/install/crazyflie_ros2_interfaces/share/crazyflie_ros2_interfaces/package.xml
[2.515s] -- Up-to-date: /home/tdeng23/ros2_ws/install/crazyflie_ros2_interfaces/lib/libcrazyflie_ros2_interfaces__rosidl_generator_c.so
[2.515s] -- Up-to-date: /home/tdeng23/ros2_ws/install/crazyflie_ros2_interfaces/lib/libcrazyflie_ros2_interfaces__rosidl_typesupport_introspection_c.so
[2.516s] -- Up-to-date: /home/tdeng23/ros2_ws/install/crazyflie_ros2_interfaces/lib/libcrazyflie_ros2_interfaces__rosidl_typesupport_c.so
[2.516s] -- Up-to-date: /home/tdeng23/ros2_ws/install/crazyflie_ros2_interfaces/lib/libcrazyflie_ros2_interfaces__rosidl_typesupport_introspection_cpp.so
[2.516s] -- Up-to-date: /home/tdeng23/ros2_ws/install/crazyflie_ros2_interfaces/lib/libcrazyflie_ros2_interfaces__rosidl_typesupport_cpp.so
[2.590s] Compiling '/home/tdeng23/ros2_ws/install/crazyflie_ros2_interfaces/lib/python3.8/site-packages/crazyflie_ros2_interfaces/__init__.py'...
[2.597s] -- Up-to-date: /home/tdeng23/ros2_ws/install/crazyflie_ros2_interfaces/share/crazyflie_ros2_interfaces/cmake/crazyflie_ros2_interfaces__rosidl_generator_cExport.cmake
[2.598s] -- Up-to-date: /home/tdeng23/ros2_ws/install/crazyflie_ros2_interfaces/share/crazyflie_ros2_interfaces/cmake/crazyflie_ros2_interfaces__rosidl_generator_cExport-noconfig.cmake
[2.604s] -- Up-to-date: /home/tdeng23/ros2_ws/install/crazyflie_ros2_interfaces/share/crazyflie_ros2_interfaces/cmake/crazyflie_ros2_interfaces__rosidl_typesupport_introspection_cExport.cmake
[2.604s] -- Up-to-date: /home/tdeng23/ros2_ws/install/crazyflie_ros2_interfaces/share/crazyflie_ros2_interfaces/cmake/crazyflie_ros2_interfaces__rosidl_typesupport_introspection_cExport-noconfig.cmake
[2.605s] -- Up-to-date: /home/tdeng23/ros2_ws/install/crazyflie_ros2_interfaces/share/crazyflie_ros2_interfaces/cmake/crazyflie_ros2_interfaces__rosidl_typesupport_cExport.cmake
[2.605s] -- Up-to-date: /home/tdeng23/ros2_ws/install/crazyflie_ros2_interfaces/share/crazyflie_ros2_interfaces/cmake/crazyflie_ros2_interfaces__rosidl_typesupport_cExport-noconfig.cmake
[2.605s] -- Up-to-date: /home/tdeng23/ros2_ws/install/crazyflie_ros2_interfaces/share/crazyflie_ros2_interfaces/cmake/crazyflie_ros2_interfaces__rosidl_generator_cppExport.cmake
[2.605s] -- Up-to-date: /home/tdeng23/ros2_ws/install/crazyflie_ros2_interfaces/share/crazyflie_ros2_interfaces/cmake/crazyflie_ros2_interfaces__rosidl_typesupport_introspection_cppExport.cmake
[2.605s] -- Up-to-date: /home/tdeng23/ros2_ws/install/crazyflie_ros2_interfaces/share/crazyflie_ros2_interfaces/cmake/crazyflie_ros2_interfaces__rosidl_typesupport_introspection_cppExport-noconfig.cmake
[2.605s] -- Up-to-date: /home/tdeng23/ros2_ws/install/crazyflie_ros2_interfaces/share/crazyflie_ros2_interfaces/cmake/crazyflie_ros2_interfaces__rosidl_typesupport_cppExport.cmake
[2.605s] -- Up-to-date: /home/tdeng23/ros2_ws/install/crazyflie_ros2_interfaces/share/crazyflie_ros2_interfaces/cmake/crazyflie_ros2_interfaces__rosidl_typesupport_cppExport-noconfig.cmake
[2.617s] Invoked command in '/home/tdeng23/ros2_ws/build/crazyflie_ros2_interfaces' returned '0': CMAKE_PREFIX_PATH=${CMAKE_PREFIX_PATH}:/home/tdeng23/ros2_ws/install/my_package:/home/tdeng23/ros2_ws/install/crazyflie_simulation:/home/tdeng23/ros2_ws/install/crazyflie_ros2_simulation:/home/tdeng23/ros2_ws/install/crazyflie_ros2_simple_mapper:/home/tdeng23/ros2_ws/install/crazyflie_ros2_scan:/home/tdeng23/ros2_ws/install/crazyflie_ros2:/home/tdeng23/ros2_ws/install/crazyflie_py:/opt/ros/galactic /home/tdeng23/.local/bin/cmake --install /home/tdeng23/ros2_ws/build/crazyflie_ros2_interfaces
