[0.486s] Invoking command in '/home/nicxe/ros2_ws/src/crazyswarm2/crazyflie_ros2_sgba': PYTHONPATH=/home/nicxe/ros2_ws/build/crazyflie_ros2_sgba/prefix_override:/home/nicxe/ros2_ws/install/crazyflie_ros2_sgba/lib/python3.8/site-packages:${PYTHONPATH} /usr/bin/python3 setup.py egg_info --egg-base ../../../build/crazyflie_ros2_sgba build --build-base /home/nicxe/ros2_ws/build/crazyflie_ros2_sgba/build install --record /home/nicxe/ros2_ws/build/crazyflie_ros2_sgba/install.log --single-version-externally-managed
[0.658s] running egg_info
[0.658s] writing ../../../build/crazyflie_ros2_sgba/crazyflie_ros2_sgba.egg-info/PKG-INFO
[0.658s] writing dependency_links to ../../../build/crazyflie_ros2_sgba/crazyflie_ros2_sgba.egg-info/dependency_links.txt
[0.659s] writing entry points to ../../../build/crazyflie_ros2_sgba/crazyflie_ros2_sgba.egg-info/entry_points.txt
[0.659s] writing requirements to ../../../build/crazyflie_ros2_sgba/crazyflie_ros2_sgba.egg-info/requires.txt
[0.659s] writing top-level names to ../../../build/crazyflie_ros2_sgba/crazyflie_ros2_sgba.egg-info/top_level.txt
[0.682s] reading manifest file '../../../build/crazyflie_ros2_sgba/crazyflie_ros2_sgba.egg-info/SOURCES.txt'
[0.683s] writing manifest file '../../../build/crazyflie_ros2_sgba/crazyflie_ros2_sgba.egg-info/SOURCES.txt'
[0.683s] running build
[0.683s] running build_py
[0.683s] running install
[0.684s] running install_lib
[0.684s] running install_data
[0.685s] copying resource/crazyflie.urdf -> /home/nicxe/ros2_ws/install/crazyflie_ros2_sgba/share/crazyflie_ros2_sgba/resource/
[0.685s] running install_egg_info
[0.686s] removing '/home/nicxe/ros2_ws/install/crazyflie_ros2_sgba/lib/python3.8/site-packages/crazyflie_ros2_sgba-0.0.0-py3.8.egg-info' (and everything under it)
[0.686s] Copying ../../../build/crazyflie_ros2_sgba/crazyflie_ros2_sgba.egg-info to /home/nicxe/ros2_ws/install/crazyflie_ros2_sgba/lib/python3.8/site-packages/crazyflie_ros2_sgba-0.0.0-py3.8.egg-info
[0.687s] running install_scripts
[0.698s] Installing myNode script to /home/nicxe/ros2_ws/install/crazyflie_ros2_sgba/lib/crazyflie_ros2_sgba
[0.699s] writing list of installed files to '/home/nicxe/ros2_ws/build/crazyflie_ros2_sgba/install.log'
[0.712s] Invoked command in '/home/nicxe/ros2_ws/src/crazyswarm2/crazyflie_ros2_sgba' returned '0': PYTHONPATH=/home/nicxe/ros2_ws/build/crazyflie_ros2_sgba/prefix_override:/home/nicxe/ros2_ws/install/crazyflie_ros2_sgba/lib/python3.8/site-packages:${PYTHONPATH} /usr/bin/python3 setup.py egg_info --egg-base ../../../build/crazyflie_ros2_sgba build --build-base /home/nicxe/ros2_ws/build/crazyflie_ros2_sgba/build install --record /home/nicxe/ros2_ws/build/crazyflie_ros2_sgba/install.log --single-version-externally-managed
