[0.077s] Invoking command in '/home/tdeng23/ros2_ws/build/crazyflie_interfaces': CMAKE_PREFIX_PATH=${CMAKE_PREFIX_PATH}:/home/tdeng23/ros2_ws/install/my_package:/home/tdeng23/ros2_ws/install/crazyflie_simulation:/home/tdeng23/ros2_ws/install/crazyflie_ros2_simulation:/home/tdeng23/ros2_ws/install/crazyflie_ros2_simple_mapper:/home/tdeng23/ros2_ws/install/crazyflie_ros2_scan:/home/tdeng23/ros2_ws/install/crazyflie_ros2:/home/tdeng23/ros2_ws/install/crazyflie_py:/opt/ros/galactic /home/tdeng23/.local/bin/cmake /home/tdeng23/ros2_ws/src/crazyswarm2/crazyflie_interfaces -DAMENT_CMAKE_SYMLINK_INSTALL=1 -DCMAKE_INSTALL_PREFIX=/home/tdeng23/ros2_ws/install/crazyflie_interfaces
[0.914s] -- Found ament_cmake: 1.1.6 (/opt/ros/galactic/share/ament_cmake/cmake)
[0.914s] -- Found PythonInterp: /usr/bin/python3 (found suitable version "3.8.10", minimum required is "3") 
[0.915s] -- Using PYTHON_EXECUTABLE: /usr/bin/python3
[0.915s] -- Override CMake install command with custom implementation using symlinks instead of copying resources
[0.915s] -- Found builtin_interfaces: 1.0.3 (/opt/ros/galactic/share/builtin_interfaces/cmake)
[0.916s] -- Using all available rosidl_typesupport_c: rosidl_typesupport_fastrtps_c;rosidl_typesupport_introspection_c
[0.916s] -- Found rosidl_adapter: 2.2.3 (/opt/ros/galactic/share/rosidl_adapter/cmake)
[0.916s] -- Using all available rosidl_typesupport_cpp: rosidl_typesupport_fastrtps_cpp;rosidl_typesupport_introspection_cpp
[0.916s] -- Found geometry_msgs: 2.2.4 (/opt/ros/galactic/share/geometry_msgs/cmake)
[0.916s] -- Found rosidl_default_generators: 1.1.1 (/opt/ros/galactic/share/rosidl_default_generators/cmake)
[0.916s] -- Found PythonInterp: /usr/bin/python3 (found version "3.8.10") 
[0.916s] -- Found ament_cmake_cppcheck: 0.10.7 (/opt/ros/galactic/share/ament_cmake_cppcheck/cmake)
[0.918s] -- Found ament_cmake_cpplint: 0.10.7 (/opt/ros/galactic/share/ament_cmake_cpplint/cmake)
[0.918s] -- Found ament_cmake_uncrustify: 0.10.7 (/opt/ros/galactic/share/ament_cmake_uncrustify/cmake)
[0.925s] -- Found ament_cmake_ros: 0.9.2 (/opt/ros/galactic/share/ament_cmake_ros/cmake)
[1.381s] -- Using all available rosidl_typesupport_c: rosidl_typesupport_fastrtps_c;rosidl_typesupport_introspection_c
[1.594s] -- Using all available rosidl_typesupport_cpp: rosidl_typesupport_fastrtps_cpp;rosidl_typesupport_introspection_cpp
[1.632s] -- Found PythonInterp: /usr/bin/python3 (found suitable version "3.8.10", minimum required is "3.5") 
[1.632s] -- Found python_cmake_module: 0.8.1 (/opt/ros/galactic/share/python_cmake_module/cmake)
[1.663s] -- Using PYTHON_EXECUTABLE: /usr/bin/python3
[1.663s] -- Using PYTHON_INCLUDE_DIRS: /usr/include/python3.8
[1.663s] -- Using PYTHON_LIBRARIES: /usr/lib/x86_64-linux-gnu/libpython3.8.so
[1.742s] -- Found ament_cmake_flake8: 0.10.7 (/opt/ros/galactic/share/ament_cmake_flake8/cmake)
[1.743s] -- Found ament_cmake_pep257: 0.10.7 (/opt/ros/galactic/share/ament_cmake_pep257/cmake)
[1.774s] -- Configuring done (1.6s)
[1.963s] -- Generating done (0.2s)
[1.973s] -- Build files have been written to: /home/tdeng23/ros2_ws/build/crazyflie_interfaces
[1.987s] Invoked command in '/home/tdeng23/ros2_ws/build/crazyflie_interfaces' returned '0': CMAKE_PREFIX_PATH=${CMAKE_PREFIX_PATH}:/home/tdeng23/ros2_ws/install/my_package:/home/tdeng23/ros2_ws/install/crazyflie_simulation:/home/tdeng23/ros2_ws/install/crazyflie_ros2_simulation:/home/tdeng23/ros2_ws/install/crazyflie_ros2_simple_mapper:/home/tdeng23/ros2_ws/install/crazyflie_ros2_scan:/home/tdeng23/ros2_ws/install/crazyflie_ros2:/home/tdeng23/ros2_ws/install/crazyflie_py:/opt/ros/galactic /home/tdeng23/.local/bin/cmake /home/tdeng23/ros2_ws/src/crazyswarm2/crazyflie_interfaces -DAMENT_CMAKE_SYMLINK_INSTALL=1 -DCMAKE_INSTALL_PREFIX=/home/tdeng23/ros2_ws/install/crazyflie_interfaces
[1.988s] Invoking command in '/home/tdeng23/ros2_ws/build/crazyflie_interfaces': CMAKE_PREFIX_PATH=${CMAKE_PREFIX_PATH}:/home/tdeng23/ros2_ws/install/my_package:/home/tdeng23/ros2_ws/install/crazyflie_simulation:/home/tdeng23/ros2_ws/install/crazyflie_ros2_simulation:/home/tdeng23/ros2_ws/install/crazyflie_ros2_simple_mapper:/home/tdeng23/ros2_ws/install/crazyflie_ros2_scan:/home/tdeng23/ros2_ws/install/crazyflie_ros2:/home/tdeng23/ros2_ws/install/crazyflie_py:/opt/ros/galactic /home/tdeng23/.local/bin/cmake --build /home/tdeng23/ros2_ws/build/crazyflie_interfaces -- -j8 -l8
[2.096s] [  0%] Built target crazyflie_interfaces__cpp
[2.132s] [ 12%] Built target crazyflie_interfaces__rosidl_generator_c
[2.156s] [ 24%] Built target crazyflie_interfaces__rosidl_typesupport_cpp
[2.192s] [ 36%] Built target crazyflie_interfaces__rosidl_typesupport_introspection_cpp
[2.195s] [ 48%] Built target crazyflie_interfaces__rosidl_typesupport_c
[2.198s] [ 60%] Built target crazyflie_interfaces__rosidl_typesupport_introspection_c
[2.199s] [ 72%] Built target crazyflie_interfaces__rosidl_typesupport_fastrtps_cpp
[2.258s] [ 84%] Built target crazyflie_interfaces__rosidl_typesupport_fastrtps_c
[2.271s] [ 84%] Built target crazyflie_interfaces
[2.288s] [ 85%] Built target crazyflie_interfaces__py
[2.337s] [ 96%] Built target crazyflie_interfaces__python
[2.356s] [ 98%] Built target crazyflie_interfaces__rosidl_typesupport_introspection_c__pyext
[2.360s] [ 99%] Built target crazyflie_interfaces__rosidl_typesupport_fastrtps_c__pyext
[2.376s] [100%] Built target crazyflie_interfaces__rosidl_typesupport_c__pyext
[2.392s] Invoked command in '/home/tdeng23/ros2_ws/build/crazyflie_interfaces' returned '0': CMAKE_PREFIX_PATH=${CMAKE_PREFIX_PATH}:/home/tdeng23/ros2_ws/install/my_package:/home/tdeng23/ros2_ws/install/crazyflie_simulation:/home/tdeng23/ros2_ws/install/crazyflie_ros2_simulation:/home/tdeng23/ros2_ws/install/crazyflie_ros2_simple_mapper:/home/tdeng23/ros2_ws/install/crazyflie_ros2_scan:/home/tdeng23/ros2_ws/install/crazyflie_ros2:/home/tdeng23/ros2_ws/install/crazyflie_py:/opt/ros/galactic /home/tdeng23/.local/bin/cmake --build /home/tdeng23/ros2_ws/build/crazyflie_interfaces -- -j8 -l8
[3.086s] Invoking command in '/home/tdeng23/ros2_ws/build/crazyflie_interfaces': CMAKE_PREFIX_PATH=${CMAKE_PREFIX_PATH}:/home/tdeng23/ros2_ws/install/my_package:/home/tdeng23/ros2_ws/install/crazyflie_simulation:/home/tdeng23/ros2_ws/install/crazyflie_ros2_simulation:/home/tdeng23/ros2_ws/install/crazyflie_ros2_simple_mapper:/home/tdeng23/ros2_ws/install/crazyflie_ros2_scan:/home/tdeng23/ros2_ws/install/crazyflie_ros2:/home/tdeng23/ros2_ws/install/crazyflie_py:/opt/ros/galactic /home/tdeng23/.local/bin/cmake --install /home/tdeng23/ros2_ws/build/crazyflie_interfaces
[3.127s] -- Install configuration: ""
[3.127s] -- Execute custom install script
[3.128s] -- Up-to-date symlink: /home/tdeng23/ros2_ws/install/crazyflie_interfaces/share/ament_index/resource_index/rosidl_interfaces/crazyflie_interfaces
[3.133s] -- Up-to-date symlink: /home/tdeng23/ros2_ws/install/crazyflie_interfaces/include/crazyflie_interfaces/msg/detail/full_state__functions.h
[3.133s] -- Up-to-date symlink: /home/tdeng23/ros2_ws/install/crazyflie_interfaces/include/crazyflie_interfaces/msg/detail/full_state__struct.h
[3.133s] -- Up-to-date symlink: /home/tdeng23/ros2_ws/install/crazyflie_interfaces/include/crazyflie_interfaces/msg/detail/full_state__type_support.h
[3.133s] -- Up-to-date symlink: /home/tdeng23/ros2_ws/install/crazyflie_interfaces/include/crazyflie_interfaces/msg/detail/hover__functions.h
[3.133s] -- Up-to-date symlink: /home/tdeng23/ros2_ws/install/crazyflie_interfaces/include/crazyflie_interfaces/msg/detail/hover__struct.h
[3.133s] -- Up-to-date symlink: /home/tdeng23/ros2_ws/install/crazyflie_interfaces/include/crazyflie_interfaces/msg/detail/hover__type_support.h
[3.133s] -- Up-to-date symlink: /home/tdeng23/ros2_ws/install/crazyflie_interfaces/include/crazyflie_interfaces/msg/detail/log_block__functions.h
[3.133s] -- Up-to-date symlink: /home/tdeng23/ros2_ws/install/crazyflie_interfaces/include/crazyflie_interfaces/msg/detail/log_block__struct.h
[3.134s] -- Up-to-date symlink: /home/tdeng23/ros2_ws/install/crazyflie_interfaces/include/crazyflie_interfaces/msg/detail/log_block__type_support.h
[3.134s] -- Up-to-date symlink: /home/tdeng23/ros2_ws/install/crazyflie_interfaces/include/crazyflie_interfaces/msg/detail/log_data_generic__functions.h
[3.134s] -- Up-to-date symlink: /home/tdeng23/ros2_ws/install/crazyflie_interfaces/include/crazyflie_interfaces/msg/detail/log_data_generic__struct.h
[3.134s] -- Up-to-date symlink: /home/tdeng23/ros2_ws/install/crazyflie_interfaces/include/crazyflie_interfaces/msg/detail/log_data_generic__type_support.h
[3.134s] -- Up-to-date symlink: /home/tdeng23/ros2_ws/install/crazyflie_interfaces/include/crazyflie_interfaces/msg/detail/position__functions.h
[3.134s] -- Up-to-date symlink: /home/tdeng23/ros2_ws/install/crazyflie_interfaces/include/crazyflie_interfaces/msg/detail/position__struct.h
[3.134s] -- Up-to-date symlink: /home/tdeng23/ros2_ws/install/crazyflie_interfaces/include/crazyflie_interfaces/msg/detail/position__type_support.h
[3.134s] -- Up-to-date symlink: /home/tdeng23/ros2_ws/install/crazyflie_interfaces/include/crazyflie_interfaces/msg/detail/trajectory_polynomial_piece__functions.h
[3.134s] -- Up-to-date symlink: /home/tdeng23/ros2_ws/install/crazyflie_interfaces/include/crazyflie_interfaces/msg/detail/trajectory_polynomial_piece__struct.h
[3.134s] -- Up-to-date symlink: /home/tdeng23/ros2_ws/install/crazyflie_interfaces/include/crazyflie_interfaces/msg/detail/trajectory_polynomial_piece__type_support.h
[3.134s] -- Up-to-date symlink: /home/tdeng23/ros2_ws/install/crazyflie_interfaces/include/crazyflie_interfaces/msg/detail/velocity_world__functions.h
[3.135s] -- Up-to-date symlink: /home/tdeng23/ros2_ws/install/crazyflie_interfaces/include/crazyflie_interfaces/msg/detail/velocity_world__struct.h
[3.135s] -- Up-to-date symlink: /home/tdeng23/ros2_ws/install/crazyflie_interfaces/include/crazyflie_interfaces/msg/detail/velocity_world__type_support.h
[3.135s] -- Up-to-date symlink: /home/tdeng23/ros2_ws/install/crazyflie_interfaces/include/crazyflie_interfaces/msg/full_state.h
[3.135s] -- Up-to-date symlink: /home/tdeng23/ros2_ws/install/crazyflie_interfaces/include/crazyflie_interfaces/msg/hover.h
[3.135s] -- Up-to-date symlink: /home/tdeng23/ros2_ws/install/crazyflie_interfaces/include/crazyflie_interfaces/msg/log_block.h
[3.135s] -- Up-to-date symlink: /home/tdeng23/ros2_ws/install/crazyflie_interfaces/include/crazyflie_interfaces/msg/log_data_generic.h
[3.135s] -- Up-to-date symlink: /home/tdeng23/ros2_ws/install/crazyflie_interfaces/include/crazyflie_interfaces/msg/position.h
[3.135s] -- Up-to-date symlink: /home/tdeng23/ros2_ws/install/crazyflie_interfaces/include/crazyflie_interfaces/msg/rosidl_generator_c__visibility_control.h
[3.135s] -- Up-to-date symlink: /home/tdeng23/ros2_ws/install/crazyflie_interfaces/include/crazyflie_interfaces/msg/trajectory_polynomial_piece.h
[3.136s] -- Up-to-date symlink: /home/tdeng23/ros2_ws/install/crazyflie_interfaces/include/crazyflie_interfaces/msg/velocity_world.h
[3.136s] -- Up-to-date symlink: /home/tdeng23/ros2_ws/install/crazyflie_interfaces/include/crazyflie_interfaces/srv/add_logging.h
[3.136s] -- Up-to-date symlink: /home/tdeng23/ros2_ws/install/crazyflie_interfaces/include/crazyflie_interfaces/srv/detail/add_logging__functions.h
[3.137s] -- Up-to-date symlink: /home/tdeng23/ros2_ws/install/crazyflie_interfaces/include/crazyflie_interfaces/srv/detail/add_logging__struct.h
[3.137s] -- Up-to-date symlink: /home/tdeng23/ros2_ws/install/crazyflie_interfaces/include/crazyflie_interfaces/srv/detail/add_logging__type_support.h
[3.137s] -- Up-to-date symlink: /home/tdeng23/ros2_ws/install/crazyflie_interfaces/include/crazyflie_interfaces/srv/detail/go_to__functions.h
[3.138s] -- Up-to-date symlink: /home/tdeng23/ros2_ws/install/crazyflie_interfaces/include/crazyflie_interfaces/srv/detail/go_to__struct.h
[3.138s] -- Up-to-date symlink: /home/tdeng23/ros2_ws/install/crazyflie_interfaces/include/crazyflie_interfaces/srv/detail/go_to__type_support.h
[3.138s] -- Up-to-date symlink: /home/tdeng23/ros2_ws/install/crazyflie_interfaces/include/crazyflie_interfaces/srv/detail/land__functions.h
[3.138s] -- Up-to-date symlink: /home/tdeng23/ros2_ws/install/crazyflie_interfaces/include/crazyflie_interfaces/srv/detail/land__struct.h
[3.139s] -- Up-to-date symlink: /home/tdeng23/ros2_ws/install/crazyflie_interfaces/include/crazyflie_interfaces/srv/detail/land__type_support.h
[3.139s] -- Up-to-date symlink: /home/tdeng23/ros2_ws/install/crazyflie_interfaces/include/crazyflie_interfaces/srv/detail/notify_setpoints_stop__functions.h
[3.139s] -- Up-to-date symlink: /home/tdeng23/ros2_ws/install/crazyflie_interfaces/include/crazyflie_interfaces/srv/detail/notify_setpoints_stop__struct.h
[3.139s] -- Up-to-date symlink: /home/tdeng23/ros2_ws/install/crazyflie_interfaces/include/crazyflie_interfaces/srv/detail/notify_setpoints_stop__type_support.h
[3.140s] -- Up-to-date symlink: /home/tdeng23/ros2_ws/install/crazyflie_interfaces/include/crazyflie_interfaces/srv/detail/remove_logging__functions.h
[3.140s] -- Up-to-date symlink: /home/tdeng23/ros2_ws/install/crazyflie_interfaces/include/crazyflie_interfaces/srv/detail/remove_logging__struct.h
[3.140s] -- Up-to-date symlink: /home/tdeng23/ros2_ws/install/crazyflie_interfaces/include/crazyflie_interfaces/srv/detail/remove_logging__type_support.h
[3.140s] -- Up-to-date symlink: /home/tdeng23/ros2_ws/install/crazyflie_interfaces/include/crazyflie_interfaces/srv/detail/set_group_mask__functions.h
[3.141s] -- Up-to-date symlink: /home/tdeng23/ros2_ws/install/crazyflie_interfaces/include/crazyflie_interfaces/srv/detail/set_group_mask__struct.h
[3.141s] -- Up-to-date symlink: /home/tdeng23/ros2_ws/install/crazyflie_interfaces/include/crazyflie_interfaces/srv/detail/set_group_mask__type_support.h
[3.141s] -- Up-to-date symlink: /home/tdeng23/ros2_ws/install/crazyflie_interfaces/include/crazyflie_interfaces/srv/detail/start_trajectory__functions.h
[3.141s] -- Up-to-date symlink: /home/tdeng23/ros2_ws/install/crazyflie_interfaces/include/crazyflie_interfaces/srv/detail/start_trajectory__struct.h
[3.142s] -- Up-to-date symlink: /home/tdeng23/ros2_ws/install/crazyflie_interfaces/include/crazyflie_interfaces/srv/detail/start_trajectory__type_support.h
[3.142s] -- Up-to-date symlink: /home/tdeng23/ros2_ws/install/crazyflie_interfaces/include/crazyflie_interfaces/srv/detail/stop__functions.h
[3.142s] -- Up-to-date symlink: /home/tdeng23/ros2_ws/install/crazyflie_interfaces/include/crazyflie_interfaces/srv/detail/stop__struct.h
[3.142s] -- Up-to-date symlink: /home/tdeng23/ros2_ws/install/crazyflie_interfaces/include/crazyflie_interfaces/srv/detail/stop__type_support.h
[3.142s] -- Up-to-date symlink: /home/tdeng23/ros2_ws/install/crazyflie_interfaces/include/crazyflie_interfaces/srv/detail/takeoff__functions.h
[3.143s] -- Up-to-date symlink: /home/tdeng23/ros2_ws/install/crazyflie_interfaces/include/crazyflie_interfaces/srv/detail/takeoff__struct.h
[3.143s] -- Up-to-date symlink: /home/tdeng23/ros2_ws/install/crazyflie_interfaces/include/crazyflie_interfaces/srv/detail/takeoff__type_support.h
[3.143s] -- Up-to-date symlink: /home/tdeng23/ros2_ws/install/crazyflie_interfaces/include/crazyflie_interfaces/srv/detail/update_params__functions.h
[3.143s] -- Up-to-date symlink: /home/tdeng23/ros2_ws/install/crazyflie_interfaces/include/crazyflie_interfaces/srv/detail/update_params__struct.h
[3.144s] -- Up-to-date symlink: /home/tdeng23/ros2_ws/install/crazyflie_interfaces/include/crazyflie_interfaces/srv/detail/update_params__type_support.h
[3.144s] -- Up-to-date symlink: /home/tdeng23/ros2_ws/install/crazyflie_interfaces/include/crazyflie_interfaces/srv/detail/upload_trajectory__functions.h
[3.144s] -- Up-to-date symlink: /home/tdeng23/ros2_ws/install/crazyflie_interfaces/include/crazyflie_interfaces/srv/detail/upload_trajectory__struct.h
[3.144s] -- Up-to-date symlink: /home/tdeng23/ros2_ws/install/crazyflie_interfaces/include/crazyflie_interfaces/srv/detail/upload_trajectory__type_support.h
[3.145s] -- Up-to-date symlink: /home/tdeng23/ros2_ws/install/crazyflie_interfaces/include/crazyflie_interfaces/srv/go_to.h
[3.145s] -- Up-to-date symlink: /home/tdeng23/ros2_ws/install/crazyflie_interfaces/include/crazyflie_interfaces/srv/land.h
[3.145s] -- Up-to-date symlink: /home/tdeng23/ros2_ws/install/crazyflie_interfaces/include/crazyflie_interfaces/srv/notify_setpoints_stop.h
[3.146s] -- Up-to-date symlink: /home/tdeng23/ros2_ws/install/crazyflie_interfaces/include/crazyflie_interfaces/srv/remove_logging.h
[3.146s] -- Up-to-date symlink: /home/tdeng23/ros2_ws/install/crazyflie_interfaces/include/crazyflie_interfaces/srv/set_group_mask.h
[3.146s] -- Up-to-date symlink: /home/tdeng23/ros2_ws/install/crazyflie_interfaces/include/crazyflie_interfaces/srv/start_trajectory.h
[3.146s] -- Up-to-date symlink: /home/tdeng23/ros2_ws/install/crazyflie_interfaces/include/crazyflie_interfaces/srv/stop.h
[3.146s] -- Up-to-date symlink: /home/tdeng23/ros2_ws/install/crazyflie_interfaces/include/crazyflie_interfaces/srv/takeoff.h
[3.147s] -- Up-to-date symlink: /home/tdeng23/ros2_ws/install/crazyflie_interfaces/include/crazyflie_interfaces/srv/update_params.h
[3.147s] -- Up-to-date symlink: /home/tdeng23/ros2_ws/install/crazyflie_interfaces/include/crazyflie_interfaces/srv/upload_trajectory.h
[3.147s] -- Up-to-date symlink: /home/tdeng23/ros2_ws/install/crazyflie_interfaces/share/crazyflie_interfaces/environment/library_path.sh
[3.148s] -- Up-to-date symlink: /home/tdeng23/ros2_ws/install/crazyflie_interfaces/share/crazyflie_interfaces/environment/library_path.dsv
[3.149s] -- Up-to-date symlink: /home/tdeng23/ros2_ws/install/crazyflie_interfaces/include/crazyflie_interfaces/msg/detail/full_state__rosidl_typesupport_fastrtps_c.h
[3.149s] -- Up-to-date symlink: /home/tdeng23/ros2_ws/install/crazyflie_interfaces/include/crazyflie_interfaces/msg/detail/hover__rosidl_typesupport_fastrtps_c.h
[3.150s] -- Up-to-date symlink: /home/tdeng23/ros2_ws/install/crazyflie_interfaces/include/crazyflie_interfaces/msg/detail/log_block__rosidl_typesupport_fastrtps_c.h
[3.150s] -- Up-to-date symlink: /home/tdeng23/ros2_ws/install/crazyflie_interfaces/include/crazyflie_interfaces/msg/detail/log_data_generic__rosidl_typesupport_fastrtps_c.h
[3.150s] -- Up-to-date symlink: /home/tdeng23/ros2_ws/install/crazyflie_interfaces/include/crazyflie_interfaces/msg/detail/position__rosidl_typesupport_fastrtps_c.h
[3.150s] -- Up-to-date symlink: /home/tdeng23/ros2_ws/install/crazyflie_interfaces/include/crazyflie_interfaces/msg/detail/trajectory_polynomial_piece__rosidl_typesupport_fastrtps_c.h
[3.151s] -- Up-to-date symlink: /home/tdeng23/ros2_ws/install/crazyflie_interfaces/include/crazyflie_interfaces/msg/detail/velocity_world__rosidl_typesupport_fastrtps_c.h
[3.151s] -- Up-to-date symlink: /home/tdeng23/ros2_ws/install/crazyflie_interfaces/include/crazyflie_interfaces/msg/rosidl_typesupport_fastrtps_c__visibility_control.h
[3.151s] -- Up-to-date symlink: /home/tdeng23/ros2_ws/install/crazyflie_interfaces/include/crazyflie_interfaces/srv/detail/add_logging__rosidl_typesupport_fastrtps_c.h
[3.151s] -- Up-to-date symlink: /home/tdeng23/ros2_ws/install/crazyflie_interfaces/include/crazyflie_interfaces/srv/detail/go_to__rosidl_typesupport_fastrtps_c.h
[3.152s] -- Up-to-date symlink: /home/tdeng23/ros2_ws/install/crazyflie_interfaces/include/crazyflie_interfaces/srv/detail/land__rosidl_typesupport_fastrtps_c.h
[3.152s] -- Up-to-date symlink: /home/tdeng23/ros2_ws/install/crazyflie_interfaces/include/crazyflie_interfaces/srv/detail/notify_setpoints_stop__rosidl_typesupport_fastrtps_c.h
[3.152s] -- Up-to-date symlink: /home/tdeng23/ros2_ws/install/crazyflie_interfaces/include/crazyflie_interfaces/srv/detail/remove_logging__rosidl_typesupport_fastrtps_c.h
[3.152s] -- Up-to-date symlink: /home/tdeng23/ros2_ws/install/crazyflie_interfaces/include/crazyflie_interfaces/srv/detail/set_group_mask__rosidl_typesupport_fastrtps_c.h
[3.152s] -- Up-to-date symlink: /home/tdeng23/ros2_ws/install/crazyflie_interfaces/include/crazyflie_interfaces/srv/detail/start_trajectory__rosidl_typesupport_fastrtps_c.h
[3.153s] -- Up-to-date symlink: /home/tdeng23/ros2_ws/install/crazyflie_interfaces/include/crazyflie_interfaces/srv/detail/stop__rosidl_typesupport_fastrtps_c.h
[3.153s] -- Up-to-date symlink: /home/tdeng23/ros2_ws/install/crazyflie_interfaces/include/crazyflie_interfaces/srv/detail/takeoff__rosidl_typesupport_fastrtps_c.h
[3.153s] -- Up-to-date symlink: /home/tdeng23/ros2_ws/install/crazyflie_interfaces/include/crazyflie_interfaces/srv/detail/update_params__rosidl_typesupport_fastrtps_c.h
[3.153s] -- Up-to-date symlink: /home/tdeng23/ros2_ws/install/crazyflie_interfaces/include/crazyflie_interfaces/srv/detail/upload_trajectory__rosidl_typesupport_fastrtps_c.h
[3.154s] -- Up-to-date symlink: /home/tdeng23/ros2_ws/install/crazyflie_interfaces/lib/libcrazyflie_interfaces__rosidl_typesupport_fastrtps_c.so
[3.155s] -- Up-to-date symlink: /home/tdeng23/ros2_ws/install/crazyflie_interfaces/include/crazyflie_interfaces/msg/detail/full_state__rosidl_typesupport_fastrtps_cpp.hpp
[3.155s] -- Up-to-date symlink: /home/tdeng23/ros2_ws/install/crazyflie_interfaces/include/crazyflie_interfaces/msg/detail/hover__rosidl_typesupport_fastrtps_cpp.hpp
[3.155s] -- Up-to-date symlink: /home/tdeng23/ros2_ws/install/crazyflie_interfaces/include/crazyflie_interfaces/msg/detail/log_block__rosidl_typesupport_fastrtps_cpp.hpp
[3.155s] -- Up-to-date symlink: /home/tdeng23/ros2_ws/install/crazyflie_interfaces/include/crazyflie_interfaces/msg/detail/log_data_generic__rosidl_typesupport_fastrtps_cpp.hpp
[3.156s] -- Up-to-date symlink: /home/tdeng23/ros2_ws/install/crazyflie_interfaces/include/crazyflie_interfaces/msg/detail/position__rosidl_typesupport_fastrtps_cpp.hpp
[3.156s] -- Up-to-date symlink: /home/tdeng23/ros2_ws/install/crazyflie_interfaces/include/crazyflie_interfaces/msg/detail/trajectory_polynomial_piece__rosidl_typesupport_fastrtps_cpp.hpp
[3.156s] -- Up-to-date symlink: /home/tdeng23/ros2_ws/install/crazyflie_interfaces/include/crazyflie_interfaces/msg/detail/velocity_world__rosidl_typesupport_fastrtps_cpp.hpp
[3.156s] -- Up-to-date symlink: /home/tdeng23/ros2_ws/install/crazyflie_interfaces/include/crazyflie_interfaces/msg/rosidl_typesupport_fastrtps_cpp__visibility_control.h
[3.156s] -- Up-to-date symlink: /home/tdeng23/ros2_ws/install/crazyflie_interfaces/include/crazyflie_interfaces/srv/detail/add_logging__rosidl_typesupport_fastrtps_cpp.hpp
[3.156s] -- Up-to-date symlink: /home/tdeng23/ros2_ws/install/crazyflie_interfaces/include/crazyflie_interfaces/srv/detail/go_to__rosidl_typesupport_fastrtps_cpp.hpp
[3.157s] -- Up-to-date symlink: /home/tdeng23/ros2_ws/install/crazyflie_interfaces/include/crazyflie_interfaces/srv/detail/land__rosidl_typesupport_fastrtps_cpp.hpp
[3.157s] -- Up-to-date symlink: /home/tdeng23/ros2_ws/install/crazyflie_interfaces/include/crazyflie_interfaces/srv/detail/notify_setpoints_stop__rosidl_typesupport_fastrtps_cpp.hpp
[3.157s] -- Up-to-date symlink: /home/tdeng23/ros2_ws/install/crazyflie_interfaces/include/crazyflie_interfaces/srv/detail/remove_logging__rosidl_typesupport_fastrtps_cpp.hpp
[3.157s] -- Up-to-date symlink: /home/tdeng23/ros2_ws/install/crazyflie_interfaces/include/crazyflie_interfaces/srv/detail/set_group_mask__rosidl_typesupport_fastrtps_cpp.hpp
[3.157s] -- Up-to-date symlink: /home/tdeng23/ros2_ws/install/crazyflie_interfaces/include/crazyflie_interfaces/srv/detail/start_trajectory__rosidl_typesupport_fastrtps_cpp.hpp
[3.157s] -- Up-to-date symlink: /home/tdeng23/ros2_ws/install/crazyflie_interfaces/include/crazyflie_interfaces/srv/detail/stop__rosidl_typesupport_fastrtps_cpp.hpp
[3.158s] -- Up-to-date symlink: /home/tdeng23/ros2_ws/install/crazyflie_interfaces/include/crazyflie_interfaces/srv/detail/takeoff__rosidl_typesupport_fastrtps_cpp.hpp
[3.158s] -- Up-to-date symlink: /home/tdeng23/ros2_ws/install/crazyflie_interfaces/include/crazyflie_interfaces/srv/detail/update_params__rosidl_typesupport_fastrtps_cpp.hpp
[3.158s] -- Up-to-date symlink: /home/tdeng23/ros2_ws/install/crazyflie_interfaces/include/crazyflie_interfaces/srv/detail/upload_trajectory__rosidl_typesupport_fastrtps_cpp.hpp
[3.158s] -- Up-to-date symlink: /home/tdeng23/ros2_ws/install/crazyflie_interfaces/lib/libcrazyflie_interfaces__rosidl_typesupport_fastrtps_cpp.so
[3.159s] -- Up-to-date symlink: /home/tdeng23/ros2_ws/install/crazyflie_interfaces/include/crazyflie_interfaces/msg/detail/full_state__rosidl_typesupport_introspection_c.h
[3.159s] -- Up-to-date symlink: /home/tdeng23/ros2_ws/install/crazyflie_interfaces/include/crazyflie_interfaces/msg/detail/hover__rosidl_typesupport_introspection_c.h
[3.159s] -- Up-to-date symlink: /home/tdeng23/ros2_ws/install/crazyflie_interfaces/include/crazyflie_interfaces/msg/detail/log_block__rosidl_typesupport_introspection_c.h
[3.159s] -- Up-to-date symlink: /home/tdeng23/ros2_ws/install/crazyflie_interfaces/include/crazyflie_interfaces/msg/detail/log_data_generic__rosidl_typesupport_introspection_c.h
[3.159s] -- Up-to-date symlink: /home/tdeng23/ros2_ws/install/crazyflie_interfaces/include/crazyflie_interfaces/msg/detail/position__rosidl_typesupport_introspection_c.h
[3.160s] -- Up-to-date symlink: /home/tdeng23/ros2_ws/install/crazyflie_interfaces/include/crazyflie_interfaces/msg/detail/trajectory_polynomial_piece__rosidl_typesupport_introspection_c.h
[3.160s] -- Up-to-date symlink: /home/tdeng23/ros2_ws/install/crazyflie_interfaces/include/crazyflie_interfaces/msg/detail/velocity_world__rosidl_typesupport_introspection_c.h
[3.160s] -- Up-to-date symlink: /home/tdeng23/ros2_ws/install/crazyflie_interfaces/include/crazyflie_interfaces/msg/rosidl_typesupport_introspection_c__visibility_control.h
[3.160s] -- Up-to-date symlink: /home/tdeng23/ros2_ws/install/crazyflie_interfaces/include/crazyflie_interfaces/srv/detail/add_logging__rosidl_typesupport_introspection_c.h
[3.160s] -- Up-to-date symlink: /home/tdeng23/ros2_ws/install/crazyflie_interfaces/include/crazyflie_interfaces/srv/detail/go_to__rosidl_typesupport_introspection_c.h
[3.160s] -- Up-to-date symlink: /home/tdeng23/ros2_ws/install/crazyflie_interfaces/include/crazyflie_interfaces/srv/detail/land__rosidl_typesupport_introspection_c.h
[3.161s] -- Up-to-date symlink: /home/tdeng23/ros2_ws/install/crazyflie_interfaces/include/crazyflie_interfaces/srv/detail/notify_setpoints_stop__rosidl_typesupport_introspection_c.h
[3.161s] -- Up-to-date symlink: /home/tdeng23/ros2_ws/install/crazyflie_interfaces/include/crazyflie_interfaces/srv/detail/remove_logging__rosidl_typesupport_introspection_c.h
[3.161s] -- Up-to-date symlink: /home/tdeng23/ros2_ws/install/crazyflie_interfaces/include/crazyflie_interfaces/srv/detail/set_group_mask__rosidl_typesupport_introspection_c.h
[3.161s] -- Up-to-date symlink: /home/tdeng23/ros2_ws/install/crazyflie_interfaces/include/crazyflie_interfaces/srv/detail/start_trajectory__rosidl_typesupport_introspection_c.h
[3.161s] -- Up-to-date symlink: /home/tdeng23/ros2_ws/install/crazyflie_interfaces/include/crazyflie_interfaces/srv/detail/stop__rosidl_typesupport_introspection_c.h
[3.162s] -- Up-to-date symlink: /home/tdeng23/ros2_ws/install/crazyflie_interfaces/include/crazyflie_interfaces/srv/detail/takeoff__rosidl_typesupport_introspection_c.h
[3.162s] -- Up-to-date symlink: /home/tdeng23/ros2_ws/install/crazyflie_interfaces/include/crazyflie_interfaces/srv/detail/update_params__rosidl_typesupport_introspection_c.h
[3.162s] -- Up-to-date symlink: /home/tdeng23/ros2_ws/install/crazyflie_interfaces/include/crazyflie_interfaces/srv/detail/upload_trajectory__rosidl_typesupport_introspection_c.h
[3.163s] -- Up-to-date symlink: /home/tdeng23/ros2_ws/install/crazyflie_interfaces/include/crazyflie_interfaces/msg/detail/full_state__builder.hpp
[3.163s] -- Up-to-date symlink: /home/tdeng23/ros2_ws/install/crazyflie_interfaces/include/crazyflie_interfaces/msg/detail/full_state__struct.hpp
[3.163s] -- Up-to-date symlink: /home/tdeng23/ros2_ws/install/crazyflie_interfaces/include/crazyflie_interfaces/msg/detail/full_state__traits.hpp
[3.163s] -- Up-to-date symlink: /home/tdeng23/ros2_ws/install/crazyflie_interfaces/include/crazyflie_interfaces/msg/detail/hover__builder.hpp
[3.164s] -- Up-to-date symlink: /home/tdeng23/ros2_ws/install/crazyflie_interfaces/include/crazyflie_interfaces/msg/detail/hover__struct.hpp
[3.164s] -- Up-to-date symlink: /home/tdeng23/ros2_ws/install/crazyflie_interfaces/include/crazyflie_interfaces/msg/detail/hover__traits.hpp
[3.164s] -- Up-to-date symlink: /home/tdeng23/ros2_ws/install/crazyflie_interfaces/include/crazyflie_interfaces/msg/detail/log_block__builder.hpp
[3.164s] -- Up-to-date symlink: /home/tdeng23/ros2_ws/install/crazyflie_interfaces/include/crazyflie_interfaces/msg/detail/log_block__struct.hpp
[3.164s] -- Up-to-date symlink: /home/tdeng23/ros2_ws/install/crazyflie_interfaces/include/crazyflie_interfaces/msg/detail/log_block__traits.hpp
[3.165s] -- Up-to-date symlink: /home/tdeng23/ros2_ws/install/crazyflie_interfaces/include/crazyflie_interfaces/msg/detail/log_data_generic__builder.hpp
[3.165s] -- Up-to-date symlink: /home/tdeng23/ros2_ws/install/crazyflie_interfaces/include/crazyflie_interfaces/msg/detail/log_data_generic__struct.hpp
[3.165s] -- Up-to-date symlink: /home/tdeng23/ros2_ws/install/crazyflie_interfaces/include/crazyflie_interfaces/msg/detail/log_data_generic__traits.hpp
[3.165s] -- Up-to-date symlink: /home/tdeng23/ros2_ws/install/crazyflie_interfaces/include/crazyflie_interfaces/msg/detail/position__builder.hpp
[3.165s] -- Up-to-date symlink: /home/tdeng23/ros2_ws/install/crazyflie_interfaces/include/crazyflie_interfaces/msg/detail/position__struct.hpp
[3.165s] -- Up-to-date symlink: /home/tdeng23/ros2_ws/install/crazyflie_interfaces/include/crazyflie_interfaces/msg/detail/position__traits.hpp
[3.166s] -- Up-to-date symlink: /home/tdeng23/ros2_ws/install/crazyflie_interfaces/include/crazyflie_interfaces/msg/detail/trajectory_polynomial_piece__builder.hpp
[3.166s] -- Up-to-date symlink: /home/tdeng23/ros2_ws/install/crazyflie_interfaces/include/crazyflie_interfaces/msg/detail/trajectory_polynomial_piece__struct.hpp
[3.166s] -- Up-to-date symlink: /home/tdeng23/ros2_ws/install/crazyflie_interfaces/include/crazyflie_interfaces/msg/detail/trajectory_polynomial_piece__traits.hpp
[3.166s] -- Up-to-date symlink: /home/tdeng23/ros2_ws/install/crazyflie_interfaces/include/crazyflie_interfaces/msg/detail/velocity_world__builder.hpp
[3.167s] -- Up-to-date symlink: /home/tdeng23/ros2_ws/install/crazyflie_interfaces/include/crazyflie_interfaces/msg/detail/velocity_world__struct.hpp
[3.167s] -- Up-to-date symlink: /home/tdeng23/ros2_ws/install/crazyflie_interfaces/include/crazyflie_interfaces/msg/detail/velocity_world__traits.hpp
[3.167s] -- Up-to-date symlink: /home/tdeng23/ros2_ws/install/crazyflie_interfaces/include/crazyflie_interfaces/msg/full_state.hpp
[3.167s] -- Up-to-date symlink: /home/tdeng23/ros2_ws/install/crazyflie_interfaces/include/crazyflie_interfaces/msg/hover.hpp
[3.167s] -- Up-to-date symlink: /home/tdeng23/ros2_ws/install/crazyflie_interfaces/include/crazyflie_interfaces/msg/log_block.hpp
[3.168s] -- Up-to-date symlink: /home/tdeng23/ros2_ws/install/crazyflie_interfaces/include/crazyflie_interfaces/msg/log_data_generic.hpp
[3.168s] -- Up-to-date symlink: /home/tdeng23/ros2_ws/install/crazyflie_interfaces/include/crazyflie_interfaces/msg/position.hpp
[3.168s] -- Up-to-date symlink: /home/tdeng23/ros2_ws/install/crazyflie_interfaces/include/crazyflie_interfaces/msg/trajectory_polynomial_piece.hpp
[3.168s] -- Up-to-date symlink: /home/tdeng23/ros2_ws/install/crazyflie_interfaces/include/crazyflie_interfaces/msg/velocity_world.hpp
[3.168s] -- Up-to-date symlink: /home/tdeng23/ros2_ws/install/crazyflie_interfaces/include/crazyflie_interfaces/srv/add_logging.hpp
[3.169s] -- Up-to-date symlink: /home/tdeng23/ros2_ws/install/crazyflie_interfaces/include/crazyflie_interfaces/srv/detail/add_logging__builder.hpp
[3.169s] -- Up-to-date symlink: /home/tdeng23/ros2_ws/install/crazyflie_interfaces/include/crazyflie_interfaces/srv/detail/add_logging__struct.hpp
[3.169s] -- Up-to-date symlink: /home/tdeng23/ros2_ws/install/crazyflie_interfaces/include/crazyflie_interfaces/srv/detail/add_logging__traits.hpp
[3.169s] -- Up-to-date symlink: /home/tdeng23/ros2_ws/install/crazyflie_interfaces/include/crazyflie_interfaces/srv/detail/go_to__builder.hpp
[3.169s] -- Up-to-date symlink: /home/tdeng23/ros2_ws/install/crazyflie_interfaces/include/crazyflie_interfaces/srv/detail/go_to__struct.hpp
[3.170s] -- Up-to-date symlink: /home/tdeng23/ros2_ws/install/crazyflie_interfaces/include/crazyflie_interfaces/srv/detail/go_to__traits.hpp
[3.170s] -- Up-to-date symlink: /home/tdeng23/ros2_ws/install/crazyflie_interfaces/include/crazyflie_interfaces/srv/detail/land__builder.hpp
[3.170s] -- Up-to-date symlink: /home/tdeng23/ros2_ws/install/crazyflie_interfaces/include/crazyflie_interfaces/srv/detail/land__struct.hpp
[3.170s] -- Up-to-date symlink: /home/tdeng23/ros2_ws/install/crazyflie_interfaces/include/crazyflie_interfaces/srv/detail/land__traits.hpp
[3.170s] -- Up-to-date symlink: /home/tdeng23/ros2_ws/install/crazyflie_interfaces/include/crazyflie_interfaces/srv/detail/notify_setpoints_stop__builder.hpp
[3.171s] -- Up-to-date symlink: /home/tdeng23/ros2_ws/install/crazyflie_interfaces/include/crazyflie_interfaces/srv/detail/notify_setpoints_stop__struct.hpp
[3.171s] -- Up-to-date symlink: /home/tdeng23/ros2_ws/install/crazyflie_interfaces/include/crazyflie_interfaces/srv/detail/notify_setpoints_stop__traits.hpp
[3.171s] -- Up-to-date symlink: /home/tdeng23/ros2_ws/install/crazyflie_interfaces/include/crazyflie_interfaces/srv/detail/remove_logging__builder.hpp
[3.171s] -- Up-to-date symlink: /home/tdeng23/ros2_ws/install/crazyflie_interfaces/include/crazyflie_interfaces/srv/detail/remove_logging__struct.hpp
[3.171s] -- Up-to-date symlink: /home/tdeng23/ros2_ws/install/crazyflie_interfaces/include/crazyflie_interfaces/srv/detail/remove_logging__traits.hpp
[3.171s] -- Up-to-date symlink: /home/tdeng23/ros2_ws/install/crazyflie_interfaces/include/crazyflie_interfaces/srv/detail/set_group_mask__builder.hpp
[3.172s] -- Up-to-date symlink: /home/tdeng23/ros2_ws/install/crazyflie_interfaces/include/crazyflie_interfaces/srv/detail/set_group_mask__struct.hpp
[3.172s] -- Up-to-date symlink: /home/tdeng23/ros2_ws/install/crazyflie_interfaces/include/crazyflie_interfaces/srv/detail/set_group_mask__traits.hpp
[3.172s] -- Up-to-date symlink: /home/tdeng23/ros2_ws/install/crazyflie_interfaces/include/crazyflie_interfaces/srv/detail/start_trajectory__builder.hpp
[3.172s] -- Up-to-date symlink: /home/tdeng23/ros2_ws/install/crazyflie_interfaces/include/crazyflie_interfaces/srv/detail/start_trajectory__struct.hpp
[3.172s] -- Up-to-date symlink: /home/tdeng23/ros2_ws/install/crazyflie_interfaces/include/crazyflie_interfaces/srv/detail/start_trajectory__traits.hpp
[3.172s] -- Up-to-date symlink: /home/tdeng23/ros2_ws/install/crazyflie_interfaces/include/crazyflie_interfaces/srv/detail/stop__builder.hpp
[3.172s] -- Up-to-date symlink: /home/tdeng23/ros2_ws/install/crazyflie_interfaces/include/crazyflie_interfaces/srv/detail/stop__struct.hpp
[3.173s] -- Up-to-date symlink: /home/tdeng23/ros2_ws/install/crazyflie_interfaces/include/crazyflie_interfaces/srv/detail/stop__traits.hpp
[3.173s] -- Up-to-date symlink: /home/tdeng23/ros2_ws/install/crazyflie_interfaces/include/crazyflie_interfaces/srv/detail/takeoff__builder.hpp
[3.173s] -- Up-to-date symlink: /home/tdeng23/ros2_ws/install/crazyflie_interfaces/include/crazyflie_interfaces/srv/detail/takeoff__struct.hpp
[3.173s] -- Up-to-date symlink: /home/tdeng23/ros2_ws/install/crazyflie_interfaces/include/crazyflie_interfaces/srv/detail/takeoff__traits.hpp
[3.173s] -- Up-to-date symlink: /home/tdeng23/ros2_ws/install/crazyflie_interfaces/include/crazyflie_interfaces/srv/detail/update_params__builder.hpp
[3.173s] -- Up-to-date symlink: /home/tdeng23/ros2_ws/install/crazyflie_interfaces/include/crazyflie_interfaces/srv/detail/update_params__struct.hpp
[3.174s] -- Up-to-date symlink: /home/tdeng23/ros2_ws/install/crazyflie_interfaces/include/crazyflie_interfaces/srv/detail/update_params__traits.hpp
[3.174s] -- Up-to-date symlink: /home/tdeng23/ros2_ws/install/crazyflie_interfaces/include/crazyflie_interfaces/srv/detail/upload_trajectory__builder.hpp
[3.174s] -- Up-to-date symlink: /home/tdeng23/ros2_ws/install/crazyflie_interfaces/include/crazyflie_interfaces/srv/detail/upload_trajectory__struct.hpp
[3.174s] -- Up-to-date symlink: /home/tdeng23/ros2_ws/install/crazyflie_interfaces/include/crazyflie_interfaces/srv/detail/upload_trajectory__traits.hpp
[3.174s] -- Up-to-date symlink: /home/tdeng23/ros2_ws/install/crazyflie_interfaces/include/crazyflie_interfaces/srv/go_to.hpp
[3.174s] -- Up-to-date symlink: /home/tdeng23/ros2_ws/install/crazyflie_interfaces/include/crazyflie_interfaces/srv/land.hpp
[3.175s] -- Up-to-date symlink: /home/tdeng23/ros2_ws/install/crazyflie_interfaces/include/crazyflie_interfaces/srv/notify_setpoints_stop.hpp
[3.175s] -- Up-to-date symlink: /home/tdeng23/ros2_ws/install/crazyflie_interfaces/include/crazyflie_interfaces/srv/remove_logging.hpp
[3.175s] -- Up-to-date symlink: /home/tdeng23/ros2_ws/install/crazyflie_interfaces/include/crazyflie_interfaces/srv/set_group_mask.hpp
[3.175s] -- Up-to-date symlink: /home/tdeng23/ros2_ws/install/crazyflie_interfaces/include/crazyflie_interfaces/srv/start_trajectory.hpp
[3.175s] -- Up-to-date symlink: /home/tdeng23/ros2_ws/install/crazyflie_interfaces/include/crazyflie_interfaces/srv/stop.hpp
[3.175s] -- Up-to-date symlink: /home/tdeng23/ros2_ws/install/crazyflie_interfaces/include/crazyflie_interfaces/srv/takeoff.hpp
[3.176s] -- Up-to-date symlink: /home/tdeng23/ros2_ws/install/crazyflie_interfaces/include/crazyflie_interfaces/srv/update_params.hpp
[3.176s] -- Up-to-date symlink: /home/tdeng23/ros2_ws/install/crazyflie_interfaces/include/crazyflie_interfaces/srv/upload_trajectory.hpp
[3.177s] -- Up-to-date symlink: /home/tdeng23/ros2_ws/install/crazyflie_interfaces/include/crazyflie_interfaces/msg/detail/full_state__rosidl_typesupport_introspection_cpp.hpp
[3.177s] -- Up-to-date symlink: /home/tdeng23/ros2_ws/install/crazyflie_interfaces/include/crazyflie_interfaces/msg/detail/hover__rosidl_typesupport_introspection_cpp.hpp
[3.177s] -- Up-to-date symlink: /home/tdeng23/ros2_ws/install/crazyflie_interfaces/include/crazyflie_interfaces/msg/detail/log_block__rosidl_typesupport_introspection_cpp.hpp
[3.177s] -- Up-to-date symlink: /home/tdeng23/ros2_ws/install/crazyflie_interfaces/include/crazyflie_interfaces/msg/detail/log_data_generic__rosidl_typesupport_introspection_cpp.hpp
[3.178s] -- Up-to-date symlink: /home/tdeng23/ros2_ws/install/crazyflie_interfaces/include/crazyflie_interfaces/msg/detail/position__rosidl_typesupport_introspection_cpp.hpp
[3.178s] -- Up-to-date symlink: /home/tdeng23/ros2_ws/install/crazyflie_interfaces/include/crazyflie_interfaces/msg/detail/trajectory_polynomial_piece__rosidl_typesupport_introspection_cpp.hpp
[3.178s] -- Up-to-date symlink: /home/tdeng23/ros2_ws/install/crazyflie_interfaces/include/crazyflie_interfaces/msg/detail/velocity_world__rosidl_typesupport_introspection_cpp.hpp
[3.178s] -- Up-to-date symlink: /home/tdeng23/ros2_ws/install/crazyflie_interfaces/include/crazyflie_interfaces/srv/detail/add_logging__rosidl_typesupport_introspection_cpp.hpp
[3.178s] -- Up-to-date symlink: /home/tdeng23/ros2_ws/install/crazyflie_interfaces/include/crazyflie_interfaces/srv/detail/go_to__rosidl_typesupport_introspection_cpp.hpp
[3.178s] -- Up-to-date symlink: /home/tdeng23/ros2_ws/install/crazyflie_interfaces/include/crazyflie_interfaces/srv/detail/land__rosidl_typesupport_introspection_cpp.hpp
[3.179s] -- Up-to-date symlink: /home/tdeng23/ros2_ws/install/crazyflie_interfaces/include/crazyflie_interfaces/srv/detail/notify_setpoints_stop__rosidl_typesupport_introspection_cpp.hpp
[3.179s] -- Up-to-date symlink: /home/tdeng23/ros2_ws/install/crazyflie_interfaces/include/crazyflie_interfaces/srv/detail/remove_logging__rosidl_typesupport_introspection_cpp.hpp
[3.179s] -- Up-to-date symlink: /home/tdeng23/ros2_ws/install/crazyflie_interfaces/include/crazyflie_interfaces/srv/detail/set_group_mask__rosidl_typesupport_introspection_cpp.hpp
[3.180s] -- Up-to-date symlink: /home/tdeng23/ros2_ws/install/crazyflie_interfaces/include/crazyflie_interfaces/srv/detail/start_trajectory__rosidl_typesupport_introspection_cpp.hpp
[3.180s] -- Up-to-date symlink: /home/tdeng23/ros2_ws/install/crazyflie_interfaces/include/crazyflie_interfaces/srv/detail/stop__rosidl_typesupport_introspection_cpp.hpp
[3.180s] -- Up-to-date symlink: /home/tdeng23/ros2_ws/install/crazyflie_interfaces/include/crazyflie_interfaces/srv/detail/takeoff__rosidl_typesupport_introspection_cpp.hpp
[3.180s] -- Up-to-date symlink: /home/tdeng23/ros2_ws/install/crazyflie_interfaces/include/crazyflie_interfaces/srv/detail/update_params__rosidl_typesupport_introspection_cpp.hpp
[3.181s] -- Up-to-date symlink: /home/tdeng23/ros2_ws/install/crazyflie_interfaces/include/crazyflie_interfaces/srv/detail/upload_trajectory__rosidl_typesupport_introspection_cpp.hpp
[3.181s] -- Up-to-date symlink: /home/tdeng23/ros2_ws/install/crazyflie_interfaces/share/crazyflie_interfaces/environment/pythonpath.sh
[3.181s] -- Up-to-date symlink: /home/tdeng23/ros2_ws/install/crazyflie_interfaces/share/crazyflie_interfaces/environment/pythonpath.dsv
[3.182s] -- Up-to-date symlink: /home/tdeng23/ros2_ws/install/crazyflie_interfaces/lib/python3.8/site-packages/crazyflie_interfaces/__init__.py
[3.182s] -- Up-to-date symlink: /home/tdeng23/ros2_ws/install/crazyflie_interfaces/lib/python3.8/site-packages/crazyflie_interfaces/msg/__init__.py
[3.182s] -- Up-to-date symlink: /home/tdeng23/ros2_ws/install/crazyflie_interfaces/lib/python3.8/site-packages/crazyflie_interfaces/msg/_full_state.py
[3.183s] -- Up-to-date symlink: /home/tdeng23/ros2_ws/install/crazyflie_interfaces/lib/python3.8/site-packages/crazyflie_interfaces/msg/_hover.py
[3.183s] -- Up-to-date symlink: /home/tdeng23/ros2_ws/install/crazyflie_interfaces/lib/python3.8/site-packages/crazyflie_interfaces/msg/_log_block.py
[3.183s] -- Up-to-date symlink: /home/tdeng23/ros2_ws/install/crazyflie_interfaces/lib/python3.8/site-packages/crazyflie_interfaces/msg/_log_data_generic.py
[3.183s] -- Up-to-date symlink: /home/tdeng23/ros2_ws/install/crazyflie_interfaces/lib/python3.8/site-packages/crazyflie_interfaces/msg/_position.py
[3.184s] -- Up-to-date symlink: /home/tdeng23/ros2_ws/install/crazyflie_interfaces/lib/python3.8/site-packages/crazyflie_interfaces/msg/_trajectory_polynomial_piece.py
[3.184s] -- Up-to-date symlink: /home/tdeng23/ros2_ws/install/crazyflie_interfaces/lib/python3.8/site-packages/crazyflie_interfaces/msg/_velocity_world.py
[3.184s] -- Up-to-date symlink: /home/tdeng23/ros2_ws/install/crazyflie_interfaces/lib/python3.8/site-packages/crazyflie_interfaces/srv/__init__.py
[3.185s] -- Up-to-date symlink: /home/tdeng23/ros2_ws/install/crazyflie_interfaces/lib/python3.8/site-packages/crazyflie_interfaces/srv/_add_logging.py
[3.185s] -- Up-to-date symlink: /home/tdeng23/ros2_ws/install/crazyflie_interfaces/lib/python3.8/site-packages/crazyflie_interfaces/srv/_go_to.py
[3.185s] -- Up-to-date symlink: /home/tdeng23/ros2_ws/install/crazyflie_interfaces/lib/python3.8/site-packages/crazyflie_interfaces/srv/_land.py
[3.185s] -- Up-to-date symlink: /home/tdeng23/ros2_ws/install/crazyflie_interfaces/lib/python3.8/site-packages/crazyflie_interfaces/srv/_notify_setpoints_stop.py
[3.185s] -- Up-to-date symlink: /home/tdeng23/ros2_ws/install/crazyflie_interfaces/lib/python3.8/site-packages/crazyflie_interfaces/srv/_remove_logging.py
[3.186s] -- Up-to-date symlink: /home/tdeng23/ros2_ws/install/crazyflie_interfaces/lib/python3.8/site-packages/crazyflie_interfaces/srv/_set_group_mask.py
[3.186s] -- Up-to-date symlink: /home/tdeng23/ros2_ws/install/crazyflie_interfaces/lib/python3.8/site-packages/crazyflie_interfaces/srv/_start_trajectory.py
[3.186s] -- Up-to-date symlink: /home/tdeng23/ros2_ws/install/crazyflie_interfaces/lib/python3.8/site-packages/crazyflie_interfaces/srv/_stop.py
[3.186s] -- Up-to-date symlink: /home/tdeng23/ros2_ws/install/crazyflie_interfaces/lib/python3.8/site-packages/crazyflie_interfaces/srv/_takeoff.py
[3.187s] -- Up-to-date symlink: /home/tdeng23/ros2_ws/install/crazyflie_interfaces/lib/python3.8/site-packages/crazyflie_interfaces/srv/_update_params.py
[3.187s] -- Up-to-date symlink: /home/tdeng23/ros2_ws/install/crazyflie_interfaces/lib/python3.8/site-packages/crazyflie_interfaces/srv/_upload_trajectory.py
[3.188s] -- Up-to-date symlink: /home/tdeng23/ros2_ws/install/crazyflie_interfaces/lib/python3.8/site-packages/crazyflie_interfaces/crazyflie_interfaces_s__rosidl_typesupport_fastrtps_c.cpython-38-x86_64-linux-gnu.so
[3.188s] -- Up-to-date symlink: /home/tdeng23/ros2_ws/install/crazyflie_interfaces/lib/python3.8/site-packages/crazyflie_interfaces/crazyflie_interfaces_s__rosidl_typesupport_introspection_c.cpython-38-x86_64-linux-gnu.so
[3.189s] -- Up-to-date symlink: /home/tdeng23/ros2_ws/install/crazyflie_interfaces/lib/python3.8/site-packages/crazyflie_interfaces/crazyflie_interfaces_s__rosidl_typesupport_c.cpython-38-x86_64-linux-gnu.so
[3.189s] -- Up-to-date symlink: /home/tdeng23/ros2_ws/install/crazyflie_interfaces/lib/libcrazyflie_interfaces__python.so
[3.190s] -- Up-to-date symlink: /home/tdeng23/ros2_ws/install/crazyflie_interfaces/share/crazyflie_interfaces/msg/FullState.idl
[3.190s] -- Up-to-date symlink: /home/tdeng23/ros2_ws/install/crazyflie_interfaces/share/crazyflie_interfaces/msg/LogDataGeneric.idl
[3.191s] -- Up-to-date symlink: /home/tdeng23/ros2_ws/install/crazyflie_interfaces/share/crazyflie_interfaces/msg/Hover.idl
[3.191s] -- Up-to-date symlink: /home/tdeng23/ros2_ws/install/crazyflie_interfaces/share/crazyflie_interfaces/msg/LogBlock.idl
[3.191s] -- Up-to-date symlink: /home/tdeng23/ros2_ws/install/crazyflie_interfaces/share/crazyflie_interfaces/msg/Position.idl
[3.192s] -- Up-to-date symlink: /home/tdeng23/ros2_ws/install/crazyflie_interfaces/share/crazyflie_interfaces/msg/TrajectoryPolynomialPiece.idl
[3.192s] -- Up-to-date symlink: /home/tdeng23/ros2_ws/install/crazyflie_interfaces/share/crazyflie_interfaces/msg/VelocityWorld.idl
[3.193s] -- Up-to-date symlink: /home/tdeng23/ros2_ws/install/crazyflie_interfaces/share/crazyflie_interfaces/srv/GoTo.idl
[3.193s] -- Up-to-date symlink: /home/tdeng23/ros2_ws/install/crazyflie_interfaces/share/crazyflie_interfaces/srv/Land.idl
[3.193s] -- Up-to-date symlink: /home/tdeng23/ros2_ws/install/crazyflie_interfaces/share/crazyflie_interfaces/srv/NotifySetpointsStop.idl
[3.194s] -- Up-to-date symlink: /home/tdeng23/ros2_ws/install/crazyflie_interfaces/share/crazyflie_interfaces/srv/SetGroupMask.idl
[3.194s] -- Up-to-date symlink: /home/tdeng23/ros2_ws/install/crazyflie_interfaces/share/crazyflie_interfaces/srv/StartTrajectory.idl
[3.195s] -- Up-to-date symlink: /home/tdeng23/ros2_ws/install/crazyflie_interfaces/share/crazyflie_interfaces/srv/Stop.idl
[3.195s] -- Up-to-date symlink: /home/tdeng23/ros2_ws/install/crazyflie_interfaces/share/crazyflie_interfaces/srv/Takeoff.idl
[3.195s] -- Up-to-date symlink: /home/tdeng23/ros2_ws/install/crazyflie_interfaces/share/crazyflie_interfaces/srv/UpdateParams.idl
[3.196s] -- Up-to-date symlink: /home/tdeng23/ros2_ws/install/crazyflie_interfaces/share/crazyflie_interfaces/srv/UploadTrajectory.idl
[3.196s] -- Up-to-date symlink: /home/tdeng23/ros2_ws/install/crazyflie_interfaces/share/crazyflie_interfaces/srv/RemoveLogging.idl
[3.197s] -- Up-to-date symlink: /home/tdeng23/ros2_ws/install/crazyflie_interfaces/share/crazyflie_interfaces/srv/AddLogging.idl
[3.197s] -- Up-to-date symlink: /home/tdeng23/ros2_ws/install/crazyflie_interfaces/share/crazyflie_interfaces/msg/FullState.msg
[3.197s] -- Up-to-date symlink: /home/tdeng23/ros2_ws/install/crazyflie_interfaces/share/crazyflie_interfaces/msg/LogDataGeneric.msg
[3.198s] -- Up-to-date symlink: /home/tdeng23/ros2_ws/install/crazyflie_interfaces/share/crazyflie_interfaces/msg/Hover.msg
[3.198s] -- Up-to-date symlink: /home/tdeng23/ros2_ws/install/crazyflie_interfaces/share/crazyflie_interfaces/msg/LogBlock.msg
[3.199s] -- Up-to-date symlink: /home/tdeng23/ros2_ws/install/crazyflie_interfaces/share/crazyflie_interfaces/msg/Position.msg
[3.199s] -- Up-to-date symlink: /home/tdeng23/ros2_ws/install/crazyflie_interfaces/share/crazyflie_interfaces/msg/TrajectoryPolynomialPiece.msg
[3.199s] -- Up-to-date symlink: /home/tdeng23/ros2_ws/install/crazyflie_interfaces/share/crazyflie_interfaces/msg/VelocityWorld.msg
[3.200s] -- Up-to-date symlink: /home/tdeng23/ros2_ws/install/crazyflie_interfaces/share/crazyflie_interfaces/srv/GoTo.srv
[3.200s] -- Up-to-date symlink: /home/tdeng23/ros2_ws/install/crazyflie_interfaces/share/crazyflie_interfaces/srv/GoTo_Request.msg
[3.200s] -- Up-to-date symlink: /home/tdeng23/ros2_ws/install/crazyflie_interfaces/share/crazyflie_interfaces/srv/GoTo_Response.msg
[3.201s] -- Up-to-date symlink: /home/tdeng23/ros2_ws/install/crazyflie_interfaces/share/crazyflie_interfaces/srv/Land.srv
[3.201s] -- Up-to-date symlink: /home/tdeng23/ros2_ws/install/crazyflie_interfaces/share/crazyflie_interfaces/srv/Land_Request.msg
[3.201s] -- Up-to-date symlink: /home/tdeng23/ros2_ws/install/crazyflie_interfaces/share/crazyflie_interfaces/srv/Land_Response.msg
[3.202s] -- Up-to-date symlink: /home/tdeng23/ros2_ws/install/crazyflie_interfaces/share/crazyflie_interfaces/srv/NotifySetpointsStop.srv
[3.202s] -- Up-to-date symlink: /home/tdeng23/ros2_ws/install/crazyflie_interfaces/share/crazyflie_interfaces/srv/NotifySetpointsStop_Request.msg
[3.203s] -- Up-to-date symlink: /home/tdeng23/ros2_ws/install/crazyflie_interfaces/share/crazyflie_interfaces/srv/NotifySetpointsStop_Response.msg
[3.203s] -- Up-to-date symlink: /home/tdeng23/ros2_ws/install/crazyflie_interfaces/share/crazyflie_interfaces/srv/SetGroupMask.srv
[3.203s] -- Up-to-date symlink: /home/tdeng23/ros2_ws/install/crazyflie_interfaces/share/crazyflie_interfaces/srv/SetGroupMask_Request.msg
[3.204s] -- Up-to-date symlink: /home/tdeng23/ros2_ws/install/crazyflie_interfaces/share/crazyflie_interfaces/srv/SetGroupMask_Response.msg
[3.204s] -- Up-to-date symlink: /home/tdeng23/ros2_ws/install/crazyflie_interfaces/share/crazyflie_interfaces/srv/StartTrajectory.srv
[3.205s] -- Up-to-date symlink: /home/tdeng23/ros2_ws/install/crazyflie_interfaces/share/crazyflie_interfaces/srv/StartTrajectory_Request.msg
[3.205s] -- Up-to-date symlink: /home/tdeng23/ros2_ws/install/crazyflie_interfaces/share/crazyflie_interfaces/srv/StartTrajectory_Response.msg
[3.205s] -- Up-to-date symlink: /home/tdeng23/ros2_ws/install/crazyflie_interfaces/share/crazyflie_interfaces/srv/Stop.srv
[3.206s] -- Up-to-date symlink: /home/tdeng23/ros2_ws/install/crazyflie_interfaces/share/crazyflie_interfaces/srv/Stop_Request.msg
[3.206s] -- Up-to-date symlink: /home/tdeng23/ros2_ws/install/crazyflie_interfaces/share/crazyflie_interfaces/srv/Stop_Response.msg
[3.206s] -- Up-to-date symlink: /home/tdeng23/ros2_ws/install/crazyflie_interfaces/share/crazyflie_interfaces/srv/Takeoff.srv
[3.207s] -- Up-to-date symlink: /home/tdeng23/ros2_ws/install/crazyflie_interfaces/share/crazyflie_interfaces/srv/Takeoff_Request.msg
[3.207s] -- Up-to-date symlink: /home/tdeng23/ros2_ws/install/crazyflie_interfaces/share/crazyflie_interfaces/srv/Takeoff_Response.msg
[3.207s] -- Up-to-date symlink: /home/tdeng23/ros2_ws/install/crazyflie_interfaces/share/crazyflie_interfaces/srv/UpdateParams.srv
[3.208s] -- Up-to-date symlink: /home/tdeng23/ros2_ws/install/crazyflie_interfaces/share/crazyflie_interfaces/srv/UpdateParams_Request.msg
[3.208s] -- Up-to-date symlink: /home/tdeng23/ros2_ws/install/crazyflie_interfaces/share/crazyflie_interfaces/srv/UpdateParams_Response.msg
[3.209s] -- Up-to-date symlink: /home/tdeng23/ros2_ws/install/crazyflie_interfaces/share/crazyflie_interfaces/srv/UploadTrajectory.srv
[3.209s] -- Up-to-date symlink: /home/tdeng23/ros2_ws/install/crazyflie_interfaces/share/crazyflie_interfaces/srv/UploadTrajectory_Request.msg
[3.209s] -- Up-to-date symlink: /home/tdeng23/ros2_ws/install/crazyflie_interfaces/share/crazyflie_interfaces/srv/UploadTrajectory_Response.msg
[3.210s] -- Up-to-date symlink: /home/tdeng23/ros2_ws/install/crazyflie_interfaces/share/crazyflie_interfaces/srv/RemoveLogging.srv
[3.210s] -- Up-to-date symlink: /home/tdeng23/ros2_ws/install/crazyflie_interfaces/share/crazyflie_interfaces/srv/RemoveLogging_Request.msg
[3.211s] -- Up-to-date symlink: /home/tdeng23/ros2_ws/install/crazyflie_interfaces/share/crazyflie_interfaces/srv/RemoveLogging_Response.msg
[3.211s] -- Up-to-date symlink: /home/tdeng23/ros2_ws/install/crazyflie_interfaces/share/crazyflie_interfaces/srv/AddLogging.srv
[3.211s] -- Up-to-date symlink: /home/tdeng23/ros2_ws/install/crazyflie_interfaces/share/crazyflie_interfaces/srv/AddLogging_Request.msg
[3.212s] -- Up-to-date symlink: /home/tdeng23/ros2_ws/install/crazyflie_interfaces/share/crazyflie_interfaces/srv/AddLogging_Response.msg
[3.212s] -- Up-to-date symlink: /home/tdeng23/ros2_ws/install/crazyflie_interfaces/share/ament_index/resource_index/package_run_dependencies/crazyflie_interfaces
[3.213s] -- Up-to-date symlink: /home/tdeng23/ros2_ws/install/crazyflie_interfaces/share/ament_index/resource_index/parent_prefix_path/crazyflie_interfaces
[3.213s] -- Up-to-date symlink: /home/tdeng23/ros2_ws/install/crazyflie_interfaces/share/crazyflie_interfaces/environment/ament_prefix_path.sh
[3.213s] -- Up-to-date symlink: /home/tdeng23/ros2_ws/install/crazyflie_interfaces/share/crazyflie_interfaces/environment/ament_prefix_path.dsv
[3.214s] -- Up-to-date symlink: /home/tdeng23/ros2_ws/install/crazyflie_interfaces/share/crazyflie_interfaces/environment/path.sh
[3.214s] -- Up-to-date symlink: /home/tdeng23/ros2_ws/install/crazyflie_interfaces/share/crazyflie_interfaces/environment/path.dsv
[3.214s] -- Up-to-date symlink: /home/tdeng23/ros2_ws/install/crazyflie_interfaces/share/crazyflie_interfaces/local_setup.bash
[3.215s] -- Up-to-date symlink: /home/tdeng23/ros2_ws/install/crazyflie_interfaces/share/crazyflie_interfaces/local_setup.sh
[3.215s] -- Up-to-date symlink: /home/tdeng23/ros2_ws/install/crazyflie_interfaces/share/crazyflie_interfaces/local_setup.zsh
[3.215s] -- Up-to-date symlink: /home/tdeng23/ros2_ws/install/crazyflie_interfaces/share/crazyflie_interfaces/local_setup.dsv
[3.215s] -- Symlinking: /home/tdeng23/ros2_ws/install/crazyflie_interfaces/share/crazyflie_interfaces/package.dsv
[3.218s] -- Up-to-date symlink: /home/tdeng23/ros2_ws/install/crazyflie_interfaces/share/ament_index/resource_index/packages/crazyflie_interfaces
[3.219s] -- Up-to-date symlink: /home/tdeng23/ros2_ws/install/crazyflie_interfaces/share/crazyflie_interfaces/cmake/rosidl_cmake-extras.cmake
[3.219s] -- Up-to-date symlink: /home/tdeng23/ros2_ws/install/crazyflie_interfaces/share/crazyflie_interfaces/cmake/ament_cmake_export_dependencies-extras.cmake
[3.220s] -- Up-to-date symlink: /home/tdeng23/ros2_ws/install/crazyflie_interfaces/share/crazyflie_interfaces/cmake/ament_cmake_export_libraries-extras.cmake
[3.220s] -- Up-to-date symlink: /home/tdeng23/ros2_ws/install/crazyflie_interfaces/share/crazyflie_interfaces/cmake/ament_cmake_export_targets-extras.cmake
[3.220s] -- Up-to-date symlink: /home/tdeng23/ros2_ws/install/crazyflie_interfaces/share/crazyflie_interfaces/cmake/ament_cmake_export_include_directories-extras.cmake
[3.221s] -- Up-to-date symlink: /home/tdeng23/ros2_ws/install/crazyflie_interfaces/share/crazyflie_interfaces/cmake/rosidl_cmake_export_typesupport_libraries-extras.cmake
[3.221s] -- Up-to-date symlink: /home/tdeng23/ros2_ws/install/crazyflie_interfaces/share/crazyflie_interfaces/cmake/rosidl_cmake_export_typesupport_targets-extras.cmake
[3.221s] -- Up-to-date symlink: /home/tdeng23/ros2_ws/install/crazyflie_interfaces/share/crazyflie_interfaces/cmake/crazyflie_interfacesConfig.cmake
[3.222s] -- Up-to-date symlink: /home/tdeng23/ros2_ws/install/crazyflie_interfaces/share/crazyflie_interfaces/cmake/crazyflie_interfacesConfig-version.cmake
[3.222s] -- Up-to-date symlink: /home/tdeng23/ros2_ws/install/crazyflie_interfaces/share/crazyflie_interfaces/package.xml
[3.223s] -- Up-to-date: /home/tdeng23/ros2_ws/install/crazyflie_interfaces/lib/libcrazyflie_interfaces__rosidl_generator_c.so
[3.224s] -- Up-to-date: /home/tdeng23/ros2_ws/install/crazyflie_interfaces/lib/libcrazyflie_interfaces__rosidl_typesupport_introspection_c.so
[3.224s] -- Up-to-date: /home/tdeng23/ros2_ws/install/crazyflie_interfaces/lib/libcrazyflie_interfaces__rosidl_typesupport_c.so
[3.225s] -- Up-to-date: /home/tdeng23/ros2_ws/install/crazyflie_interfaces/lib/libcrazyflie_interfaces__rosidl_typesupport_introspection_cpp.so
[3.226s] -- Up-to-date: /home/tdeng23/ros2_ws/install/crazyflie_interfaces/lib/libcrazyflie_interfaces__rosidl_typesupport_cpp.so
[3.267s] Compiling '/home/tdeng23/ros2_ws/install/crazyflie_interfaces/lib/python3.8/site-packages/crazyflie_interfaces/__init__.py'...
[3.273s] -- Up-to-date: /home/tdeng23/ros2_ws/install/crazyflie_interfaces/share/crazyflie_interfaces/cmake/crazyflie_interfaces__rosidl_generator_cExport.cmake
[3.273s] -- Up-to-date: /home/tdeng23/ros2_ws/install/crazyflie_interfaces/share/crazyflie_interfaces/cmake/crazyflie_interfaces__rosidl_generator_cExport-noconfig.cmake
[3.273s] -- Up-to-date: /home/tdeng23/ros2_ws/install/crazyflie_interfaces/share/crazyflie_interfaces/cmake/crazyflie_interfaces__rosidl_typesupport_introspection_cExport.cmake
[3.273s] -- Up-to-date: /home/tdeng23/ros2_ws/install/crazyflie_interfaces/share/crazyflie_interfaces/cmake/crazyflie_interfaces__rosidl_typesupport_introspection_cExport-noconfig.cmake
[3.273s] -- Up-to-date: /home/tdeng23/ros2_ws/install/crazyflie_interfaces/share/crazyflie_interfaces/cmake/crazyflie_interfaces__rosidl_typesupport_cExport.cmake
[3.273s] -- Up-to-date: /home/tdeng23/ros2_ws/install/crazyflie_interfaces/share/crazyflie_interfaces/cmake/crazyflie_interfaces__rosidl_typesupport_cExport-noconfig.cmake
[3.273s] -- Up-to-date: /home/tdeng23/ros2_ws/install/crazyflie_interfaces/share/crazyflie_interfaces/cmake/crazyflie_interfaces__rosidl_generator_cppExport.cmake
[3.274s] -- Up-to-date: /home/tdeng23/ros2_ws/install/crazyflie_interfaces/share/crazyflie_interfaces/cmake/crazyflie_interfaces__rosidl_typesupport_introspection_cppExport.cmake
[3.274s] -- Up-to-date: /home/tdeng23/ros2_ws/install/crazyflie_interfaces/share/crazyflie_interfaces/cmake/crazyflie_interfaces__rosidl_typesupport_introspection_cppExport-noconfig.cmake
[3.274s] -- Up-to-date: /home/tdeng23/ros2_ws/install/crazyflie_interfaces/share/crazyflie_interfaces/cmake/crazyflie_interfaces__rosidl_typesupport_cppExport.cmake
[3.274s] -- Up-to-date: /home/tdeng23/ros2_ws/install/crazyflie_interfaces/share/crazyflie_interfaces/cmake/crazyflie_interfaces__rosidl_typesupport_cppExport-noconfig.cmake
[3.283s] Invoked command in '/home/tdeng23/ros2_ws/build/crazyflie_interfaces' returned '0': CMAKE_PREFIX_PATH=${CMAKE_PREFIX_PATH}:/home/tdeng23/ros2_ws/install/my_package:/home/tdeng23/ros2_ws/install/crazyflie_simulation:/home/tdeng23/ros2_ws/install/crazyflie_ros2_simulation:/home/tdeng23/ros2_ws/install/crazyflie_ros2_simple_mapper:/home/tdeng23/ros2_ws/install/crazyflie_ros2_scan:/home/tdeng23/ros2_ws/install/crazyflie_ros2:/home/tdeng23/ros2_ws/install/crazyflie_py:/opt/ros/galactic /home/tdeng23/.local/bin/cmake --install /home/tdeng23/ros2_ws/build/crazyflie_interfaces
