[1.014s] Invoking command in '/home/nicxe/ros2_ws/src/crazyswarm2/crazyflie_ros2': PYTHONPATH=/home/nicxe/ros2_ws/build/crazyflie_ros2/prefix_override:/home/nicxe/ros2_ws/install/crazyflie_ros2/lib/python3.8/site-packages:${PYTHONPATH} /usr/bin/python3 setup.py egg_info --egg-base ../../../build/crazyflie_ros2 build --build-base /home/nicxe/ros2_ws/build/crazyflie_ros2/build install --record /home/nicxe/ros2_ws/build/crazyflie_ros2/install.log --single-version-externally-managed
[1.185s] running egg_info
[1.185s] writing ../../../build/crazyflie_ros2/crazyflie_ros2.egg-info/PKG-INFO
[1.186s] writing dependency_links to ../../../build/crazyflie_ros2/crazyflie_ros2.egg-info/dependency_links.txt
[1.186s] writing entry points to ../../../build/crazyflie_ros2/crazyflie_ros2.egg-info/entry_points.txt
[1.186s] writing requirements to ../../../build/crazyflie_ros2/crazyflie_ros2.egg-info/requires.txt
[1.186s] writing top-level names to ../../../build/crazyflie_ros2/crazyflie_ros2.egg-info/top_level.txt
[1.211s] reading manifest file '../../../build/crazyflie_ros2/crazyflie_ros2.egg-info/SOURCES.txt'
[1.211s] writing manifest file '../../../build/crazyflie_ros2/crazyflie_ros2.egg-info/SOURCES.txt'
[1.211s] running build
[1.211s] running build_py
[1.211s] running install
[1.212s] running install_lib
[1.213s] running install_data
[1.214s] running install_egg_info
[1.215s] removing '/home/nicxe/ros2_ws/install/crazyflie_ros2/lib/python3.8/site-packages/crazyflie_ros2-0.0.0-py3.8.egg-info' (and everything under it)
[1.215s] Copying ../../../build/crazyflie_ros2/crazyflie_ros2.egg-info to /home/nicxe/ros2_ws/install/crazyflie_ros2/lib/python3.8/site-packages/crazyflie_ros2-0.0.0-py3.8.egg-info
[1.215s] running install_scripts
[1.228s] Installing crazyflie_publisher script to /home/nicxe/ros2_ws/install/crazyflie_ros2/lib/crazyflie_ros2
[1.229s] writing list of installed files to '/home/nicxe/ros2_ws/build/crazyflie_ros2/install.log'
[1.285s] Invoked command in '/home/nicxe/ros2_ws/src/crazyswarm2/crazyflie_ros2' returned '0': PYTHONPATH=/home/nicxe/ros2_ws/build/crazyflie_ros2/prefix_override:/home/nicxe/ros2_ws/install/crazyflie_ros2/lib/python3.8/site-packages:${PYTHONPATH} /usr/bin/python3 setup.py egg_info --egg-base ../../../build/crazyflie_ros2 build --build-base /home/nicxe/ros2_ws/build/crazyflie_ros2/build install --record /home/nicxe/ros2_ws/build/crazyflie_ros2/install.log --single-version-externally-managed
