[1.584s] Invoking command in '/home/tdeng23/ros2_ws/src/crazyswarm2/crazyflie_ros2_scan': PYTHONPATH=/home/tdeng23/ros2_ws/build/crazyflie_ros2_scan/prefix_override:/home/tdeng23/ros2_ws/install/crazyflie_ros2_scan/lib/python3.8/site-packages:${PYTHONPATH} /usr/bin/python3 setup.py egg_info --egg-base ../../../build/crazyflie_ros2_scan build --build-base /home/tdeng23/ros2_ws/build/crazyflie_ros2_scan/build install --record /home/tdeng23/ros2_ws/build/crazyflie_ros2_scan/install.log --single-version-externally-managed
[1.874s] running egg_info
[1.874s] writing ../../../build/crazyflie_ros2_scan/crazyflie_ros2_scan.egg-info/PKG-INFO
[1.875s] writing dependency_links to ../../../build/crazyflie_ros2_scan/crazyflie_ros2_scan.egg-info/dependency_links.txt
[1.875s] writing entry points to ../../../build/crazyflie_ros2_scan/crazyflie_ros2_scan.egg-info/entry_points.txt
[1.875s] writing requirements to ../../../build/crazyflie_ros2_scan/crazyflie_ros2_scan.egg-info/requires.txt
[1.875s] writing top-level names to ../../../build/crazyflie_ros2_scan/crazyflie_ros2_scan.egg-info/top_level.txt
[1.914s] reading manifest file '../../../build/crazyflie_ros2_scan/crazyflie_ros2_scan.egg-info/SOURCES.txt'
[1.915s] writing manifest file '../../../build/crazyflie_ros2_scan/crazyflie_ros2_scan.egg-info/SOURCES.txt'
[1.915s] running build
[1.916s] running build_py
[1.916s] running install
[1.917s] running install_lib
[1.918s] running install_data
[1.919s] running install_egg_info
[1.921s] removing '/home/tdeng23/ros2_ws/install/crazyflie_ros2_scan/lib/python3.8/site-packages/crazyflie_ros2_scan-0.0.0-py3.8.egg-info' (and everything under it)
[1.922s] Copying ../../../build/crazyflie_ros2_scan/crazyflie_ros2_scan.egg-info to /home/tdeng23/ros2_ws/install/crazyflie_ros2_scan/lib/python3.8/site-packages/crazyflie_ros2_scan-0.0.0-py3.8.egg-info
[1.923s] running install_scripts
[1.950s] Installing range_to_lidar script to /home/tdeng23/ros2_ws/install/crazyflie_ros2_scan/lib/crazyflie_ros2_scan
[1.950s] writing list of installed files to '/home/tdeng23/ros2_ws/build/crazyflie_ros2_scan/install.log'
[2.262s] Invoked command in '/home/tdeng23/ros2_ws/src/crazyswarm2/crazyflie_ros2_scan' returned '0': PYTHONPATH=/home/tdeng23/ros2_ws/build/crazyflie_ros2_scan/prefix_override:/home/tdeng23/ros2_ws/install/crazyflie_ros2_scan/lib/python3.8/site-packages:${PYTHONPATH} /usr/bin/python3 setup.py egg_info --egg-base ../../../build/crazyflie_ros2_scan build --build-base /home/tdeng23/ros2_ws/build/crazyflie_ros2_scan/build install --record /home/tdeng23/ros2_ws/build/crazyflie_ros2_scan/install.log --single-version-externally-managed
