[2.180s] Invoking command in '/home/tdeng23/ros2_ws/src/build/crazyflie_ros2_simple_mapper': PYTHONPATH=/home/tdeng23/ros2_ws/src/build/crazyflie_ros2_simple_mapper/prefix_override:/home/tdeng23/ros2_ws/src/install/crazyflie_ros2_simple_mapper/lib/python3.8/site-packages:${PYTHONPATH} /usr/bin/python3 setup.py develop --editable --build-directory /home/tdeng23/ros2_ws/src/build/crazyflie_ros2_simple_mapper/build --no-deps install_data
[2.714s] running develop
[3.098s] running egg_info
[3.099s] creating crazyflie_ros2_simple_mapper.egg-info
[3.110s] writing crazyflie_ros2_simple_mapper.egg-info/PKG-INFO
[3.110s] writing dependency_links to crazyflie_ros2_simple_mapper.egg-info/dependency_links.txt
[3.110s] writing entry points to crazyflie_ros2_simple_mapper.egg-info/entry_points.txt
[3.111s] writing requirements to crazyflie_ros2_simple_mapper.egg-info/requires.txt
[3.111s] writing top-level names to crazyflie_ros2_simple_mapper.egg-info/top_level.txt
[3.113s] writing manifest file 'crazyflie_ros2_simple_mapper.egg-info/SOURCES.txt'
[3.175s] reading manifest file 'crazyflie_ros2_simple_mapper.egg-info/SOURCES.txt'
[3.176s] writing manifest file 'crazyflie_ros2_simple_mapper.egg-info/SOURCES.txt'
[3.247s] running build_ext
[3.248s] Creating /home/tdeng23/ros2_ws/src/install/crazyflie_ros2_simple_mapper/lib/python3.8/site-packages/site.py
[3.250s] Creating /home/tdeng23/ros2_ws/src/install/crazyflie_ros2_simple_mapper/lib/python3.8/site-packages/crazyflie-ros2-simple-mapper.egg-link (link to .)
[3.251s] Installing simple_mapper script to /home/tdeng23/ros2_ws/src/install/crazyflie_ros2_simple_mapper/lib/crazyflie_ros2_simple_mapper
[3.252s] 
[3.253s] Installed /home/tdeng23/ros2_ws/src/build/crazyflie_ros2_simple_mapper
[3.253s] running install_data
[3.279s] copying package.xml -> /home/tdeng23/ros2_ws/src/install/crazyflie_ros2_simple_mapper/share/crazyflie_ros2_simple_mapper
[3.279s] creating /home/tdeng23/ros2_ws/src/install/crazyflie_ros2_simple_mapper/share/crazyflie_ros2_simple_mapper/resource
[3.279s] copying resource/crazyflie_ros2_simple_mapper -> /home/tdeng23/ros2_ws/src/install/crazyflie_ros2_simple_mapper/share/crazyflie_ros2_simple_mapper/resource/
[3.279s] creating /home/tdeng23/ros2_ws/src/install/crazyflie_ros2_simple_mapper/share/crazyflie_ros2_simple_mapper/launch
[3.279s] copying launch/simple_mapper_simulation_launch.py -> /home/tdeng23/ros2_ws/src/install/crazyflie_ros2_simple_mapper/share/crazyflie_ros2_simple_mapper/launch/
[3.279s] copying launch/simple_mapper_real_launch.py -> /home/tdeng23/ros2_ws/src/install/crazyflie_ros2_simple_mapper/share/crazyflie_ros2_simple_mapper/launch/
[4.193s] Invoked command in '/home/tdeng23/ros2_ws/src/build/crazyflie_ros2_simple_mapper' returned '0': PYTHONPATH=/home/tdeng23/ros2_ws/src/build/crazyflie_ros2_simple_mapper/prefix_override:/home/tdeng23/ros2_ws/src/install/crazyflie_ros2_simple_mapper/lib/python3.8/site-packages:${PYTHONPATH} /usr/bin/python3 setup.py develop --editable --build-directory /home/tdeng23/ros2_ws/src/build/crazyflie_ros2_simple_mapper/build --no-deps install_data
