[1.518s] Invoking command in '/home/nicxe/ros2_ws/src/crazyswarm2/crazyflie_ros2': PYTHONPATH=/home/nicxe/ros2_ws/build/crazyflie_ros2/prefix_override:/home/nicxe/ros2_ws/install/crazyflie_ros2/lib/python3.8/site-packages:${PYTHONPATH} /usr/bin/python3 setup.py egg_info --egg-base ../../../build/crazyflie_ros2 build --build-base /home/nicxe/ros2_ws/build/crazyflie_ros2/build install --record /home/nicxe/ros2_ws/build/crazyflie_ros2/install.log --single-version-externally-managed
[1.708s] running egg_info
[1.708s] writing ../../../build/crazyflie_ros2/crazyflie_ros2.egg-info/PKG-INFO
[1.788s] writing dependency_links to ../../../build/crazyflie_ros2/crazyflie_ros2.egg-info/dependency_links.txt
[1.788s] writing entry points to ../../../build/crazyflie_ros2/crazyflie_ros2.egg-info/entry_points.txt
[1.788s] writing requirements to ../../../build/crazyflie_ros2/crazyflie_ros2.egg-info/requires.txt
[1.788s] writing top-level names to ../../../build/crazyflie_ros2/crazyflie_ros2.egg-info/top_level.txt
[1.814s] reading manifest file '../../../build/crazyflie_ros2/crazyflie_ros2.egg-info/SOURCES.txt'
[1.945s] writing manifest file '../../../build/crazyflie_ros2/crazyflie_ros2.egg-info/SOURCES.txt'
[1.958s] running build
[1.958s] running build_py
[1.964s] running install
[1.965s] running install_lib
[1.966s] running install_data
[1.967s] running install_egg_info
[1.968s] removing '/home/nicxe/ros2_ws/install/crazyflie_ros2/lib/python3.8/site-packages/crazyflie_ros2-0.0.0-py3.8.egg-info' (and everything under it)
[1.969s] Copying ../../../build/crazyflie_ros2/crazyflie_ros2.egg-info to /home/nicxe/ros2_ws/install/crazyflie_ros2/lib/python3.8/site-packages/crazyflie_ros2-0.0.0-py3.8.egg-info
[2.043s] running install_scripts
[2.055s] Installing crazyflie_publisher script to /home/nicxe/ros2_ws/install/crazyflie_ros2/lib/crazyflie_ros2
[2.084s] writing list of installed files to '/home/nicxe/ros2_ws/build/crazyflie_ros2/install.log'
[2.149s] Invoked command in '/home/nicxe/ros2_ws/src/crazyswarm2/crazyflie_ros2' returned '0': PYTHONPATH=/home/nicxe/ros2_ws/build/crazyflie_ros2/prefix_override:/home/nicxe/ros2_ws/install/crazyflie_ros2/lib/python3.8/site-packages:${PYTHONPATH} /usr/bin/python3 setup.py egg_info --egg-base ../../../build/crazyflie_ros2 build --build-base /home/nicxe/ros2_ws/build/crazyflie_ros2/build install --record /home/nicxe/ros2_ws/build/crazyflie_ros2/install.log --single-version-externally-managed
