[0.792s] Invoking command in '/home/nicxe/ros2_ws/src/crazyswarm2/crazyflie_ros2_simple_mapper': PYTHONPATH=/home/nicxe/ros2_ws/build/crazyflie_ros2_simple_mapper/prefix_override:/home/nicxe/ros2_ws/install/crazyflie_ros2_simple_mapper/lib/python3.8/site-packages:${PYTHONPATH} /usr/bin/python3 setup.py egg_info --egg-base ../../../build/crazyflie_ros2_simple_mapper build --build-base /home/nicxe/ros2_ws/build/crazyflie_ros2_simple_mapper/build install --record /home/nicxe/ros2_ws/build/crazyflie_ros2_simple_mapper/install.log --single-version-externally-managed
[0.969s] running egg_info
[0.970s] writing ../../../build/crazyflie_ros2_simple_mapper/crazyflie_ros2_simple_mapper.egg-info/PKG-INFO
[0.970s] writing dependency_links to ../../../build/crazyflie_ros2_simple_mapper/crazyflie_ros2_simple_mapper.egg-info/dependency_links.txt
[0.970s] writing entry points to ../../../build/crazyflie_ros2_simple_mapper/crazyflie_ros2_simple_mapper.egg-info/entry_points.txt
[0.970s] writing requirements to ../../../build/crazyflie_ros2_simple_mapper/crazyflie_ros2_simple_mapper.egg-info/requires.txt
[0.970s] writing top-level names to ../../../build/crazyflie_ros2_simple_mapper/crazyflie_ros2_simple_mapper.egg-info/top_level.txt
[0.995s] reading manifest file '../../../build/crazyflie_ros2_simple_mapper/crazyflie_ros2_simple_mapper.egg-info/SOURCES.txt'
[0.995s] writing manifest file '../../../build/crazyflie_ros2_simple_mapper/crazyflie_ros2_simple_mapper.egg-info/SOURCES.txt'
[0.995s] running build
[0.995s] running build_py
[0.995s] running install
[0.996s] running install_lib
[0.997s] running install_data
[0.997s] running install_egg_info
[0.999s] removing '/home/nicxe/ros2_ws/install/crazyflie_ros2_simple_mapper/lib/python3.8/site-packages/crazyflie_ros2_simple_mapper-0.0.0-py3.8.egg-info' (and everything under it)
[0.999s] Copying ../../../build/crazyflie_ros2_simple_mapper/crazyflie_ros2_simple_mapper.egg-info to /home/nicxe/ros2_ws/install/crazyflie_ros2_simple_mapper/lib/python3.8/site-packages/crazyflie_ros2_simple_mapper-0.0.0-py3.8.egg-info
[0.999s] running install_scripts
[1.012s] Installing simple_mapper script to /home/nicxe/ros2_ws/install/crazyflie_ros2_simple_mapper/lib/crazyflie_ros2_simple_mapper
[1.012s] writing list of installed files to '/home/nicxe/ros2_ws/build/crazyflie_ros2_simple_mapper/install.log'
[1.170s] Invoked command in '/home/nicxe/ros2_ws/src/crazyswarm2/crazyflie_ros2_simple_mapper' returned '0': PYTHONPATH=/home/nicxe/ros2_ws/build/crazyflie_ros2_simple_mapper/prefix_override:/home/nicxe/ros2_ws/install/crazyflie_ros2_simple_mapper/lib/python3.8/site-packages:${PYTHONPATH} /usr/bin/python3 setup.py egg_info --egg-base ../../../build/crazyflie_ros2_simple_mapper build --build-base /home/nicxe/ros2_ws/build/crazyflie_ros2_simple_mapper/build install --record /home/nicxe/ros2_ws/build/crazyflie_ros2_simple_mapper/install.log --single-version-externally-managed
