[1.753s] Invoking command in '/home/tdeng23/ros2_ws/build/crazyflie_ros2_scan': PYTHONPATH=/home/tdeng23/ros2_ws/build/crazyflie_ros2_scan/prefix_override:/home/tdeng23/ros2_ws/install/crazyflie_ros2_scan/lib/python3.8/site-packages:${PYTHONPATH} /usr/bin/python3 setup.py develop --uninstall --editable --build-directory /home/tdeng23/ros2_ws/build/crazyflie_ros2_scan/build
[2.150s] running develop
[2.509s] Invoked command in '/home/tdeng23/ros2_ws/build/crazyflie_ros2_scan' returned '0': PYTHONPATH=/home/tdeng23/ros2_ws/build/crazyflie_ros2_scan/prefix_override:/home/tdeng23/ros2_ws/install/crazyflie_ros2_scan/lib/python3.8/site-packages:${PYTHONPATH} /usr/bin/python3 setup.py develop --uninstall --editable --build-directory /home/tdeng23/ros2_ws/build/crazyflie_ros2_scan/build
[2.512s] Invoking command in '/home/tdeng23/ros2_ws/src/crazyswarm2/crazyflie_ros2_scan': PYTHONPATH=/home/tdeng23/ros2_ws/build/crazyflie_ros2_scan/prefix_override:/home/tdeng23/ros2_ws/install/crazyflie_ros2_scan/lib/python3.8/site-packages:${PYTHONPATH} /usr/bin/python3 setup.py egg_info --egg-base ../../../build/crazyflie_ros2_scan build --build-base /home/tdeng23/ros2_ws/build/crazyflie_ros2_scan/build install --record /home/tdeng23/ros2_ws/build/crazyflie_ros2_scan/install.log --single-version-externally-managed
[2.968s] running egg_info
[2.969s] writing ../../../build/crazyflie_ros2_scan/crazyflie_ros2_scan.egg-info/PKG-INFO
[2.970s] writing dependency_links to ../../../build/crazyflie_ros2_scan/crazyflie_ros2_scan.egg-info/dependency_links.txt
[2.970s] writing entry points to ../../../build/crazyflie_ros2_scan/crazyflie_ros2_scan.egg-info/entry_points.txt
[2.970s] writing requirements to ../../../build/crazyflie_ros2_scan/crazyflie_ros2_scan.egg-info/requires.txt
[2.970s] writing top-level names to ../../../build/crazyflie_ros2_scan/crazyflie_ros2_scan.egg-info/top_level.txt
[3.037s] reading manifest file '../../../build/crazyflie_ros2_scan/crazyflie_ros2_scan.egg-info/SOURCES.txt'
[3.038s] writing manifest file '../../../build/crazyflie_ros2_scan/crazyflie_ros2_scan.egg-info/SOURCES.txt'
[3.039s] running build
[3.039s] running build_py
[3.039s] running install
[3.040s] running install_lib
[3.044s] running install_data
[3.046s] running install_egg_info
[3.050s] removing '/home/tdeng23/ros2_ws/install/crazyflie_ros2_scan/lib/python3.8/site-packages/crazyflie_ros2_scan-0.0.0-py3.8.egg-info' (and everything under it)
[3.050s] Copying ../../../build/crazyflie_ros2_scan/crazyflie_ros2_scan.egg-info to /home/tdeng23/ros2_ws/install/crazyflie_ros2_scan/lib/python3.8/site-packages/crazyflie_ros2_scan-0.0.0-py3.8.egg-info
[3.052s] running install_scripts
[3.088s] Installing range_to_lidar script to /home/tdeng23/ros2_ws/install/crazyflie_ros2_scan/lib/crazyflie_ros2_scan
[3.089s] writing list of installed files to '/home/tdeng23/ros2_ws/build/crazyflie_ros2_scan/install.log'
[3.132s] Invoked command in '/home/tdeng23/ros2_ws/src/crazyswarm2/crazyflie_ros2_scan' returned '0': PYTHONPATH=/home/tdeng23/ros2_ws/build/crazyflie_ros2_scan/prefix_override:/home/tdeng23/ros2_ws/install/crazyflie_ros2_scan/lib/python3.8/site-packages:${PYTHONPATH} /usr/bin/python3 setup.py egg_info --egg-base ../../../build/crazyflie_ros2_scan build --build-base /home/tdeng23/ros2_ws/build/crazyflie_ros2_scan/build install --record /home/tdeng23/ros2_ws/build/crazyflie_ros2_scan/install.log --single-version-externally-managed
