[0.242s] Invoking command in '/home/tdeng23/ros2_ws/build/crazyflie': CMAKE_PREFIX_PATH=/home/tdeng23/ros2_ws/install/motion_capture_tracking_interfaces:/home/tdeng23/ros2_ws/install/crazyflie_interfaces:/home/tdeng23/ros2_ws/install/motion_capture_tracking:/home/tdeng23/ros2_ws/install/crazyflie:/home/tdeng23/ros2_ws/install/crazyflie_sim:/home/tdeng23/ros2_ws/install/crazyflie_examples:/home/tdeng23/ros2_ws/install/my_package:/home/tdeng23/ros2_ws/install/crazyflie_simulation:/home/tdeng23/ros2_ws/install/crazyflie_py:/opt/ros/galactic PYTHONPATH=/home/tdeng23/ros2_ws/install/motion_capture_tracking_interfaces/lib/python3.8/site-packages:/home/tdeng23/ros2_ws/install/crazyflie_interfaces/lib/python3.8/site-packages:/home/tdeng23/ros2_ws/install/my_package/lib/python3.8/site-packages:/home/tdeng23/ros2_ws/install/crazyflie_simulation/lib/python3.8/site-packages:/home/tdeng23/ros2_ws/install/crazyflie_sim/lib/python3.8/site-packages:/home/tdeng23/ros2_ws/install/crazyflie_examples/lib/python3.8/site-packages:/home/tdeng23/ros2_ws/build/crazyflie_py:/home/tdeng23/ros2_ws/install/crazyflie_py/lib/python3.8/site-packages:/opt/ros/galactic/lib/python3.8/site-packages /usr/bin/cmake --build /home/tdeng23/ros2_ws/build/crazyflie -- -j8 -l8
[0.301s] [ 25%] Built target crazyflieLinkCpp
[0.319s] [ 30%] Built target teleop
[0.333s] [ 38%] Built target crazyflie_cpp
[0.374s] [ 44%] Built target listParams
[0.376s] [ 50%] Built target reboot
[0.382s] [ 55%] Built target listLogVariables
[0.384s] [ 61%] Built target scan
[0.384s] [ 66%] Built target version
[0.391s] [ 72%] Built target listMemories
[0.396s] [ 77%] Built target battery
[0.401s] [ 83%] Built target crazyflie_server
[0.406s] [ 88%] Built target console
[0.412s] [ 94%] Built target log
[0.419s] [100%] Built target setParam
[0.430s] Invoked command in '/home/tdeng23/ros2_ws/build/crazyflie' returned '0': CMAKE_PREFIX_PATH=/home/tdeng23/ros2_ws/install/motion_capture_tracking_interfaces:/home/tdeng23/ros2_ws/install/crazyflie_interfaces:/home/tdeng23/ros2_ws/install/motion_capture_tracking:/home/tdeng23/ros2_ws/install/crazyflie:/home/tdeng23/ros2_ws/install/crazyflie_sim:/home/tdeng23/ros2_ws/install/crazyflie_examples:/home/tdeng23/ros2_ws/install/my_package:/home/tdeng23/ros2_ws/install/crazyflie_simulation:/home/tdeng23/ros2_ws/install/crazyflie_py:/opt/ros/galactic PYTHONPATH=/home/tdeng23/ros2_ws/install/motion_capture_tracking_interfaces/lib/python3.8/site-packages:/home/tdeng23/ros2_ws/install/crazyflie_interfaces/lib/python3.8/site-packages:/home/tdeng23/ros2_ws/install/my_package/lib/python3.8/site-packages:/home/tdeng23/ros2_ws/install/crazyflie_simulation/lib/python3.8/site-packages:/home/tdeng23/ros2_ws/install/crazyflie_sim/lib/python3.8/site-packages:/home/tdeng23/ros2_ws/install/crazyflie_examples/lib/python3.8/site-packages:/home/tdeng23/ros2_ws/build/crazyflie_py:/home/tdeng23/ros2_ws/install/crazyflie_py/lib/python3.8/site-packages:/opt/ros/galactic/lib/python3.8/site-packages /usr/bin/cmake --build /home/tdeng23/ros2_ws/build/crazyflie -- -j8 -l8
[0.462s] Invoking command in '/home/tdeng23/ros2_ws/build/crazyflie': CMAKE_PREFIX_PATH=/home/tdeng23/ros2_ws/install/motion_capture_tracking_interfaces:/home/tdeng23/ros2_ws/install/crazyflie_interfaces:/home/tdeng23/ros2_ws/install/motion_capture_tracking:/home/tdeng23/ros2_ws/install/crazyflie:/home/tdeng23/ros2_ws/install/crazyflie_sim:/home/tdeng23/ros2_ws/install/crazyflie_examples:/home/tdeng23/ros2_ws/install/my_package:/home/tdeng23/ros2_ws/install/crazyflie_simulation:/home/tdeng23/ros2_ws/install/crazyflie_py:/opt/ros/galactic PYTHONPATH=/home/tdeng23/ros2_ws/install/motion_capture_tracking_interfaces/lib/python3.8/site-packages:/home/tdeng23/ros2_ws/install/crazyflie_interfaces/lib/python3.8/site-packages:/home/tdeng23/ros2_ws/install/my_package/lib/python3.8/site-packages:/home/tdeng23/ros2_ws/install/crazyflie_simulation/lib/python3.8/site-packages:/home/tdeng23/ros2_ws/install/crazyflie_sim/lib/python3.8/site-packages:/home/tdeng23/ros2_ws/install/crazyflie_examples/lib/python3.8/site-packages:/home/tdeng23/ros2_ws/build/crazyflie_py:/home/tdeng23/ros2_ws/install/crazyflie_py/lib/python3.8/site-packages:/opt/ros/galactic/lib/python3.8/site-packages /usr/bin/cmake --install /home/tdeng23/ros2_ws/build/crazyflie
[0.470s] -- Install configuration: ""
[0.472s] -- Execute custom install script
[0.472s] -- Up-to-date symlink: /home/tdeng23/ros2_ws/install/crazyflie/lib/crazyflie/scan
[0.473s] -- Up-to-date symlink: /home/tdeng23/ros2_ws/install/crazyflie/lib/crazyflie/listParams
[0.473s] -- Up-to-date symlink: /home/tdeng23/ros2_ws/install/crazyflie/lib/crazyflie/listLogVariables
[0.473s] -- Up-to-date symlink: /home/tdeng23/ros2_ws/install/crazyflie/lib/crazyflie/listMemories
[0.474s] -- Up-to-date symlink: /home/tdeng23/ros2_ws/install/crazyflie/lib/crazyflie/reboot
[0.474s] -- Up-to-date symlink: /home/tdeng23/ros2_ws/install/crazyflie/lib/crazyflie/battery
[0.474s] -- Up-to-date symlink: /home/tdeng23/ros2_ws/install/crazyflie/lib/crazyflie/version
[0.474s] -- Up-to-date symlink: /home/tdeng23/ros2_ws/install/crazyflie/lib/crazyflie/console
[0.475s] -- Up-to-date symlink: /home/tdeng23/ros2_ws/install/crazyflie/lib/crazyflie/log
[0.475s] -- Up-to-date symlink: /home/tdeng23/ros2_ws/install/crazyflie/lib/crazyflie/setParam
[0.475s] -- Up-to-date symlink: /home/tdeng23/ros2_ws/install/crazyflie/lib/crazyflie/teleop
[0.475s] -- Up-to-date symlink: /home/tdeng23/ros2_ws/install/crazyflie/lib/crazyflie/crazyflie_server
[0.476s] -- Up-to-date symlink: /home/tdeng23/ros2_ws/install/crazyflie/lib/crazyflie/crazyflie_server.py
[0.476s] -- Up-to-date symlink: /home/tdeng23/ros2_ws/install/crazyflie/lib/crazyflie/chooser.py
[0.476s] -- Up-to-date symlink: /home/tdeng23/ros2_ws/install/crazyflie/lib/crazyflie/vel_mux.py
[0.476s] -- Up-to-date symlink: /home/tdeng23/ros2_ws/install/crazyflie/lib/crazyflie/cfmult.py
[0.477s] -- Up-to-date symlink: /home/tdeng23/ros2_ws/install/crazyflie/share/crazyflie//launch/launch.py
[0.477s] -- Up-to-date symlink: /home/tdeng23/ros2_ws/install/crazyflie/share/crazyflie//launch/launch_teleop2.py
[0.477s] -- Up-to-date symlink: /home/tdeng23/ros2_ws/install/crazyflie/share/crazyflie//launch/teleop_launch.py
[0.477s] -- Up-to-date symlink: /home/tdeng23/ros2_ws/install/crazyflie/share/crazyflie//config/config.rviz
[0.478s] -- Up-to-date symlink: /home/tdeng23/ros2_ws/install/crazyflie/share/crazyflie//config/crazyflies.yaml
[0.478s] -- Up-to-date symlink: /home/tdeng23/ros2_ws/install/crazyflie/share/crazyflie//config/motion_capture.yaml
[0.478s] -- Up-to-date symlink: /home/tdeng23/ros2_ws/install/crazyflie/share/crazyflie//config/server.yaml
[0.478s] -- Up-to-date symlink: /home/tdeng23/ros2_ws/install/crazyflie/share/crazyflie//config/teleop.yaml
[0.478s] -- Up-to-date symlink: /home/tdeng23/ros2_ws/install/crazyflie/share/ament_index/resource_index/package_run_dependencies/crazyflie
[0.479s] -- Up-to-date symlink: /home/tdeng23/ros2_ws/install/crazyflie/share/ament_index/resource_index/parent_prefix_path/crazyflie
[0.479s] -- Up-to-date symlink: /home/tdeng23/ros2_ws/install/crazyflie/share/crazyflie/environment/ament_prefix_path.sh
[0.479s] -- Up-to-date symlink: /home/tdeng23/ros2_ws/install/crazyflie/share/crazyflie/environment/ament_prefix_path.dsv
[0.480s] -- Up-to-date symlink: /home/tdeng23/ros2_ws/install/crazyflie/share/crazyflie/environment/path.sh
[0.480s] -- Up-to-date symlink: /home/tdeng23/ros2_ws/install/crazyflie/share/crazyflie/environment/path.dsv
[0.480s] -- Up-to-date symlink: /home/tdeng23/ros2_ws/install/crazyflie/share/crazyflie/local_setup.bash
[0.481s] -- Up-to-date symlink: /home/tdeng23/ros2_ws/install/crazyflie/share/crazyflie/local_setup.sh
[0.481s] -- Up-to-date symlink: /home/tdeng23/ros2_ws/install/crazyflie/share/crazyflie/local_setup.zsh
[0.481s] -- Up-to-date symlink: /home/tdeng23/ros2_ws/install/crazyflie/share/crazyflie/local_setup.dsv
[0.481s] -- Symlinking: /home/tdeng23/ros2_ws/install/crazyflie/share/crazyflie/package.dsv
[0.490s] -- Up-to-date symlink: /home/tdeng23/ros2_ws/install/crazyflie/share/ament_index/resource_index/packages/crazyflie
[0.490s] -- Up-to-date symlink: /home/tdeng23/ros2_ws/install/crazyflie/share/crazyflie/cmake/crazyflieConfig.cmake
[0.491s] -- Up-to-date symlink: /home/tdeng23/ros2_ws/install/crazyflie/share/crazyflie/cmake/crazyflieConfig-version.cmake
[0.491s] -- Up-to-date symlink: /home/tdeng23/ros2_ws/install/crazyflie/share/crazyflie/package.xml
[0.497s] Invoked command in '/home/tdeng23/ros2_ws/build/crazyflie' returned '0': CMAKE_PREFIX_PATH=/home/tdeng23/ros2_ws/install/motion_capture_tracking_interfaces:/home/tdeng23/ros2_ws/install/crazyflie_interfaces:/home/tdeng23/ros2_ws/install/motion_capture_tracking:/home/tdeng23/ros2_ws/install/crazyflie:/home/tdeng23/ros2_ws/install/crazyflie_sim:/home/tdeng23/ros2_ws/install/crazyflie_examples:/home/tdeng23/ros2_ws/install/my_package:/home/tdeng23/ros2_ws/install/crazyflie_simulation:/home/tdeng23/ros2_ws/install/crazyflie_py:/opt/ros/galactic PYTHONPATH=/home/tdeng23/ros2_ws/install/motion_capture_tracking_interfaces/lib/python3.8/site-packages:/home/tdeng23/ros2_ws/install/crazyflie_interfaces/lib/python3.8/site-packages:/home/tdeng23/ros2_ws/install/my_package/lib/python3.8/site-packages:/home/tdeng23/ros2_ws/install/crazyflie_simulation/lib/python3.8/site-packages:/home/tdeng23/ros2_ws/install/crazyflie_sim/lib/python3.8/site-packages:/home/tdeng23/ros2_ws/install/crazyflie_examples/lib/python3.8/site-packages:/home/tdeng23/ros2_ws/build/crazyflie_py:/home/tdeng23/ros2_ws/install/crazyflie_py/lib/python3.8/site-packages:/opt/ros/galactic/lib/python3.8/site-packages /usr/bin/cmake --install /home/tdeng23/ros2_ws/build/crazyflie
