[0.529s] Invoking command in '/home/nicxe/ros2_ws/src/crazyswarm2/crazyflie_py': CMAKE_PREFIX_PATH=/home/nicxe/ros2_ws/install/crazyflie_interfaces:/home/nicxe/ros2_ws/install/motion_capture_tracking:/home/nicxe/ros2_ws/install/crazyflie:/home/nicxe/ros2_ws/install/motion_capture_tracking_interfaces:/home/nicxe/ros2_ws/install/crazyflie_sim:/home/nicxe/ros2_ws/install/crazyflie_ros2_slam:/home/nicxe/ros2_ws/install/crazyflie_ros2_navigation:/home/nicxe/ros2_ws/install/crazyflie_ros2_interfaces:/home/nicxe/ros2_ws/install/crazyflie_ros2_description:/home/nicxe/ros2_ws/install/crazyflie_examples LD_LIBRARY_PATH=/home/nicxe/ros2_ws/install/crazyflie_interfaces/lib:/home/nicxe/ros2_ws/install/motion_capture_tracking_interfaces/lib:/home/nicxe/ros2_ws/install/crazyflie_ros2_interfaces/lib:/opt/ros/galactic/opt/yaml_cpp_vendor/lib:/opt/ros/galactic/opt/rviz_ogre_vendor/lib:/opt/ros/galactic/lib/x86_64-linux-gnu:/opt/ros/galactic/lib PYTHONPATH=/home/nicxe/ros2_ws/build/crazyflie_py/prefix_override:/home/nicxe/ros2_ws/install/crazyflie_py/lib/python3.8/site-packages:/home/nicxe/ros2_ws/install/crazyflie_interfaces/lib/python3.8/site-packages:/home/nicxe/CS_SITP/crazyflie-firmware/build:/home/nicxe/ros2_ws/install/my_package/lib/python3.8/site-packages:/home/nicxe/ros2_ws/install/motion_capture_tracking_interfaces/lib/python3.8/site-packages:/home/nicxe/ros2_ws/install/crazyflie_simulation/lib/python3.8/site-packages:/home/nicxe/ros2_ws/install/crazyflie_sim/lib/python3.8/site-packages:/home/nicxe/ros2_ws/install/crazyflie_ros2_simulation/lib/python3.8/site-packages:/home/nicxe/ros2_ws/install/crazyflie_ros2_simple_mapper/lib/python3.8/site-packages:/home/nicxe/ros2_ws/install/crazyflie_ros2_scan/lib/python3.8/site-packages:/home/nicxe/ros2_ws/install/crazyflie_ros2_interfaces/lib/python3.8/site-packages:/home/nicxe/ros2_ws/install/crazyflie_ros2/lib/python3.8/site-packages:/home/nicxe/ros2_ws/install/crazyflie_examples/lib/python3.8/site-packages:/home/nicxe/ros2_ws/install/crazyflie_py/lib/python3.8/site-packages:/opt/ros/galactic/lib/python3.8/site-packages /usr/bin/python3 setup.py egg_info --egg-base ../../../build/crazyflie_py build --build-base /home/nicxe/ros2_ws/build/crazyflie_py/build install --record /home/nicxe/ros2_ws/build/crazyflie_py/install.log --single-version-externally-managed
[0.694s] running egg_info
[0.694s] creating ../../../build/crazyflie_py/crazyflie_py.egg-info
[0.694s] writing ../../../build/crazyflie_py/crazyflie_py.egg-info/PKG-INFO
[0.694s] writing dependency_links to ../../../build/crazyflie_py/crazyflie_py.egg-info/dependency_links.txt
[0.695s] writing entry points to ../../../build/crazyflie_py/crazyflie_py.egg-info/entry_points.txt
[0.695s] writing requirements to ../../../build/crazyflie_py/crazyflie_py.egg-info/requires.txt
[0.695s] writing top-level names to ../../../build/crazyflie_py/crazyflie_py.egg-info/top_level.txt
[0.695s] writing manifest file '../../../build/crazyflie_py/crazyflie_py.egg-info/SOURCES.txt'
[0.720s] reading manifest file '../../../build/crazyflie_py/crazyflie_py.egg-info/SOURCES.txt'
[0.720s] writing manifest file '../../../build/crazyflie_py/crazyflie_py.egg-info/SOURCES.txt'
[0.720s] running build
[0.720s] running build_py
[0.720s] creating /home/nicxe/ros2_ws/build/crazyflie_py/build
[0.720s] creating /home/nicxe/ros2_ws/build/crazyflie_py/build/lib
[0.721s] creating /home/nicxe/ros2_ws/build/crazyflie_py/build/lib/crazyflie_py
[0.721s] copying crazyflie_py/joystick.py -> /home/nicxe/ros2_ws/build/crazyflie_py/build/lib/crazyflie_py
[0.721s] copying crazyflie_py/linuxjsdev.py -> /home/nicxe/ros2_ws/build/crazyflie_py/build/lib/crazyflie_py
[0.721s] copying crazyflie_py/util.py -> /home/nicxe/ros2_ws/build/crazyflie_py/build/lib/crazyflie_py
[0.721s] copying crazyflie_py/genericJoystick.py -> /home/nicxe/ros2_ws/build/crazyflie_py/build/lib/crazyflie_py
[0.721s] copying crazyflie_py/crazyflie.py -> /home/nicxe/ros2_ws/build/crazyflie_py/build/lib/crazyflie_py
[0.721s] copying crazyflie_py/uav_trajectory.py -> /home/nicxe/ros2_ws/build/crazyflie_py/build/lib/crazyflie_py
[0.721s] copying crazyflie_py/keyboard.py -> /home/nicxe/ros2_ws/build/crazyflie_py/build/lib/crazyflie_py
[0.721s] copying crazyflie_py/__init__.py -> /home/nicxe/ros2_ws/build/crazyflie_py/build/lib/crazyflie_py
[0.721s] copying crazyflie_py/crazyswarm_py.py -> /home/nicxe/ros2_ws/build/crazyflie_py/build/lib/crazyflie_py
[0.721s] running install
[0.721s] running install_lib
[0.722s] creating /home/nicxe/ros2_ws/install/crazyflie_py/lib/python3.8/site-packages/crazyflie_py
[0.722s] copying /home/nicxe/ros2_ws/build/crazyflie_py/build/lib/crazyflie_py/joystick.py -> /home/nicxe/ros2_ws/install/crazyflie_py/lib/python3.8/site-packages/crazyflie_py
[0.722s] copying /home/nicxe/ros2_ws/build/crazyflie_py/build/lib/crazyflie_py/linuxjsdev.py -> /home/nicxe/ros2_ws/install/crazyflie_py/lib/python3.8/site-packages/crazyflie_py
[0.722s] copying /home/nicxe/ros2_ws/build/crazyflie_py/build/lib/crazyflie_py/util.py -> /home/nicxe/ros2_ws/install/crazyflie_py/lib/python3.8/site-packages/crazyflie_py
[0.722s] copying /home/nicxe/ros2_ws/build/crazyflie_py/build/lib/crazyflie_py/genericJoystick.py -> /home/nicxe/ros2_ws/install/crazyflie_py/lib/python3.8/site-packages/crazyflie_py
[0.722s] copying /home/nicxe/ros2_ws/build/crazyflie_py/build/lib/crazyflie_py/crazyflie.py -> /home/nicxe/ros2_ws/install/crazyflie_py/lib/python3.8/site-packages/crazyflie_py
[0.722s] copying /home/nicxe/ros2_ws/build/crazyflie_py/build/lib/crazyflie_py/uav_trajectory.py -> /home/nicxe/ros2_ws/install/crazyflie_py/lib/python3.8/site-packages/crazyflie_py
[0.722s] copying /home/nicxe/ros2_ws/build/crazyflie_py/build/lib/crazyflie_py/keyboard.py -> /home/nicxe/ros2_ws/install/crazyflie_py/lib/python3.8/site-packages/crazyflie_py
[0.722s] copying /home/nicxe/ros2_ws/build/crazyflie_py/build/lib/crazyflie_py/__init__.py -> /home/nicxe/ros2_ws/install/crazyflie_py/lib/python3.8/site-packages/crazyflie_py
[0.722s] copying /home/nicxe/ros2_ws/build/crazyflie_py/build/lib/crazyflie_py/crazyswarm_py.py -> /home/nicxe/ros2_ws/install/crazyflie_py/lib/python3.8/site-packages/crazyflie_py
[0.723s] byte-compiling /home/nicxe/ros2_ws/install/crazyflie_py/lib/python3.8/site-packages/crazyflie_py/joystick.py to joystick.cpython-38.pyc
[0.724s] byte-compiling /home/nicxe/ros2_ws/install/crazyflie_py/lib/python3.8/site-packages/crazyflie_py/linuxjsdev.py to linuxjsdev.cpython-38.pyc
[0.725s] byte-compiling /home/nicxe/ros2_ws/install/crazyflie_py/lib/python3.8/site-packages/crazyflie_py/util.py to util.cpython-38.pyc
[0.725s] byte-compiling /home/nicxe/ros2_ws/install/crazyflie_py/lib/python3.8/site-packages/crazyflie_py/genericJoystick.py to genericJoystick.cpython-38.pyc
[0.725s] byte-compiling /home/nicxe/ros2_ws/install/crazyflie_py/lib/python3.8/site-packages/crazyflie_py/crazyflie.py to crazyflie.cpython-38.pyc
[0.727s] byte-compiling /home/nicxe/ros2_ws/install/crazyflie_py/lib/python3.8/site-packages/crazyflie_py/uav_trajectory.py to uav_trajectory.cpython-38.pyc
[0.728s] byte-compiling /home/nicxe/ros2_ws/install/crazyflie_py/lib/python3.8/site-packages/crazyflie_py/keyboard.py to keyboard.cpython-38.pyc
[0.728s] byte-compiling /home/nicxe/ros2_ws/install/crazyflie_py/lib/python3.8/site-packages/crazyflie_py/__init__.py to __init__.cpython-38.pyc
[0.728s] byte-compiling /home/nicxe/ros2_ws/install/crazyflie_py/lib/python3.8/site-packages/crazyflie_py/crazyswarm_py.py to crazyswarm_py.cpython-38.pyc
[0.728s] running install_data
[0.729s] creating /home/nicxe/ros2_ws/install/crazyflie_py/share/ament_index
[0.729s] creating /home/nicxe/ros2_ws/install/crazyflie_py/share/ament_index/resource_index
[0.729s] creating /home/nicxe/ros2_ws/install/crazyflie_py/share/ament_index/resource_index/packages
[0.729s] copying resource/crazyflie_py -> /home/nicxe/ros2_ws/install/crazyflie_py/share/ament_index/resource_index/packages
[0.729s] copying package.xml -> /home/nicxe/ros2_ws/install/crazyflie_py/share/crazyflie_py
[0.729s] running install_egg_info
[0.730s] Copying ../../../build/crazyflie_py/crazyflie_py.egg-info to /home/nicxe/ros2_ws/install/crazyflie_py/lib/python3.8/site-packages/crazyflie_py-2.0.0-py3.8.egg-info
[0.731s] running install_scripts
[0.743s] writing list of installed files to '/home/nicxe/ros2_ws/build/crazyflie_py/install.log'
[0.762s] Invoked command in '/home/nicxe/ros2_ws/src/crazyswarm2/crazyflie_py' returned '0': CMAKE_PREFIX_PATH=/home/nicxe/ros2_ws/install/crazyflie_interfaces:/home/nicxe/ros2_ws/install/motion_capture_tracking:/home/nicxe/ros2_ws/install/crazyflie:/home/nicxe/ros2_ws/install/motion_capture_tracking_interfaces:/home/nicxe/ros2_ws/install/crazyflie_sim:/home/nicxe/ros2_ws/install/crazyflie_ros2_slam:/home/nicxe/ros2_ws/install/crazyflie_ros2_navigation:/home/nicxe/ros2_ws/install/crazyflie_ros2_interfaces:/home/nicxe/ros2_ws/install/crazyflie_ros2_description:/home/nicxe/ros2_ws/install/crazyflie_examples LD_LIBRARY_PATH=/home/nicxe/ros2_ws/install/crazyflie_interfaces/lib:/home/nicxe/ros2_ws/install/motion_capture_tracking_interfaces/lib:/home/nicxe/ros2_ws/install/crazyflie_ros2_interfaces/lib:/opt/ros/galactic/opt/yaml_cpp_vendor/lib:/opt/ros/galactic/opt/rviz_ogre_vendor/lib:/opt/ros/galactic/lib/x86_64-linux-gnu:/opt/ros/galactic/lib PYTHONPATH=/home/nicxe/ros2_ws/build/crazyflie_py/prefix_override:/home/nicxe/ros2_ws/install/crazyflie_py/lib/python3.8/site-packages:/home/nicxe/ros2_ws/install/crazyflie_interfaces/lib/python3.8/site-packages:/home/nicxe/CS_SITP/crazyflie-firmware/build:/home/nicxe/ros2_ws/install/my_package/lib/python3.8/site-packages:/home/nicxe/ros2_ws/install/motion_capture_tracking_interfaces/lib/python3.8/site-packages:/home/nicxe/ros2_ws/install/crazyflie_simulation/lib/python3.8/site-packages:/home/nicxe/ros2_ws/install/crazyflie_sim/lib/python3.8/site-packages:/home/nicxe/ros2_ws/install/crazyflie_ros2_simulation/lib/python3.8/site-packages:/home/nicxe/ros2_ws/install/crazyflie_ros2_simple_mapper/lib/python3.8/site-packages:/home/nicxe/ros2_ws/install/crazyflie_ros2_scan/lib/python3.8/site-packages:/home/nicxe/ros2_ws/install/crazyflie_ros2_interfaces/lib/python3.8/site-packages:/home/nicxe/ros2_ws/install/crazyflie_ros2/lib/python3.8/site-packages:/home/nicxe/ros2_ws/install/crazyflie_examples/lib/python3.8/site-packages:/home/nicxe/ros2_ws/install/crazyflie_py/lib/python3.8/site-packages:/opt/ros/galactic/lib/python3.8/site-packages /usr/bin/python3 setup.py egg_info --egg-base ../../../build/crazyflie_py build --build-base /home/nicxe/ros2_ws/build/crazyflie_py/build install --record /home/nicxe/ros2_ws/build/crazyflie_py/install.log --single-version-externally-managed
