-- The C compiler identification is GNU 9.4.0
-- The CXX compiler identification is GNU 9.4.0
-- Detecting C compiler ABI info
-- Detecting C compiler ABI info - done
-- Check for working C compiler: /usr/bin/cc - skipped
-- Detecting C compile features
-- Detecting C compile features - done
-- Detecting CXX compiler ABI info
-- Detecting CXX compiler ABI info - done
-- Check for working CXX compiler: /usr/bin/c++ - skipped
-- Detecting CXX compile features
-- Detecting CXX compile features - done
-- Found ament_cmake: 1.1.6 (/opt/ros/galactic/share/ament_cmake/cmake)
-- Found PythonInterp: /usr/bin/python3 (found suitable version "3.8.10", minimum required is "3") 
-- Using PYTHON_EXECUTABLE: /usr/bin/python3
-- Found ament_lint_auto: 0.10.7 (/opt/ros/galactic/share/ament_lint_auto/cmake)
-- Added test 'copyright' to check source files copyright and LICENSE
-- Added test 'flake8' to check Python code syntax and style conventions
-- Added test 'lint_cmake' to check CMake code style
-- Added test 'pep257' to check Python code against some of the style conventions in PEP 257
-- Added test 'xmllint' to check XML markup files
-- Configuring done (0.4s)
-- Generating done (0.0s)
-- Build files have been written to: /home/tdeng23/ros2_ws/src/crazyswarm2/build/crazyflie_ros2_navigation
-- Install configuration: ""
-- Installing: /home/tdeng23/ros2_ws/src/crazyswarm2/install/crazyflie_ros2_navigation/share/crazyflie_ros2_navigation/launch
-- Installing: /home/tdeng23/ros2_ws/src/crazyswarm2/install/crazyflie_ros2_navigation/share/crazyflie_ros2_navigation/launch/navigation_simulation_launch.py
-- Installing: /home/tdeng23/ros2_ws/src/crazyswarm2/install/crazyflie_ros2_navigation/share/crazyflie_ros2_navigation/launch/navigation_real_launch.py
-- Installing: /home/tdeng23/ros2_ws/src/crazyswarm2/install/crazyflie_ros2_navigation/share/crazyflie_ros2_navigation/params
-- Installing: /home/tdeng23/ros2_ws/src/crazyswarm2/install/crazyflie_ros2_navigation/share/crazyflie_ros2_navigation/params/nav2_params.yaml
-- Installing: /home/tdeng23/ros2_ws/src/crazyswarm2/install/crazyflie_ros2_navigation/share/ament_index/resource_index/package_run_dependencies/crazyflie_ros2_navigation
-- Installing: /home/tdeng23/ros2_ws/src/crazyswarm2/install/crazyflie_ros2_navigation/share/ament_index/resource_index/parent_prefix_path/crazyflie_ros2_navigation
-- Installing: /home/tdeng23/ros2_ws/src/crazyswarm2/install/crazyflie_ros2_navigation/share/crazyflie_ros2_navigation/environment/ament_prefix_path.sh
-- Installing: /home/tdeng23/ros2_ws/src/crazyswarm2/install/crazyflie_ros2_navigation/share/crazyflie_ros2_navigation/environment/ament_prefix_path.dsv
-- Installing: /home/tdeng23/ros2_ws/src/crazyswarm2/install/crazyflie_ros2_navigation/share/crazyflie_ros2_navigation/environment/path.sh
-- Installing: /home/tdeng23/ros2_ws/src/crazyswarm2/install/crazyflie_ros2_navigation/share/crazyflie_ros2_navigation/environment/path.dsv
-- Installing: /home/tdeng23/ros2_ws/src/crazyswarm2/install/crazyflie_ros2_navigation/share/crazyflie_ros2_navigation/local_setup.bash
-- Installing: /home/tdeng23/ros2_ws/src/crazyswarm2/install/crazyflie_ros2_navigation/share/crazyflie_ros2_navigation/local_setup.sh
-- Installing: /home/tdeng23/ros2_ws/src/crazyswarm2/install/crazyflie_ros2_navigation/share/crazyflie_ros2_navigation/local_setup.zsh
-- Installing: /home/tdeng23/ros2_ws/src/crazyswarm2/install/crazyflie_ros2_navigation/share/crazyflie_ros2_navigation/local_setup.dsv
-- Installing: /home/tdeng23/ros2_ws/src/crazyswarm2/install/crazyflie_ros2_navigation/share/crazyflie_ros2_navigation/package.dsv
-- Installing: /home/tdeng23/ros2_ws/src/crazyswarm2/install/crazyflie_ros2_navigation/share/ament_index/resource_index/packages/crazyflie_ros2_navigation
-- Installing: /home/tdeng23/ros2_ws/src/crazyswarm2/install/crazyflie_ros2_navigation/share/crazyflie_ros2_navigation/cmake/crazyflie_ros2_navigationConfig.cmake
-- Installing: /home/tdeng23/ros2_ws/src/crazyswarm2/install/crazyflie_ros2_navigation/share/crazyflie_ros2_navigation/cmake/crazyflie_ros2_navigationConfig-version.cmake
-- Installing: /home/tdeng23/ros2_ws/src/crazyswarm2/install/crazyflie_ros2_navigation/share/crazyflie_ros2_navigation/package.xml
