[0.268s] Invoking command in '/home/tdeng23/ros2_ws/src/crazyswarm2/build/crazyflie_ros2_navigation': CMAKE_PREFIX_PATH=/opt/ros/galactic /home/tdeng23/.local/bin/cmake /home/tdeng23/ros2_ws/src/crazyswarm2/crazyflie_ros2_navigation -DCMAKE_INSTALL_PREFIX=/home/tdeng23/ros2_ws/src/crazyswarm2/install/crazyflie_ros2_navigation
[0.995s] -- The C compiler identification is GNU 9.4.0
[0.995s] -- The CXX compiler identification is GNU 9.4.0
[0.995s] -- Detecting C compiler ABI info
[0.995s] -- Detecting C compiler ABI info - done
[0.995s] -- Check for working C compiler: /usr/bin/cc - skipped
[0.995s] -- Detecting C compile features
[0.995s] -- Detecting C compile features - done
[0.995s] -- Detecting CXX compiler ABI info
[0.995s] -- Detecting CXX compiler ABI info - done
[0.995s] -- Check for working CXX compiler: /usr/bin/c++ - skipped
[0.996s] -- Detecting CXX compile features
[0.996s] -- Detecting CXX compile features - done
[0.996s] -- Found ament_cmake: 1.1.6 (/opt/ros/galactic/share/ament_cmake/cmake)
[0.996s] -- Found PythonInterp: /usr/bin/python3 (found suitable version "3.8.10", minimum required is "3") 
[0.996s] -- Using PYTHON_EXECUTABLE: /usr/bin/python3
[0.996s] -- Found ament_lint_auto: 0.10.7 (/opt/ros/galactic/share/ament_lint_auto/cmake)
[0.996s] -- Added test 'copyright' to check source files copyright and LICENSE
[0.996s] -- Added test 'flake8' to check Python code syntax and style conventions
[0.996s] -- Added test 'lint_cmake' to check CMake code style
[0.996s] -- Added test 'pep257' to check Python code against some of the style conventions in PEP 257
[0.996s] -- Added test 'xmllint' to check XML markup files
[0.997s] -- Configuring done (0.4s)
[0.997s] -- Generating done (0.0s)
[0.997s] -- Build files have been written to: /home/tdeng23/ros2_ws/src/crazyswarm2/build/crazyflie_ros2_navigation
[1.002s] Invoked command in '/home/tdeng23/ros2_ws/src/crazyswarm2/build/crazyflie_ros2_navigation' returned '0': CMAKE_PREFIX_PATH=/opt/ros/galactic /home/tdeng23/.local/bin/cmake /home/tdeng23/ros2_ws/src/crazyswarm2/crazyflie_ros2_navigation -DCMAKE_INSTALL_PREFIX=/home/tdeng23/ros2_ws/src/crazyswarm2/install/crazyflie_ros2_navigation
[1.006s] Invoking command in '/home/tdeng23/ros2_ws/src/crazyswarm2/build/crazyflie_ros2_navigation': CMAKE_PREFIX_PATH=/opt/ros/galactic /home/tdeng23/.local/bin/cmake --build /home/tdeng23/ros2_ws/src/crazyswarm2/build/crazyflie_ros2_navigation -- -j8 -l8
[1.043s] Invoked command in '/home/tdeng23/ros2_ws/src/crazyswarm2/build/crazyflie_ros2_navigation' returned '0': CMAKE_PREFIX_PATH=/opt/ros/galactic /home/tdeng23/.local/bin/cmake --build /home/tdeng23/ros2_ws/src/crazyswarm2/build/crazyflie_ros2_navigation -- -j8 -l8
[1.149s] Invoking command in '/home/tdeng23/ros2_ws/src/crazyswarm2/build/crazyflie_ros2_navigation': CMAKE_PREFIX_PATH=/opt/ros/galactic /home/tdeng23/.local/bin/cmake --install /home/tdeng23/ros2_ws/src/crazyswarm2/build/crazyflie_ros2_navigation
[1.188s] -- Install configuration: ""
[1.188s] -- Installing: /home/tdeng23/ros2_ws/src/crazyswarm2/install/crazyflie_ros2_navigation/share/crazyflie_ros2_navigation/launch
[1.188s] -- Installing: /home/tdeng23/ros2_ws/src/crazyswarm2/install/crazyflie_ros2_navigation/share/crazyflie_ros2_navigation/launch/navigation_simulation_launch.py
[1.189s] -- Installing: /home/tdeng23/ros2_ws/src/crazyswarm2/install/crazyflie_ros2_navigation/share/crazyflie_ros2_navigation/launch/navigation_real_launch.py
[1.189s] -- Installing: /home/tdeng23/ros2_ws/src/crazyswarm2/install/crazyflie_ros2_navigation/share/crazyflie_ros2_navigation/params
[1.189s] -- Installing: /home/tdeng23/ros2_ws/src/crazyswarm2/install/crazyflie_ros2_navigation/share/crazyflie_ros2_navigation/params/nav2_params.yaml
[1.189s] -- Installing: /home/tdeng23/ros2_ws/src/crazyswarm2/install/crazyflie_ros2_navigation/share/ament_index/resource_index/package_run_dependencies/crazyflie_ros2_navigation
[1.189s] -- Installing: /home/tdeng23/ros2_ws/src/crazyswarm2/install/crazyflie_ros2_navigation/share/ament_index/resource_index/parent_prefix_path/crazyflie_ros2_navigation
[1.190s] -- Installing: /home/tdeng23/ros2_ws/src/crazyswarm2/install/crazyflie_ros2_navigation/share/crazyflie_ros2_navigation/environment/ament_prefix_path.sh
[1.190s] -- Installing: /home/tdeng23/ros2_ws/src/crazyswarm2/install/crazyflie_ros2_navigation/share/crazyflie_ros2_navigation/environment/ament_prefix_path.dsv
[1.190s] -- Installing: /home/tdeng23/ros2_ws/src/crazyswarm2/install/crazyflie_ros2_navigation/share/crazyflie_ros2_navigation/environment/path.sh
[1.190s] -- Installing: /home/tdeng23/ros2_ws/src/crazyswarm2/install/crazyflie_ros2_navigation/share/crazyflie_ros2_navigation/environment/path.dsv
[1.190s] -- Installing: /home/tdeng23/ros2_ws/src/crazyswarm2/install/crazyflie_ros2_navigation/share/crazyflie_ros2_navigation/local_setup.bash
[1.191s] -- Installing: /home/tdeng23/ros2_ws/src/crazyswarm2/install/crazyflie_ros2_navigation/share/crazyflie_ros2_navigation/local_setup.sh
[1.191s] -- Installing: /home/tdeng23/ros2_ws/src/crazyswarm2/install/crazyflie_ros2_navigation/share/crazyflie_ros2_navigation/local_setup.zsh
[1.191s] -- Installing: /home/tdeng23/ros2_ws/src/crazyswarm2/install/crazyflie_ros2_navigation/share/crazyflie_ros2_navigation/local_setup.dsv
[1.191s] -- Installing: /home/tdeng23/ros2_ws/src/crazyswarm2/install/crazyflie_ros2_navigation/share/crazyflie_ros2_navigation/package.dsv
[1.191s] -- Installing: /home/tdeng23/ros2_ws/src/crazyswarm2/install/crazyflie_ros2_navigation/share/ament_index/resource_index/packages/crazyflie_ros2_navigation
[1.191s] -- Installing: /home/tdeng23/ros2_ws/src/crazyswarm2/install/crazyflie_ros2_navigation/share/crazyflie_ros2_navigation/cmake/crazyflie_ros2_navigationConfig.cmake
[1.191s] -- Installing: /home/tdeng23/ros2_ws/src/crazyswarm2/install/crazyflie_ros2_navigation/share/crazyflie_ros2_navigation/cmake/crazyflie_ros2_navigationConfig-version.cmake
[1.191s] -- Installing: /home/tdeng23/ros2_ws/src/crazyswarm2/install/crazyflie_ros2_navigation/share/crazyflie_ros2_navigation/package.xml
[1.198s] Invoked command in '/home/tdeng23/ros2_ws/src/crazyswarm2/build/crazyflie_ros2_navigation' returned '0': CMAKE_PREFIX_PATH=/opt/ros/galactic /home/tdeng23/.local/bin/cmake --install /home/tdeng23/ros2_ws/src/crazyswarm2/build/crazyflie_ros2_navigation
