[0.319s] Invoking command in '/home/tdeng23/ros2_ws/build/crazyflie_ros2_slam': CMAKE_PREFIX_PATH=${CMAKE_PREFIX_PATH}:/home/tdeng23/ros2_ws/install/my_package:/home/tdeng23/ros2_ws/install/crazyflie_simulation:/home/tdeng23/ros2_ws/install/crazyflie_ros2_simulation:/home/tdeng23/ros2_ws/install/crazyflie_ros2_simple_mapper:/home/tdeng23/ros2_ws/install/crazyflie_ros2_scan:/home/tdeng23/ros2_ws/install/crazyflie_ros2:/home/tdeng23/ros2_ws/install/crazyflie_py:/opt/ros/galactic /home/tdeng23/.local/bin/cmake /home/tdeng23/ros2_ws/src/crazyswarm2/crazyflie_ros2_slam -DCMAKE_INSTALL_PREFIX=/home/tdeng23/ros2_ws/install/crazyflie_ros2_slam
[0.368s] -- Found ament_cmake: 1.1.6 (/opt/ros/galactic/share/ament_cmake/cmake)
[0.416s] -- Using PYTHON_EXECUTABLE: /usr/bin/python3
[0.524s] -- Override CMake install command with custom implementation using symlinks instead of copying resources
[0.536s] -- Found ament_lint_auto: 0.10.7 (/opt/ros/galactic/share/ament_lint_auto/cmake)
[0.652s] -- Added test 'copyright' to check source files copyright and LICENSE
[0.658s] -- Added test 'flake8' to check Python code syntax and style conventions
[0.658s] -- Added test 'lint_cmake' to check CMake code style
[0.659s] -- Added test 'pep257' to check Python code against some of the style conventions in PEP 257
[0.660s] -- Added test 'xmllint' to check XML markup files
[0.662s] -- Configuring done (0.3s)
[0.666s] -- Generating done (0.0s)
[0.668s] -- Build files have been written to: /home/tdeng23/ros2_ws/build/crazyflie_ros2_slam
[0.679s] Invoked command in '/home/tdeng23/ros2_ws/build/crazyflie_ros2_slam' returned '0': CMAKE_PREFIX_PATH=${CMAKE_PREFIX_PATH}:/home/tdeng23/ros2_ws/install/my_package:/home/tdeng23/ros2_ws/install/crazyflie_simulation:/home/tdeng23/ros2_ws/install/crazyflie_ros2_simulation:/home/tdeng23/ros2_ws/install/crazyflie_ros2_simple_mapper:/home/tdeng23/ros2_ws/install/crazyflie_ros2_scan:/home/tdeng23/ros2_ws/install/crazyflie_ros2:/home/tdeng23/ros2_ws/install/crazyflie_py:/opt/ros/galactic /home/tdeng23/.local/bin/cmake /home/tdeng23/ros2_ws/src/crazyswarm2/crazyflie_ros2_slam -DCMAKE_INSTALL_PREFIX=/home/tdeng23/ros2_ws/install/crazyflie_ros2_slam
[0.681s] Invoking command in '/home/tdeng23/ros2_ws/build/crazyflie_ros2_slam': CMAKE_PREFIX_PATH=${CMAKE_PREFIX_PATH}:/home/tdeng23/ros2_ws/install/my_package:/home/tdeng23/ros2_ws/install/crazyflie_simulation:/home/tdeng23/ros2_ws/install/crazyflie_ros2_simulation:/home/tdeng23/ros2_ws/install/crazyflie_ros2_simple_mapper:/home/tdeng23/ros2_ws/install/crazyflie_ros2_scan:/home/tdeng23/ros2_ws/install/crazyflie_ros2:/home/tdeng23/ros2_ws/install/crazyflie_py:/opt/ros/galactic /home/tdeng23/.local/bin/cmake --build /home/tdeng23/ros2_ws/build/crazyflie_ros2_slam -- -j8 -l8
[0.763s] Invoked command in '/home/tdeng23/ros2_ws/build/crazyflie_ros2_slam' returned '0': CMAKE_PREFIX_PATH=${CMAKE_PREFIX_PATH}:/home/tdeng23/ros2_ws/install/my_package:/home/tdeng23/ros2_ws/install/crazyflie_simulation:/home/tdeng23/ros2_ws/install/crazyflie_ros2_simulation:/home/tdeng23/ros2_ws/install/crazyflie_ros2_simple_mapper:/home/tdeng23/ros2_ws/install/crazyflie_ros2_scan:/home/tdeng23/ros2_ws/install/crazyflie_ros2:/home/tdeng23/ros2_ws/install/crazyflie_py:/opt/ros/galactic /home/tdeng23/.local/bin/cmake --build /home/tdeng23/ros2_ws/build/crazyflie_ros2_slam -- -j8 -l8
[0.854s] Invoking command in '/home/tdeng23/ros2_ws/build/crazyflie_ros2_slam': CMAKE_PREFIX_PATH=${CMAKE_PREFIX_PATH}:/home/tdeng23/ros2_ws/install/my_package:/home/tdeng23/ros2_ws/install/crazyflie_simulation:/home/tdeng23/ros2_ws/install/crazyflie_ros2_simulation:/home/tdeng23/ros2_ws/install/crazyflie_ros2_simple_mapper:/home/tdeng23/ros2_ws/install/crazyflie_ros2_scan:/home/tdeng23/ros2_ws/install/crazyflie_ros2:/home/tdeng23/ros2_ws/install/crazyflie_py:/opt/ros/galactic /home/tdeng23/.local/bin/cmake --install /home/tdeng23/ros2_ws/build/crazyflie_ros2_slam
[0.928s] -- Install configuration: ""
[0.928s] -- Execute custom install script
[0.928s] -- Up-to-date symlink: /home/tdeng23/ros2_ws/install/crazyflie_ros2_slam/share/crazyflie_ros2_slam/launch/slam_toolbox_mapping_real_launch.py
[0.928s] -- Up-to-date symlink: /home/tdeng23/ros2_ws/install/crazyflie_ros2_slam/share/crazyflie_ros2_slam/launch/slam_toolbox_mapping_simulation_launch.py
[0.929s] -- Up-to-date symlink: /home/tdeng23/ros2_ws/install/crazyflie_ros2_slam/share/crazyflie_ros2_slam/config/mapper_params_online_async.yaml
[0.929s] -- Up-to-date symlink: /home/tdeng23/ros2_ws/install/crazyflie_ros2_slam/share/ament_index/resource_index/package_run_dependencies/crazyflie_ros2_slam
[0.929s] -- Up-to-date symlink: /home/tdeng23/ros2_ws/install/crazyflie_ros2_slam/share/ament_index/resource_index/parent_prefix_path/crazyflie_ros2_slam
[0.929s] -- Up-to-date symlink: /home/tdeng23/ros2_ws/install/crazyflie_ros2_slam/share/crazyflie_ros2_slam/environment/ament_prefix_path.sh
[0.929s] -- Up-to-date symlink: /home/tdeng23/ros2_ws/install/crazyflie_ros2_slam/share/crazyflie_ros2_slam/environment/ament_prefix_path.dsv
[0.929s] -- Up-to-date symlink: /home/tdeng23/ros2_ws/install/crazyflie_ros2_slam/share/crazyflie_ros2_slam/environment/path.sh
[0.929s] -- Up-to-date symlink: /home/tdeng23/ros2_ws/install/crazyflie_ros2_slam/share/crazyflie_ros2_slam/environment/path.dsv
[0.929s] -- Up-to-date symlink: /home/tdeng23/ros2_ws/install/crazyflie_ros2_slam/share/crazyflie_ros2_slam/local_setup.bash
[0.929s] -- Up-to-date symlink: /home/tdeng23/ros2_ws/install/crazyflie_ros2_slam/share/crazyflie_ros2_slam/local_setup.sh
[0.930s] -- Up-to-date symlink: /home/tdeng23/ros2_ws/install/crazyflie_ros2_slam/share/crazyflie_ros2_slam/local_setup.zsh
[0.930s] -- Up-to-date symlink: /home/tdeng23/ros2_ws/install/crazyflie_ros2_slam/share/crazyflie_ros2_slam/local_setup.dsv
[0.930s] -- Symlinking: /home/tdeng23/ros2_ws/install/crazyflie_ros2_slam/share/crazyflie_ros2_slam/package.dsv
[0.930s] -- Up-to-date symlink: /home/tdeng23/ros2_ws/install/crazyflie_ros2_slam/share/ament_index/resource_index/packages/crazyflie_ros2_slam
[0.930s] -- Up-to-date symlink: /home/tdeng23/ros2_ws/install/crazyflie_ros2_slam/share/crazyflie_ros2_slam/cmake/crazyflie_ros2_slamConfig.cmake
[0.930s] -- Up-to-date symlink: /home/tdeng23/ros2_ws/install/crazyflie_ros2_slam/share/crazyflie_ros2_slam/cmake/crazyflie_ros2_slamConfig-version.cmake
[0.930s] -- Up-to-date symlink: /home/tdeng23/ros2_ws/install/crazyflie_ros2_slam/share/crazyflie_ros2_slam/package.xml
[0.936s] Invoked command in '/home/tdeng23/ros2_ws/build/crazyflie_ros2_slam' returned '0': CMAKE_PREFIX_PATH=${CMAKE_PREFIX_PATH}:/home/tdeng23/ros2_ws/install/my_package:/home/tdeng23/ros2_ws/install/crazyflie_simulation:/home/tdeng23/ros2_ws/install/crazyflie_ros2_simulation:/home/tdeng23/ros2_ws/install/crazyflie_ros2_simple_mapper:/home/tdeng23/ros2_ws/install/crazyflie_ros2_scan:/home/tdeng23/ros2_ws/install/crazyflie_ros2:/home/tdeng23/ros2_ws/install/crazyflie_py:/opt/ros/galactic /home/tdeng23/.local/bin/cmake --install /home/tdeng23/ros2_ws/build/crazyflie_ros2_slam
