[0.722s] Invoking command in '/home/nicxe/ros2_ws/src/crazyswarm2/crazyflie_simulation': PYTHONPATH=/home/nicxe/ros2_ws/build/crazyflie_simulation/prefix_override:/home/nicxe/ros2_ws/install/crazyflie_simulation/lib/python3.8/site-packages:${PYTHONPATH} /usr/bin/python3 setup.py egg_info --egg-base ../../../build/crazyflie_simulation build --build-base /home/nicxe/ros2_ws/build/crazyflie_simulation/build install --record /home/nicxe/ros2_ws/build/crazyflie_simulation/install.log --single-version-externally-managed
[0.897s] running egg_info
[0.898s] writing ../../../build/crazyflie_simulation/crazyflie_simulation.egg-info/PKG-INFO
[0.898s] writing dependency_links to ../../../build/crazyflie_simulation/crazyflie_simulation.egg-info/dependency_links.txt
[0.898s] writing entry points to ../../../build/crazyflie_simulation/crazyflie_simulation.egg-info/entry_points.txt
[0.898s] writing requirements to ../../../build/crazyflie_simulation/crazyflie_simulation.egg-info/requires.txt
[0.898s] writing top-level names to ../../../build/crazyflie_simulation/crazyflie_simulation.egg-info/top_level.txt
[0.923s] reading manifest file '../../../build/crazyflie_simulation/crazyflie_simulation.egg-info/SOURCES.txt'
[0.924s] writing manifest file '../../../build/crazyflie_simulation/crazyflie_simulation.egg-info/SOURCES.txt'
[0.924s] running build
[0.924s] running build_py
[0.924s] copying crazyflie_simulation/crazyflie_webots_driver.py -> /home/nicxe/ros2_ws/build/crazyflie_simulation/build/lib/crazyflie_simulation
[0.926s] running install
[0.926s] running install_lib
[0.926s] copying /home/nicxe/ros2_ws/build/crazyflie_simulation/build/lib/crazyflie_simulation/crazyflie_webots_driver.py -> /home/nicxe/ros2_ws/install/crazyflie_simulation/lib/python3.8/site-packages/crazyflie_simulation
[0.926s] byte-compiling /home/nicxe/ros2_ws/install/crazyflie_simulation/lib/python3.8/site-packages/crazyflie_simulation/crazyflie_webots_driver.py to crazyflie_webots_driver.cpython-38.pyc
[0.929s] running install_data
[0.929s] running install_egg_info
[0.930s] removing '/home/nicxe/ros2_ws/install/crazyflie_simulation/lib/python3.8/site-packages/crazyflie_simulation-0.0.0-py3.8.egg-info' (and everything under it)
[0.930s] Copying ../../../build/crazyflie_simulation/crazyflie_simulation.egg-info to /home/nicxe/ros2_ws/install/crazyflie_simulation/lib/python3.8/site-packages/crazyflie_simulation-0.0.0-py3.8.egg-info
[0.931s] running install_scripts
[0.943s] Installing crazyflie_webots_driver script to /home/nicxe/ros2_ws/install/crazyflie_simulation/lib/crazyflie_simulation
[0.943s] Installing supervisor_driver script to /home/nicxe/ros2_ws/install/crazyflie_simulation/lib/crazyflie_simulation
[0.943s] writing list of installed files to '/home/nicxe/ros2_ws/build/crazyflie_simulation/install.log'
[0.962s] Invoked command in '/home/nicxe/ros2_ws/src/crazyswarm2/crazyflie_simulation' returned '0': PYTHONPATH=/home/nicxe/ros2_ws/build/crazyflie_simulation/prefix_override:/home/nicxe/ros2_ws/install/crazyflie_simulation/lib/python3.8/site-packages:${PYTHONPATH} /usr/bin/python3 setup.py egg_info --egg-base ../../../build/crazyflie_simulation build --build-base /home/nicxe/ros2_ws/build/crazyflie_simulation/build install --record /home/nicxe/ros2_ws/build/crazyflie_simulation/install.log --single-version-externally-managed
