[0.336s] Invoking command in '/home/tdeng23/ros2_ws/src/build/crazyflie_ros2_description': CMAKE_PREFIX_PATH=${CMAKE_PREFIX_PATH}:/home/tdeng23/ros2_ws/install/my_package:/home/tdeng23/ros2_ws/install/crazyflie_simulation:/home/tdeng23/ros2_ws/install/crazyflie_ros2_simulation:/home/tdeng23/ros2_ws/install/crazyflie_ros2_simple_mapper:/home/tdeng23/ros2_ws/install/crazyflie_ros2_scan:/home/tdeng23/ros2_ws/install/crazyflie_ros2:/home/tdeng23/ros2_ws/install/crazyflie_py:/opt/ros/galactic /home/tdeng23/.local/bin/cmake /home/tdeng23/ros2_ws/src/crazyswarm2/crazyflie_ros2_description -DAMENT_CMAKE_SYMLINK_INSTALL=1 -DCMAKE_INSTALL_PREFIX=/home/tdeng23/ros2_ws/src/install/crazyflie_ros2_description
[1.182s] -- The C compiler identification is GNU 9.4.0
[1.182s] -- The CXX compiler identification is GNU 9.4.0
[1.183s] -- Detecting C compiler ABI info
[1.183s] -- Detecting C compiler ABI info - done
[1.183s] -- Check for working C compiler: /usr/bin/cc - skipped
[1.183s] -- Detecting C compile features
[1.183s] -- Detecting C compile features - done
[1.184s] -- Detecting CXX compiler ABI info
[1.184s] -- Detecting CXX compiler ABI info - done
[1.184s] -- Check for working CXX compiler: /usr/bin/c++ - skipped
[1.185s] -- Detecting CXX compile features
[1.187s] -- Detecting CXX compile features - done
[1.188s] -- Found ament_cmake: 1.1.6 (/opt/ros/galactic/share/ament_cmake/cmake)
[1.188s] -- Found PythonInterp: /usr/bin/python3 (found suitable version "3.8.10", minimum required is "3") 
[1.188s] -- Using PYTHON_EXECUTABLE: /usr/bin/python3
[1.188s] -- Override CMake install command with custom implementation using symlinks instead of copying resources
[1.188s] -- Found ament_lint_auto: 0.10.7 (/opt/ros/galactic/share/ament_lint_auto/cmake)
[1.188s] -- Added test 'copyright' to check source files copyright and LICENSE
[1.189s] -- Added test 'flake8' to check Python code syntax and style conventions
[1.189s] -- Added test 'lint_cmake' to check CMake code style
[1.189s] -- Added test 'pep257' to check Python code against some of the style conventions in PEP 257
[1.189s] -- Added test 'xmllint' to check XML markup files
[1.189s] -- Configuring done (0.7s)
[1.190s] -- Generating done (0.0s)
[1.190s] -- Build files have been written to: /home/tdeng23/ros2_ws/src/build/crazyflie_ros2_description
[1.199s] Invoked command in '/home/tdeng23/ros2_ws/src/build/crazyflie_ros2_description' returned '0': CMAKE_PREFIX_PATH=${CMAKE_PREFIX_PATH}:/home/tdeng23/ros2_ws/install/my_package:/home/tdeng23/ros2_ws/install/crazyflie_simulation:/home/tdeng23/ros2_ws/install/crazyflie_ros2_simulation:/home/tdeng23/ros2_ws/install/crazyflie_ros2_simple_mapper:/home/tdeng23/ros2_ws/install/crazyflie_ros2_scan:/home/tdeng23/ros2_ws/install/crazyflie_ros2:/home/tdeng23/ros2_ws/install/crazyflie_py:/opt/ros/galactic /home/tdeng23/.local/bin/cmake /home/tdeng23/ros2_ws/src/crazyswarm2/crazyflie_ros2_description -DAMENT_CMAKE_SYMLINK_INSTALL=1 -DCMAKE_INSTALL_PREFIX=/home/tdeng23/ros2_ws/src/install/crazyflie_ros2_description
[1.202s] Invoking command in '/home/tdeng23/ros2_ws/src/build/crazyflie_ros2_description': CMAKE_PREFIX_PATH=${CMAKE_PREFIX_PATH}:/home/tdeng23/ros2_ws/install/my_package:/home/tdeng23/ros2_ws/install/crazyflie_simulation:/home/tdeng23/ros2_ws/install/crazyflie_ros2_simulation:/home/tdeng23/ros2_ws/install/crazyflie_ros2_simple_mapper:/home/tdeng23/ros2_ws/install/crazyflie_ros2_scan:/home/tdeng23/ros2_ws/install/crazyflie_ros2:/home/tdeng23/ros2_ws/install/crazyflie_py:/opt/ros/galactic /home/tdeng23/.local/bin/cmake --build /home/tdeng23/ros2_ws/src/build/crazyflie_ros2_description -- -j8 -l8
[1.302s] Invoked command in '/home/tdeng23/ros2_ws/src/build/crazyflie_ros2_description' returned '0': CMAKE_PREFIX_PATH=${CMAKE_PREFIX_PATH}:/home/tdeng23/ros2_ws/install/my_package:/home/tdeng23/ros2_ws/install/crazyflie_simulation:/home/tdeng23/ros2_ws/install/crazyflie_ros2_simulation:/home/tdeng23/ros2_ws/install/crazyflie_ros2_simple_mapper:/home/tdeng23/ros2_ws/install/crazyflie_ros2_scan:/home/tdeng23/ros2_ws/install/crazyflie_ros2:/home/tdeng23/ros2_ws/install/crazyflie_py:/opt/ros/galactic /home/tdeng23/.local/bin/cmake --build /home/tdeng23/ros2_ws/src/build/crazyflie_ros2_description -- -j8 -l8
[1.468s] Invoking command in '/home/tdeng23/ros2_ws/src/build/crazyflie_ros2_description': CMAKE_PREFIX_PATH=${CMAKE_PREFIX_PATH}:/home/tdeng23/ros2_ws/install/my_package:/home/tdeng23/ros2_ws/install/crazyflie_simulation:/home/tdeng23/ros2_ws/install/crazyflie_ros2_simulation:/home/tdeng23/ros2_ws/install/crazyflie_ros2_simple_mapper:/home/tdeng23/ros2_ws/install/crazyflie_ros2_scan:/home/tdeng23/ros2_ws/install/crazyflie_ros2:/home/tdeng23/ros2_ws/install/crazyflie_py:/opt/ros/galactic /home/tdeng23/.local/bin/cmake --install /home/tdeng23/ros2_ws/src/build/crazyflie_ros2_description
[1.555s] -- Install configuration: ""
[1.556s] -- Execute custom install script
[1.557s] -- Symlinking: /home/tdeng23/ros2_ws/src/install/crazyflie_ros2_description/share/crazyflie_ros2_description/launch/rviz_launch.py
[1.565s] -- Symlinking: /home/tdeng23/ros2_ws/src/install/crazyflie_ros2_description/share/crazyflie_ros2_description/urdf/crazyflie_description.urdf
[1.568s] -- Symlinking: /home/tdeng23/ros2_ws/src/install/crazyflie_ros2_description/share/crazyflie_ros2_description/rviz/crazyflie.rviz
[1.572s] -- Symlinking: /home/tdeng23/ros2_ws/src/install/crazyflie_ros2_description/share/crazyflie_ros2_description/meshes/ccw_prop.dae
[1.579s] -- Symlinking: /home/tdeng23/ros2_ws/src/install/crazyflie_ros2_description/share/crazyflie_ros2_description/meshes/cf2_assembly.dae
[1.583s] -- Symlinking: /home/tdeng23/ros2_ws/src/install/crazyflie_ros2_description/share/crazyflie_ros2_description/meshes/cf2_assembly.stl
[1.586s] -- Symlinking: /home/tdeng23/ros2_ws/src/install/crazyflie_ros2_description/share/crazyflie_ros2_description/meshes/cw_prop.dae
[1.590s] -- Symlinking: /home/tdeng23/ros2_ws/src/install/crazyflie_ros2_description/share/ament_index/resource_index/package_run_dependencies/crazyflie_ros2_description
[1.595s] -- Symlinking: /home/tdeng23/ros2_ws/src/install/crazyflie_ros2_description/share/ament_index/resource_index/parent_prefix_path/crazyflie_ros2_description
[1.599s] -- Symlinking: /home/tdeng23/ros2_ws/src/install/crazyflie_ros2_description/share/crazyflie_ros2_description/environment/ament_prefix_path.sh
[1.602s] -- Symlinking: /home/tdeng23/ros2_ws/src/install/crazyflie_ros2_description/share/crazyflie_ros2_description/environment/ament_prefix_path.dsv
[1.606s] -- Symlinking: /home/tdeng23/ros2_ws/src/install/crazyflie_ros2_description/share/crazyflie_ros2_description/environment/path.sh
[1.610s] -- Symlinking: /home/tdeng23/ros2_ws/src/install/crazyflie_ros2_description/share/crazyflie_ros2_description/environment/path.dsv
[1.617s] -- Symlinking: /home/tdeng23/ros2_ws/src/install/crazyflie_ros2_description/share/crazyflie_ros2_description/local_setup.bash
[1.617s] -- Symlinking: /home/tdeng23/ros2_ws/src/install/crazyflie_ros2_description/share/crazyflie_ros2_description/local_setup.sh
[1.622s] -- Symlinking: /home/tdeng23/ros2_ws/src/install/crazyflie_ros2_description/share/crazyflie_ros2_description/local_setup.zsh
[1.631s] -- Symlinking: /home/tdeng23/ros2_ws/src/install/crazyflie_ros2_description/share/crazyflie_ros2_description/local_setup.dsv
[1.635s] -- Symlinking: /home/tdeng23/ros2_ws/src/install/crazyflie_ros2_description/share/crazyflie_ros2_description/package.dsv
[1.638s] -- Symlinking: /home/tdeng23/ros2_ws/src/install/crazyflie_ros2_description/share/ament_index/resource_index/packages/crazyflie_ros2_description
[1.647s] -- Symlinking: /home/tdeng23/ros2_ws/src/install/crazyflie_ros2_description/share/crazyflie_ros2_description/cmake/crazyflie_ros2_descriptionConfig.cmake
[1.665s] -- Symlinking: /home/tdeng23/ros2_ws/src/install/crazyflie_ros2_description/share/crazyflie_ros2_description/cmake/crazyflie_ros2_descriptionConfig-version.cmake
[1.684s] -- Symlinking: /home/tdeng23/ros2_ws/src/install/crazyflie_ros2_description/share/crazyflie_ros2_description/package.xml
[1.721s] Invoked command in '/home/tdeng23/ros2_ws/src/build/crazyflie_ros2_description' returned '0': CMAKE_PREFIX_PATH=${CMAKE_PREFIX_PATH}:/home/tdeng23/ros2_ws/install/my_package:/home/tdeng23/ros2_ws/install/crazyflie_simulation:/home/tdeng23/ros2_ws/install/crazyflie_ros2_simulation:/home/tdeng23/ros2_ws/install/crazyflie_ros2_simple_mapper:/home/tdeng23/ros2_ws/install/crazyflie_ros2_scan:/home/tdeng23/ros2_ws/install/crazyflie_ros2:/home/tdeng23/ros2_ws/install/crazyflie_py:/opt/ros/galactic /home/tdeng23/.local/bin/cmake --install /home/tdeng23/ros2_ws/src/build/crazyflie_ros2_description
