[1.311s] Invoking command in '/home/tdeng23/ros2_ws/src/crazyswarm2/crazyflie_ros2_simulation': PYTHONPATH=/home/tdeng23/ros2_ws/build/crazyflie_ros2_simulation/prefix_override:/home/tdeng23/ros2_ws/install/crazyflie_ros2_simulation/lib/python3.8/site-packages:${PYTHONPATH} /usr/bin/python3 setup.py egg_info --egg-base ../../../build/crazyflie_ros2_simulation build --build-base /home/tdeng23/ros2_ws/build/crazyflie_ros2_simulation/build install --record /home/tdeng23/ros2_ws/build/crazyflie_ros2_simulation/install.log --single-version-externally-managed
[1.637s] running egg_info
[1.638s] writing ../../../build/crazyflie_ros2_simulation/crazyflie_ros2_simulation.egg-info/PKG-INFO
[1.638s] writing dependency_links to ../../../build/crazyflie_ros2_simulation/crazyflie_ros2_simulation.egg-info/dependency_links.txt
[1.638s] writing entry points to ../../../build/crazyflie_ros2_simulation/crazyflie_ros2_simulation.egg-info/entry_points.txt
[1.638s] writing requirements to ../../../build/crazyflie_ros2_simulation/crazyflie_ros2_simulation.egg-info/requires.txt
[1.639s] writing top-level names to ../../../build/crazyflie_ros2_simulation/crazyflie_ros2_simulation.egg-info/top_level.txt
[1.701s] reading manifest file '../../../build/crazyflie_ros2_simulation/crazyflie_ros2_simulation.egg-info/SOURCES.txt'
[1.704s] writing manifest file '../../../build/crazyflie_ros2_simulation/crazyflie_ros2_simulation.egg-info/SOURCES.txt'
[1.705s] running build
[1.705s] running build_py
[1.705s] running install
[1.705s] running install_lib
[1.709s] running install_data
[1.709s] running install_egg_info
[1.713s] removing '/home/tdeng23/ros2_ws/install/crazyflie_ros2_simulation/lib/python3.8/site-packages/crazyflie_ros2_simulation-0.0.0-py3.8.egg-info' (and everything under it)
[1.714s] Copying ../../../build/crazyflie_ros2_simulation/crazyflie_ros2_simulation.egg-info to /home/tdeng23/ros2_ws/install/crazyflie_ros2_simulation/lib/python3.8/site-packages/crazyflie_ros2_simulation-0.0.0-py3.8.egg-info
[1.714s] running install_scripts
[1.741s] Installing crazyflie_webots_driver script to /home/tdeng23/ros2_ws/install/crazyflie_ros2_simulation/lib/crazyflie_ros2_simulation
[1.742s] writing list of installed files to '/home/tdeng23/ros2_ws/build/crazyflie_ros2_simulation/install.log'
[1.996s] Invoked command in '/home/tdeng23/ros2_ws/src/crazyswarm2/crazyflie_ros2_simulation' returned '0': PYTHONPATH=/home/tdeng23/ros2_ws/build/crazyflie_ros2_simulation/prefix_override:/home/tdeng23/ros2_ws/install/crazyflie_ros2_simulation/lib/python3.8/site-packages:${PYTHONPATH} /usr/bin/python3 setup.py egg_info --egg-base ../../../build/crazyflie_ros2_simulation build --build-base /home/tdeng23/ros2_ws/build/crazyflie_ros2_simulation/build install --record /home/tdeng23/ros2_ws/build/crazyflie_ros2_simulation/install.log --single-version-externally-managed
