/home/tdeng23/ros2_ws/src/crazyswarm2/install/crazyflie_ros2_simulation/lib/python3.8/site-packages/crazyflie_ros2_simulation/crazyflie_webots_driver.py
/home/tdeng23/ros2_ws/src/crazyswarm2/install/crazyflie_ros2_simulation/lib/python3.8/site-packages/crazyflie_ros2_simulation/__init__.py
/home/tdeng23/ros2_ws/src/crazyswarm2/install/crazyflie_ros2_simulation/lib/python3.8/site-packages/crazyflie_ros2_simulation/__pycache__/crazyflie_webots_driver.cpython-38.pyc
/home/tdeng23/ros2_ws/src/crazyswarm2/install/crazyflie_ros2_simulation/lib/python3.8/site-packages/crazyflie_ros2_simulation/__pycache__/__init__.cpython-38.pyc
/home/tdeng23/ros2_ws/src/crazyswarm2/install/crazyflie_ros2_simulation/share/ament_index/resource_index/packages/crazyflie_ros2_simulation
/home/tdeng23/ros2_ws/src/crazyswarm2/install/crazyflie_ros2_simulation/share/crazyflie_ros2_simulation/package.xml
/home/tdeng23/ros2_ws/src/crazyswarm2/install/crazyflie_ros2_simulation/share/crazyflie_ros2_simulation/resource/crazyflie.urdf
/home/tdeng23/ros2_ws/src/crazyswarm2/install/crazyflie_ros2_simulation/share/crazyflie_ros2_simulation/resource/crazyflie_ros2_simulation
/home/tdeng23/ros2_ws/src/crazyswarm2/install/crazyflie_ros2_simulation/share/crazyflie_ros2_simulation/launch/robot_launch.py
/home/tdeng23/ros2_ws/src/crazyswarm2/install/crazyflie_ros2_simulation/share/crazyflie_ros2_simulation/worlds/crazyflie_apartment.wbt
/home/tdeng23/ros2_ws/src/crazyswarm2/install/crazyflie_ros2_simulation/share/crazyflie_ros2_simulation/worlds/crazyflie.wbt
/home/tdeng23/ros2_ws/src/crazyswarm2/install/crazyflie_ros2_simulation/share/crazyflie_ros2_simulation/worlds/meshes/cw_prop.stl
/home/tdeng23/ros2_ws/src/crazyswarm2/install/crazyflie_ros2_simulation/share/crazyflie_ros2_simulation/worlds/meshes/2_pinheaders.stl
/home/tdeng23/ros2_ws/src/crazyswarm2/install/crazyflie_ros2_simulation/share/crazyflie_ros2_simulation/worlds/meshes/ccw_prop.stl
/home/tdeng23/ros2_ws/src/crazyswarm2/install/crazyflie_ros2_simulation/share/crazyflie_ros2_simulation/worlds/meshes/4_motors.stl
/home/tdeng23/ros2_ws/src/crazyswarm2/install/crazyflie_ros2_simulation/share/crazyflie_ros2_simulation/worlds/meshes/battery.stl
/home/tdeng23/ros2_ws/src/crazyswarm2/install/crazyflie_ros2_simulation/share/crazyflie_ros2_simulation/worlds/meshes/4_motormounts.stl
/home/tdeng23/ros2_ws/src/crazyswarm2/install/crazyflie_ros2_simulation/share/crazyflie_ros2_simulation/worlds/meshes/battery_holder.stl
/home/tdeng23/ros2_ws/src/crazyswarm2/install/crazyflie_ros2_simulation/share/crazyflie_ros2_simulation/worlds/meshes/cf_body.stl
/home/tdeng23/ros2_ws/src/crazyswarm2/install/crazyflie_ros2_simulation/share/crazyflie_ros2_simulation/worlds/meshes/cf2_assembly.stl
/home/tdeng23/ros2_ws/src/crazyswarm2/install/crazyflie_ros2_simulation/lib/python3.8/site-packages/crazyflie_ros2_simulation-0.0.0-py3.8.egg-info/PKG-INFO
/home/tdeng23/ros2_ws/src/crazyswarm2/install/crazyflie_ros2_simulation/lib/python3.8/site-packages/crazyflie_ros2_simulation-0.0.0-py3.8.egg-info/dependency_links.txt
/home/tdeng23/ros2_ws/src/crazyswarm2/install/crazyflie_ros2_simulation/lib/python3.8/site-packages/crazyflie_ros2_simulation-0.0.0-py3.8.egg-info/SOURCES.txt
/home/tdeng23/ros2_ws/src/crazyswarm2/install/crazyflie_ros2_simulation/lib/python3.8/site-packages/crazyflie_ros2_simulation-0.0.0-py3.8.egg-info/zip-safe
/home/tdeng23/ros2_ws/src/crazyswarm2/install/crazyflie_ros2_simulation/lib/python3.8/site-packages/crazyflie_ros2_simulation-0.0.0-py3.8.egg-info/entry_points.txt
/home/tdeng23/ros2_ws/src/crazyswarm2/install/crazyflie_ros2_simulation/lib/python3.8/site-packages/crazyflie_ros2_simulation-0.0.0-py3.8.egg-info/requires.txt
/home/tdeng23/ros2_ws/src/crazyswarm2/install/crazyflie_ros2_simulation/lib/python3.8/site-packages/crazyflie_ros2_simulation-0.0.0-py3.8.egg-info/top_level.txt
/home/tdeng23/ros2_ws/src/crazyswarm2/install/crazyflie_ros2_simulation/lib/crazyflie_ros2_simulation/crazyflie_webots_driver
