running egg_info
creating ../../../build/crazyflie_ros2_simple_mapper/crazyflie_ros2_simple_mapper.egg-info
writing ../../../build/crazyflie_ros2_simple_mapper/crazyflie_ros2_simple_mapper.egg-info/PKG-INFO
writing dependency_links to ../../../build/crazyflie_ros2_simple_mapper/crazyflie_ros2_simple_mapper.egg-info/dependency_links.txt
writing entry points to ../../../build/crazyflie_ros2_simple_mapper/crazyflie_ros2_simple_mapper.egg-info/entry_points.txt
writing requirements to ../../../build/crazyflie_ros2_simple_mapper/crazyflie_ros2_simple_mapper.egg-info/requires.txt
writing top-level names to ../../../build/crazyflie_ros2_simple_mapper/crazyflie_ros2_simple_mapper.egg-info/top_level.txt
writing manifest file '../../../build/crazyflie_ros2_simple_mapper/crazyflie_ros2_simple_mapper.egg-info/SOURCES.txt'
reading manifest file '../../../build/crazyflie_ros2_simple_mapper/crazyflie_ros2_simple_mapper.egg-info/SOURCES.txt'
writing manifest file '../../../build/crazyflie_ros2_simple_mapper/crazyflie_ros2_simple_mapper.egg-info/SOURCES.txt'
running build
running build_py
creating /home/nicxe/ros2_ws/build/crazyflie_ros2_simple_mapper/build
creating /home/nicxe/ros2_ws/build/crazyflie_ros2_simple_mapper/build/lib
creating /home/nicxe/ros2_ws/build/crazyflie_ros2_simple_mapper/build/lib/crazyflie_ros2_simple_mapper
copying crazyflie_ros2_simple_mapper/__init__.py -> /home/nicxe/ros2_ws/build/crazyflie_ros2_simple_mapper/build/lib/crazyflie_ros2_simple_mapper
copying crazyflie_ros2_simple_mapper/simple_mapper.py -> /home/nicxe/ros2_ws/build/crazyflie_ros2_simple_mapper/build/lib/crazyflie_ros2_simple_mapper
running install
running install_lib
creating /home/nicxe/ros2_ws/install/crazyflie_ros2_simple_mapper/lib/python3.8/site-packages/crazyflie_ros2_simple_mapper
copying /home/nicxe/ros2_ws/build/crazyflie_ros2_simple_mapper/build/lib/crazyflie_ros2_simple_mapper/__init__.py -> /home/nicxe/ros2_ws/install/crazyflie_ros2_simple_mapper/lib/python3.8/site-packages/crazyflie_ros2_simple_mapper
copying /home/nicxe/ros2_ws/build/crazyflie_ros2_simple_mapper/build/lib/crazyflie_ros2_simple_mapper/simple_mapper.py -> /home/nicxe/ros2_ws/install/crazyflie_ros2_simple_mapper/lib/python3.8/site-packages/crazyflie_ros2_simple_mapper
byte-compiling /home/nicxe/ros2_ws/install/crazyflie_ros2_simple_mapper/lib/python3.8/site-packages/crazyflie_ros2_simple_mapper/__init__.py to __init__.cpython-38.pyc
byte-compiling /home/nicxe/ros2_ws/install/crazyflie_ros2_simple_mapper/lib/python3.8/site-packages/crazyflie_ros2_simple_mapper/simple_mapper.py to simple_mapper.cpython-38.pyc
running install_data
copying package.xml -> /home/nicxe/ros2_ws/install/crazyflie_ros2_simple_mapper/share/crazyflie_ros2_simple_mapper
creating /home/nicxe/ros2_ws/install/crazyflie_ros2_simple_mapper/share/crazyflie_ros2_simple_mapper/resource
copying resource/crazyflie_ros2_simple_mapper -> /home/nicxe/ros2_ws/install/crazyflie_ros2_simple_mapper/share/crazyflie_ros2_simple_mapper/resource/
creating /home/nicxe/ros2_ws/install/crazyflie_ros2_simple_mapper/share/crazyflie_ros2_simple_mapper/launch
copying launch/simple_mapper_simulation_launch.py -> /home/nicxe/ros2_ws/install/crazyflie_ros2_simple_mapper/share/crazyflie_ros2_simple_mapper/launch/
copying launch/simple_mapper_real_launch.py -> /home/nicxe/ros2_ws/install/crazyflie_ros2_simple_mapper/share/crazyflie_ros2_simple_mapper/launch/
running install_egg_info
Copying ../../../build/crazyflie_ros2_simple_mapper/crazyflie_ros2_simple_mapper.egg-info to /home/nicxe/ros2_ws/install/crazyflie_ros2_simple_mapper/lib/python3.8/site-packages/crazyflie_ros2_simple_mapper-0.0.0-py3.8.egg-info
running install_scripts
Installing simple_mapper script to /home/nicxe/ros2_ws/install/crazyflie_ros2_simple_mapper/lib/crazyflie_ros2_simple_mapper
writing list of installed files to '/home/nicxe/ros2_ws/build/crazyflie_ros2_simple_mapper/install.log'
