[1.545s] Invoking command in '/home/tdeng23/ros2_ws/src/crazyswarm2/crazyflie_simulation': PYTHONPATH=/home/tdeng23/ros2_ws/build/crazyflie_simulation/prefix_override:/home/tdeng23/ros2_ws/install/crazyflie_simulation/lib/python3.8/site-packages:${PYTHONPATH} /usr/bin/python3 setup.py egg_info --egg-base ../../../build/crazyflie_simulation build --build-base /home/tdeng23/ros2_ws/build/crazyflie_simulation/build install --record /home/tdeng23/ros2_ws/build/crazyflie_simulation/install.log --single-version-externally-managed
[1.963s] running egg_info
[1.963s] writing ../../../build/crazyflie_simulation/crazyflie_simulation.egg-info/PKG-INFO
[1.963s] writing dependency_links to ../../../build/crazyflie_simulation/crazyflie_simulation.egg-info/dependency_links.txt
[1.963s] writing entry points to ../../../build/crazyflie_simulation/crazyflie_simulation.egg-info/entry_points.txt
[1.963s] writing requirements to ../../../build/crazyflie_simulation/crazyflie_simulation.egg-info/requires.txt
[1.963s] writing top-level names to ../../../build/crazyflie_simulation/crazyflie_simulation.egg-info/top_level.txt
[2.022s] reading manifest file '../../../build/crazyflie_simulation/crazyflie_simulation.egg-info/SOURCES.txt'
[2.023s] writing manifest file '../../../build/crazyflie_simulation/crazyflie_simulation.egg-info/SOURCES.txt'
[2.023s] running build
[2.023s] running build_py
[2.024s] running install
[2.025s] running install_lib
[2.027s] running install_data
[2.028s] running install_egg_info
[2.031s] removing '/home/tdeng23/ros2_ws/install/crazyflie_simulation/lib/python3.8/site-packages/crazyflie_simulation-0.0.0-py3.8.egg-info' (and everything under it)
[2.031s] Copying ../../../build/crazyflie_simulation/crazyflie_simulation.egg-info to /home/tdeng23/ros2_ws/install/crazyflie_simulation/lib/python3.8/site-packages/crazyflie_simulation-0.0.0-py3.8.egg-info
[2.032s] running install_scripts
[2.058s] Installing crazyflie_webots_driver script to /home/tdeng23/ros2_ws/install/crazyflie_simulation/lib/crazyflie_simulation
[2.059s] Installing supervisor_driver script to /home/tdeng23/ros2_ws/install/crazyflie_simulation/lib/crazyflie_simulation
[2.060s] writing list of installed files to '/home/tdeng23/ros2_ws/build/crazyflie_simulation/install.log'
[2.089s] Invoked command in '/home/tdeng23/ros2_ws/src/crazyswarm2/crazyflie_simulation' returned '0': PYTHONPATH=/home/tdeng23/ros2_ws/build/crazyflie_simulation/prefix_override:/home/tdeng23/ros2_ws/install/crazyflie_simulation/lib/python3.8/site-packages:${PYTHONPATH} /usr/bin/python3 setup.py egg_info --egg-base ../../../build/crazyflie_simulation build --build-base /home/tdeng23/ros2_ws/build/crazyflie_simulation/build install --record /home/tdeng23/ros2_ws/build/crazyflie_simulation/install.log --single-version-externally-managed
