/home/tdeng23/ros2_ws/install/crazyflie_py/lib/python3.8/site-packages/crazyflie_py/crazyflie.py
/home/tdeng23/ros2_ws/install/crazyflie_py/lib/python3.8/site-packages/crazyflie_py/genericJoystick.py
/home/tdeng23/ros2_ws/install/crazyflie_py/lib/python3.8/site-packages/crazyflie_py/uav_trajectory.py
/home/tdeng23/ros2_ws/install/crazyflie_py/lib/python3.8/site-packages/crazyflie_py/crazyswarm_py.py
/home/tdeng23/ros2_ws/install/crazyflie_py/lib/python3.8/site-packages/crazyflie_py/util.py
/home/tdeng23/ros2_ws/install/crazyflie_py/lib/python3.8/site-packages/crazyflie_py/joystick.py
/home/tdeng23/ros2_ws/install/crazyflie_py/lib/python3.8/site-packages/crazyflie_py/linuxjsdev.py
/home/tdeng23/ros2_ws/install/crazyflie_py/lib/python3.8/site-packages/crazyflie_py/keyboard.py
/home/tdeng23/ros2_ws/install/crazyflie_py/lib/python3.8/site-packages/crazyflie_py/__init__.py
/home/tdeng23/ros2_ws/install/crazyflie_py/lib/python3.8/site-packages/crazyflie_py/__pycache__/crazyflie.cpython-38.pyc
/home/tdeng23/ros2_ws/install/crazyflie_py/lib/python3.8/site-packages/crazyflie_py/__pycache__/genericJoystick.cpython-38.pyc
/home/tdeng23/ros2_ws/install/crazyflie_py/lib/python3.8/site-packages/crazyflie_py/__pycache__/uav_trajectory.cpython-38.pyc
/home/tdeng23/ros2_ws/install/crazyflie_py/lib/python3.8/site-packages/crazyflie_py/__pycache__/crazyswarm_py.cpython-38.pyc
/home/tdeng23/ros2_ws/install/crazyflie_py/lib/python3.8/site-packages/crazyflie_py/__pycache__/util.cpython-38.pyc
/home/tdeng23/ros2_ws/install/crazyflie_py/lib/python3.8/site-packages/crazyflie_py/__pycache__/joystick.cpython-38.pyc
/home/tdeng23/ros2_ws/install/crazyflie_py/lib/python3.8/site-packages/crazyflie_py/__pycache__/linuxjsdev.cpython-38.pyc
/home/tdeng23/ros2_ws/install/crazyflie_py/lib/python3.8/site-packages/crazyflie_py/__pycache__/keyboard.cpython-38.pyc
/home/tdeng23/ros2_ws/install/crazyflie_py/lib/python3.8/site-packages/crazyflie_py/__pycache__/__init__.cpython-38.pyc
/home/tdeng23/ros2_ws/install/crazyflie_py/share/ament_index/resource_index/packages/crazyflie_py
/home/tdeng23/ros2_ws/install/crazyflie_py/share/crazyflie_py/package.xml
/home/tdeng23/ros2_ws/install/crazyflie_py/lib/python3.8/site-packages/crazyflie_py-2.0.0-py3.8.egg-info/PKG-INFO
/home/tdeng23/ros2_ws/install/crazyflie_py/lib/python3.8/site-packages/crazyflie_py-2.0.0-py3.8.egg-info/dependency_links.txt
/home/tdeng23/ros2_ws/install/crazyflie_py/lib/python3.8/site-packages/crazyflie_py-2.0.0-py3.8.egg-info/SOURCES.txt
/home/tdeng23/ros2_ws/install/crazyflie_py/lib/python3.8/site-packages/crazyflie_py-2.0.0-py3.8.egg-info/zip-safe
/home/tdeng23/ros2_ws/install/crazyflie_py/lib/python3.8/site-packages/crazyflie_py-2.0.0-py3.8.egg-info/entry_points.txt
/home/tdeng23/ros2_ws/install/crazyflie_py/lib/python3.8/site-packages/crazyflie_py-2.0.0-py3.8.egg-info/requires.txt
/home/tdeng23/ros2_ws/install/crazyflie_py/lib/python3.8/site-packages/crazyflie_py-2.0.0-py3.8.egg-info/top_level.txt
