[0.613s] Invoking command in '/home/tdeng23/ros2_ws/src/build/crazyflie_sim': AMENT_PREFIX_PATH=/home/tdeng23/ros2_ws/src/install/crazyflie_interfaces:${AMENT_PREFIX_PATH} CMAKE_PREFIX_PATH=/home/tdeng23/ros2_ws/src/install/crazyflie_interfaces:/home/tdeng23/ros2_ws/install/motion_capture_tracking:/home/tdeng23/ros2_ws/install/crazyflie:/home/tdeng23/ros2_ws/install/motion_capture_tracking_interfaces:/home/tdeng23/ros2_ws/install/crazyflie_sim:/home/tdeng23/ros2_ws/install/crazyflie_ros2_slam:/home/tdeng23/ros2_ws/install/crazyflie_ros2_navigation:/home/tdeng23/ros2_ws/install/crazyflie_ros2_interfaces:/home/tdeng23/ros2_ws/install/crazyflie_ros2_description:/home/tdeng23/ros2_ws/install/crazyflie_examples:/home/tdeng23/ros2_ws/install/crazyflie_interfaces:/home/tdeng23/ros2_ws/install/my_package:/home/tdeng23/ros2_ws/install/crazyflie_simulation:/home/tdeng23/ros2_ws/install/crazyflie_ros2_simulation:/home/tdeng23/ros2_ws/install/crazyflie_ros2_simple_mapper:/home/tdeng23/ros2_ws/install/crazyflie_ros2_scan:/home/tdeng23/ros2_ws/install/crazyflie_ros2:/home/tdeng23/ros2_ws/install/crazyflie_py:/opt/ros/galactic LD_LIBRARY_PATH=/home/tdeng23/ros2_ws/src/install/crazyflie_interfaces/lib:${LD_LIBRARY_PATH} PYTHONPATH=/home/tdeng23/ros2_ws/src/install/crazyflie_interfaces/lib/python3.8/site-packages:${PYTHONPATH} /home/tdeng23/.local/bin/cmake /home/tdeng23/ros2_ws/src/crazyswarm2/crazyflie_sim -DAMENT_CMAKE_SYMLINK_INSTALL=1 -DCMAKE_INSTALL_PREFIX=/home/tdeng23/ros2_ws/src/install/crazyflie_sim
[0.946s] -- The C compiler identification is GNU 9.4.0
[1.171s] -- The CXX compiler identification is GNU 9.4.0
[1.210s] -- Detecting C compiler ABI info
[1.419s] -- Detecting C compiler ABI info - done
[1.458s] -- Check for working C compiler: /usr/bin/cc - skipped
[1.459s] -- Detecting C compile features
[1.461s] -- Detecting C compile features - done
[1.481s] -- Detecting CXX compiler ABI info
[1.898s] -- Detecting CXX compiler ABI info - done
[1.933s] -- Check for working CXX compiler: /usr/bin/c++ - skipped
[1.934s] -- Detecting CXX compile features
[1.935s] -- Detecting CXX compile features - done
[1.952s] -- Found ament_cmake: 1.1.6 (/opt/ros/galactic/share/ament_cmake/cmake)
[2.127s] -- Found PythonInterp: /usr/bin/python3 (found suitable version "3.8.10", minimum required is "3") 
[2.127s] -- Using PYTHON_EXECUTABLE: /usr/bin/python3
[2.365s] -- Override CMake install command with custom implementation using symlinks instead of copying resources
[2.968s] -- Configuring done (2.2s)
[2.982s] -- Generating done (0.0s)
[2.985s] -- Build files have been written to: /home/tdeng23/ros2_ws/src/build/crazyflie_sim
[3.001s] Invoked command in '/home/tdeng23/ros2_ws/src/build/crazyflie_sim' returned '0': AMENT_PREFIX_PATH=/home/tdeng23/ros2_ws/src/install/crazyflie_interfaces:${AMENT_PREFIX_PATH} CMAKE_PREFIX_PATH=/home/tdeng23/ros2_ws/src/install/crazyflie_interfaces:/home/tdeng23/ros2_ws/install/motion_capture_tracking:/home/tdeng23/ros2_ws/install/crazyflie:/home/tdeng23/ros2_ws/install/motion_capture_tracking_interfaces:/home/tdeng23/ros2_ws/install/crazyflie_sim:/home/tdeng23/ros2_ws/install/crazyflie_ros2_slam:/home/tdeng23/ros2_ws/install/crazyflie_ros2_navigation:/home/tdeng23/ros2_ws/install/crazyflie_ros2_interfaces:/home/tdeng23/ros2_ws/install/crazyflie_ros2_description:/home/tdeng23/ros2_ws/install/crazyflie_examples:/home/tdeng23/ros2_ws/install/crazyflie_interfaces:/home/tdeng23/ros2_ws/install/my_package:/home/tdeng23/ros2_ws/install/crazyflie_simulation:/home/tdeng23/ros2_ws/install/crazyflie_ros2_simulation:/home/tdeng23/ros2_ws/install/crazyflie_ros2_simple_mapper:/home/tdeng23/ros2_ws/install/crazyflie_ros2_scan:/home/tdeng23/ros2_ws/install/crazyflie_ros2:/home/tdeng23/ros2_ws/install/crazyflie_py:/opt/ros/galactic LD_LIBRARY_PATH=/home/tdeng23/ros2_ws/src/install/crazyflie_interfaces/lib:${LD_LIBRARY_PATH} PYTHONPATH=/home/tdeng23/ros2_ws/src/install/crazyflie_interfaces/lib/python3.8/site-packages:${PYTHONPATH} /home/tdeng23/.local/bin/cmake /home/tdeng23/ros2_ws/src/crazyswarm2/crazyflie_sim -DAMENT_CMAKE_SYMLINK_INSTALL=1 -DCMAKE_INSTALL_PREFIX=/home/tdeng23/ros2_ws/src/install/crazyflie_sim
[3.002s] Invoking command in '/home/tdeng23/ros2_ws/src/build/crazyflie_sim': AMENT_PREFIX_PATH=/home/tdeng23/ros2_ws/src/install/crazyflie_interfaces:${AMENT_PREFIX_PATH} CMAKE_PREFIX_PATH=/home/tdeng23/ros2_ws/src/install/crazyflie_interfaces:/home/tdeng23/ros2_ws/install/motion_capture_tracking:/home/tdeng23/ros2_ws/install/crazyflie:/home/tdeng23/ros2_ws/install/motion_capture_tracking_interfaces:/home/tdeng23/ros2_ws/install/crazyflie_sim:/home/tdeng23/ros2_ws/install/crazyflie_ros2_slam:/home/tdeng23/ros2_ws/install/crazyflie_ros2_navigation:/home/tdeng23/ros2_ws/install/crazyflie_ros2_interfaces:/home/tdeng23/ros2_ws/install/crazyflie_ros2_description:/home/tdeng23/ros2_ws/install/crazyflie_examples:/home/tdeng23/ros2_ws/install/crazyflie_interfaces:/home/tdeng23/ros2_ws/install/my_package:/home/tdeng23/ros2_ws/install/crazyflie_simulation:/home/tdeng23/ros2_ws/install/crazyflie_ros2_simulation:/home/tdeng23/ros2_ws/install/crazyflie_ros2_simple_mapper:/home/tdeng23/ros2_ws/install/crazyflie_ros2_scan:/home/tdeng23/ros2_ws/install/crazyflie_ros2:/home/tdeng23/ros2_ws/install/crazyflie_py:/opt/ros/galactic LD_LIBRARY_PATH=/home/tdeng23/ros2_ws/src/install/crazyflie_interfaces/lib:${LD_LIBRARY_PATH} PYTHONPATH=/home/tdeng23/ros2_ws/src/install/crazyflie_interfaces/lib/python3.8/site-packages:${PYTHONPATH} /home/tdeng23/.local/bin/cmake --build /home/tdeng23/ros2_ws/src/build/crazyflie_sim -- -j8 -l8
[3.356s] Built target ament_cmake_python_symlink_crazyflie_sim
[3.381s] Built target ament_cmake_python_symlink_crazyflie_sim_setup
[3.994s] running egg_info
[3.995s] creating crazyflie_sim.egg-info
[3.996s] writing crazyflie_sim.egg-info/PKG-INFO
[3.997s] writing dependency_links to crazyflie_sim.egg-info/dependency_links.txt
[3.998s] writing entry points to crazyflie_sim.egg-info/entry_points.txt
[3.998s] writing top-level names to crazyflie_sim.egg-info/top_level.txt
[4.001s] writing manifest file 'crazyflie_sim.egg-info/SOURCES.txt'
[4.067s] reading manifest file 'crazyflie_sim.egg-info/SOURCES.txt'
[4.068s] writing manifest file 'crazyflie_sim.egg-info/SOURCES.txt'
[4.104s] running install_scripts
[4.109s] Built target ament_cmake_python_build_crazyflie_sim_egg
[4.154s] running egg_info
[4.156s] writing crazyflie_sim.egg-info/PKG-INFO
[4.157s] writing dependency_links to crazyflie_sim.egg-info/dependency_links.txt
[4.157s] writing entry points to crazyflie_sim.egg-info/entry_points.txt
[4.157s] writing top-level names to crazyflie_sim.egg-info/top_level.txt
[4.224s] reading manifest file 'crazyflie_sim.egg-info/SOURCES.txt'
[4.226s] writing manifest file 'crazyflie_sim.egg-info/SOURCES.txt'
[4.229s] Installing crazyflie_server script to scripts
[4.276s] Built target ament_cmake_python_build_crazyflie_sim_scripts
[4.290s] Invoked command in '/home/tdeng23/ros2_ws/src/build/crazyflie_sim' returned '0': AMENT_PREFIX_PATH=/home/tdeng23/ros2_ws/src/install/crazyflie_interfaces:${AMENT_PREFIX_PATH} CMAKE_PREFIX_PATH=/home/tdeng23/ros2_ws/src/install/crazyflie_interfaces:/home/tdeng23/ros2_ws/install/motion_capture_tracking:/home/tdeng23/ros2_ws/install/crazyflie:/home/tdeng23/ros2_ws/install/motion_capture_tracking_interfaces:/home/tdeng23/ros2_ws/install/crazyflie_sim:/home/tdeng23/ros2_ws/install/crazyflie_ros2_slam:/home/tdeng23/ros2_ws/install/crazyflie_ros2_navigation:/home/tdeng23/ros2_ws/install/crazyflie_ros2_interfaces:/home/tdeng23/ros2_ws/install/crazyflie_ros2_description:/home/tdeng23/ros2_ws/install/crazyflie_examples:/home/tdeng23/ros2_ws/install/crazyflie_interfaces:/home/tdeng23/ros2_ws/install/my_package:/home/tdeng23/ros2_ws/install/crazyflie_simulation:/home/tdeng23/ros2_ws/install/crazyflie_ros2_simulation:/home/tdeng23/ros2_ws/install/crazyflie_ros2_simple_mapper:/home/tdeng23/ros2_ws/install/crazyflie_ros2_scan:/home/tdeng23/ros2_ws/install/crazyflie_ros2:/home/tdeng23/ros2_ws/install/crazyflie_py:/opt/ros/galactic LD_LIBRARY_PATH=/home/tdeng23/ros2_ws/src/install/crazyflie_interfaces/lib:${LD_LIBRARY_PATH} PYTHONPATH=/home/tdeng23/ros2_ws/src/install/crazyflie_interfaces/lib/python3.8/site-packages:${PYTHONPATH} /home/tdeng23/.local/bin/cmake --build /home/tdeng23/ros2_ws/src/build/crazyflie_sim -- -j8 -l8
[4.624s] Invoking command in '/home/tdeng23/ros2_ws/src/build/crazyflie_sim': AMENT_PREFIX_PATH=/home/tdeng23/ros2_ws/src/install/crazyflie_interfaces:${AMENT_PREFIX_PATH} CMAKE_PREFIX_PATH=/home/tdeng23/ros2_ws/src/install/crazyflie_interfaces:/home/tdeng23/ros2_ws/install/motion_capture_tracking:/home/tdeng23/ros2_ws/install/crazyflie:/home/tdeng23/ros2_ws/install/motion_capture_tracking_interfaces:/home/tdeng23/ros2_ws/install/crazyflie_sim:/home/tdeng23/ros2_ws/install/crazyflie_ros2_slam:/home/tdeng23/ros2_ws/install/crazyflie_ros2_navigation:/home/tdeng23/ros2_ws/install/crazyflie_ros2_interfaces:/home/tdeng23/ros2_ws/install/crazyflie_ros2_description:/home/tdeng23/ros2_ws/install/crazyflie_examples:/home/tdeng23/ros2_ws/install/crazyflie_interfaces:/home/tdeng23/ros2_ws/install/my_package:/home/tdeng23/ros2_ws/install/crazyflie_simulation:/home/tdeng23/ros2_ws/install/crazyflie_ros2_simulation:/home/tdeng23/ros2_ws/install/crazyflie_ros2_simple_mapper:/home/tdeng23/ros2_ws/install/crazyflie_ros2_scan:/home/tdeng23/ros2_ws/install/crazyflie_ros2:/home/tdeng23/ros2_ws/install/crazyflie_py:/opt/ros/galactic LD_LIBRARY_PATH=/home/tdeng23/ros2_ws/src/install/crazyflie_interfaces/lib:${LD_LIBRARY_PATH} PYTHONPATH=/home/tdeng23/ros2_ws/src/install/crazyflie_interfaces/lib/python3.8/site-packages:${PYTHONPATH} /home/tdeng23/.local/bin/cmake --install /home/tdeng23/ros2_ws/src/build/crazyflie_sim
[4.788s] -- Install configuration: ""
[4.789s] -- Execute custom install script
[4.790s] -- Symlinking: /home/tdeng23/ros2_ws/src/install/crazyflie_sim/share/crazyflie_sim/environment/pythonpath.sh
[4.793s] -- Symlinking: /home/tdeng23/ros2_ws/src/install/crazyflie_sim/share/crazyflie_sim/environment/pythonpath.dsv
[4.813s] -- Symlinking: /home/tdeng23/ros2_ws/src/install/crazyflie_sim/lib/python3.8/site-packages//crazyflie_sim.egg-info/PKG-INFO
[4.817s] -- Symlinking: /home/tdeng23/ros2_ws/src/install/crazyflie_sim/lib/python3.8/site-packages//crazyflie_sim.egg-info/SOURCES.txt
[4.821s] -- Symlinking: /home/tdeng23/ros2_ws/src/install/crazyflie_sim/lib/python3.8/site-packages//crazyflie_sim.egg-info/dependency_links.txt
[4.826s] -- Symlinking: /home/tdeng23/ros2_ws/src/install/crazyflie_sim/lib/python3.8/site-packages//crazyflie_sim.egg-info/entry_points.txt
[4.832s] -- Symlinking: /home/tdeng23/ros2_ws/src/install/crazyflie_sim/lib/python3.8/site-packages//crazyflie_sim.egg-info/top_level.txt
[4.838s] -- Symlinking: /home/tdeng23/ros2_ws/src/install/crazyflie_sim/lib/crazyflie_sim//crazyflie_server
[4.851s] -- Symlinking: /home/tdeng23/ros2_ws/src/install/crazyflie_sim/lib/python3.8/site-packages/crazyflie_sim/__init__.py
[4.862s] -- Symlinking: /home/tdeng23/ros2_ws/src/install/crazyflie_sim/lib/python3.8/site-packages/crazyflie_sim/backend/none.py
[4.881s] -- Symlinking: /home/tdeng23/ros2_ws/src/install/crazyflie_sim/lib/python3.8/site-packages/crazyflie_sim/backend/np.py
[4.901s] -- Symlinking: /home/tdeng23/ros2_ws/src/install/crazyflie_sim/lib/python3.8/site-packages/crazyflie_sim/crazyflie_server.py
[4.929s] -- Symlinking: /home/tdeng23/ros2_ws/src/install/crazyflie_sim/lib/python3.8/site-packages/crazyflie_sim/crazyflie_sil.py
[4.953s] -- Symlinking: /home/tdeng23/ros2_ws/src/install/crazyflie_sim/lib/python3.8/site-packages/crazyflie_sim/sim_data_types.py
[4.972s] -- Symlinking: /home/tdeng23/ros2_ws/src/install/crazyflie_sim/lib/python3.8/site-packages/crazyflie_sim/visualization/README.md
[4.992s] -- Symlinking: /home/tdeng23/ros2_ws/src/install/crazyflie_sim/lib/python3.8/site-packages/crazyflie_sim/visualization/blender.py
[5.008s] -- Symlinking: /home/tdeng23/ros2_ws/src/install/crazyflie_sim/lib/python3.8/site-packages/crazyflie_sim/visualization/data/README.md
[5.029s] -- Symlinking: /home/tdeng23/ros2_ws/src/install/crazyflie_sim/lib/python3.8/site-packages/crazyflie_sim/visualization/data/env/abandoned_greenhouse.jpg
[5.049s] -- Symlinking: /home/tdeng23/ros2_ws/src/install/crazyflie_sim/lib/python3.8/site-packages/crazyflie_sim/visualization/data/env/aerodynamics_workshop.jpg
[5.069s] -- Symlinking: /home/tdeng23/ros2_ws/src/install/crazyflie_sim/lib/python3.8/site-packages/crazyflie_sim/visualization/data/env/aviation_museum.jpg
[5.108s] -- Symlinking: /home/tdeng23/ros2_ws/src/install/crazyflie_sim/lib/python3.8/site-packages/crazyflie_sim/visualization/data/env/crosswalk.jpg
[5.136s] -- Symlinking: /home/tdeng23/ros2_ws/src/install/crazyflie_sim/lib/python3.8/site-packages/crazyflie_sim/visualization/data/env/derelict_overpass.jpg
[5.154s] -- Symlinking: /home/tdeng23/ros2_ws/src/install/crazyflie_sim/lib/python3.8/site-packages/crazyflie_sim/visualization/data/env/env.jpg
[5.159s] -- Symlinking: /home/tdeng23/ros2_ws/src/install/crazyflie_sim/lib/python3.8/site-packages/crazyflie_sim/visualization/data/env/lago_disola.jpg
[5.173s] -- Symlinking: /home/tdeng23/ros2_ws/src/install/crazyflie_sim/lib/python3.8/site-packages/crazyflie_sim/visualization/data/env/lake_pier.jpg
[5.192s] -- Symlinking: /home/tdeng23/ros2_ws/src/install/crazyflie_sim/lib/python3.8/site-packages/crazyflie_sim/visualization/data/env/machine_shop.jpg
[5.213s] -- Symlinking: /home/tdeng23/ros2_ws/src/install/crazyflie_sim/lib/python3.8/site-packages/crazyflie_sim/visualization/data/env/museumplein.jpg
[5.244s] -- Symlinking: /home/tdeng23/ros2_ws/src/install/crazyflie_sim/lib/python3.8/site-packages/crazyflie_sim/visualization/data/env/peppermint_powerplant.jpg
[5.255s] -- Symlinking: /home/tdeng23/ros2_ws/src/install/crazyflie_sim/lib/python3.8/site-packages/crazyflie_sim/visualization/data/env/studio_garden.jpg
[5.277s] -- Symlinking: /home/tdeng23/ros2_ws/src/install/crazyflie_sim/lib/python3.8/site-packages/crazyflie_sim/visualization/data/model/cf.mtl
[5.297s] -- Symlinking: /home/tdeng23/ros2_ws/src/install/crazyflie_sim/lib/python3.8/site-packages/crazyflie_sim/visualization/data/model/cf.obj
[5.317s] -- Symlinking: /home/tdeng23/ros2_ws/src/install/crazyflie_sim/lib/python3.8/site-packages/crazyflie_sim/visualization/pdf.py
[5.333s] -- Symlinking: /home/tdeng23/ros2_ws/src/install/crazyflie_sim/lib/python3.8/site-packages/crazyflie_sim/visualization/record_states.py
[5.356s] -- Symlinking: /home/tdeng23/ros2_ws/src/install/crazyflie_sim/lib/python3.8/site-packages/crazyflie_sim/visualization/rviz.py
[5.376s] -- Symlinking: /home/tdeng23/ros2_ws/src/install/crazyflie_sim/share/ament_index/resource_index/package_run_dependencies/crazyflie_sim
[5.394s] -- Symlinking: /home/tdeng23/ros2_ws/src/install/crazyflie_sim/share/ament_index/resource_index/parent_prefix_path/crazyflie_sim
[5.401s] -- Symlinking: /home/tdeng23/ros2_ws/src/install/crazyflie_sim/share/crazyflie_sim/environment/ament_prefix_path.sh
[5.406s] -- Symlinking: /home/tdeng23/ros2_ws/src/install/crazyflie_sim/share/crazyflie_sim/environment/ament_prefix_path.dsv
[5.410s] -- Symlinking: /home/tdeng23/ros2_ws/src/install/crazyflie_sim/share/crazyflie_sim/environment/path.sh
[5.415s] -- Symlinking: /home/tdeng23/ros2_ws/src/install/crazyflie_sim/share/crazyflie_sim/environment/path.dsv
[5.421s] -- Symlinking: /home/tdeng23/ros2_ws/src/install/crazyflie_sim/share/crazyflie_sim/local_setup.bash
[5.449s] -- Symlinking: /home/tdeng23/ros2_ws/src/install/crazyflie_sim/share/crazyflie_sim/local_setup.sh
[5.476s] -- Symlinking: /home/tdeng23/ros2_ws/src/install/crazyflie_sim/share/crazyflie_sim/local_setup.zsh
[5.505s] -- Symlinking: /home/tdeng23/ros2_ws/src/install/crazyflie_sim/share/crazyflie_sim/local_setup.dsv
[5.529s] -- Symlinking: /home/tdeng23/ros2_ws/src/install/crazyflie_sim/share/crazyflie_sim/package.dsv
[5.547s] -- Symlinking: /home/tdeng23/ros2_ws/src/install/crazyflie_sim/share/ament_index/resource_index/packages/crazyflie_sim
[5.560s] -- Symlinking: /home/tdeng23/ros2_ws/src/install/crazyflie_sim/share/crazyflie_sim/cmake/crazyflie_simConfig.cmake
[5.578s] -- Symlinking: /home/tdeng23/ros2_ws/src/install/crazyflie_sim/share/crazyflie_sim/cmake/crazyflie_simConfig-version.cmake
[5.605s] -- Symlinking: /home/tdeng23/ros2_ws/src/install/crazyflie_sim/share/crazyflie_sim/package.xml
[5.826s] Listing '/home/tdeng23/ros2_ws/src/install/crazyflie_sim/lib/python3.8/site-packages/crazyflie_sim'...
[5.826s] Compiling '/home/tdeng23/ros2_ws/src/install/crazyflie_sim/lib/python3.8/site-packages/crazyflie_sim/__init__.py'...
[5.827s] Listing '/home/tdeng23/ros2_ws/src/install/crazyflie_sim/lib/python3.8/site-packages/crazyflie_sim/backend'...
[5.827s] Compiling '/home/tdeng23/ros2_ws/src/install/crazyflie_sim/lib/python3.8/site-packages/crazyflie_sim/backend/none.py'...
[5.827s] Compiling '/home/tdeng23/ros2_ws/src/install/crazyflie_sim/lib/python3.8/site-packages/crazyflie_sim/backend/np.py'...
[5.827s] Compiling '/home/tdeng23/ros2_ws/src/install/crazyflie_sim/lib/python3.8/site-packages/crazyflie_sim/crazyflie_server.py'...
[5.827s] Compiling '/home/tdeng23/ros2_ws/src/install/crazyflie_sim/lib/python3.8/site-packages/crazyflie_sim/crazyflie_sil.py'...
[5.827s] Compiling '/home/tdeng23/ros2_ws/src/install/crazyflie_sim/lib/python3.8/site-packages/crazyflie_sim/sim_data_types.py'...
[5.827s] Listing '/home/tdeng23/ros2_ws/src/install/crazyflie_sim/lib/python3.8/site-packages/crazyflie_sim/visualization'...
[5.827s] Compiling '/home/tdeng23/ros2_ws/src/install/crazyflie_sim/lib/python3.8/site-packages/crazyflie_sim/visualization/blender.py'...
[5.828s] Listing '/home/tdeng23/ros2_ws/src/install/crazyflie_sim/lib/python3.8/site-packages/crazyflie_sim/visualization/data'...
[5.828s] Listing '/home/tdeng23/ros2_ws/src/install/crazyflie_sim/lib/python3.8/site-packages/crazyflie_sim/visualization/data/env'...
[5.828s] Listing '/home/tdeng23/ros2_ws/src/install/crazyflie_sim/lib/python3.8/site-packages/crazyflie_sim/visualization/data/model'...
[5.828s] Compiling '/home/tdeng23/ros2_ws/src/install/crazyflie_sim/lib/python3.8/site-packages/crazyflie_sim/visualization/pdf.py'...
[5.828s] Compiling '/home/tdeng23/ros2_ws/src/install/crazyflie_sim/lib/python3.8/site-packages/crazyflie_sim/visualization/record_states.py'...
[5.828s] Compiling '/home/tdeng23/ros2_ws/src/install/crazyflie_sim/lib/python3.8/site-packages/crazyflie_sim/visualization/rviz.py'...
[5.864s] Invoked command in '/home/tdeng23/ros2_ws/src/build/crazyflie_sim' returned '0': AMENT_PREFIX_PATH=/home/tdeng23/ros2_ws/src/install/crazyflie_interfaces:${AMENT_PREFIX_PATH} CMAKE_PREFIX_PATH=/home/tdeng23/ros2_ws/src/install/crazyflie_interfaces:/home/tdeng23/ros2_ws/install/motion_capture_tracking:/home/tdeng23/ros2_ws/install/crazyflie:/home/tdeng23/ros2_ws/install/motion_capture_tracking_interfaces:/home/tdeng23/ros2_ws/install/crazyflie_sim:/home/tdeng23/ros2_ws/install/crazyflie_ros2_slam:/home/tdeng23/ros2_ws/install/crazyflie_ros2_navigation:/home/tdeng23/ros2_ws/install/crazyflie_ros2_interfaces:/home/tdeng23/ros2_ws/install/crazyflie_ros2_description:/home/tdeng23/ros2_ws/install/crazyflie_examples:/home/tdeng23/ros2_ws/install/crazyflie_interfaces:/home/tdeng23/ros2_ws/install/my_package:/home/tdeng23/ros2_ws/install/crazyflie_simulation:/home/tdeng23/ros2_ws/install/crazyflie_ros2_simulation:/home/tdeng23/ros2_ws/install/crazyflie_ros2_simple_mapper:/home/tdeng23/ros2_ws/install/crazyflie_ros2_scan:/home/tdeng23/ros2_ws/install/crazyflie_ros2:/home/tdeng23/ros2_ws/install/crazyflie_py:/opt/ros/galactic LD_LIBRARY_PATH=/home/tdeng23/ros2_ws/src/install/crazyflie_interfaces/lib:${LD_LIBRARY_PATH} PYTHONPATH=/home/tdeng23/ros2_ws/src/install/crazyflie_interfaces/lib/python3.8/site-packages:${PYTHONPATH} /home/tdeng23/.local/bin/cmake --install /home/tdeng23/ros2_ws/src/build/crazyflie_sim
