[0.766s] Invoking command in '/home/nicxe/ros2_ws/build/crazyflie_ros2_navigation': CMAKE_PREFIX_PATH=${CMAKE_PREFIX_PATH}:/home/nicxe/ros2_ws/install/my_package:/home/nicxe/ros2_ws/install/crazyflie_simulation:/home/nicxe/ros2_ws/install/crazyflie_ros2_simulation:/home/nicxe/ros2_ws/install/crazyflie_ros2_simple_mapper:/home/nicxe/ros2_ws/install/crazyflie_ros2_scan:/home/nicxe/ros2_ws/install/crazyflie_ros2:/home/nicxe/ros2_ws/install/crazyflie_py:/opt/ros/galactic /usr/bin/cmake --build /home/nicxe/ros2_ws/build/crazyflie_ros2_navigation -- -j8 -l8
[1.255s] Invoked command in '/home/nicxe/ros2_ws/build/crazyflie_ros2_navigation' returned '0': CMAKE_PREFIX_PATH=${CMAKE_PREFIX_PATH}:/home/nicxe/ros2_ws/install/my_package:/home/nicxe/ros2_ws/install/crazyflie_simulation:/home/nicxe/ros2_ws/install/crazyflie_ros2_simulation:/home/nicxe/ros2_ws/install/crazyflie_ros2_simple_mapper:/home/nicxe/ros2_ws/install/crazyflie_ros2_scan:/home/nicxe/ros2_ws/install/crazyflie_ros2:/home/nicxe/ros2_ws/install/crazyflie_py:/opt/ros/galactic /usr/bin/cmake --build /home/nicxe/ros2_ws/build/crazyflie_ros2_navigation -- -j8 -l8
[1.285s] Invoking command in '/home/nicxe/ros2_ws/build/crazyflie_ros2_navigation': CMAKE_PREFIX_PATH=${CMAKE_PREFIX_PATH}:/home/nicxe/ros2_ws/install/my_package:/home/nicxe/ros2_ws/install/crazyflie_simulation:/home/nicxe/ros2_ws/install/crazyflie_ros2_simulation:/home/nicxe/ros2_ws/install/crazyflie_ros2_simple_mapper:/home/nicxe/ros2_ws/install/crazyflie_ros2_scan:/home/nicxe/ros2_ws/install/crazyflie_ros2:/home/nicxe/ros2_ws/install/crazyflie_py:/opt/ros/galactic /usr/bin/cmake --install /home/nicxe/ros2_ws/build/crazyflie_ros2_navigation
[1.350s] -- Install configuration: ""
[1.350s] -- Up-to-date: /home/nicxe/ros2_ws/install/crazyflie_ros2_navigation/share/crazyflie_ros2_navigation/launch
[1.582s] -- Up-to-date: /home/nicxe/ros2_ws/install/crazyflie_ros2_navigation/share/crazyflie_ros2_navigation/launch/navigation_simulation_launch.py
[1.582s] -- Up-to-date: /home/nicxe/ros2_ws/install/crazyflie_ros2_navigation/share/crazyflie_ros2_navigation/launch/navigation_real_launch.py
[1.582s] -- Up-to-date: /home/nicxe/ros2_ws/install/crazyflie_ros2_navigation/share/crazyflie_ros2_navigation/params
[1.654s] -- Up-to-date: /home/nicxe/ros2_ws/install/crazyflie_ros2_navigation/share/crazyflie_ros2_navigation/params/nav2_params.yaml
[1.654s] -- Up-to-date: /home/nicxe/ros2_ws/install/crazyflie_ros2_navigation/share/ament_index/resource_index/package_run_dependencies/crazyflie_ros2_navigation
[1.654s] -- Up-to-date: /home/nicxe/ros2_ws/install/crazyflie_ros2_navigation/share/ament_index/resource_index/parent_prefix_path/crazyflie_ros2_navigation
[1.654s] -- Up-to-date: /home/nicxe/ros2_ws/install/crazyflie_ros2_navigation/share/crazyflie_ros2_navigation/environment/ament_prefix_path.sh
[1.654s] -- Up-to-date: /home/nicxe/ros2_ws/install/crazyflie_ros2_navigation/share/crazyflie_ros2_navigation/environment/ament_prefix_path.dsv
[1.654s] -- Up-to-date: /home/nicxe/ros2_ws/install/crazyflie_ros2_navigation/share/crazyflie_ros2_navigation/environment/path.sh
[1.654s] -- Up-to-date: /home/nicxe/ros2_ws/install/crazyflie_ros2_navigation/share/crazyflie_ros2_navigation/environment/path.dsv
[1.655s] -- Up-to-date: /home/nicxe/ros2_ws/install/crazyflie_ros2_navigation/share/crazyflie_ros2_navigation/local_setup.bash
[1.655s] -- Up-to-date: /home/nicxe/ros2_ws/install/crazyflie_ros2_navigation/share/crazyflie_ros2_navigation/local_setup.sh
[1.655s] -- Up-to-date: /home/nicxe/ros2_ws/install/crazyflie_ros2_navigation/share/crazyflie_ros2_navigation/local_setup.zsh
[1.655s] -- Up-to-date: /home/nicxe/ros2_ws/install/crazyflie_ros2_navigation/share/crazyflie_ros2_navigation/local_setup.dsv
[1.655s] -- Installing: /home/nicxe/ros2_ws/install/crazyflie_ros2_navigation/share/crazyflie_ros2_navigation/package.dsv
[1.670s] -- Up-to-date: /home/nicxe/ros2_ws/install/crazyflie_ros2_navigation/share/ament_index/resource_index/packages/crazyflie_ros2_navigation
[1.682s] -- Up-to-date: /home/nicxe/ros2_ws/install/crazyflie_ros2_navigation/share/crazyflie_ros2_navigation/cmake/crazyflie_ros2_navigationConfig.cmake
[1.682s] -- Up-to-date: /home/nicxe/ros2_ws/install/crazyflie_ros2_navigation/share/crazyflie_ros2_navigation/cmake/crazyflie_ros2_navigationConfig-version.cmake
[1.682s] -- Up-to-date: /home/nicxe/ros2_ws/install/crazyflie_ros2_navigation/share/crazyflie_ros2_navigation/package.xml
[1.684s] Invoked command in '/home/nicxe/ros2_ws/build/crazyflie_ros2_navigation' returned '0': CMAKE_PREFIX_PATH=${CMAKE_PREFIX_PATH}:/home/nicxe/ros2_ws/install/my_package:/home/nicxe/ros2_ws/install/crazyflie_simulation:/home/nicxe/ros2_ws/install/crazyflie_ros2_simulation:/home/nicxe/ros2_ws/install/crazyflie_ros2_simple_mapper:/home/nicxe/ros2_ws/install/crazyflie_ros2_scan:/home/nicxe/ros2_ws/install/crazyflie_ros2:/home/nicxe/ros2_ws/install/crazyflie_py:/opt/ros/galactic /usr/bin/cmake --install /home/nicxe/ros2_ws/build/crazyflie_ros2_navigation
