[0.293s] Invoking command in '/home/tdeng23/ros2_ws/build/crazyflie_ros2_navigation': CMAKE_PREFIX_PATH=/opt/ros/galactic /home/tdeng23/.local/bin/cmake --build /home/tdeng23/ros2_ws/build/crazyflie_ros2_navigation -- -j8 -l8
[0.751s] Invoked command in '/home/tdeng23/ros2_ws/build/crazyflie_ros2_navigation' returned '0': CMAKE_PREFIX_PATH=/opt/ros/galactic /home/tdeng23/.local/bin/cmake --build /home/tdeng23/ros2_ws/build/crazyflie_ros2_navigation -- -j8 -l8
[0.854s] Invoking command in '/home/tdeng23/ros2_ws/build/crazyflie_ros2_navigation': CMAKE_PREFIX_PATH=/opt/ros/galactic /home/tdeng23/.local/bin/cmake --install /home/tdeng23/ros2_ws/build/crazyflie_ros2_navigation
[0.894s] -- Install configuration: ""
[0.894s] -- Up-to-date: /home/tdeng23/ros2_ws/install/crazyflie_ros2_navigation/share/crazyflie_ros2_navigation/launch
[0.894s] -- Up-to-date: /home/tdeng23/ros2_ws/install/crazyflie_ros2_navigation/share/crazyflie_ros2_navigation/launch/navigation_simulation_launch.py
[0.894s] -- Up-to-date: /home/tdeng23/ros2_ws/install/crazyflie_ros2_navigation/share/crazyflie_ros2_navigation/launch/navigation_real_launch.py
[0.894s] -- Up-to-date: /home/tdeng23/ros2_ws/install/crazyflie_ros2_navigation/share/crazyflie_ros2_navigation/params
[0.894s] -- Up-to-date: /home/tdeng23/ros2_ws/install/crazyflie_ros2_navigation/share/crazyflie_ros2_navigation/params/nav2_params.yaml
[0.894s] -- Up-to-date: /home/tdeng23/ros2_ws/install/crazyflie_ros2_navigation/share/ament_index/resource_index/package_run_dependencies/crazyflie_ros2_navigation
[0.901s] -- Up-to-date: /home/tdeng23/ros2_ws/install/crazyflie_ros2_navigation/share/ament_index/resource_index/parent_prefix_path/crazyflie_ros2_navigation
[0.901s] -- Up-to-date: /home/tdeng23/ros2_ws/install/crazyflie_ros2_navigation/share/crazyflie_ros2_navigation/environment/ament_prefix_path.sh
[0.901s] -- Up-to-date: /home/tdeng23/ros2_ws/install/crazyflie_ros2_navigation/share/crazyflie_ros2_navigation/environment/ament_prefix_path.dsv
[0.901s] -- Up-to-date: /home/tdeng23/ros2_ws/install/crazyflie_ros2_navigation/share/crazyflie_ros2_navigation/environment/path.sh
[0.901s] -- Up-to-date: /home/tdeng23/ros2_ws/install/crazyflie_ros2_navigation/share/crazyflie_ros2_navigation/environment/path.dsv
[0.902s] -- Up-to-date: /home/tdeng23/ros2_ws/install/crazyflie_ros2_navigation/share/crazyflie_ros2_navigation/local_setup.bash
[0.902s] -- Up-to-date: /home/tdeng23/ros2_ws/install/crazyflie_ros2_navigation/share/crazyflie_ros2_navigation/local_setup.sh
[0.902s] -- Up-to-date: /home/tdeng23/ros2_ws/install/crazyflie_ros2_navigation/share/crazyflie_ros2_navigation/local_setup.zsh
[0.902s] -- Up-to-date: /home/tdeng23/ros2_ws/install/crazyflie_ros2_navigation/share/crazyflie_ros2_navigation/local_setup.dsv
[0.902s] -- Up-to-date: /home/tdeng23/ros2_ws/install/crazyflie_ros2_navigation/share/crazyflie_ros2_navigation/package.dsv
[0.902s] -- Up-to-date: /home/tdeng23/ros2_ws/install/crazyflie_ros2_navigation/share/ament_index/resource_index/packages/crazyflie_ros2_navigation
[0.902s] -- Up-to-date: /home/tdeng23/ros2_ws/install/crazyflie_ros2_navigation/share/crazyflie_ros2_navigation/cmake/crazyflie_ros2_navigationConfig.cmake
[0.902s] -- Up-to-date: /home/tdeng23/ros2_ws/install/crazyflie_ros2_navigation/share/crazyflie_ros2_navigation/cmake/crazyflie_ros2_navigationConfig-version.cmake
[0.903s] -- Up-to-date: /home/tdeng23/ros2_ws/install/crazyflie_ros2_navigation/share/crazyflie_ros2_navigation/package.xml
[0.952s] Invoked command in '/home/tdeng23/ros2_ws/build/crazyflie_ros2_navigation' returned '0': CMAKE_PREFIX_PATH=/opt/ros/galactic /home/tdeng23/.local/bin/cmake --install /home/tdeng23/ros2_ws/build/crazyflie_ros2_navigation
