[0.331s] Invoking command in '/home/tdeng23/ros2_ws/src/build/crazyflie_ros2_interfaces': CMAKE_PREFIX_PATH=${CMAKE_PREFIX_PATH}:/home/tdeng23/ros2_ws/install/my_package:/home/tdeng23/ros2_ws/install/crazyflie_simulation:/home/tdeng23/ros2_ws/install/crazyflie_ros2_simulation:/home/tdeng23/ros2_ws/install/crazyflie_ros2_simple_mapper:/home/tdeng23/ros2_ws/install/crazyflie_ros2_scan:/home/tdeng23/ros2_ws/install/crazyflie_ros2:/home/tdeng23/ros2_ws/install/crazyflie_py:/opt/ros/galactic /home/tdeng23/.local/bin/cmake /home/tdeng23/ros2_ws/src/crazyswarm2/crazyflie_ros2_interfaces -DAMENT_CMAKE_SYMLINK_INSTALL=1 -DCMAKE_INSTALL_PREFIX=/home/tdeng23/ros2_ws/src/install/crazyflie_ros2_interfaces
[1.180s] -- The C compiler identification is GNU 9.4.0
[1.180s] -- The CXX compiler identification is GNU 9.4.0
[1.180s] -- Detecting C compiler ABI info
[1.181s] -- Detecting C compiler ABI info - done
[1.181s] -- Check for working C compiler: /usr/bin/cc - skipped
[1.181s] -- Detecting C compile features
[1.181s] -- Detecting C compile features - done
[1.181s] -- Detecting CXX compiler ABI info
[1.181s] -- Detecting CXX compiler ABI info - done
[1.181s] -- Check for working CXX compiler: /usr/bin/c++ - skipped
[1.181s] -- Detecting CXX compile features
[1.182s] -- Detecting CXX compile features - done
[1.186s] -- Found ament_cmake: 1.1.6 (/opt/ros/galactic/share/ament_cmake/cmake)
[1.186s] -- Found PythonInterp: /usr/bin/python3 (found suitable version "3.8.10", minimum required is "3") 
[1.186s] -- Using PYTHON_EXECUTABLE: /usr/bin/python3
[1.186s] -- Override CMake install command with custom implementation using symlinks instead of copying resources
[1.186s] -- Found ament_lint_auto: 0.10.7 (/opt/ros/galactic/share/ament_lint_auto/cmake)
[1.187s] -- Found rosidl_default_generators: 1.1.1 (/opt/ros/galactic/share/rosidl_default_generators/cmake)
[1.187s] -- Using all available rosidl_typesupport_c: rosidl_typesupport_fastrtps_c;rosidl_typesupport_introspection_c
[1.187s] -- Found rosidl_adapter: 2.2.3 (/opt/ros/galactic/share/rosidl_adapter/cmake)
[1.195s] -- Found OpenSSL: /usr/lib/x86_64-linux-gnu/libcrypto.so (found version "1.1.1f")  
[1.252s] -- Found FastRTPS: /opt/ros/galactic/include  
[1.426s] -- Using all available rosidl_typesupport_cpp: rosidl_typesupport_fastrtps_cpp;rosidl_typesupport_introspection_cpp
[1.550s] -- Found PythonInterp: /usr/bin/python3 (found version "3.8.10") 
[1.847s] -- Found ament_cmake_ros: 0.9.2 (/opt/ros/galactic/share/ament_cmake_ros/cmake)
[2.051s] -- Using all available rosidl_typesupport_c: rosidl_typesupport_fastrtps_c;rosidl_typesupport_introspection_c
[2.094s] -- Using all available rosidl_typesupport_cpp: rosidl_typesupport_fastrtps_cpp;rosidl_typesupport_introspection_cpp
[2.142s] -- Found PythonInterp: /usr/bin/python3 (found suitable version "3.8.10", minimum required is "3.5") 
[2.145s] -- Found python_cmake_module: 0.8.1 (/opt/ros/galactic/share/python_cmake_module/cmake)
[2.195s] -- Found PythonLibs: /usr/lib/x86_64-linux-gnu/libpython3.8.so (found suitable version "3.8.10", minimum required is "3.5") 
[2.195s] -- Using PYTHON_EXECUTABLE: /usr/bin/python3
[2.195s] -- Using PYTHON_INCLUDE_DIRS: /usr/include/python3.8
[2.195s] -- Using PYTHON_LIBRARIES: /usr/lib/x86_64-linux-gnu/libpython3.8.so
[2.243s] -- Found PythonExtra: .so  
[2.429s] -- Added test 'copyright' to check source files copyright and LICENSE
[2.429s] -- Added test 'lint_cmake' to check CMake code style
[2.435s] -- Added test 'xmllint' to check XML markup files
[2.445s] -- Configuring done (2.1s)
[2.547s] -- Generating done (0.1s)
[2.556s] -- Build files have been written to: /home/tdeng23/ros2_ws/src/build/crazyflie_ros2_interfaces
[2.579s] Invoked command in '/home/tdeng23/ros2_ws/src/build/crazyflie_ros2_interfaces' returned '0': CMAKE_PREFIX_PATH=${CMAKE_PREFIX_PATH}:/home/tdeng23/ros2_ws/install/my_package:/home/tdeng23/ros2_ws/install/crazyflie_simulation:/home/tdeng23/ros2_ws/install/crazyflie_ros2_simulation:/home/tdeng23/ros2_ws/install/crazyflie_ros2_simple_mapper:/home/tdeng23/ros2_ws/install/crazyflie_ros2_scan:/home/tdeng23/ros2_ws/install/crazyflie_ros2:/home/tdeng23/ros2_ws/install/crazyflie_py:/opt/ros/galactic /home/tdeng23/.local/bin/cmake /home/tdeng23/ros2_ws/src/crazyswarm2/crazyflie_ros2_interfaces -DAMENT_CMAKE_SYMLINK_INSTALL=1 -DCMAKE_INSTALL_PREFIX=/home/tdeng23/ros2_ws/src/install/crazyflie_ros2_interfaces
[2.581s] Invoking command in '/home/tdeng23/ros2_ws/src/build/crazyflie_ros2_interfaces': CMAKE_PREFIX_PATH=${CMAKE_PREFIX_PATH}:/home/tdeng23/ros2_ws/install/my_package:/home/tdeng23/ros2_ws/install/crazyflie_simulation:/home/tdeng23/ros2_ws/install/crazyflie_ros2_simulation:/home/tdeng23/ros2_ws/install/crazyflie_ros2_simple_mapper:/home/tdeng23/ros2_ws/install/crazyflie_ros2_scan:/home/tdeng23/ros2_ws/install/crazyflie_ros2:/home/tdeng23/ros2_ws/install/crazyflie_py:/opt/ros/galactic /home/tdeng23/.local/bin/cmake --build /home/tdeng23/ros2_ws/src/build/crazyflie_ros2_interfaces -- -j8 -l8
[3.027s] [  3%] [34m[1mGenerating C code for ROS interfaces[0m
[3.028s] [  6%] [34m[1mGenerating C++ code for ROS interfaces[0m
[3.624s] [  6%] Built target crazyflie_ros2_interfaces__cpp
[3.684s] [  9%] [34m[1mGenerating C++ type support dispatch for ROS interfaces[0m
[3.703s] [ 12%] [34m[1mGenerating C++ type support for eProsima Fast-RTPS[0m
[3.717s] [ 16%] [34m[1mGenerating C++ introspection for ROS interfaces[0m
[3.783s] [ 19%] [32mBuilding C object CMakeFiles/crazyflie_ros2_interfaces__rosidl_generator_c.dir/rosidl_generator_c/crazyflie_ros2_interfaces/action/detail/multi_ranger_scan__functions.c.o[0m
[4.225s] [ 22%] [32m[1mLinking C shared library libcrazyflie_ros2_interfaces__rosidl_generator_c.so[0m
[4.328s] [ 25%] [32mBuilding CXX object CMakeFiles/crazyflie_ros2_interfaces__rosidl_typesupport_cpp.dir/rosidl_typesupport_cpp/crazyflie_ros2_interfaces/action/multi_ranger_scan__type_support.cpp.o[0m
[4.369s] [ 25%] Built target crazyflie_ros2_interfaces__rosidl_generator_c
[4.429s] [ 29%] [34m[1mGenerating C introspection for ROS interfaces[0m
[4.435s] [ 32%] [34m[1mGenerating C type support dispatch for ROS interfaces[0m
[5.016s] [ 35%] [32mBuilding CXX object CMakeFiles/crazyflie_ros2_interfaces__rosidl_typesupport_introspection_cpp.dir/rosidl_typesupport_introspection_cpp/crazyflie_ros2_interfaces/action/detail/multi_ranger_scan__type_support.cpp.o[0m
[5.041s] [ 38%] [32mBuilding CXX object CMakeFiles/crazyflie_ros2_interfaces__rosidl_typesupport_fastrtps_cpp.dir/rosidl_typesupport_fastrtps_cpp/crazyflie_ros2_interfaces/action/detail/dds_fastrtps/multi_ranger_scan__type_support.cpp.o[0m
[5.413s] [ 41%] [32mBuilding CXX object CMakeFiles/crazyflie_ros2_interfaces__rosidl_typesupport_c.dir/rosidl_typesupport_c/crazyflie_ros2_interfaces/action/multi_ranger_scan__type_support.cpp.o[0m
[5.506s] [ 45%] [32m[1mLinking CXX shared library libcrazyflie_ros2_interfaces__rosidl_typesupport_cpp.so[0m
[5.566s] [ 45%] Built target crazyflie_ros2_interfaces__rosidl_typesupport_cpp
[5.601s] [ 48%] [32m[1mLinking CXX shared library libcrazyflie_ros2_interfaces__rosidl_typesupport_c.so[0m
[5.740s] [ 51%] [32mBuilding C object CMakeFiles/crazyflie_ros2_interfaces__rosidl_typesupport_introspection_c.dir/rosidl_typesupport_introspection_c/crazyflie_ros2_interfaces/action/detail/multi_ranger_scan__type_support.c.o[0m
[5.757s] [ 51%] Built target crazyflie_ros2_interfaces__rosidl_typesupport_c
[5.846s] [ 54%] [32m[1mLinking C shared library libcrazyflie_ros2_interfaces__rosidl_typesupport_introspection_c.so[0m
[5.922s] [ 54%] Built target crazyflie_ros2_interfaces__rosidl_typesupport_introspection_c
[6.275s] [ 58%] [32m[1mLinking CXX shared library libcrazyflie_ros2_interfaces__rosidl_typesupport_introspection_cpp.so[0m
[6.276s] [ 61%] [32m[1mLinking CXX shared library libcrazyflie_ros2_interfaces__rosidl_typesupport_fastrtps_cpp.so[0m
[6.412s] [ 61%] Built target crazyflie_ros2_interfaces__rosidl_typesupport_introspection_cpp
[6.415s] [ 61%] Built target crazyflie_ros2_interfaces__rosidl_typesupport_fastrtps_cpp
[6.422s] [ 64%] [34m[1mGenerating C type support for eProsima Fast-RTPS[0m
[7.330s] [ 67%] [32mBuilding CXX object CMakeFiles/crazyflie_ros2_interfaces__rosidl_typesupport_fastrtps_c.dir/rosidl_typesupport_fastrtps_c/crazyflie_ros2_interfaces/action/detail/multi_ranger_scan__type_support_c.cpp.o[0m
[7.905s] [ 70%] [32m[1mLinking CXX shared library libcrazyflie_ros2_interfaces__rosidl_typesupport_fastrtps_c.so[0m
[8.076s] [ 70%] Built target crazyflie_ros2_interfaces__rosidl_typesupport_fastrtps_c
[8.205s] [ 70%] Built target crazyflie_ros2_interfaces
[8.298s] [ 74%] [34m[1mGenerating Python code for ROS interfaces[0m
[10.325s] [ 74%] Built target crazyflie_ros2_interfaces__py
[10.339s] [ 77%] [32mBuilding C object CMakeFiles/crazyflie_ros2_interfaces__python.dir/rosidl_generator_py/crazyflie_ros2_interfaces/action/_multi_ranger_scan_s.c.o[0m
[10.580s] [ 80%] [32m[1mLinking C shared library rosidl_generator_py/crazyflie_ros2_interfaces/libcrazyflie_ros2_interfaces__python.so[0m
[10.686s] [ 80%] Built target crazyflie_ros2_interfaces__python
[10.723s] [ 83%] [32mBuilding C object CMakeFiles/crazyflie_ros2_interfaces__rosidl_typesupport_c__pyext.dir/rosidl_generator_py/crazyflie_ros2_interfaces/_crazyflie_ros2_interfaces_s.ep.rosidl_typesupport_c.c.o[0m
[10.726s] [ 87%] [32mBuilding C object CMakeFiles/crazyflie_ros2_interfaces__rosidl_typesupport_fastrtps_c__pyext.dir/rosidl_generator_py/crazyflie_ros2_interfaces/_crazyflie_ros2_interfaces_s.ep.rosidl_typesupport_fastrtps_c.c.o[0m
[10.729s] [ 90%] [32mBuilding C object CMakeFiles/crazyflie_ros2_interfaces__rosidl_typesupport_introspection_c__pyext.dir/rosidl_generator_py/crazyflie_ros2_interfaces/_crazyflie_ros2_interfaces_s.ep.rosidl_typesupport_introspection_c.c.o[0m
[10.975s] [ 93%] [32m[1mLinking C shared library rosidl_generator_py/crazyflie_ros2_interfaces/crazyflie_ros2_interfaces_s__rosidl_typesupport_introspection_c.cpython-38-x86_64-linux-gnu.so[0m
[10.991s] [ 96%] [32m[1mLinking CXX shared library rosidl_generator_py/crazyflie_ros2_interfaces/crazyflie_ros2_interfaces_s__rosidl_typesupport_fastrtps_c.cpython-38-x86_64-linux-gnu.so[0m
[11.039s] [ 96%] Built target crazyflie_ros2_interfaces__rosidl_typesupport_introspection_c__pyext
[11.053s] [100%] [32m[1mLinking C shared library rosidl_generator_py/crazyflie_ros2_interfaces/crazyflie_ros2_interfaces_s__rosidl_typesupport_c.cpython-38-x86_64-linux-gnu.so[0m
[11.112s] [100%] Built target crazyflie_ros2_interfaces__rosidl_typesupport_c__pyext
[11.166s] [100%] Built target crazyflie_ros2_interfaces__rosidl_typesupport_fastrtps_c__pyext
[11.191s] Invoked command in '/home/tdeng23/ros2_ws/src/build/crazyflie_ros2_interfaces' returned '0': CMAKE_PREFIX_PATH=${CMAKE_PREFIX_PATH}:/home/tdeng23/ros2_ws/install/my_package:/home/tdeng23/ros2_ws/install/crazyflie_simulation:/home/tdeng23/ros2_ws/install/crazyflie_ros2_simulation:/home/tdeng23/ros2_ws/install/crazyflie_ros2_simple_mapper:/home/tdeng23/ros2_ws/install/crazyflie_ros2_scan:/home/tdeng23/ros2_ws/install/crazyflie_ros2:/home/tdeng23/ros2_ws/install/crazyflie_py:/opt/ros/galactic /home/tdeng23/.local/bin/cmake --build /home/tdeng23/ros2_ws/src/build/crazyflie_ros2_interfaces -- -j8 -l8
[11.591s] Invoking command in '/home/tdeng23/ros2_ws/src/build/crazyflie_ros2_interfaces': CMAKE_PREFIX_PATH=${CMAKE_PREFIX_PATH}:/home/tdeng23/ros2_ws/install/my_package:/home/tdeng23/ros2_ws/install/crazyflie_simulation:/home/tdeng23/ros2_ws/install/crazyflie_ros2_simulation:/home/tdeng23/ros2_ws/install/crazyflie_ros2_simple_mapper:/home/tdeng23/ros2_ws/install/crazyflie_ros2_scan:/home/tdeng23/ros2_ws/install/crazyflie_ros2:/home/tdeng23/ros2_ws/install/crazyflie_py:/opt/ros/galactic /home/tdeng23/.local/bin/cmake --install /home/tdeng23/ros2_ws/src/build/crazyflie_ros2_interfaces
[11.689s] -- Install configuration: ""
[11.690s] -- Execute custom install script
[11.690s] -- Symlinking: /home/tdeng23/ros2_ws/src/install/crazyflie_ros2_interfaces/share/ament_index/resource_index/rosidl_interfaces/crazyflie_ros2_interfaces
[11.697s] -- Symlinking: /home/tdeng23/ros2_ws/src/install/crazyflie_ros2_interfaces/include/crazyflie_ros2_interfaces/action/detail/multi_ranger_scan__functions.h
[11.701s] -- Symlinking: /home/tdeng23/ros2_ws/src/install/crazyflie_ros2_interfaces/include/crazyflie_ros2_interfaces/action/detail/multi_ranger_scan__struct.h
[11.708s] -- Symlinking: /home/tdeng23/ros2_ws/src/install/crazyflie_ros2_interfaces/include/crazyflie_ros2_interfaces/action/detail/multi_ranger_scan__type_support.h
[11.713s] -- Symlinking: /home/tdeng23/ros2_ws/src/install/crazyflie_ros2_interfaces/include/crazyflie_ros2_interfaces/action/multi_ranger_scan.h
[11.745s] -- Symlinking: /home/tdeng23/ros2_ws/src/install/crazyflie_ros2_interfaces/include/crazyflie_ros2_interfaces/msg/rosidl_generator_c__visibility_control.h
[11.762s] -- Symlinking: /home/tdeng23/ros2_ws/src/install/crazyflie_ros2_interfaces/share/crazyflie_ros2_interfaces/environment/library_path.sh
[11.797s] -- Symlinking: /home/tdeng23/ros2_ws/src/install/crazyflie_ros2_interfaces/share/crazyflie_ros2_interfaces/environment/library_path.dsv
[11.814s] -- Symlinking: /home/tdeng23/ros2_ws/src/install/crazyflie_ros2_interfaces/include/crazyflie_ros2_interfaces/action/detail/multi_ranger_scan__rosidl_typesupport_fastrtps_c.h
[11.829s] -- Symlinking: /home/tdeng23/ros2_ws/src/install/crazyflie_ros2_interfaces/include/crazyflie_ros2_interfaces/msg/rosidl_typesupport_fastrtps_c__visibility_control.h
[11.854s] -- Symlinking: /home/tdeng23/ros2_ws/src/install/crazyflie_ros2_interfaces/lib/libcrazyflie_ros2_interfaces__rosidl_typesupport_fastrtps_c.so
[11.878s] -- Symlinking: /home/tdeng23/ros2_ws/src/install/crazyflie_ros2_interfaces/include/crazyflie_ros2_interfaces/action/detail/multi_ranger_scan__rosidl_typesupport_fastrtps_cpp.hpp
[11.894s] -- Symlinking: /home/tdeng23/ros2_ws/src/install/crazyflie_ros2_interfaces/include/crazyflie_ros2_interfaces/msg/rosidl_typesupport_fastrtps_cpp__visibility_control.h
[11.922s] -- Symlinking: /home/tdeng23/ros2_ws/src/install/crazyflie_ros2_interfaces/lib/libcrazyflie_ros2_interfaces__rosidl_typesupport_fastrtps_cpp.so
[11.939s] -- Symlinking: /home/tdeng23/ros2_ws/src/install/crazyflie_ros2_interfaces/include/crazyflie_ros2_interfaces/action/detail/multi_ranger_scan__rosidl_typesupport_introspection_c.h
[11.954s] -- Symlinking: /home/tdeng23/ros2_ws/src/install/crazyflie_ros2_interfaces/include/crazyflie_ros2_interfaces/msg/rosidl_typesupport_introspection_c__visibility_control.h
[11.961s] -- Symlinking: /home/tdeng23/ros2_ws/src/install/crazyflie_ros2_interfaces/include/crazyflie_ros2_interfaces/action/detail/multi_ranger_scan__builder.hpp
[11.965s] -- Symlinking: /home/tdeng23/ros2_ws/src/install/crazyflie_ros2_interfaces/include/crazyflie_ros2_interfaces/action/detail/multi_ranger_scan__struct.hpp
[11.970s] -- Symlinking: /home/tdeng23/ros2_ws/src/install/crazyflie_ros2_interfaces/include/crazyflie_ros2_interfaces/action/detail/multi_ranger_scan__traits.hpp
[11.974s] -- Symlinking: /home/tdeng23/ros2_ws/src/install/crazyflie_ros2_interfaces/include/crazyflie_ros2_interfaces/action/multi_ranger_scan.hpp
[11.980s] -- Symlinking: /home/tdeng23/ros2_ws/src/install/crazyflie_ros2_interfaces/include/crazyflie_ros2_interfaces/action/detail/multi_ranger_scan__rosidl_typesupport_introspection_cpp.hpp
[11.984s] -- Symlinking: /home/tdeng23/ros2_ws/src/install/crazyflie_ros2_interfaces/share/crazyflie_ros2_interfaces/environment/pythonpath.sh
[11.989s] -- Symlinking: /home/tdeng23/ros2_ws/src/install/crazyflie_ros2_interfaces/share/crazyflie_ros2_interfaces/environment/pythonpath.dsv
[11.994s] -- Symlinking: /home/tdeng23/ros2_ws/src/install/crazyflie_ros2_interfaces/lib/python3.8/site-packages/crazyflie_ros2_interfaces/__init__.py
[12.002s] -- Symlinking: /home/tdeng23/ros2_ws/src/install/crazyflie_ros2_interfaces/lib/python3.8/site-packages/crazyflie_ros2_interfaces/action/__init__.py
[12.008s] -- Symlinking: /home/tdeng23/ros2_ws/src/install/crazyflie_ros2_interfaces/lib/python3.8/site-packages/crazyflie_ros2_interfaces/action/_multi_ranger_scan.py
[12.013s] -- Symlinking: /home/tdeng23/ros2_ws/src/install/crazyflie_ros2_interfaces/lib/python3.8/site-packages/crazyflie_ros2_interfaces/crazyflie_ros2_interfaces_s__rosidl_typesupport_fastrtps_c.cpython-38-x86_64-linux-gnu.so
[12.033s] -- Symlinking: /home/tdeng23/ros2_ws/src/install/crazyflie_ros2_interfaces/lib/python3.8/site-packages/crazyflie_ros2_interfaces/crazyflie_ros2_interfaces_s__rosidl_typesupport_introspection_c.cpython-38-x86_64-linux-gnu.so
[12.050s] -- Symlinking: /home/tdeng23/ros2_ws/src/install/crazyflie_ros2_interfaces/lib/python3.8/site-packages/crazyflie_ros2_interfaces/crazyflie_ros2_interfaces_s__rosidl_typesupport_c.cpython-38-x86_64-linux-gnu.so
[12.065s] -- Symlinking: /home/tdeng23/ros2_ws/src/install/crazyflie_ros2_interfaces/lib/libcrazyflie_ros2_interfaces__python.so
[12.094s] -- Symlinking: /home/tdeng23/ros2_ws/src/install/crazyflie_ros2_interfaces/share/crazyflie_ros2_interfaces/action/MultiRangerScan.idl
[12.113s] -- Symlinking: /home/tdeng23/ros2_ws/src/install/crazyflie_ros2_interfaces/share/crazyflie_ros2_interfaces/action/MultiRangerScan.action
[12.127s] -- Symlinking: /home/tdeng23/ros2_ws/src/install/crazyflie_ros2_interfaces/share/ament_index/resource_index/package_run_dependencies/crazyflie_ros2_interfaces
[12.145s] -- Symlinking: /home/tdeng23/ros2_ws/src/install/crazyflie_ros2_interfaces/share/ament_index/resource_index/parent_prefix_path/crazyflie_ros2_interfaces
[12.170s] -- Symlinking: /home/tdeng23/ros2_ws/src/install/crazyflie_ros2_interfaces/share/crazyflie_ros2_interfaces/environment/ament_prefix_path.sh
[12.198s] -- Symlinking: /home/tdeng23/ros2_ws/src/install/crazyflie_ros2_interfaces/share/crazyflie_ros2_interfaces/environment/ament_prefix_path.dsv
[12.213s] -- Symlinking: /home/tdeng23/ros2_ws/src/install/crazyflie_ros2_interfaces/share/crazyflie_ros2_interfaces/environment/path.sh
[12.228s] -- Symlinking: /home/tdeng23/ros2_ws/src/install/crazyflie_ros2_interfaces/share/crazyflie_ros2_interfaces/environment/path.dsv
[12.254s] -- Symlinking: /home/tdeng23/ros2_ws/src/install/crazyflie_ros2_interfaces/share/crazyflie_ros2_interfaces/local_setup.bash
[12.278s] -- Symlinking: /home/tdeng23/ros2_ws/src/install/crazyflie_ros2_interfaces/share/crazyflie_ros2_interfaces/local_setup.sh
[12.294s] -- Symlinking: /home/tdeng23/ros2_ws/src/install/crazyflie_ros2_interfaces/share/crazyflie_ros2_interfaces/local_setup.zsh
[12.323s] -- Symlinking: /home/tdeng23/ros2_ws/src/install/crazyflie_ros2_interfaces/share/crazyflie_ros2_interfaces/local_setup.dsv
[12.340s] -- Symlinking: /home/tdeng23/ros2_ws/src/install/crazyflie_ros2_interfaces/share/crazyflie_ros2_interfaces/package.dsv
[12.361s] -- Symlinking: /home/tdeng23/ros2_ws/src/install/crazyflie_ros2_interfaces/share/ament_index/resource_index/packages/crazyflie_ros2_interfaces
[12.378s] -- Symlinking: /home/tdeng23/ros2_ws/src/install/crazyflie_ros2_interfaces/share/crazyflie_ros2_interfaces/cmake/rosidl_cmake-extras.cmake
[12.401s] -- Symlinking: /home/tdeng23/ros2_ws/src/install/crazyflie_ros2_interfaces/share/crazyflie_ros2_interfaces/cmake/ament_cmake_export_dependencies-extras.cmake
[12.417s] -- Symlinking: /home/tdeng23/ros2_ws/src/install/crazyflie_ros2_interfaces/share/crazyflie_ros2_interfaces/cmake/ament_cmake_export_libraries-extras.cmake
[12.433s] -- Symlinking: /home/tdeng23/ros2_ws/src/install/crazyflie_ros2_interfaces/share/crazyflie_ros2_interfaces/cmake/ament_cmake_export_targets-extras.cmake
[12.461s] -- Symlinking: /home/tdeng23/ros2_ws/src/install/crazyflie_ros2_interfaces/share/crazyflie_ros2_interfaces/cmake/ament_cmake_export_include_directories-extras.cmake
[12.462s] -- Symlinking: /home/tdeng23/ros2_ws/src/install/crazyflie_ros2_interfaces/share/crazyflie_ros2_interfaces/cmake/rosidl_cmake_export_typesupport_libraries-extras.cmake
[12.465s] -- Symlinking: /home/tdeng23/ros2_ws/src/install/crazyflie_ros2_interfaces/share/crazyflie_ros2_interfaces/cmake/rosidl_cmake_export_typesupport_targets-extras.cmake
[12.475s] -- Symlinking: /home/tdeng23/ros2_ws/src/install/crazyflie_ros2_interfaces/share/crazyflie_ros2_interfaces/cmake/crazyflie_ros2_interfacesConfig.cmake
[12.479s] -- Symlinking: /home/tdeng23/ros2_ws/src/install/crazyflie_ros2_interfaces/share/crazyflie_ros2_interfaces/cmake/crazyflie_ros2_interfacesConfig-version.cmake
[12.483s] -- Symlinking: /home/tdeng23/ros2_ws/src/install/crazyflie_ros2_interfaces/share/crazyflie_ros2_interfaces/package.xml
[12.492s] -- Installing: /home/tdeng23/ros2_ws/src/install/crazyflie_ros2_interfaces/lib/libcrazyflie_ros2_interfaces__rosidl_generator_c.so
[12.493s] -- Set runtime path of "/home/tdeng23/ros2_ws/src/install/crazyflie_ros2_interfaces/lib/libcrazyflie_ros2_interfaces__rosidl_generator_c.so" to ""
[12.494s] -- Installing: /home/tdeng23/ros2_ws/src/install/crazyflie_ros2_interfaces/lib/libcrazyflie_ros2_interfaces__rosidl_typesupport_introspection_c.so
[12.494s] -- Set runtime path of "/home/tdeng23/ros2_ws/src/install/crazyflie_ros2_interfaces/lib/libcrazyflie_ros2_interfaces__rosidl_typesupport_introspection_c.so" to ""
[12.494s] -- Installing: /home/tdeng23/ros2_ws/src/install/crazyflie_ros2_interfaces/lib/libcrazyflie_ros2_interfaces__rosidl_typesupport_c.so
[12.495s] -- Set runtime path of "/home/tdeng23/ros2_ws/src/install/crazyflie_ros2_interfaces/lib/libcrazyflie_ros2_interfaces__rosidl_typesupport_c.so" to ""
[12.495s] -- Installing: /home/tdeng23/ros2_ws/src/install/crazyflie_ros2_interfaces/lib/libcrazyflie_ros2_interfaces__rosidl_typesupport_introspection_cpp.so
[12.496s] -- Set runtime path of "/home/tdeng23/ros2_ws/src/install/crazyflie_ros2_interfaces/lib/libcrazyflie_ros2_interfaces__rosidl_typesupport_introspection_cpp.so" to ""
[12.496s] -- Installing: /home/tdeng23/ros2_ws/src/install/crazyflie_ros2_interfaces/lib/libcrazyflie_ros2_interfaces__rosidl_typesupport_cpp.so
[12.497s] -- Set runtime path of "/home/tdeng23/ros2_ws/src/install/crazyflie_ros2_interfaces/lib/libcrazyflie_ros2_interfaces__rosidl_typesupport_cpp.so" to ""
[12.601s] Compiling '/home/tdeng23/ros2_ws/src/install/crazyflie_ros2_interfaces/lib/python3.8/site-packages/crazyflie_ros2_interfaces/__init__.py'...
[12.612s] -- Installing: /home/tdeng23/ros2_ws/src/install/crazyflie_ros2_interfaces/share/crazyflie_ros2_interfaces/cmake/crazyflie_ros2_interfaces__rosidl_generator_cExport.cmake
[12.612s] -- Installing: /home/tdeng23/ros2_ws/src/install/crazyflie_ros2_interfaces/share/crazyflie_ros2_interfaces/cmake/crazyflie_ros2_interfaces__rosidl_generator_cExport-noconfig.cmake
[12.613s] -- Installing: /home/tdeng23/ros2_ws/src/install/crazyflie_ros2_interfaces/share/crazyflie_ros2_interfaces/cmake/crazyflie_ros2_interfaces__rosidl_typesupport_introspection_cExport.cmake
[12.613s] -- Installing: /home/tdeng23/ros2_ws/src/install/crazyflie_ros2_interfaces/share/crazyflie_ros2_interfaces/cmake/crazyflie_ros2_interfaces__rosidl_typesupport_introspection_cExport-noconfig.cmake
[12.614s] -- Installing: /home/tdeng23/ros2_ws/src/install/crazyflie_ros2_interfaces/share/crazyflie_ros2_interfaces/cmake/crazyflie_ros2_interfaces__rosidl_typesupport_cExport.cmake
[12.614s] -- Installing: /home/tdeng23/ros2_ws/src/install/crazyflie_ros2_interfaces/share/crazyflie_ros2_interfaces/cmake/crazyflie_ros2_interfaces__rosidl_typesupport_cExport-noconfig.cmake
[12.615s] -- Installing: /home/tdeng23/ros2_ws/src/install/crazyflie_ros2_interfaces/share/crazyflie_ros2_interfaces/cmake/crazyflie_ros2_interfaces__rosidl_generator_cppExport.cmake
[12.615s] -- Installing: /home/tdeng23/ros2_ws/src/install/crazyflie_ros2_interfaces/share/crazyflie_ros2_interfaces/cmake/crazyflie_ros2_interfaces__rosidl_typesupport_introspection_cppExport.cmake
[12.615s] -- Installing: /home/tdeng23/ros2_ws/src/install/crazyflie_ros2_interfaces/share/crazyflie_ros2_interfaces/cmake/crazyflie_ros2_interfaces__rosidl_typesupport_introspection_cppExport-noconfig.cmake
[12.616s] -- Installing: /home/tdeng23/ros2_ws/src/install/crazyflie_ros2_interfaces/share/crazyflie_ros2_interfaces/cmake/crazyflie_ros2_interfaces__rosidl_typesupport_cppExport.cmake
[12.616s] -- Installing: /home/tdeng23/ros2_ws/src/install/crazyflie_ros2_interfaces/share/crazyflie_ros2_interfaces/cmake/crazyflie_ros2_interfaces__rosidl_typesupport_cppExport-noconfig.cmake
[12.632s] Invoked command in '/home/tdeng23/ros2_ws/src/build/crazyflie_ros2_interfaces' returned '0': CMAKE_PREFIX_PATH=${CMAKE_PREFIX_PATH}:/home/tdeng23/ros2_ws/install/my_package:/home/tdeng23/ros2_ws/install/crazyflie_simulation:/home/tdeng23/ros2_ws/install/crazyflie_ros2_simulation:/home/tdeng23/ros2_ws/install/crazyflie_ros2_simple_mapper:/home/tdeng23/ros2_ws/install/crazyflie_ros2_scan:/home/tdeng23/ros2_ws/install/crazyflie_ros2:/home/tdeng23/ros2_ws/install/crazyflie_py:/opt/ros/galactic /home/tdeng23/.local/bin/cmake --install /home/tdeng23/ros2_ws/src/build/crazyflie_ros2_interfaces
