[0.621s] Invoking command in '/home/nicxe/ros2_ws/src/my_package': PYTHONPATH=/home/nicxe/ros2_ws/build/my_package/prefix_override:/home/nicxe/ros2_ws/install/my_package/lib/python3.8/site-packages:${PYTHONPATH} /usr/bin/python3 setup.py egg_info --egg-base ../../build/my_package build --build-base /home/nicxe/ros2_ws/build/my_package/build install --record /home/nicxe/ros2_ws/build/my_package/install.log --single-version-externally-managed
[0.831s] running egg_info
[0.831s] writing ../../build/my_package/my_package.egg-info/PKG-INFO
[0.831s] writing dependency_links to ../../build/my_package/my_package.egg-info/dependency_links.txt
[0.831s] writing entry points to ../../build/my_package/my_package.egg-info/entry_points.txt
[0.832s] writing requirements to ../../build/my_package/my_package.egg-info/requires.txt
[0.832s] writing top-level names to ../../build/my_package/my_package.egg-info/top_level.txt
[0.857s] reading manifest file '../../build/my_package/my_package.egg-info/SOURCES.txt'
[0.858s] writing manifest file '../../build/my_package/my_package.egg-info/SOURCES.txt'
[0.858s] running build
[0.858s] running build_py
[0.858s] running install
[0.859s] running install_lib
[0.860s] running install_data
[0.860s] running install_egg_info
[0.862s] removing '/home/nicxe/ros2_ws/install/my_package/lib/python3.8/site-packages/my_package-0.0.0-py3.8.egg-info' (and everything under it)
[0.862s] Copying ../../build/my_package/my_package.egg-info to /home/nicxe/ros2_ws/install/my_package/lib/python3.8/site-packages/my_package-0.0.0-py3.8.egg-info
[0.863s] running install_scripts
[0.877s] Installing my_robot_driver script to /home/nicxe/ros2_ws/install/my_package/lib/my_package
[0.878s] writing list of installed files to '/home/nicxe/ros2_ws/build/my_package/install.log'
[0.898s] Invoked command in '/home/nicxe/ros2_ws/src/my_package' returned '0': PYTHONPATH=/home/nicxe/ros2_ws/build/my_package/prefix_override:/home/nicxe/ros2_ws/install/my_package/lib/python3.8/site-packages:${PYTHONPATH} /usr/bin/python3 setup.py egg_info --egg-base ../../build/my_package build --build-base /home/nicxe/ros2_ws/build/my_package/build install --record /home/nicxe/ros2_ws/build/my_package/install.log --single-version-externally-managed
