[0.131s] Invoking command in '/home/tdeng23/ros2_ws/build/crazyflie_sim': AMENT_PREFIX_PATH=/home/tdeng23/ros2_ws/install/crazyflie_interfaces:${AMENT_PREFIX_PATH} CMAKE_PREFIX_PATH=/home/tdeng23/ros2_ws/install/crazyflie_interfaces:/opt/ros/galactic LD_LIBRARY_PATH=/home/tdeng23/ros2_ws/install/crazyflie_interfaces/lib:${LD_LIBRARY_PATH} PYTHONPATH=/home/tdeng23/ros2_ws/install/crazyflie_interfaces/lib/python3.8/site-packages:${PYTHONPATH} /home/tdeng23/.local/bin/cmake --build /home/tdeng23/ros2_ws/build/crazyflie_sim -- -j8 -l8
[0.405s] Built target ament_cmake_python_symlink_crazyflie_sim
[0.439s] Built target ament_cmake_python_symlink_crazyflie_sim_setup
[0.874s] running install_scripts
[0.900s] running egg_info
[0.900s] writing crazyflie_sim.egg-info/PKG-INFO
[0.901s] writing dependency_links to crazyflie_sim.egg-info/dependency_links.txt
[0.901s] writing entry points to crazyflie_sim.egg-info/entry_points.txt
[0.901s] writing top-level names to crazyflie_sim.egg-info/top_level.txt
[0.907s] running egg_info
[0.908s] writing crazyflie_sim.egg-info/PKG-INFO
[0.908s] writing dependency_links to crazyflie_sim.egg-info/dependency_links.txt
[0.908s] writing entry points to crazyflie_sim.egg-info/entry_points.txt
[0.909s] writing top-level names to crazyflie_sim.egg-info/top_level.txt
[0.960s] reading manifest file 'crazyflie_sim.egg-info/SOURCES.txt'
[0.961s] writing manifest file 'crazyflie_sim.egg-info/SOURCES.txt'
[0.964s] reading manifest file 'crazyflie_sim.egg-info/SOURCES.txt'
[0.965s] writing manifest file 'crazyflie_sim.egg-info/SOURCES.txt'
[0.968s] Installing crazyflie_server script to scripts
[0.998s] Built target ament_cmake_python_build_crazyflie_sim_egg
[1.008s] Built target ament_cmake_python_build_crazyflie_sim_scripts
[1.026s] Invoked command in '/home/tdeng23/ros2_ws/build/crazyflie_sim' returned '0': AMENT_PREFIX_PATH=/home/tdeng23/ros2_ws/install/crazyflie_interfaces:${AMENT_PREFIX_PATH} CMAKE_PREFIX_PATH=/home/tdeng23/ros2_ws/install/crazyflie_interfaces:/opt/ros/galactic LD_LIBRARY_PATH=/home/tdeng23/ros2_ws/install/crazyflie_interfaces/lib:${LD_LIBRARY_PATH} PYTHONPATH=/home/tdeng23/ros2_ws/install/crazyflie_interfaces/lib/python3.8/site-packages:${PYTHONPATH} /home/tdeng23/.local/bin/cmake --build /home/tdeng23/ros2_ws/build/crazyflie_sim -- -j8 -l8
[1.070s] Invoking command in '/home/tdeng23/ros2_ws/build/crazyflie_sim': AMENT_PREFIX_PATH=/home/tdeng23/ros2_ws/install/crazyflie_interfaces:${AMENT_PREFIX_PATH} CMAKE_PREFIX_PATH=/home/tdeng23/ros2_ws/install/crazyflie_interfaces:/opt/ros/galactic LD_LIBRARY_PATH=/home/tdeng23/ros2_ws/install/crazyflie_interfaces/lib:${LD_LIBRARY_PATH} PYTHONPATH=/home/tdeng23/ros2_ws/install/crazyflie_interfaces/lib/python3.8/site-packages:${PYTHONPATH} /home/tdeng23/.local/bin/cmake --install /home/tdeng23/ros2_ws/build/crazyflie_sim
[1.107s] -- Install configuration: ""
[1.108s] -- Execute custom install script
[1.109s] -- Up-to-date symlink: /home/tdeng23/ros2_ws/install/crazyflie_sim/share/crazyflie_sim/environment/pythonpath.sh
[1.109s] -- Up-to-date symlink: /home/tdeng23/ros2_ws/install/crazyflie_sim/share/crazyflie_sim/environment/pythonpath.dsv
[1.110s] -- Up-to-date symlink: /home/tdeng23/ros2_ws/install/crazyflie_sim/lib/python3.8/site-packages//crazyflie_sim.egg-info/PKG-INFO
[1.111s] -- Up-to-date symlink: /home/tdeng23/ros2_ws/install/crazyflie_sim/lib/python3.8/site-packages//crazyflie_sim.egg-info/SOURCES.txt
[1.111s] -- Up-to-date symlink: /home/tdeng23/ros2_ws/install/crazyflie_sim/lib/python3.8/site-packages//crazyflie_sim.egg-info/dependency_links.txt
[1.111s] -- Up-to-date symlink: /home/tdeng23/ros2_ws/install/crazyflie_sim/lib/python3.8/site-packages//crazyflie_sim.egg-info/entry_points.txt
[1.111s] -- Up-to-date symlink: /home/tdeng23/ros2_ws/install/crazyflie_sim/lib/python3.8/site-packages//crazyflie_sim.egg-info/top_level.txt
[1.112s] -- Up-to-date symlink: /home/tdeng23/ros2_ws/install/crazyflie_sim/lib/crazyflie_sim//crazyflie_server
[1.114s] -- Up-to-date symlink: /home/tdeng23/ros2_ws/install/crazyflie_sim/lib/python3.8/site-packages/crazyflie_sim/__init__.py
[1.114s] -- Up-to-date symlink: /home/tdeng23/ros2_ws/install/crazyflie_sim/lib/python3.8/site-packages/crazyflie_sim/backend/none.py
[1.115s] -- Up-to-date symlink: /home/tdeng23/ros2_ws/install/crazyflie_sim/lib/python3.8/site-packages/crazyflie_sim/backend/np.py
[1.115s] -- Up-to-date symlink: /home/tdeng23/ros2_ws/install/crazyflie_sim/lib/python3.8/site-packages/crazyflie_sim/crazyflie_server.py
[1.115s] -- Up-to-date symlink: /home/tdeng23/ros2_ws/install/crazyflie_sim/lib/python3.8/site-packages/crazyflie_sim/crazyflie_sil.py
[1.115s] -- Up-to-date symlink: /home/tdeng23/ros2_ws/install/crazyflie_sim/lib/python3.8/site-packages/crazyflie_sim/sim_data_types.py
[1.116s] -- Up-to-date symlink: /home/tdeng23/ros2_ws/install/crazyflie_sim/lib/python3.8/site-packages/crazyflie_sim/visualization/README.md
[1.116s] -- Up-to-date symlink: /home/tdeng23/ros2_ws/install/crazyflie_sim/lib/python3.8/site-packages/crazyflie_sim/visualization/blender.py
[1.116s] -- Up-to-date symlink: /home/tdeng23/ros2_ws/install/crazyflie_sim/lib/python3.8/site-packages/crazyflie_sim/visualization/data/README.md
[1.117s] -- Up-to-date symlink: /home/tdeng23/ros2_ws/install/crazyflie_sim/lib/python3.8/site-packages/crazyflie_sim/visualization/data/env/abandoned_greenhouse.jpg
[1.117s] -- Up-to-date symlink: /home/tdeng23/ros2_ws/install/crazyflie_sim/lib/python3.8/site-packages/crazyflie_sim/visualization/data/env/aerodynamics_workshop.jpg
[1.117s] -- Up-to-date symlink: /home/tdeng23/ros2_ws/install/crazyflie_sim/lib/python3.8/site-packages/crazyflie_sim/visualization/data/env/aviation_museum.jpg
[1.118s] -- Up-to-date symlink: /home/tdeng23/ros2_ws/install/crazyflie_sim/lib/python3.8/site-packages/crazyflie_sim/visualization/data/env/crosswalk.jpg
[1.118s] -- Up-to-date symlink: /home/tdeng23/ros2_ws/install/crazyflie_sim/lib/python3.8/site-packages/crazyflie_sim/visualization/data/env/derelict_overpass.jpg
[1.118s] -- Up-to-date symlink: /home/tdeng23/ros2_ws/install/crazyflie_sim/lib/python3.8/site-packages/crazyflie_sim/visualization/data/env/env.jpg
[1.118s] -- Up-to-date symlink: /home/tdeng23/ros2_ws/install/crazyflie_sim/lib/python3.8/site-packages/crazyflie_sim/visualization/data/env/lago_disola.jpg
[1.119s] -- Up-to-date symlink: /home/tdeng23/ros2_ws/install/crazyflie_sim/lib/python3.8/site-packages/crazyflie_sim/visualization/data/env/lake_pier.jpg
[1.119s] -- Up-to-date symlink: /home/tdeng23/ros2_ws/install/crazyflie_sim/lib/python3.8/site-packages/crazyflie_sim/visualization/data/env/machine_shop.jpg
[1.119s] -- Up-to-date symlink: /home/tdeng23/ros2_ws/install/crazyflie_sim/lib/python3.8/site-packages/crazyflie_sim/visualization/data/env/museumplein.jpg
[1.120s] -- Up-to-date symlink: /home/tdeng23/ros2_ws/install/crazyflie_sim/lib/python3.8/site-packages/crazyflie_sim/visualization/data/env/peppermint_powerplant.jpg
[1.120s] -- Up-to-date symlink: /home/tdeng23/ros2_ws/install/crazyflie_sim/lib/python3.8/site-packages/crazyflie_sim/visualization/data/env/studio_garden.jpg
[1.120s] -- Up-to-date symlink: /home/tdeng23/ros2_ws/install/crazyflie_sim/lib/python3.8/site-packages/crazyflie_sim/visualization/data/model/cf.mtl
[1.120s] -- Up-to-date symlink: /home/tdeng23/ros2_ws/install/crazyflie_sim/lib/python3.8/site-packages/crazyflie_sim/visualization/data/model/cf.obj
[1.121s] -- Up-to-date symlink: /home/tdeng23/ros2_ws/install/crazyflie_sim/lib/python3.8/site-packages/crazyflie_sim/visualization/pdf.py
[1.121s] -- Up-to-date symlink: /home/tdeng23/ros2_ws/install/crazyflie_sim/lib/python3.8/site-packages/crazyflie_sim/visualization/record_states.py
[1.121s] -- Up-to-date symlink: /home/tdeng23/ros2_ws/install/crazyflie_sim/lib/python3.8/site-packages/crazyflie_sim/visualization/rviz.py
[1.122s] -- Up-to-date symlink: /home/tdeng23/ros2_ws/install/crazyflie_sim/share/ament_index/resource_index/package_run_dependencies/crazyflie_sim
[1.122s] -- Up-to-date symlink: /home/tdeng23/ros2_ws/install/crazyflie_sim/share/ament_index/resource_index/parent_prefix_path/crazyflie_sim
[1.123s] -- Up-to-date symlink: /home/tdeng23/ros2_ws/install/crazyflie_sim/share/crazyflie_sim/environment/ament_prefix_path.sh
[1.123s] -- Up-to-date symlink: /home/tdeng23/ros2_ws/install/crazyflie_sim/share/crazyflie_sim/environment/ament_prefix_path.dsv
[1.123s] -- Up-to-date symlink: /home/tdeng23/ros2_ws/install/crazyflie_sim/share/crazyflie_sim/environment/path.sh
[1.124s] -- Up-to-date symlink: /home/tdeng23/ros2_ws/install/crazyflie_sim/share/crazyflie_sim/environment/path.dsv
[1.124s] -- Up-to-date symlink: /home/tdeng23/ros2_ws/install/crazyflie_sim/share/crazyflie_sim/local_setup.bash
[1.124s] -- Up-to-date symlink: /home/tdeng23/ros2_ws/install/crazyflie_sim/share/crazyflie_sim/local_setup.sh
[1.125s] -- Up-to-date symlink: /home/tdeng23/ros2_ws/install/crazyflie_sim/share/crazyflie_sim/local_setup.zsh
[1.125s] -- Up-to-date symlink: /home/tdeng23/ros2_ws/install/crazyflie_sim/share/crazyflie_sim/local_setup.dsv
[1.125s] -- Symlinking: /home/tdeng23/ros2_ws/install/crazyflie_sim/share/crazyflie_sim/package.dsv
[1.133s] -- Up-to-date symlink: /home/tdeng23/ros2_ws/install/crazyflie_sim/share/ament_index/resource_index/packages/crazyflie_sim
[1.134s] -- Up-to-date symlink: /home/tdeng23/ros2_ws/install/crazyflie_sim/share/crazyflie_sim/cmake/crazyflie_simConfig.cmake
[1.134s] -- Up-to-date symlink: /home/tdeng23/ros2_ws/install/crazyflie_sim/share/crazyflie_sim/cmake/crazyflie_simConfig-version.cmake
[1.134s] -- Up-to-date symlink: /home/tdeng23/ros2_ws/install/crazyflie_sim/share/crazyflie_sim/package.xml
[1.162s] Listing '/home/tdeng23/ros2_ws/install/crazyflie_sim/lib/python3.8/site-packages/crazyflie_sim'...
[1.162s] Listing '/home/tdeng23/ros2_ws/install/crazyflie_sim/lib/python3.8/site-packages/crazyflie_sim/backend'...
[1.162s] Listing '/home/tdeng23/ros2_ws/install/crazyflie_sim/lib/python3.8/site-packages/crazyflie_sim/visualization'...
[1.162s] Listing '/home/tdeng23/ros2_ws/install/crazyflie_sim/lib/python3.8/site-packages/crazyflie_sim/visualization/data'...
[1.162s] Listing '/home/tdeng23/ros2_ws/install/crazyflie_sim/lib/python3.8/site-packages/crazyflie_sim/visualization/data/env'...
[1.162s] Listing '/home/tdeng23/ros2_ws/install/crazyflie_sim/lib/python3.8/site-packages/crazyflie_sim/visualization/data/model'...
[1.173s] Invoked command in '/home/tdeng23/ros2_ws/build/crazyflie_sim' returned '0': AMENT_PREFIX_PATH=/home/tdeng23/ros2_ws/install/crazyflie_interfaces:${AMENT_PREFIX_PATH} CMAKE_PREFIX_PATH=/home/tdeng23/ros2_ws/install/crazyflie_interfaces:/opt/ros/galactic LD_LIBRARY_PATH=/home/tdeng23/ros2_ws/install/crazyflie_interfaces/lib:${LD_LIBRARY_PATH} PYTHONPATH=/home/tdeng23/ros2_ws/install/crazyflie_interfaces/lib/python3.8/site-packages:${PYTHONPATH} /home/tdeng23/.local/bin/cmake --install /home/tdeng23/ros2_ws/build/crazyflie_sim
