-- The C compiler identification is GNU 9.4.0
-- The CXX compiler identification is GNU 9.4.0
-- Check for working C compiler: /usr/bin/cc
-- Check for working C compiler: /usr/bin/cc -- works
-- Detecting C compiler ABI info
-- Detecting C compiler ABI info - done
-- Detecting C compile features
-- Detecting C compile features - done
-- Check for working CXX compiler: /usr/bin/c++
-- Check for working CXX compiler: /usr/bin/c++ -- works
-- Detecting CXX compiler ABI info
-- Detecting CXX compiler ABI info - done
-- Detecting CXX compile features
-- Detecting CXX compile features - done
-- Found ament_cmake: 1.1.6 (/opt/ros/galactic/share/ament_cmake/cmake)
-- Found PythonInterp: /usr/bin/python3 (found suitable version "3.8.10", minimum required is "3") 
-- Using PYTHON_EXECUTABLE: /usr/bin/python3
-- Override CMake install command with custom implementation using symlinks instead of copying resources
-- Configuring done
-- Generating done
-- Build files have been written to: /home/tdeng23/ros2_ws/build/crazyflie_examples
[35m[1mScanning dependencies of target ament_cmake_python_symlink_crazyflie_examples[0m
[35m[1mScanning dependencies of target ament_cmake_python_symlink_crazyflie_examples_setup[0m
Built target ament_cmake_python_symlink_crazyflie_examples
Built target ament_cmake_python_symlink_crazyflie_examples_setup
[35m[1mScanning dependencies of target ament_cmake_python_build_crazyflie_examples_egg[0m
[35m[1mScanning dependencies of target ament_cmake_python_build_crazyflie_examples_scripts[0m
running install_scripts
running egg_info
creating crazyflie_examples.egg-info
writing crazyflie_examples.egg-info/PKG-INFO
writing dependency_links to crazyflie_examples.egg-info/dependency_links.txt
writing entry points to crazyflie_examples.egg-info/entry_points.txt
writing top-level names to crazyflie_examples.egg-info/top_level.txt
writing manifest file 'crazyflie_examples.egg-info/SOURCES.txt'
running egg_info
writing crazyflie_examples.egg-info/PKG-INFO
writing dependency_links to crazyflie_examples.egg-info/dependency_links.txt
writing entry points to crazyflie_examples.egg-info/entry_points.txt
writing top-level names to crazyflie_examples.egg-info/top_level.txt
reading manifest file 'crazyflie_examples.egg-info/SOURCES.txt'
writing manifest file 'crazyflie_examples.egg-info/SOURCES.txt'
Installing cmd_full_state script to scripts
Installing figure8 script to scripts
Installing hello_world script to scripts
Installing multi_trajectory script to scripts
Installing nice_hover script to scripts
Installing set_param script to scripts
reading manifest file 'crazyflie_examples.egg-info/SOURCES.txt'
writing manifest file 'crazyflie_examples.egg-info/SOURCES.txt'
Built target ament_cmake_python_build_crazyflie_examples_scripts
Built target ament_cmake_python_build_crazyflie_examples_egg
-- Install configuration: ""
-- Execute custom install script
-- Symlinking: /home/tdeng23/ros2_ws/install/crazyflie_examples/share/crazyflie_examples/environment/pythonpath.sh
-- Symlinking: /home/tdeng23/ros2_ws/install/crazyflie_examples/share/crazyflie_examples/environment/pythonpath.dsv
-- Symlinking: /home/tdeng23/ros2_ws/install/crazyflie_examples/lib/python3.8/site-packages//crazyflie_examples.egg-info/PKG-INFO
-- Symlinking: /home/tdeng23/ros2_ws/install/crazyflie_examples/lib/python3.8/site-packages//crazyflie_examples.egg-info/SOURCES.txt
-- Symlinking: /home/tdeng23/ros2_ws/install/crazyflie_examples/lib/python3.8/site-packages//crazyflie_examples.egg-info/dependency_links.txt
-- Symlinking: /home/tdeng23/ros2_ws/install/crazyflie_examples/lib/python3.8/site-packages//crazyflie_examples.egg-info/entry_points.txt
-- Symlinking: /home/tdeng23/ros2_ws/install/crazyflie_examples/lib/python3.8/site-packages//crazyflie_examples.egg-info/top_level.txt
-- Symlinking: /home/tdeng23/ros2_ws/install/crazyflie_examples/lib/crazyflie_examples//cmd_full_state
-- Symlinking: /home/tdeng23/ros2_ws/install/crazyflie_examples/lib/crazyflie_examples//figure8
-- Symlinking: /home/tdeng23/ros2_ws/install/crazyflie_examples/lib/crazyflie_examples//hello_world
-- Symlinking: /home/tdeng23/ros2_ws/install/crazyflie_examples/lib/crazyflie_examples//multi_trajectory
-- Symlinking: /home/tdeng23/ros2_ws/install/crazyflie_examples/lib/crazyflie_examples//nice_hover
-- Symlinking: /home/tdeng23/ros2_ws/install/crazyflie_examples/lib/crazyflie_examples//set_param
-- Symlinking: /home/tdeng23/ros2_ws/install/crazyflie_examples/lib/python3.8/site-packages/crazyflie_examples/__init__.py
-- Symlinking: /home/tdeng23/ros2_ws/install/crazyflie_examples/lib/python3.8/site-packages/crazyflie_examples/cmd_full_state.py
-- Symlinking: /home/tdeng23/ros2_ws/install/crazyflie_examples/lib/python3.8/site-packages/crazyflie_examples/data/figure8.csv
-- Symlinking: /home/tdeng23/ros2_ws/install/crazyflie_examples/lib/python3.8/site-packages/crazyflie_examples/data/multi_trajectory/traj0.csv
-- Symlinking: /home/tdeng23/ros2_ws/install/crazyflie_examples/lib/python3.8/site-packages/crazyflie_examples/data/multi_trajectory/traj1.csv
-- Symlinking: /home/tdeng23/ros2_ws/install/crazyflie_examples/lib/python3.8/site-packages/crazyflie_examples/figure8.py
-- Symlinking: /home/tdeng23/ros2_ws/install/crazyflie_examples/lib/python3.8/site-packages/crazyflie_examples/hello_world.py
-- Symlinking: /home/tdeng23/ros2_ws/install/crazyflie_examples/lib/python3.8/site-packages/crazyflie_examples/multi_trajectory.py
-- Symlinking: /home/tdeng23/ros2_ws/install/crazyflie_examples/lib/python3.8/site-packages/crazyflie_examples/nice_hover.py
-- Symlinking: /home/tdeng23/ros2_ws/install/crazyflie_examples/lib/python3.8/site-packages/crazyflie_examples/set_param.py
-- Symlinking: /home/tdeng23/ros2_ws/install/crazyflie_examples/share/crazyflie_examples//config/nav2_params.yaml
-- Symlinking: /home/tdeng23/ros2_ws/install/crazyflie_examples/share/crazyflie_examples//config/nav2_view.rviz
-- Symlinking: /home/tdeng23/ros2_ws/install/crazyflie_examples/share/crazyflie_examples//data/map.data
-- Symlinking: /home/tdeng23/ros2_ws/install/crazyflie_examples/share/crazyflie_examples//data/map.pgm
-- Symlinking: /home/tdeng23/ros2_ws/install/crazyflie_examples/share/crazyflie_examples//data/map.posegraph
-- Symlinking: /home/tdeng23/ros2_ws/install/crazyflie_examples/share/crazyflie_examples//data/map.yaml
-- Symlinking: /home/tdeng23/ros2_ws/install/crazyflie_examples/share/crazyflie_examples//launch/keyboard_velmux_launch.py
-- Symlinking: /home/tdeng23/ros2_ws/install/crazyflie_examples/share/crazyflie_examples//launch/multiranger_mapping_launch.py
-- Symlinking: /home/tdeng23/ros2_ws/install/crazyflie_examples/share/crazyflie_examples//launch/multiranger_nav2_launch.py
-- Symlinking: /home/tdeng23/ros2_ws/install/crazyflie_examples/share/ament_index/resource_index/package_run_dependencies/crazyflie_examples
-- Symlinking: /home/tdeng23/ros2_ws/install/crazyflie_examples/share/ament_index/resource_index/parent_prefix_path/crazyflie_examples
-- Symlinking: /home/tdeng23/ros2_ws/install/crazyflie_examples/share/crazyflie_examples/environment/ament_prefix_path.sh
-- Symlinking: /home/tdeng23/ros2_ws/install/crazyflie_examples/share/crazyflie_examples/environment/ament_prefix_path.dsv
-- Symlinking: /home/tdeng23/ros2_ws/install/crazyflie_examples/share/crazyflie_examples/environment/path.sh
-- Symlinking: /home/tdeng23/ros2_ws/install/crazyflie_examples/share/crazyflie_examples/environment/path.dsv
-- Symlinking: /home/tdeng23/ros2_ws/install/crazyflie_examples/share/crazyflie_examples/local_setup.bash
-- Symlinking: /home/tdeng23/ros2_ws/install/crazyflie_examples/share/crazyflie_examples/local_setup.sh
-- Symlinking: /home/tdeng23/ros2_ws/install/crazyflie_examples/share/crazyflie_examples/local_setup.zsh
-- Symlinking: /home/tdeng23/ros2_ws/install/crazyflie_examples/share/crazyflie_examples/local_setup.dsv
-- Symlinking: /home/tdeng23/ros2_ws/install/crazyflie_examples/share/crazyflie_examples/package.dsv
-- Symlinking: /home/tdeng23/ros2_ws/install/crazyflie_examples/share/ament_index/resource_index/packages/crazyflie_examples
-- Symlinking: /home/tdeng23/ros2_ws/install/crazyflie_examples/share/crazyflie_examples/cmake/crazyflie_examplesConfig.cmake
-- Symlinking: /home/tdeng23/ros2_ws/install/crazyflie_examples/share/crazyflie_examples/cmake/crazyflie_examplesConfig-version.cmake
-- Symlinking: /home/tdeng23/ros2_ws/install/crazyflie_examples/share/crazyflie_examples/package.xml
Listing '/home/tdeng23/ros2_ws/install/crazyflie_examples/lib/python3.8/site-packages/crazyflie_examples'...
Compiling '/home/tdeng23/ros2_ws/install/crazyflie_examples/lib/python3.8/site-packages/crazyflie_examples/__init__.py'...
Compiling '/home/tdeng23/ros2_ws/install/crazyflie_examples/lib/python3.8/site-packages/crazyflie_examples/cmd_full_state.py'...
Listing '/home/tdeng23/ros2_ws/install/crazyflie_examples/lib/python3.8/site-packages/crazyflie_examples/data'...
Listing '/home/tdeng23/ros2_ws/install/crazyflie_examples/lib/python3.8/site-packages/crazyflie_examples/data/multi_trajectory'...
Compiling '/home/tdeng23/ros2_ws/install/crazyflie_examples/lib/python3.8/site-packages/crazyflie_examples/figure8.py'...
Compiling '/home/tdeng23/ros2_ws/install/crazyflie_examples/lib/python3.8/site-packages/crazyflie_examples/hello_world.py'...
Compiling '/home/tdeng23/ros2_ws/install/crazyflie_examples/lib/python3.8/site-packages/crazyflie_examples/multi_trajectory.py'...
Compiling '/home/tdeng23/ros2_ws/install/crazyflie_examples/lib/python3.8/site-packages/crazyflie_examples/nice_hover.py'...
Compiling '/home/tdeng23/ros2_ws/install/crazyflie_examples/lib/python3.8/site-packages/crazyflie_examples/set_param.py'...
