[0.033s] Invoking command in '/home/tdeng23/ros2_ws/build/crazyflie_examples': AMENT_PREFIX_PATH=/home/tdeng23/ros2_ws/install/crazyflie_py:/home/tdeng23/ros2_ws/install/crazyflie_interfaces:${AMENT_PREFIX_PATH} CMAKE_PREFIX_PATH=/home/tdeng23/ros2_ws/install/crazyflie_interfaces:/opt/ros/galactic LD_LIBRARY_PATH=/home/tdeng23/ros2_ws/install/crazyflie_interfaces/lib:${LD_LIBRARY_PATH} PYTHONPATH=/home/tdeng23/ros2_ws/build/crazyflie_py:/home/tdeng23/ros2_ws/install/crazyflie_py/lib/python3.8/site-packages:/home/tdeng23/ros2_ws/install/crazyflie_interfaces/lib/python3.8/site-packages:${PYTHONPATH} /usr/bin/cmake /home/tdeng23/ros2_ws/src/crazyswarm2/crazyflie_examples -DAMENT_CMAKE_SYMLINK_INSTALL=1 -DCMAKE_INSTALL_PREFIX=/home/tdeng23/ros2_ws/install/crazyflie_examples
[0.115s] -- The C compiler identification is GNU 9.4.0
[0.203s] -- The CXX compiler identification is GNU 9.4.0
[0.213s] -- Check for working C compiler: /usr/bin/cc
[0.294s] -- Check for working C compiler: /usr/bin/cc -- works
[0.304s] -- Detecting C compiler ABI info
[0.376s] -- Detecting C compiler ABI info - done
[0.389s] -- Detecting C compile features
[0.389s] -- Detecting C compile features - done
[0.393s] -- Check for working CXX compiler: /usr/bin/c++
[0.486s] -- Check for working CXX compiler: /usr/bin/c++ -- works
[0.487s] -- Detecting CXX compiler ABI info
[0.585s] -- Detecting CXX compiler ABI info - done
[0.599s] -- Detecting CXX compile features
[0.600s] -- Detecting CXX compile features - done
[0.602s] -- Found ament_cmake: 1.1.6 (/opt/ros/galactic/share/ament_cmake/cmake)
[0.637s] -- Found PythonInterp: /usr/bin/python3 (found suitable version "3.8.10", minimum required is "3") 
[0.637s] -- Using PYTHON_EXECUTABLE: /usr/bin/python3
[0.739s] -- Override CMake install command with custom implementation using symlinks instead of copying resources
[0.970s] -- Configuring done
[0.975s] -- Generating done
[0.976s] -- Build files have been written to: /home/tdeng23/ros2_ws/build/crazyflie_examples
[0.981s] Invoked command in '/home/tdeng23/ros2_ws/build/crazyflie_examples' returned '0': AMENT_PREFIX_PATH=/home/tdeng23/ros2_ws/install/crazyflie_py:/home/tdeng23/ros2_ws/install/crazyflie_interfaces:${AMENT_PREFIX_PATH} CMAKE_PREFIX_PATH=/home/tdeng23/ros2_ws/install/crazyflie_interfaces:/opt/ros/galactic LD_LIBRARY_PATH=/home/tdeng23/ros2_ws/install/crazyflie_interfaces/lib:${LD_LIBRARY_PATH} PYTHONPATH=/home/tdeng23/ros2_ws/build/crazyflie_py:/home/tdeng23/ros2_ws/install/crazyflie_py/lib/python3.8/site-packages:/home/tdeng23/ros2_ws/install/crazyflie_interfaces/lib/python3.8/site-packages:${PYTHONPATH} /usr/bin/cmake /home/tdeng23/ros2_ws/src/crazyswarm2/crazyflie_examples -DAMENT_CMAKE_SYMLINK_INSTALL=1 -DCMAKE_INSTALL_PREFIX=/home/tdeng23/ros2_ws/install/crazyflie_examples
[0.983s] Invoking command in '/home/tdeng23/ros2_ws/build/crazyflie_examples': AMENT_PREFIX_PATH=/home/tdeng23/ros2_ws/install/crazyflie_py:/home/tdeng23/ros2_ws/install/crazyflie_interfaces:${AMENT_PREFIX_PATH} CMAKE_PREFIX_PATH=/home/tdeng23/ros2_ws/install/crazyflie_interfaces:/opt/ros/galactic LD_LIBRARY_PATH=/home/tdeng23/ros2_ws/install/crazyflie_interfaces/lib:${LD_LIBRARY_PATH} PYTHONPATH=/home/tdeng23/ros2_ws/build/crazyflie_py:/home/tdeng23/ros2_ws/install/crazyflie_py/lib/python3.8/site-packages:/home/tdeng23/ros2_ws/install/crazyflie_interfaces/lib/python3.8/site-packages:${PYTHONPATH} /usr/bin/cmake --build /home/tdeng23/ros2_ws/build/crazyflie_examples -- -j8 -l8
[1.022s] [35m[1mScanning dependencies of target ament_cmake_python_symlink_crazyflie_examples[0m
[1.025s] [35m[1mScanning dependencies of target ament_cmake_python_symlink_crazyflie_examples_setup[0m
[1.043s] Built target ament_cmake_python_symlink_crazyflie_examples
[1.052s] Built target ament_cmake_python_symlink_crazyflie_examples_setup
[1.062s] [35m[1mScanning dependencies of target ament_cmake_python_build_crazyflie_examples_egg[0m
[1.065s] [35m[1mScanning dependencies of target ament_cmake_python_build_crazyflie_examples_scripts[0m
[1.388s] running install_scripts
[1.421s] running egg_info
[1.422s] creating crazyflie_examples.egg-info
[1.423s] writing crazyflie_examples.egg-info/PKG-INFO
[1.423s] writing dependency_links to crazyflie_examples.egg-info/dependency_links.txt
[1.423s] writing entry points to crazyflie_examples.egg-info/entry_points.txt
[1.423s] writing top-level names to crazyflie_examples.egg-info/top_level.txt
[1.426s] writing manifest file 'crazyflie_examples.egg-info/SOURCES.txt'
[1.444s] running egg_info
[1.445s] writing crazyflie_examples.egg-info/PKG-INFO
[1.445s] writing dependency_links to crazyflie_examples.egg-info/dependency_links.txt
[1.446s] writing entry points to crazyflie_examples.egg-info/entry_points.txt
[1.446s] writing top-level names to crazyflie_examples.egg-info/top_level.txt
[1.481s] reading manifest file 'crazyflie_examples.egg-info/SOURCES.txt'
[1.483s] writing manifest file 'crazyflie_examples.egg-info/SOURCES.txt'
[1.485s] Installing cmd_full_state script to scripts
[1.486s] Installing figure8 script to scripts
[1.486s] Installing hello_world script to scripts
[1.486s] Installing multi_trajectory script to scripts
[1.486s] Installing nice_hover script to scripts
[1.486s] Installing set_param script to scripts
[1.512s] reading manifest file 'crazyflie_examples.egg-info/SOURCES.txt'
[1.514s] writing manifest file 'crazyflie_examples.egg-info/SOURCES.txt'
[1.530s] Built target ament_cmake_python_build_crazyflie_examples_scripts
[1.549s] Built target ament_cmake_python_build_crazyflie_examples_egg
[1.567s] Invoked command in '/home/tdeng23/ros2_ws/build/crazyflie_examples' returned '0': AMENT_PREFIX_PATH=/home/tdeng23/ros2_ws/install/crazyflie_py:/home/tdeng23/ros2_ws/install/crazyflie_interfaces:${AMENT_PREFIX_PATH} CMAKE_PREFIX_PATH=/home/tdeng23/ros2_ws/install/crazyflie_interfaces:/opt/ros/galactic LD_LIBRARY_PATH=/home/tdeng23/ros2_ws/install/crazyflie_interfaces/lib:${LD_LIBRARY_PATH} PYTHONPATH=/home/tdeng23/ros2_ws/build/crazyflie_py:/home/tdeng23/ros2_ws/install/crazyflie_py/lib/python3.8/site-packages:/home/tdeng23/ros2_ws/install/crazyflie_interfaces/lib/python3.8/site-packages:${PYTHONPATH} /usr/bin/cmake --build /home/tdeng23/ros2_ws/build/crazyflie_examples -- -j8 -l8
[1.599s] Invoking command in '/home/tdeng23/ros2_ws/build/crazyflie_examples': AMENT_PREFIX_PATH=/home/tdeng23/ros2_ws/install/crazyflie_py:/home/tdeng23/ros2_ws/install/crazyflie_interfaces:${AMENT_PREFIX_PATH} CMAKE_PREFIX_PATH=/home/tdeng23/ros2_ws/install/crazyflie_interfaces:/opt/ros/galactic LD_LIBRARY_PATH=/home/tdeng23/ros2_ws/install/crazyflie_interfaces/lib:${LD_LIBRARY_PATH} PYTHONPATH=/home/tdeng23/ros2_ws/build/crazyflie_py:/home/tdeng23/ros2_ws/install/crazyflie_py/lib/python3.8/site-packages:/home/tdeng23/ros2_ws/install/crazyflie_interfaces/lib/python3.8/site-packages:${PYTHONPATH} /usr/bin/cmake --install /home/tdeng23/ros2_ws/build/crazyflie_examples
[1.611s] -- Install configuration: ""
[1.611s] -- Execute custom install script
[1.611s] -- Symlinking: /home/tdeng23/ros2_ws/install/crazyflie_examples/share/crazyflie_examples/environment/pythonpath.sh
[1.625s] -- Symlinking: /home/tdeng23/ros2_ws/install/crazyflie_examples/share/crazyflie_examples/environment/pythonpath.dsv
[1.635s] -- Symlinking: /home/tdeng23/ros2_ws/install/crazyflie_examples/lib/python3.8/site-packages//crazyflie_examples.egg-info/PKG-INFO
[1.644s] -- Symlinking: /home/tdeng23/ros2_ws/install/crazyflie_examples/lib/python3.8/site-packages//crazyflie_examples.egg-info/SOURCES.txt
[1.653s] -- Symlinking: /home/tdeng23/ros2_ws/install/crazyflie_examples/lib/python3.8/site-packages//crazyflie_examples.egg-info/dependency_links.txt
[1.661s] -- Symlinking: /home/tdeng23/ros2_ws/install/crazyflie_examples/lib/python3.8/site-packages//crazyflie_examples.egg-info/entry_points.txt
[1.671s] -- Symlinking: /home/tdeng23/ros2_ws/install/crazyflie_examples/lib/python3.8/site-packages//crazyflie_examples.egg-info/top_level.txt
[1.682s] -- Symlinking: /home/tdeng23/ros2_ws/install/crazyflie_examples/lib/crazyflie_examples//cmd_full_state
[1.693s] -- Symlinking: /home/tdeng23/ros2_ws/install/crazyflie_examples/lib/crazyflie_examples//figure8
[1.713s] -- Symlinking: /home/tdeng23/ros2_ws/install/crazyflie_examples/lib/crazyflie_examples//hello_world
[1.726s] -- Symlinking: /home/tdeng23/ros2_ws/install/crazyflie_examples/lib/crazyflie_examples//multi_trajectory
[1.741s] -- Symlinking: /home/tdeng23/ros2_ws/install/crazyflie_examples/lib/crazyflie_examples//nice_hover
[1.753s] -- Symlinking: /home/tdeng23/ros2_ws/install/crazyflie_examples/lib/crazyflie_examples//set_param
[1.790s] -- Symlinking: /home/tdeng23/ros2_ws/install/crazyflie_examples/lib/python3.8/site-packages/crazyflie_examples/__init__.py
[1.854s] -- Symlinking: /home/tdeng23/ros2_ws/install/crazyflie_examples/lib/python3.8/site-packages/crazyflie_examples/cmd_full_state.py
[1.877s] -- Symlinking: /home/tdeng23/ros2_ws/install/crazyflie_examples/lib/python3.8/site-packages/crazyflie_examples/data/figure8.csv
[1.909s] -- Symlinking: /home/tdeng23/ros2_ws/install/crazyflie_examples/lib/python3.8/site-packages/crazyflie_examples/data/multi_trajectory/traj0.csv
[1.937s] -- Symlinking: /home/tdeng23/ros2_ws/install/crazyflie_examples/lib/python3.8/site-packages/crazyflie_examples/data/multi_trajectory/traj1.csv
[1.950s] -- Symlinking: /home/tdeng23/ros2_ws/install/crazyflie_examples/lib/python3.8/site-packages/crazyflie_examples/figure8.py
[1.964s] -- Symlinking: /home/tdeng23/ros2_ws/install/crazyflie_examples/lib/python3.8/site-packages/crazyflie_examples/hello_world.py
[1.978s] -- Symlinking: /home/tdeng23/ros2_ws/install/crazyflie_examples/lib/python3.8/site-packages/crazyflie_examples/multi_trajectory.py
[1.994s] -- Symlinking: /home/tdeng23/ros2_ws/install/crazyflie_examples/lib/python3.8/site-packages/crazyflie_examples/nice_hover.py
[2.029s] -- Symlinking: /home/tdeng23/ros2_ws/install/crazyflie_examples/lib/python3.8/site-packages/crazyflie_examples/set_param.py
[2.061s] -- Symlinking: /home/tdeng23/ros2_ws/install/crazyflie_examples/share/crazyflie_examples//config/nav2_params.yaml
[2.105s] -- Symlinking: /home/tdeng23/ros2_ws/install/crazyflie_examples/share/crazyflie_examples//config/nav2_view.rviz
[2.147s] -- Symlinking: /home/tdeng23/ros2_ws/install/crazyflie_examples/share/crazyflie_examples//data/map.data
[2.193s] -- Symlinking: /home/tdeng23/ros2_ws/install/crazyflie_examples/share/crazyflie_examples//data/map.pgm
[2.233s] -- Symlinking: /home/tdeng23/ros2_ws/install/crazyflie_examples/share/crazyflie_examples//data/map.posegraph
[2.277s] -- Symlinking: /home/tdeng23/ros2_ws/install/crazyflie_examples/share/crazyflie_examples//data/map.yaml
[2.326s] -- Symlinking: /home/tdeng23/ros2_ws/install/crazyflie_examples/share/crazyflie_examples//launch/keyboard_velmux_launch.py
[2.369s] -- Symlinking: /home/tdeng23/ros2_ws/install/crazyflie_examples/share/crazyflie_examples//launch/multiranger_mapping_launch.py
[2.405s] -- Symlinking: /home/tdeng23/ros2_ws/install/crazyflie_examples/share/crazyflie_examples//launch/multiranger_nav2_launch.py
[2.454s] -- Symlinking: /home/tdeng23/ros2_ws/install/crazyflie_examples/share/ament_index/resource_index/package_run_dependencies/crazyflie_examples
[2.502s] -- Symlinking: /home/tdeng23/ros2_ws/install/crazyflie_examples/share/ament_index/resource_index/parent_prefix_path/crazyflie_examples
[2.534s] -- Symlinking: /home/tdeng23/ros2_ws/install/crazyflie_examples/share/crazyflie_examples/environment/ament_prefix_path.sh
[2.569s] -- Symlinking: /home/tdeng23/ros2_ws/install/crazyflie_examples/share/crazyflie_examples/environment/ament_prefix_path.dsv
[2.609s] -- Symlinking: /home/tdeng23/ros2_ws/install/crazyflie_examples/share/crazyflie_examples/environment/path.sh
[2.647s] -- Symlinking: /home/tdeng23/ros2_ws/install/crazyflie_examples/share/crazyflie_examples/environment/path.dsv
[2.694s] -- Symlinking: /home/tdeng23/ros2_ws/install/crazyflie_examples/share/crazyflie_examples/local_setup.bash
[2.726s] -- Symlinking: /home/tdeng23/ros2_ws/install/crazyflie_examples/share/crazyflie_examples/local_setup.sh
[2.765s] -- Symlinking: /home/tdeng23/ros2_ws/install/crazyflie_examples/share/crazyflie_examples/local_setup.zsh
[2.789s] -- Symlinking: /home/tdeng23/ros2_ws/install/crazyflie_examples/share/crazyflie_examples/local_setup.dsv
[2.830s] -- Symlinking: /home/tdeng23/ros2_ws/install/crazyflie_examples/share/crazyflie_examples/package.dsv
[2.868s] -- Symlinking: /home/tdeng23/ros2_ws/install/crazyflie_examples/share/ament_index/resource_index/packages/crazyflie_examples
[2.894s] -- Symlinking: /home/tdeng23/ros2_ws/install/crazyflie_examples/share/crazyflie_examples/cmake/crazyflie_examplesConfig.cmake
[2.931s] -- Symlinking: /home/tdeng23/ros2_ws/install/crazyflie_examples/share/crazyflie_examples/cmake/crazyflie_examplesConfig-version.cmake
[2.956s] -- Symlinking: /home/tdeng23/ros2_ws/install/crazyflie_examples/share/crazyflie_examples/package.xml
[3.145s] Listing '/home/tdeng23/ros2_ws/install/crazyflie_examples/lib/python3.8/site-packages/crazyflie_examples'...
[3.145s] Compiling '/home/tdeng23/ros2_ws/install/crazyflie_examples/lib/python3.8/site-packages/crazyflie_examples/__init__.py'...
[3.145s] Compiling '/home/tdeng23/ros2_ws/install/crazyflie_examples/lib/python3.8/site-packages/crazyflie_examples/cmd_full_state.py'...
[3.146s] Listing '/home/tdeng23/ros2_ws/install/crazyflie_examples/lib/python3.8/site-packages/crazyflie_examples/data'...
[3.146s] Listing '/home/tdeng23/ros2_ws/install/crazyflie_examples/lib/python3.8/site-packages/crazyflie_examples/data/multi_trajectory'...
[3.146s] Compiling '/home/tdeng23/ros2_ws/install/crazyflie_examples/lib/python3.8/site-packages/crazyflie_examples/figure8.py'...
[3.146s] Compiling '/home/tdeng23/ros2_ws/install/crazyflie_examples/lib/python3.8/site-packages/crazyflie_examples/hello_world.py'...
[3.146s] Compiling '/home/tdeng23/ros2_ws/install/crazyflie_examples/lib/python3.8/site-packages/crazyflie_examples/multi_trajectory.py'...
[3.146s] Compiling '/home/tdeng23/ros2_ws/install/crazyflie_examples/lib/python3.8/site-packages/crazyflie_examples/nice_hover.py'...
[3.146s] Compiling '/home/tdeng23/ros2_ws/install/crazyflie_examples/lib/python3.8/site-packages/crazyflie_examples/set_param.py'...
[3.165s] Invoked command in '/home/tdeng23/ros2_ws/build/crazyflie_examples' returned '0': AMENT_PREFIX_PATH=/home/tdeng23/ros2_ws/install/crazyflie_py:/home/tdeng23/ros2_ws/install/crazyflie_interfaces:${AMENT_PREFIX_PATH} CMAKE_PREFIX_PATH=/home/tdeng23/ros2_ws/install/crazyflie_interfaces:/opt/ros/galactic LD_LIBRARY_PATH=/home/tdeng23/ros2_ws/install/crazyflie_interfaces/lib:${LD_LIBRARY_PATH} PYTHONPATH=/home/tdeng23/ros2_ws/build/crazyflie_py:/home/tdeng23/ros2_ws/install/crazyflie_py/lib/python3.8/site-packages:/home/tdeng23/ros2_ws/install/crazyflie_interfaces/lib/python3.8/site-packages:${PYTHONPATH} /usr/bin/cmake --install /home/tdeng23/ros2_ws/build/crazyflie_examples
