running egg_info
writing ../../../build/crazyflie_ros2_sgba/crazyflie_ros2_sgba.egg-info/PKG-INFO
writing dependency_links to ../../../build/crazyflie_ros2_sgba/crazyflie_ros2_sgba.egg-info/dependency_links.txt
writing entry points to ../../../build/crazyflie_ros2_sgba/crazyflie_ros2_sgba.egg-info/entry_points.txt
writing requirements to ../../../build/crazyflie_ros2_sgba/crazyflie_ros2_sgba.egg-info/requires.txt
writing top-level names to ../../../build/crazyflie_ros2_sgba/crazyflie_ros2_sgba.egg-info/top_level.txt
reading manifest file '../../../build/crazyflie_ros2_sgba/crazyflie_ros2_sgba.egg-info/SOURCES.txt'
writing manifest file '../../../build/crazyflie_ros2_sgba/crazyflie_ros2_sgba.egg-info/SOURCES.txt'
running build
running build_py
running install
running install_lib
running install_data
copying resource/crazyflie.urdf -> /home/nicxe/ros2_ws/install/crazyflie_ros2_sgba/share/crazyflie_ros2_sgba/resource/
copying launch/__pycache__/sgba_simulation_launch.cpython-38.pyc -> /home/nicxe/ros2_ws/install/crazyflie_ros2_sgba/share/crazyflie_ros2_sgba/launch/__pycache__
running install_egg_info
removing '/home/nicxe/ros2_ws/install/crazyflie_ros2_sgba/lib/python3.8/site-packages/crazyflie_ros2_sgba-0.0.0-py3.8.egg-info' (and everything under it)
Copying ../../../build/crazyflie_ros2_sgba/crazyflie_ros2_sgba.egg-info to /home/nicxe/ros2_ws/install/crazyflie_ros2_sgba/lib/python3.8/site-packages/crazyflie_ros2_sgba-0.0.0-py3.8.egg-info
running install_scripts
Installing myNode script to /home/nicxe/ros2_ws/install/crazyflie_ros2_sgba/lib/crazyflie_ros2_sgba
writing list of installed files to '/home/nicxe/ros2_ws/build/crazyflie_ros2_sgba/install.log'
