[0.475s] Invoking command in '/home/nicxe/ros2_ws/src/crazyswarm2/crazyflie_ros2_sgba': PYTHONPATH=/home/nicxe/ros2_ws/build/crazyflie_ros2_sgba/prefix_override:/home/nicxe/ros2_ws/install/crazyflie_ros2_sgba/lib/python3.8/site-packages:${PYTHONPATH} /usr/bin/python3 setup.py egg_info --egg-base ../../../build/crazyflie_ros2_sgba build --build-base /home/nicxe/ros2_ws/build/crazyflie_ros2_sgba/build install --record /home/nicxe/ros2_ws/build/crazyflie_ros2_sgba/install.log --single-version-externally-managed
[0.641s] running egg_info
[0.642s] writing ../../../build/crazyflie_ros2_sgba/crazyflie_ros2_sgba.egg-info/PKG-INFO
[0.642s] writing dependency_links to ../../../build/crazyflie_ros2_sgba/crazyflie_ros2_sgba.egg-info/dependency_links.txt
[0.642s] writing entry points to ../../../build/crazyflie_ros2_sgba/crazyflie_ros2_sgba.egg-info/entry_points.txt
[0.642s] writing requirements to ../../../build/crazyflie_ros2_sgba/crazyflie_ros2_sgba.egg-info/requires.txt
[0.642s] writing top-level names to ../../../build/crazyflie_ros2_sgba/crazyflie_ros2_sgba.egg-info/top_level.txt
[0.666s] reading manifest file '../../../build/crazyflie_ros2_sgba/crazyflie_ros2_sgba.egg-info/SOURCES.txt'
[0.667s] writing manifest file '../../../build/crazyflie_ros2_sgba/crazyflie_ros2_sgba.egg-info/SOURCES.txt'
[0.667s] running build
[0.667s] running build_py
[0.667s] running install
[0.667s] running install_lib
[0.668s] running install_data
[0.669s] copying resource/crazyflie.urdf -> /home/nicxe/ros2_ws/install/crazyflie_ros2_sgba/share/crazyflie_ros2_sgba/resource/
[0.669s] copying launch/__pycache__/sgba_simulation_launch.cpython-38.pyc -> /home/nicxe/ros2_ws/install/crazyflie_ros2_sgba/share/crazyflie_ros2_sgba/launch/__pycache__
[0.669s] running install_egg_info
[0.670s] removing '/home/nicxe/ros2_ws/install/crazyflie_ros2_sgba/lib/python3.8/site-packages/crazyflie_ros2_sgba-0.0.0-py3.8.egg-info' (and everything under it)
[0.670s] Copying ../../../build/crazyflie_ros2_sgba/crazyflie_ros2_sgba.egg-info to /home/nicxe/ros2_ws/install/crazyflie_ros2_sgba/lib/python3.8/site-packages/crazyflie_ros2_sgba-0.0.0-py3.8.egg-info
[0.671s] running install_scripts
[0.682s] Installing myNode script to /home/nicxe/ros2_ws/install/crazyflie_ros2_sgba/lib/crazyflie_ros2_sgba
[0.683s] writing list of installed files to '/home/nicxe/ros2_ws/build/crazyflie_ros2_sgba/install.log'
[0.696s] Invoked command in '/home/nicxe/ros2_ws/src/crazyswarm2/crazyflie_ros2_sgba' returned '0': PYTHONPATH=/home/nicxe/ros2_ws/build/crazyflie_ros2_sgba/prefix_override:/home/nicxe/ros2_ws/install/crazyflie_ros2_sgba/lib/python3.8/site-packages:${PYTHONPATH} /usr/bin/python3 setup.py egg_info --egg-base ../../../build/crazyflie_ros2_sgba build --build-base /home/nicxe/ros2_ws/build/crazyflie_ros2_sgba/build install --record /home/nicxe/ros2_ws/build/crazyflie_ros2_sgba/install.log --single-version-externally-managed
