[0.000000] (-) TimerEvent: {}
[0.000723] (-) JobUnselected: {'identifier': 'crazyflie'}
[0.000798] (-) JobUnselected: {'identifier': 'crazyflie_examples'}
[0.000815] (-) JobUnselected: {'identifier': 'crazyflie_interfaces'}
[0.000828] (-) JobUnselected: {'identifier': 'crazyflie_py'}
[0.000840] (-) JobUnselected: {'identifier': 'crazyflie_ros2'}
[0.000852] (-) JobUnselected: {'identifier': 'crazyflie_ros2_description'}
[0.000864] (-) JobUnselected: {'identifier': 'crazyflie_ros2_interfaces'}
[0.000875] (-) JobUnselected: {'identifier': 'crazyflie_ros2_navigation'}
[0.000886] (-) JobUnselected: {'identifier': 'crazyflie_ros2_scan'}
[0.000897] (-) JobUnselected: {'identifier': 'crazyflie_ros2_simple_mapper'}
[0.000908] (-) JobUnselected: {'identifier': 'crazyflie_ros2_simulation'}
[0.000919] (-) JobUnselected: {'identifier': 'crazyflie_ros2_slam'}
[0.000929] (-) JobUnselected: {'identifier': 'crazyflie_sim'}
[0.000940] (-) JobUnselected: {'identifier': 'crazyflie_simulation'}
[0.000951] (-) JobUnselected: {'identifier': 'motion_capture_tracking'}
[0.000962] (-) JobUnselected: {'identifier': 'motion_capture_tracking_interfaces'}
[0.000975] (crazyflie_ros2_sgba) JobQueued: {'identifier': 'crazyflie_ros2_sgba', 'dependencies': OrderedDict()}
[0.000989] (crazyflie_ros2_sgba) JobStarted: {'identifier': 'crazyflie_ros2_sgba'}
[0.099837] (-) TimerEvent: {}
[0.200115] (-) TimerEvent: {}
[0.259803] (crazyflie_ros2_sgba) StderrLine: {'line': b'Traceback (most recent call last):\n  File "/usr/lib/python3/dist-packages/colcon_core/executor/__init__.py", line 91, in __call__\n    rc = await self.task(*args, **kwargs)\n  File "/usr/lib/python3/dist-packages/colcon_core/task/__init__.py", line 93, in __call__\n    return await task_method(*args, **kwargs)\n  File "/usr/lib/python3/dist-packages/colcon_ros/task/ament_python/build.py", line 51, in build\n    setup_py_data = get_setup_data(self.context.pkg, env)\n  File "/usr/lib/python3/dist-packages/colcon_core/task/python/__init__.py", line 20, in get_setup_data\n    return dict(pkg.metadata[key](env))\n  File "/usr/lib/python3/dist-packages/colcon_ros/package_augmentation/ros_ament_python.py", line 57, in getter\n    return get_setup_information(\n  File "/usr/lib/python3/dist-packages/colcon_python_setup_py/package_identification/python_setup_py.py", line 241, in get_setup_information\n    _setup_information_cache[hashable_env] = _get_setup_information(\n  File "/usr/lib/python3/dist-packages/colcon_python_setup_py/package_identification/python_setup_py.py", line 288, in _get_setup_information\n    result = subprocess.run(\n  File "/usr/lib/python3.8/subprocess.py", line 516, in run\n    raise CalledProcessError(retcode, process.args,\nsubprocess.CalledProcessError: Command \'[\'/usr/bin/python3\', \'-c\', \'import sys;from contextlib import suppress;exec("with suppress(ImportError):    from setuptools.extern.packaging.specifiers    import SpecifierSet");exec("with suppress(ImportError):    from packaging.specifiers import SpecifierSet");from distutils.core import run_setup;dist = run_setup(    \\\'setup.py\\\', script_args=(\\\'--dry-run\\\',), stop_after=\\\'config\\\');skip_keys = (\\\'cmdclass\\\', \\\'distclass\\\', \\\'ext_modules\\\', \\\'metadata\\\');data = {    key: value for key, value in dist.__dict__.items()     if (        not key.startswith(\\\'_\\\') and         not callable(value) and         key not in skip_keys and         key not in dist.display_option_names    )};data[\\\'metadata\\\'] = {    k: v for k, v in dist.metadata.__dict__.items()     if k not in (\\\'license_files\\\', \\\'provides_extras\\\')};sys.stdout.buffer.write(repr(data).encode(\\\'utf-8\\\'))\']\' returned non-zero exit status 1.\n'}
[0.260159] (crazyflie_ros2_sgba) JobEnded: {'identifier': 'crazyflie_ros2_sgba', 'rc': 1}
[0.270268] (-) EventReactorShutdown: {}
