[0.049s] Invoking command in '/home/tdeng23/ros2_ws/build/crazyflie_interfaces': CMAKE_PREFIX_PATH=${CMAKE_PREFIX_PATH}:/home/tdeng23/ros2_ws/install/crazyflie_py:/opt/ros/galactic /usr/bin/cmake /home/tdeng23/ros2_ws/src/crazyswarm2/crazyflie_interfaces -DCMAKE_INSTALL_PREFIX=/home/tdeng23/ros2_ws/install/crazyflie_interfaces
[0.297s] -- Found ament_cmake: 1.1.6 (/opt/ros/galactic/share/ament_cmake/cmake)
[0.298s] -- Found PythonInterp: /usr/bin/python3 (found suitable version "3.8.10", minimum required is "3") 
[0.298s] -- Using PYTHON_EXECUTABLE: /usr/bin/python3
[0.298s] -- Override CMake install command with custom implementation using symlinks instead of copying resources
[0.298s] -- Found builtin_interfaces: 1.0.3 (/opt/ros/galactic/share/builtin_interfaces/cmake)
[0.298s] -- Using all available rosidl_typesupport_c: rosidl_typesupport_fastrtps_c;rosidl_typesupport_introspection_c
[0.298s] -- Found rosidl_adapter: 2.2.3 (/opt/ros/galactic/share/rosidl_adapter/cmake)
[0.370s] -- Using all available rosidl_typesupport_cpp: rosidl_typesupport_fastrtps_cpp;rosidl_typesupport_introspection_cpp
[0.395s] -- Found geometry_msgs: 2.2.4 (/opt/ros/galactic/share/geometry_msgs/cmake)
[0.450s] -- Found rosidl_default_generators: 1.1.1 (/opt/ros/galactic/share/rosidl_default_generators/cmake)
[0.488s] -- Found PythonInterp: /usr/bin/python3 (found version "3.8.10") 
[0.884s] -- Found ament_cmake_cppcheck: 0.10.7 (/opt/ros/galactic/share/ament_cmake_cppcheck/cmake)
[0.885s] -- Found ament_cmake_cpplint: 0.10.7 (/opt/ros/galactic/share/ament_cmake_cpplint/cmake)
[0.886s] -- Found ament_cmake_uncrustify: 0.10.7 (/opt/ros/galactic/share/ament_cmake_uncrustify/cmake)
[0.887s] -- Found ament_cmake_ros: 0.9.2 (/opt/ros/galactic/share/ament_cmake_ros/cmake)
[1.143s] -- Using all available rosidl_typesupport_c: rosidl_typesupport_fastrtps_c;rosidl_typesupport_introspection_c
[1.252s] -- Using all available rosidl_typesupport_cpp: rosidl_typesupport_fastrtps_cpp;rosidl_typesupport_introspection_cpp
[1.290s] -- Found PythonInterp: /usr/bin/python3 (found suitable version "3.8.10", minimum required is "3.5") 
[1.290s] -- Found python_cmake_module: 0.8.1 (/opt/ros/galactic/share/python_cmake_module/cmake)
[1.328s] -- Using PYTHON_EXECUTABLE: /usr/bin/python3
[1.328s] -- Using PYTHON_INCLUDE_DIRS: /usr/include/python3.8
[1.328s] -- Using PYTHON_LIBRARIES: /usr/lib/x86_64-linux-gnu/libpython3.8.so
[1.417s] -- Found ament_cmake_flake8: 0.10.7 (/opt/ros/galactic/share/ament_cmake_flake8/cmake)
[1.418s] -- Found ament_cmake_pep257: 0.10.7 (/opt/ros/galactic/share/ament_cmake_pep257/cmake)
[1.443s] -- Configuring done
[1.551s] -- Generating done
[1.554s] -- Build files have been written to: /home/tdeng23/ros2_ws/build/crazyflie_interfaces
[1.561s] Invoked command in '/home/tdeng23/ros2_ws/build/crazyflie_interfaces' returned '0': CMAKE_PREFIX_PATH=${CMAKE_PREFIX_PATH}:/home/tdeng23/ros2_ws/install/crazyflie_py:/opt/ros/galactic /usr/bin/cmake /home/tdeng23/ros2_ws/src/crazyswarm2/crazyflie_interfaces -DCMAKE_INSTALL_PREFIX=/home/tdeng23/ros2_ws/install/crazyflie_interfaces
[1.564s] Invoking command in '/home/tdeng23/ros2_ws/build/crazyflie_interfaces': CMAKE_PREFIX_PATH=${CMAKE_PREFIX_PATH}:/home/tdeng23/ros2_ws/install/crazyflie_py:/opt/ros/galactic /usr/bin/cmake --build /home/tdeng23/ros2_ws/build/crazyflie_interfaces -- -j8 -l8
[1.654s] [  0%] Built target crazyflie_interfaces__cpp
[1.668s] [ 12%] Built target crazyflie_interfaces__rosidl_generator_c
[1.700s] [ 24%] Built target crazyflie_interfaces__rosidl_typesupport_introspection_cpp
[1.702s] [ 36%] Built target crazyflie_interfaces__rosidl_typesupport_c
[1.703s] [ 48%] Built target crazyflie_interfaces__rosidl_typesupport_cpp
[1.711s] [ 60%] Built target crazyflie_interfaces__rosidl_typesupport_introspection_c
[1.712s] [ 72%] Built target crazyflie_interfaces__rosidl_typesupport_fastrtps_cpp
[1.762s] [ 84%] Built target crazyflie_interfaces__rosidl_typesupport_fastrtps_c
[1.792s] [ 84%] Built target crazyflie_interfaces
[1.815s] [ 85%] Built target crazyflie_interfaces__py
[1.872s] [ 96%] Built target crazyflie_interfaces__python
[1.915s] [ 98%] Built target crazyflie_interfaces__rosidl_typesupport_introspection_c__pyext
[1.915s] [ 99%] Built target crazyflie_interfaces__rosidl_typesupport_fastrtps_c__pyext
[1.918s] [100%] Built target crazyflie_interfaces__rosidl_typesupport_c__pyext
[1.935s] Invoked command in '/home/tdeng23/ros2_ws/build/crazyflie_interfaces' returned '0': CMAKE_PREFIX_PATH=${CMAKE_PREFIX_PATH}:/home/tdeng23/ros2_ws/install/crazyflie_py:/opt/ros/galactic /usr/bin/cmake --build /home/tdeng23/ros2_ws/build/crazyflie_interfaces -- -j8 -l8
[2.236s] Invoking command in '/home/tdeng23/ros2_ws/build/crazyflie_interfaces': CMAKE_PREFIX_PATH=${CMAKE_PREFIX_PATH}:/home/tdeng23/ros2_ws/install/crazyflie_py:/opt/ros/galactic /usr/bin/cmake --install /home/tdeng23/ros2_ws/build/crazyflie_interfaces
[2.244s] -- Install configuration: ""
[2.245s] -- Execute custom install script
[2.245s] -- Up-to-date symlink: /home/tdeng23/ros2_ws/install/crazyflie_interfaces/share/ament_index/resource_index/rosidl_interfaces/crazyflie_interfaces
[2.247s] -- Up-to-date symlink: /home/tdeng23/ros2_ws/install/crazyflie_interfaces/include/crazyflie_interfaces/msg/detail/full_state__functions.h
[2.247s] -- Up-to-date symlink: /home/tdeng23/ros2_ws/install/crazyflie_interfaces/include/crazyflie_interfaces/msg/detail/full_state__struct.h
[2.248s] -- Up-to-date symlink: /home/tdeng23/ros2_ws/install/crazyflie_interfaces/include/crazyflie_interfaces/msg/detail/full_state__type_support.h
[2.248s] -- Up-to-date symlink: /home/tdeng23/ros2_ws/install/crazyflie_interfaces/include/crazyflie_interfaces/msg/detail/hover__functions.h
[2.248s] -- Up-to-date symlink: /home/tdeng23/ros2_ws/install/crazyflie_interfaces/include/crazyflie_interfaces/msg/detail/hover__struct.h
[2.248s] -- Up-to-date symlink: /home/tdeng23/ros2_ws/install/crazyflie_interfaces/include/crazyflie_interfaces/msg/detail/hover__type_support.h
[2.249s] -- Up-to-date symlink: /home/tdeng23/ros2_ws/install/crazyflie_interfaces/include/crazyflie_interfaces/msg/detail/log_block__functions.h
[2.249s] -- Up-to-date symlink: /home/tdeng23/ros2_ws/install/crazyflie_interfaces/include/crazyflie_interfaces/msg/detail/log_block__struct.h
[2.249s] -- Up-to-date symlink: /home/tdeng23/ros2_ws/install/crazyflie_interfaces/include/crazyflie_interfaces/msg/detail/log_block__type_support.h
[2.250s] -- Up-to-date symlink: /home/tdeng23/ros2_ws/install/crazyflie_interfaces/include/crazyflie_interfaces/msg/detail/log_data_generic__functions.h
[2.250s] -- Up-to-date symlink: /home/tdeng23/ros2_ws/install/crazyflie_interfaces/include/crazyflie_interfaces/msg/detail/log_data_generic__struct.h
[2.250s] -- Up-to-date symlink: /home/tdeng23/ros2_ws/install/crazyflie_interfaces/include/crazyflie_interfaces/msg/detail/log_data_generic__type_support.h
[2.250s] -- Up-to-date symlink: /home/tdeng23/ros2_ws/install/crazyflie_interfaces/include/crazyflie_interfaces/msg/detail/position__functions.h
[2.250s] -- Up-to-date symlink: /home/tdeng23/ros2_ws/install/crazyflie_interfaces/include/crazyflie_interfaces/msg/detail/position__struct.h
[2.251s] -- Up-to-date symlink: /home/tdeng23/ros2_ws/install/crazyflie_interfaces/include/crazyflie_interfaces/msg/detail/position__type_support.h
[2.251s] -- Up-to-date symlink: /home/tdeng23/ros2_ws/install/crazyflie_interfaces/include/crazyflie_interfaces/msg/detail/trajectory_polynomial_piece__functions.h
[2.251s] -- Up-to-date symlink: /home/tdeng23/ros2_ws/install/crazyflie_interfaces/include/crazyflie_interfaces/msg/detail/trajectory_polynomial_piece__struct.h
[2.251s] -- Up-to-date symlink: /home/tdeng23/ros2_ws/install/crazyflie_interfaces/include/crazyflie_interfaces/msg/detail/trajectory_polynomial_piece__type_support.h
[2.252s] -- Up-to-date symlink: /home/tdeng23/ros2_ws/install/crazyflie_interfaces/include/crazyflie_interfaces/msg/detail/velocity_world__functions.h
[2.252s] -- Up-to-date symlink: /home/tdeng23/ros2_ws/install/crazyflie_interfaces/include/crazyflie_interfaces/msg/detail/velocity_world__struct.h
[2.252s] -- Up-to-date symlink: /home/tdeng23/ros2_ws/install/crazyflie_interfaces/include/crazyflie_interfaces/msg/detail/velocity_world__type_support.h
[2.252s] -- Up-to-date symlink: /home/tdeng23/ros2_ws/install/crazyflie_interfaces/include/crazyflie_interfaces/msg/full_state.h
[2.252s] -- Up-to-date symlink: /home/tdeng23/ros2_ws/install/crazyflie_interfaces/include/crazyflie_interfaces/msg/hover.h
[2.253s] -- Up-to-date symlink: /home/tdeng23/ros2_ws/install/crazyflie_interfaces/include/crazyflie_interfaces/msg/log_block.h
[2.253s] -- Up-to-date symlink: /home/tdeng23/ros2_ws/install/crazyflie_interfaces/include/crazyflie_interfaces/msg/log_data_generic.h
[2.253s] -- Up-to-date symlink: /home/tdeng23/ros2_ws/install/crazyflie_interfaces/include/crazyflie_interfaces/msg/position.h
[2.253s] -- Up-to-date symlink: /home/tdeng23/ros2_ws/install/crazyflie_interfaces/include/crazyflie_interfaces/msg/rosidl_generator_c__visibility_control.h
[2.254s] -- Up-to-date symlink: /home/tdeng23/ros2_ws/install/crazyflie_interfaces/include/crazyflie_interfaces/msg/trajectory_polynomial_piece.h
[2.254s] -- Up-to-date symlink: /home/tdeng23/ros2_ws/install/crazyflie_interfaces/include/crazyflie_interfaces/msg/velocity_world.h
[2.254s] -- Up-to-date symlink: /home/tdeng23/ros2_ws/install/crazyflie_interfaces/include/crazyflie_interfaces/srv/add_logging.h
[2.254s] -- Up-to-date symlink: /home/tdeng23/ros2_ws/install/crazyflie_interfaces/include/crazyflie_interfaces/srv/detail/add_logging__functions.h
[2.255s] -- Up-to-date symlink: /home/tdeng23/ros2_ws/install/crazyflie_interfaces/include/crazyflie_interfaces/srv/detail/add_logging__struct.h
[2.255s] -- Up-to-date symlink: /home/tdeng23/ros2_ws/install/crazyflie_interfaces/include/crazyflie_interfaces/srv/detail/add_logging__type_support.h
[2.255s] -- Up-to-date symlink: /home/tdeng23/ros2_ws/install/crazyflie_interfaces/include/crazyflie_interfaces/srv/detail/go_to__functions.h
[2.255s] -- Up-to-date symlink: /home/tdeng23/ros2_ws/install/crazyflie_interfaces/include/crazyflie_interfaces/srv/detail/go_to__struct.h
[2.255s] -- Up-to-date symlink: /home/tdeng23/ros2_ws/install/crazyflie_interfaces/include/crazyflie_interfaces/srv/detail/go_to__type_support.h
[2.256s] -- Up-to-date symlink: /home/tdeng23/ros2_ws/install/crazyflie_interfaces/include/crazyflie_interfaces/srv/detail/land__functions.h
[2.256s] -- Up-to-date symlink: /home/tdeng23/ros2_ws/install/crazyflie_interfaces/include/crazyflie_interfaces/srv/detail/land__struct.h
[2.256s] -- Up-to-date symlink: /home/tdeng23/ros2_ws/install/crazyflie_interfaces/include/crazyflie_interfaces/srv/detail/land__type_support.h
[2.256s] -- Up-to-date symlink: /home/tdeng23/ros2_ws/install/crazyflie_interfaces/include/crazyflie_interfaces/srv/detail/notify_setpoints_stop__functions.h
[2.256s] -- Up-to-date symlink: /home/tdeng23/ros2_ws/install/crazyflie_interfaces/include/crazyflie_interfaces/srv/detail/notify_setpoints_stop__struct.h
[2.257s] -- Up-to-date symlink: /home/tdeng23/ros2_ws/install/crazyflie_interfaces/include/crazyflie_interfaces/srv/detail/notify_setpoints_stop__type_support.h
[2.257s] -- Up-to-date symlink: /home/tdeng23/ros2_ws/install/crazyflie_interfaces/include/crazyflie_interfaces/srv/detail/remove_logging__functions.h
[2.257s] -- Up-to-date symlink: /home/tdeng23/ros2_ws/install/crazyflie_interfaces/include/crazyflie_interfaces/srv/detail/remove_logging__struct.h
[2.258s] -- Up-to-date symlink: /home/tdeng23/ros2_ws/install/crazyflie_interfaces/include/crazyflie_interfaces/srv/detail/remove_logging__type_support.h
[2.258s] -- Up-to-date symlink: /home/tdeng23/ros2_ws/install/crazyflie_interfaces/include/crazyflie_interfaces/srv/detail/set_group_mask__functions.h
[2.258s] -- Up-to-date symlink: /home/tdeng23/ros2_ws/install/crazyflie_interfaces/include/crazyflie_interfaces/srv/detail/set_group_mask__struct.h
[2.258s] -- Up-to-date symlink: /home/tdeng23/ros2_ws/install/crazyflie_interfaces/include/crazyflie_interfaces/srv/detail/set_group_mask__type_support.h
[2.259s] -- Up-to-date symlink: /home/tdeng23/ros2_ws/install/crazyflie_interfaces/include/crazyflie_interfaces/srv/detail/start_trajectory__functions.h
[2.259s] -- Up-to-date symlink: /home/tdeng23/ros2_ws/install/crazyflie_interfaces/include/crazyflie_interfaces/srv/detail/start_trajectory__struct.h
[2.259s] -- Up-to-date symlink: /home/tdeng23/ros2_ws/install/crazyflie_interfaces/include/crazyflie_interfaces/srv/detail/start_trajectory__type_support.h
[2.259s] -- Up-to-date symlink: /home/tdeng23/ros2_ws/install/crazyflie_interfaces/include/crazyflie_interfaces/srv/detail/stop__functions.h
[2.260s] -- Up-to-date symlink: /home/tdeng23/ros2_ws/install/crazyflie_interfaces/include/crazyflie_interfaces/srv/detail/stop__struct.h
[2.260s] -- Up-to-date symlink: /home/tdeng23/ros2_ws/install/crazyflie_interfaces/include/crazyflie_interfaces/srv/detail/stop__type_support.h
[2.260s] -- Up-to-date symlink: /home/tdeng23/ros2_ws/install/crazyflie_interfaces/include/crazyflie_interfaces/srv/detail/takeoff__functions.h
[2.260s] -- Up-to-date symlink: /home/tdeng23/ros2_ws/install/crazyflie_interfaces/include/crazyflie_interfaces/srv/detail/takeoff__struct.h
[2.261s] -- Up-to-date symlink: /home/tdeng23/ros2_ws/install/crazyflie_interfaces/include/crazyflie_interfaces/srv/detail/takeoff__type_support.h
[2.261s] -- Up-to-date symlink: /home/tdeng23/ros2_ws/install/crazyflie_interfaces/include/crazyflie_interfaces/srv/detail/update_params__functions.h
[2.261s] -- Up-to-date symlink: /home/tdeng23/ros2_ws/install/crazyflie_interfaces/include/crazyflie_interfaces/srv/detail/update_params__struct.h
[2.261s] -- Up-to-date symlink: /home/tdeng23/ros2_ws/install/crazyflie_interfaces/include/crazyflie_interfaces/srv/detail/update_params__type_support.h
[2.261s] -- Up-to-date symlink: /home/tdeng23/ros2_ws/install/crazyflie_interfaces/include/crazyflie_interfaces/srv/detail/upload_trajectory__functions.h
[2.262s] -- Up-to-date symlink: /home/tdeng23/ros2_ws/install/crazyflie_interfaces/include/crazyflie_interfaces/srv/detail/upload_trajectory__struct.h
[2.262s] -- Up-to-date symlink: /home/tdeng23/ros2_ws/install/crazyflie_interfaces/include/crazyflie_interfaces/srv/detail/upload_trajectory__type_support.h
[2.262s] -- Up-to-date symlink: /home/tdeng23/ros2_ws/install/crazyflie_interfaces/include/crazyflie_interfaces/srv/go_to.h
[2.262s] -- Up-to-date symlink: /home/tdeng23/ros2_ws/install/crazyflie_interfaces/include/crazyflie_interfaces/srv/land.h
[2.263s] -- Up-to-date symlink: /home/tdeng23/ros2_ws/install/crazyflie_interfaces/include/crazyflie_interfaces/srv/notify_setpoints_stop.h
[2.263s] -- Up-to-date symlink: /home/tdeng23/ros2_ws/install/crazyflie_interfaces/include/crazyflie_interfaces/srv/remove_logging.h
[2.263s] -- Up-to-date symlink: /home/tdeng23/ros2_ws/install/crazyflie_interfaces/include/crazyflie_interfaces/srv/set_group_mask.h
[2.263s] -- Up-to-date symlink: /home/tdeng23/ros2_ws/install/crazyflie_interfaces/include/crazyflie_interfaces/srv/start_trajectory.h
[2.263s] -- Up-to-date symlink: /home/tdeng23/ros2_ws/install/crazyflie_interfaces/include/crazyflie_interfaces/srv/stop.h
[2.264s] -- Up-to-date symlink: /home/tdeng23/ros2_ws/install/crazyflie_interfaces/include/crazyflie_interfaces/srv/takeoff.h
[2.264s] -- Up-to-date symlink: /home/tdeng23/ros2_ws/install/crazyflie_interfaces/include/crazyflie_interfaces/srv/update_params.h
[2.264s] -- Up-to-date symlink: /home/tdeng23/ros2_ws/install/crazyflie_interfaces/include/crazyflie_interfaces/srv/upload_trajectory.h
[2.265s] -- Up-to-date symlink: /home/tdeng23/ros2_ws/install/crazyflie_interfaces/share/crazyflie_interfaces/environment/library_path.sh
[2.265s] -- Up-to-date symlink: /home/tdeng23/ros2_ws/install/crazyflie_interfaces/share/crazyflie_interfaces/environment/library_path.dsv
[2.266s] -- Up-to-date symlink: /home/tdeng23/ros2_ws/install/crazyflie_interfaces/include/crazyflie_interfaces/msg/detail/full_state__rosidl_typesupport_fastrtps_c.h
[2.266s] -- Up-to-date symlink: /home/tdeng23/ros2_ws/install/crazyflie_interfaces/include/crazyflie_interfaces/msg/detail/hover__rosidl_typesupport_fastrtps_c.h
[2.266s] -- Up-to-date symlink: /home/tdeng23/ros2_ws/install/crazyflie_interfaces/include/crazyflie_interfaces/msg/detail/log_block__rosidl_typesupport_fastrtps_c.h
[2.267s] -- Up-to-date symlink: /home/tdeng23/ros2_ws/install/crazyflie_interfaces/include/crazyflie_interfaces/msg/detail/log_data_generic__rosidl_typesupport_fastrtps_c.h
[2.267s] -- Up-to-date symlink: /home/tdeng23/ros2_ws/install/crazyflie_interfaces/include/crazyflie_interfaces/msg/detail/position__rosidl_typesupport_fastrtps_c.h
[2.267s] -- Up-to-date symlink: /home/tdeng23/ros2_ws/install/crazyflie_interfaces/include/crazyflie_interfaces/msg/detail/trajectory_polynomial_piece__rosidl_typesupport_fastrtps_c.h
[2.267s] -- Up-to-date symlink: /home/tdeng23/ros2_ws/install/crazyflie_interfaces/include/crazyflie_interfaces/msg/detail/velocity_world__rosidl_typesupport_fastrtps_c.h
[2.268s] -- Up-to-date symlink: /home/tdeng23/ros2_ws/install/crazyflie_interfaces/include/crazyflie_interfaces/msg/rosidl_typesupport_fastrtps_c__visibility_control.h
[2.268s] -- Up-to-date symlink: /home/tdeng23/ros2_ws/install/crazyflie_interfaces/include/crazyflie_interfaces/srv/detail/add_logging__rosidl_typesupport_fastrtps_c.h
[2.268s] -- Up-to-date symlink: /home/tdeng23/ros2_ws/install/crazyflie_interfaces/include/crazyflie_interfaces/srv/detail/go_to__rosidl_typesupport_fastrtps_c.h
[2.268s] -- Up-to-date symlink: /home/tdeng23/ros2_ws/install/crazyflie_interfaces/include/crazyflie_interfaces/srv/detail/land__rosidl_typesupport_fastrtps_c.h
[2.269s] -- Up-to-date symlink: /home/tdeng23/ros2_ws/install/crazyflie_interfaces/include/crazyflie_interfaces/srv/detail/notify_setpoints_stop__rosidl_typesupport_fastrtps_c.h
[2.269s] -- Up-to-date symlink: /home/tdeng23/ros2_ws/install/crazyflie_interfaces/include/crazyflie_interfaces/srv/detail/remove_logging__rosidl_typesupport_fastrtps_c.h
[2.269s] -- Up-to-date symlink: /home/tdeng23/ros2_ws/install/crazyflie_interfaces/include/crazyflie_interfaces/srv/detail/set_group_mask__rosidl_typesupport_fastrtps_c.h
[2.269s] -- Up-to-date symlink: /home/tdeng23/ros2_ws/install/crazyflie_interfaces/include/crazyflie_interfaces/srv/detail/start_trajectory__rosidl_typesupport_fastrtps_c.h
[2.270s] -- Up-to-date symlink: /home/tdeng23/ros2_ws/install/crazyflie_interfaces/include/crazyflie_interfaces/srv/detail/stop__rosidl_typesupport_fastrtps_c.h
[2.270s] -- Up-to-date symlink: /home/tdeng23/ros2_ws/install/crazyflie_interfaces/include/crazyflie_interfaces/srv/detail/takeoff__rosidl_typesupport_fastrtps_c.h
[2.270s] -- Up-to-date symlink: /home/tdeng23/ros2_ws/install/crazyflie_interfaces/include/crazyflie_interfaces/srv/detail/update_params__rosidl_typesupport_fastrtps_c.h
[2.270s] -- Up-to-date symlink: /home/tdeng23/ros2_ws/install/crazyflie_interfaces/include/crazyflie_interfaces/srv/detail/upload_trajectory__rosidl_typesupport_fastrtps_c.h
[2.271s] -- Up-to-date symlink: /home/tdeng23/ros2_ws/install/crazyflie_interfaces/lib/libcrazyflie_interfaces__rosidl_typesupport_fastrtps_c.so
[2.272s] -- Up-to-date symlink: /home/tdeng23/ros2_ws/install/crazyflie_interfaces/include/crazyflie_interfaces/msg/detail/full_state__rosidl_typesupport_fastrtps_cpp.hpp
[2.272s] -- Up-to-date symlink: /home/tdeng23/ros2_ws/install/crazyflie_interfaces/include/crazyflie_interfaces/msg/detail/hover__rosidl_typesupport_fastrtps_cpp.hpp
[2.272s] -- Up-to-date symlink: /home/tdeng23/ros2_ws/install/crazyflie_interfaces/include/crazyflie_interfaces/msg/detail/log_block__rosidl_typesupport_fastrtps_cpp.hpp
[2.273s] -- Up-to-date symlink: /home/tdeng23/ros2_ws/install/crazyflie_interfaces/include/crazyflie_interfaces/msg/detail/log_data_generic__rosidl_typesupport_fastrtps_cpp.hpp
[2.273s] -- Up-to-date symlink: /home/tdeng23/ros2_ws/install/crazyflie_interfaces/include/crazyflie_interfaces/msg/detail/position__rosidl_typesupport_fastrtps_cpp.hpp
[2.273s] -- Up-to-date symlink: /home/tdeng23/ros2_ws/install/crazyflie_interfaces/include/crazyflie_interfaces/msg/detail/trajectory_polynomial_piece__rosidl_typesupport_fastrtps_cpp.hpp
[2.273s] -- Up-to-date symlink: /home/tdeng23/ros2_ws/install/crazyflie_interfaces/include/crazyflie_interfaces/msg/detail/velocity_world__rosidl_typesupport_fastrtps_cpp.hpp
[2.273s] -- Up-to-date symlink: /home/tdeng23/ros2_ws/install/crazyflie_interfaces/include/crazyflie_interfaces/msg/rosidl_typesupport_fastrtps_cpp__visibility_control.h
[2.274s] -- Up-to-date symlink: /home/tdeng23/ros2_ws/install/crazyflie_interfaces/include/crazyflie_interfaces/srv/detail/add_logging__rosidl_typesupport_fastrtps_cpp.hpp
[2.274s] -- Up-to-date symlink: /home/tdeng23/ros2_ws/install/crazyflie_interfaces/include/crazyflie_interfaces/srv/detail/go_to__rosidl_typesupport_fastrtps_cpp.hpp
[2.274s] -- Up-to-date symlink: /home/tdeng23/ros2_ws/install/crazyflie_interfaces/include/crazyflie_interfaces/srv/detail/land__rosidl_typesupport_fastrtps_cpp.hpp
[2.274s] -- Up-to-date symlink: /home/tdeng23/ros2_ws/install/crazyflie_interfaces/include/crazyflie_interfaces/srv/detail/notify_setpoints_stop__rosidl_typesupport_fastrtps_cpp.hpp
[2.275s] -- Up-to-date symlink: /home/tdeng23/ros2_ws/install/crazyflie_interfaces/include/crazyflie_interfaces/srv/detail/remove_logging__rosidl_typesupport_fastrtps_cpp.hpp
[2.275s] -- Up-to-date symlink: /home/tdeng23/ros2_ws/install/crazyflie_interfaces/include/crazyflie_interfaces/srv/detail/set_group_mask__rosidl_typesupport_fastrtps_cpp.hpp
[2.275s] -- Up-to-date symlink: /home/tdeng23/ros2_ws/install/crazyflie_interfaces/include/crazyflie_interfaces/srv/detail/start_trajectory__rosidl_typesupport_fastrtps_cpp.hpp
[2.275s] -- Up-to-date symlink: /home/tdeng23/ros2_ws/install/crazyflie_interfaces/include/crazyflie_interfaces/srv/detail/stop__rosidl_typesupport_fastrtps_cpp.hpp
[2.275s] -- Up-to-date symlink: /home/tdeng23/ros2_ws/install/crazyflie_interfaces/include/crazyflie_interfaces/srv/detail/takeoff__rosidl_typesupport_fastrtps_cpp.hpp
[2.276s] -- Up-to-date symlink: /home/tdeng23/ros2_ws/install/crazyflie_interfaces/include/crazyflie_interfaces/srv/detail/update_params__rosidl_typesupport_fastrtps_cpp.hpp
[2.276s] -- Up-to-date symlink: /home/tdeng23/ros2_ws/install/crazyflie_interfaces/include/crazyflie_interfaces/srv/detail/upload_trajectory__rosidl_typesupport_fastrtps_cpp.hpp
[2.276s] -- Up-to-date symlink: /home/tdeng23/ros2_ws/install/crazyflie_interfaces/lib/libcrazyflie_interfaces__rosidl_typesupport_fastrtps_cpp.so
[2.277s] -- Up-to-date symlink: /home/tdeng23/ros2_ws/install/crazyflie_interfaces/include/crazyflie_interfaces/msg/detail/full_state__rosidl_typesupport_introspection_c.h
[2.277s] -- Up-to-date symlink: /home/tdeng23/ros2_ws/install/crazyflie_interfaces/include/crazyflie_interfaces/msg/detail/hover__rosidl_typesupport_introspection_c.h
[2.278s] -- Up-to-date symlink: /home/tdeng23/ros2_ws/install/crazyflie_interfaces/include/crazyflie_interfaces/msg/detail/log_block__rosidl_typesupport_introspection_c.h
[2.278s] -- Up-to-date symlink: /home/tdeng23/ros2_ws/install/crazyflie_interfaces/include/crazyflie_interfaces/msg/detail/log_data_generic__rosidl_typesupport_introspection_c.h
[2.278s] -- Up-to-date symlink: /home/tdeng23/ros2_ws/install/crazyflie_interfaces/include/crazyflie_interfaces/msg/detail/position__rosidl_typesupport_introspection_c.h
[2.278s] -- Up-to-date symlink: /home/tdeng23/ros2_ws/install/crazyflie_interfaces/include/crazyflie_interfaces/msg/detail/trajectory_polynomial_piece__rosidl_typesupport_introspection_c.h
[2.279s] -- Up-to-date symlink: /home/tdeng23/ros2_ws/install/crazyflie_interfaces/include/crazyflie_interfaces/msg/detail/velocity_world__rosidl_typesupport_introspection_c.h
[2.279s] -- Up-to-date symlink: /home/tdeng23/ros2_ws/install/crazyflie_interfaces/include/crazyflie_interfaces/msg/rosidl_typesupport_introspection_c__visibility_control.h
[2.279s] -- Up-to-date symlink: /home/tdeng23/ros2_ws/install/crazyflie_interfaces/include/crazyflie_interfaces/srv/detail/add_logging__rosidl_typesupport_introspection_c.h
[2.279s] -- Up-to-date symlink: /home/tdeng23/ros2_ws/install/crazyflie_interfaces/include/crazyflie_interfaces/srv/detail/go_to__rosidl_typesupport_introspection_c.h
[2.280s] -- Up-to-date symlink: /home/tdeng23/ros2_ws/install/crazyflie_interfaces/include/crazyflie_interfaces/srv/detail/land__rosidl_typesupport_introspection_c.h
[2.280s] -- Up-to-date symlink: /home/tdeng23/ros2_ws/install/crazyflie_interfaces/include/crazyflie_interfaces/srv/detail/notify_setpoints_stop__rosidl_typesupport_introspection_c.h
[2.280s] -- Up-to-date symlink: /home/tdeng23/ros2_ws/install/crazyflie_interfaces/include/crazyflie_interfaces/srv/detail/remove_logging__rosidl_typesupport_introspection_c.h
[2.280s] -- Up-to-date symlink: /home/tdeng23/ros2_ws/install/crazyflie_interfaces/include/crazyflie_interfaces/srv/detail/set_group_mask__rosidl_typesupport_introspection_c.h
[2.281s] -- Up-to-date symlink: /home/tdeng23/ros2_ws/install/crazyflie_interfaces/include/crazyflie_interfaces/srv/detail/start_trajectory__rosidl_typesupport_introspection_c.h
[2.281s] -- Up-to-date symlink: /home/tdeng23/ros2_ws/install/crazyflie_interfaces/include/crazyflie_interfaces/srv/detail/stop__rosidl_typesupport_introspection_c.h
[2.281s] -- Up-to-date symlink: /home/tdeng23/ros2_ws/install/crazyflie_interfaces/include/crazyflie_interfaces/srv/detail/takeoff__rosidl_typesupport_introspection_c.h
[2.281s] -- Up-to-date symlink: /home/tdeng23/ros2_ws/install/crazyflie_interfaces/include/crazyflie_interfaces/srv/detail/update_params__rosidl_typesupport_introspection_c.h
[2.282s] -- Up-to-date symlink: /home/tdeng23/ros2_ws/install/crazyflie_interfaces/include/crazyflie_interfaces/srv/detail/upload_trajectory__rosidl_typesupport_introspection_c.h
[2.283s] -- Up-to-date symlink: /home/tdeng23/ros2_ws/install/crazyflie_interfaces/include/crazyflie_interfaces/msg/detail/full_state__builder.hpp
[2.283s] -- Up-to-date symlink: /home/tdeng23/ros2_ws/install/crazyflie_interfaces/include/crazyflie_interfaces/msg/detail/full_state__struct.hpp
[2.283s] -- Up-to-date symlink: /home/tdeng23/ros2_ws/install/crazyflie_interfaces/include/crazyflie_interfaces/msg/detail/full_state__traits.hpp
[2.283s] -- Up-to-date symlink: /home/tdeng23/ros2_ws/install/crazyflie_interfaces/include/crazyflie_interfaces/msg/detail/hover__builder.hpp
[2.283s] -- Up-to-date symlink: /home/tdeng23/ros2_ws/install/crazyflie_interfaces/include/crazyflie_interfaces/msg/detail/hover__struct.hpp
[2.284s] -- Up-to-date symlink: /home/tdeng23/ros2_ws/install/crazyflie_interfaces/include/crazyflie_interfaces/msg/detail/hover__traits.hpp
[2.284s] -- Up-to-date symlink: /home/tdeng23/ros2_ws/install/crazyflie_interfaces/include/crazyflie_interfaces/msg/detail/log_block__builder.hpp
[2.284s] -- Up-to-date symlink: /home/tdeng23/ros2_ws/install/crazyflie_interfaces/include/crazyflie_interfaces/msg/detail/log_block__struct.hpp
[2.284s] -- Up-to-date symlink: /home/tdeng23/ros2_ws/install/crazyflie_interfaces/include/crazyflie_interfaces/msg/detail/log_block__traits.hpp
[2.285s] -- Up-to-date symlink: /home/tdeng23/ros2_ws/install/crazyflie_interfaces/include/crazyflie_interfaces/msg/detail/log_data_generic__builder.hpp
[2.285s] -- Up-to-date symlink: /home/tdeng23/ros2_ws/install/crazyflie_interfaces/include/crazyflie_interfaces/msg/detail/log_data_generic__struct.hpp
[2.285s] -- Up-to-date symlink: /home/tdeng23/ros2_ws/install/crazyflie_interfaces/include/crazyflie_interfaces/msg/detail/log_data_generic__traits.hpp
[2.285s] -- Up-to-date symlink: /home/tdeng23/ros2_ws/install/crazyflie_interfaces/include/crazyflie_interfaces/msg/detail/position__builder.hpp
[2.286s] -- Up-to-date symlink: /home/tdeng23/ros2_ws/install/crazyflie_interfaces/include/crazyflie_interfaces/msg/detail/position__struct.hpp
[2.286s] -- Up-to-date symlink: /home/tdeng23/ros2_ws/install/crazyflie_interfaces/include/crazyflie_interfaces/msg/detail/position__traits.hpp
[2.286s] -- Up-to-date symlink: /home/tdeng23/ros2_ws/install/crazyflie_interfaces/include/crazyflie_interfaces/msg/detail/trajectory_polynomial_piece__builder.hpp
[2.286s] -- Up-to-date symlink: /home/tdeng23/ros2_ws/install/crazyflie_interfaces/include/crazyflie_interfaces/msg/detail/trajectory_polynomial_piece__struct.hpp
[2.286s] -- Up-to-date symlink: /home/tdeng23/ros2_ws/install/crazyflie_interfaces/include/crazyflie_interfaces/msg/detail/trajectory_polynomial_piece__traits.hpp
[2.287s] -- Up-to-date symlink: /home/tdeng23/ros2_ws/install/crazyflie_interfaces/include/crazyflie_interfaces/msg/detail/velocity_world__builder.hpp
[2.287s] -- Up-to-date symlink: /home/tdeng23/ros2_ws/install/crazyflie_interfaces/include/crazyflie_interfaces/msg/detail/velocity_world__struct.hpp
[2.287s] -- Up-to-date symlink: /home/tdeng23/ros2_ws/install/crazyflie_interfaces/include/crazyflie_interfaces/msg/detail/velocity_world__traits.hpp
[2.287s] -- Up-to-date symlink: /home/tdeng23/ros2_ws/install/crazyflie_interfaces/include/crazyflie_interfaces/msg/full_state.hpp
[2.288s] -- Up-to-date symlink: /home/tdeng23/ros2_ws/install/crazyflie_interfaces/include/crazyflie_interfaces/msg/hover.hpp
[2.288s] -- Up-to-date symlink: /home/tdeng23/ros2_ws/install/crazyflie_interfaces/include/crazyflie_interfaces/msg/log_block.hpp
[2.288s] -- Up-to-date symlink: /home/tdeng23/ros2_ws/install/crazyflie_interfaces/include/crazyflie_interfaces/msg/log_data_generic.hpp
[2.288s] -- Up-to-date symlink: /home/tdeng23/ros2_ws/install/crazyflie_interfaces/include/crazyflie_interfaces/msg/position.hpp
[2.288s] -- Up-to-date symlink: /home/tdeng23/ros2_ws/install/crazyflie_interfaces/include/crazyflie_interfaces/msg/trajectory_polynomial_piece.hpp
[2.289s] -- Up-to-date symlink: /home/tdeng23/ros2_ws/install/crazyflie_interfaces/include/crazyflie_interfaces/msg/velocity_world.hpp
[2.289s] -- Up-to-date symlink: /home/tdeng23/ros2_ws/install/crazyflie_interfaces/include/crazyflie_interfaces/srv/add_logging.hpp
[2.289s] -- Up-to-date symlink: /home/tdeng23/ros2_ws/install/crazyflie_interfaces/include/crazyflie_interfaces/srv/detail/add_logging__builder.hpp
[2.289s] -- Up-to-date symlink: /home/tdeng23/ros2_ws/install/crazyflie_interfaces/include/crazyflie_interfaces/srv/detail/add_logging__struct.hpp
[2.290s] -- Up-to-date symlink: /home/tdeng23/ros2_ws/install/crazyflie_interfaces/include/crazyflie_interfaces/srv/detail/add_logging__traits.hpp
[2.290s] -- Up-to-date symlink: /home/tdeng23/ros2_ws/install/crazyflie_interfaces/include/crazyflie_interfaces/srv/detail/go_to__builder.hpp
[2.290s] -- Up-to-date symlink: /home/tdeng23/ros2_ws/install/crazyflie_interfaces/include/crazyflie_interfaces/srv/detail/go_to__struct.hpp
[2.290s] -- Up-to-date symlink: /home/tdeng23/ros2_ws/install/crazyflie_interfaces/include/crazyflie_interfaces/srv/detail/go_to__traits.hpp
[2.291s] -- Up-to-date symlink: /home/tdeng23/ros2_ws/install/crazyflie_interfaces/include/crazyflie_interfaces/srv/detail/land__builder.hpp
[2.291s] -- Up-to-date symlink: /home/tdeng23/ros2_ws/install/crazyflie_interfaces/include/crazyflie_interfaces/srv/detail/land__struct.hpp
[2.291s] -- Up-to-date symlink: /home/tdeng23/ros2_ws/install/crazyflie_interfaces/include/crazyflie_interfaces/srv/detail/land__traits.hpp
[2.291s] -- Up-to-date symlink: /home/tdeng23/ros2_ws/install/crazyflie_interfaces/include/crazyflie_interfaces/srv/detail/notify_setpoints_stop__builder.hpp
[2.292s] -- Up-to-date symlink: /home/tdeng23/ros2_ws/install/crazyflie_interfaces/include/crazyflie_interfaces/srv/detail/notify_setpoints_stop__struct.hpp
[2.292s] -- Up-to-date symlink: /home/tdeng23/ros2_ws/install/crazyflie_interfaces/include/crazyflie_interfaces/srv/detail/notify_setpoints_stop__traits.hpp
[2.292s] -- Up-to-date symlink: /home/tdeng23/ros2_ws/install/crazyflie_interfaces/include/crazyflie_interfaces/srv/detail/remove_logging__builder.hpp
[2.292s] -- Up-to-date symlink: /home/tdeng23/ros2_ws/install/crazyflie_interfaces/include/crazyflie_interfaces/srv/detail/remove_logging__struct.hpp
[2.293s] -- Up-to-date symlink: /home/tdeng23/ros2_ws/install/crazyflie_interfaces/include/crazyflie_interfaces/srv/detail/remove_logging__traits.hpp
[2.293s] -- Up-to-date symlink: /home/tdeng23/ros2_ws/install/crazyflie_interfaces/include/crazyflie_interfaces/srv/detail/set_group_mask__builder.hpp
[2.293s] -- Up-to-date symlink: /home/tdeng23/ros2_ws/install/crazyflie_interfaces/include/crazyflie_interfaces/srv/detail/set_group_mask__struct.hpp
[2.293s] -- Up-to-date symlink: /home/tdeng23/ros2_ws/install/crazyflie_interfaces/include/crazyflie_interfaces/srv/detail/set_group_mask__traits.hpp
[2.294s] -- Up-to-date symlink: /home/tdeng23/ros2_ws/install/crazyflie_interfaces/include/crazyflie_interfaces/srv/detail/start_trajectory__builder.hpp
[2.294s] -- Up-to-date symlink: /home/tdeng23/ros2_ws/install/crazyflie_interfaces/include/crazyflie_interfaces/srv/detail/start_trajectory__struct.hpp
[2.294s] -- Up-to-date symlink: /home/tdeng23/ros2_ws/install/crazyflie_interfaces/include/crazyflie_interfaces/srv/detail/start_trajectory__traits.hpp
[2.294s] -- Up-to-date symlink: /home/tdeng23/ros2_ws/install/crazyflie_interfaces/include/crazyflie_interfaces/srv/detail/stop__builder.hpp
[2.294s] -- Up-to-date symlink: /home/tdeng23/ros2_ws/install/crazyflie_interfaces/include/crazyflie_interfaces/srv/detail/stop__struct.hpp
[2.295s] -- Up-to-date symlink: /home/tdeng23/ros2_ws/install/crazyflie_interfaces/include/crazyflie_interfaces/srv/detail/stop__traits.hpp
[2.295s] -- Up-to-date symlink: /home/tdeng23/ros2_ws/install/crazyflie_interfaces/include/crazyflie_interfaces/srv/detail/takeoff__builder.hpp
[2.295s] -- Up-to-date symlink: /home/tdeng23/ros2_ws/install/crazyflie_interfaces/include/crazyflie_interfaces/srv/detail/takeoff__struct.hpp
[2.295s] -- Up-to-date symlink: /home/tdeng23/ros2_ws/install/crazyflie_interfaces/include/crazyflie_interfaces/srv/detail/takeoff__traits.hpp
[2.296s] -- Up-to-date symlink: /home/tdeng23/ros2_ws/install/crazyflie_interfaces/include/crazyflie_interfaces/srv/detail/update_params__builder.hpp
[2.296s] -- Up-to-date symlink: /home/tdeng23/ros2_ws/install/crazyflie_interfaces/include/crazyflie_interfaces/srv/detail/update_params__struct.hpp
[2.296s] -- Up-to-date symlink: /home/tdeng23/ros2_ws/install/crazyflie_interfaces/include/crazyflie_interfaces/srv/detail/update_params__traits.hpp
[2.296s] -- Up-to-date symlink: /home/tdeng23/ros2_ws/install/crazyflie_interfaces/include/crazyflie_interfaces/srv/detail/upload_trajectory__builder.hpp
[2.297s] -- Up-to-date symlink: /home/tdeng23/ros2_ws/install/crazyflie_interfaces/include/crazyflie_interfaces/srv/detail/upload_trajectory__struct.hpp
[2.297s] -- Up-to-date symlink: /home/tdeng23/ros2_ws/install/crazyflie_interfaces/include/crazyflie_interfaces/srv/detail/upload_trajectory__traits.hpp
[2.297s] -- Up-to-date symlink: /home/tdeng23/ros2_ws/install/crazyflie_interfaces/include/crazyflie_interfaces/srv/go_to.hpp
[2.297s] -- Up-to-date symlink: /home/tdeng23/ros2_ws/install/crazyflie_interfaces/include/crazyflie_interfaces/srv/land.hpp
[2.298s] -- Up-to-date symlink: /home/tdeng23/ros2_ws/install/crazyflie_interfaces/include/crazyflie_interfaces/srv/notify_setpoints_stop.hpp
[2.298s] -- Up-to-date symlink: /home/tdeng23/ros2_ws/install/crazyflie_interfaces/include/crazyflie_interfaces/srv/remove_logging.hpp
[2.298s] -- Up-to-date symlink: /home/tdeng23/ros2_ws/install/crazyflie_interfaces/include/crazyflie_interfaces/srv/set_group_mask.hpp
[2.299s] -- Up-to-date symlink: /home/tdeng23/ros2_ws/install/crazyflie_interfaces/include/crazyflie_interfaces/srv/start_trajectory.hpp
[2.299s] -- Up-to-date symlink: /home/tdeng23/ros2_ws/install/crazyflie_interfaces/include/crazyflie_interfaces/srv/stop.hpp
[2.299s] -- Up-to-date symlink: /home/tdeng23/ros2_ws/install/crazyflie_interfaces/include/crazyflie_interfaces/srv/takeoff.hpp
[2.299s] -- Up-to-date symlink: /home/tdeng23/ros2_ws/install/crazyflie_interfaces/include/crazyflie_interfaces/srv/update_params.hpp
[2.300s] -- Up-to-date symlink: /home/tdeng23/ros2_ws/install/crazyflie_interfaces/include/crazyflie_interfaces/srv/upload_trajectory.hpp
[2.300s] -- Up-to-date symlink: /home/tdeng23/ros2_ws/install/crazyflie_interfaces/include/crazyflie_interfaces/msg/detail/full_state__rosidl_typesupport_introspection_cpp.hpp
[2.301s] -- Up-to-date symlink: /home/tdeng23/ros2_ws/install/crazyflie_interfaces/include/crazyflie_interfaces/msg/detail/hover__rosidl_typesupport_introspection_cpp.hpp
[2.301s] -- Up-to-date symlink: /home/tdeng23/ros2_ws/install/crazyflie_interfaces/include/crazyflie_interfaces/msg/detail/log_block__rosidl_typesupport_introspection_cpp.hpp
[2.301s] -- Up-to-date symlink: /home/tdeng23/ros2_ws/install/crazyflie_interfaces/include/crazyflie_interfaces/msg/detail/log_data_generic__rosidl_typesupport_introspection_cpp.hpp
[2.302s] -- Up-to-date symlink: /home/tdeng23/ros2_ws/install/crazyflie_interfaces/include/crazyflie_interfaces/msg/detail/position__rosidl_typesupport_introspection_cpp.hpp
[2.302s] -- Up-to-date symlink: /home/tdeng23/ros2_ws/install/crazyflie_interfaces/include/crazyflie_interfaces/msg/detail/trajectory_polynomial_piece__rosidl_typesupport_introspection_cpp.hpp
[2.302s] -- Up-to-date symlink: /home/tdeng23/ros2_ws/install/crazyflie_interfaces/include/crazyflie_interfaces/msg/detail/velocity_world__rosidl_typesupport_introspection_cpp.hpp
[2.303s] -- Up-to-date symlink: /home/tdeng23/ros2_ws/install/crazyflie_interfaces/include/crazyflie_interfaces/srv/detail/add_logging__rosidl_typesupport_introspection_cpp.hpp
[2.303s] -- Up-to-date symlink: /home/tdeng23/ros2_ws/install/crazyflie_interfaces/include/crazyflie_interfaces/srv/detail/go_to__rosidl_typesupport_introspection_cpp.hpp
[2.303s] -- Up-to-date symlink: /home/tdeng23/ros2_ws/install/crazyflie_interfaces/include/crazyflie_interfaces/srv/detail/land__rosidl_typesupport_introspection_cpp.hpp
[2.304s] -- Up-to-date symlink: /home/tdeng23/ros2_ws/install/crazyflie_interfaces/include/crazyflie_interfaces/srv/detail/notify_setpoints_stop__rosidl_typesupport_introspection_cpp.hpp
[2.304s] -- Up-to-date symlink: /home/tdeng23/ros2_ws/install/crazyflie_interfaces/include/crazyflie_interfaces/srv/detail/remove_logging__rosidl_typesupport_introspection_cpp.hpp
[2.304s] -- Up-to-date symlink: /home/tdeng23/ros2_ws/install/crazyflie_interfaces/include/crazyflie_interfaces/srv/detail/set_group_mask__rosidl_typesupport_introspection_cpp.hpp
[2.305s] -- Up-to-date symlink: /home/tdeng23/ros2_ws/install/crazyflie_interfaces/include/crazyflie_interfaces/srv/detail/start_trajectory__rosidl_typesupport_introspection_cpp.hpp
[2.305s] -- Up-to-date symlink: /home/tdeng23/ros2_ws/install/crazyflie_interfaces/include/crazyflie_interfaces/srv/detail/stop__rosidl_typesupport_introspection_cpp.hpp
[2.305s] -- Up-to-date symlink: /home/tdeng23/ros2_ws/install/crazyflie_interfaces/include/crazyflie_interfaces/srv/detail/takeoff__rosidl_typesupport_introspection_cpp.hpp
[2.305s] -- Up-to-date symlink: /home/tdeng23/ros2_ws/install/crazyflie_interfaces/include/crazyflie_interfaces/srv/detail/update_params__rosidl_typesupport_introspection_cpp.hpp
[2.306s] -- Up-to-date symlink: /home/tdeng23/ros2_ws/install/crazyflie_interfaces/include/crazyflie_interfaces/srv/detail/upload_trajectory__rosidl_typesupport_introspection_cpp.hpp
[2.306s] -- Up-to-date symlink: /home/tdeng23/ros2_ws/install/crazyflie_interfaces/share/crazyflie_interfaces/environment/pythonpath.sh
[2.307s] -- Up-to-date symlink: /home/tdeng23/ros2_ws/install/crazyflie_interfaces/share/crazyflie_interfaces/environment/pythonpath.dsv
[2.307s] -- Up-to-date symlink: /home/tdeng23/ros2_ws/install/crazyflie_interfaces/lib/python3.8/site-packages/crazyflie_interfaces/__init__.py
[2.308s] -- Up-to-date symlink: /home/tdeng23/ros2_ws/install/crazyflie_interfaces/lib/python3.8/site-packages/crazyflie_interfaces/msg/__init__.py
[2.309s] -- Up-to-date symlink: /home/tdeng23/ros2_ws/install/crazyflie_interfaces/lib/python3.8/site-packages/crazyflie_interfaces/msg/_full_state.py
[2.309s] -- Up-to-date symlink: /home/tdeng23/ros2_ws/install/crazyflie_interfaces/lib/python3.8/site-packages/crazyflie_interfaces/msg/_hover.py
[2.309s] -- Up-to-date symlink: /home/tdeng23/ros2_ws/install/crazyflie_interfaces/lib/python3.8/site-packages/crazyflie_interfaces/msg/_log_block.py
[2.309s] -- Up-to-date symlink: /home/tdeng23/ros2_ws/install/crazyflie_interfaces/lib/python3.8/site-packages/crazyflie_interfaces/msg/_log_data_generic.py
[2.310s] -- Up-to-date symlink: /home/tdeng23/ros2_ws/install/crazyflie_interfaces/lib/python3.8/site-packages/crazyflie_interfaces/msg/_position.py
[2.310s] -- Up-to-date symlink: /home/tdeng23/ros2_ws/install/crazyflie_interfaces/lib/python3.8/site-packages/crazyflie_interfaces/msg/_trajectory_polynomial_piece.py
[2.310s] -- Up-to-date symlink: /home/tdeng23/ros2_ws/install/crazyflie_interfaces/lib/python3.8/site-packages/crazyflie_interfaces/msg/_velocity_world.py
[2.311s] -- Up-to-date symlink: /home/tdeng23/ros2_ws/install/crazyflie_interfaces/lib/python3.8/site-packages/crazyflie_interfaces/srv/__init__.py
[2.312s] -- Up-to-date symlink: /home/tdeng23/ros2_ws/install/crazyflie_interfaces/lib/python3.8/site-packages/crazyflie_interfaces/srv/_add_logging.py
[2.312s] -- Up-to-date symlink: /home/tdeng23/ros2_ws/install/crazyflie_interfaces/lib/python3.8/site-packages/crazyflie_interfaces/srv/_go_to.py
[2.312s] -- Up-to-date symlink: /home/tdeng23/ros2_ws/install/crazyflie_interfaces/lib/python3.8/site-packages/crazyflie_interfaces/srv/_land.py
[2.313s] -- Up-to-date symlink: /home/tdeng23/ros2_ws/install/crazyflie_interfaces/lib/python3.8/site-packages/crazyflie_interfaces/srv/_notify_setpoints_stop.py
[2.313s] -- Up-to-date symlink: /home/tdeng23/ros2_ws/install/crazyflie_interfaces/lib/python3.8/site-packages/crazyflie_interfaces/srv/_remove_logging.py
[2.313s] -- Up-to-date symlink: /home/tdeng23/ros2_ws/install/crazyflie_interfaces/lib/python3.8/site-packages/crazyflie_interfaces/srv/_set_group_mask.py
[2.314s] -- Up-to-date symlink: /home/tdeng23/ros2_ws/install/crazyflie_interfaces/lib/python3.8/site-packages/crazyflie_interfaces/srv/_start_trajectory.py
[2.314s] -- Up-to-date symlink: /home/tdeng23/ros2_ws/install/crazyflie_interfaces/lib/python3.8/site-packages/crazyflie_interfaces/srv/_stop.py
[2.314s] -- Up-to-date symlink: /home/tdeng23/ros2_ws/install/crazyflie_interfaces/lib/python3.8/site-packages/crazyflie_interfaces/srv/_takeoff.py
[2.314s] -- Up-to-date symlink: /home/tdeng23/ros2_ws/install/crazyflie_interfaces/lib/python3.8/site-packages/crazyflie_interfaces/srv/_update_params.py
[2.315s] -- Up-to-date symlink: /home/tdeng23/ros2_ws/install/crazyflie_interfaces/lib/python3.8/site-packages/crazyflie_interfaces/srv/_upload_trajectory.py
[2.315s] -- Up-to-date symlink: /home/tdeng23/ros2_ws/install/crazyflie_interfaces/lib/python3.8/site-packages/crazyflie_interfaces/crazyflie_interfaces_s__rosidl_typesupport_fastrtps_c.cpython-38-x86_64-linux-gnu.so
[2.316s] -- Up-to-date symlink: /home/tdeng23/ros2_ws/install/crazyflie_interfaces/lib/python3.8/site-packages/crazyflie_interfaces/crazyflie_interfaces_s__rosidl_typesupport_introspection_c.cpython-38-x86_64-linux-gnu.so
[2.316s] -- Up-to-date symlink: /home/tdeng23/ros2_ws/install/crazyflie_interfaces/lib/python3.8/site-packages/crazyflie_interfaces/crazyflie_interfaces_s__rosidl_typesupport_c.cpython-38-x86_64-linux-gnu.so
[2.317s] -- Up-to-date symlink: /home/tdeng23/ros2_ws/install/crazyflie_interfaces/lib/libcrazyflie_interfaces__python.so
[2.317s] -- Up-to-date symlink: /home/tdeng23/ros2_ws/install/crazyflie_interfaces/share/crazyflie_interfaces/msg/FullState.idl
[2.318s] -- Up-to-date symlink: /home/tdeng23/ros2_ws/install/crazyflie_interfaces/share/crazyflie_interfaces/msg/LogDataGeneric.idl
[2.318s] -- Up-to-date symlink: /home/tdeng23/ros2_ws/install/crazyflie_interfaces/share/crazyflie_interfaces/msg/Hover.idl
[2.318s] -- Up-to-date symlink: /home/tdeng23/ros2_ws/install/crazyflie_interfaces/share/crazyflie_interfaces/msg/LogBlock.idl
[2.319s] -- Up-to-date symlink: /home/tdeng23/ros2_ws/install/crazyflie_interfaces/share/crazyflie_interfaces/msg/Position.idl
[2.319s] -- Up-to-date symlink: /home/tdeng23/ros2_ws/install/crazyflie_interfaces/share/crazyflie_interfaces/msg/TrajectoryPolynomialPiece.idl
[2.319s] -- Up-to-date symlink: /home/tdeng23/ros2_ws/install/crazyflie_interfaces/share/crazyflie_interfaces/msg/VelocityWorld.idl
[2.320s] -- Up-to-date symlink: /home/tdeng23/ros2_ws/install/crazyflie_interfaces/share/crazyflie_interfaces/srv/GoTo.idl
[2.320s] -- Up-to-date symlink: /home/tdeng23/ros2_ws/install/crazyflie_interfaces/share/crazyflie_interfaces/srv/Land.idl
[2.320s] -- Up-to-date symlink: /home/tdeng23/ros2_ws/install/crazyflie_interfaces/share/crazyflie_interfaces/srv/NotifySetpointsStop.idl
[2.321s] -- Up-to-date symlink: /home/tdeng23/ros2_ws/install/crazyflie_interfaces/share/crazyflie_interfaces/srv/SetGroupMask.idl
[2.321s] -- Up-to-date symlink: /home/tdeng23/ros2_ws/install/crazyflie_interfaces/share/crazyflie_interfaces/srv/StartTrajectory.idl
[2.321s] -- Up-to-date symlink: /home/tdeng23/ros2_ws/install/crazyflie_interfaces/share/crazyflie_interfaces/srv/Stop.idl
[2.322s] -- Up-to-date symlink: /home/tdeng23/ros2_ws/install/crazyflie_interfaces/share/crazyflie_interfaces/srv/Takeoff.idl
[2.322s] -- Up-to-date symlink: /home/tdeng23/ros2_ws/install/crazyflie_interfaces/share/crazyflie_interfaces/srv/UpdateParams.idl
[2.322s] -- Up-to-date symlink: /home/tdeng23/ros2_ws/install/crazyflie_interfaces/share/crazyflie_interfaces/srv/UploadTrajectory.idl
[2.322s] -- Up-to-date symlink: /home/tdeng23/ros2_ws/install/crazyflie_interfaces/share/crazyflie_interfaces/srv/RemoveLogging.idl
[2.323s] -- Up-to-date symlink: /home/tdeng23/ros2_ws/install/crazyflie_interfaces/share/crazyflie_interfaces/srv/AddLogging.idl
[2.323s] -- Up-to-date symlink: /home/tdeng23/ros2_ws/install/crazyflie_interfaces/share/crazyflie_interfaces/msg/FullState.msg
[2.323s] -- Up-to-date symlink: /home/tdeng23/ros2_ws/install/crazyflie_interfaces/share/crazyflie_interfaces/msg/LogDataGeneric.msg
[2.324s] -- Up-to-date symlink: /home/tdeng23/ros2_ws/install/crazyflie_interfaces/share/crazyflie_interfaces/msg/Hover.msg
[2.324s] -- Up-to-date symlink: /home/tdeng23/ros2_ws/install/crazyflie_interfaces/share/crazyflie_interfaces/msg/LogBlock.msg
[2.324s] -- Up-to-date symlink: /home/tdeng23/ros2_ws/install/crazyflie_interfaces/share/crazyflie_interfaces/msg/Position.msg
[2.325s] -- Up-to-date symlink: /home/tdeng23/ros2_ws/install/crazyflie_interfaces/share/crazyflie_interfaces/msg/TrajectoryPolynomialPiece.msg
[2.325s] -- Up-to-date symlink: /home/tdeng23/ros2_ws/install/crazyflie_interfaces/share/crazyflie_interfaces/msg/VelocityWorld.msg
[2.325s] -- Up-to-date symlink: /home/tdeng23/ros2_ws/install/crazyflie_interfaces/share/crazyflie_interfaces/srv/GoTo.srv
[2.326s] -- Up-to-date symlink: /home/tdeng23/ros2_ws/install/crazyflie_interfaces/share/crazyflie_interfaces/srv/GoTo_Request.msg
[2.326s] -- Up-to-date symlink: /home/tdeng23/ros2_ws/install/crazyflie_interfaces/share/crazyflie_interfaces/srv/GoTo_Response.msg
[2.326s] -- Up-to-date symlink: /home/tdeng23/ros2_ws/install/crazyflie_interfaces/share/crazyflie_interfaces/srv/Land.srv
[2.327s] -- Up-to-date symlink: /home/tdeng23/ros2_ws/install/crazyflie_interfaces/share/crazyflie_interfaces/srv/Land_Request.msg
[2.327s] -- Up-to-date symlink: /home/tdeng23/ros2_ws/install/crazyflie_interfaces/share/crazyflie_interfaces/srv/Land_Response.msg
[2.328s] -- Up-to-date symlink: /home/tdeng23/ros2_ws/install/crazyflie_interfaces/share/crazyflie_interfaces/srv/NotifySetpointsStop.srv
[2.328s] -- Up-to-date symlink: /home/tdeng23/ros2_ws/install/crazyflie_interfaces/share/crazyflie_interfaces/srv/NotifySetpointsStop_Request.msg
[2.328s] -- Up-to-date symlink: /home/tdeng23/ros2_ws/install/crazyflie_interfaces/share/crazyflie_interfaces/srv/NotifySetpointsStop_Response.msg
[2.328s] -- Up-to-date symlink: /home/tdeng23/ros2_ws/install/crazyflie_interfaces/share/crazyflie_interfaces/srv/SetGroupMask.srv
[2.329s] -- Up-to-date symlink: /home/tdeng23/ros2_ws/install/crazyflie_interfaces/share/crazyflie_interfaces/srv/SetGroupMask_Request.msg
[2.329s] -- Up-to-date symlink: /home/tdeng23/ros2_ws/install/crazyflie_interfaces/share/crazyflie_interfaces/srv/SetGroupMask_Response.msg
[2.330s] -- Up-to-date symlink: /home/tdeng23/ros2_ws/install/crazyflie_interfaces/share/crazyflie_interfaces/srv/StartTrajectory.srv
[2.330s] -- Up-to-date symlink: /home/tdeng23/ros2_ws/install/crazyflie_interfaces/share/crazyflie_interfaces/srv/StartTrajectory_Request.msg
[2.330s] -- Up-to-date symlink: /home/tdeng23/ros2_ws/install/crazyflie_interfaces/share/crazyflie_interfaces/srv/StartTrajectory_Response.msg
[2.331s] -- Up-to-date symlink: /home/tdeng23/ros2_ws/install/crazyflie_interfaces/share/crazyflie_interfaces/srv/Stop.srv
[2.331s] -- Up-to-date symlink: /home/tdeng23/ros2_ws/install/crazyflie_interfaces/share/crazyflie_interfaces/srv/Stop_Request.msg
[2.331s] -- Up-to-date symlink: /home/tdeng23/ros2_ws/install/crazyflie_interfaces/share/crazyflie_interfaces/srv/Stop_Response.msg
[2.332s] -- Up-to-date symlink: /home/tdeng23/ros2_ws/install/crazyflie_interfaces/share/crazyflie_interfaces/srv/Takeoff.srv
[2.332s] -- Up-to-date symlink: /home/tdeng23/ros2_ws/install/crazyflie_interfaces/share/crazyflie_interfaces/srv/Takeoff_Request.msg
[2.332s] -- Up-to-date symlink: /home/tdeng23/ros2_ws/install/crazyflie_interfaces/share/crazyflie_interfaces/srv/Takeoff_Response.msg
[2.333s] -- Up-to-date symlink: /home/tdeng23/ros2_ws/install/crazyflie_interfaces/share/crazyflie_interfaces/srv/UpdateParams.srv
[2.333s] -- Up-to-date symlink: /home/tdeng23/ros2_ws/install/crazyflie_interfaces/share/crazyflie_interfaces/srv/UpdateParams_Request.msg
[2.333s] -- Up-to-date symlink: /home/tdeng23/ros2_ws/install/crazyflie_interfaces/share/crazyflie_interfaces/srv/UpdateParams_Response.msg
[2.334s] -- Up-to-date symlink: /home/tdeng23/ros2_ws/install/crazyflie_interfaces/share/crazyflie_interfaces/srv/UploadTrajectory.srv
[2.334s] -- Up-to-date symlink: /home/tdeng23/ros2_ws/install/crazyflie_interfaces/share/crazyflie_interfaces/srv/UploadTrajectory_Request.msg
[2.334s] -- Up-to-date symlink: /home/tdeng23/ros2_ws/install/crazyflie_interfaces/share/crazyflie_interfaces/srv/UploadTrajectory_Response.msg
[2.335s] -- Up-to-date symlink: /home/tdeng23/ros2_ws/install/crazyflie_interfaces/share/crazyflie_interfaces/srv/RemoveLogging.srv
[2.335s] -- Up-to-date symlink: /home/tdeng23/ros2_ws/install/crazyflie_interfaces/share/crazyflie_interfaces/srv/RemoveLogging_Request.msg
[2.335s] -- Up-to-date symlink: /home/tdeng23/ros2_ws/install/crazyflie_interfaces/share/crazyflie_interfaces/srv/RemoveLogging_Response.msg
[2.336s] -- Up-to-date symlink: /home/tdeng23/ros2_ws/install/crazyflie_interfaces/share/crazyflie_interfaces/srv/AddLogging.srv
[2.336s] -- Up-to-date symlink: /home/tdeng23/ros2_ws/install/crazyflie_interfaces/share/crazyflie_interfaces/srv/AddLogging_Request.msg
[2.336s] -- Up-to-date symlink: /home/tdeng23/ros2_ws/install/crazyflie_interfaces/share/crazyflie_interfaces/srv/AddLogging_Response.msg
[2.336s] -- Up-to-date symlink: /home/tdeng23/ros2_ws/install/crazyflie_interfaces/share/ament_index/resource_index/package_run_dependencies/crazyflie_interfaces
[2.337s] -- Up-to-date symlink: /home/tdeng23/ros2_ws/install/crazyflie_interfaces/share/ament_index/resource_index/parent_prefix_path/crazyflie_interfaces
[2.337s] -- Up-to-date symlink: /home/tdeng23/ros2_ws/install/crazyflie_interfaces/share/crazyflie_interfaces/environment/ament_prefix_path.sh
[2.338s] -- Up-to-date symlink: /home/tdeng23/ros2_ws/install/crazyflie_interfaces/share/crazyflie_interfaces/environment/ament_prefix_path.dsv
[2.338s] -- Up-to-date symlink: /home/tdeng23/ros2_ws/install/crazyflie_interfaces/share/crazyflie_interfaces/environment/path.sh
[2.338s] -- Up-to-date symlink: /home/tdeng23/ros2_ws/install/crazyflie_interfaces/share/crazyflie_interfaces/environment/path.dsv
[2.339s] -- Up-to-date symlink: /home/tdeng23/ros2_ws/install/crazyflie_interfaces/share/crazyflie_interfaces/local_setup.bash
[2.339s] -- Up-to-date symlink: /home/tdeng23/ros2_ws/install/crazyflie_interfaces/share/crazyflie_interfaces/local_setup.sh
[2.339s] -- Up-to-date symlink: /home/tdeng23/ros2_ws/install/crazyflie_interfaces/share/crazyflie_interfaces/local_setup.zsh
[2.340s] -- Up-to-date symlink: /home/tdeng23/ros2_ws/install/crazyflie_interfaces/share/crazyflie_interfaces/local_setup.dsv
[2.340s] -- Symlinking: /home/tdeng23/ros2_ws/install/crazyflie_interfaces/share/crazyflie_interfaces/package.dsv
[2.349s] -- Up-to-date symlink: /home/tdeng23/ros2_ws/install/crazyflie_interfaces/share/ament_index/resource_index/packages/crazyflie_interfaces
[2.349s] -- Up-to-date symlink: /home/tdeng23/ros2_ws/install/crazyflie_interfaces/share/crazyflie_interfaces/cmake/rosidl_cmake-extras.cmake
[2.350s] -- Up-to-date symlink: /home/tdeng23/ros2_ws/install/crazyflie_interfaces/share/crazyflie_interfaces/cmake/ament_cmake_export_dependencies-extras.cmake
[2.350s] -- Up-to-date symlink: /home/tdeng23/ros2_ws/install/crazyflie_interfaces/share/crazyflie_interfaces/cmake/ament_cmake_export_libraries-extras.cmake
[2.350s] -- Up-to-date symlink: /home/tdeng23/ros2_ws/install/crazyflie_interfaces/share/crazyflie_interfaces/cmake/ament_cmake_export_targets-extras.cmake
[2.351s] -- Up-to-date symlink: /home/tdeng23/ros2_ws/install/crazyflie_interfaces/share/crazyflie_interfaces/cmake/ament_cmake_export_include_directories-extras.cmake
[2.351s] -- Up-to-date symlink: /home/tdeng23/ros2_ws/install/crazyflie_interfaces/share/crazyflie_interfaces/cmake/rosidl_cmake_export_typesupport_libraries-extras.cmake
[2.351s] -- Up-to-date symlink: /home/tdeng23/ros2_ws/install/crazyflie_interfaces/share/crazyflie_interfaces/cmake/rosidl_cmake_export_typesupport_targets-extras.cmake
[2.352s] -- Up-to-date symlink: /home/tdeng23/ros2_ws/install/crazyflie_interfaces/share/crazyflie_interfaces/cmake/crazyflie_interfacesConfig.cmake
[2.352s] -- Up-to-date symlink: /home/tdeng23/ros2_ws/install/crazyflie_interfaces/share/crazyflie_interfaces/cmake/crazyflie_interfacesConfig-version.cmake
[2.352s] -- Up-to-date symlink: /home/tdeng23/ros2_ws/install/crazyflie_interfaces/share/crazyflie_interfaces/package.xml
[2.353s] -- Up-to-date: /home/tdeng23/ros2_ws/install/crazyflie_interfaces/lib/libcrazyflie_interfaces__rosidl_generator_c.so
[2.354s] -- Up-to-date: /home/tdeng23/ros2_ws/install/crazyflie_interfaces/lib/libcrazyflie_interfaces__rosidl_typesupport_introspection_c.so
[2.354s] -- Up-to-date: /home/tdeng23/ros2_ws/install/crazyflie_interfaces/lib/libcrazyflie_interfaces__rosidl_typesupport_c.so
[2.355s] -- Up-to-date: /home/tdeng23/ros2_ws/install/crazyflie_interfaces/lib/libcrazyflie_interfaces__rosidl_typesupport_introspection_cpp.so
[2.355s] -- Up-to-date: /home/tdeng23/ros2_ws/install/crazyflie_interfaces/lib/libcrazyflie_interfaces__rosidl_typesupport_cpp.so
[2.386s] Compiling '/home/tdeng23/ros2_ws/install/crazyflie_interfaces/lib/python3.8/site-packages/crazyflie_interfaces/__init__.py'...
[2.389s] -- Up-to-date: /home/tdeng23/ros2_ws/install/crazyflie_interfaces/share/crazyflie_interfaces/cmake/crazyflie_interfaces__rosidl_generator_cExport.cmake
[2.389s] -- Installing: /home/tdeng23/ros2_ws/install/crazyflie_interfaces/share/crazyflie_interfaces/cmake/crazyflie_interfaces__rosidl_generator_cExport-noconfig.cmake
[2.390s] -- Up-to-date: /home/tdeng23/ros2_ws/install/crazyflie_interfaces/share/crazyflie_interfaces/cmake/crazyflie_interfaces__rosidl_typesupport_introspection_cExport.cmake
[2.390s] -- Installing: /home/tdeng23/ros2_ws/install/crazyflie_interfaces/share/crazyflie_interfaces/cmake/crazyflie_interfaces__rosidl_typesupport_introspection_cExport-noconfig.cmake
[2.390s] -- Up-to-date: /home/tdeng23/ros2_ws/install/crazyflie_interfaces/share/crazyflie_interfaces/cmake/crazyflie_interfaces__rosidl_typesupport_cExport.cmake
[2.390s] -- Installing: /home/tdeng23/ros2_ws/install/crazyflie_interfaces/share/crazyflie_interfaces/cmake/crazyflie_interfaces__rosidl_typesupport_cExport-noconfig.cmake
[2.391s] -- Up-to-date: /home/tdeng23/ros2_ws/install/crazyflie_interfaces/share/crazyflie_interfaces/cmake/crazyflie_interfaces__rosidl_generator_cppExport.cmake
[2.391s] -- Up-to-date: /home/tdeng23/ros2_ws/install/crazyflie_interfaces/share/crazyflie_interfaces/cmake/crazyflie_interfaces__rosidl_typesupport_introspection_cppExport.cmake
[2.391s] -- Installing: /home/tdeng23/ros2_ws/install/crazyflie_interfaces/share/crazyflie_interfaces/cmake/crazyflie_interfaces__rosidl_typesupport_introspection_cppExport-noconfig.cmake
[2.391s] -- Up-to-date: /home/tdeng23/ros2_ws/install/crazyflie_interfaces/share/crazyflie_interfaces/cmake/crazyflie_interfaces__rosidl_typesupport_cppExport.cmake
[2.391s] -- Installing: /home/tdeng23/ros2_ws/install/crazyflie_interfaces/share/crazyflie_interfaces/cmake/crazyflie_interfaces__rosidl_typesupport_cppExport-noconfig.cmake
[2.395s] Invoked command in '/home/tdeng23/ros2_ws/build/crazyflie_interfaces' returned '0': CMAKE_PREFIX_PATH=${CMAKE_PREFIX_PATH}:/home/tdeng23/ros2_ws/install/crazyflie_py:/opt/ros/galactic /usr/bin/cmake --install /home/tdeng23/ros2_ws/build/crazyflie_interfaces
