[1.058s] Invoking command in '/home/nicxe/ros2_ws/src/crazyswarm2/crazyflie_ros2_scan': PYTHONPATH=/home/nicxe/ros2_ws/build/crazyflie_ros2_scan/prefix_override:/home/nicxe/ros2_ws/install/crazyflie_ros2_scan/lib/python3.8/site-packages:${PYTHONPATH} /usr/bin/python3 setup.py egg_info --egg-base ../../../build/crazyflie_ros2_scan build --build-base /home/nicxe/ros2_ws/build/crazyflie_ros2_scan/build install --record /home/nicxe/ros2_ws/build/crazyflie_ros2_scan/install.log --single-version-externally-managed
[1.235s] running egg_info
[1.235s] writing ../../../build/crazyflie_ros2_scan/crazyflie_ros2_scan.egg-info/PKG-INFO
[1.235s] writing dependency_links to ../../../build/crazyflie_ros2_scan/crazyflie_ros2_scan.egg-info/dependency_links.txt
[1.235s] writing entry points to ../../../build/crazyflie_ros2_scan/crazyflie_ros2_scan.egg-info/entry_points.txt
[1.236s] writing requirements to ../../../build/crazyflie_ros2_scan/crazyflie_ros2_scan.egg-info/requires.txt
[1.236s] writing top-level names to ../../../build/crazyflie_ros2_scan/crazyflie_ros2_scan.egg-info/top_level.txt
[1.261s] reading manifest file '../../../build/crazyflie_ros2_scan/crazyflie_ros2_scan.egg-info/SOURCES.txt'
[1.262s] writing manifest file '../../../build/crazyflie_ros2_scan/crazyflie_ros2_scan.egg-info/SOURCES.txt'
[1.262s] running build
[1.262s] running build_py
[1.262s] running install
[1.263s] running install_lib
[1.264s] running install_data
[1.264s] running install_egg_info
[1.266s] removing '/home/nicxe/ros2_ws/install/crazyflie_ros2_scan/lib/python3.8/site-packages/crazyflie_ros2_scan-0.0.0-py3.8.egg-info' (and everything under it)
[1.267s] Copying ../../../build/crazyflie_ros2_scan/crazyflie_ros2_scan.egg-info to /home/nicxe/ros2_ws/install/crazyflie_ros2_scan/lib/python3.8/site-packages/crazyflie_ros2_scan-0.0.0-py3.8.egg-info
[1.267s] running install_scripts
[1.280s] Installing range_to_lidar script to /home/nicxe/ros2_ws/install/crazyflie_ros2_scan/lib/crazyflie_ros2_scan
[1.280s] writing list of installed files to '/home/nicxe/ros2_ws/build/crazyflie_ros2_scan/install.log'
[1.341s] Invoked command in '/home/nicxe/ros2_ws/src/crazyswarm2/crazyflie_ros2_scan' returned '0': PYTHONPATH=/home/nicxe/ros2_ws/build/crazyflie_ros2_scan/prefix_override:/home/nicxe/ros2_ws/install/crazyflie_ros2_scan/lib/python3.8/site-packages:${PYTHONPATH} /usr/bin/python3 setup.py egg_info --egg-base ../../../build/crazyflie_ros2_scan build --build-base /home/nicxe/ros2_ws/build/crazyflie_ros2_scan/build install --record /home/nicxe/ros2_ws/build/crazyflie_ros2_scan/install.log --single-version-externally-managed
