[0.864s] Invoking command in '/home/nicxe/ros2_ws/src/my_package': PYTHONPATH=/home/nicxe/ros2_ws/build/my_package/prefix_override:/home/nicxe/ros2_ws/install/my_package/lib/python3.8/site-packages:${PYTHONPATH} /usr/bin/python3 setup.py egg_info --egg-base ../../build/my_package build --build-base /home/nicxe/ros2_ws/build/my_package/build install --record /home/nicxe/ros2_ws/build/my_package/install.log --single-version-externally-managed
[1.148s] running egg_info
[1.148s] creating ../../build/my_package/my_package.egg-info
[1.148s] writing ../../build/my_package/my_package.egg-info/PKG-INFO
[1.149s] writing dependency_links to ../../build/my_package/my_package.egg-info/dependency_links.txt
[1.149s] writing entry points to ../../build/my_package/my_package.egg-info/entry_points.txt
[1.149s] writing requirements to ../../build/my_package/my_package.egg-info/requires.txt
[1.149s] writing top-level names to ../../build/my_package/my_package.egg-info/top_level.txt
[1.150s] writing manifest file '../../build/my_package/my_package.egg-info/SOURCES.txt'
[1.204s] reading manifest file '../../build/my_package/my_package.egg-info/SOURCES.txt'
[1.204s] writing manifest file '../../build/my_package/my_package.egg-info/SOURCES.txt'
[1.204s] running build
[1.204s] running build_py
[1.204s] creating /home/nicxe/ros2_ws/build/my_package/build
[1.205s] creating /home/nicxe/ros2_ws/build/my_package/build/lib
[1.206s] creating /home/nicxe/ros2_ws/build/my_package/build/lib/my_package
[1.206s] copying my_package/my_robot_driver.py -> /home/nicxe/ros2_ws/build/my_package/build/lib/my_package
[1.206s] copying my_package/__init__.py -> /home/nicxe/ros2_ws/build/my_package/build/lib/my_package
[1.207s] running install
[1.208s] running install_lib
[1.214s] creating /home/nicxe/ros2_ws/install/my_package/lib/python3.8/site-packages/my_package
[1.215s] copying /home/nicxe/ros2_ws/build/my_package/build/lib/my_package/my_robot_driver.py -> /home/nicxe/ros2_ws/install/my_package/lib/python3.8/site-packages/my_package
[1.215s] copying /home/nicxe/ros2_ws/build/my_package/build/lib/my_package/__init__.py -> /home/nicxe/ros2_ws/install/my_package/lib/python3.8/site-packages/my_package
[1.215s] byte-compiling /home/nicxe/ros2_ws/install/my_package/lib/python3.8/site-packages/my_package/my_robot_driver.py to my_robot_driver.cpython-38.pyc
[1.217s] byte-compiling /home/nicxe/ros2_ws/install/my_package/lib/python3.8/site-packages/my_package/__init__.py to __init__.cpython-38.pyc
[1.217s] running install_data
[1.218s] creating /home/nicxe/ros2_ws/install/my_package/share/ament_index
[1.218s] creating /home/nicxe/ros2_ws/install/my_package/share/ament_index/resource_index
[1.218s] creating /home/nicxe/ros2_ws/install/my_package/share/ament_index/resource_index/packages
[1.218s] copying resource/my_package -> /home/nicxe/ros2_ws/install/my_package/share/ament_index/resource_index/packages
[1.218s] copying package.xml -> /home/nicxe/ros2_ws/install/my_package/share/my_package
[1.219s] running install_egg_info
[1.226s] Copying ../../build/my_package/my_package.egg-info to /home/nicxe/ros2_ws/install/my_package/lib/python3.8/site-packages/my_package-0.0.0-py3.8.egg-info
[1.228s] running install_scripts
[1.269s] Installing my_robot_driver script to /home/nicxe/ros2_ws/install/my_package/lib/my_package
[1.270s] writing list of installed files to '/home/nicxe/ros2_ws/build/my_package/install.log'
[1.326s] Invoked command in '/home/nicxe/ros2_ws/src/my_package' returned '0': PYTHONPATH=/home/nicxe/ros2_ws/build/my_package/prefix_override:/home/nicxe/ros2_ws/install/my_package/lib/python3.8/site-packages:${PYTHONPATH} /usr/bin/python3 setup.py egg_info --egg-base ../../build/my_package build --build-base /home/nicxe/ros2_ws/build/my_package/build install --record /home/nicxe/ros2_ws/build/my_package/install.log --single-version-externally-managed
