-- Found ament_cmake: 1.1.6 (/opt/ros/galactic/share/ament_cmake/cmake)
-- Using PYTHON_EXECUTABLE: /usr/bin/python3
-- Override CMake install command with custom implementation using symlinks instead of copying resources
-- Found ament_lint_auto: 0.10.7 (/opt/ros/galactic/share/ament_lint_auto/cmake)
-- Added test 'copyright' to check source files copyright and LICENSE
-- Added test 'flake8' to check Python code syntax and style conventions
-- Added test 'lint_cmake' to check CMake code style
-- Added test 'pep257' to check Python code against some of the style conventions in PEP 257
-- Added test 'xmllint' to check XML markup files
-- Configuring done (0.3s)
-- Generating done (0.0s)
-- Build files have been written to: /home/tdeng23/ros2_ws/build/crazyflie_ros2_description
-- Install configuration: ""
-- Execute custom install script
-- Up-to-date symlink: /home/tdeng23/ros2_ws/install/crazyflie_ros2_description/share/crazyflie_ros2_description/launch/rviz_launch.py
-- Up-to-date symlink: /home/tdeng23/ros2_ws/install/crazyflie_ros2_description/share/crazyflie_ros2_description/urdf/crazyflie_description.urdf
-- Up-to-date symlink: /home/tdeng23/ros2_ws/install/crazyflie_ros2_description/share/crazyflie_ros2_description/rviz/crazyflie.rviz
-- Up-to-date symlink: /home/tdeng23/ros2_ws/install/crazyflie_ros2_description/share/crazyflie_ros2_description/meshes/ccw_prop.dae
-- Up-to-date symlink: /home/tdeng23/ros2_ws/install/crazyflie_ros2_description/share/crazyflie_ros2_description/meshes/cf2_assembly.dae
-- Up-to-date symlink: /home/tdeng23/ros2_ws/install/crazyflie_ros2_description/share/crazyflie_ros2_description/meshes/cf2_assembly.stl
-- Up-to-date symlink: /home/tdeng23/ros2_ws/install/crazyflie_ros2_description/share/crazyflie_ros2_description/meshes/cw_prop.dae
-- Up-to-date symlink: /home/tdeng23/ros2_ws/install/crazyflie_ros2_description/share/ament_index/resource_index/package_run_dependencies/crazyflie_ros2_description
-- Up-to-date symlink: /home/tdeng23/ros2_ws/install/crazyflie_ros2_description/share/ament_index/resource_index/parent_prefix_path/crazyflie_ros2_description
-- Up-to-date symlink: /home/tdeng23/ros2_ws/install/crazyflie_ros2_description/share/crazyflie_ros2_description/environment/ament_prefix_path.sh
-- Up-to-date symlink: /home/tdeng23/ros2_ws/install/crazyflie_ros2_description/share/crazyflie_ros2_description/environment/ament_prefix_path.dsv
-- Up-to-date symlink: /home/tdeng23/ros2_ws/install/crazyflie_ros2_description/share/crazyflie_ros2_description/environment/path.sh
-- Up-to-date symlink: /home/tdeng23/ros2_ws/install/crazyflie_ros2_description/share/crazyflie_ros2_description/environment/path.dsv
-- Up-to-date symlink: /home/tdeng23/ros2_ws/install/crazyflie_ros2_description/share/crazyflie_ros2_description/local_setup.bash
-- Up-to-date symlink: /home/tdeng23/ros2_ws/install/crazyflie_ros2_description/share/crazyflie_ros2_description/local_setup.sh
-- Up-to-date symlink: /home/tdeng23/ros2_ws/install/crazyflie_ros2_description/share/crazyflie_ros2_description/local_setup.zsh
-- Up-to-date symlink: /home/tdeng23/ros2_ws/install/crazyflie_ros2_description/share/crazyflie_ros2_description/local_setup.dsv
-- Symlinking: /home/tdeng23/ros2_ws/install/crazyflie_ros2_description/share/crazyflie_ros2_description/package.dsv
-- Up-to-date symlink: /home/tdeng23/ros2_ws/install/crazyflie_ros2_description/share/ament_index/resource_index/packages/crazyflie_ros2_description
-- Up-to-date symlink: /home/tdeng23/ros2_ws/install/crazyflie_ros2_description/share/crazyflie_ros2_description/cmake/crazyflie_ros2_descriptionConfig.cmake
-- Up-to-date symlink: /home/tdeng23/ros2_ws/install/crazyflie_ros2_description/share/crazyflie_ros2_description/cmake/crazyflie_ros2_descriptionConfig-version.cmake
-- Up-to-date symlink: /home/tdeng23/ros2_ws/install/crazyflie_ros2_description/share/crazyflie_ros2_description/package.xml
