[1.747s] Invoking command in '/home/tdeng23/ros2_ws/build/crazyflie_ros2_simple_mapper': PYTHONPATH=/home/tdeng23/ros2_ws/build/crazyflie_ros2_simple_mapper/prefix_override:/home/tdeng23/ros2_ws/install/crazyflie_ros2_simple_mapper/lib/python3.8/site-packages:${PYTHONPATH} /usr/bin/python3 setup.py develop --uninstall --editable --build-directory /home/tdeng23/ros2_ws/build/crazyflie_ros2_simple_mapper/build
[2.144s] running develop
[2.521s] Invoked command in '/home/tdeng23/ros2_ws/build/crazyflie_ros2_simple_mapper' returned '0': PYTHONPATH=/home/tdeng23/ros2_ws/build/crazyflie_ros2_simple_mapper/prefix_override:/home/tdeng23/ros2_ws/install/crazyflie_ros2_simple_mapper/lib/python3.8/site-packages:${PYTHONPATH} /usr/bin/python3 setup.py develop --uninstall --editable --build-directory /home/tdeng23/ros2_ws/build/crazyflie_ros2_simple_mapper/build
[2.525s] Invoking command in '/home/tdeng23/ros2_ws/src/crazyswarm2/crazyflie_ros2_simple_mapper': PYTHONPATH=/home/tdeng23/ros2_ws/build/crazyflie_ros2_simple_mapper/prefix_override:/home/tdeng23/ros2_ws/install/crazyflie_ros2_simple_mapper/lib/python3.8/site-packages:${PYTHONPATH} /usr/bin/python3 setup.py egg_info --egg-base ../../../build/crazyflie_ros2_simple_mapper build --build-base /home/tdeng23/ros2_ws/build/crazyflie_ros2_simple_mapper/build install --record /home/tdeng23/ros2_ws/build/crazyflie_ros2_simple_mapper/install.log --single-version-externally-managed
[2.985s] running egg_info
[2.986s] writing ../../../build/crazyflie_ros2_simple_mapper/crazyflie_ros2_simple_mapper.egg-info/PKG-INFO
[2.987s] writing dependency_links to ../../../build/crazyflie_ros2_simple_mapper/crazyflie_ros2_simple_mapper.egg-info/dependency_links.txt
[2.987s] writing entry points to ../../../build/crazyflie_ros2_simple_mapper/crazyflie_ros2_simple_mapper.egg-info/entry_points.txt
[2.987s] writing requirements to ../../../build/crazyflie_ros2_simple_mapper/crazyflie_ros2_simple_mapper.egg-info/requires.txt
[2.987s] writing top-level names to ../../../build/crazyflie_ros2_simple_mapper/crazyflie_ros2_simple_mapper.egg-info/top_level.txt
[3.050s] reading manifest file '../../../build/crazyflie_ros2_simple_mapper/crazyflie_ros2_simple_mapper.egg-info/SOURCES.txt'
[3.052s] writing manifest file '../../../build/crazyflie_ros2_simple_mapper/crazyflie_ros2_simple_mapper.egg-info/SOURCES.txt'
[3.052s] running build
[3.052s] running build_py
[3.052s] running install
[3.054s] running install_lib
[3.056s] running install_data
[3.057s] running install_egg_info
[3.060s] removing '/home/tdeng23/ros2_ws/install/crazyflie_ros2_simple_mapper/lib/python3.8/site-packages/crazyflie_ros2_simple_mapper-0.0.0-py3.8.egg-info' (and everything under it)
[3.060s] Copying ../../../build/crazyflie_ros2_simple_mapper/crazyflie_ros2_simple_mapper.egg-info to /home/tdeng23/ros2_ws/install/crazyflie_ros2_simple_mapper/lib/python3.8/site-packages/crazyflie_ros2_simple_mapper-0.0.0-py3.8.egg-info
[3.061s] running install_scripts
[3.094s] Installing simple_mapper script to /home/tdeng23/ros2_ws/install/crazyflie_ros2_simple_mapper/lib/crazyflie_ros2_simple_mapper
[3.094s] writing list of installed files to '/home/tdeng23/ros2_ws/build/crazyflie_ros2_simple_mapper/install.log'
[3.142s] Invoked command in '/home/tdeng23/ros2_ws/src/crazyswarm2/crazyflie_ros2_simple_mapper' returned '0': PYTHONPATH=/home/tdeng23/ros2_ws/build/crazyflie_ros2_simple_mapper/prefix_override:/home/tdeng23/ros2_ws/install/crazyflie_ros2_simple_mapper/lib/python3.8/site-packages:${PYTHONPATH} /usr/bin/python3 setup.py egg_info --egg-base ../../../build/crazyflie_ros2_simple_mapper build --build-base /home/tdeng23/ros2_ws/build/crazyflie_ros2_simple_mapper/build install --record /home/tdeng23/ros2_ws/build/crazyflie_ros2_simple_mapper/install.log --single-version-externally-managed
