[1.846s] Invoking command in '/home/tdeng23/ros2_ws/src/build/crazyflie_py': AMENT_PREFIX_PATH=/home/tdeng23/ros2_ws/src/install/crazyflie_interfaces:${AMENT_PREFIX_PATH} CMAKE_PREFIX_PATH=/home/tdeng23/ros2_ws/src/install/crazyflie_interfaces:${CMAKE_PREFIX_PATH} LD_LIBRARY_PATH=/home/tdeng23/ros2_ws/src/install/crazyflie_interfaces/lib:${LD_LIBRARY_PATH} PYTHONPATH=/home/tdeng23/ros2_ws/src/build/crazyflie_py/prefix_override:/home/tdeng23/ros2_ws/src/install/crazyflie_py/lib/python3.8/site-packages:/home/tdeng23/ros2_ws/src/install/crazyflie_interfaces/lib/python3.8/site-packages:${PYTHONPATH} /usr/bin/python3 setup.py develop --editable --build-directory /home/tdeng23/ros2_ws/src/build/crazyflie_py/build --no-deps install_data
[2.635s] running develop
[3.067s] running egg_info
[3.068s] creating crazyflie_py.egg-info
[3.068s] writing crazyflie_py.egg-info/PKG-INFO
[3.069s] writing dependency_links to crazyflie_py.egg-info/dependency_links.txt
[3.069s] writing entry points to crazyflie_py.egg-info/entry_points.txt
[3.069s] writing requirements to crazyflie_py.egg-info/requires.txt
[3.070s] writing top-level names to crazyflie_py.egg-info/top_level.txt
[3.087s] writing manifest file 'crazyflie_py.egg-info/SOURCES.txt'
[3.204s] reading manifest file 'crazyflie_py.egg-info/SOURCES.txt'
[3.205s] writing manifest file 'crazyflie_py.egg-info/SOURCES.txt'
[3.325s] running build_ext
[3.326s] Creating /home/tdeng23/ros2_ws/src/install/crazyflie_py/lib/python3.8/site-packages/site.py
[3.329s] Creating /home/tdeng23/ros2_ws/src/install/crazyflie_py/lib/python3.8/site-packages/crazyflie-py.egg-link (link to .)
[3.331s] 
[3.348s] Installed /home/tdeng23/ros2_ws/src/build/crazyflie_py
[3.348s] running install_data
[3.348s] creating /home/tdeng23/ros2_ws/src/install/crazyflie_py/share/ament_index
[3.348s] creating /home/tdeng23/ros2_ws/src/install/crazyflie_py/share/ament_index/resource_index
[3.349s] creating /home/tdeng23/ros2_ws/src/install/crazyflie_py/share/ament_index/resource_index/packages
[3.349s] copying resource/crazyflie_py -> /home/tdeng23/ros2_ws/src/install/crazyflie_py/share/ament_index/resource_index/packages
[3.349s] copying package.xml -> /home/tdeng23/ros2_ws/src/install/crazyflie_py/share/crazyflie_py
[3.424s] Invoked command in '/home/tdeng23/ros2_ws/src/build/crazyflie_py' returned '0': AMENT_PREFIX_PATH=/home/tdeng23/ros2_ws/src/install/crazyflie_interfaces:${AMENT_PREFIX_PATH} CMAKE_PREFIX_PATH=/home/tdeng23/ros2_ws/src/install/crazyflie_interfaces:${CMAKE_PREFIX_PATH} LD_LIBRARY_PATH=/home/tdeng23/ros2_ws/src/install/crazyflie_interfaces/lib:${LD_LIBRARY_PATH} PYTHONPATH=/home/tdeng23/ros2_ws/src/build/crazyflie_py/prefix_override:/home/tdeng23/ros2_ws/src/install/crazyflie_py/lib/python3.8/site-packages:/home/tdeng23/ros2_ws/src/install/crazyflie_interfaces/lib/python3.8/site-packages:${PYTHONPATH} /usr/bin/python3 setup.py develop --editable --build-directory /home/tdeng23/ros2_ws/src/build/crazyflie_py/build --no-deps install_data
