[1.690s] Invoking command in '/home/tdeng23/ros2_ws/build/my_package': PYTHONPATH=/home/tdeng23/ros2_ws/build/my_package/prefix_override:/home/tdeng23/ros2_ws/install/my_package/lib/python3.8/site-packages:${PYTHONPATH} /usr/bin/python3 setup.py develop --uninstall --editable --build-directory /home/tdeng23/ros2_ws/build/my_package/build
[2.166s] running develop
[2.379s] Invoked command in '/home/tdeng23/ros2_ws/build/my_package' returned '0': PYTHONPATH=/home/tdeng23/ros2_ws/build/my_package/prefix_override:/home/tdeng23/ros2_ws/install/my_package/lib/python3.8/site-packages:${PYTHONPATH} /usr/bin/python3 setup.py develop --uninstall --editable --build-directory /home/tdeng23/ros2_ws/build/my_package/build
[2.382s] Invoking command in '/home/tdeng23/ros2_ws/src/my_package': PYTHONPATH=/home/tdeng23/ros2_ws/build/my_package/prefix_override:/home/tdeng23/ros2_ws/install/my_package/lib/python3.8/site-packages:${PYTHONPATH} /usr/bin/python3 setup.py egg_info --egg-base ../../build/my_package build --build-base /home/tdeng23/ros2_ws/build/my_package/build install --record /home/tdeng23/ros2_ws/build/my_package/install.log --single-version-externally-managed
[2.627s] running egg_info
[2.627s] writing ../../build/my_package/my_package.egg-info/PKG-INFO
[2.627s] writing dependency_links to ../../build/my_package/my_package.egg-info/dependency_links.txt
[2.628s] writing entry points to ../../build/my_package/my_package.egg-info/entry_points.txt
[2.628s] writing requirements to ../../build/my_package/my_package.egg-info/requires.txt
[2.628s] writing top-level names to ../../build/my_package/my_package.egg-info/top_level.txt
[2.661s] reading manifest file '../../build/my_package/my_package.egg-info/SOURCES.txt'
[2.662s] writing manifest file '../../build/my_package/my_package.egg-info/SOURCES.txt'
[2.662s] running build
[2.662s] running build_py
[2.662s] running install
[2.663s] running install_lib
[2.664s] running install_data
[2.665s] running install_egg_info
[2.667s] removing '/home/tdeng23/ros2_ws/install/my_package/lib/python3.8/site-packages/my_package-0.0.0-py3.8.egg-info' (and everything under it)
[2.667s] Copying ../../build/my_package/my_package.egg-info to /home/tdeng23/ros2_ws/install/my_package/lib/python3.8/site-packages/my_package-0.0.0-py3.8.egg-info
[2.668s] running install_scripts
[2.685s] Installing my_robot_driver script to /home/tdeng23/ros2_ws/install/my_package/lib/my_package
[2.685s] writing list of installed files to '/home/tdeng23/ros2_ws/build/my_package/install.log'
[2.710s] Invoked command in '/home/tdeng23/ros2_ws/src/my_package' returned '0': PYTHONPATH=/home/tdeng23/ros2_ws/build/my_package/prefix_override:/home/tdeng23/ros2_ws/install/my_package/lib/python3.8/site-packages:${PYTHONPATH} /usr/bin/python3 setup.py egg_info --egg-base ../../build/my_package build --build-base /home/tdeng23/ros2_ws/build/my_package/build install --record /home/tdeng23/ros2_ws/build/my_package/install.log --single-version-externally-managed
