[0.086s] Invoking command in '/home/tdeng23/ros2_ws/build/crazyflie_interfaces': CMAKE_PREFIX_PATH=/opt/ros/galactic /home/tdeng23/.local/bin/cmake /home/tdeng23/ros2_ws/src/crazyswarm2/crazyflie_interfaces -DAMENT_CMAKE_SYMLINK_INSTALL=1 -DCMAKE_INSTALL_PREFIX=/home/tdeng23/ros2_ws/install/crazyflie_interfaces
[0.920s] -- The C compiler identification is GNU 9.4.0
[0.920s] -- The CXX compiler identification is GNU 9.4.0
[0.921s] -- Detecting C compiler ABI info
[0.921s] -- Detecting C compiler ABI info - done
[0.921s] -- Check for working C compiler: /usr/bin/cc - skipped
[0.921s] -- Detecting C compile features
[0.921s] -- Detecting C compile features - done
[0.922s] -- Detecting CXX compiler ABI info
[0.922s] -- Detecting CXX compiler ABI info - done
[0.922s] -- Check for working CXX compiler: /usr/bin/c++ - skipped
[0.922s] -- Detecting CXX compile features
[0.922s] -- Detecting CXX compile features - done
[0.922s] -- Found ament_cmake: 1.1.6 (/opt/ros/galactic/share/ament_cmake/cmake)
[0.922s] -- Found PythonInterp: /usr/bin/python3 (found suitable version "3.8.10", minimum required is "3") 
[0.922s] -- Using PYTHON_EXECUTABLE: /usr/bin/python3
[0.922s] -- Override CMake install command with custom implementation using symlinks instead of copying resources
[0.922s] -- Found builtin_interfaces: 1.0.3 (/opt/ros/galactic/share/builtin_interfaces/cmake)
[0.922s] -- Using all available rosidl_typesupport_c: rosidl_typesupport_fastrtps_c;rosidl_typesupport_introspection_c
[0.923s] -- Found rosidl_adapter: 2.2.3 (/opt/ros/galactic/share/rosidl_adapter/cmake)
[0.923s] -- Using all available rosidl_typesupport_cpp: rosidl_typesupport_fastrtps_cpp;rosidl_typesupport_introspection_cpp
[0.923s] -- Found geometry_msgs: 2.2.4 (/opt/ros/galactic/share/geometry_msgs/cmake)
[0.923s] -- Found rosidl_default_generators: 1.1.1 (/opt/ros/galactic/share/rosidl_default_generators/cmake)
[0.929s] -- Found PythonInterp: /usr/bin/python3 (found version "3.8.10") 
[1.485s] -- Found ament_cmake_cppcheck: 0.10.7 (/opt/ros/galactic/share/ament_cmake_cppcheck/cmake)
[1.486s] -- Found ament_cmake_cpplint: 0.10.7 (/opt/ros/galactic/share/ament_cmake_cpplint/cmake)
[1.487s] -- Found ament_cmake_uncrustify: 0.10.7 (/opt/ros/galactic/share/ament_cmake_uncrustify/cmake)
[1.488s] -- Found ament_cmake_ros: 0.9.2 (/opt/ros/galactic/share/ament_cmake_ros/cmake)
[1.762s] -- Using all available rosidl_typesupport_c: rosidl_typesupport_fastrtps_c;rosidl_typesupport_introspection_c
[1.954s] -- Using all available rosidl_typesupport_cpp: rosidl_typesupport_fastrtps_cpp;rosidl_typesupport_introspection_cpp
[2.010s] -- Found PythonInterp: /usr/bin/python3 (found suitable version "3.8.10", minimum required is "3.5") 
[2.010s] -- Found python_cmake_module: 0.8.1 (/opt/ros/galactic/share/python_cmake_module/cmake)
[2.085s] -- Using PYTHON_EXECUTABLE: /usr/bin/python3
[2.085s] -- Using PYTHON_INCLUDE_DIRS: /usr/include/python3.8
[2.086s] -- Using PYTHON_LIBRARIES: /usr/lib/x86_64-linux-gnu/libpython3.8.so
[2.178s] -- Found ament_cmake_flake8: 0.10.7 (/opt/ros/galactic/share/ament_cmake_flake8/cmake)
[2.180s] -- Found ament_cmake_pep257: 0.10.7 (/opt/ros/galactic/share/ament_cmake_pep257/cmake)
[2.211s] -- Configuring done (2.1s)
[2.529s] -- Generating done (0.3s)
[2.535s] -- Build files have been written to: /home/tdeng23/ros2_ws/build/crazyflie_interfaces
[2.590s] Invoked command in '/home/tdeng23/ros2_ws/build/crazyflie_interfaces' returned '0': CMAKE_PREFIX_PATH=/opt/ros/galactic /home/tdeng23/.local/bin/cmake /home/tdeng23/ros2_ws/src/crazyswarm2/crazyflie_interfaces -DAMENT_CMAKE_SYMLINK_INSTALL=1 -DCMAKE_INSTALL_PREFIX=/home/tdeng23/ros2_ws/install/crazyflie_interfaces
[2.591s] Invoking command in '/home/tdeng23/ros2_ws/build/crazyflie_interfaces': CMAKE_PREFIX_PATH=/opt/ros/galactic /home/tdeng23/.local/bin/cmake --build /home/tdeng23/ros2_ws/build/crazyflie_interfaces -- -j8 -l8
[2.915s] [  0%] Built target crazyflie_interfaces__cpp
[2.944s] [  0%] [32mBuilding C object CMakeFiles/crazyflie_interfaces__rosidl_generator_c.dir/rosidl_generator_c/crazyflie_interfaces/msg/detail/full_state__functions.c.o[0m
[2.945s] [  1%] [32mBuilding C object CMakeFiles/crazyflie_interfaces__rosidl_generator_c.dir/rosidl_generator_c/crazyflie_interfaces/msg/detail/log_block__functions.c.o[0m
[2.949s] [  1%] [32mBuilding C object CMakeFiles/crazyflie_interfaces__rosidl_generator_c.dir/rosidl_generator_c/crazyflie_interfaces/msg/detail/hover__functions.c.o[0m
[2.951s] [  2%] [32mBuilding C object CMakeFiles/crazyflie_interfaces__rosidl_generator_c.dir/rosidl_generator_c/crazyflie_interfaces/msg/detail/log_data_generic__functions.c.o[0m
[2.957s] [  3%] [32mBuilding C object CMakeFiles/crazyflie_interfaces__rosidl_generator_c.dir/rosidl_generator_c/crazyflie_interfaces/msg/detail/position__functions.c.o[0m
[2.982s] [  3%] [32mBuilding CXX object CMakeFiles/crazyflie_interfaces__rosidl_typesupport_cpp.dir/rosidl_typesupport_cpp/crazyflie_interfaces/msg/full_state__type_support.cpp.o[0m
[2.990s] [  4%] [32mBuilding CXX object CMakeFiles/crazyflie_interfaces__rosidl_typesupport_fastrtps_cpp.dir/rosidl_typesupport_fastrtps_cpp/crazyflie_interfaces/msg/detail/dds_fastrtps/full_state__type_support.cpp.o[0m
[3.035s] [  5%] [32mBuilding CXX object CMakeFiles/crazyflie_interfaces__rosidl_typesupport_introspection_cpp.dir/rosidl_typesupport_introspection_cpp/crazyflie_interfaces/msg/detail/full_state__type_support.cpp.o[0m
[3.071s] [  5%] [32mBuilding C object CMakeFiles/crazyflie_interfaces__rosidl_generator_c.dir/rosidl_generator_c/crazyflie_interfaces/msg/detail/trajectory_polynomial_piece__functions.c.o[0m
[3.077s] [  6%] [32mBuilding CXX object CMakeFiles/crazyflie_interfaces__rosidl_typesupport_cpp.dir/rosidl_typesupport_cpp/crazyflie_interfaces/msg/log_data_generic__type_support.cpp.o[0m
[3.102s] [  7%] [32mBuilding C object CMakeFiles/crazyflie_interfaces__rosidl_generator_c.dir/rosidl_generator_c/crazyflie_interfaces/msg/detail/velocity_world__functions.c.o[0m
[3.103s] [  7%] [32mBuilding CXX object CMakeFiles/crazyflie_interfaces__rosidl_typesupport_fastrtps_cpp.dir/rosidl_typesupport_fastrtps_cpp/crazyflie_interfaces/msg/detail/dds_fastrtps/log_data_generic__type_support.cpp.o[0m
[3.110s] [  7%] [32mBuilding CXX object CMakeFiles/crazyflie_interfaces__rosidl_typesupport_introspection_cpp.dir/rosidl_typesupport_introspection_cpp/crazyflie_interfaces/msg/detail/log_data_generic__type_support.cpp.o[0m
[3.212s] [  8%] [32mBuilding CXX object CMakeFiles/crazyflie_interfaces__rosidl_typesupport_fastrtps_cpp.dir/rosidl_typesupport_fastrtps_cpp/crazyflie_interfaces/msg/detail/dds_fastrtps/hover__type_support.cpp.o[0m
[3.224s] [  8%] [32mBuilding C object CMakeFiles/crazyflie_interfaces__rosidl_generator_c.dir/rosidl_generator_c/crazyflie_interfaces/srv/detail/go_to__functions.c.o[0m
[3.440s] [  9%] [32mBuilding C object CMakeFiles/crazyflie_interfaces__rosidl_generator_c.dir/rosidl_generator_c/crazyflie_interfaces/srv/detail/land__functions.c.o[0m
[3.546s] [ 10%] [32mBuilding C object CMakeFiles/crazyflie_interfaces__rosidl_generator_c.dir/rosidl_generator_c/crazyflie_interfaces/srv/detail/notify_setpoints_stop__functions.c.o[0m
[3.715s] [ 10%] [32mBuilding C object CMakeFiles/crazyflie_interfaces__rosidl_generator_c.dir/rosidl_generator_c/crazyflie_interfaces/srv/detail/set_group_mask__functions.c.o[0m
[3.784s] [ 10%] [32mBuilding CXX object CMakeFiles/crazyflie_interfaces__rosidl_typesupport_fastrtps_cpp.dir/rosidl_typesupport_fastrtps_cpp/crazyflie_interfaces/msg/detail/dds_fastrtps/log_block__type_support.cpp.o[0m
[3.805s] [ 11%] [32mBuilding CXX object CMakeFiles/crazyflie_interfaces__rosidl_typesupport_cpp.dir/rosidl_typesupport_cpp/crazyflie_interfaces/msg/hover__type_support.cpp.o[0m
[3.816s] [ 12%] [32mBuilding C object CMakeFiles/crazyflie_interfaces__rosidl_generator_c.dir/rosidl_generator_c/crazyflie_interfaces/srv/detail/start_trajectory__functions.c.o[0m
[3.824s] [ 13%] [32mBuilding CXX object CMakeFiles/crazyflie_interfaces__rosidl_typesupport_introspection_cpp.dir/rosidl_typesupport_introspection_cpp/crazyflie_interfaces/msg/detail/hover__type_support.cpp.o[0m
[3.831s] [ 14%] [32mBuilding CXX object CMakeFiles/crazyflie_interfaces__rosidl_typesupport_introspection_cpp.dir/rosidl_typesupport_introspection_cpp/crazyflie_interfaces/msg/detail/log_block__type_support.cpp.o[0m
[3.962s] [ 14%] [32mBuilding C object CMakeFiles/crazyflie_interfaces__rosidl_generator_c.dir/rosidl_generator_c/crazyflie_interfaces/srv/detail/stop__functions.c.o[0m
[4.059s] [ 15%] [32mBuilding CXX object CMakeFiles/crazyflie_interfaces__rosidl_typesupport_fastrtps_cpp.dir/rosidl_typesupport_fastrtps_cpp/crazyflie_interfaces/msg/detail/dds_fastrtps/position__type_support.cpp.o[0m
[4.067s] [ 15%] [32mBuilding CXX object CMakeFiles/crazyflie_interfaces__rosidl_typesupport_introspection_cpp.dir/rosidl_typesupport_introspection_cpp/crazyflie_interfaces/msg/detail/position__type_support.cpp.o[0m
[4.171s] [ 16%] [32mBuilding C object CMakeFiles/crazyflie_interfaces__rosidl_generator_c.dir/rosidl_generator_c/crazyflie_interfaces/srv/detail/takeoff__functions.c.o[0m
[4.195s] [ 17%] [32mBuilding CXX object CMakeFiles/crazyflie_interfaces__rosidl_typesupport_introspection_cpp.dir/rosidl_typesupport_introspection_cpp/crazyflie_interfaces/msg/detail/trajectory_polynomial_piece__type_support.cpp.o[0m
[4.387s] [ 18%] [32mBuilding C object CMakeFiles/crazyflie_interfaces__rosidl_generator_c.dir/rosidl_generator_c/crazyflie_interfaces/srv/detail/update_params__functions.c.o[0m
[4.409s] [ 18%] [32mBuilding C object CMakeFiles/crazyflie_interfaces__rosidl_generator_c.dir/rosidl_generator_c/crazyflie_interfaces/srv/detail/upload_trajectory__functions.c.o[0m
[4.591s] [ 18%] [32mBuilding CXX object CMakeFiles/crazyflie_interfaces__rosidl_typesupport_cpp.dir/rosidl_typesupport_cpp/crazyflie_interfaces/msg/log_block__type_support.cpp.o[0m
[4.593s] [ 19%] [32mBuilding C object CMakeFiles/crazyflie_interfaces__rosidl_generator_c.dir/rosidl_generator_c/crazyflie_interfaces/srv/detail/remove_logging__functions.c.o[0m
[4.594s] [ 20%] [32mBuilding CXX object CMakeFiles/crazyflie_interfaces__rosidl_typesupport_cpp.dir/rosidl_typesupport_cpp/crazyflie_interfaces/msg/position__type_support.cpp.o[0m
[4.619s] [ 20%] [32mBuilding CXX object CMakeFiles/crazyflie_interfaces__rosidl_typesupport_cpp.dir/rosidl_typesupport_cpp/crazyflie_interfaces/msg/trajectory_polynomial_piece__type_support.cpp.o[0m
[4.625s] [ 21%] [32mBuilding CXX object CMakeFiles/crazyflie_interfaces__rosidl_typesupport_cpp.dir/rosidl_typesupport_cpp/crazyflie_interfaces/msg/velocity_world__type_support.cpp.o[0m
[4.660s] [ 21%] [32mBuilding CXX object CMakeFiles/crazyflie_interfaces__rosidl_typesupport_introspection_cpp.dir/rosidl_typesupport_introspection_cpp/crazyflie_interfaces/msg/detail/velocity_world__type_support.cpp.o[0m
[4.724s] [ 21%] [32mBuilding C object CMakeFiles/crazyflie_interfaces__rosidl_generator_c.dir/rosidl_generator_c/crazyflie_interfaces/srv/detail/add_logging__functions.c.o[0m
[4.927s] [ 22%] [32m[1mLinking C shared library libcrazyflie_interfaces__rosidl_generator_c.so[0m
[4.969s] [ 23%] [32mBuilding CXX object CMakeFiles/crazyflie_interfaces__rosidl_typesupport_fastrtps_cpp.dir/rosidl_typesupport_fastrtps_cpp/crazyflie_interfaces/msg/detail/dds_fastrtps/trajectory_polynomial_piece__type_support.cpp.o[0m
[5.040s] [ 24%] Built target crazyflie_interfaces__rosidl_generator_c
[5.047s] [ 25%] [32mBuilding CXX object CMakeFiles/crazyflie_interfaces__rosidl_typesupport_introspection_cpp.dir/rosidl_typesupport_introspection_cpp/crazyflie_interfaces/srv/detail/go_to__type_support.cpp.o[0m
[5.061s] [ 26%] [32mBuilding C object CMakeFiles/crazyflie_interfaces__rosidl_typesupport_introspection_c.dir/rosidl_typesupport_introspection_c/crazyflie_interfaces/msg/detail/full_state__type_support.c.o[0m
[5.101s] [ 27%] [32mBuilding CXX object CMakeFiles/crazyflie_interfaces__rosidl_typesupport_introspection_cpp.dir/rosidl_typesupport_introspection_cpp/crazyflie_interfaces/srv/detail/land__type_support.cpp.o[0m
[5.150s] [ 27%] [32mBuilding C object CMakeFiles/crazyflie_interfaces__rosidl_typesupport_introspection_c.dir/rosidl_typesupport_introspection_c/crazyflie_interfaces/msg/detail/log_data_generic__type_support.c.o[0m
[5.187s] [ 28%] [32mBuilding CXX object CMakeFiles/crazyflie_interfaces__rosidl_typesupport_cpp.dir/rosidl_typesupport_cpp/crazyflie_interfaces/srv/go_to__type_support.cpp.o[0m
[5.234s] [ 28%] [32mBuilding CXX object CMakeFiles/crazyflie_interfaces__rosidl_typesupport_fastrtps_cpp.dir/rosidl_typesupport_fastrtps_cpp/crazyflie_interfaces/msg/detail/dds_fastrtps/velocity_world__type_support.cpp.o[0m
[5.299s] [ 29%] [32mBuilding C object CMakeFiles/crazyflie_interfaces__rosidl_typesupport_introspection_c.dir/rosidl_typesupport_introspection_c/crazyflie_interfaces/msg/detail/hover__type_support.c.o[0m
[5.330s] [ 29%] [32mBuilding CXX object CMakeFiles/crazyflie_interfaces__rosidl_typesupport_introspection_cpp.dir/rosidl_typesupport_introspection_cpp/crazyflie_interfaces/srv/detail/notify_setpoints_stop__type_support.cpp.o[0m
[5.362s] [ 30%] [32mBuilding CXX object CMakeFiles/crazyflie_interfaces__rosidl_typesupport_introspection_cpp.dir/rosidl_typesupport_introspection_cpp/crazyflie_interfaces/srv/detail/set_group_mask__type_support.cpp.o[0m
[5.431s] [ 30%] [32mBuilding C object CMakeFiles/crazyflie_interfaces__rosidl_typesupport_introspection_c.dir/rosidl_typesupport_introspection_c/crazyflie_interfaces/msg/detail/log_block__type_support.c.o[0m
[5.566s] [ 31%] [32mBuilding C object CMakeFiles/crazyflie_interfaces__rosidl_typesupport_introspection_c.dir/rosidl_typesupport_introspection_c/crazyflie_interfaces/msg/detail/position__type_support.c.o[0m
[5.642s] [ 32%] [32mBuilding C object CMakeFiles/crazyflie_interfaces__rosidl_typesupport_introspection_c.dir/rosidl_typesupport_introspection_c/crazyflie_interfaces/msg/detail/trajectory_polynomial_piece__type_support.c.o[0m
[5.647s] [ 32%] [32mBuilding CXX object CMakeFiles/crazyflie_interfaces__rosidl_typesupport_introspection_cpp.dir/rosidl_typesupport_introspection_cpp/crazyflie_interfaces/srv/detail/start_trajectory__type_support.cpp.o[0m
[5.797s] [ 32%] [32mBuilding C object CMakeFiles/crazyflie_interfaces__rosidl_typesupport_introspection_c.dir/rosidl_typesupport_introspection_c/crazyflie_interfaces/msg/detail/velocity_world__type_support.c.o[0m
[5.835s] [ 33%] [32mBuilding CXX object CMakeFiles/crazyflie_interfaces__rosidl_typesupport_fastrtps_cpp.dir/rosidl_typesupport_fastrtps_cpp/crazyflie_interfaces/srv/detail/dds_fastrtps/go_to__type_support.cpp.o[0m
[5.879s] [ 33%] [32mBuilding CXX object CMakeFiles/crazyflie_interfaces__rosidl_typesupport_cpp.dir/rosidl_typesupport_cpp/crazyflie_interfaces/srv/land__type_support.cpp.o[0m
[5.894s] [ 34%] [32mBuilding C object CMakeFiles/crazyflie_interfaces__rosidl_typesupport_introspection_c.dir/rosidl_typesupport_introspection_c/crazyflie_interfaces/srv/detail/go_to__type_support.c.o[0m
[6.034s] [ 34%] [32mBuilding C object CMakeFiles/crazyflie_interfaces__rosidl_typesupport_introspection_c.dir/rosidl_typesupport_introspection_c/crazyflie_interfaces/srv/detail/land__type_support.c.o[0m
[6.052s] [ 35%] [32mBuilding CXX object CMakeFiles/crazyflie_interfaces__rosidl_typesupport_introspection_cpp.dir/rosidl_typesupport_introspection_cpp/crazyflie_interfaces/srv/detail/stop__type_support.cpp.o[0m
[6.063s] [ 36%] [32mBuilding CXX object CMakeFiles/crazyflie_interfaces__rosidl_typesupport_introspection_cpp.dir/rosidl_typesupport_introspection_cpp/crazyflie_interfaces/srv/detail/takeoff__type_support.cpp.o[0m
[6.119s] [ 37%] [32mBuilding C object CMakeFiles/crazyflie_interfaces__rosidl_typesupport_introspection_c.dir/rosidl_typesupport_introspection_c/crazyflie_interfaces/srv/detail/notify_setpoints_stop__type_support.c.o[0m
[6.123s] [ 37%] [32mBuilding CXX object CMakeFiles/crazyflie_interfaces__rosidl_typesupport_fastrtps_cpp.dir/rosidl_typesupport_fastrtps_cpp/crazyflie_interfaces/srv/detail/dds_fastrtps/land__type_support.cpp.o[0m
[6.205s] [ 38%] [32mBuilding CXX object CMakeFiles/crazyflie_interfaces__rosidl_typesupport_fastrtps_cpp.dir/rosidl_typesupport_fastrtps_cpp/crazyflie_interfaces/srv/detail/dds_fastrtps/notify_setpoints_stop__type_support.cpp.o[0m
[6.242s] [ 39%] [32mBuilding C object CMakeFiles/crazyflie_interfaces__rosidl_typesupport_introspection_c.dir/rosidl_typesupport_introspection_c/crazyflie_interfaces/srv/detail/set_group_mask__type_support.c.o[0m
[6.278s] [ 39%] [32mBuilding CXX object CMakeFiles/crazyflie_interfaces__rosidl_typesupport_introspection_cpp.dir/rosidl_typesupport_introspection_cpp/crazyflie_interfaces/srv/detail/update_params__type_support.cpp.o[0m
[6.360s] [ 39%] [32mBuilding C object CMakeFiles/crazyflie_interfaces__rosidl_typesupport_introspection_c.dir/rosidl_typesupport_introspection_c/crazyflie_interfaces/srv/detail/start_trajectory__type_support.c.o[0m
[6.487s] [ 40%] [32mBuilding C object CMakeFiles/crazyflie_interfaces__rosidl_typesupport_introspection_c.dir/rosidl_typesupport_introspection_c/crazyflie_interfaces/srv/detail/stop__type_support.c.o[0m
[6.591s] [ 41%] [32mBuilding CXX object CMakeFiles/crazyflie_interfaces__rosidl_typesupport_cpp.dir/rosidl_typesupport_cpp/crazyflie_interfaces/srv/notify_setpoints_stop__type_support.cpp.o[0m
[6.594s] [ 41%] [32mBuilding C object CMakeFiles/crazyflie_interfaces__rosidl_typesupport_introspection_c.dir/rosidl_typesupport_introspection_c/crazyflie_interfaces/srv/detail/takeoff__type_support.c.o[0m
[6.621s] [ 42%] [32mBuilding CXX object CMakeFiles/crazyflie_interfaces__rosidl_typesupport_introspection_cpp.dir/rosidl_typesupport_introspection_cpp/crazyflie_interfaces/srv/detail/upload_trajectory__type_support.cpp.o[0m
[6.648s] [ 43%] [32mBuilding C object CMakeFiles/crazyflie_interfaces__rosidl_typesupport_introspection_c.dir/rosidl_typesupport_introspection_c/crazyflie_interfaces/srv/detail/update_params__type_support.c.o[0m
[6.711s] [ 43%] [32mBuilding CXX object CMakeFiles/crazyflie_interfaces__rosidl_typesupport_c.dir/rosidl_typesupport_c/crazyflie_interfaces/msg/full_state__type_support.cpp.o[0m
[6.762s] [ 44%] [32mBuilding CXX object CMakeFiles/crazyflie_interfaces__rosidl_typesupport_c.dir/rosidl_typesupport_c/crazyflie_interfaces/msg/log_data_generic__type_support.cpp.o[0m
[6.783s] [ 45%] [32mBuilding C object CMakeFiles/crazyflie_interfaces__rosidl_typesupport_introspection_c.dir/rosidl_typesupport_introspection_c/crazyflie_interfaces/srv/detail/upload_trajectory__type_support.c.o[0m
[6.798s] [ 45%] [32mBuilding CXX object CMakeFiles/crazyflie_interfaces__rosidl_typesupport_c.dir/rosidl_typesupport_c/crazyflie_interfaces/msg/hover__type_support.cpp.o[0m
[6.813s] [ 46%] [32mBuilding CXX object CMakeFiles/crazyflie_interfaces__rosidl_typesupport_fastrtps_cpp.dir/rosidl_typesupport_fastrtps_cpp/crazyflie_interfaces/srv/detail/dds_fastrtps/set_group_mask__type_support.cpp.o[0m
[6.918s] [ 47%] [32mBuilding CXX object CMakeFiles/crazyflie_interfaces__rosidl_typesupport_c.dir/rosidl_typesupport_c/crazyflie_interfaces/msg/log_block__type_support.cpp.o[0m
[6.951s] [ 47%] [32mBuilding C object CMakeFiles/crazyflie_interfaces__rosidl_typesupport_introspection_c.dir/rosidl_typesupport_introspection_c/crazyflie_interfaces/srv/detail/remove_logging__type_support.c.o[0m
[7.004s] [ 47%] [32mBuilding CXX object CMakeFiles/crazyflie_interfaces__rosidl_typesupport_introspection_cpp.dir/rosidl_typesupport_introspection_cpp/crazyflie_interfaces/srv/detail/remove_logging__type_support.cpp.o[0m
[7.008s] [ 48%] [32mBuilding CXX object CMakeFiles/crazyflie_interfaces__rosidl_typesupport_c.dir/rosidl_typesupport_c/crazyflie_interfaces/msg/position__type_support.cpp.o[0m
[7.039s] [ 48%] [32mBuilding CXX object CMakeFiles/crazyflie_interfaces__rosidl_typesupport_fastrtps_cpp.dir/rosidl_typesupport_fastrtps_cpp/crazyflie_interfaces/srv/detail/dds_fastrtps/start_trajectory__type_support.cpp.o[0m
[7.079s] [ 48%] [32mBuilding CXX object CMakeFiles/crazyflie_interfaces__rosidl_typesupport_c.dir/rosidl_typesupport_c/crazyflie_interfaces/msg/trajectory_polynomial_piece__type_support.cpp.o[0m
[7.090s] [ 49%] [32mBuilding C object CMakeFiles/crazyflie_interfaces__rosidl_typesupport_introspection_c.dir/rosidl_typesupport_introspection_c/crazyflie_interfaces/srv/detail/add_logging__type_support.c.o[0m
[7.107s] [ 49%] [32mBuilding CXX object CMakeFiles/crazyflie_interfaces__rosidl_typesupport_cpp.dir/rosidl_typesupport_cpp/crazyflie_interfaces/srv/set_group_mask__type_support.cpp.o[0m
[7.147s] [ 50%] [32mBuilding CXX object CMakeFiles/crazyflie_interfaces__rosidl_typesupport_c.dir/rosidl_typesupport_c/crazyflie_interfaces/msg/velocity_world__type_support.cpp.o[0m
[7.147s] [ 50%] [32m[1mLinking C shared library libcrazyflie_interfaces__rosidl_typesupport_introspection_c.so[0m
[7.185s] [ 51%] Built target crazyflie_interfaces__rosidl_typesupport_introspection_c
[7.190s] [ 51%] [32mBuilding CXX object CMakeFiles/crazyflie_interfaces__rosidl_typesupport_c.dir/rosidl_typesupport_c/crazyflie_interfaces/srv/go_to__type_support.cpp.o[0m
[7.193s] [ 52%] [32mBuilding CXX object CMakeFiles/crazyflie_interfaces__rosidl_typesupport_c.dir/rosidl_typesupport_c/crazyflie_interfaces/srv/land__type_support.cpp.o[0m
[7.221s] [ 53%] [32mBuilding CXX object CMakeFiles/crazyflie_interfaces__rosidl_typesupport_introspection_cpp.dir/rosidl_typesupport_introspection_cpp/crazyflie_interfaces/srv/detail/add_logging__type_support.cpp.o[0m
[7.226s] [ 54%] [32mBuilding CXX object CMakeFiles/crazyflie_interfaces__rosidl_typesupport_fastrtps_cpp.dir/rosidl_typesupport_fastrtps_cpp/crazyflie_interfaces/srv/detail/dds_fastrtps/stop__type_support.cpp.o[0m
[7.275s] [ 55%] [32mBuilding CXX object CMakeFiles/crazyflie_interfaces__rosidl_typesupport_c.dir/rosidl_typesupport_c/crazyflie_interfaces/srv/notify_setpoints_stop__type_support.cpp.o[0m
[7.287s] [ 55%] [32mBuilding CXX object CMakeFiles/crazyflie_interfaces__rosidl_typesupport_fastrtps_cpp.dir/rosidl_typesupport_fastrtps_cpp/crazyflie_interfaces/srv/detail/dds_fastrtps/takeoff__type_support.cpp.o[0m
[7.330s] [ 55%] [32mBuilding CXX object CMakeFiles/crazyflie_interfaces__rosidl_typesupport_c.dir/rosidl_typesupport_c/crazyflie_interfaces/srv/set_group_mask__type_support.cpp.o[0m
[7.388s] [ 56%] [32mBuilding CXX object CMakeFiles/crazyflie_interfaces__rosidl_typesupport_c.dir/rosidl_typesupport_c/crazyflie_interfaces/srv/start_trajectory__type_support.cpp.o[0m
[7.468s] [ 56%] [32mBuilding CXX object CMakeFiles/crazyflie_interfaces__rosidl_typesupport_c.dir/rosidl_typesupport_c/crazyflie_interfaces/srv/stop__type_support.cpp.o[0m
[7.521s] [ 57%] [32mBuilding CXX object CMakeFiles/crazyflie_interfaces__rosidl_typesupport_c.dir/rosidl_typesupport_c/crazyflie_interfaces/srv/takeoff__type_support.cpp.o[0m
[7.537s] [ 58%] [32mBuilding CXX object CMakeFiles/crazyflie_interfaces__rosidl_typesupport_fastrtps_cpp.dir/rosidl_typesupport_fastrtps_cpp/crazyflie_interfaces/srv/detail/dds_fastrtps/update_params__type_support.cpp.o[0m
[7.545s] [ 59%] [32mBuilding CXX object CMakeFiles/crazyflie_interfaces__rosidl_typesupport_fastrtps_cpp.dir/rosidl_typesupport_fastrtps_cpp/crazyflie_interfaces/srv/detail/dds_fastrtps/upload_trajectory__type_support.cpp.o[0m
[7.589s] [ 60%] [32mBuilding CXX object CMakeFiles/crazyflie_interfaces__rosidl_typesupport_c.dir/rosidl_typesupport_c/crazyflie_interfaces/srv/update_params__type_support.cpp.o[0m
[7.608s] [ 61%] [32mBuilding CXX object CMakeFiles/crazyflie_interfaces__rosidl_typesupport_cpp.dir/rosidl_typesupport_cpp/crazyflie_interfaces/srv/start_trajectory__type_support.cpp.o[0m
[7.634s] [ 61%] [32mBuilding CXX object CMakeFiles/crazyflie_interfaces__rosidl_typesupport_c.dir/rosidl_typesupport_c/crazyflie_interfaces/srv/upload_trajectory__type_support.cpp.o[0m
[7.730s] [ 62%] [32mBuilding CXX object CMakeFiles/crazyflie_interfaces__rosidl_typesupport_c.dir/rosidl_typesupport_c/crazyflie_interfaces/srv/remove_logging__type_support.cpp.o[0m
[7.804s] [ 62%] [32mBuilding CXX object CMakeFiles/crazyflie_interfaces__rosidl_typesupport_c.dir/rosidl_typesupport_c/crazyflie_interfaces/srv/add_logging__type_support.cpp.o[0m
[7.814s] [ 63%] [32mBuilding CXX object CMakeFiles/crazyflie_interfaces__rosidl_typesupport_cpp.dir/rosidl_typesupport_cpp/crazyflie_interfaces/srv/stop__type_support.cpp.o[0m
[7.888s] [ 64%] [32m[1mLinking CXX shared library libcrazyflie_interfaces__rosidl_typesupport_c.so[0m
[7.926s] [ 65%] [32m[1mLinking CXX shared library libcrazyflie_interfaces__rosidl_typesupport_introspection_cpp.so[0m
[7.936s] [ 65%] [32mBuilding CXX object CMakeFiles/crazyflie_interfaces__rosidl_typesupport_cpp.dir/rosidl_typesupport_cpp/crazyflie_interfaces/srv/takeoff__type_support.cpp.o[0m
[7.953s] [ 66%] Built target crazyflie_interfaces__rosidl_typesupport_c
[7.957s] [ 67%] [32mBuilding CXX object CMakeFiles/crazyflie_interfaces__rosidl_typesupport_cpp.dir/rosidl_typesupport_cpp/crazyflie_interfaces/srv/update_params__type_support.cpp.o[0m
[8.102s] [ 67%] [32mBuilding CXX object CMakeFiles/crazyflie_interfaces__rosidl_typesupport_fastrtps_cpp.dir/rosidl_typesupport_fastrtps_cpp/crazyflie_interfaces/srv/detail/dds_fastrtps/remove_logging__type_support.cpp.o[0m
[8.117s] [ 67%] Built target crazyflie_interfaces__rosidl_typesupport_introspection_cpp
[8.122s] [ 68%] [32mBuilding CXX object CMakeFiles/crazyflie_interfaces__rosidl_typesupport_fastrtps_cpp.dir/rosidl_typesupport_fastrtps_cpp/crazyflie_interfaces/srv/detail/dds_fastrtps/add_logging__type_support.cpp.o[0m
[8.129s] [ 68%] [32mBuilding CXX object CMakeFiles/crazyflie_interfaces__rosidl_typesupport_cpp.dir/rosidl_typesupport_cpp/crazyflie_interfaces/srv/upload_trajectory__type_support.cpp.o[0m
[8.282s] [ 69%] [32mBuilding CXX object CMakeFiles/crazyflie_interfaces__rosidl_typesupport_cpp.dir/rosidl_typesupport_cpp/crazyflie_interfaces/srv/remove_logging__type_support.cpp.o[0m
[8.321s] [ 70%] [32mBuilding CXX object CMakeFiles/crazyflie_interfaces__rosidl_typesupport_cpp.dir/rosidl_typesupport_cpp/crazyflie_interfaces/srv/add_logging__type_support.cpp.o[0m
[8.724s] [ 70%] [32m[1mLinking CXX shared library libcrazyflie_interfaces__rosidl_typesupport_cpp.so[0m
[8.754s] [ 71%] Built target crazyflie_interfaces__rosidl_typesupport_cpp
[8.777s] [ 71%] [32m[1mLinking CXX shared library libcrazyflie_interfaces__rosidl_typesupport_fastrtps_cpp.so[0m
[8.863s] [ 72%] Built target crazyflie_interfaces__rosidl_typesupport_fastrtps_cpp
[8.875s] [ 72%] [32mBuilding CXX object CMakeFiles/crazyflie_interfaces__rosidl_typesupport_fastrtps_c.dir/rosidl_typesupport_fastrtps_c/crazyflie_interfaces/msg/detail/full_state__type_support_c.cpp.o[0m
[8.875s] [ 74%] [32mBuilding CXX object CMakeFiles/crazyflie_interfaces__rosidl_typesupport_fastrtps_c.dir/rosidl_typesupport_fastrtps_c/crazyflie_interfaces/msg/detail/hover__type_support_c.cpp.o[0m
[8.875s] [ 74%] [32mBuilding CXX object CMakeFiles/crazyflie_interfaces__rosidl_typesupport_fastrtps_c.dir/rosidl_typesupport_fastrtps_c/crazyflie_interfaces/msg/detail/log_data_generic__type_support_c.cpp.o[0m
[8.875s] [ 74%] [32mBuilding CXX object CMakeFiles/crazyflie_interfaces__rosidl_typesupport_fastrtps_c.dir/rosidl_typesupport_fastrtps_c/crazyflie_interfaces/msg/detail/log_block__type_support_c.cpp.o[0m
[8.875s] [ 74%] [32mBuilding CXX object CMakeFiles/crazyflie_interfaces__rosidl_typesupport_fastrtps_c.dir/rosidl_typesupport_fastrtps_c/crazyflie_interfaces/msg/detail/trajectory_polynomial_piece__type_support_c.cpp.o[0m
[8.875s] [ 75%] [32mBuilding CXX object CMakeFiles/crazyflie_interfaces__rosidl_typesupport_fastrtps_c.dir/rosidl_typesupport_fastrtps_c/crazyflie_interfaces/msg/detail/position__type_support_c.cpp.o[0m
[8.876s] [ 76%] [32mBuilding CXX object CMakeFiles/crazyflie_interfaces__rosidl_typesupport_fastrtps_c.dir/rosidl_typesupport_fastrtps_c/crazyflie_interfaces/msg/detail/velocity_world__type_support_c.cpp.o[0m
[8.876s] [ 77%] [32mBuilding CXX object CMakeFiles/crazyflie_interfaces__rosidl_typesupport_fastrtps_c.dir/rosidl_typesupport_fastrtps_c/crazyflie_interfaces/srv/detail/go_to__type_support_c.cpp.o[0m
[9.427s] [ 77%] [32mBuilding CXX object CMakeFiles/crazyflie_interfaces__rosidl_typesupport_fastrtps_c.dir/rosidl_typesupport_fastrtps_c/crazyflie_interfaces/srv/detail/land__type_support_c.cpp.o[0m
[9.466s] [ 78%] [32mBuilding CXX object CMakeFiles/crazyflie_interfaces__rosidl_typesupport_fastrtps_c.dir/rosidl_typesupport_fastrtps_c/crazyflie_interfaces/srv/detail/notify_setpoints_stop__type_support_c.cpp.o[0m
[9.477s] [ 78%] [32mBuilding CXX object CMakeFiles/crazyflie_interfaces__rosidl_typesupport_fastrtps_c.dir/rosidl_typesupport_fastrtps_c/crazyflie_interfaces/srv/detail/set_group_mask__type_support_c.cpp.o[0m
[9.478s] [ 79%] [32mBuilding CXX object CMakeFiles/crazyflie_interfaces__rosidl_typesupport_fastrtps_c.dir/rosidl_typesupport_fastrtps_c/crazyflie_interfaces/srv/detail/stop__type_support_c.cpp.o[0m
[9.480s] [ 80%] [32mBuilding CXX object CMakeFiles/crazyflie_interfaces__rosidl_typesupport_fastrtps_c.dir/rosidl_typesupport_fastrtps_c/crazyflie_interfaces/srv/detail/start_trajectory__type_support_c.cpp.o[0m
[9.559s] [ 80%] [32mBuilding CXX object CMakeFiles/crazyflie_interfaces__rosidl_typesupport_fastrtps_c.dir/rosidl_typesupport_fastrtps_c/crazyflie_interfaces/srv/detail/takeoff__type_support_c.cpp.o[0m
[9.576s] [ 81%] [32mBuilding CXX object CMakeFiles/crazyflie_interfaces__rosidl_typesupport_fastrtps_c.dir/rosidl_typesupport_fastrtps_c/crazyflie_interfaces/srv/detail/update_params__type_support_c.cpp.o[0m
[9.655s] [ 81%] [32mBuilding CXX object CMakeFiles/crazyflie_interfaces__rosidl_typesupport_fastrtps_c.dir/rosidl_typesupport_fastrtps_c/crazyflie_interfaces/srv/detail/upload_trajectory__type_support_c.cpp.o[0m
[10.080s] [ 82%] [32mBuilding CXX object CMakeFiles/crazyflie_interfaces__rosidl_typesupport_fastrtps_c.dir/rosidl_typesupport_fastrtps_c/crazyflie_interfaces/srv/detail/remove_logging__type_support_c.cpp.o[0m
[10.115s] [ 83%] [32mBuilding CXX object CMakeFiles/crazyflie_interfaces__rosidl_typesupport_fastrtps_c.dir/rosidl_typesupport_fastrtps_c/crazyflie_interfaces/srv/detail/add_logging__type_support_c.cpp.o[0m
[10.517s] [ 83%] [32m[1mLinking CXX shared library libcrazyflie_interfaces__rosidl_typesupport_fastrtps_c.so[0m
[10.600s] [ 84%] Built target crazyflie_interfaces__rosidl_typesupport_fastrtps_c
[10.608s] [ 84%] Built target crazyflie_interfaces
[10.619s] [ 85%] Built target crazyflie_interfaces__py
[10.633s] [ 85%] [32mBuilding C object CMakeFiles/crazyflie_interfaces__python.dir/rosidl_generator_py/crazyflie_interfaces/msg/_full_state_s.c.o[0m
[10.634s] [ 85%] [32mBuilding C object CMakeFiles/crazyflie_interfaces__python.dir/rosidl_generator_py/crazyflie_interfaces/msg/_hover_s.c.o[0m
[10.634s] [ 86%] [32mBuilding C object CMakeFiles/crazyflie_interfaces__python.dir/rosidl_generator_py/crazyflie_interfaces/msg/_position_s.c.o[0m
[10.634s] [ 87%] [32mBuilding C object CMakeFiles/crazyflie_interfaces__python.dir/rosidl_generator_py/crazyflie_interfaces/msg/_log_data_generic_s.c.o[0m
[10.635s] [ 87%] [32mBuilding C object CMakeFiles/crazyflie_interfaces__python.dir/rosidl_generator_py/crazyflie_interfaces/msg/_trajectory_polynomial_piece_s.c.o[0m
[10.635s] [ 89%] [32mBuilding C object CMakeFiles/crazyflie_interfaces__python.dir/rosidl_generator_py/crazyflie_interfaces/msg/_velocity_world_s.c.o[0m
[10.636s] [ 89%] [32mBuilding C object CMakeFiles/crazyflie_interfaces__python.dir/rosidl_generator_py/crazyflie_interfaces/msg/_log_block_s.c.o[0m
[10.640s] [ 89%] [32mBuilding C object CMakeFiles/crazyflie_interfaces__python.dir/rosidl_generator_py/crazyflie_interfaces/srv/_go_to_s.c.o[0m
[10.796s] [ 90%] [32mBuilding C object CMakeFiles/crazyflie_interfaces__python.dir/rosidl_generator_py/crazyflie_interfaces/srv/_land_s.c.o[0m
[10.809s] [ 91%] [32mBuilding C object CMakeFiles/crazyflie_interfaces__python.dir/rosidl_generator_py/crazyflie_interfaces/srv/_notify_setpoints_stop_s.c.o[0m
[10.816s] [ 91%] [32mBuilding C object CMakeFiles/crazyflie_interfaces__python.dir/rosidl_generator_py/crazyflie_interfaces/srv/_set_group_mask_s.c.o[0m
[10.816s] [ 91%] [32mBuilding C object CMakeFiles/crazyflie_interfaces__python.dir/rosidl_generator_py/crazyflie_interfaces/srv/_stop_s.c.o[0m
[10.816s] [ 92%] [32mBuilding C object CMakeFiles/crazyflie_interfaces__python.dir/rosidl_generator_py/crazyflie_interfaces/srv/_start_trajectory_s.c.o[0m
[10.823s] [ 93%] [32mBuilding C object CMakeFiles/crazyflie_interfaces__python.dir/rosidl_generator_py/crazyflie_interfaces/srv/_takeoff_s.c.o[0m
[10.824s] [ 94%] [32mBuilding C object CMakeFiles/crazyflie_interfaces__python.dir/rosidl_generator_py/crazyflie_interfaces/srv/_update_params_s.c.o[0m
[10.942s] [ 94%] [32mBuilding C object CMakeFiles/crazyflie_interfaces__python.dir/rosidl_generator_py/crazyflie_interfaces/srv/_upload_trajectory_s.c.o[0m
[10.952s] [ 95%] [32mBuilding C object CMakeFiles/crazyflie_interfaces__python.dir/rosidl_generator_py/crazyflie_interfaces/srv/_remove_logging_s.c.o[0m
[10.955s] [ 95%] [32mBuilding C object CMakeFiles/crazyflie_interfaces__python.dir/rosidl_generator_py/crazyflie_interfaces/srv/_add_logging_s.c.o[0m
[11.093s] [ 96%] [32m[1mLinking C shared library rosidl_generator_py/crazyflie_interfaces/libcrazyflie_interfaces__python.so[0m
[11.145s] [ 96%] Built target crazyflie_interfaces__python
[11.158s] [ 98%] [32mBuilding C object CMakeFiles/crazyflie_interfaces__rosidl_typesupport_fastrtps_c__pyext.dir/rosidl_generator_py/crazyflie_interfaces/_crazyflie_interfaces_s.ep.rosidl_typesupport_fastrtps_c.c.o[0m
[11.158s] [ 99%] [32mBuilding C object CMakeFiles/crazyflie_interfaces__rosidl_typesupport_introspection_c__pyext.dir/rosidl_generator_py/crazyflie_interfaces/_crazyflie_interfaces_s.ep.rosidl_typesupport_introspection_c.c.o[0m
[11.159s] [ 99%] [32mBuilding C object CMakeFiles/crazyflie_interfaces__rosidl_typesupport_c__pyext.dir/rosidl_generator_py/crazyflie_interfaces/_crazyflie_interfaces_s.ep.rosidl_typesupport_c.c.o[0m
[11.332s] [100%] [32m[1mLinking C shared library rosidl_generator_py/crazyflie_interfaces/crazyflie_interfaces_s__rosidl_typesupport_introspection_c.cpython-38-x86_64-linux-gnu.so[0m
[11.332s] [100%] [32m[1mLinking CXX shared library rosidl_generator_py/crazyflie_interfaces/crazyflie_interfaces_s__rosidl_typesupport_fastrtps_c.cpython-38-x86_64-linux-gnu.so[0m
[11.333s] [100%] [32m[1mLinking C shared library rosidl_generator_py/crazyflie_interfaces/crazyflie_interfaces_s__rosidl_typesupport_c.cpython-38-x86_64-linux-gnu.so[0m
[11.361s] [100%] Built target crazyflie_interfaces__rosidl_typesupport_introspection_c__pyext
[11.362s] [100%] Built target crazyflie_interfaces__rosidl_typesupport_c__pyext
[11.392s] [100%] Built target crazyflie_interfaces__rosidl_typesupport_fastrtps_c__pyext
[11.400s] Invoked command in '/home/tdeng23/ros2_ws/build/crazyflie_interfaces' returned '0': CMAKE_PREFIX_PATH=/opt/ros/galactic /home/tdeng23/.local/bin/cmake --build /home/tdeng23/ros2_ws/build/crazyflie_interfaces -- -j8 -l8
[11.681s] Invoking command in '/home/tdeng23/ros2_ws/build/crazyflie_interfaces': CMAKE_PREFIX_PATH=/opt/ros/galactic /home/tdeng23/.local/bin/cmake --install /home/tdeng23/ros2_ws/build/crazyflie_interfaces
[11.714s] -- Install configuration: ""
[11.714s] -- Execute custom install script
[11.715s] -- Up-to-date symlink: /home/tdeng23/ros2_ws/install/crazyflie_interfaces/share/ament_index/resource_index/rosidl_interfaces/crazyflie_interfaces
[11.717s] -- Up-to-date symlink: /home/tdeng23/ros2_ws/install/crazyflie_interfaces/include/crazyflie_interfaces/msg/detail/full_state__functions.h
[11.717s] -- Up-to-date symlink: /home/tdeng23/ros2_ws/install/crazyflie_interfaces/include/crazyflie_interfaces/msg/detail/full_state__struct.h
[11.717s] -- Up-to-date symlink: /home/tdeng23/ros2_ws/install/crazyflie_interfaces/include/crazyflie_interfaces/msg/detail/full_state__type_support.h
[11.717s] -- Up-to-date symlink: /home/tdeng23/ros2_ws/install/crazyflie_interfaces/include/crazyflie_interfaces/msg/detail/hover__functions.h
[11.717s] -- Up-to-date symlink: /home/tdeng23/ros2_ws/install/crazyflie_interfaces/include/crazyflie_interfaces/msg/detail/hover__struct.h
[11.718s] -- Up-to-date symlink: /home/tdeng23/ros2_ws/install/crazyflie_interfaces/include/crazyflie_interfaces/msg/detail/hover__type_support.h
[11.718s] -- Up-to-date symlink: /home/tdeng23/ros2_ws/install/crazyflie_interfaces/include/crazyflie_interfaces/msg/detail/log_block__functions.h
[11.718s] -- Up-to-date symlink: /home/tdeng23/ros2_ws/install/crazyflie_interfaces/include/crazyflie_interfaces/msg/detail/log_block__struct.h
[11.718s] -- Up-to-date symlink: /home/tdeng23/ros2_ws/install/crazyflie_interfaces/include/crazyflie_interfaces/msg/detail/log_block__type_support.h
[11.718s] -- Up-to-date symlink: /home/tdeng23/ros2_ws/install/crazyflie_interfaces/include/crazyflie_interfaces/msg/detail/log_data_generic__functions.h
[11.719s] -- Up-to-date symlink: /home/tdeng23/ros2_ws/install/crazyflie_interfaces/include/crazyflie_interfaces/msg/detail/log_data_generic__struct.h
[11.719s] -- Up-to-date symlink: /home/tdeng23/ros2_ws/install/crazyflie_interfaces/include/crazyflie_interfaces/msg/detail/log_data_generic__type_support.h
[11.719s] -- Up-to-date symlink: /home/tdeng23/ros2_ws/install/crazyflie_interfaces/include/crazyflie_interfaces/msg/detail/position__functions.h
[11.720s] -- Up-to-date symlink: /home/tdeng23/ros2_ws/install/crazyflie_interfaces/include/crazyflie_interfaces/msg/detail/position__struct.h
[11.720s] -- Up-to-date symlink: /home/tdeng23/ros2_ws/install/crazyflie_interfaces/include/crazyflie_interfaces/msg/detail/position__type_support.h
[11.720s] -- Up-to-date symlink: /home/tdeng23/ros2_ws/install/crazyflie_interfaces/include/crazyflie_interfaces/msg/detail/trajectory_polynomial_piece__functions.h
[11.720s] -- Up-to-date symlink: /home/tdeng23/ros2_ws/install/crazyflie_interfaces/include/crazyflie_interfaces/msg/detail/trajectory_polynomial_piece__struct.h
[11.720s] -- Up-to-date symlink: /home/tdeng23/ros2_ws/install/crazyflie_interfaces/include/crazyflie_interfaces/msg/detail/trajectory_polynomial_piece__type_support.h
[11.721s] -- Up-to-date symlink: /home/tdeng23/ros2_ws/install/crazyflie_interfaces/include/crazyflie_interfaces/msg/detail/velocity_world__functions.h
[11.721s] -- Up-to-date symlink: /home/tdeng23/ros2_ws/install/crazyflie_interfaces/include/crazyflie_interfaces/msg/detail/velocity_world__struct.h
[11.721s] -- Up-to-date symlink: /home/tdeng23/ros2_ws/install/crazyflie_interfaces/include/crazyflie_interfaces/msg/detail/velocity_world__type_support.h
[11.721s] -- Up-to-date symlink: /home/tdeng23/ros2_ws/install/crazyflie_interfaces/include/crazyflie_interfaces/msg/full_state.h
[11.722s] -- Up-to-date symlink: /home/tdeng23/ros2_ws/install/crazyflie_interfaces/include/crazyflie_interfaces/msg/hover.h
[11.722s] -- Up-to-date symlink: /home/tdeng23/ros2_ws/install/crazyflie_interfaces/include/crazyflie_interfaces/msg/log_block.h
[11.722s] -- Up-to-date symlink: /home/tdeng23/ros2_ws/install/crazyflie_interfaces/include/crazyflie_interfaces/msg/log_data_generic.h
[11.722s] -- Up-to-date symlink: /home/tdeng23/ros2_ws/install/crazyflie_interfaces/include/crazyflie_interfaces/msg/position.h
[11.722s] -- Up-to-date symlink: /home/tdeng23/ros2_ws/install/crazyflie_interfaces/include/crazyflie_interfaces/msg/rosidl_generator_c__visibility_control.h
[11.723s] -- Up-to-date symlink: /home/tdeng23/ros2_ws/install/crazyflie_interfaces/include/crazyflie_interfaces/msg/trajectory_polynomial_piece.h
[11.723s] -- Up-to-date symlink: /home/tdeng23/ros2_ws/install/crazyflie_interfaces/include/crazyflie_interfaces/msg/velocity_world.h
[11.723s] -- Up-to-date symlink: /home/tdeng23/ros2_ws/install/crazyflie_interfaces/include/crazyflie_interfaces/srv/add_logging.h
[11.724s] -- Up-to-date symlink: /home/tdeng23/ros2_ws/install/crazyflie_interfaces/include/crazyflie_interfaces/srv/detail/add_logging__functions.h
[11.724s] -- Up-to-date symlink: /home/tdeng23/ros2_ws/install/crazyflie_interfaces/include/crazyflie_interfaces/srv/detail/add_logging__struct.h
[11.724s] -- Up-to-date symlink: /home/tdeng23/ros2_ws/install/crazyflie_interfaces/include/crazyflie_interfaces/srv/detail/add_logging__type_support.h
[11.724s] -- Up-to-date symlink: /home/tdeng23/ros2_ws/install/crazyflie_interfaces/include/crazyflie_interfaces/srv/detail/go_to__functions.h
[11.725s] -- Up-to-date symlink: /home/tdeng23/ros2_ws/install/crazyflie_interfaces/include/crazyflie_interfaces/srv/detail/go_to__struct.h
[11.725s] -- Up-to-date symlink: /home/tdeng23/ros2_ws/install/crazyflie_interfaces/include/crazyflie_interfaces/srv/detail/go_to__type_support.h
[11.725s] -- Up-to-date symlink: /home/tdeng23/ros2_ws/install/crazyflie_interfaces/include/crazyflie_interfaces/srv/detail/land__functions.h
[11.725s] -- Up-to-date symlink: /home/tdeng23/ros2_ws/install/crazyflie_interfaces/include/crazyflie_interfaces/srv/detail/land__struct.h
[11.725s] -- Up-to-date symlink: /home/tdeng23/ros2_ws/install/crazyflie_interfaces/include/crazyflie_interfaces/srv/detail/land__type_support.h
[11.726s] -- Up-to-date symlink: /home/tdeng23/ros2_ws/install/crazyflie_interfaces/include/crazyflie_interfaces/srv/detail/notify_setpoints_stop__functions.h
[11.726s] -- Up-to-date symlink: /home/tdeng23/ros2_ws/install/crazyflie_interfaces/include/crazyflie_interfaces/srv/detail/notify_setpoints_stop__struct.h
[11.726s] -- Up-to-date symlink: /home/tdeng23/ros2_ws/install/crazyflie_interfaces/include/crazyflie_interfaces/srv/detail/notify_setpoints_stop__type_support.h
[11.726s] -- Up-to-date symlink: /home/tdeng23/ros2_ws/install/crazyflie_interfaces/include/crazyflie_interfaces/srv/detail/remove_logging__functions.h
[11.726s] -- Up-to-date symlink: /home/tdeng23/ros2_ws/install/crazyflie_interfaces/include/crazyflie_interfaces/srv/detail/remove_logging__struct.h
[11.727s] -- Up-to-date symlink: /home/tdeng23/ros2_ws/install/crazyflie_interfaces/include/crazyflie_interfaces/srv/detail/remove_logging__type_support.h
[11.727s] -- Up-to-date symlink: /home/tdeng23/ros2_ws/install/crazyflie_interfaces/include/crazyflie_interfaces/srv/detail/set_group_mask__functions.h
[11.727s] -- Up-to-date symlink: /home/tdeng23/ros2_ws/install/crazyflie_interfaces/include/crazyflie_interfaces/srv/detail/set_group_mask__struct.h
[11.727s] -- Up-to-date symlink: /home/tdeng23/ros2_ws/install/crazyflie_interfaces/include/crazyflie_interfaces/srv/detail/set_group_mask__type_support.h
[11.727s] -- Up-to-date symlink: /home/tdeng23/ros2_ws/install/crazyflie_interfaces/include/crazyflie_interfaces/srv/detail/start_trajectory__functions.h
[11.728s] -- Up-to-date symlink: /home/tdeng23/ros2_ws/install/crazyflie_interfaces/include/crazyflie_interfaces/srv/detail/start_trajectory__struct.h
[11.728s] -- Up-to-date symlink: /home/tdeng23/ros2_ws/install/crazyflie_interfaces/include/crazyflie_interfaces/srv/detail/start_trajectory__type_support.h
[11.728s] -- Up-to-date symlink: /home/tdeng23/ros2_ws/install/crazyflie_interfaces/include/crazyflie_interfaces/srv/detail/stop__functions.h
[11.728s] -- Up-to-date symlink: /home/tdeng23/ros2_ws/install/crazyflie_interfaces/include/crazyflie_interfaces/srv/detail/stop__struct.h
[11.728s] -- Up-to-date symlink: /home/tdeng23/ros2_ws/install/crazyflie_interfaces/include/crazyflie_interfaces/srv/detail/stop__type_support.h
[11.729s] -- Up-to-date symlink: /home/tdeng23/ros2_ws/install/crazyflie_interfaces/include/crazyflie_interfaces/srv/detail/takeoff__functions.h
[11.729s] -- Up-to-date symlink: /home/tdeng23/ros2_ws/install/crazyflie_interfaces/include/crazyflie_interfaces/srv/detail/takeoff__struct.h
[11.729s] -- Up-to-date symlink: /home/tdeng23/ros2_ws/install/crazyflie_interfaces/include/crazyflie_interfaces/srv/detail/takeoff__type_support.h
[11.729s] -- Up-to-date symlink: /home/tdeng23/ros2_ws/install/crazyflie_interfaces/include/crazyflie_interfaces/srv/detail/update_params__functions.h
[11.729s] -- Up-to-date symlink: /home/tdeng23/ros2_ws/install/crazyflie_interfaces/include/crazyflie_interfaces/srv/detail/update_params__struct.h
[11.730s] -- Up-to-date symlink: /home/tdeng23/ros2_ws/install/crazyflie_interfaces/include/crazyflie_interfaces/srv/detail/update_params__type_support.h
[11.730s] -- Up-to-date symlink: /home/tdeng23/ros2_ws/install/crazyflie_interfaces/include/crazyflie_interfaces/srv/detail/upload_trajectory__functions.h
[11.730s] -- Up-to-date symlink: /home/tdeng23/ros2_ws/install/crazyflie_interfaces/include/crazyflie_interfaces/srv/detail/upload_trajectory__struct.h
[11.730s] -- Up-to-date symlink: /home/tdeng23/ros2_ws/install/crazyflie_interfaces/include/crazyflie_interfaces/srv/detail/upload_trajectory__type_support.h
[11.730s] -- Up-to-date symlink: /home/tdeng23/ros2_ws/install/crazyflie_interfaces/include/crazyflie_interfaces/srv/go_to.h
[11.731s] -- Up-to-date symlink: /home/tdeng23/ros2_ws/install/crazyflie_interfaces/include/crazyflie_interfaces/srv/land.h
[11.731s] -- Up-to-date symlink: /home/tdeng23/ros2_ws/install/crazyflie_interfaces/include/crazyflie_interfaces/srv/notify_setpoints_stop.h
[11.731s] -- Up-to-date symlink: /home/tdeng23/ros2_ws/install/crazyflie_interfaces/include/crazyflie_interfaces/srv/remove_logging.h
[11.731s] -- Up-to-date symlink: /home/tdeng23/ros2_ws/install/crazyflie_interfaces/include/crazyflie_interfaces/srv/set_group_mask.h
[11.731s] -- Up-to-date symlink: /home/tdeng23/ros2_ws/install/crazyflie_interfaces/include/crazyflie_interfaces/srv/start_trajectory.h
[11.732s] -- Up-to-date symlink: /home/tdeng23/ros2_ws/install/crazyflie_interfaces/include/crazyflie_interfaces/srv/stop.h
[11.732s] -- Up-to-date symlink: /home/tdeng23/ros2_ws/install/crazyflie_interfaces/include/crazyflie_interfaces/srv/takeoff.h
[11.732s] -- Up-to-date symlink: /home/tdeng23/ros2_ws/install/crazyflie_interfaces/include/crazyflie_interfaces/srv/update_params.h
[11.732s] -- Up-to-date symlink: /home/tdeng23/ros2_ws/install/crazyflie_interfaces/include/crazyflie_interfaces/srv/upload_trajectory.h
[11.733s] -- Up-to-date symlink: /home/tdeng23/ros2_ws/install/crazyflie_interfaces/share/crazyflie_interfaces/environment/library_path.sh
[11.733s] -- Up-to-date symlink: /home/tdeng23/ros2_ws/install/crazyflie_interfaces/share/crazyflie_interfaces/environment/library_path.dsv
[11.734s] -- Up-to-date symlink: /home/tdeng23/ros2_ws/install/crazyflie_interfaces/include/crazyflie_interfaces/msg/detail/full_state__rosidl_typesupport_fastrtps_c.h
[11.735s] -- Up-to-date symlink: /home/tdeng23/ros2_ws/install/crazyflie_interfaces/include/crazyflie_interfaces/msg/detail/hover__rosidl_typesupport_fastrtps_c.h
[11.735s] -- Up-to-date symlink: /home/tdeng23/ros2_ws/install/crazyflie_interfaces/include/crazyflie_interfaces/msg/detail/log_block__rosidl_typesupport_fastrtps_c.h
[11.735s] -- Up-to-date symlink: /home/tdeng23/ros2_ws/install/crazyflie_interfaces/include/crazyflie_interfaces/msg/detail/log_data_generic__rosidl_typesupport_fastrtps_c.h
[11.735s] -- Up-to-date symlink: /home/tdeng23/ros2_ws/install/crazyflie_interfaces/include/crazyflie_interfaces/msg/detail/position__rosidl_typesupport_fastrtps_c.h
[11.735s] -- Up-to-date symlink: /home/tdeng23/ros2_ws/install/crazyflie_interfaces/include/crazyflie_interfaces/msg/detail/trajectory_polynomial_piece__rosidl_typesupport_fastrtps_c.h
[11.736s] -- Up-to-date symlink: /home/tdeng23/ros2_ws/install/crazyflie_interfaces/include/crazyflie_interfaces/msg/detail/velocity_world__rosidl_typesupport_fastrtps_c.h
[11.736s] -- Up-to-date symlink: /home/tdeng23/ros2_ws/install/crazyflie_interfaces/include/crazyflie_interfaces/msg/rosidl_typesupport_fastrtps_c__visibility_control.h
[11.736s] -- Up-to-date symlink: /home/tdeng23/ros2_ws/install/crazyflie_interfaces/include/crazyflie_interfaces/srv/detail/add_logging__rosidl_typesupport_fastrtps_c.h
[11.736s] -- Up-to-date symlink: /home/tdeng23/ros2_ws/install/crazyflie_interfaces/include/crazyflie_interfaces/srv/detail/go_to__rosidl_typesupport_fastrtps_c.h
[11.736s] -- Up-to-date symlink: /home/tdeng23/ros2_ws/install/crazyflie_interfaces/include/crazyflie_interfaces/srv/detail/land__rosidl_typesupport_fastrtps_c.h
[11.736s] -- Up-to-date symlink: /home/tdeng23/ros2_ws/install/crazyflie_interfaces/include/crazyflie_interfaces/srv/detail/notify_setpoints_stop__rosidl_typesupport_fastrtps_c.h
[11.737s] -- Up-to-date symlink: /home/tdeng23/ros2_ws/install/crazyflie_interfaces/include/crazyflie_interfaces/srv/detail/remove_logging__rosidl_typesupport_fastrtps_c.h
[11.737s] -- Up-to-date symlink: /home/tdeng23/ros2_ws/install/crazyflie_interfaces/include/crazyflie_interfaces/srv/detail/set_group_mask__rosidl_typesupport_fastrtps_c.h
[11.737s] -- Up-to-date symlink: /home/tdeng23/ros2_ws/install/crazyflie_interfaces/include/crazyflie_interfaces/srv/detail/start_trajectory__rosidl_typesupport_fastrtps_c.h
[11.737s] -- Up-to-date symlink: /home/tdeng23/ros2_ws/install/crazyflie_interfaces/include/crazyflie_interfaces/srv/detail/stop__rosidl_typesupport_fastrtps_c.h
[11.737s] -- Up-to-date symlink: /home/tdeng23/ros2_ws/install/crazyflie_interfaces/include/crazyflie_interfaces/srv/detail/takeoff__rosidl_typesupport_fastrtps_c.h
[11.738s] -- Up-to-date symlink: /home/tdeng23/ros2_ws/install/crazyflie_interfaces/include/crazyflie_interfaces/srv/detail/update_params__rosidl_typesupport_fastrtps_c.h
[11.738s] -- Up-to-date symlink: /home/tdeng23/ros2_ws/install/crazyflie_interfaces/include/crazyflie_interfaces/srv/detail/upload_trajectory__rosidl_typesupport_fastrtps_c.h
[11.738s] -- Up-to-date symlink: /home/tdeng23/ros2_ws/install/crazyflie_interfaces/lib/libcrazyflie_interfaces__rosidl_typesupport_fastrtps_c.so
[11.739s] -- Up-to-date symlink: /home/tdeng23/ros2_ws/install/crazyflie_interfaces/include/crazyflie_interfaces/msg/detail/full_state__rosidl_typesupport_fastrtps_cpp.hpp
[11.740s] -- Up-to-date symlink: /home/tdeng23/ros2_ws/install/crazyflie_interfaces/include/crazyflie_interfaces/msg/detail/hover__rosidl_typesupport_fastrtps_cpp.hpp
[11.740s] -- Up-to-date symlink: /home/tdeng23/ros2_ws/install/crazyflie_interfaces/include/crazyflie_interfaces/msg/detail/log_block__rosidl_typesupport_fastrtps_cpp.hpp
[11.740s] -- Up-to-date symlink: /home/tdeng23/ros2_ws/install/crazyflie_interfaces/include/crazyflie_interfaces/msg/detail/log_data_generic__rosidl_typesupport_fastrtps_cpp.hpp
[11.740s] -- Up-to-date symlink: /home/tdeng23/ros2_ws/install/crazyflie_interfaces/include/crazyflie_interfaces/msg/detail/position__rosidl_typesupport_fastrtps_cpp.hpp
[11.740s] -- Up-to-date symlink: /home/tdeng23/ros2_ws/install/crazyflie_interfaces/include/crazyflie_interfaces/msg/detail/trajectory_polynomial_piece__rosidl_typesupport_fastrtps_cpp.hpp
[11.741s] -- Up-to-date symlink: /home/tdeng23/ros2_ws/install/crazyflie_interfaces/include/crazyflie_interfaces/msg/detail/velocity_world__rosidl_typesupport_fastrtps_cpp.hpp
[11.741s] -- Up-to-date symlink: /home/tdeng23/ros2_ws/install/crazyflie_interfaces/include/crazyflie_interfaces/msg/rosidl_typesupport_fastrtps_cpp__visibility_control.h
[11.741s] -- Up-to-date symlink: /home/tdeng23/ros2_ws/install/crazyflie_interfaces/include/crazyflie_interfaces/srv/detail/add_logging__rosidl_typesupport_fastrtps_cpp.hpp
[11.741s] -- Up-to-date symlink: /home/tdeng23/ros2_ws/install/crazyflie_interfaces/include/crazyflie_interfaces/srv/detail/go_to__rosidl_typesupport_fastrtps_cpp.hpp
[11.741s] -- Up-to-date symlink: /home/tdeng23/ros2_ws/install/crazyflie_interfaces/include/crazyflie_interfaces/srv/detail/land__rosidl_typesupport_fastrtps_cpp.hpp
[11.742s] -- Up-to-date symlink: /home/tdeng23/ros2_ws/install/crazyflie_interfaces/include/crazyflie_interfaces/srv/detail/notify_setpoints_stop__rosidl_typesupport_fastrtps_cpp.hpp
[11.742s] -- Up-to-date symlink: /home/tdeng23/ros2_ws/install/crazyflie_interfaces/include/crazyflie_interfaces/srv/detail/remove_logging__rosidl_typesupport_fastrtps_cpp.hpp
[11.742s] -- Up-to-date symlink: /home/tdeng23/ros2_ws/install/crazyflie_interfaces/include/crazyflie_interfaces/srv/detail/set_group_mask__rosidl_typesupport_fastrtps_cpp.hpp
[11.742s] -- Up-to-date symlink: /home/tdeng23/ros2_ws/install/crazyflie_interfaces/include/crazyflie_interfaces/srv/detail/start_trajectory__rosidl_typesupport_fastrtps_cpp.hpp
[11.742s] -- Up-to-date symlink: /home/tdeng23/ros2_ws/install/crazyflie_interfaces/include/crazyflie_interfaces/srv/detail/stop__rosidl_typesupport_fastrtps_cpp.hpp
[11.743s] -- Up-to-date symlink: /home/tdeng23/ros2_ws/install/crazyflie_interfaces/include/crazyflie_interfaces/srv/detail/takeoff__rosidl_typesupport_fastrtps_cpp.hpp
[11.743s] -- Up-to-date symlink: /home/tdeng23/ros2_ws/install/crazyflie_interfaces/include/crazyflie_interfaces/srv/detail/update_params__rosidl_typesupport_fastrtps_cpp.hpp
[11.743s] -- Up-to-date symlink: /home/tdeng23/ros2_ws/install/crazyflie_interfaces/include/crazyflie_interfaces/srv/detail/upload_trajectory__rosidl_typesupport_fastrtps_cpp.hpp
[11.743s] -- Up-to-date symlink: /home/tdeng23/ros2_ws/install/crazyflie_interfaces/lib/libcrazyflie_interfaces__rosidl_typesupport_fastrtps_cpp.so
[11.744s] -- Up-to-date symlink: /home/tdeng23/ros2_ws/install/crazyflie_interfaces/include/crazyflie_interfaces/msg/detail/full_state__rosidl_typesupport_introspection_c.h
[11.744s] -- Up-to-date symlink: /home/tdeng23/ros2_ws/install/crazyflie_interfaces/include/crazyflie_interfaces/msg/detail/hover__rosidl_typesupport_introspection_c.h
[11.745s] -- Up-to-date symlink: /home/tdeng23/ros2_ws/install/crazyflie_interfaces/include/crazyflie_interfaces/msg/detail/log_block__rosidl_typesupport_introspection_c.h
[11.745s] -- Up-to-date symlink: /home/tdeng23/ros2_ws/install/crazyflie_interfaces/include/crazyflie_interfaces/msg/detail/log_data_generic__rosidl_typesupport_introspection_c.h
[11.745s] -- Up-to-date symlink: /home/tdeng23/ros2_ws/install/crazyflie_interfaces/include/crazyflie_interfaces/msg/detail/position__rosidl_typesupport_introspection_c.h
[11.745s] -- Up-to-date symlink: /home/tdeng23/ros2_ws/install/crazyflie_interfaces/include/crazyflie_interfaces/msg/detail/trajectory_polynomial_piece__rosidl_typesupport_introspection_c.h
[11.745s] -- Up-to-date symlink: /home/tdeng23/ros2_ws/install/crazyflie_interfaces/include/crazyflie_interfaces/msg/detail/velocity_world__rosidl_typesupport_introspection_c.h
[11.745s] -- Up-to-date symlink: /home/tdeng23/ros2_ws/install/crazyflie_interfaces/include/crazyflie_interfaces/msg/rosidl_typesupport_introspection_c__visibility_control.h
[11.746s] -- Up-to-date symlink: /home/tdeng23/ros2_ws/install/crazyflie_interfaces/include/crazyflie_interfaces/srv/detail/add_logging__rosidl_typesupport_introspection_c.h
[11.746s] -- Up-to-date symlink: /home/tdeng23/ros2_ws/install/crazyflie_interfaces/include/crazyflie_interfaces/srv/detail/go_to__rosidl_typesupport_introspection_c.h
[11.746s] -- Up-to-date symlink: /home/tdeng23/ros2_ws/install/crazyflie_interfaces/include/crazyflie_interfaces/srv/detail/land__rosidl_typesupport_introspection_c.h
[11.746s] -- Up-to-date symlink: /home/tdeng23/ros2_ws/install/crazyflie_interfaces/include/crazyflie_interfaces/srv/detail/notify_setpoints_stop__rosidl_typesupport_introspection_c.h
[11.747s] -- Up-to-date symlink: /home/tdeng23/ros2_ws/install/crazyflie_interfaces/include/crazyflie_interfaces/srv/detail/remove_logging__rosidl_typesupport_introspection_c.h
[11.747s] -- Up-to-date symlink: /home/tdeng23/ros2_ws/install/crazyflie_interfaces/include/crazyflie_interfaces/srv/detail/set_group_mask__rosidl_typesupport_introspection_c.h
[11.747s] -- Up-to-date symlink: /home/tdeng23/ros2_ws/install/crazyflie_interfaces/include/crazyflie_interfaces/srv/detail/start_trajectory__rosidl_typesupport_introspection_c.h
[11.747s] -- Up-to-date symlink: /home/tdeng23/ros2_ws/install/crazyflie_interfaces/include/crazyflie_interfaces/srv/detail/stop__rosidl_typesupport_introspection_c.h
[11.747s] -- Up-to-date symlink: /home/tdeng23/ros2_ws/install/crazyflie_interfaces/include/crazyflie_interfaces/srv/detail/takeoff__rosidl_typesupport_introspection_c.h
[11.748s] -- Up-to-date symlink: /home/tdeng23/ros2_ws/install/crazyflie_interfaces/include/crazyflie_interfaces/srv/detail/update_params__rosidl_typesupport_introspection_c.h
[11.748s] -- Up-to-date symlink: /home/tdeng23/ros2_ws/install/crazyflie_interfaces/include/crazyflie_interfaces/srv/detail/upload_trajectory__rosidl_typesupport_introspection_c.h
[11.749s] -- Up-to-date symlink: /home/tdeng23/ros2_ws/install/crazyflie_interfaces/include/crazyflie_interfaces/msg/detail/full_state__builder.hpp
[11.749s] -- Up-to-date symlink: /home/tdeng23/ros2_ws/install/crazyflie_interfaces/include/crazyflie_interfaces/msg/detail/full_state__struct.hpp
[11.749s] -- Up-to-date symlink: /home/tdeng23/ros2_ws/install/crazyflie_interfaces/include/crazyflie_interfaces/msg/detail/full_state__traits.hpp
[11.749s] -- Up-to-date symlink: /home/tdeng23/ros2_ws/install/crazyflie_interfaces/include/crazyflie_interfaces/msg/detail/hover__builder.hpp
[11.750s] -- Up-to-date symlink: /home/tdeng23/ros2_ws/install/crazyflie_interfaces/include/crazyflie_interfaces/msg/detail/hover__struct.hpp
[11.750s] -- Up-to-date symlink: /home/tdeng23/ros2_ws/install/crazyflie_interfaces/include/crazyflie_interfaces/msg/detail/hover__traits.hpp
[11.750s] -- Up-to-date symlink: /home/tdeng23/ros2_ws/install/crazyflie_interfaces/include/crazyflie_interfaces/msg/detail/log_block__builder.hpp
[11.750s] -- Up-to-date symlink: /home/tdeng23/ros2_ws/install/crazyflie_interfaces/include/crazyflie_interfaces/msg/detail/log_block__struct.hpp
[11.751s] -- Up-to-date symlink: /home/tdeng23/ros2_ws/install/crazyflie_interfaces/include/crazyflie_interfaces/msg/detail/log_block__traits.hpp
[11.751s] -- Up-to-date symlink: /home/tdeng23/ros2_ws/install/crazyflie_interfaces/include/crazyflie_interfaces/msg/detail/log_data_generic__builder.hpp
[11.751s] -- Up-to-date symlink: /home/tdeng23/ros2_ws/install/crazyflie_interfaces/include/crazyflie_interfaces/msg/detail/log_data_generic__struct.hpp
[11.751s] -- Up-to-date symlink: /home/tdeng23/ros2_ws/install/crazyflie_interfaces/include/crazyflie_interfaces/msg/detail/log_data_generic__traits.hpp
[11.751s] -- Up-to-date symlink: /home/tdeng23/ros2_ws/install/crazyflie_interfaces/include/crazyflie_interfaces/msg/detail/position__builder.hpp
[11.752s] -- Up-to-date symlink: /home/tdeng23/ros2_ws/install/crazyflie_interfaces/include/crazyflie_interfaces/msg/detail/position__struct.hpp
[11.752s] -- Up-to-date symlink: /home/tdeng23/ros2_ws/install/crazyflie_interfaces/include/crazyflie_interfaces/msg/detail/position__traits.hpp
[11.752s] -- Up-to-date symlink: /home/tdeng23/ros2_ws/install/crazyflie_interfaces/include/crazyflie_interfaces/msg/detail/trajectory_polynomial_piece__builder.hpp
[11.752s] -- Up-to-date symlink: /home/tdeng23/ros2_ws/install/crazyflie_interfaces/include/crazyflie_interfaces/msg/detail/trajectory_polynomial_piece__struct.hpp
[11.752s] -- Up-to-date symlink: /home/tdeng23/ros2_ws/install/crazyflie_interfaces/include/crazyflie_interfaces/msg/detail/trajectory_polynomial_piece__traits.hpp
[11.753s] -- Up-to-date symlink: /home/tdeng23/ros2_ws/install/crazyflie_interfaces/include/crazyflie_interfaces/msg/detail/velocity_world__builder.hpp
[11.753s] -- Up-to-date symlink: /home/tdeng23/ros2_ws/install/crazyflie_interfaces/include/crazyflie_interfaces/msg/detail/velocity_world__struct.hpp
[11.753s] -- Up-to-date symlink: /home/tdeng23/ros2_ws/install/crazyflie_interfaces/include/crazyflie_interfaces/msg/detail/velocity_world__traits.hpp
[11.753s] -- Up-to-date symlink: /home/tdeng23/ros2_ws/install/crazyflie_interfaces/include/crazyflie_interfaces/msg/full_state.hpp
[11.753s] -- Up-to-date symlink: /home/tdeng23/ros2_ws/install/crazyflie_interfaces/include/crazyflie_interfaces/msg/hover.hpp
[11.753s] -- Up-to-date symlink: /home/tdeng23/ros2_ws/install/crazyflie_interfaces/include/crazyflie_interfaces/msg/log_block.hpp
[11.753s] -- Up-to-date symlink: /home/tdeng23/ros2_ws/install/crazyflie_interfaces/include/crazyflie_interfaces/msg/log_data_generic.hpp
[11.754s] -- Up-to-date symlink: /home/tdeng23/ros2_ws/install/crazyflie_interfaces/include/crazyflie_interfaces/msg/position.hpp
[11.754s] -- Up-to-date symlink: /home/tdeng23/ros2_ws/install/crazyflie_interfaces/include/crazyflie_interfaces/msg/trajectory_polynomial_piece.hpp
[11.754s] -- Up-to-date symlink: /home/tdeng23/ros2_ws/install/crazyflie_interfaces/include/crazyflie_interfaces/msg/velocity_world.hpp
[11.754s] -- Up-to-date symlink: /home/tdeng23/ros2_ws/install/crazyflie_interfaces/include/crazyflie_interfaces/srv/add_logging.hpp
[11.754s] -- Up-to-date symlink: /home/tdeng23/ros2_ws/install/crazyflie_interfaces/include/crazyflie_interfaces/srv/detail/add_logging__builder.hpp
[11.754s] -- Up-to-date symlink: /home/tdeng23/ros2_ws/install/crazyflie_interfaces/include/crazyflie_interfaces/srv/detail/add_logging__struct.hpp
[11.755s] -- Up-to-date symlink: /home/tdeng23/ros2_ws/install/crazyflie_interfaces/include/crazyflie_interfaces/srv/detail/add_logging__traits.hpp
[11.755s] -- Up-to-date symlink: /home/tdeng23/ros2_ws/install/crazyflie_interfaces/include/crazyflie_interfaces/srv/detail/go_to__builder.hpp
[11.755s] -- Up-to-date symlink: /home/tdeng23/ros2_ws/install/crazyflie_interfaces/include/crazyflie_interfaces/srv/detail/go_to__struct.hpp
[11.755s] -- Up-to-date symlink: /home/tdeng23/ros2_ws/install/crazyflie_interfaces/include/crazyflie_interfaces/srv/detail/go_to__traits.hpp
[11.755s] -- Up-to-date symlink: /home/tdeng23/ros2_ws/install/crazyflie_interfaces/include/crazyflie_interfaces/srv/detail/land__builder.hpp
[11.756s] -- Up-to-date symlink: /home/tdeng23/ros2_ws/install/crazyflie_interfaces/include/crazyflie_interfaces/srv/detail/land__struct.hpp
[11.756s] -- Up-to-date symlink: /home/tdeng23/ros2_ws/install/crazyflie_interfaces/include/crazyflie_interfaces/srv/detail/land__traits.hpp
[11.756s] -- Up-to-date symlink: /home/tdeng23/ros2_ws/install/crazyflie_interfaces/include/crazyflie_interfaces/srv/detail/notify_setpoints_stop__builder.hpp
[11.756s] -- Up-to-date symlink: /home/tdeng23/ros2_ws/install/crazyflie_interfaces/include/crazyflie_interfaces/srv/detail/notify_setpoints_stop__struct.hpp
[11.756s] -- Up-to-date symlink: /home/tdeng23/ros2_ws/install/crazyflie_interfaces/include/crazyflie_interfaces/srv/detail/notify_setpoints_stop__traits.hpp
[11.756s] -- Up-to-date symlink: /home/tdeng23/ros2_ws/install/crazyflie_interfaces/include/crazyflie_interfaces/srv/detail/remove_logging__builder.hpp
[11.756s] -- Up-to-date symlink: /home/tdeng23/ros2_ws/install/crazyflie_interfaces/include/crazyflie_interfaces/srv/detail/remove_logging__struct.hpp
[11.757s] -- Up-to-date symlink: /home/tdeng23/ros2_ws/install/crazyflie_interfaces/include/crazyflie_interfaces/srv/detail/remove_logging__traits.hpp
[11.757s] -- Up-to-date symlink: /home/tdeng23/ros2_ws/install/crazyflie_interfaces/include/crazyflie_interfaces/srv/detail/set_group_mask__builder.hpp
[11.757s] -- Up-to-date symlink: /home/tdeng23/ros2_ws/install/crazyflie_interfaces/include/crazyflie_interfaces/srv/detail/set_group_mask__struct.hpp
[11.757s] -- Up-to-date symlink: /home/tdeng23/ros2_ws/install/crazyflie_interfaces/include/crazyflie_interfaces/srv/detail/set_group_mask__traits.hpp
[11.757s] -- Up-to-date symlink: /home/tdeng23/ros2_ws/install/crazyflie_interfaces/include/crazyflie_interfaces/srv/detail/start_trajectory__builder.hpp
[11.757s] -- Up-to-date symlink: /home/tdeng23/ros2_ws/install/crazyflie_interfaces/include/crazyflie_interfaces/srv/detail/start_trajectory__struct.hpp
[11.757s] -- Up-to-date symlink: /home/tdeng23/ros2_ws/install/crazyflie_interfaces/include/crazyflie_interfaces/srv/detail/start_trajectory__traits.hpp
[11.758s] -- Up-to-date symlink: /home/tdeng23/ros2_ws/install/crazyflie_interfaces/include/crazyflie_interfaces/srv/detail/stop__builder.hpp
[11.758s] -- Up-to-date symlink: /home/tdeng23/ros2_ws/install/crazyflie_interfaces/include/crazyflie_interfaces/srv/detail/stop__struct.hpp
[11.758s] -- Up-to-date symlink: /home/tdeng23/ros2_ws/install/crazyflie_interfaces/include/crazyflie_interfaces/srv/detail/stop__traits.hpp
[11.758s] -- Up-to-date symlink: /home/tdeng23/ros2_ws/install/crazyflie_interfaces/include/crazyflie_interfaces/srv/detail/takeoff__builder.hpp
[11.758s] -- Up-to-date symlink: /home/tdeng23/ros2_ws/install/crazyflie_interfaces/include/crazyflie_interfaces/srv/detail/takeoff__struct.hpp
[11.759s] -- Up-to-date symlink: /home/tdeng23/ros2_ws/install/crazyflie_interfaces/include/crazyflie_interfaces/srv/detail/takeoff__traits.hpp
[11.759s] -- Up-to-date symlink: /home/tdeng23/ros2_ws/install/crazyflie_interfaces/include/crazyflie_interfaces/srv/detail/update_params__builder.hpp
[11.759s] -- Up-to-date symlink: /home/tdeng23/ros2_ws/install/crazyflie_interfaces/include/crazyflie_interfaces/srv/detail/update_params__struct.hpp
[11.759s] -- Up-to-date symlink: /home/tdeng23/ros2_ws/install/crazyflie_interfaces/include/crazyflie_interfaces/srv/detail/update_params__traits.hpp
[11.759s] -- Up-to-date symlink: /home/tdeng23/ros2_ws/install/crazyflie_interfaces/include/crazyflie_interfaces/srv/detail/upload_trajectory__builder.hpp
[11.759s] -- Up-to-date symlink: /home/tdeng23/ros2_ws/install/crazyflie_interfaces/include/crazyflie_interfaces/srv/detail/upload_trajectory__struct.hpp
[11.759s] -- Up-to-date symlink: /home/tdeng23/ros2_ws/install/crazyflie_interfaces/include/crazyflie_interfaces/srv/detail/upload_trajectory__traits.hpp
[11.760s] -- Up-to-date symlink: /home/tdeng23/ros2_ws/install/crazyflie_interfaces/include/crazyflie_interfaces/srv/go_to.hpp
[11.760s] -- Up-to-date symlink: /home/tdeng23/ros2_ws/install/crazyflie_interfaces/include/crazyflie_interfaces/srv/land.hpp
[11.760s] -- Up-to-date symlink: /home/tdeng23/ros2_ws/install/crazyflie_interfaces/include/crazyflie_interfaces/srv/notify_setpoints_stop.hpp
[11.760s] -- Up-to-date symlink: /home/tdeng23/ros2_ws/install/crazyflie_interfaces/include/crazyflie_interfaces/srv/remove_logging.hpp
[11.761s] -- Up-to-date symlink: /home/tdeng23/ros2_ws/install/crazyflie_interfaces/include/crazyflie_interfaces/srv/set_group_mask.hpp
[11.761s] -- Up-to-date symlink: /home/tdeng23/ros2_ws/install/crazyflie_interfaces/include/crazyflie_interfaces/srv/start_trajectory.hpp
[11.761s] -- Up-to-date symlink: /home/tdeng23/ros2_ws/install/crazyflie_interfaces/include/crazyflie_interfaces/srv/stop.hpp
[11.761s] -- Up-to-date symlink: /home/tdeng23/ros2_ws/install/crazyflie_interfaces/include/crazyflie_interfaces/srv/takeoff.hpp
[11.761s] -- Up-to-date symlink: /home/tdeng23/ros2_ws/install/crazyflie_interfaces/include/crazyflie_interfaces/srv/update_params.hpp
[11.762s] -- Up-to-date symlink: /home/tdeng23/ros2_ws/install/crazyflie_interfaces/include/crazyflie_interfaces/srv/upload_trajectory.hpp
[11.762s] -- Up-to-date symlink: /home/tdeng23/ros2_ws/install/crazyflie_interfaces/include/crazyflie_interfaces/msg/detail/full_state__rosidl_typesupport_introspection_cpp.hpp
[11.763s] -- Up-to-date symlink: /home/tdeng23/ros2_ws/install/crazyflie_interfaces/include/crazyflie_interfaces/msg/detail/hover__rosidl_typesupport_introspection_cpp.hpp
[11.763s] -- Up-to-date symlink: /home/tdeng23/ros2_ws/install/crazyflie_interfaces/include/crazyflie_interfaces/msg/detail/log_block__rosidl_typesupport_introspection_cpp.hpp
[11.763s] -- Up-to-date symlink: /home/tdeng23/ros2_ws/install/crazyflie_interfaces/include/crazyflie_interfaces/msg/detail/log_data_generic__rosidl_typesupport_introspection_cpp.hpp
[11.763s] -- Up-to-date symlink: /home/tdeng23/ros2_ws/install/crazyflie_interfaces/include/crazyflie_interfaces/msg/detail/position__rosidl_typesupport_introspection_cpp.hpp
[11.764s] -- Up-to-date symlink: /home/tdeng23/ros2_ws/install/crazyflie_interfaces/include/crazyflie_interfaces/msg/detail/trajectory_polynomial_piece__rosidl_typesupport_introspection_cpp.hpp
[11.764s] -- Up-to-date symlink: /home/tdeng23/ros2_ws/install/crazyflie_interfaces/include/crazyflie_interfaces/msg/detail/velocity_world__rosidl_typesupport_introspection_cpp.hpp
[11.764s] -- Up-to-date symlink: /home/tdeng23/ros2_ws/install/crazyflie_interfaces/include/crazyflie_interfaces/srv/detail/add_logging__rosidl_typesupport_introspection_cpp.hpp
[11.765s] -- Up-to-date symlink: /home/tdeng23/ros2_ws/install/crazyflie_interfaces/include/crazyflie_interfaces/srv/detail/go_to__rosidl_typesupport_introspection_cpp.hpp
[11.765s] -- Up-to-date symlink: /home/tdeng23/ros2_ws/install/crazyflie_interfaces/include/crazyflie_interfaces/srv/detail/land__rosidl_typesupport_introspection_cpp.hpp
[11.765s] -- Up-to-date symlink: /home/tdeng23/ros2_ws/install/crazyflie_interfaces/include/crazyflie_interfaces/srv/detail/notify_setpoints_stop__rosidl_typesupport_introspection_cpp.hpp
[11.765s] -- Up-to-date symlink: /home/tdeng23/ros2_ws/install/crazyflie_interfaces/include/crazyflie_interfaces/srv/detail/remove_logging__rosidl_typesupport_introspection_cpp.hpp
[11.766s] -- Up-to-date symlink: /home/tdeng23/ros2_ws/install/crazyflie_interfaces/include/crazyflie_interfaces/srv/detail/set_group_mask__rosidl_typesupport_introspection_cpp.hpp
[11.766s] -- Up-to-date symlink: /home/tdeng23/ros2_ws/install/crazyflie_interfaces/include/crazyflie_interfaces/srv/detail/start_trajectory__rosidl_typesupport_introspection_cpp.hpp
[11.766s] -- Up-to-date symlink: /home/tdeng23/ros2_ws/install/crazyflie_interfaces/include/crazyflie_interfaces/srv/detail/stop__rosidl_typesupport_introspection_cpp.hpp
[11.766s] -- Up-to-date symlink: /home/tdeng23/ros2_ws/install/crazyflie_interfaces/include/crazyflie_interfaces/srv/detail/takeoff__rosidl_typesupport_introspection_cpp.hpp
[11.766s] -- Up-to-date symlink: /home/tdeng23/ros2_ws/install/crazyflie_interfaces/include/crazyflie_interfaces/srv/detail/update_params__rosidl_typesupport_introspection_cpp.hpp
[11.767s] -- Up-to-date symlink: /home/tdeng23/ros2_ws/install/crazyflie_interfaces/include/crazyflie_interfaces/srv/detail/upload_trajectory__rosidl_typesupport_introspection_cpp.hpp
[11.767s] -- Up-to-date symlink: /home/tdeng23/ros2_ws/install/crazyflie_interfaces/share/crazyflie_interfaces/environment/pythonpath.sh
[11.767s] -- Up-to-date symlink: /home/tdeng23/ros2_ws/install/crazyflie_interfaces/share/crazyflie_interfaces/environment/pythonpath.dsv
[11.768s] -- Up-to-date symlink: /home/tdeng23/ros2_ws/install/crazyflie_interfaces/lib/python3.8/site-packages/crazyflie_interfaces/__init__.py
[11.769s] -- Up-to-date symlink: /home/tdeng23/ros2_ws/install/crazyflie_interfaces/lib/python3.8/site-packages/crazyflie_interfaces/msg/__init__.py
[11.769s] -- Up-to-date symlink: /home/tdeng23/ros2_ws/install/crazyflie_interfaces/lib/python3.8/site-packages/crazyflie_interfaces/msg/_full_state.py
[11.770s] -- Up-to-date symlink: /home/tdeng23/ros2_ws/install/crazyflie_interfaces/lib/python3.8/site-packages/crazyflie_interfaces/msg/_hover.py
[11.770s] -- Up-to-date symlink: /home/tdeng23/ros2_ws/install/crazyflie_interfaces/lib/python3.8/site-packages/crazyflie_interfaces/msg/_log_block.py
[11.770s] -- Up-to-date symlink: /home/tdeng23/ros2_ws/install/crazyflie_interfaces/lib/python3.8/site-packages/crazyflie_interfaces/msg/_log_data_generic.py
[11.770s] -- Up-to-date symlink: /home/tdeng23/ros2_ws/install/crazyflie_interfaces/lib/python3.8/site-packages/crazyflie_interfaces/msg/_position.py
[11.771s] -- Up-to-date symlink: /home/tdeng23/ros2_ws/install/crazyflie_interfaces/lib/python3.8/site-packages/crazyflie_interfaces/msg/_trajectory_polynomial_piece.py
[11.771s] -- Up-to-date symlink: /home/tdeng23/ros2_ws/install/crazyflie_interfaces/lib/python3.8/site-packages/crazyflie_interfaces/msg/_velocity_world.py
[11.772s] -- Up-to-date symlink: /home/tdeng23/ros2_ws/install/crazyflie_interfaces/lib/python3.8/site-packages/crazyflie_interfaces/srv/__init__.py
[11.772s] -- Up-to-date symlink: /home/tdeng23/ros2_ws/install/crazyflie_interfaces/lib/python3.8/site-packages/crazyflie_interfaces/srv/_add_logging.py
[11.772s] -- Up-to-date symlink: /home/tdeng23/ros2_ws/install/crazyflie_interfaces/lib/python3.8/site-packages/crazyflie_interfaces/srv/_go_to.py
[11.772s] -- Up-to-date symlink: /home/tdeng23/ros2_ws/install/crazyflie_interfaces/lib/python3.8/site-packages/crazyflie_interfaces/srv/_land.py
[11.773s] -- Up-to-date symlink: /home/tdeng23/ros2_ws/install/crazyflie_interfaces/lib/python3.8/site-packages/crazyflie_interfaces/srv/_notify_setpoints_stop.py
[11.773s] -- Up-to-date symlink: /home/tdeng23/ros2_ws/install/crazyflie_interfaces/lib/python3.8/site-packages/crazyflie_interfaces/srv/_remove_logging.py
[11.773s] -- Up-to-date symlink: /home/tdeng23/ros2_ws/install/crazyflie_interfaces/lib/python3.8/site-packages/crazyflie_interfaces/srv/_set_group_mask.py
[11.773s] -- Up-to-date symlink: /home/tdeng23/ros2_ws/install/crazyflie_interfaces/lib/python3.8/site-packages/crazyflie_interfaces/srv/_start_trajectory.py
[11.774s] -- Up-to-date symlink: /home/tdeng23/ros2_ws/install/crazyflie_interfaces/lib/python3.8/site-packages/crazyflie_interfaces/srv/_stop.py
[11.774s] -- Up-to-date symlink: /home/tdeng23/ros2_ws/install/crazyflie_interfaces/lib/python3.8/site-packages/crazyflie_interfaces/srv/_takeoff.py
[11.774s] -- Up-to-date symlink: /home/tdeng23/ros2_ws/install/crazyflie_interfaces/lib/python3.8/site-packages/crazyflie_interfaces/srv/_update_params.py
[11.774s] -- Up-to-date symlink: /home/tdeng23/ros2_ws/install/crazyflie_interfaces/lib/python3.8/site-packages/crazyflie_interfaces/srv/_upload_trajectory.py
[11.775s] -- Up-to-date symlink: /home/tdeng23/ros2_ws/install/crazyflie_interfaces/lib/python3.8/site-packages/crazyflie_interfaces/crazyflie_interfaces_s__rosidl_typesupport_fastrtps_c.cpython-38-x86_64-linux-gnu.so
[11.775s] -- Up-to-date symlink: /home/tdeng23/ros2_ws/install/crazyflie_interfaces/lib/python3.8/site-packages/crazyflie_interfaces/crazyflie_interfaces_s__rosidl_typesupport_introspection_c.cpython-38-x86_64-linux-gnu.so
[11.775s] -- Up-to-date symlink: /home/tdeng23/ros2_ws/install/crazyflie_interfaces/lib/python3.8/site-packages/crazyflie_interfaces/crazyflie_interfaces_s__rosidl_typesupport_c.cpython-38-x86_64-linux-gnu.so
[11.776s] -- Up-to-date symlink: /home/tdeng23/ros2_ws/install/crazyflie_interfaces/lib/libcrazyflie_interfaces__python.so
[11.776s] -- Up-to-date symlink: /home/tdeng23/ros2_ws/install/crazyflie_interfaces/share/crazyflie_interfaces/msg/FullState.idl
[11.777s] -- Up-to-date symlink: /home/tdeng23/ros2_ws/install/crazyflie_interfaces/share/crazyflie_interfaces/msg/LogDataGeneric.idl
[11.777s] -- Up-to-date symlink: /home/tdeng23/ros2_ws/install/crazyflie_interfaces/share/crazyflie_interfaces/msg/Hover.idl
[11.777s] -- Up-to-date symlink: /home/tdeng23/ros2_ws/install/crazyflie_interfaces/share/crazyflie_interfaces/msg/LogBlock.idl
[11.777s] -- Up-to-date symlink: /home/tdeng23/ros2_ws/install/crazyflie_interfaces/share/crazyflie_interfaces/msg/Position.idl
[11.778s] -- Up-to-date symlink: /home/tdeng23/ros2_ws/install/crazyflie_interfaces/share/crazyflie_interfaces/msg/TrajectoryPolynomialPiece.idl
[11.778s] -- Up-to-date symlink: /home/tdeng23/ros2_ws/install/crazyflie_interfaces/share/crazyflie_interfaces/msg/VelocityWorld.idl
[11.778s] -- Up-to-date symlink: /home/tdeng23/ros2_ws/install/crazyflie_interfaces/share/crazyflie_interfaces/srv/GoTo.idl
[11.778s] -- Up-to-date symlink: /home/tdeng23/ros2_ws/install/crazyflie_interfaces/share/crazyflie_interfaces/srv/Land.idl
[11.779s] -- Up-to-date symlink: /home/tdeng23/ros2_ws/install/crazyflie_interfaces/share/crazyflie_interfaces/srv/NotifySetpointsStop.idl
[11.779s] -- Up-to-date symlink: /home/tdeng23/ros2_ws/install/crazyflie_interfaces/share/crazyflie_interfaces/srv/SetGroupMask.idl
[11.779s] -- Up-to-date symlink: /home/tdeng23/ros2_ws/install/crazyflie_interfaces/share/crazyflie_interfaces/srv/StartTrajectory.idl
[11.780s] -- Up-to-date symlink: /home/tdeng23/ros2_ws/install/crazyflie_interfaces/share/crazyflie_interfaces/srv/Stop.idl
[11.780s] -- Up-to-date symlink: /home/tdeng23/ros2_ws/install/crazyflie_interfaces/share/crazyflie_interfaces/srv/Takeoff.idl
[11.780s] -- Up-to-date symlink: /home/tdeng23/ros2_ws/install/crazyflie_interfaces/share/crazyflie_interfaces/srv/UpdateParams.idl
[11.780s] -- Up-to-date symlink: /home/tdeng23/ros2_ws/install/crazyflie_interfaces/share/crazyflie_interfaces/srv/UploadTrajectory.idl
[11.781s] -- Up-to-date symlink: /home/tdeng23/ros2_ws/install/crazyflie_interfaces/share/crazyflie_interfaces/srv/RemoveLogging.idl
[11.781s] -- Up-to-date symlink: /home/tdeng23/ros2_ws/install/crazyflie_interfaces/share/crazyflie_interfaces/srv/AddLogging.idl
[11.781s] -- Up-to-date symlink: /home/tdeng23/ros2_ws/install/crazyflie_interfaces/share/crazyflie_interfaces/msg/FullState.msg
[11.782s] -- Up-to-date symlink: /home/tdeng23/ros2_ws/install/crazyflie_interfaces/share/crazyflie_interfaces/msg/LogDataGeneric.msg
[11.782s] -- Up-to-date symlink: /home/tdeng23/ros2_ws/install/crazyflie_interfaces/share/crazyflie_interfaces/msg/Hover.msg
[11.782s] -- Up-to-date symlink: /home/tdeng23/ros2_ws/install/crazyflie_interfaces/share/crazyflie_interfaces/msg/LogBlock.msg
[11.782s] -- Up-to-date symlink: /home/tdeng23/ros2_ws/install/crazyflie_interfaces/share/crazyflie_interfaces/msg/Position.msg
[11.783s] -- Up-to-date symlink: /home/tdeng23/ros2_ws/install/crazyflie_interfaces/share/crazyflie_interfaces/msg/TrajectoryPolynomialPiece.msg
[11.783s] -- Up-to-date symlink: /home/tdeng23/ros2_ws/install/crazyflie_interfaces/share/crazyflie_interfaces/msg/VelocityWorld.msg
[11.783s] -- Up-to-date symlink: /home/tdeng23/ros2_ws/install/crazyflie_interfaces/share/crazyflie_interfaces/srv/GoTo.srv
[11.783s] -- Up-to-date symlink: /home/tdeng23/ros2_ws/install/crazyflie_interfaces/share/crazyflie_interfaces/srv/GoTo_Request.msg
[11.784s] -- Up-to-date symlink: /home/tdeng23/ros2_ws/install/crazyflie_interfaces/share/crazyflie_interfaces/srv/GoTo_Response.msg
[11.784s] -- Up-to-date symlink: /home/tdeng23/ros2_ws/install/crazyflie_interfaces/share/crazyflie_interfaces/srv/Land.srv
[11.784s] -- Up-to-date symlink: /home/tdeng23/ros2_ws/install/crazyflie_interfaces/share/crazyflie_interfaces/srv/Land_Request.msg
[11.784s] -- Up-to-date symlink: /home/tdeng23/ros2_ws/install/crazyflie_interfaces/share/crazyflie_interfaces/srv/Land_Response.msg
[11.785s] -- Up-to-date symlink: /home/tdeng23/ros2_ws/install/crazyflie_interfaces/share/crazyflie_interfaces/srv/NotifySetpointsStop.srv
[11.785s] -- Up-to-date symlink: /home/tdeng23/ros2_ws/install/crazyflie_interfaces/share/crazyflie_interfaces/srv/NotifySetpointsStop_Request.msg
[11.786s] -- Up-to-date symlink: /home/tdeng23/ros2_ws/install/crazyflie_interfaces/share/crazyflie_interfaces/srv/NotifySetpointsStop_Response.msg
[11.786s] -- Up-to-date symlink: /home/tdeng23/ros2_ws/install/crazyflie_interfaces/share/crazyflie_interfaces/srv/SetGroupMask.srv
[11.786s] -- Up-to-date symlink: /home/tdeng23/ros2_ws/install/crazyflie_interfaces/share/crazyflie_interfaces/srv/SetGroupMask_Request.msg
[11.787s] -- Up-to-date symlink: /home/tdeng23/ros2_ws/install/crazyflie_interfaces/share/crazyflie_interfaces/srv/SetGroupMask_Response.msg
[11.787s] -- Up-to-date symlink: /home/tdeng23/ros2_ws/install/crazyflie_interfaces/share/crazyflie_interfaces/srv/StartTrajectory.srv
[11.787s] -- Up-to-date symlink: /home/tdeng23/ros2_ws/install/crazyflie_interfaces/share/crazyflie_interfaces/srv/StartTrajectory_Request.msg
[11.788s] -- Up-to-date symlink: /home/tdeng23/ros2_ws/install/crazyflie_interfaces/share/crazyflie_interfaces/srv/StartTrajectory_Response.msg
[11.788s] -- Up-to-date symlink: /home/tdeng23/ros2_ws/install/crazyflie_interfaces/share/crazyflie_interfaces/srv/Stop.srv
[11.788s] -- Up-to-date symlink: /home/tdeng23/ros2_ws/install/crazyflie_interfaces/share/crazyflie_interfaces/srv/Stop_Request.msg
[11.789s] -- Up-to-date symlink: /home/tdeng23/ros2_ws/install/crazyflie_interfaces/share/crazyflie_interfaces/srv/Stop_Response.msg
[11.789s] -- Up-to-date symlink: /home/tdeng23/ros2_ws/install/crazyflie_interfaces/share/crazyflie_interfaces/srv/Takeoff.srv
[11.789s] -- Up-to-date symlink: /home/tdeng23/ros2_ws/install/crazyflie_interfaces/share/crazyflie_interfaces/srv/Takeoff_Request.msg
[11.789s] -- Up-to-date symlink: /home/tdeng23/ros2_ws/install/crazyflie_interfaces/share/crazyflie_interfaces/srv/Takeoff_Response.msg
[11.790s] -- Up-to-date symlink: /home/tdeng23/ros2_ws/install/crazyflie_interfaces/share/crazyflie_interfaces/srv/UpdateParams.srv
[11.790s] -- Up-to-date symlink: /home/tdeng23/ros2_ws/install/crazyflie_interfaces/share/crazyflie_interfaces/srv/UpdateParams_Request.msg
[11.790s] -- Up-to-date symlink: /home/tdeng23/ros2_ws/install/crazyflie_interfaces/share/crazyflie_interfaces/srv/UpdateParams_Response.msg
[11.790s] -- Up-to-date symlink: /home/tdeng23/ros2_ws/install/crazyflie_interfaces/share/crazyflie_interfaces/srv/UploadTrajectory.srv
[11.791s] -- Up-to-date symlink: /home/tdeng23/ros2_ws/install/crazyflie_interfaces/share/crazyflie_interfaces/srv/UploadTrajectory_Request.msg
[11.791s] -- Up-to-date symlink: /home/tdeng23/ros2_ws/install/crazyflie_interfaces/share/crazyflie_interfaces/srv/UploadTrajectory_Response.msg
[11.791s] -- Up-to-date symlink: /home/tdeng23/ros2_ws/install/crazyflie_interfaces/share/crazyflie_interfaces/srv/RemoveLogging.srv
[11.791s] -- Up-to-date symlink: /home/tdeng23/ros2_ws/install/crazyflie_interfaces/share/crazyflie_interfaces/srv/RemoveLogging_Request.msg
[11.792s] -- Up-to-date symlink: /home/tdeng23/ros2_ws/install/crazyflie_interfaces/share/crazyflie_interfaces/srv/RemoveLogging_Response.msg
[11.792s] -- Up-to-date symlink: /home/tdeng23/ros2_ws/install/crazyflie_interfaces/share/crazyflie_interfaces/srv/AddLogging.srv
[11.792s] -- Up-to-date symlink: /home/tdeng23/ros2_ws/install/crazyflie_interfaces/share/crazyflie_interfaces/srv/AddLogging_Request.msg
[11.792s] -- Up-to-date symlink: /home/tdeng23/ros2_ws/install/crazyflie_interfaces/share/crazyflie_interfaces/srv/AddLogging_Response.msg
[11.793s] -- Up-to-date symlink: /home/tdeng23/ros2_ws/install/crazyflie_interfaces/share/ament_index/resource_index/package_run_dependencies/crazyflie_interfaces
[11.793s] -- Up-to-date symlink: /home/tdeng23/ros2_ws/install/crazyflie_interfaces/share/ament_index/resource_index/parent_prefix_path/crazyflie_interfaces
[11.794s] -- Up-to-date symlink: /home/tdeng23/ros2_ws/install/crazyflie_interfaces/share/crazyflie_interfaces/environment/ament_prefix_path.sh
[11.794s] -- Up-to-date symlink: /home/tdeng23/ros2_ws/install/crazyflie_interfaces/share/crazyflie_interfaces/environment/ament_prefix_path.dsv
[11.794s] -- Up-to-date symlink: /home/tdeng23/ros2_ws/install/crazyflie_interfaces/share/crazyflie_interfaces/environment/path.sh
[11.794s] -- Up-to-date symlink: /home/tdeng23/ros2_ws/install/crazyflie_interfaces/share/crazyflie_interfaces/environment/path.dsv
[11.795s] -- Up-to-date symlink: /home/tdeng23/ros2_ws/install/crazyflie_interfaces/share/crazyflie_interfaces/local_setup.bash
[11.795s] -- Up-to-date symlink: /home/tdeng23/ros2_ws/install/crazyflie_interfaces/share/crazyflie_interfaces/local_setup.sh
[11.795s] -- Up-to-date symlink: /home/tdeng23/ros2_ws/install/crazyflie_interfaces/share/crazyflie_interfaces/local_setup.zsh
[11.795s] -- Up-to-date symlink: /home/tdeng23/ros2_ws/install/crazyflie_interfaces/share/crazyflie_interfaces/local_setup.dsv
[11.795s] -- Symlinking: /home/tdeng23/ros2_ws/install/crazyflie_interfaces/share/crazyflie_interfaces/package.dsv
[11.798s] -- Up-to-date symlink: /home/tdeng23/ros2_ws/install/crazyflie_interfaces/share/ament_index/resource_index/packages/crazyflie_interfaces
[11.799s] -- Up-to-date symlink: /home/tdeng23/ros2_ws/install/crazyflie_interfaces/share/crazyflie_interfaces/cmake/rosidl_cmake-extras.cmake
[11.799s] -- Up-to-date symlink: /home/tdeng23/ros2_ws/install/crazyflie_interfaces/share/crazyflie_interfaces/cmake/ament_cmake_export_dependencies-extras.cmake
[11.799s] -- Up-to-date symlink: /home/tdeng23/ros2_ws/install/crazyflie_interfaces/share/crazyflie_interfaces/cmake/ament_cmake_export_libraries-extras.cmake
[11.800s] -- Up-to-date symlink: /home/tdeng23/ros2_ws/install/crazyflie_interfaces/share/crazyflie_interfaces/cmake/ament_cmake_export_targets-extras.cmake
[11.800s] -- Up-to-date symlink: /home/tdeng23/ros2_ws/install/crazyflie_interfaces/share/crazyflie_interfaces/cmake/ament_cmake_export_include_directories-extras.cmake
[11.800s] -- Up-to-date symlink: /home/tdeng23/ros2_ws/install/crazyflie_interfaces/share/crazyflie_interfaces/cmake/rosidl_cmake_export_typesupport_libraries-extras.cmake
[11.800s] -- Up-to-date symlink: /home/tdeng23/ros2_ws/install/crazyflie_interfaces/share/crazyflie_interfaces/cmake/rosidl_cmake_export_typesupport_targets-extras.cmake
[11.801s] -- Up-to-date symlink: /home/tdeng23/ros2_ws/install/crazyflie_interfaces/share/crazyflie_interfaces/cmake/crazyflie_interfacesConfig.cmake
[11.801s] -- Up-to-date symlink: /home/tdeng23/ros2_ws/install/crazyflie_interfaces/share/crazyflie_interfaces/cmake/crazyflie_interfacesConfig-version.cmake
[11.801s] -- Up-to-date symlink: /home/tdeng23/ros2_ws/install/crazyflie_interfaces/share/crazyflie_interfaces/package.xml
[11.802s] -- Installing: /home/tdeng23/ros2_ws/install/crazyflie_interfaces/lib/libcrazyflie_interfaces__rosidl_generator_c.so
[11.802s] -- Set runtime path of "/home/tdeng23/ros2_ws/install/crazyflie_interfaces/lib/libcrazyflie_interfaces__rosidl_generator_c.so" to ""
[11.803s] -- Installing: /home/tdeng23/ros2_ws/install/crazyflie_interfaces/lib/libcrazyflie_interfaces__rosidl_typesupport_introspection_c.so
[11.803s] -- Set runtime path of "/home/tdeng23/ros2_ws/install/crazyflie_interfaces/lib/libcrazyflie_interfaces__rosidl_typesupport_introspection_c.so" to ""
[11.804s] -- Installing: /home/tdeng23/ros2_ws/install/crazyflie_interfaces/lib/libcrazyflie_interfaces__rosidl_typesupport_c.so
[11.804s] -- Set runtime path of "/home/tdeng23/ros2_ws/install/crazyflie_interfaces/lib/libcrazyflie_interfaces__rosidl_typesupport_c.so" to ""
[11.805s] -- Installing: /home/tdeng23/ros2_ws/install/crazyflie_interfaces/lib/libcrazyflie_interfaces__rosidl_typesupport_introspection_cpp.so
[11.805s] -- Set runtime path of "/home/tdeng23/ros2_ws/install/crazyflie_interfaces/lib/libcrazyflie_interfaces__rosidl_typesupport_introspection_cpp.so" to ""
[11.806s] -- Installing: /home/tdeng23/ros2_ws/install/crazyflie_interfaces/lib/libcrazyflie_interfaces__rosidl_typesupport_cpp.so
[11.806s] -- Set runtime path of "/home/tdeng23/ros2_ws/install/crazyflie_interfaces/lib/libcrazyflie_interfaces__rosidl_typesupport_cpp.so" to ""
[11.833s] Compiling '/home/tdeng23/ros2_ws/install/crazyflie_interfaces/lib/python3.8/site-packages/crazyflie_interfaces/__init__.py'...
[11.838s] -- Old export file "/home/tdeng23/ros2_ws/install/crazyflie_interfaces/share/crazyflie_interfaces/cmake/crazyflie_interfaces__rosidl_generator_cExport.cmake" will be replaced.  Removing files [/home/tdeng23/ros2_ws/install/crazyflie_interfaces/share/crazyflie_interfaces/cmake/crazyflie_interfaces__rosidl_generator_cExport-noconfig.cmake].
[11.838s] -- Installing: /home/tdeng23/ros2_ws/install/crazyflie_interfaces/share/crazyflie_interfaces/cmake/crazyflie_interfaces__rosidl_generator_cExport.cmake
[11.838s] -- Installing: /home/tdeng23/ros2_ws/install/crazyflie_interfaces/share/crazyflie_interfaces/cmake/crazyflie_interfaces__rosidl_generator_cExport-noconfig.cmake
[11.838s] -- Old export file "/home/tdeng23/ros2_ws/install/crazyflie_interfaces/share/crazyflie_interfaces/cmake/crazyflie_interfaces__rosidl_typesupport_introspection_cExport.cmake" will be replaced.  Removing files [/home/tdeng23/ros2_ws/install/crazyflie_interfaces/share/crazyflie_interfaces/cmake/crazyflie_interfaces__rosidl_typesupport_introspection_cExport-noconfig.cmake].
[11.838s] -- Installing: /home/tdeng23/ros2_ws/install/crazyflie_interfaces/share/crazyflie_interfaces/cmake/crazyflie_interfaces__rosidl_typesupport_introspection_cExport.cmake
[11.838s] -- Installing: /home/tdeng23/ros2_ws/install/crazyflie_interfaces/share/crazyflie_interfaces/cmake/crazyflie_interfaces__rosidl_typesupport_introspection_cExport-noconfig.cmake
[11.839s] -- Old export file "/home/tdeng23/ros2_ws/install/crazyflie_interfaces/share/crazyflie_interfaces/cmake/crazyflie_interfaces__rosidl_typesupport_cExport.cmake" will be replaced.  Removing files [/home/tdeng23/ros2_ws/install/crazyflie_interfaces/share/crazyflie_interfaces/cmake/crazyflie_interfaces__rosidl_typesupport_cExport-noconfig.cmake].
[11.839s] -- Installing: /home/tdeng23/ros2_ws/install/crazyflie_interfaces/share/crazyflie_interfaces/cmake/crazyflie_interfaces__rosidl_typesupport_cExport.cmake
[11.839s] -- Installing: /home/tdeng23/ros2_ws/install/crazyflie_interfaces/share/crazyflie_interfaces/cmake/crazyflie_interfaces__rosidl_typesupport_cExport-noconfig.cmake
[11.839s] -- Installing: /home/tdeng23/ros2_ws/install/crazyflie_interfaces/share/crazyflie_interfaces/cmake/crazyflie_interfaces__rosidl_generator_cppExport.cmake
[11.839s] -- Old export file "/home/tdeng23/ros2_ws/install/crazyflie_interfaces/share/crazyflie_interfaces/cmake/crazyflie_interfaces__rosidl_typesupport_introspection_cppExport.cmake" will be replaced.  Removing files [/home/tdeng23/ros2_ws/install/crazyflie_interfaces/share/crazyflie_interfaces/cmake/crazyflie_interfaces__rosidl_typesupport_introspection_cppExport-noconfig.cmake].
[11.839s] -- Installing: /home/tdeng23/ros2_ws/install/crazyflie_interfaces/share/crazyflie_interfaces/cmake/crazyflie_interfaces__rosidl_typesupport_introspection_cppExport.cmake
[11.839s] -- Installing: /home/tdeng23/ros2_ws/install/crazyflie_interfaces/share/crazyflie_interfaces/cmake/crazyflie_interfaces__rosidl_typesupport_introspection_cppExport-noconfig.cmake
[11.840s] -- Old export file "/home/tdeng23/ros2_ws/install/crazyflie_interfaces/share/crazyflie_interfaces/cmake/crazyflie_interfaces__rosidl_typesupport_cppExport.cmake" will be replaced.  Removing files [/home/tdeng23/ros2_ws/install/crazyflie_interfaces/share/crazyflie_interfaces/cmake/crazyflie_interfaces__rosidl_typesupport_cppExport-noconfig.cmake].
[11.840s] -- Installing: /home/tdeng23/ros2_ws/install/crazyflie_interfaces/share/crazyflie_interfaces/cmake/crazyflie_interfaces__rosidl_typesupport_cppExport.cmake
[11.840s] -- Installing: /home/tdeng23/ros2_ws/install/crazyflie_interfaces/share/crazyflie_interfaces/cmake/crazyflie_interfaces__rosidl_typesupport_cppExport-noconfig.cmake
[11.847s] Invoked command in '/home/tdeng23/ros2_ws/build/crazyflie_interfaces' returned '0': CMAKE_PREFIX_PATH=/opt/ros/galactic /home/tdeng23/.local/bin/cmake --install /home/tdeng23/ros2_ws/build/crazyflie_interfaces
