[0.049s] Invoking command in '/home/tdeng23/ros2_ws/src/crazyswarm2/build/crazyflie_ros2_slam': CMAKE_PREFIX_PATH=/opt/ros/galactic /home/tdeng23/.local/bin/cmake /home/tdeng23/ros2_ws/src/crazyswarm2/crazyflie_ros2_slam -DCMAKE_INSTALL_PREFIX=/home/tdeng23/ros2_ws/src/crazyswarm2/install/crazyflie_ros2_slam
[0.177s] -- The C compiler identification is GNU 9.4.0
[0.265s] -- The CXX compiler identification is GNU 9.4.0
[0.281s] -- Detecting C compiler ABI info
[0.356s] -- Detecting C compiler ABI info - done
[0.374s] -- Check for working C compiler: /usr/bin/cc - skipped
[0.374s] -- Detecting C compile features
[0.375s] -- Detecting C compile features - done
[0.380s] -- Detecting CXX compiler ABI info
[0.460s] -- Detecting CXX compiler ABI info - done
[0.482s] -- Check for working CXX compiler: /usr/bin/c++ - skipped
[0.482s] -- Detecting CXX compile features
[0.483s] -- Detecting CXX compile features - done
[0.486s] -- Found ament_cmake: 1.1.6 (/opt/ros/galactic/share/ament_cmake/cmake)
[0.526s] -- Found PythonInterp: /usr/bin/python3 (found suitable version "3.8.10", minimum required is "3") 
[0.527s] -- Using PYTHON_EXECUTABLE: /usr/bin/python3
[0.659s] -- Found ament_lint_auto: 0.10.7 (/opt/ros/galactic/share/ament_lint_auto/cmake)
[0.785s] -- Added test 'copyright' to check source files copyright and LICENSE
[0.787s] -- Added test 'flake8' to check Python code syntax and style conventions
[0.789s] -- Added test 'lint_cmake' to check CMake code style
[0.790s] -- Added test 'pep257' to check Python code against some of the style conventions in PEP 257
[0.792s] -- Added test 'xmllint' to check XML markup files
[0.795s] -- Configuring done (0.7s)
[0.803s] -- Generating done (0.0s)
[0.805s] -- Build files have been written to: /home/tdeng23/ros2_ws/src/crazyswarm2/build/crazyflie_ros2_slam
[0.817s] Invoked command in '/home/tdeng23/ros2_ws/src/crazyswarm2/build/crazyflie_ros2_slam' returned '0': CMAKE_PREFIX_PATH=/opt/ros/galactic /home/tdeng23/.local/bin/cmake /home/tdeng23/ros2_ws/src/crazyswarm2/crazyflie_ros2_slam -DCMAKE_INSTALL_PREFIX=/home/tdeng23/ros2_ws/src/crazyswarm2/install/crazyflie_ros2_slam
[0.821s] Invoking command in '/home/tdeng23/ros2_ws/src/crazyswarm2/build/crazyflie_ros2_slam': CMAKE_PREFIX_PATH=/opt/ros/galactic /home/tdeng23/.local/bin/cmake --build /home/tdeng23/ros2_ws/src/crazyswarm2/build/crazyflie_ros2_slam -- -j8 -l8
[0.948s] Invoked command in '/home/tdeng23/ros2_ws/src/crazyswarm2/build/crazyflie_ros2_slam' returned '0': CMAKE_PREFIX_PATH=/opt/ros/galactic /home/tdeng23/.local/bin/cmake --build /home/tdeng23/ros2_ws/src/crazyswarm2/build/crazyflie_ros2_slam -- -j8 -l8
[1.005s] Invoking command in '/home/tdeng23/ros2_ws/src/crazyswarm2/build/crazyflie_ros2_slam': CMAKE_PREFIX_PATH=/opt/ros/galactic /home/tdeng23/.local/bin/cmake --install /home/tdeng23/ros2_ws/src/crazyswarm2/build/crazyflie_ros2_slam
[1.039s] -- Install configuration: ""
[1.039s] -- Installing: /home/tdeng23/ros2_ws/src/crazyswarm2/install/crazyflie_ros2_slam/share/crazyflie_ros2_slam/launch
[1.039s] -- Installing: /home/tdeng23/ros2_ws/src/crazyswarm2/install/crazyflie_ros2_slam/share/crazyflie_ros2_slam/launch/slam_toolbox_mapping_real_launch.py
[1.040s] -- Installing: /home/tdeng23/ros2_ws/src/crazyswarm2/install/crazyflie_ros2_slam/share/crazyflie_ros2_slam/launch/slam_toolbox_mapping_simulation_launch.py
[1.040s] -- Installing: /home/tdeng23/ros2_ws/src/crazyswarm2/install/crazyflie_ros2_slam/share/crazyflie_ros2_slam/config
[1.041s] -- Installing: /home/tdeng23/ros2_ws/src/crazyswarm2/install/crazyflie_ros2_slam/share/crazyflie_ros2_slam/config/mapper_params_online_async.yaml
[1.041s] -- Installing: /home/tdeng23/ros2_ws/src/crazyswarm2/install/crazyflie_ros2_slam/share/ament_index/resource_index/package_run_dependencies/crazyflie_ros2_slam
[1.041s] -- Installing: /home/tdeng23/ros2_ws/src/crazyswarm2/install/crazyflie_ros2_slam/share/ament_index/resource_index/parent_prefix_path/crazyflie_ros2_slam
[1.041s] -- Installing: /home/tdeng23/ros2_ws/src/crazyswarm2/install/crazyflie_ros2_slam/share/crazyflie_ros2_slam/environment/ament_prefix_path.sh
[1.041s] -- Installing: /home/tdeng23/ros2_ws/src/crazyswarm2/install/crazyflie_ros2_slam/share/crazyflie_ros2_slam/environment/ament_prefix_path.dsv
[1.041s] -- Installing: /home/tdeng23/ros2_ws/src/crazyswarm2/install/crazyflie_ros2_slam/share/crazyflie_ros2_slam/environment/path.sh
[1.041s] -- Installing: /home/tdeng23/ros2_ws/src/crazyswarm2/install/crazyflie_ros2_slam/share/crazyflie_ros2_slam/environment/path.dsv
[1.041s] -- Installing: /home/tdeng23/ros2_ws/src/crazyswarm2/install/crazyflie_ros2_slam/share/crazyflie_ros2_slam/local_setup.bash
[1.041s] -- Installing: /home/tdeng23/ros2_ws/src/crazyswarm2/install/crazyflie_ros2_slam/share/crazyflie_ros2_slam/local_setup.sh
[1.041s] -- Installing: /home/tdeng23/ros2_ws/src/crazyswarm2/install/crazyflie_ros2_slam/share/crazyflie_ros2_slam/local_setup.zsh
[1.042s] -- Installing: /home/tdeng23/ros2_ws/src/crazyswarm2/install/crazyflie_ros2_slam/share/crazyflie_ros2_slam/local_setup.dsv
[1.042s] -- Installing: /home/tdeng23/ros2_ws/src/crazyswarm2/install/crazyflie_ros2_slam/share/crazyflie_ros2_slam/package.dsv
[1.042s] -- Installing: /home/tdeng23/ros2_ws/src/crazyswarm2/install/crazyflie_ros2_slam/share/ament_index/resource_index/packages/crazyflie_ros2_slam
[1.042s] -- Installing: /home/tdeng23/ros2_ws/src/crazyswarm2/install/crazyflie_ros2_slam/share/crazyflie_ros2_slam/cmake/crazyflie_ros2_slamConfig.cmake
[1.042s] -- Installing: /home/tdeng23/ros2_ws/src/crazyswarm2/install/crazyflie_ros2_slam/share/crazyflie_ros2_slam/cmake/crazyflie_ros2_slamConfig-version.cmake
[1.042s] -- Installing: /home/tdeng23/ros2_ws/src/crazyswarm2/install/crazyflie_ros2_slam/share/crazyflie_ros2_slam/package.xml
[1.050s] Invoked command in '/home/tdeng23/ros2_ws/src/crazyswarm2/build/crazyflie_ros2_slam' returned '0': CMAKE_PREFIX_PATH=/opt/ros/galactic /home/tdeng23/.local/bin/cmake --install /home/tdeng23/ros2_ws/src/crazyswarm2/build/crazyflie_ros2_slam
