[0.232s] Invoking command in '/home/nicxe/ros2_ws/build/crazyflie': CMAKE_PREFIX_PATH=/home/nicxe/ros2_ws/install/motion_capture_tracking_interfaces:/home/nicxe/ros2_ws/install/crazyflie_interfaces:/home/nicxe/ros2_ws/install/motion_capture_tracking:/home/nicxe/ros2_ws/install/crazyflie:/home/nicxe/ros2_ws/install/crazyflie_sim:/home/nicxe/ros2_ws/install/crazyflie_ros2_slam:/home/nicxe/ros2_ws/install/crazyflie_ros2_navigation:/home/nicxe/ros2_ws/install/crazyflie_ros2_interfaces:/home/nicxe/ros2_ws/install/crazyflie_ros2_description:/home/nicxe/ros2_ws/install/crazyflie_examples:/home/nicxe/ros2_ws/install/my_package:/home/nicxe/ros2_ws/install/crazyflie_simulation:/home/nicxe/ros2_ws/install/crazyflie_ros2_simulation:/home/nicxe/ros2_ws/install/crazyflie_ros2_simple_mapper:/home/nicxe/ros2_ws/install/crazyflie_ros2_scan:/home/nicxe/ros2_ws/install/crazyflie_ros2:/home/nicxe/ros2_ws/install/crazyflie_py:/opt/ros/galactic LD_LIBRARY_PATH=/home/nicxe/ros2_ws/install/motion_capture_tracking_interfaces/lib:/home/nicxe/ros2_ws/install/crazyflie_interfaces/lib:/home/nicxe/ros2_ws/install/crazyflie_ros2_interfaces/lib:/opt/ros/galactic/opt/yaml_cpp_vendor/lib:/opt/ros/galactic/opt/rviz_ogre_vendor/lib:/opt/ros/galactic/lib/x86_64-linux-gnu:/opt/ros/galactic/lib:/usr/local/webots/lib/controller PYTHONPATH=/home/nicxe/ros2_ws/install/motion_capture_tracking_interfaces/lib/python3.8/site-packages:/home/nicxe/ros2_ws/install/crazyflie_interfaces/lib/python3.8/site-packages:/home/nicxe/CS_SITP/crazyfliefirmware/build:/home/nicxe/CS_SITP/crazyflie-firmware/build:/home/nicxe/ros2_ws/install/my_package/lib/python3.8/site-packages:/home/nicxe/ros2_ws/install/crazyflie_simulation/lib/python3.8/site-packages:/home/nicxe/ros2_ws/install/crazyflie_sim/lib/python3.8/site-packages:/home/nicxe/ros2_ws/install/crazyflie_ros2_simulation/lib/python3.8/site-packages:/home/nicxe/ros2_ws/install/crazyflie_ros2_simple_mapper/lib/python3.8/site-packages:/home/nicxe/ros2_ws/install/crazyflie_ros2_scan/lib/python3.8/site-packages:/home/nicxe/ros2_ws/install/crazyflie_ros2_interfaces/lib/python3.8/site-packages:/home/nicxe/ros2_ws/install/crazyflie_ros2/lib/python3.8/site-packages:/home/nicxe/ros2_ws/install/crazyflie_examples/lib/python3.8/site-packages:/home/nicxe/ros2_ws/install/crazyflie_py/lib/python3.8/site-packages:/opt/ros/galactic/lib/python3.8/site-packages:/usr/local/webots/lib/controller/python38:/usr/local/webots/lib/controller/python /usr/bin/cmake --build /home/nicxe/ros2_ws/build/crazyflie -- -j8 -l8
[0.285s] [ 25%] Built target crazyflieLinkCpp
[0.288s] [ 30%] Built target teleop
[0.306s] [ 38%] Built target crazyflie_cpp
[0.338s] [ 44%] Built target crazyflie_server
[0.348s] [ 50%] Built target listMemories
[0.353s] [ 55%] Built target battery
[0.356s] [ 61%] Built target reboot
[0.365s] [ 66%] Built target listParams
[0.365s] [ 72%] Built target scan
[0.369s] [ 77%] Built target listLogVariables
[0.372s] [ 83%] Built target version
[0.386s] [ 94%] Built target log
[0.386s] [ 94%] Built target console
[0.387s] [100%] Built target setParam
[0.396s] Invoked command in '/home/nicxe/ros2_ws/build/crazyflie' returned '0': CMAKE_PREFIX_PATH=/home/nicxe/ros2_ws/install/motion_capture_tracking_interfaces:/home/nicxe/ros2_ws/install/crazyflie_interfaces:/home/nicxe/ros2_ws/install/motion_capture_tracking:/home/nicxe/ros2_ws/install/crazyflie:/home/nicxe/ros2_ws/install/crazyflie_sim:/home/nicxe/ros2_ws/install/crazyflie_ros2_slam:/home/nicxe/ros2_ws/install/crazyflie_ros2_navigation:/home/nicxe/ros2_ws/install/crazyflie_ros2_interfaces:/home/nicxe/ros2_ws/install/crazyflie_ros2_description:/home/nicxe/ros2_ws/install/crazyflie_examples:/home/nicxe/ros2_ws/install/my_package:/home/nicxe/ros2_ws/install/crazyflie_simulation:/home/nicxe/ros2_ws/install/crazyflie_ros2_simulation:/home/nicxe/ros2_ws/install/crazyflie_ros2_simple_mapper:/home/nicxe/ros2_ws/install/crazyflie_ros2_scan:/home/nicxe/ros2_ws/install/crazyflie_ros2:/home/nicxe/ros2_ws/install/crazyflie_py:/opt/ros/galactic LD_LIBRARY_PATH=/home/nicxe/ros2_ws/install/motion_capture_tracking_interfaces/lib:/home/nicxe/ros2_ws/install/crazyflie_interfaces/lib:/home/nicxe/ros2_ws/install/crazyflie_ros2_interfaces/lib:/opt/ros/galactic/opt/yaml_cpp_vendor/lib:/opt/ros/galactic/opt/rviz_ogre_vendor/lib:/opt/ros/galactic/lib/x86_64-linux-gnu:/opt/ros/galactic/lib:/usr/local/webots/lib/controller PYTHONPATH=/home/nicxe/ros2_ws/install/motion_capture_tracking_interfaces/lib/python3.8/site-packages:/home/nicxe/ros2_ws/install/crazyflie_interfaces/lib/python3.8/site-packages:/home/nicxe/CS_SITP/crazyfliefirmware/build:/home/nicxe/CS_SITP/crazyflie-firmware/build:/home/nicxe/ros2_ws/install/my_package/lib/python3.8/site-packages:/home/nicxe/ros2_ws/install/crazyflie_simulation/lib/python3.8/site-packages:/home/nicxe/ros2_ws/install/crazyflie_sim/lib/python3.8/site-packages:/home/nicxe/ros2_ws/install/crazyflie_ros2_simulation/lib/python3.8/site-packages:/home/nicxe/ros2_ws/install/crazyflie_ros2_simple_mapper/lib/python3.8/site-packages:/home/nicxe/ros2_ws/install/crazyflie_ros2_scan/lib/python3.8/site-packages:/home/nicxe/ros2_ws/install/crazyflie_ros2_interfaces/lib/python3.8/site-packages:/home/nicxe/ros2_ws/install/crazyflie_ros2/lib/python3.8/site-packages:/home/nicxe/ros2_ws/install/crazyflie_examples/lib/python3.8/site-packages:/home/nicxe/ros2_ws/install/crazyflie_py/lib/python3.8/site-packages:/opt/ros/galactic/lib/python3.8/site-packages:/usr/local/webots/lib/controller/python38:/usr/local/webots/lib/controller/python /usr/bin/cmake --build /home/nicxe/ros2_ws/build/crazyflie -- -j8 -l8
[0.418s] Invoking command in '/home/nicxe/ros2_ws/build/crazyflie': CMAKE_PREFIX_PATH=/home/nicxe/ros2_ws/install/motion_capture_tracking_interfaces:/home/nicxe/ros2_ws/install/crazyflie_interfaces:/home/nicxe/ros2_ws/install/motion_capture_tracking:/home/nicxe/ros2_ws/install/crazyflie:/home/nicxe/ros2_ws/install/crazyflie_sim:/home/nicxe/ros2_ws/install/crazyflie_ros2_slam:/home/nicxe/ros2_ws/install/crazyflie_ros2_navigation:/home/nicxe/ros2_ws/install/crazyflie_ros2_interfaces:/home/nicxe/ros2_ws/install/crazyflie_ros2_description:/home/nicxe/ros2_ws/install/crazyflie_examples:/home/nicxe/ros2_ws/install/my_package:/home/nicxe/ros2_ws/install/crazyflie_simulation:/home/nicxe/ros2_ws/install/crazyflie_ros2_simulation:/home/nicxe/ros2_ws/install/crazyflie_ros2_simple_mapper:/home/nicxe/ros2_ws/install/crazyflie_ros2_scan:/home/nicxe/ros2_ws/install/crazyflie_ros2:/home/nicxe/ros2_ws/install/crazyflie_py:/opt/ros/galactic LD_LIBRARY_PATH=/home/nicxe/ros2_ws/install/motion_capture_tracking_interfaces/lib:/home/nicxe/ros2_ws/install/crazyflie_interfaces/lib:/home/nicxe/ros2_ws/install/crazyflie_ros2_interfaces/lib:/opt/ros/galactic/opt/yaml_cpp_vendor/lib:/opt/ros/galactic/opt/rviz_ogre_vendor/lib:/opt/ros/galactic/lib/x86_64-linux-gnu:/opt/ros/galactic/lib:/usr/local/webots/lib/controller PYTHONPATH=/home/nicxe/ros2_ws/install/motion_capture_tracking_interfaces/lib/python3.8/site-packages:/home/nicxe/ros2_ws/install/crazyflie_interfaces/lib/python3.8/site-packages:/home/nicxe/CS_SITP/crazyfliefirmware/build:/home/nicxe/CS_SITP/crazyflie-firmware/build:/home/nicxe/ros2_ws/install/my_package/lib/python3.8/site-packages:/home/nicxe/ros2_ws/install/crazyflie_simulation/lib/python3.8/site-packages:/home/nicxe/ros2_ws/install/crazyflie_sim/lib/python3.8/site-packages:/home/nicxe/ros2_ws/install/crazyflie_ros2_simulation/lib/python3.8/site-packages:/home/nicxe/ros2_ws/install/crazyflie_ros2_simple_mapper/lib/python3.8/site-packages:/home/nicxe/ros2_ws/install/crazyflie_ros2_scan/lib/python3.8/site-packages:/home/nicxe/ros2_ws/install/crazyflie_ros2_interfaces/lib/python3.8/site-packages:/home/nicxe/ros2_ws/install/crazyflie_ros2/lib/python3.8/site-packages:/home/nicxe/ros2_ws/install/crazyflie_examples/lib/python3.8/site-packages:/home/nicxe/ros2_ws/install/crazyflie_py/lib/python3.8/site-packages:/opt/ros/galactic/lib/python3.8/site-packages:/usr/local/webots/lib/controller/python38:/usr/local/webots/lib/controller/python /usr/bin/cmake --install /home/nicxe/ros2_ws/build/crazyflie
[0.426s] -- Install configuration: ""
[0.426s] -- Up-to-date: /home/nicxe/ros2_ws/install/crazyflie/lib/crazyflie/scan
[0.426s] -- Up-to-date: /home/nicxe/ros2_ws/install/crazyflie/lib/crazyflie/listParams
[0.427s] -- Up-to-date: /home/nicxe/ros2_ws/install/crazyflie/lib/crazyflie/listLogVariables
[0.427s] -- Up-to-date: /home/nicxe/ros2_ws/install/crazyflie/lib/crazyflie/listMemories
[0.427s] -- Up-to-date: /home/nicxe/ros2_ws/install/crazyflie/lib/crazyflie/reboot
[0.427s] -- Up-to-date: /home/nicxe/ros2_ws/install/crazyflie/lib/crazyflie/battery
[0.427s] -- Up-to-date: /home/nicxe/ros2_ws/install/crazyflie/lib/crazyflie/version
[0.427s] -- Up-to-date: /home/nicxe/ros2_ws/install/crazyflie/lib/crazyflie/console
[0.427s] -- Up-to-date: /home/nicxe/ros2_ws/install/crazyflie/lib/crazyflie/log
[0.427s] -- Up-to-date: /home/nicxe/ros2_ws/install/crazyflie/lib/crazyflie/setParam
[0.427s] -- Up-to-date: /home/nicxe/ros2_ws/install/crazyflie/lib/crazyflie/teleop
[0.428s] -- Up-to-date: /home/nicxe/ros2_ws/install/crazyflie/lib/crazyflie/crazyflie_server
[0.428s] -- Up-to-date: /home/nicxe/ros2_ws/install/crazyflie/lib/crazyflie/crazyflie_server.py
[0.428s] -- Up-to-date: /home/nicxe/ros2_ws/install/crazyflie/lib/crazyflie/chooser.py
[0.428s] -- Up-to-date: /home/nicxe/ros2_ws/install/crazyflie/lib/crazyflie/vel_mux.py
[0.428s] -- Up-to-date: /home/nicxe/ros2_ws/install/crazyflie/lib/crazyflie/cfmult.py
[0.428s] -- Up-to-date: /home/nicxe/ros2_ws/install/crazyflie/share/crazyflie//launch
[0.428s] -- Up-to-date: /home/nicxe/ros2_ws/install/crazyflie/share/crazyflie//launch/teleop_launch.py
[0.428s] -- Up-to-date: /home/nicxe/ros2_ws/install/crazyflie/share/crazyflie//launch/launch.py
[0.428s] -- Up-to-date: /home/nicxe/ros2_ws/install/crazyflie/share/crazyflie//launch/launch_teleop2.py
[0.428s] -- Up-to-date: /home/nicxe/ros2_ws/install/crazyflie/share/crazyflie//config
[0.429s] -- Up-to-date: /home/nicxe/ros2_ws/install/crazyflie/share/crazyflie//config/teleop.yaml
[0.429s] -- Up-to-date: /home/nicxe/ros2_ws/install/crazyflie/share/crazyflie//config/motion_capture.yaml
[0.429s] -- Up-to-date: /home/nicxe/ros2_ws/install/crazyflie/share/crazyflie//config/crazyflies.yaml
[0.429s] -- Up-to-date: /home/nicxe/ros2_ws/install/crazyflie/share/crazyflie//config/server.yaml
[0.429s] -- Up-to-date: /home/nicxe/ros2_ws/install/crazyflie/share/crazyflie//config/config.rviz
[0.429s] -- Up-to-date: /home/nicxe/ros2_ws/install/crazyflie/share/ament_index/resource_index/package_run_dependencies/crazyflie
[0.429s] -- Up-to-date: /home/nicxe/ros2_ws/install/crazyflie/share/ament_index/resource_index/parent_prefix_path/crazyflie
[0.429s] -- Up-to-date: /home/nicxe/ros2_ws/install/crazyflie/share/crazyflie/environment/ament_prefix_path.sh
[0.429s] -- Up-to-date: /home/nicxe/ros2_ws/install/crazyflie/share/crazyflie/environment/ament_prefix_path.dsv
[0.429s] -- Up-to-date: /home/nicxe/ros2_ws/install/crazyflie/share/crazyflie/environment/path.sh
[0.429s] -- Up-to-date: /home/nicxe/ros2_ws/install/crazyflie/share/crazyflie/environment/path.dsv
[0.429s] -- Up-to-date: /home/nicxe/ros2_ws/install/crazyflie/share/crazyflie/local_setup.bash
[0.429s] -- Up-to-date: /home/nicxe/ros2_ws/install/crazyflie/share/crazyflie/local_setup.sh
[0.429s] -- Up-to-date: /home/nicxe/ros2_ws/install/crazyflie/share/crazyflie/local_setup.zsh
[0.429s] -- Up-to-date: /home/nicxe/ros2_ws/install/crazyflie/share/crazyflie/local_setup.dsv
[0.429s] -- Installing: /home/nicxe/ros2_ws/install/crazyflie/share/crazyflie/package.dsv
[0.429s] -- Up-to-date: /home/nicxe/ros2_ws/install/crazyflie/share/ament_index/resource_index/packages/crazyflie
[0.429s] -- Up-to-date: /home/nicxe/ros2_ws/install/crazyflie/share/crazyflie/cmake/crazyflieConfig.cmake
[0.429s] -- Up-to-date: /home/nicxe/ros2_ws/install/crazyflie/share/crazyflie/cmake/crazyflieConfig-version.cmake
[0.429s] -- Up-to-date: /home/nicxe/ros2_ws/install/crazyflie/share/crazyflie/package.xml
[0.432s] Invoked command in '/home/nicxe/ros2_ws/build/crazyflie' returned '0': CMAKE_PREFIX_PATH=/home/nicxe/ros2_ws/install/motion_capture_tracking_interfaces:/home/nicxe/ros2_ws/install/crazyflie_interfaces:/home/nicxe/ros2_ws/install/motion_capture_tracking:/home/nicxe/ros2_ws/install/crazyflie:/home/nicxe/ros2_ws/install/crazyflie_sim:/home/nicxe/ros2_ws/install/crazyflie_ros2_slam:/home/nicxe/ros2_ws/install/crazyflie_ros2_navigation:/home/nicxe/ros2_ws/install/crazyflie_ros2_interfaces:/home/nicxe/ros2_ws/install/crazyflie_ros2_description:/home/nicxe/ros2_ws/install/crazyflie_examples:/home/nicxe/ros2_ws/install/my_package:/home/nicxe/ros2_ws/install/crazyflie_simulation:/home/nicxe/ros2_ws/install/crazyflie_ros2_simulation:/home/nicxe/ros2_ws/install/crazyflie_ros2_simple_mapper:/home/nicxe/ros2_ws/install/crazyflie_ros2_scan:/home/nicxe/ros2_ws/install/crazyflie_ros2:/home/nicxe/ros2_ws/install/crazyflie_py:/opt/ros/galactic LD_LIBRARY_PATH=/home/nicxe/ros2_ws/install/motion_capture_tracking_interfaces/lib:/home/nicxe/ros2_ws/install/crazyflie_interfaces/lib:/home/nicxe/ros2_ws/install/crazyflie_ros2_interfaces/lib:/opt/ros/galactic/opt/yaml_cpp_vendor/lib:/opt/ros/galactic/opt/rviz_ogre_vendor/lib:/opt/ros/galactic/lib/x86_64-linux-gnu:/opt/ros/galactic/lib:/usr/local/webots/lib/controller PYTHONPATH=/home/nicxe/ros2_ws/install/motion_capture_tracking_interfaces/lib/python3.8/site-packages:/home/nicxe/ros2_ws/install/crazyflie_interfaces/lib/python3.8/site-packages:/home/nicxe/CS_SITP/crazyfliefirmware/build:/home/nicxe/CS_SITP/crazyflie-firmware/build:/home/nicxe/ros2_ws/install/my_package/lib/python3.8/site-packages:/home/nicxe/ros2_ws/install/crazyflie_simulation/lib/python3.8/site-packages:/home/nicxe/ros2_ws/install/crazyflie_sim/lib/python3.8/site-packages:/home/nicxe/ros2_ws/install/crazyflie_ros2_simulation/lib/python3.8/site-packages:/home/nicxe/ros2_ws/install/crazyflie_ros2_simple_mapper/lib/python3.8/site-packages:/home/nicxe/ros2_ws/install/crazyflie_ros2_scan/lib/python3.8/site-packages:/home/nicxe/ros2_ws/install/crazyflie_ros2_interfaces/lib/python3.8/site-packages:/home/nicxe/ros2_ws/install/crazyflie_ros2/lib/python3.8/site-packages:/home/nicxe/ros2_ws/install/crazyflie_examples/lib/python3.8/site-packages:/home/nicxe/ros2_ws/install/crazyflie_py/lib/python3.8/site-packages:/opt/ros/galactic/lib/python3.8/site-packages:/usr/local/webots/lib/controller/python38:/usr/local/webots/lib/controller/python /usr/bin/cmake --install /home/nicxe/ros2_ws/build/crazyflie
