[0.343s] Invoking command in '/home/tdeng23/ros2_ws/build/crazyflie_ros2_slam': CMAKE_PREFIX_PATH=${CMAKE_PREFIX_PATH}:/home/tdeng23/ros2_ws/install/my_package:/home/tdeng23/ros2_ws/install/crazyflie_simulation:/home/tdeng23/ros2_ws/install/crazyflie_ros2_simulation:/home/tdeng23/ros2_ws/install/crazyflie_ros2_simple_mapper:/home/tdeng23/ros2_ws/install/crazyflie_ros2_scan:/home/tdeng23/ros2_ws/install/crazyflie_ros2:/home/tdeng23/ros2_ws/install/crazyflie_py:/opt/ros/galactic /home/tdeng23/.local/bin/cmake --build /home/tdeng23/ros2_ws/build/crazyflie_ros2_slam -- -j8 -l8
[0.835s] Invoked command in '/home/tdeng23/ros2_ws/build/crazyflie_ros2_slam' returned '0': CMAKE_PREFIX_PATH=${CMAKE_PREFIX_PATH}:/home/tdeng23/ros2_ws/install/my_package:/home/tdeng23/ros2_ws/install/crazyflie_simulation:/home/tdeng23/ros2_ws/install/crazyflie_ros2_simulation:/home/tdeng23/ros2_ws/install/crazyflie_ros2_simple_mapper:/home/tdeng23/ros2_ws/install/crazyflie_ros2_scan:/home/tdeng23/ros2_ws/install/crazyflie_ros2:/home/tdeng23/ros2_ws/install/crazyflie_py:/opt/ros/galactic /home/tdeng23/.local/bin/cmake --build /home/tdeng23/ros2_ws/build/crazyflie_ros2_slam -- -j8 -l8
[1.167s] Invoking command in '/home/tdeng23/ros2_ws/build/crazyflie_ros2_slam': CMAKE_PREFIX_PATH=${CMAKE_PREFIX_PATH}:/home/tdeng23/ros2_ws/install/my_package:/home/tdeng23/ros2_ws/install/crazyflie_simulation:/home/tdeng23/ros2_ws/install/crazyflie_ros2_simulation:/home/tdeng23/ros2_ws/install/crazyflie_ros2_simple_mapper:/home/tdeng23/ros2_ws/install/crazyflie_ros2_scan:/home/tdeng23/ros2_ws/install/crazyflie_ros2:/home/tdeng23/ros2_ws/install/crazyflie_py:/opt/ros/galactic /home/tdeng23/.local/bin/cmake --install /home/tdeng23/ros2_ws/build/crazyflie_ros2_slam
[1.204s] -- Install configuration: ""
[1.204s] -- Up-to-date: /home/tdeng23/ros2_ws/install/crazyflie_ros2_slam/share/crazyflie_ros2_slam/launch
[1.204s] -- Up-to-date: /home/tdeng23/ros2_ws/install/crazyflie_ros2_slam/share/crazyflie_ros2_slam/launch/slam_toolbox_mapping_real_launch.py
[1.205s] -- Up-to-date: /home/tdeng23/ros2_ws/install/crazyflie_ros2_slam/share/crazyflie_ros2_slam/launch/slam_toolbox_mapping_simulation_launch.py
[1.205s] -- Up-to-date: /home/tdeng23/ros2_ws/install/crazyflie_ros2_slam/share/crazyflie_ros2_slam/config
[1.205s] -- Up-to-date: /home/tdeng23/ros2_ws/install/crazyflie_ros2_slam/share/crazyflie_ros2_slam/config/mapper_params_online_async.yaml
[1.205s] -- Up-to-date: /home/tdeng23/ros2_ws/install/crazyflie_ros2_slam/share/ament_index/resource_index/package_run_dependencies/crazyflie_ros2_slam
[1.205s] -- Up-to-date: /home/tdeng23/ros2_ws/install/crazyflie_ros2_slam/share/ament_index/resource_index/parent_prefix_path/crazyflie_ros2_slam
[1.205s] -- Up-to-date: /home/tdeng23/ros2_ws/install/crazyflie_ros2_slam/share/crazyflie_ros2_slam/environment/ament_prefix_path.sh
[1.205s] -- Up-to-date: /home/tdeng23/ros2_ws/install/crazyflie_ros2_slam/share/crazyflie_ros2_slam/environment/ament_prefix_path.dsv
[1.205s] -- Up-to-date: /home/tdeng23/ros2_ws/install/crazyflie_ros2_slam/share/crazyflie_ros2_slam/environment/path.sh
[1.205s] -- Up-to-date: /home/tdeng23/ros2_ws/install/crazyflie_ros2_slam/share/crazyflie_ros2_slam/environment/path.dsv
[1.205s] -- Up-to-date: /home/tdeng23/ros2_ws/install/crazyflie_ros2_slam/share/crazyflie_ros2_slam/local_setup.bash
[1.206s] -- Up-to-date: /home/tdeng23/ros2_ws/install/crazyflie_ros2_slam/share/crazyflie_ros2_slam/local_setup.sh
[1.206s] -- Up-to-date: /home/tdeng23/ros2_ws/install/crazyflie_ros2_slam/share/crazyflie_ros2_slam/local_setup.zsh
[1.206s] -- Up-to-date: /home/tdeng23/ros2_ws/install/crazyflie_ros2_slam/share/crazyflie_ros2_slam/local_setup.dsv
[1.206s] -- Installing: /home/tdeng23/ros2_ws/install/crazyflie_ros2_slam/share/crazyflie_ros2_slam/package.dsv
[1.206s] -- Up-to-date: /home/tdeng23/ros2_ws/install/crazyflie_ros2_slam/share/ament_index/resource_index/packages/crazyflie_ros2_slam
[1.206s] -- Up-to-date: /home/tdeng23/ros2_ws/install/crazyflie_ros2_slam/share/crazyflie_ros2_slam/cmake/crazyflie_ros2_slamConfig.cmake
[1.206s] -- Up-to-date: /home/tdeng23/ros2_ws/install/crazyflie_ros2_slam/share/crazyflie_ros2_slam/cmake/crazyflie_ros2_slamConfig-version.cmake
[1.206s] -- Up-to-date: /home/tdeng23/ros2_ws/install/crazyflie_ros2_slam/share/crazyflie_ros2_slam/package.xml
[1.216s] Invoked command in '/home/tdeng23/ros2_ws/build/crazyflie_ros2_slam' returned '0': CMAKE_PREFIX_PATH=${CMAKE_PREFIX_PATH}:/home/tdeng23/ros2_ws/install/my_package:/home/tdeng23/ros2_ws/install/crazyflie_simulation:/home/tdeng23/ros2_ws/install/crazyflie_ros2_simulation:/home/tdeng23/ros2_ws/install/crazyflie_ros2_simple_mapper:/home/tdeng23/ros2_ws/install/crazyflie_ros2_scan:/home/tdeng23/ros2_ws/install/crazyflie_ros2:/home/tdeng23/ros2_ws/install/crazyflie_py:/opt/ros/galactic /home/tdeng23/.local/bin/cmake --install /home/tdeng23/ros2_ws/build/crazyflie_ros2_slam
