[1.706s] Invoking command in '/home/tdeng23/ros2_ws/src/crazyswarm2/crazyflie_ros2': PYTHONPATH=/home/tdeng23/ros2_ws/build/crazyflie_ros2/prefix_override:/home/tdeng23/ros2_ws/install/crazyflie_ros2/lib/python3.8/site-packages:${PYTHONPATH} /usr/bin/python3 setup.py egg_info --egg-base ../../../build/crazyflie_ros2 build --build-base /home/tdeng23/ros2_ws/build/crazyflie_ros2/build install --record /home/tdeng23/ros2_ws/build/crazyflie_ros2/install.log --single-version-externally-managed
[2.022s] running egg_info
[2.022s] writing ../../../build/crazyflie_ros2/crazyflie_ros2.egg-info/PKG-INFO
[2.023s] writing dependency_links to ../../../build/crazyflie_ros2/crazyflie_ros2.egg-info/dependency_links.txt
[2.023s] writing entry points to ../../../build/crazyflie_ros2/crazyflie_ros2.egg-info/entry_points.txt
[2.023s] writing requirements to ../../../build/crazyflie_ros2/crazyflie_ros2.egg-info/requires.txt
[2.023s] writing top-level names to ../../../build/crazyflie_ros2/crazyflie_ros2.egg-info/top_level.txt
[2.061s] reading manifest file '../../../build/crazyflie_ros2/crazyflie_ros2.egg-info/SOURCES.txt'
[2.062s] writing manifest file '../../../build/crazyflie_ros2/crazyflie_ros2.egg-info/SOURCES.txt'
[2.063s] running build
[2.063s] running build_py
[2.063s] running install
[2.064s] running install_lib
[2.066s] running install_data
[2.066s] running install_egg_info
[2.068s] removing '/home/tdeng23/ros2_ws/install/crazyflie_ros2/lib/python3.8/site-packages/crazyflie_ros2-0.0.0-py3.8.egg-info' (and everything under it)
[2.069s] Copying ../../../build/crazyflie_ros2/crazyflie_ros2.egg-info to /home/tdeng23/ros2_ws/install/crazyflie_ros2/lib/python3.8/site-packages/crazyflie_ros2-0.0.0-py3.8.egg-info
[2.069s] running install_scripts
[2.089s] Installing crazyflie_publisher script to /home/tdeng23/ros2_ws/install/crazyflie_ros2/lib/crazyflie_ros2
[2.089s] writing list of installed files to '/home/tdeng23/ros2_ws/build/crazyflie_ros2/install.log'
[2.480s] Invoked command in '/home/tdeng23/ros2_ws/src/crazyswarm2/crazyflie_ros2' returned '0': PYTHONPATH=/home/tdeng23/ros2_ws/build/crazyflie_ros2/prefix_override:/home/tdeng23/ros2_ws/install/crazyflie_ros2/lib/python3.8/site-packages:${PYTHONPATH} /usr/bin/python3 setup.py egg_info --egg-base ../../../build/crazyflie_ros2 build --build-base /home/tdeng23/ros2_ws/build/crazyflie_ros2/build install --record /home/tdeng23/ros2_ws/build/crazyflie_ros2/install.log --single-version-externally-managed
