[1.356s] Invoking command in '/home/nicxe/ros2_ws/src/crazyswarm2/crazyflie_ros2_scan': PYTHONPATH=/home/nicxe/ros2_ws/build/crazyflie_ros2_scan/prefix_override:/home/nicxe/ros2_ws/install/crazyflie_ros2_scan/lib/python3.8/site-packages:${PYTHONPATH} /usr/bin/python3 setup.py egg_info --egg-base ../../../build/crazyflie_ros2_scan build --build-base /home/nicxe/ros2_ws/build/crazyflie_ros2_scan/build install --record /home/nicxe/ros2_ws/build/crazyflie_ros2_scan/install.log --single-version-externally-managed
[1.532s] running egg_info
[1.532s] writing ../../../build/crazyflie_ros2_scan/crazyflie_ros2_scan.egg-info/PKG-INFO
[1.547s] writing dependency_links to ../../../build/crazyflie_ros2_scan/crazyflie_ros2_scan.egg-info/dependency_links.txt
[1.547s] writing entry points to ../../../build/crazyflie_ros2_scan/crazyflie_ros2_scan.egg-info/entry_points.txt
[1.547s] writing requirements to ../../../build/crazyflie_ros2_scan/crazyflie_ros2_scan.egg-info/requires.txt
[1.547s] writing top-level names to ../../../build/crazyflie_ros2_scan/crazyflie_ros2_scan.egg-info/top_level.txt
[1.572s] reading manifest file '../../../build/crazyflie_ros2_scan/crazyflie_ros2_scan.egg-info/SOURCES.txt'
[1.649s] writing manifest file '../../../build/crazyflie_ros2_scan/crazyflie_ros2_scan.egg-info/SOURCES.txt'
[1.649s] running build
[1.649s] running build_py
[1.673s] running install
[1.674s] running install_lib
[1.675s] running install_data
[1.675s] running install_egg_info
[1.676s] removing '/home/nicxe/ros2_ws/install/crazyflie_ros2_scan/lib/python3.8/site-packages/crazyflie_ros2_scan-0.0.0-py3.8.egg-info' (and everything under it)
[1.676s] Copying ../../../build/crazyflie_ros2_scan/crazyflie_ros2_scan.egg-info to /home/nicxe/ros2_ws/install/crazyflie_ros2_scan/lib/python3.8/site-packages/crazyflie_ros2_scan-0.0.0-py3.8.egg-info
[1.728s] running install_scripts
[1.741s] Installing range_to_lidar script to /home/nicxe/ros2_ws/install/crazyflie_ros2_scan/lib/crazyflie_ros2_scan
[1.743s] writing list of installed files to '/home/nicxe/ros2_ws/build/crazyflie_ros2_scan/install.log'
[1.761s] Invoked command in '/home/nicxe/ros2_ws/src/crazyswarm2/crazyflie_ros2_scan' returned '0': PYTHONPATH=/home/nicxe/ros2_ws/build/crazyflie_ros2_scan/prefix_override:/home/nicxe/ros2_ws/install/crazyflie_ros2_scan/lib/python3.8/site-packages:${PYTHONPATH} /usr/bin/python3 setup.py egg_info --egg-base ../../../build/crazyflie_ros2_scan build --build-base /home/nicxe/ros2_ws/build/crazyflie_ros2_scan/build install --record /home/nicxe/ros2_ws/build/crazyflie_ros2_scan/install.log --single-version-externally-managed
