[1.031s] Invoking command in '/home/tdeng23/ros2_ws/src/my_package': PYTHONPATH=/home/tdeng23/ros2_ws/build/my_package/prefix_override:/home/tdeng23/ros2_ws/install/my_package/lib/python3.8/site-packages:${PYTHONPATH} /usr/bin/python3 setup.py egg_info --egg-base ../../build/my_package build --build-base /home/tdeng23/ros2_ws/build/my_package/build install --record /home/tdeng23/ros2_ws/build/my_package/install.log --single-version-externally-managed
[1.460s] running egg_info
[1.462s] writing ../../build/my_package/my_package.egg-info/PKG-INFO
[1.463s] writing dependency_links to ../../build/my_package/my_package.egg-info/dependency_links.txt
[1.463s] writing entry points to ../../build/my_package/my_package.egg-info/entry_points.txt
[1.463s] writing requirements to ../../build/my_package/my_package.egg-info/requires.txt
[1.463s] writing top-level names to ../../build/my_package/my_package.egg-info/top_level.txt
[1.540s] reading manifest file '../../build/my_package/my_package.egg-info/SOURCES.txt'
[1.540s] writing manifest file '../../build/my_package/my_package.egg-info/SOURCES.txt'
[1.540s] running build
[1.540s] running build_py
[1.542s] running install
[1.551s] running install_lib
[1.553s] running install_data
[1.555s] running install_egg_info
[1.557s] removing '/home/tdeng23/ros2_ws/install/my_package/lib/python3.8/site-packages/my_package-0.0.0-py3.8.egg-info' (and everything under it)
[1.558s] Copying ../../build/my_package/my_package.egg-info to /home/tdeng23/ros2_ws/install/my_package/lib/python3.8/site-packages/my_package-0.0.0-py3.8.egg-info
[1.559s] running install_scripts
[1.588s] Installing my_robot_driver script to /home/tdeng23/ros2_ws/install/my_package/lib/my_package
[1.591s] writing list of installed files to '/home/tdeng23/ros2_ws/build/my_package/install.log'
[1.651s] Invoked command in '/home/tdeng23/ros2_ws/src/my_package' returned '0': PYTHONPATH=/home/tdeng23/ros2_ws/build/my_package/prefix_override:/home/tdeng23/ros2_ws/install/my_package/lib/python3.8/site-packages:${PYTHONPATH} /usr/bin/python3 setup.py egg_info --egg-base ../../build/my_package build --build-base /home/tdeng23/ros2_ws/build/my_package/build install --record /home/tdeng23/ros2_ws/build/my_package/install.log --single-version-externally-managed
