running egg_info
creating ../../../build/crazyflie_ros2/crazyflie_ros2.egg-info
writing ../../../build/crazyflie_ros2/crazyflie_ros2.egg-info/PKG-INFO
writing dependency_links to ../../../build/crazyflie_ros2/crazyflie_ros2.egg-info/dependency_links.txt
writing entry points to ../../../build/crazyflie_ros2/crazyflie_ros2.egg-info/entry_points.txt
writing requirements to ../../../build/crazyflie_ros2/crazyflie_ros2.egg-info/requires.txt
writing top-level names to ../../../build/crazyflie_ros2/crazyflie_ros2.egg-info/top_level.txt
writing manifest file '../../../build/crazyflie_ros2/crazyflie_ros2.egg-info/SOURCES.txt'
reading manifest file '../../../build/crazyflie_ros2/crazyflie_ros2.egg-info/SOURCES.txt'
writing manifest file '../../../build/crazyflie_ros2/crazyflie_ros2.egg-info/SOURCES.txt'
running build
running build_py
creating /home/tdeng23/ros2_ws/build/crazyflie_ros2/build
creating /home/tdeng23/ros2_ws/build/crazyflie_ros2/build/lib
creating /home/tdeng23/ros2_ws/build/crazyflie_ros2/build/lib/crazyflie_ros2
copying crazyflie_ros2/crazyflie_publisher.py -> /home/tdeng23/ros2_ws/build/crazyflie_ros2/build/lib/crazyflie_ros2
copying crazyflie_ros2/__init__.py -> /home/tdeng23/ros2_ws/build/crazyflie_ros2/build/lib/crazyflie_ros2
running install
running install_lib
creating /home/tdeng23/ros2_ws/install/crazyflie_ros2/lib/python3.8/site-packages/crazyflie_ros2
copying /home/tdeng23/ros2_ws/build/crazyflie_ros2/build/lib/crazyflie_ros2/crazyflie_publisher.py -> /home/tdeng23/ros2_ws/install/crazyflie_ros2/lib/python3.8/site-packages/crazyflie_ros2
copying /home/tdeng23/ros2_ws/build/crazyflie_ros2/build/lib/crazyflie_ros2/__init__.py -> /home/tdeng23/ros2_ws/install/crazyflie_ros2/lib/python3.8/site-packages/crazyflie_ros2
byte-compiling /home/tdeng23/ros2_ws/install/crazyflie_ros2/lib/python3.8/site-packages/crazyflie_ros2/crazyflie_publisher.py to crazyflie_publisher.cpython-38.pyc
byte-compiling /home/tdeng23/ros2_ws/install/crazyflie_ros2/lib/python3.8/site-packages/crazyflie_ros2/__init__.py to __init__.cpython-38.pyc
running install_data
copying package.xml -> /home/tdeng23/ros2_ws/install/crazyflie_ros2/share/crazyflie_ros2
creating /home/tdeng23/ros2_ws/install/crazyflie_ros2/share/crazyflie_ros2/resource
copying resource/crazyflie_ros2 -> /home/tdeng23/ros2_ws/install/crazyflie_ros2/share/crazyflie_ros2/resource/
creating /home/tdeng23/ros2_ws/install/crazyflie_ros2/share/crazyflie_ros2/launch
copying launch/crazyflie_publisher_launch.py -> /home/tdeng23/ros2_ws/install/crazyflie_ros2/share/crazyflie_ros2/launch/
running install_egg_info
Copying ../../../build/crazyflie_ros2/crazyflie_ros2.egg-info to /home/tdeng23/ros2_ws/install/crazyflie_ros2/lib/python3.8/site-packages/crazyflie_ros2-0.0.0-py3.8.egg-info
running install_scripts
Installing crazyflie_publisher script to /home/tdeng23/ros2_ws/install/crazyflie_ros2/lib/crazyflie_ros2
writing list of installed files to '/home/tdeng23/ros2_ws/build/crazyflie_ros2/install.log'
