[1.516s] Invoking command in '/home/tdeng23/ros2_ws/src/crazyswarm2/crazyflie_ros2': PYTHONPATH=/home/tdeng23/ros2_ws/build/crazyflie_ros2/prefix_override:/home/tdeng23/ros2_ws/install/crazyflie_ros2/lib/python3.8/site-packages:${PYTHONPATH} /usr/bin/python3 setup.py egg_info --egg-base ../../../build/crazyflie_ros2 build --build-base /home/tdeng23/ros2_ws/build/crazyflie_ros2/build install --record /home/tdeng23/ros2_ws/build/crazyflie_ros2/install.log --single-version-externally-managed
[1.839s] running egg_info
[1.839s] creating ../../../build/crazyflie_ros2/crazyflie_ros2.egg-info
[1.840s] writing ../../../build/crazyflie_ros2/crazyflie_ros2.egg-info/PKG-INFO
[1.840s] writing dependency_links to ../../../build/crazyflie_ros2/crazyflie_ros2.egg-info/dependency_links.txt
[1.840s] writing entry points to ../../../build/crazyflie_ros2/crazyflie_ros2.egg-info/entry_points.txt
[1.841s] writing requirements to ../../../build/crazyflie_ros2/crazyflie_ros2.egg-info/requires.txt
[1.841s] writing top-level names to ../../../build/crazyflie_ros2/crazyflie_ros2.egg-info/top_level.txt
[1.843s] writing manifest file '../../../build/crazyflie_ros2/crazyflie_ros2.egg-info/SOURCES.txt'
[1.898s] reading manifest file '../../../build/crazyflie_ros2/crazyflie_ros2.egg-info/SOURCES.txt'
[1.899s] writing manifest file '../../../build/crazyflie_ros2/crazyflie_ros2.egg-info/SOURCES.txt'
[1.900s] running build
[1.900s] running build_py
[1.900s] creating /home/tdeng23/ros2_ws/build/crazyflie_ros2/build
[1.900s] creating /home/tdeng23/ros2_ws/build/crazyflie_ros2/build/lib
[1.900s] creating /home/tdeng23/ros2_ws/build/crazyflie_ros2/build/lib/crazyflie_ros2
[1.900s] copying crazyflie_ros2/crazyflie_publisher.py -> /home/tdeng23/ros2_ws/build/crazyflie_ros2/build/lib/crazyflie_ros2
[1.901s] copying crazyflie_ros2/__init__.py -> /home/tdeng23/ros2_ws/build/crazyflie_ros2/build/lib/crazyflie_ros2
[1.901s] running install
[1.901s] running install_lib
[1.903s] creating /home/tdeng23/ros2_ws/install/crazyflie_ros2/lib/python3.8/site-packages/crazyflie_ros2
[1.903s] copying /home/tdeng23/ros2_ws/build/crazyflie_ros2/build/lib/crazyflie_ros2/crazyflie_publisher.py -> /home/tdeng23/ros2_ws/install/crazyflie_ros2/lib/python3.8/site-packages/crazyflie_ros2
[1.903s] copying /home/tdeng23/ros2_ws/build/crazyflie_ros2/build/lib/crazyflie_ros2/__init__.py -> /home/tdeng23/ros2_ws/install/crazyflie_ros2/lib/python3.8/site-packages/crazyflie_ros2
[1.903s] byte-compiling /home/tdeng23/ros2_ws/install/crazyflie_ros2/lib/python3.8/site-packages/crazyflie_ros2/crazyflie_publisher.py to crazyflie_publisher.cpython-38.pyc
[1.908s] byte-compiling /home/tdeng23/ros2_ws/install/crazyflie_ros2/lib/python3.8/site-packages/crazyflie_ros2/__init__.py to __init__.cpython-38.pyc
[1.908s] running install_data
[1.910s] copying package.xml -> /home/tdeng23/ros2_ws/install/crazyflie_ros2/share/crazyflie_ros2
[1.910s] creating /home/tdeng23/ros2_ws/install/crazyflie_ros2/share/crazyflie_ros2/resource
[1.910s] copying resource/crazyflie_ros2 -> /home/tdeng23/ros2_ws/install/crazyflie_ros2/share/crazyflie_ros2/resource/
[1.910s] creating /home/tdeng23/ros2_ws/install/crazyflie_ros2/share/crazyflie_ros2/launch
[1.910s] copying launch/crazyflie_publisher_launch.py -> /home/tdeng23/ros2_ws/install/crazyflie_ros2/share/crazyflie_ros2/launch/
[1.910s] running install_egg_info
[1.912s] Copying ../../../build/crazyflie_ros2/crazyflie_ros2.egg-info to /home/tdeng23/ros2_ws/install/crazyflie_ros2/lib/python3.8/site-packages/crazyflie_ros2-0.0.0-py3.8.egg-info
[1.913s] running install_scripts
[1.938s] Installing crazyflie_publisher script to /home/tdeng23/ros2_ws/install/crazyflie_ros2/lib/crazyflie_ros2
[1.938s] writing list of installed files to '/home/tdeng23/ros2_ws/build/crazyflie_ros2/install.log'
[2.001s] Invoked command in '/home/tdeng23/ros2_ws/src/crazyswarm2/crazyflie_ros2' returned '0': PYTHONPATH=/home/tdeng23/ros2_ws/build/crazyflie_ros2/prefix_override:/home/tdeng23/ros2_ws/install/crazyflie_ros2/lib/python3.8/site-packages:${PYTHONPATH} /usr/bin/python3 setup.py egg_info --egg-base ../../../build/crazyflie_ros2 build --build-base /home/tdeng23/ros2_ws/build/crazyflie_ros2/build install --record /home/tdeng23/ros2_ws/build/crazyflie_ros2/install.log --single-version-externally-managed
