[0.258s] Invoking command in '/home/tdeng23/ros2_ws/build/crazyflie_sim': CMAKE_PREFIX_PATH=/home/tdeng23/ros2_ws/install/crazyflie_interfaces:/home/tdeng23/ros2_ws/install/motion_capture_tracking:/home/tdeng23/ros2_ws/install/crazyflie:/home/tdeng23/ros2_ws/install/motion_capture_tracking_interfaces:/home/tdeng23/ros2_ws/install/crazyflie_sim:/home/tdeng23/ros2_ws/install/crazyflie_ros2_slam:/home/tdeng23/ros2_ws/install/crazyflie_ros2_navigation:/home/tdeng23/ros2_ws/install/crazyflie_ros2_interfaces:/home/tdeng23/ros2_ws/install/crazyflie_ros2_description:/home/tdeng23/ros2_ws/install/crazyflie_examples:/home/tdeng23/ros2_ws/install/my_package:/home/tdeng23/ros2_ws/install/crazyflie_simulation:/home/tdeng23/ros2_ws/install/crazyflie_ros2_simulation:/home/tdeng23/ros2_ws/install/crazyflie_ros2_simple_mapper:/home/tdeng23/ros2_ws/install/crazyflie_ros2_scan:/home/tdeng23/ros2_ws/install/crazyflie_ros2:/home/tdeng23/ros2_ws/install/crazyflie_py:/opt/ros/galactic LD_LIBRARY_PATH=/home/tdeng23/ros2_ws/install/crazyflie_interfaces/lib:/home/tdeng23/ros2_ws/install/motion_capture_tracking_interfaces/lib:/home/tdeng23/ros2_ws/install/crazyflie_ros2_interfaces/lib:/opt/ros/galactic/opt/yaml_cpp_vendor/lib:/opt/ros/galactic/opt/rviz_ogre_vendor/lib:/opt/ros/galactic/lib/x86_64-linux-gnu:/opt/ros/galactic/lib PYTHONPATH=/home/tdeng23/ros2_ws/install/crazyflie_interfaces/lib/python3.8/site-packages:/home/tdeng23/ros2_ws/install/my_package/lib/python3.8/site-packages:/home/tdeng23/ros2_ws/install/motion_capture_tracking_interfaces/lib/python3.8/site-packages:/home/tdeng23/ros2_ws/install/crazyflie_simulation/lib/python3.8/site-packages:/home/tdeng23/ros2_ws/install/crazyflie_sim/lib/python3.8/site-packages:/home/tdeng23/ros2_ws/install/crazyflie_ros2_simulation/lib/python3.8/site-packages:/home/tdeng23/ros2_ws/install/crazyflie_ros2_simple_mapper/lib/python3.8/site-packages:/home/tdeng23/ros2_ws/install/crazyflie_ros2_scan/lib/python3.8/site-packages:/home/tdeng23/ros2_ws/install/crazyflie_ros2_interfaces/lib/python3.8/site-packages:/home/tdeng23/ros2_ws/install/crazyflie_ros2/lib/python3.8/site-packages:/home/tdeng23/ros2_ws/install/crazyflie_examples/lib/python3.8/site-packages:/home/tdeng23/ros2_ws/install/crazyflie_py/lib/python3.8/site-packages:/opt/ros/galactic/lib/python3.8/site-packages /home/tdeng23/.local/bin/cmake --build /home/tdeng23/ros2_ws/build/crazyflie_sim -- -j8 -l8
[0.352s] Built target ament_cmake_python_symlink_crazyflie_sim_setup
[0.352s] Built target ament_cmake_python_symlink_crazyflie_sim
[0.842s] running install_scripts
[0.877s] running egg_info
[0.881s] writing crazyflie_sim.egg-info/PKG-INFO
[0.882s] writing dependency_links to crazyflie_sim.egg-info/dependency_links.txt
[0.882s] writing entry points to crazyflie_sim.egg-info/entry_points.txt
[0.882s] writing top-level names to crazyflie_sim.egg-info/top_level.txt
[0.915s] running egg_info
[0.916s] writing crazyflie_sim.egg-info/PKG-INFO
[0.916s] writing dependency_links to crazyflie_sim.egg-info/dependency_links.txt
[0.917s] writing entry points to crazyflie_sim.egg-info/entry_points.txt
[0.917s] writing top-level names to crazyflie_sim.egg-info/top_level.txt
[0.952s] reading manifest file 'crazyflie_sim.egg-info/SOURCES.txt'
[0.961s] writing manifest file 'crazyflie_sim.egg-info/SOURCES.txt'
[0.961s] Installing crazyflie_server script to scripts
[1.026s] Built target ament_cmake_python_build_crazyflie_sim_scripts
[1.035s] reading manifest file 'crazyflie_sim.egg-info/SOURCES.txt'
[1.036s] writing manifest file 'crazyflie_sim.egg-info/SOURCES.txt'
[1.094s] Built target ament_cmake_python_build_crazyflie_sim_egg
[1.120s] Invoked command in '/home/tdeng23/ros2_ws/build/crazyflie_sim' returned '0': CMAKE_PREFIX_PATH=/home/tdeng23/ros2_ws/install/crazyflie_interfaces:/home/tdeng23/ros2_ws/install/motion_capture_tracking:/home/tdeng23/ros2_ws/install/crazyflie:/home/tdeng23/ros2_ws/install/motion_capture_tracking_interfaces:/home/tdeng23/ros2_ws/install/crazyflie_sim:/home/tdeng23/ros2_ws/install/crazyflie_ros2_slam:/home/tdeng23/ros2_ws/install/crazyflie_ros2_navigation:/home/tdeng23/ros2_ws/install/crazyflie_ros2_interfaces:/home/tdeng23/ros2_ws/install/crazyflie_ros2_description:/home/tdeng23/ros2_ws/install/crazyflie_examples:/home/tdeng23/ros2_ws/install/my_package:/home/tdeng23/ros2_ws/install/crazyflie_simulation:/home/tdeng23/ros2_ws/install/crazyflie_ros2_simulation:/home/tdeng23/ros2_ws/install/crazyflie_ros2_simple_mapper:/home/tdeng23/ros2_ws/install/crazyflie_ros2_scan:/home/tdeng23/ros2_ws/install/crazyflie_ros2:/home/tdeng23/ros2_ws/install/crazyflie_py:/opt/ros/galactic LD_LIBRARY_PATH=/home/tdeng23/ros2_ws/install/crazyflie_interfaces/lib:/home/tdeng23/ros2_ws/install/motion_capture_tracking_interfaces/lib:/home/tdeng23/ros2_ws/install/crazyflie_ros2_interfaces/lib:/opt/ros/galactic/opt/yaml_cpp_vendor/lib:/opt/ros/galactic/opt/rviz_ogre_vendor/lib:/opt/ros/galactic/lib/x86_64-linux-gnu:/opt/ros/galactic/lib PYTHONPATH=/home/tdeng23/ros2_ws/install/crazyflie_interfaces/lib/python3.8/site-packages:/home/tdeng23/ros2_ws/install/my_package/lib/python3.8/site-packages:/home/tdeng23/ros2_ws/install/motion_capture_tracking_interfaces/lib/python3.8/site-packages:/home/tdeng23/ros2_ws/install/crazyflie_simulation/lib/python3.8/site-packages:/home/tdeng23/ros2_ws/install/crazyflie_sim/lib/python3.8/site-packages:/home/tdeng23/ros2_ws/install/crazyflie_ros2_simulation/lib/python3.8/site-packages:/home/tdeng23/ros2_ws/install/crazyflie_ros2_simple_mapper/lib/python3.8/site-packages:/home/tdeng23/ros2_ws/install/crazyflie_ros2_scan/lib/python3.8/site-packages:/home/tdeng23/ros2_ws/install/crazyflie_ros2_interfaces/lib/python3.8/site-packages:/home/tdeng23/ros2_ws/install/crazyflie_ros2/lib/python3.8/site-packages:/home/tdeng23/ros2_ws/install/crazyflie_examples/lib/python3.8/site-packages:/home/tdeng23/ros2_ws/install/crazyflie_py/lib/python3.8/site-packages:/opt/ros/galactic/lib/python3.8/site-packages /home/tdeng23/.local/bin/cmake --build /home/tdeng23/ros2_ws/build/crazyflie_sim -- -j8 -l8
[1.235s] Invoking command in '/home/tdeng23/ros2_ws/build/crazyflie_sim': CMAKE_PREFIX_PATH=/home/tdeng23/ros2_ws/install/crazyflie_interfaces:/home/tdeng23/ros2_ws/install/motion_capture_tracking:/home/tdeng23/ros2_ws/install/crazyflie:/home/tdeng23/ros2_ws/install/motion_capture_tracking_interfaces:/home/tdeng23/ros2_ws/install/crazyflie_sim:/home/tdeng23/ros2_ws/install/crazyflie_ros2_slam:/home/tdeng23/ros2_ws/install/crazyflie_ros2_navigation:/home/tdeng23/ros2_ws/install/crazyflie_ros2_interfaces:/home/tdeng23/ros2_ws/install/crazyflie_ros2_description:/home/tdeng23/ros2_ws/install/crazyflie_examples:/home/tdeng23/ros2_ws/install/my_package:/home/tdeng23/ros2_ws/install/crazyflie_simulation:/home/tdeng23/ros2_ws/install/crazyflie_ros2_simulation:/home/tdeng23/ros2_ws/install/crazyflie_ros2_simple_mapper:/home/tdeng23/ros2_ws/install/crazyflie_ros2_scan:/home/tdeng23/ros2_ws/install/crazyflie_ros2:/home/tdeng23/ros2_ws/install/crazyflie_py:/opt/ros/galactic LD_LIBRARY_PATH=/home/tdeng23/ros2_ws/install/crazyflie_interfaces/lib:/home/tdeng23/ros2_ws/install/motion_capture_tracking_interfaces/lib:/home/tdeng23/ros2_ws/install/crazyflie_ros2_interfaces/lib:/opt/ros/galactic/opt/yaml_cpp_vendor/lib:/opt/ros/galactic/opt/rviz_ogre_vendor/lib:/opt/ros/galactic/lib/x86_64-linux-gnu:/opt/ros/galactic/lib PYTHONPATH=/home/tdeng23/ros2_ws/install/crazyflie_interfaces/lib/python3.8/site-packages:/home/tdeng23/ros2_ws/install/my_package/lib/python3.8/site-packages:/home/tdeng23/ros2_ws/install/motion_capture_tracking_interfaces/lib/python3.8/site-packages:/home/tdeng23/ros2_ws/install/crazyflie_simulation/lib/python3.8/site-packages:/home/tdeng23/ros2_ws/install/crazyflie_sim/lib/python3.8/site-packages:/home/tdeng23/ros2_ws/install/crazyflie_ros2_simulation/lib/python3.8/site-packages:/home/tdeng23/ros2_ws/install/crazyflie_ros2_simple_mapper/lib/python3.8/site-packages:/home/tdeng23/ros2_ws/install/crazyflie_ros2_scan/lib/python3.8/site-packages:/home/tdeng23/ros2_ws/install/crazyflie_ros2_interfaces/lib/python3.8/site-packages:/home/tdeng23/ros2_ws/install/crazyflie_ros2/lib/python3.8/site-packages:/home/tdeng23/ros2_ws/install/crazyflie_examples/lib/python3.8/site-packages:/home/tdeng23/ros2_ws/install/crazyflie_py/lib/python3.8/site-packages:/opt/ros/galactic/lib/python3.8/site-packages /home/tdeng23/.local/bin/cmake --install /home/tdeng23/ros2_ws/build/crazyflie_sim
[1.319s] -- Install configuration: ""
[1.336s] -- Execute custom install script
[1.337s] -- Up-to-date symlink: /home/tdeng23/ros2_ws/install/crazyflie_sim/share/crazyflie_sim/environment/pythonpath.sh
[1.337s] -- Up-to-date symlink: /home/tdeng23/ros2_ws/install/crazyflie_sim/share/crazyflie_sim/environment/pythonpath.dsv
[1.338s] -- Up-to-date symlink: /home/tdeng23/ros2_ws/install/crazyflie_sim/lib/python3.8/site-packages//crazyflie_sim.egg-info/PKG-INFO
[1.339s] -- Up-to-date symlink: /home/tdeng23/ros2_ws/install/crazyflie_sim/lib/python3.8/site-packages//crazyflie_sim.egg-info/SOURCES.txt
[1.339s] -- Up-to-date symlink: /home/tdeng23/ros2_ws/install/crazyflie_sim/lib/python3.8/site-packages//crazyflie_sim.egg-info/dependency_links.txt
[1.340s] -- Up-to-date symlink: /home/tdeng23/ros2_ws/install/crazyflie_sim/lib/python3.8/site-packages//crazyflie_sim.egg-info/entry_points.txt
[1.340s] -- Up-to-date symlink: /home/tdeng23/ros2_ws/install/crazyflie_sim/lib/python3.8/site-packages//crazyflie_sim.egg-info/top_level.txt
[1.341s] -- Up-to-date symlink: /home/tdeng23/ros2_ws/install/crazyflie_sim/lib/crazyflie_sim//crazyflie_server
[1.343s] -- Up-to-date symlink: /home/tdeng23/ros2_ws/install/crazyflie_sim/lib/python3.8/site-packages/crazyflie_sim/__init__.py
[1.343s] -- Up-to-date symlink: /home/tdeng23/ros2_ws/install/crazyflie_sim/lib/python3.8/site-packages/crazyflie_sim/backend/none.py
[1.344s] -- Up-to-date symlink: /home/tdeng23/ros2_ws/install/crazyflie_sim/lib/python3.8/site-packages/crazyflie_sim/backend/np.py
[1.344s] -- Up-to-date symlink: /home/tdeng23/ros2_ws/install/crazyflie_sim/lib/python3.8/site-packages/crazyflie_sim/crazyflie_server.py
[1.345s] -- Up-to-date symlink: /home/tdeng23/ros2_ws/install/crazyflie_sim/lib/python3.8/site-packages/crazyflie_sim/crazyflie_sil.py
[1.345s] -- Up-to-date symlink: /home/tdeng23/ros2_ws/install/crazyflie_sim/lib/python3.8/site-packages/crazyflie_sim/sim_data_types.py
[1.346s] -- Up-to-date symlink: /home/tdeng23/ros2_ws/install/crazyflie_sim/lib/python3.8/site-packages/crazyflie_sim/visualization/README.md
[1.346s] -- Up-to-date symlink: /home/tdeng23/ros2_ws/install/crazyflie_sim/lib/python3.8/site-packages/crazyflie_sim/visualization/blender.py
[1.347s] -- Up-to-date symlink: /home/tdeng23/ros2_ws/install/crazyflie_sim/lib/python3.8/site-packages/crazyflie_sim/visualization/data/README.md
[1.347s] -- Up-to-date symlink: /home/tdeng23/ros2_ws/install/crazyflie_sim/lib/python3.8/site-packages/crazyflie_sim/visualization/data/env/abandoned_greenhouse.jpg
[1.347s] -- Up-to-date symlink: /home/tdeng23/ros2_ws/install/crazyflie_sim/lib/python3.8/site-packages/crazyflie_sim/visualization/data/env/aerodynamics_workshop.jpg
[1.348s] -- Up-to-date symlink: /home/tdeng23/ros2_ws/install/crazyflie_sim/lib/python3.8/site-packages/crazyflie_sim/visualization/data/env/aviation_museum.jpg
[1.348s] -- Up-to-date symlink: /home/tdeng23/ros2_ws/install/crazyflie_sim/lib/python3.8/site-packages/crazyflie_sim/visualization/data/env/crosswalk.jpg
[1.349s] -- Up-to-date symlink: /home/tdeng23/ros2_ws/install/crazyflie_sim/lib/python3.8/site-packages/crazyflie_sim/visualization/data/env/derelict_overpass.jpg
[1.349s] -- Up-to-date symlink: /home/tdeng23/ros2_ws/install/crazyflie_sim/lib/python3.8/site-packages/crazyflie_sim/visualization/data/env/env.jpg
[1.350s] -- Up-to-date symlink: /home/tdeng23/ros2_ws/install/crazyflie_sim/lib/python3.8/site-packages/crazyflie_sim/visualization/data/env/lago_disola.jpg
[1.350s] -- Up-to-date symlink: /home/tdeng23/ros2_ws/install/crazyflie_sim/lib/python3.8/site-packages/crazyflie_sim/visualization/data/env/lake_pier.jpg
[1.351s] -- Up-to-date symlink: /home/tdeng23/ros2_ws/install/crazyflie_sim/lib/python3.8/site-packages/crazyflie_sim/visualization/data/env/machine_shop.jpg
[1.351s] -- Up-to-date symlink: /home/tdeng23/ros2_ws/install/crazyflie_sim/lib/python3.8/site-packages/crazyflie_sim/visualization/data/env/museumplein.jpg
[1.352s] -- Up-to-date symlink: /home/tdeng23/ros2_ws/install/crazyflie_sim/lib/python3.8/site-packages/crazyflie_sim/visualization/data/env/peppermint_powerplant.jpg
[1.352s] -- Up-to-date symlink: /home/tdeng23/ros2_ws/install/crazyflie_sim/lib/python3.8/site-packages/crazyflie_sim/visualization/data/env/studio_garden.jpg
[1.353s] -- Up-to-date symlink: /home/tdeng23/ros2_ws/install/crazyflie_sim/lib/python3.8/site-packages/crazyflie_sim/visualization/data/model/cf.mtl
[1.353s] -- Up-to-date symlink: /home/tdeng23/ros2_ws/install/crazyflie_sim/lib/python3.8/site-packages/crazyflie_sim/visualization/data/model/cf.obj
[1.353s] -- Up-to-date symlink: /home/tdeng23/ros2_ws/install/crazyflie_sim/lib/python3.8/site-packages/crazyflie_sim/visualization/pdf.py
[1.354s] -- Up-to-date symlink: /home/tdeng23/ros2_ws/install/crazyflie_sim/lib/python3.8/site-packages/crazyflie_sim/visualization/record_states.py
[1.354s] -- Up-to-date symlink: /home/tdeng23/ros2_ws/install/crazyflie_sim/lib/python3.8/site-packages/crazyflie_sim/visualization/rviz.py
[1.355s] -- Up-to-date symlink: /home/tdeng23/ros2_ws/install/crazyflie_sim/share/ament_index/resource_index/package_run_dependencies/crazyflie_sim
[1.355s] -- Up-to-date symlink: /home/tdeng23/ros2_ws/install/crazyflie_sim/share/ament_index/resource_index/parent_prefix_path/crazyflie_sim
[1.356s] -- Up-to-date symlink: /home/tdeng23/ros2_ws/install/crazyflie_sim/share/crazyflie_sim/environment/ament_prefix_path.sh
[1.356s] -- Up-to-date symlink: /home/tdeng23/ros2_ws/install/crazyflie_sim/share/crazyflie_sim/environment/ament_prefix_path.dsv
[1.361s] -- Up-to-date symlink: /home/tdeng23/ros2_ws/install/crazyflie_sim/share/crazyflie_sim/environment/path.sh
[1.362s] -- Up-to-date symlink: /home/tdeng23/ros2_ws/install/crazyflie_sim/share/crazyflie_sim/environment/path.dsv
[1.362s] -- Up-to-date symlink: /home/tdeng23/ros2_ws/install/crazyflie_sim/share/crazyflie_sim/local_setup.bash
[1.363s] -- Up-to-date symlink: /home/tdeng23/ros2_ws/install/crazyflie_sim/share/crazyflie_sim/local_setup.sh
[1.364s] -- Up-to-date symlink: /home/tdeng23/ros2_ws/install/crazyflie_sim/share/crazyflie_sim/local_setup.zsh
[1.364s] -- Up-to-date symlink: /home/tdeng23/ros2_ws/install/crazyflie_sim/share/crazyflie_sim/local_setup.dsv
[1.365s] -- Symlinking: /home/tdeng23/ros2_ws/install/crazyflie_sim/share/crazyflie_sim/package.dsv
[1.388s] -- Up-to-date symlink: /home/tdeng23/ros2_ws/install/crazyflie_sim/share/ament_index/resource_index/packages/crazyflie_sim
[1.389s] -- Up-to-date symlink: /home/tdeng23/ros2_ws/install/crazyflie_sim/share/crazyflie_sim/cmake/crazyflie_simConfig.cmake
[1.389s] -- Up-to-date symlink: /home/tdeng23/ros2_ws/install/crazyflie_sim/share/crazyflie_sim/cmake/crazyflie_simConfig-version.cmake
[1.390s] -- Up-to-date symlink: /home/tdeng23/ros2_ws/install/crazyflie_sim/share/crazyflie_sim/package.xml
[1.489s] Listing '/home/tdeng23/ros2_ws/install/crazyflie_sim/lib/python3.8/site-packages/crazyflie_sim'...
[1.489s] Listing '/home/tdeng23/ros2_ws/install/crazyflie_sim/lib/python3.8/site-packages/crazyflie_sim/backend'...
[1.489s] Compiling '/home/tdeng23/ros2_ws/install/crazyflie_sim/lib/python3.8/site-packages/crazyflie_sim/crazyflie_sil.py'...
[1.489s] Listing '/home/tdeng23/ros2_ws/install/crazyflie_sim/lib/python3.8/site-packages/crazyflie_sim/visualization'...
[1.489s] Listing '/home/tdeng23/ros2_ws/install/crazyflie_sim/lib/python3.8/site-packages/crazyflie_sim/visualization/data'...
[1.489s] Listing '/home/tdeng23/ros2_ws/install/crazyflie_sim/lib/python3.8/site-packages/crazyflie_sim/visualization/data/env'...
[1.490s] Listing '/home/tdeng23/ros2_ws/install/crazyflie_sim/lib/python3.8/site-packages/crazyflie_sim/visualization/data/model'...
[1.504s] Invoked command in '/home/tdeng23/ros2_ws/build/crazyflie_sim' returned '0': CMAKE_PREFIX_PATH=/home/tdeng23/ros2_ws/install/crazyflie_interfaces:/home/tdeng23/ros2_ws/install/motion_capture_tracking:/home/tdeng23/ros2_ws/install/crazyflie:/home/tdeng23/ros2_ws/install/motion_capture_tracking_interfaces:/home/tdeng23/ros2_ws/install/crazyflie_sim:/home/tdeng23/ros2_ws/install/crazyflie_ros2_slam:/home/tdeng23/ros2_ws/install/crazyflie_ros2_navigation:/home/tdeng23/ros2_ws/install/crazyflie_ros2_interfaces:/home/tdeng23/ros2_ws/install/crazyflie_ros2_description:/home/tdeng23/ros2_ws/install/crazyflie_examples:/home/tdeng23/ros2_ws/install/my_package:/home/tdeng23/ros2_ws/install/crazyflie_simulation:/home/tdeng23/ros2_ws/install/crazyflie_ros2_simulation:/home/tdeng23/ros2_ws/install/crazyflie_ros2_simple_mapper:/home/tdeng23/ros2_ws/install/crazyflie_ros2_scan:/home/tdeng23/ros2_ws/install/crazyflie_ros2:/home/tdeng23/ros2_ws/install/crazyflie_py:/opt/ros/galactic LD_LIBRARY_PATH=/home/tdeng23/ros2_ws/install/crazyflie_interfaces/lib:/home/tdeng23/ros2_ws/install/motion_capture_tracking_interfaces/lib:/home/tdeng23/ros2_ws/install/crazyflie_ros2_interfaces/lib:/opt/ros/galactic/opt/yaml_cpp_vendor/lib:/opt/ros/galactic/opt/rviz_ogre_vendor/lib:/opt/ros/galactic/lib/x86_64-linux-gnu:/opt/ros/galactic/lib PYTHONPATH=/home/tdeng23/ros2_ws/install/crazyflie_interfaces/lib/python3.8/site-packages:/home/tdeng23/ros2_ws/install/my_package/lib/python3.8/site-packages:/home/tdeng23/ros2_ws/install/motion_capture_tracking_interfaces/lib/python3.8/site-packages:/home/tdeng23/ros2_ws/install/crazyflie_simulation/lib/python3.8/site-packages:/home/tdeng23/ros2_ws/install/crazyflie_sim/lib/python3.8/site-packages:/home/tdeng23/ros2_ws/install/crazyflie_ros2_simulation/lib/python3.8/site-packages:/home/tdeng23/ros2_ws/install/crazyflie_ros2_simple_mapper/lib/python3.8/site-packages:/home/tdeng23/ros2_ws/install/crazyflie_ros2_scan/lib/python3.8/site-packages:/home/tdeng23/ros2_ws/install/crazyflie_ros2_interfaces/lib/python3.8/site-packages:/home/tdeng23/ros2_ws/install/crazyflie_ros2/lib/python3.8/site-packages:/home/tdeng23/ros2_ws/install/crazyflie_examples/lib/python3.8/site-packages:/home/tdeng23/ros2_ws/install/crazyflie_py/lib/python3.8/site-packages:/opt/ros/galactic/lib/python3.8/site-packages /home/tdeng23/.local/bin/cmake --install /home/tdeng23/ros2_ws/build/crazyflie_sim
