running egg_info
creating ../../../build/crazyflie_ros2_scan/crazyflie_ros2_scan.egg-info
writing ../../../build/crazyflie_ros2_scan/crazyflie_ros2_scan.egg-info/PKG-INFO
writing dependency_links to ../../../build/crazyflie_ros2_scan/crazyflie_ros2_scan.egg-info/dependency_links.txt
writing entry points to ../../../build/crazyflie_ros2_scan/crazyflie_ros2_scan.egg-info/entry_points.txt
writing requirements to ../../../build/crazyflie_ros2_scan/crazyflie_ros2_scan.egg-info/requires.txt
writing top-level names to ../../../build/crazyflie_ros2_scan/crazyflie_ros2_scan.egg-info/top_level.txt
writing manifest file '../../../build/crazyflie_ros2_scan/crazyflie_ros2_scan.egg-info/SOURCES.txt'
reading manifest file '../../../build/crazyflie_ros2_scan/crazyflie_ros2_scan.egg-info/SOURCES.txt'
writing manifest file '../../../build/crazyflie_ros2_scan/crazyflie_ros2_scan.egg-info/SOURCES.txt'
running build
running build_py
creating /home/nicxe/ros2_ws/build/crazyflie_ros2_scan/build
creating /home/nicxe/ros2_ws/build/crazyflie_ros2_scan/build/lib
creating /home/nicxe/ros2_ws/build/crazyflie_ros2_scan/build/lib/crazyflie_ros2_scan
copying crazyflie_ros2_scan/range_to_lidar.py -> /home/nicxe/ros2_ws/build/crazyflie_ros2_scan/build/lib/crazyflie_ros2_scan
copying crazyflie_ros2_scan/__init__.py -> /home/nicxe/ros2_ws/build/crazyflie_ros2_scan/build/lib/crazyflie_ros2_scan
running install
running install_lib
creating /home/nicxe/ros2_ws/install/crazyflie_ros2_scan/lib/python3.8/site-packages/crazyflie_ros2_scan
copying /home/nicxe/ros2_ws/build/crazyflie_ros2_scan/build/lib/crazyflie_ros2_scan/range_to_lidar.py -> /home/nicxe/ros2_ws/install/crazyflie_ros2_scan/lib/python3.8/site-packages/crazyflie_ros2_scan
copying /home/nicxe/ros2_ws/build/crazyflie_ros2_scan/build/lib/crazyflie_ros2_scan/__init__.py -> /home/nicxe/ros2_ws/install/crazyflie_ros2_scan/lib/python3.8/site-packages/crazyflie_ros2_scan
byte-compiling /home/nicxe/ros2_ws/install/crazyflie_ros2_scan/lib/python3.8/site-packages/crazyflie_ros2_scan/range_to_lidar.py to range_to_lidar.cpython-38.pyc
byte-compiling /home/nicxe/ros2_ws/install/crazyflie_ros2_scan/lib/python3.8/site-packages/crazyflie_ros2_scan/__init__.py to __init__.cpython-38.pyc
running install_data
creating /home/nicxe/ros2_ws/install/crazyflie_ros2_scan/share/ament_index
creating /home/nicxe/ros2_ws/install/crazyflie_ros2_scan/share/ament_index/resource_index
creating /home/nicxe/ros2_ws/install/crazyflie_ros2_scan/share/ament_index/resource_index/packages
copying resource/crazyflie_ros2_scan -> /home/nicxe/ros2_ws/install/crazyflie_ros2_scan/share/ament_index/resource_index/packages
copying package.xml -> /home/nicxe/ros2_ws/install/crazyflie_ros2_scan/share/crazyflie_ros2_scan
running install_egg_info
Copying ../../../build/crazyflie_ros2_scan/crazyflie_ros2_scan.egg-info to /home/nicxe/ros2_ws/install/crazyflie_ros2_scan/lib/python3.8/site-packages/crazyflie_ros2_scan-0.0.0-py3.8.egg-info
running install_scripts
Installing range_to_lidar script to /home/nicxe/ros2_ws/install/crazyflie_ros2_scan/lib/crazyflie_ros2_scan
writing list of installed files to '/home/nicxe/ros2_ws/build/crazyflie_ros2_scan/install.log'
