[1.353s] Invoking command in '/home/nicxe/ros2_ws/src/crazyswarm2/crazyflie_ros2_scan': PYTHONPATH=/home/nicxe/ros2_ws/build/crazyflie_ros2_scan/prefix_override:/home/nicxe/ros2_ws/install/crazyflie_ros2_scan/lib/python3.8/site-packages:${PYTHONPATH} /usr/bin/python3 setup.py egg_info --egg-base ../../../build/crazyflie_ros2_scan build --build-base /home/nicxe/ros2_ws/build/crazyflie_ros2_scan/build install --record /home/nicxe/ros2_ws/build/crazyflie_ros2_scan/install.log --single-version-externally-managed
[1.551s] running egg_info
[1.551s] creating ../../../build/crazyflie_ros2_scan/crazyflie_ros2_scan.egg-info
[1.551s] writing ../../../build/crazyflie_ros2_scan/crazyflie_ros2_scan.egg-info/PKG-INFO
[1.552s] writing dependency_links to ../../../build/crazyflie_ros2_scan/crazyflie_ros2_scan.egg-info/dependency_links.txt
[1.552s] writing entry points to ../../../build/crazyflie_ros2_scan/crazyflie_ros2_scan.egg-info/entry_points.txt
[1.552s] writing requirements to ../../../build/crazyflie_ros2_scan/crazyflie_ros2_scan.egg-info/requires.txt
[1.552s] writing top-level names to ../../../build/crazyflie_ros2_scan/crazyflie_ros2_scan.egg-info/top_level.txt
[1.553s] writing manifest file '../../../build/crazyflie_ros2_scan/crazyflie_ros2_scan.egg-info/SOURCES.txt'
[1.586s] reading manifest file '../../../build/crazyflie_ros2_scan/crazyflie_ros2_scan.egg-info/SOURCES.txt'
[1.587s] writing manifest file '../../../build/crazyflie_ros2_scan/crazyflie_ros2_scan.egg-info/SOURCES.txt'
[1.587s] running build
[1.587s] running build_py
[1.587s] creating /home/nicxe/ros2_ws/build/crazyflie_ros2_scan/build
[1.587s] creating /home/nicxe/ros2_ws/build/crazyflie_ros2_scan/build/lib
[1.587s] creating /home/nicxe/ros2_ws/build/crazyflie_ros2_scan/build/lib/crazyflie_ros2_scan
[1.587s] copying crazyflie_ros2_scan/range_to_lidar.py -> /home/nicxe/ros2_ws/build/crazyflie_ros2_scan/build/lib/crazyflie_ros2_scan
[1.587s] copying crazyflie_ros2_scan/__init__.py -> /home/nicxe/ros2_ws/build/crazyflie_ros2_scan/build/lib/crazyflie_ros2_scan
[1.587s] running install
[1.590s] running install_lib
[1.590s] creating /home/nicxe/ros2_ws/install/crazyflie_ros2_scan/lib/python3.8/site-packages/crazyflie_ros2_scan
[1.590s] copying /home/nicxe/ros2_ws/build/crazyflie_ros2_scan/build/lib/crazyflie_ros2_scan/range_to_lidar.py -> /home/nicxe/ros2_ws/install/crazyflie_ros2_scan/lib/python3.8/site-packages/crazyflie_ros2_scan
[1.590s] copying /home/nicxe/ros2_ws/build/crazyflie_ros2_scan/build/lib/crazyflie_ros2_scan/__init__.py -> /home/nicxe/ros2_ws/install/crazyflie_ros2_scan/lib/python3.8/site-packages/crazyflie_ros2_scan
[1.590s] byte-compiling /home/nicxe/ros2_ws/install/crazyflie_ros2_scan/lib/python3.8/site-packages/crazyflie_ros2_scan/range_to_lidar.py to range_to_lidar.cpython-38.pyc
[1.591s] byte-compiling /home/nicxe/ros2_ws/install/crazyflie_ros2_scan/lib/python3.8/site-packages/crazyflie_ros2_scan/__init__.py to __init__.cpython-38.pyc
[1.591s] running install_data
[1.592s] creating /home/nicxe/ros2_ws/install/crazyflie_ros2_scan/share/ament_index
[1.592s] creating /home/nicxe/ros2_ws/install/crazyflie_ros2_scan/share/ament_index/resource_index
[1.592s] creating /home/nicxe/ros2_ws/install/crazyflie_ros2_scan/share/ament_index/resource_index/packages
[1.592s] copying resource/crazyflie_ros2_scan -> /home/nicxe/ros2_ws/install/crazyflie_ros2_scan/share/ament_index/resource_index/packages
[1.592s] copying package.xml -> /home/nicxe/ros2_ws/install/crazyflie_ros2_scan/share/crazyflie_ros2_scan
[1.592s] running install_egg_info
[1.594s] Copying ../../../build/crazyflie_ros2_scan/crazyflie_ros2_scan.egg-info to /home/nicxe/ros2_ws/install/crazyflie_ros2_scan/lib/python3.8/site-packages/crazyflie_ros2_scan-0.0.0-py3.8.egg-info
[1.595s] running install_scripts
[1.620s] Installing range_to_lidar script to /home/nicxe/ros2_ws/install/crazyflie_ros2_scan/lib/crazyflie_ros2_scan
[1.620s] writing list of installed files to '/home/nicxe/ros2_ws/build/crazyflie_ros2_scan/install.log'
[1.663s] Invoked command in '/home/nicxe/ros2_ws/src/crazyswarm2/crazyflie_ros2_scan' returned '0': PYTHONPATH=/home/nicxe/ros2_ws/build/crazyflie_ros2_scan/prefix_override:/home/nicxe/ros2_ws/install/crazyflie_ros2_scan/lib/python3.8/site-packages:${PYTHONPATH} /usr/bin/python3 setup.py egg_info --egg-base ../../../build/crazyflie_ros2_scan build --build-base /home/nicxe/ros2_ws/build/crazyflie_ros2_scan/build install --record /home/nicxe/ros2_ws/build/crazyflie_ros2_scan/install.log --single-version-externally-managed
