[0.619s] Invoking command in '/home/tdeng23/ros2_ws/build/crazyflie_py': CMAKE_PREFIX_PATH=/home/tdeng23/ros2_ws/install/crazyflie_interfaces:/home/tdeng23/ros2_ws/install/motion_capture_tracking:/home/tdeng23/ros2_ws/install/crazyflie:/home/tdeng23/ros2_ws/install/motion_capture_tracking_interfaces:/home/tdeng23/ros2_ws/install/crazyflie_sim:/home/tdeng23/ros2_ws/install/crazyflie_examples LD_LIBRARY_PATH=/home/tdeng23/ros2_ws/install/crazyflie_interfaces/lib:/home/tdeng23/ros2_ws/install/motion_capture_tracking_interfaces/lib:/opt/ros/galactic/opt/yaml_cpp_vendor/lib:/opt/ros/galactic/opt/rviz_ogre_vendor/lib:/opt/ros/galactic/lib/x86_64-linux-gnu:/opt/ros/galactic/lib PYTHONPATH=/home/tdeng23/ros2_ws/build/crazyflie_py/prefix_override:/home/tdeng23/ros2_ws/install/crazyflie_py/lib/python3.8/site-packages:/home/tdeng23/ros2_ws/install/crazyflie_interfaces/lib/python3.8/site-packages:/home/tdeng23/ros2_ws/install/motion_capture_tracking_interfaces/lib/python3.8/site-packages:/home/tdeng23/ros2_ws/install/crazyflie_sim/lib/python3.8/site-packages:/home/tdeng23/ros2_ws/install/crazyflie_examples/lib/python3.8/site-packages:/home/tdeng23/ros2_ws/build/crazyflie_py:/home/tdeng23/ros2_ws/install/crazyflie_py/lib/python3.8/site-packages:/opt/ros/galactic/lib/python3.8/site-packages /usr/bin/python3 setup.py develop --uninstall --editable --build-directory /home/tdeng23/ros2_ws/build/crazyflie_py/build
[0.853s] running develop
[0.984s] Removing /home/tdeng23/ros2_ws/install/crazyflie_py/lib/python3.8/site-packages/crazyflie-py.egg-link (link to .)
[1.009s] Invoked command in '/home/tdeng23/ros2_ws/build/crazyflie_py' returned '0': CMAKE_PREFIX_PATH=/home/tdeng23/ros2_ws/install/crazyflie_interfaces:/home/tdeng23/ros2_ws/install/motion_capture_tracking:/home/tdeng23/ros2_ws/install/crazyflie:/home/tdeng23/ros2_ws/install/motion_capture_tracking_interfaces:/home/tdeng23/ros2_ws/install/crazyflie_sim:/home/tdeng23/ros2_ws/install/crazyflie_examples LD_LIBRARY_PATH=/home/tdeng23/ros2_ws/install/crazyflie_interfaces/lib:/home/tdeng23/ros2_ws/install/motion_capture_tracking_interfaces/lib:/opt/ros/galactic/opt/yaml_cpp_vendor/lib:/opt/ros/galactic/opt/rviz_ogre_vendor/lib:/opt/ros/galactic/lib/x86_64-linux-gnu:/opt/ros/galactic/lib PYTHONPATH=/home/tdeng23/ros2_ws/build/crazyflie_py/prefix_override:/home/tdeng23/ros2_ws/install/crazyflie_py/lib/python3.8/site-packages:/home/tdeng23/ros2_ws/install/crazyflie_interfaces/lib/python3.8/site-packages:/home/tdeng23/ros2_ws/install/motion_capture_tracking_interfaces/lib/python3.8/site-packages:/home/tdeng23/ros2_ws/install/crazyflie_sim/lib/python3.8/site-packages:/home/tdeng23/ros2_ws/install/crazyflie_examples/lib/python3.8/site-packages:/home/tdeng23/ros2_ws/build/crazyflie_py:/home/tdeng23/ros2_ws/install/crazyflie_py/lib/python3.8/site-packages:/opt/ros/galactic/lib/python3.8/site-packages /usr/bin/python3 setup.py develop --uninstall --editable --build-directory /home/tdeng23/ros2_ws/build/crazyflie_py/build
[1.012s] Invoking command in '/home/tdeng23/ros2_ws/src/crazyswarm2/crazyflie_py': CMAKE_PREFIX_PATH=/home/tdeng23/ros2_ws/install/crazyflie_interfaces:/home/tdeng23/ros2_ws/install/motion_capture_tracking:/home/tdeng23/ros2_ws/install/crazyflie:/home/tdeng23/ros2_ws/install/motion_capture_tracking_interfaces:/home/tdeng23/ros2_ws/install/crazyflie_sim:/home/tdeng23/ros2_ws/install/crazyflie_examples LD_LIBRARY_PATH=/home/tdeng23/ros2_ws/install/crazyflie_interfaces/lib:/home/tdeng23/ros2_ws/install/motion_capture_tracking_interfaces/lib:/opt/ros/galactic/opt/yaml_cpp_vendor/lib:/opt/ros/galactic/opt/rviz_ogre_vendor/lib:/opt/ros/galactic/lib/x86_64-linux-gnu:/opt/ros/galactic/lib PYTHONPATH=/home/tdeng23/ros2_ws/build/crazyflie_py/prefix_override:/home/tdeng23/ros2_ws/install/crazyflie_py/lib/python3.8/site-packages:/home/tdeng23/ros2_ws/install/crazyflie_interfaces/lib/python3.8/site-packages:/home/tdeng23/ros2_ws/install/motion_capture_tracking_interfaces/lib/python3.8/site-packages:/home/tdeng23/ros2_ws/install/crazyflie_sim/lib/python3.8/site-packages:/home/tdeng23/ros2_ws/install/crazyflie_examples/lib/python3.8/site-packages:/home/tdeng23/ros2_ws/build/crazyflie_py:/home/tdeng23/ros2_ws/install/crazyflie_py/lib/python3.8/site-packages:/opt/ros/galactic/lib/python3.8/site-packages /usr/bin/python3 setup.py egg_info --egg-base ../../../build/crazyflie_py build --build-base /home/tdeng23/ros2_ws/build/crazyflie_py/build install --record /home/tdeng23/ros2_ws/build/crazyflie_py/install.log --single-version-externally-managed
[1.206s] running egg_info
[1.206s] writing ../../../build/crazyflie_py/crazyflie_py.egg-info/PKG-INFO
[1.207s] writing dependency_links to ../../../build/crazyflie_py/crazyflie_py.egg-info/dependency_links.txt
[1.207s] writing entry points to ../../../build/crazyflie_py/crazyflie_py.egg-info/entry_points.txt
[1.207s] writing requirements to ../../../build/crazyflie_py/crazyflie_py.egg-info/requires.txt
[1.207s] writing top-level names to ../../../build/crazyflie_py/crazyflie_py.egg-info/top_level.txt
[1.238s] reading manifest file '../../../build/crazyflie_py/crazyflie_py.egg-info/SOURCES.txt'
[1.238s] writing manifest file '../../../build/crazyflie_py/crazyflie_py.egg-info/SOURCES.txt'
[1.239s] running build
[1.239s] running build_py
[1.239s] creating /home/tdeng23/ros2_ws/build/crazyflie_py/build
[1.239s] creating /home/tdeng23/ros2_ws/build/crazyflie_py/build/lib
[1.239s] creating /home/tdeng23/ros2_ws/build/crazyflie_py/build/lib/crazyflie_py
[1.239s] copying crazyflie_py/crazyflie.py -> /home/tdeng23/ros2_ws/build/crazyflie_py/build/lib/crazyflie_py
[1.239s] copying crazyflie_py/genericJoystick.py -> /home/tdeng23/ros2_ws/build/crazyflie_py/build/lib/crazyflie_py
[1.239s] copying crazyflie_py/uav_trajectory.py -> /home/tdeng23/ros2_ws/build/crazyflie_py/build/lib/crazyflie_py
[1.239s] copying crazyflie_py/crazyswarm_py.py -> /home/tdeng23/ros2_ws/build/crazyflie_py/build/lib/crazyflie_py
[1.240s] copying crazyflie_py/util.py -> /home/tdeng23/ros2_ws/build/crazyflie_py/build/lib/crazyflie_py
[1.240s] copying crazyflie_py/joystick.py -> /home/tdeng23/ros2_ws/build/crazyflie_py/build/lib/crazyflie_py
[1.240s] copying crazyflie_py/linuxjsdev.py -> /home/tdeng23/ros2_ws/build/crazyflie_py/build/lib/crazyflie_py
[1.240s] copying crazyflie_py/keyboard.py -> /home/tdeng23/ros2_ws/build/crazyflie_py/build/lib/crazyflie_py
[1.240s] copying crazyflie_py/__init__.py -> /home/tdeng23/ros2_ws/build/crazyflie_py/build/lib/crazyflie_py
[1.240s] running install
[1.241s] running install_lib
[1.242s] creating /home/tdeng23/ros2_ws/install/crazyflie_py/lib/python3.8/site-packages/crazyflie_py
[1.242s] copying /home/tdeng23/ros2_ws/build/crazyflie_py/build/lib/crazyflie_py/crazyflie.py -> /home/tdeng23/ros2_ws/install/crazyflie_py/lib/python3.8/site-packages/crazyflie_py
[1.242s] copying /home/tdeng23/ros2_ws/build/crazyflie_py/build/lib/crazyflie_py/genericJoystick.py -> /home/tdeng23/ros2_ws/install/crazyflie_py/lib/python3.8/site-packages/crazyflie_py
[1.242s] copying /home/tdeng23/ros2_ws/build/crazyflie_py/build/lib/crazyflie_py/uav_trajectory.py -> /home/tdeng23/ros2_ws/install/crazyflie_py/lib/python3.8/site-packages/crazyflie_py
[1.242s] copying /home/tdeng23/ros2_ws/build/crazyflie_py/build/lib/crazyflie_py/crazyswarm_py.py -> /home/tdeng23/ros2_ws/install/crazyflie_py/lib/python3.8/site-packages/crazyflie_py
[1.242s] copying /home/tdeng23/ros2_ws/build/crazyflie_py/build/lib/crazyflie_py/util.py -> /home/tdeng23/ros2_ws/install/crazyflie_py/lib/python3.8/site-packages/crazyflie_py
[1.243s] copying /home/tdeng23/ros2_ws/build/crazyflie_py/build/lib/crazyflie_py/joystick.py -> /home/tdeng23/ros2_ws/install/crazyflie_py/lib/python3.8/site-packages/crazyflie_py
[1.243s] copying /home/tdeng23/ros2_ws/build/crazyflie_py/build/lib/crazyflie_py/linuxjsdev.py -> /home/tdeng23/ros2_ws/install/crazyflie_py/lib/python3.8/site-packages/crazyflie_py
[1.243s] copying /home/tdeng23/ros2_ws/build/crazyflie_py/build/lib/crazyflie_py/keyboard.py -> /home/tdeng23/ros2_ws/install/crazyflie_py/lib/python3.8/site-packages/crazyflie_py
[1.243s] copying /home/tdeng23/ros2_ws/build/crazyflie_py/build/lib/crazyflie_py/__init__.py -> /home/tdeng23/ros2_ws/install/crazyflie_py/lib/python3.8/site-packages/crazyflie_py
[1.243s] byte-compiling /home/tdeng23/ros2_ws/install/crazyflie_py/lib/python3.8/site-packages/crazyflie_py/crazyflie.py to crazyflie.cpython-38.pyc
[1.246s] byte-compiling /home/tdeng23/ros2_ws/install/crazyflie_py/lib/python3.8/site-packages/crazyflie_py/genericJoystick.py to genericJoystick.cpython-38.pyc
[1.247s] byte-compiling /home/tdeng23/ros2_ws/install/crazyflie_py/lib/python3.8/site-packages/crazyflie_py/uav_trajectory.py to uav_trajectory.cpython-38.pyc
[1.248s] byte-compiling /home/tdeng23/ros2_ws/install/crazyflie_py/lib/python3.8/site-packages/crazyflie_py/crazyswarm_py.py to crazyswarm_py.cpython-38.pyc
[1.248s] byte-compiling /home/tdeng23/ros2_ws/install/crazyflie_py/lib/python3.8/site-packages/crazyflie_py/util.py to util.cpython-38.pyc
[1.248s] byte-compiling /home/tdeng23/ros2_ws/install/crazyflie_py/lib/python3.8/site-packages/crazyflie_py/joystick.py to joystick.cpython-38.pyc
[1.248s] byte-compiling /home/tdeng23/ros2_ws/install/crazyflie_py/lib/python3.8/site-packages/crazyflie_py/linuxjsdev.py to linuxjsdev.cpython-38.pyc
[1.249s] byte-compiling /home/tdeng23/ros2_ws/install/crazyflie_py/lib/python3.8/site-packages/crazyflie_py/keyboard.py to keyboard.cpython-38.pyc
[1.250s] byte-compiling /home/tdeng23/ros2_ws/install/crazyflie_py/lib/python3.8/site-packages/crazyflie_py/__init__.py to __init__.cpython-38.pyc
[1.250s] running install_data
[1.250s] running install_egg_info
[1.252s] Copying ../../../build/crazyflie_py/crazyflie_py.egg-info to /home/tdeng23/ros2_ws/install/crazyflie_py/lib/python3.8/site-packages/crazyflie_py-2.0.0-py3.8.egg-info
[1.252s] running install_scripts
[1.267s] writing list of installed files to '/home/tdeng23/ros2_ws/build/crazyflie_py/install.log'
[1.289s] Invoked command in '/home/tdeng23/ros2_ws/src/crazyswarm2/crazyflie_py' returned '0': CMAKE_PREFIX_PATH=/home/tdeng23/ros2_ws/install/crazyflie_interfaces:/home/tdeng23/ros2_ws/install/motion_capture_tracking:/home/tdeng23/ros2_ws/install/crazyflie:/home/tdeng23/ros2_ws/install/motion_capture_tracking_interfaces:/home/tdeng23/ros2_ws/install/crazyflie_sim:/home/tdeng23/ros2_ws/install/crazyflie_examples LD_LIBRARY_PATH=/home/tdeng23/ros2_ws/install/crazyflie_interfaces/lib:/home/tdeng23/ros2_ws/install/motion_capture_tracking_interfaces/lib:/opt/ros/galactic/opt/yaml_cpp_vendor/lib:/opt/ros/galactic/opt/rviz_ogre_vendor/lib:/opt/ros/galactic/lib/x86_64-linux-gnu:/opt/ros/galactic/lib PYTHONPATH=/home/tdeng23/ros2_ws/build/crazyflie_py/prefix_override:/home/tdeng23/ros2_ws/install/crazyflie_py/lib/python3.8/site-packages:/home/tdeng23/ros2_ws/install/crazyflie_interfaces/lib/python3.8/site-packages:/home/tdeng23/ros2_ws/install/motion_capture_tracking_interfaces/lib/python3.8/site-packages:/home/tdeng23/ros2_ws/install/crazyflie_sim/lib/python3.8/site-packages:/home/tdeng23/ros2_ws/install/crazyflie_examples/lib/python3.8/site-packages:/home/tdeng23/ros2_ws/build/crazyflie_py:/home/tdeng23/ros2_ws/install/crazyflie_py/lib/python3.8/site-packages:/opt/ros/galactic/lib/python3.8/site-packages /usr/bin/python3 setup.py egg_info --egg-base ../../../build/crazyflie_py build --build-base /home/tdeng23/ros2_ws/build/crazyflie_py/build install --record /home/tdeng23/ros2_ws/build/crazyflie_py/install.log --single-version-externally-managed
