[0.017s] Invoking command in '/home/tdeng23/ros2_ws/build/crazyflie_examples': AMENT_PREFIX_PATH=/home/tdeng23/ros2_ws/install/crazyflie_py:/home/tdeng23/ros2_ws/install/my_package:/home/tdeng23/ros2_ws/install/motion_capture_tracking:/home/tdeng23/ros2_ws/install/crazyflie:/home/tdeng23/ros2_ws/install/motion_capture_tracking_interfaces:/home/tdeng23/ros2_ws/install/crazyflie_simulation:/home/tdeng23/ros2_ws/install/crazyflie_sim:/home/tdeng23/ros2_ws/install/crazyflie_ros2_slam:/home/tdeng23/ros2_ws/install/crazyflie_ros2_simulation:/home/tdeng23/ros2_ws/install/crazyflie_ros2_simple_mapper:/home/tdeng23/ros2_ws/install/crazyflie_ros2_scan:/home/tdeng23/ros2_ws/install/crazyflie_ros2_navigation:/home/tdeng23/ros2_ws/install/crazyflie_ros2_interfaces:/home/tdeng23/ros2_ws/install/crazyflie_ros2_description:/home/tdeng23/ros2_ws/install/crazyflie_ros2:/home/tdeng23/ros2_ws/install/crazyflie_examples:/home/tdeng23/ros2_ws/install/crazyflie_interfaces:/opt/ros/galactic CMAKE_PREFIX_PATH=/home/tdeng23/ros2_ws/install/crazyflie_interfaces:/home/tdeng23/ros2_ws/install/motion_capture_tracking:/home/tdeng23/ros2_ws/install/crazyflie:/home/tdeng23/ros2_ws/install/motion_capture_tracking_interfaces:/home/tdeng23/ros2_ws/install/crazyflie_sim:/home/tdeng23/ros2_ws/install/crazyflie_ros2_slam:/home/tdeng23/ros2_ws/install/crazyflie_ros2_navigation:/home/tdeng23/ros2_ws/install/crazyflie_ros2_interfaces:/home/tdeng23/ros2_ws/install/crazyflie_ros2_description:/home/tdeng23/ros2_ws/install/crazyflie_examples:/home/tdeng23/ros2_ws/install/my_package:/home/tdeng23/ros2_ws/install/crazyflie_simulation:/home/tdeng23/ros2_ws/install/crazyflie_ros2_simulation:/home/tdeng23/ros2_ws/install/crazyflie_ros2_simple_mapper:/home/tdeng23/ros2_ws/install/crazyflie_ros2_scan:/home/tdeng23/ros2_ws/install/crazyflie_ros2:/home/tdeng23/ros2_ws/install/crazyflie_py:/opt/ros/galactic LD_LIBRARY_PATH=/home/tdeng23/ros2_ws/install/crazyflie_interfaces/lib:/home/tdeng23/ros2_ws/install/motion_capture_tracking_interfaces/lib:/home/tdeng23/ros2_ws/install/crazyflie_ros2_interfaces/lib:/opt/ros/galactic/opt/yaml_cpp_vendor/lib:/opt/ros/galactic/opt/rviz_ogre_vendor/lib:/opt/ros/galactic/lib/x86_64-linux-gnu:/opt/ros/galactic/lib PYTHONPATH=/home/tdeng23/ros2_ws/install/crazyflie_py/lib/python3.8/site-packages:/home/tdeng23/ros2_ws/install/crazyflie_interfaces/lib/python3.8/site-packages:/home/tdeng23/ros2_ws/install/my_package/lib/python3.8/site-packages:/home/tdeng23/ros2_ws/install/motion_capture_tracking_interfaces/lib/python3.8/site-packages:/home/tdeng23/ros2_ws/install/crazyflie_simulation/lib/python3.8/site-packages:/home/tdeng23/ros2_ws/install/crazyflie_sim/lib/python3.8/site-packages:/home/tdeng23/ros2_ws/install/crazyflie_ros2_simulation/lib/python3.8/site-packages:/home/tdeng23/ros2_ws/install/crazyflie_ros2_simple_mapper/lib/python3.8/site-packages:/home/tdeng23/ros2_ws/install/crazyflie_ros2_scan/lib/python3.8/site-packages:/home/tdeng23/ros2_ws/install/crazyflie_ros2_interfaces/lib/python3.8/site-packages:/home/tdeng23/ros2_ws/install/crazyflie_ros2/lib/python3.8/site-packages:/home/tdeng23/ros2_ws/install/crazyflie_examples/lib/python3.8/site-packages:/opt/ros/galactic/lib/python3.8/site-packages /home/tdeng23/.local/bin/cmake --build /home/tdeng23/ros2_ws/build/crazyflie_examples -- -j8 -l8
[0.104s] Built target ament_cmake_python_symlink_crazyflie_examples_setup
[0.104s] Built target ament_cmake_python_symlink_crazyflie_examples
[0.317s] running install_scripts
[0.319s] running egg_info
[0.319s] writing crazyflie_examples.egg-info/PKG-INFO
[0.319s] writing dependency_links to crazyflie_examples.egg-info/dependency_links.txt
[0.320s] writing entry points to crazyflie_examples.egg-info/entry_points.txt
[0.320s] writing top-level names to crazyflie_examples.egg-info/top_level.txt
[0.337s] running egg_info
[0.338s] writing crazyflie_examples.egg-info/PKG-INFO
[0.338s] writing dependency_links to crazyflie_examples.egg-info/dependency_links.txt
[0.338s] writing entry points to crazyflie_examples.egg-info/entry_points.txt
[0.338s] writing top-level names to crazyflie_examples.egg-info/top_level.txt
[0.351s] reading manifest file 'crazyflie_examples.egg-info/SOURCES.txt'
[0.351s] writing manifest file 'crazyflie_examples.egg-info/SOURCES.txt'
[0.368s] reading manifest file 'crazyflie_examples.egg-info/SOURCES.txt'
[0.368s] writing manifest file 'crazyflie_examples.egg-info/SOURCES.txt'
[0.370s] Installing cmd_full_state script to scripts
[0.370s] Installing figure8 script to scripts
[0.370s] Installing hello_world script to scripts
[0.370s] Installing multi_trajectory script to scripts
[0.370s] Installing nice_hover script to scripts
[0.370s] Installing set_param script to scripts
[0.373s] Built target ament_cmake_python_build_crazyflie_examples_egg
[0.395s] Built target ament_cmake_python_build_crazyflie_examples_scripts
[0.408s] Invoked command in '/home/tdeng23/ros2_ws/build/crazyflie_examples' returned '0': AMENT_PREFIX_PATH=/home/tdeng23/ros2_ws/install/crazyflie_py:/home/tdeng23/ros2_ws/install/my_package:/home/tdeng23/ros2_ws/install/motion_capture_tracking:/home/tdeng23/ros2_ws/install/crazyflie:/home/tdeng23/ros2_ws/install/motion_capture_tracking_interfaces:/home/tdeng23/ros2_ws/install/crazyflie_simulation:/home/tdeng23/ros2_ws/install/crazyflie_sim:/home/tdeng23/ros2_ws/install/crazyflie_ros2_slam:/home/tdeng23/ros2_ws/install/crazyflie_ros2_simulation:/home/tdeng23/ros2_ws/install/crazyflie_ros2_simple_mapper:/home/tdeng23/ros2_ws/install/crazyflie_ros2_scan:/home/tdeng23/ros2_ws/install/crazyflie_ros2_navigation:/home/tdeng23/ros2_ws/install/crazyflie_ros2_interfaces:/home/tdeng23/ros2_ws/install/crazyflie_ros2_description:/home/tdeng23/ros2_ws/install/crazyflie_ros2:/home/tdeng23/ros2_ws/install/crazyflie_examples:/home/tdeng23/ros2_ws/install/crazyflie_interfaces:/opt/ros/galactic CMAKE_PREFIX_PATH=/home/tdeng23/ros2_ws/install/crazyflie_interfaces:/home/tdeng23/ros2_ws/install/motion_capture_tracking:/home/tdeng23/ros2_ws/install/crazyflie:/home/tdeng23/ros2_ws/install/motion_capture_tracking_interfaces:/home/tdeng23/ros2_ws/install/crazyflie_sim:/home/tdeng23/ros2_ws/install/crazyflie_ros2_slam:/home/tdeng23/ros2_ws/install/crazyflie_ros2_navigation:/home/tdeng23/ros2_ws/install/crazyflie_ros2_interfaces:/home/tdeng23/ros2_ws/install/crazyflie_ros2_description:/home/tdeng23/ros2_ws/install/crazyflie_examples:/home/tdeng23/ros2_ws/install/my_package:/home/tdeng23/ros2_ws/install/crazyflie_simulation:/home/tdeng23/ros2_ws/install/crazyflie_ros2_simulation:/home/tdeng23/ros2_ws/install/crazyflie_ros2_simple_mapper:/home/tdeng23/ros2_ws/install/crazyflie_ros2_scan:/home/tdeng23/ros2_ws/install/crazyflie_ros2:/home/tdeng23/ros2_ws/install/crazyflie_py:/opt/ros/galactic LD_LIBRARY_PATH=/home/tdeng23/ros2_ws/install/crazyflie_interfaces/lib:/home/tdeng23/ros2_ws/install/motion_capture_tracking_interfaces/lib:/home/tdeng23/ros2_ws/install/crazyflie_ros2_interfaces/lib:/opt/ros/galactic/opt/yaml_cpp_vendor/lib:/opt/ros/galactic/opt/rviz_ogre_vendor/lib:/opt/ros/galactic/lib/x86_64-linux-gnu:/opt/ros/galactic/lib PYTHONPATH=/home/tdeng23/ros2_ws/install/crazyflie_py/lib/python3.8/site-packages:/home/tdeng23/ros2_ws/install/crazyflie_interfaces/lib/python3.8/site-packages:/home/tdeng23/ros2_ws/install/my_package/lib/python3.8/site-packages:/home/tdeng23/ros2_ws/install/motion_capture_tracking_interfaces/lib/python3.8/site-packages:/home/tdeng23/ros2_ws/install/crazyflie_simulation/lib/python3.8/site-packages:/home/tdeng23/ros2_ws/install/crazyflie_sim/lib/python3.8/site-packages:/home/tdeng23/ros2_ws/install/crazyflie_ros2_simulation/lib/python3.8/site-packages:/home/tdeng23/ros2_ws/install/crazyflie_ros2_simple_mapper/lib/python3.8/site-packages:/home/tdeng23/ros2_ws/install/crazyflie_ros2_scan/lib/python3.8/site-packages:/home/tdeng23/ros2_ws/install/crazyflie_ros2_interfaces/lib/python3.8/site-packages:/home/tdeng23/ros2_ws/install/crazyflie_ros2/lib/python3.8/site-packages:/home/tdeng23/ros2_ws/install/crazyflie_examples/lib/python3.8/site-packages:/opt/ros/galactic/lib/python3.8/site-packages /home/tdeng23/.local/bin/cmake --build /home/tdeng23/ros2_ws/build/crazyflie_examples -- -j8 -l8
[0.481s] Invoking command in '/home/tdeng23/ros2_ws/build/crazyflie_examples': AMENT_PREFIX_PATH=/home/tdeng23/ros2_ws/install/crazyflie_py:/home/tdeng23/ros2_ws/install/my_package:/home/tdeng23/ros2_ws/install/motion_capture_tracking:/home/tdeng23/ros2_ws/install/crazyflie:/home/tdeng23/ros2_ws/install/motion_capture_tracking_interfaces:/home/tdeng23/ros2_ws/install/crazyflie_simulation:/home/tdeng23/ros2_ws/install/crazyflie_sim:/home/tdeng23/ros2_ws/install/crazyflie_ros2_slam:/home/tdeng23/ros2_ws/install/crazyflie_ros2_simulation:/home/tdeng23/ros2_ws/install/crazyflie_ros2_simple_mapper:/home/tdeng23/ros2_ws/install/crazyflie_ros2_scan:/home/tdeng23/ros2_ws/install/crazyflie_ros2_navigation:/home/tdeng23/ros2_ws/install/crazyflie_ros2_interfaces:/home/tdeng23/ros2_ws/install/crazyflie_ros2_description:/home/tdeng23/ros2_ws/install/crazyflie_ros2:/home/tdeng23/ros2_ws/install/crazyflie_examples:/home/tdeng23/ros2_ws/install/crazyflie_interfaces:/opt/ros/galactic CMAKE_PREFIX_PATH=/home/tdeng23/ros2_ws/install/crazyflie_interfaces:/home/tdeng23/ros2_ws/install/motion_capture_tracking:/home/tdeng23/ros2_ws/install/crazyflie:/home/tdeng23/ros2_ws/install/motion_capture_tracking_interfaces:/home/tdeng23/ros2_ws/install/crazyflie_sim:/home/tdeng23/ros2_ws/install/crazyflie_ros2_slam:/home/tdeng23/ros2_ws/install/crazyflie_ros2_navigation:/home/tdeng23/ros2_ws/install/crazyflie_ros2_interfaces:/home/tdeng23/ros2_ws/install/crazyflie_ros2_description:/home/tdeng23/ros2_ws/install/crazyflie_examples:/home/tdeng23/ros2_ws/install/my_package:/home/tdeng23/ros2_ws/install/crazyflie_simulation:/home/tdeng23/ros2_ws/install/crazyflie_ros2_simulation:/home/tdeng23/ros2_ws/install/crazyflie_ros2_simple_mapper:/home/tdeng23/ros2_ws/install/crazyflie_ros2_scan:/home/tdeng23/ros2_ws/install/crazyflie_ros2:/home/tdeng23/ros2_ws/install/crazyflie_py:/opt/ros/galactic LD_LIBRARY_PATH=/home/tdeng23/ros2_ws/install/crazyflie_interfaces/lib:/home/tdeng23/ros2_ws/install/motion_capture_tracking_interfaces/lib:/home/tdeng23/ros2_ws/install/crazyflie_ros2_interfaces/lib:/opt/ros/galactic/opt/yaml_cpp_vendor/lib:/opt/ros/galactic/opt/rviz_ogre_vendor/lib:/opt/ros/galactic/lib/x86_64-linux-gnu:/opt/ros/galactic/lib PYTHONPATH=/home/tdeng23/ros2_ws/install/crazyflie_py/lib/python3.8/site-packages:/home/tdeng23/ros2_ws/install/crazyflie_interfaces/lib/python3.8/site-packages:/home/tdeng23/ros2_ws/install/my_package/lib/python3.8/site-packages:/home/tdeng23/ros2_ws/install/motion_capture_tracking_interfaces/lib/python3.8/site-packages:/home/tdeng23/ros2_ws/install/crazyflie_simulation/lib/python3.8/site-packages:/home/tdeng23/ros2_ws/install/crazyflie_sim/lib/python3.8/site-packages:/home/tdeng23/ros2_ws/install/crazyflie_ros2_simulation/lib/python3.8/site-packages:/home/tdeng23/ros2_ws/install/crazyflie_ros2_simple_mapper/lib/python3.8/site-packages:/home/tdeng23/ros2_ws/install/crazyflie_ros2_scan/lib/python3.8/site-packages:/home/tdeng23/ros2_ws/install/crazyflie_ros2_interfaces/lib/python3.8/site-packages:/home/tdeng23/ros2_ws/install/crazyflie_ros2/lib/python3.8/site-packages:/home/tdeng23/ros2_ws/install/crazyflie_examples/lib/python3.8/site-packages:/opt/ros/galactic/lib/python3.8/site-packages /home/tdeng23/.local/bin/cmake --install /home/tdeng23/ros2_ws/build/crazyflie_examples
[0.531s] -- Install configuration: ""
[0.532s] -- Execute custom install script
[0.532s] -- Up-to-date symlink: /home/tdeng23/ros2_ws/install/crazyflie_examples/share/crazyflie_examples/environment/pythonpath.sh
[0.532s] -- Up-to-date symlink: /home/tdeng23/ros2_ws/install/crazyflie_examples/share/crazyflie_examples/environment/pythonpath.dsv
[0.533s] -- Up-to-date symlink: /home/tdeng23/ros2_ws/install/crazyflie_examples/lib/python3.8/site-packages//crazyflie_examples.egg-info/PKG-INFO
[0.533s] -- Up-to-date symlink: /home/tdeng23/ros2_ws/install/crazyflie_examples/lib/python3.8/site-packages//crazyflie_examples.egg-info/SOURCES.txt
[0.533s] -- Up-to-date symlink: /home/tdeng23/ros2_ws/install/crazyflie_examples/lib/python3.8/site-packages//crazyflie_examples.egg-info/dependency_links.txt
[0.533s] -- Up-to-date symlink: /home/tdeng23/ros2_ws/install/crazyflie_examples/lib/python3.8/site-packages//crazyflie_examples.egg-info/entry_points.txt
[0.533s] -- Up-to-date symlink: /home/tdeng23/ros2_ws/install/crazyflie_examples/lib/python3.8/site-packages//crazyflie_examples.egg-info/top_level.txt
[0.534s] -- Up-to-date symlink: /home/tdeng23/ros2_ws/install/crazyflie_examples/lib/crazyflie_examples//cmd_full_state
[0.534s] -- Up-to-date symlink: /home/tdeng23/ros2_ws/install/crazyflie_examples/lib/crazyflie_examples//figure8
[0.534s] -- Up-to-date symlink: /home/tdeng23/ros2_ws/install/crazyflie_examples/lib/crazyflie_examples//hello_world
[0.534s] -- Up-to-date symlink: /home/tdeng23/ros2_ws/install/crazyflie_examples/lib/crazyflie_examples//multi_trajectory
[0.534s] -- Up-to-date symlink: /home/tdeng23/ros2_ws/install/crazyflie_examples/lib/crazyflie_examples//nice_hover
[0.534s] -- Up-to-date symlink: /home/tdeng23/ros2_ws/install/crazyflie_examples/lib/crazyflie_examples//set_param
[0.535s] -- Up-to-date symlink: /home/tdeng23/ros2_ws/install/crazyflie_examples/lib/python3.8/site-packages/crazyflie_examples/__init__.py
[0.535s] -- Up-to-date symlink: /home/tdeng23/ros2_ws/install/crazyflie_examples/lib/python3.8/site-packages/crazyflie_examples/cmd_full_state.py
[0.536s] -- Up-to-date symlink: /home/tdeng23/ros2_ws/install/crazyflie_examples/lib/python3.8/site-packages/crazyflie_examples/data/figure8.csv
[0.536s] -- Up-to-date symlink: /home/tdeng23/ros2_ws/install/crazyflie_examples/lib/python3.8/site-packages/crazyflie_examples/data/multi_trajectory/traj0.csv
[0.536s] -- Up-to-date symlink: /home/tdeng23/ros2_ws/install/crazyflie_examples/lib/python3.8/site-packages/crazyflie_examples/data/multi_trajectory/traj1.csv
[0.536s] -- Up-to-date symlink: /home/tdeng23/ros2_ws/install/crazyflie_examples/lib/python3.8/site-packages/crazyflie_examples/figure8.py
[0.536s] -- Up-to-date symlink: /home/tdeng23/ros2_ws/install/crazyflie_examples/lib/python3.8/site-packages/crazyflie_examples/hello_world.py
[0.536s] -- Up-to-date symlink: /home/tdeng23/ros2_ws/install/crazyflie_examples/lib/python3.8/site-packages/crazyflie_examples/multi_trajectory.py
[0.536s] -- Up-to-date symlink: /home/tdeng23/ros2_ws/install/crazyflie_examples/lib/python3.8/site-packages/crazyflie_examples/nice_hover.py
[0.536s] -- Up-to-date symlink: /home/tdeng23/ros2_ws/install/crazyflie_examples/lib/python3.8/site-packages/crazyflie_examples/set_param.py
[0.537s] -- Up-to-date symlink: /home/tdeng23/ros2_ws/install/crazyflie_examples/share/crazyflie_examples//config/nav2_params.yaml
[0.537s] -- Up-to-date symlink: /home/tdeng23/ros2_ws/install/crazyflie_examples/share/crazyflie_examples//config/nav2_view.rviz
[0.537s] -- Up-to-date symlink: /home/tdeng23/ros2_ws/install/crazyflie_examples/share/crazyflie_examples//data/map.data
[0.537s] -- Up-to-date symlink: /home/tdeng23/ros2_ws/install/crazyflie_examples/share/crazyflie_examples//data/map.pgm
[0.538s] -- Up-to-date symlink: /home/tdeng23/ros2_ws/install/crazyflie_examples/share/crazyflie_examples//data/map.posegraph
[0.538s] -- Up-to-date symlink: /home/tdeng23/ros2_ws/install/crazyflie_examples/share/crazyflie_examples//data/map.yaml
[0.538s] -- Up-to-date symlink: /home/tdeng23/ros2_ws/install/crazyflie_examples/share/crazyflie_examples//launch/keyboard_velmux_launch.py
[0.538s] -- Up-to-date symlink: /home/tdeng23/ros2_ws/install/crazyflie_examples/share/crazyflie_examples//launch/multiranger_mapping_launch.py
[0.538s] -- Up-to-date symlink: /home/tdeng23/ros2_ws/install/crazyflie_examples/share/crazyflie_examples//launch/multiranger_nav2_launch.py
[0.538s] -- Up-to-date symlink: /home/tdeng23/ros2_ws/install/crazyflie_examples/share/ament_index/resource_index/package_run_dependencies/crazyflie_examples
[0.539s] -- Up-to-date symlink: /home/tdeng23/ros2_ws/install/crazyflie_examples/share/ament_index/resource_index/parent_prefix_path/crazyflie_examples
[0.539s] -- Up-to-date symlink: /home/tdeng23/ros2_ws/install/crazyflie_examples/share/crazyflie_examples/environment/ament_prefix_path.sh
[0.539s] -- Up-to-date symlink: /home/tdeng23/ros2_ws/install/crazyflie_examples/share/crazyflie_examples/environment/ament_prefix_path.dsv
[0.539s] -- Up-to-date symlink: /home/tdeng23/ros2_ws/install/crazyflie_examples/share/crazyflie_examples/environment/path.sh
[0.539s] -- Up-to-date symlink: /home/tdeng23/ros2_ws/install/crazyflie_examples/share/crazyflie_examples/environment/path.dsv
[0.540s] -- Up-to-date symlink: /home/tdeng23/ros2_ws/install/crazyflie_examples/share/crazyflie_examples/local_setup.bash
[0.540s] -- Up-to-date symlink: /home/tdeng23/ros2_ws/install/crazyflie_examples/share/crazyflie_examples/local_setup.sh
[0.540s] -- Up-to-date symlink: /home/tdeng23/ros2_ws/install/crazyflie_examples/share/crazyflie_examples/local_setup.zsh
[0.540s] -- Up-to-date symlink: /home/tdeng23/ros2_ws/install/crazyflie_examples/share/crazyflie_examples/local_setup.dsv
[0.540s] -- Symlinking: /home/tdeng23/ros2_ws/install/crazyflie_examples/share/crazyflie_examples/package.dsv
[0.548s] -- Up-to-date symlink: /home/tdeng23/ros2_ws/install/crazyflie_examples/share/ament_index/resource_index/packages/crazyflie_examples
[0.548s] -- Up-to-date symlink: /home/tdeng23/ros2_ws/install/crazyflie_examples/share/crazyflie_examples/cmake/crazyflie_examplesConfig.cmake
[0.548s] -- Up-to-date symlink: /home/tdeng23/ros2_ws/install/crazyflie_examples/share/crazyflie_examples/cmake/crazyflie_examplesConfig-version.cmake
[0.548s] -- Up-to-date symlink: /home/tdeng23/ros2_ws/install/crazyflie_examples/share/crazyflie_examples/package.xml
[0.597s] Listing '/home/tdeng23/ros2_ws/install/crazyflie_examples/lib/python3.8/site-packages/crazyflie_examples'...
[0.597s] Listing '/home/tdeng23/ros2_ws/install/crazyflie_examples/lib/python3.8/site-packages/crazyflie_examples/data'...
[0.598s] Listing '/home/tdeng23/ros2_ws/install/crazyflie_examples/lib/python3.8/site-packages/crazyflie_examples/data/multi_trajectory'...
[0.608s] Invoked command in '/home/tdeng23/ros2_ws/build/crazyflie_examples' returned '0': AMENT_PREFIX_PATH=/home/tdeng23/ros2_ws/install/crazyflie_py:/home/tdeng23/ros2_ws/install/my_package:/home/tdeng23/ros2_ws/install/motion_capture_tracking:/home/tdeng23/ros2_ws/install/crazyflie:/home/tdeng23/ros2_ws/install/motion_capture_tracking_interfaces:/home/tdeng23/ros2_ws/install/crazyflie_simulation:/home/tdeng23/ros2_ws/install/crazyflie_sim:/home/tdeng23/ros2_ws/install/crazyflie_ros2_slam:/home/tdeng23/ros2_ws/install/crazyflie_ros2_simulation:/home/tdeng23/ros2_ws/install/crazyflie_ros2_simple_mapper:/home/tdeng23/ros2_ws/install/crazyflie_ros2_scan:/home/tdeng23/ros2_ws/install/crazyflie_ros2_navigation:/home/tdeng23/ros2_ws/install/crazyflie_ros2_interfaces:/home/tdeng23/ros2_ws/install/crazyflie_ros2_description:/home/tdeng23/ros2_ws/install/crazyflie_ros2:/home/tdeng23/ros2_ws/install/crazyflie_examples:/home/tdeng23/ros2_ws/install/crazyflie_interfaces:/opt/ros/galactic CMAKE_PREFIX_PATH=/home/tdeng23/ros2_ws/install/crazyflie_interfaces:/home/tdeng23/ros2_ws/install/motion_capture_tracking:/home/tdeng23/ros2_ws/install/crazyflie:/home/tdeng23/ros2_ws/install/motion_capture_tracking_interfaces:/home/tdeng23/ros2_ws/install/crazyflie_sim:/home/tdeng23/ros2_ws/install/crazyflie_ros2_slam:/home/tdeng23/ros2_ws/install/crazyflie_ros2_navigation:/home/tdeng23/ros2_ws/install/crazyflie_ros2_interfaces:/home/tdeng23/ros2_ws/install/crazyflie_ros2_description:/home/tdeng23/ros2_ws/install/crazyflie_examples:/home/tdeng23/ros2_ws/install/my_package:/home/tdeng23/ros2_ws/install/crazyflie_simulation:/home/tdeng23/ros2_ws/install/crazyflie_ros2_simulation:/home/tdeng23/ros2_ws/install/crazyflie_ros2_simple_mapper:/home/tdeng23/ros2_ws/install/crazyflie_ros2_scan:/home/tdeng23/ros2_ws/install/crazyflie_ros2:/home/tdeng23/ros2_ws/install/crazyflie_py:/opt/ros/galactic LD_LIBRARY_PATH=/home/tdeng23/ros2_ws/install/crazyflie_interfaces/lib:/home/tdeng23/ros2_ws/install/motion_capture_tracking_interfaces/lib:/home/tdeng23/ros2_ws/install/crazyflie_ros2_interfaces/lib:/opt/ros/galactic/opt/yaml_cpp_vendor/lib:/opt/ros/galactic/opt/rviz_ogre_vendor/lib:/opt/ros/galactic/lib/x86_64-linux-gnu:/opt/ros/galactic/lib PYTHONPATH=/home/tdeng23/ros2_ws/install/crazyflie_py/lib/python3.8/site-packages:/home/tdeng23/ros2_ws/install/crazyflie_interfaces/lib/python3.8/site-packages:/home/tdeng23/ros2_ws/install/my_package/lib/python3.8/site-packages:/home/tdeng23/ros2_ws/install/motion_capture_tracking_interfaces/lib/python3.8/site-packages:/home/tdeng23/ros2_ws/install/crazyflie_simulation/lib/python3.8/site-packages:/home/tdeng23/ros2_ws/install/crazyflie_sim/lib/python3.8/site-packages:/home/tdeng23/ros2_ws/install/crazyflie_ros2_simulation/lib/python3.8/site-packages:/home/tdeng23/ros2_ws/install/crazyflie_ros2_simple_mapper/lib/python3.8/site-packages:/home/tdeng23/ros2_ws/install/crazyflie_ros2_scan/lib/python3.8/site-packages:/home/tdeng23/ros2_ws/install/crazyflie_ros2_interfaces/lib/python3.8/site-packages:/home/tdeng23/ros2_ws/install/crazyflie_ros2/lib/python3.8/site-packages:/home/tdeng23/ros2_ws/install/crazyflie_examples/lib/python3.8/site-packages:/opt/ros/galactic/lib/python3.8/site-packages /home/tdeng23/.local/bin/cmake --install /home/tdeng23/ros2_ws/build/crazyflie_examples
