running egg_info
creating ../../../build/crazyflie_ros2_simulation/crazyflie_ros2_simulation.egg-info
writing ../../../build/crazyflie_ros2_simulation/crazyflie_ros2_simulation.egg-info/PKG-INFO
writing dependency_links to ../../../build/crazyflie_ros2_simulation/crazyflie_ros2_simulation.egg-info/dependency_links.txt
writing entry points to ../../../build/crazyflie_ros2_simulation/crazyflie_ros2_simulation.egg-info/entry_points.txt
writing requirements to ../../../build/crazyflie_ros2_simulation/crazyflie_ros2_simulation.egg-info/requires.txt
writing top-level names to ../../../build/crazyflie_ros2_simulation/crazyflie_ros2_simulation.egg-info/top_level.txt
writing manifest file '../../../build/crazyflie_ros2_simulation/crazyflie_ros2_simulation.egg-info/SOURCES.txt'
reading manifest file '../../../build/crazyflie_ros2_simulation/crazyflie_ros2_simulation.egg-info/SOURCES.txt'
writing manifest file '../../../build/crazyflie_ros2_simulation/crazyflie_ros2_simulation.egg-info/SOURCES.txt'
running build
running build_py
creating /home/tdeng23/ros2_ws/build/crazyflie_ros2_simulation/build
creating /home/tdeng23/ros2_ws/build/crazyflie_ros2_simulation/build/lib
creating /home/tdeng23/ros2_ws/build/crazyflie_ros2_simulation/build/lib/crazyflie_ros2_simulation
copying crazyflie_ros2_simulation/crazyflie_webots_driver.py -> /home/tdeng23/ros2_ws/build/crazyflie_ros2_simulation/build/lib/crazyflie_ros2_simulation
copying crazyflie_ros2_simulation/__init__.py -> /home/tdeng23/ros2_ws/build/crazyflie_ros2_simulation/build/lib/crazyflie_ros2_simulation
running install
running install_lib
creating /home/tdeng23/ros2_ws/install/crazyflie_ros2_simulation/lib/python3.8/site-packages/crazyflie_ros2_simulation
copying /home/tdeng23/ros2_ws/build/crazyflie_ros2_simulation/build/lib/crazyflie_ros2_simulation/crazyflie_webots_driver.py -> /home/tdeng23/ros2_ws/install/crazyflie_ros2_simulation/lib/python3.8/site-packages/crazyflie_ros2_simulation
copying /home/tdeng23/ros2_ws/build/crazyflie_ros2_simulation/build/lib/crazyflie_ros2_simulation/__init__.py -> /home/tdeng23/ros2_ws/install/crazyflie_ros2_simulation/lib/python3.8/site-packages/crazyflie_ros2_simulation
byte-compiling /home/tdeng23/ros2_ws/install/crazyflie_ros2_simulation/lib/python3.8/site-packages/crazyflie_ros2_simulation/crazyflie_webots_driver.py to crazyflie_webots_driver.cpython-38.pyc
byte-compiling /home/tdeng23/ros2_ws/install/crazyflie_ros2_simulation/lib/python3.8/site-packages/crazyflie_ros2_simulation/__init__.py to __init__.cpython-38.pyc
running install_data
copying package.xml -> /home/tdeng23/ros2_ws/install/crazyflie_ros2_simulation/share/crazyflie_ros2_simulation
creating /home/tdeng23/ros2_ws/install/crazyflie_ros2_simulation/share/crazyflie_ros2_simulation/resource
copying resource/crazyflie.urdf -> /home/tdeng23/ros2_ws/install/crazyflie_ros2_simulation/share/crazyflie_ros2_simulation/resource/
copying resource/crazyflie_ros2_simulation -> /home/tdeng23/ros2_ws/install/crazyflie_ros2_simulation/share/crazyflie_ros2_simulation/resource/
creating /home/tdeng23/ros2_ws/install/crazyflie_ros2_simulation/share/crazyflie_ros2_simulation/launch
copying launch/robot_launch.py -> /home/tdeng23/ros2_ws/install/crazyflie_ros2_simulation/share/crazyflie_ros2_simulation/launch/
creating /home/tdeng23/ros2_ws/install/crazyflie_ros2_simulation/share/crazyflie_ros2_simulation/worlds
copying worlds/crazyflie_apartment.wbt -> /home/tdeng23/ros2_ws/install/crazyflie_ros2_simulation/share/crazyflie_ros2_simulation/worlds/
copying worlds/crazyflie.wbt -> /home/tdeng23/ros2_ws/install/crazyflie_ros2_simulation/share/crazyflie_ros2_simulation/worlds/
creating /home/tdeng23/ros2_ws/install/crazyflie_ros2_simulation/share/crazyflie_ros2_simulation/worlds/meshes
copying worlds/meshes/cw_prop.stl -> /home/tdeng23/ros2_ws/install/crazyflie_ros2_simulation/share/crazyflie_ros2_simulation/worlds/meshes
copying worlds/meshes/2_pinheaders.stl -> /home/tdeng23/ros2_ws/install/crazyflie_ros2_simulation/share/crazyflie_ros2_simulation/worlds/meshes
copying worlds/meshes/ccw_prop.stl -> /home/tdeng23/ros2_ws/install/crazyflie_ros2_simulation/share/crazyflie_ros2_simulation/worlds/meshes
copying worlds/meshes/4_motors.stl -> /home/tdeng23/ros2_ws/install/crazyflie_ros2_simulation/share/crazyflie_ros2_simulation/worlds/meshes
copying worlds/meshes/battery.stl -> /home/tdeng23/ros2_ws/install/crazyflie_ros2_simulation/share/crazyflie_ros2_simulation/worlds/meshes
copying worlds/meshes/4_motormounts.stl -> /home/tdeng23/ros2_ws/install/crazyflie_ros2_simulation/share/crazyflie_ros2_simulation/worlds/meshes
copying worlds/meshes/battery_holder.stl -> /home/tdeng23/ros2_ws/install/crazyflie_ros2_simulation/share/crazyflie_ros2_simulation/worlds/meshes
copying worlds/meshes/cf_body.stl -> /home/tdeng23/ros2_ws/install/crazyflie_ros2_simulation/share/crazyflie_ros2_simulation/worlds/meshes
copying worlds/meshes/cf2_assembly.stl -> /home/tdeng23/ros2_ws/install/crazyflie_ros2_simulation/share/crazyflie_ros2_simulation/worlds/meshes
running install_egg_info
Copying ../../../build/crazyflie_ros2_simulation/crazyflie_ros2_simulation.egg-info to /home/tdeng23/ros2_ws/install/crazyflie_ros2_simulation/lib/python3.8/site-packages/crazyflie_ros2_simulation-0.0.0-py3.8.egg-info
running install_scripts
Installing crazyflie_webots_driver script to /home/tdeng23/ros2_ws/install/crazyflie_ros2_simulation/lib/crazyflie_ros2_simulation
writing list of installed files to '/home/tdeng23/ros2_ws/build/crazyflie_ros2_simulation/install.log'
