[1.127s] Invoking command in '/home/tdeng23/ros2_ws/src/crazyswarm2/crazyflie_ros2_simulation': PYTHONPATH=/home/tdeng23/ros2_ws/build/crazyflie_ros2_simulation/prefix_override:/home/tdeng23/ros2_ws/install/crazyflie_ros2_simulation/lib/python3.8/site-packages:${PYTHONPATH} /usr/bin/python3 setup.py egg_info --egg-base ../../../build/crazyflie_ros2_simulation build --build-base /home/tdeng23/ros2_ws/build/crazyflie_ros2_simulation/build install --record /home/tdeng23/ros2_ws/build/crazyflie_ros2_simulation/install.log --single-version-externally-managed
[1.476s] running egg_info
[1.477s] creating ../../../build/crazyflie_ros2_simulation/crazyflie_ros2_simulation.egg-info
[1.477s] writing ../../../build/crazyflie_ros2_simulation/crazyflie_ros2_simulation.egg-info/PKG-INFO
[1.477s] writing dependency_links to ../../../build/crazyflie_ros2_simulation/crazyflie_ros2_simulation.egg-info/dependency_links.txt
[1.478s] writing entry points to ../../../build/crazyflie_ros2_simulation/crazyflie_ros2_simulation.egg-info/entry_points.txt
[1.478s] writing requirements to ../../../build/crazyflie_ros2_simulation/crazyflie_ros2_simulation.egg-info/requires.txt
[1.478s] writing top-level names to ../../../build/crazyflie_ros2_simulation/crazyflie_ros2_simulation.egg-info/top_level.txt
[1.479s] writing manifest file '../../../build/crazyflie_ros2_simulation/crazyflie_ros2_simulation.egg-info/SOURCES.txt'
[1.514s] reading manifest file '../../../build/crazyflie_ros2_simulation/crazyflie_ros2_simulation.egg-info/SOURCES.txt'
[1.515s] writing manifest file '../../../build/crazyflie_ros2_simulation/crazyflie_ros2_simulation.egg-info/SOURCES.txt'
[1.515s] running build
[1.515s] running build_py
[1.515s] creating /home/tdeng23/ros2_ws/build/crazyflie_ros2_simulation/build
[1.515s] creating /home/tdeng23/ros2_ws/build/crazyflie_ros2_simulation/build/lib
[1.515s] creating /home/tdeng23/ros2_ws/build/crazyflie_ros2_simulation/build/lib/crazyflie_ros2_simulation
[1.515s] copying crazyflie_ros2_simulation/crazyflie_webots_driver.py -> /home/tdeng23/ros2_ws/build/crazyflie_ros2_simulation/build/lib/crazyflie_ros2_simulation
[1.516s] copying crazyflie_ros2_simulation/__init__.py -> /home/tdeng23/ros2_ws/build/crazyflie_ros2_simulation/build/lib/crazyflie_ros2_simulation
[1.516s] running install
[1.516s] running install_lib
[1.517s] creating /home/tdeng23/ros2_ws/install/crazyflie_ros2_simulation/lib/python3.8/site-packages/crazyflie_ros2_simulation
[1.517s] copying /home/tdeng23/ros2_ws/build/crazyflie_ros2_simulation/build/lib/crazyflie_ros2_simulation/crazyflie_webots_driver.py -> /home/tdeng23/ros2_ws/install/crazyflie_ros2_simulation/lib/python3.8/site-packages/crazyflie_ros2_simulation
[1.518s] copying /home/tdeng23/ros2_ws/build/crazyflie_ros2_simulation/build/lib/crazyflie_ros2_simulation/__init__.py -> /home/tdeng23/ros2_ws/install/crazyflie_ros2_simulation/lib/python3.8/site-packages/crazyflie_ros2_simulation
[1.518s] byte-compiling /home/tdeng23/ros2_ws/install/crazyflie_ros2_simulation/lib/python3.8/site-packages/crazyflie_ros2_simulation/crazyflie_webots_driver.py to crazyflie_webots_driver.cpython-38.pyc
[1.520s] byte-compiling /home/tdeng23/ros2_ws/install/crazyflie_ros2_simulation/lib/python3.8/site-packages/crazyflie_ros2_simulation/__init__.py to __init__.cpython-38.pyc
[1.521s] running install_data
[1.521s] copying package.xml -> /home/tdeng23/ros2_ws/install/crazyflie_ros2_simulation/share/crazyflie_ros2_simulation
[1.521s] creating /home/tdeng23/ros2_ws/install/crazyflie_ros2_simulation/share/crazyflie_ros2_simulation/resource
[1.522s] copying resource/crazyflie.urdf -> /home/tdeng23/ros2_ws/install/crazyflie_ros2_simulation/share/crazyflie_ros2_simulation/resource/
[1.522s] copying resource/crazyflie_ros2_simulation -> /home/tdeng23/ros2_ws/install/crazyflie_ros2_simulation/share/crazyflie_ros2_simulation/resource/
[1.522s] creating /home/tdeng23/ros2_ws/install/crazyflie_ros2_simulation/share/crazyflie_ros2_simulation/launch
[1.522s] copying launch/robot_launch.py -> /home/tdeng23/ros2_ws/install/crazyflie_ros2_simulation/share/crazyflie_ros2_simulation/launch/
[1.522s] creating /home/tdeng23/ros2_ws/install/crazyflie_ros2_simulation/share/crazyflie_ros2_simulation/worlds
[1.522s] copying worlds/crazyflie_apartment.wbt -> /home/tdeng23/ros2_ws/install/crazyflie_ros2_simulation/share/crazyflie_ros2_simulation/worlds/
[1.523s] copying worlds/crazyflie.wbt -> /home/tdeng23/ros2_ws/install/crazyflie_ros2_simulation/share/crazyflie_ros2_simulation/worlds/
[1.523s] creating /home/tdeng23/ros2_ws/install/crazyflie_ros2_simulation/share/crazyflie_ros2_simulation/worlds/meshes
[1.523s] copying worlds/meshes/cw_prop.stl -> /home/tdeng23/ros2_ws/install/crazyflie_ros2_simulation/share/crazyflie_ros2_simulation/worlds/meshes
[1.523s] copying worlds/meshes/2_pinheaders.stl -> /home/tdeng23/ros2_ws/install/crazyflie_ros2_simulation/share/crazyflie_ros2_simulation/worlds/meshes
[1.523s] copying worlds/meshes/ccw_prop.stl -> /home/tdeng23/ros2_ws/install/crazyflie_ros2_simulation/share/crazyflie_ros2_simulation/worlds/meshes
[1.523s] copying worlds/meshes/4_motors.stl -> /home/tdeng23/ros2_ws/install/crazyflie_ros2_simulation/share/crazyflie_ros2_simulation/worlds/meshes
[1.523s] copying worlds/meshes/battery.stl -> /home/tdeng23/ros2_ws/install/crazyflie_ros2_simulation/share/crazyflie_ros2_simulation/worlds/meshes
[1.523s] copying worlds/meshes/4_motormounts.stl -> /home/tdeng23/ros2_ws/install/crazyflie_ros2_simulation/share/crazyflie_ros2_simulation/worlds/meshes
[1.524s] copying worlds/meshes/battery_holder.stl -> /home/tdeng23/ros2_ws/install/crazyflie_ros2_simulation/share/crazyflie_ros2_simulation/worlds/meshes
[1.524s] copying worlds/meshes/cf_body.stl -> /home/tdeng23/ros2_ws/install/crazyflie_ros2_simulation/share/crazyflie_ros2_simulation/worlds/meshes
[1.524s] copying worlds/meshes/cf2_assembly.stl -> /home/tdeng23/ros2_ws/install/crazyflie_ros2_simulation/share/crazyflie_ros2_simulation/worlds/meshes
[1.524s] running install_egg_info
[1.525s] Copying ../../../build/crazyflie_ros2_simulation/crazyflie_ros2_simulation.egg-info to /home/tdeng23/ros2_ws/install/crazyflie_ros2_simulation/lib/python3.8/site-packages/crazyflie_ros2_simulation-0.0.0-py3.8.egg-info
[1.526s] running install_scripts
[1.547s] Installing crazyflie_webots_driver script to /home/tdeng23/ros2_ws/install/crazyflie_ros2_simulation/lib/crazyflie_ros2_simulation
[1.548s] writing list of installed files to '/home/tdeng23/ros2_ws/build/crazyflie_ros2_simulation/install.log'
[1.694s] Invoked command in '/home/tdeng23/ros2_ws/src/crazyswarm2/crazyflie_ros2_simulation' returned '0': PYTHONPATH=/home/tdeng23/ros2_ws/build/crazyflie_ros2_simulation/prefix_override:/home/tdeng23/ros2_ws/install/crazyflie_ros2_simulation/lib/python3.8/site-packages:${PYTHONPATH} /usr/bin/python3 setup.py egg_info --egg-base ../../../build/crazyflie_ros2_simulation build --build-base /home/tdeng23/ros2_ws/build/crazyflie_ros2_simulation/build install --record /home/tdeng23/ros2_ws/build/crazyflie_ros2_simulation/install.log --single-version-externally-managed
