[0.412s] Invoking command in '/home/tdeng23/ros2_ws/build/crazyflie': AMENT_PREFIX_PATH=/home/tdeng23/ros2_ws/install/motion_capture_tracking_interfaces:/home/tdeng23/ros2_ws/install/crazyflie_interfaces:${AMENT_PREFIX_PATH} CMAKE_PREFIX_PATH=/home/tdeng23/ros2_ws/install/motion_capture_tracking_interfaces:/home/tdeng23/ros2_ws/install/crazyflie_interfaces:/opt/ros/galactic LD_LIBRARY_PATH=/home/tdeng23/ros2_ws/install/motion_capture_tracking_interfaces/lib:/home/tdeng23/ros2_ws/install/crazyflie_interfaces/lib:${LD_LIBRARY_PATH} PYTHONPATH=/home/tdeng23/ros2_ws/install/motion_capture_tracking_interfaces/lib/python3.8/site-packages:/home/tdeng23/ros2_ws/install/crazyflie_interfaces/lib/python3.8/site-packages:${PYTHONPATH} /usr/bin/cmake /home/tdeng23/ros2_ws/src/crazyswarm2/crazyflie -DAMENT_CMAKE_SYMLINK_INSTALL=1 -DCMAKE_INSTALL_PREFIX=/home/tdeng23/ros2_ws/install/crazyflie
[0.502s] -- The C compiler identification is GNU 9.4.0
[0.586s] -- The CXX compiler identification is GNU 9.4.0
[0.594s] -- Check for working C compiler: /usr/bin/cc
[0.696s] -- Check for working C compiler: /usr/bin/cc -- works
[0.698s] -- Detecting C compiler ABI info
[0.801s] -- Detecting C compiler ABI info - done
[0.846s] -- Detecting C compile features
[0.846s] -- Detecting C compile features - done
[0.850s] -- Check for working CXX compiler: /usr/bin/c++
[0.986s] -- Check for working CXX compiler: /usr/bin/c++ -- works
[0.988s] -- Detecting CXX compiler ABI info
[1.102s] -- Detecting CXX compiler ABI info - done
[1.124s] -- Detecting CXX compile features
[1.125s] -- Detecting CXX compile features - done
[1.128s] -- Found ament_cmake: 1.1.6 (/opt/ros/galactic/share/ament_cmake/cmake)
[1.167s] -- Found PythonInterp: /usr/bin/python3 (found suitable version "3.8.10", minimum required is "3") 
[1.167s] -- Using PYTHON_EXECUTABLE: /usr/bin/python3
[1.260s] -- Override CMake install command with custom implementation using symlinks instead of copying resources
[1.297s] -- Found rclcpp: 9.2.2 (/opt/ros/galactic/share/rclcpp/cmake)
[1.383s] -- Using all available rosidl_typesupport_c: rosidl_typesupport_fastrtps_c;rosidl_typesupport_introspection_c
[1.397s] -- Found rosidl_adapter: 2.2.3 (/opt/ros/galactic/share/rosidl_adapter/cmake)
[1.534s] -- Found OpenSSL: /usr/lib/x86_64-linux-gnu/libcrypto.so (found version "1.1.1f")  
[1.585s] -- Found FastRTPS: /opt/ros/galactic/include  
[1.740s] -- Using all available rosidl_typesupport_cpp: rosidl_typesupport_fastrtps_cpp;rosidl_typesupport_introspection_cpp
[1.852s] -- Found rmw_implementation_cmake: 3.3.1 (/opt/ros/galactic/share/rmw_implementation_cmake/cmake)
[1.857s] -- Found rmw_cyclonedds_cpp: 0.22.6 (/opt/ros/galactic/share/rmw_cyclonedds_cpp/cmake)
[1.896s] -- Using RMW implementation 'rmw_cyclonedds_cpp' as default
[1.900s] -- Looking for pthread.h
[2.018s] -- Looking for pthread.h - found
[2.019s] -- Performing Test CMAKE_HAVE_LIBC_PTHREAD
[2.129s] -- Performing Test CMAKE_HAVE_LIBC_PTHREAD - Failed
[2.129s] -- Looking for pthread_create in pthreads
[2.202s] -- Looking for pthread_create in pthreads - not found
[2.202s] -- Looking for pthread_create in pthread
[2.285s] -- Looking for pthread_create in pthread - found
[2.286s] -- Found Threads: TRUE  
[2.531s] -- Found tf2_ros: 0.17.5 (/opt/ros/galactic/share/tf2_ros/cmake)
[3.095s] -- Found rclpy: 1.9.3 (/opt/ros/galactic/share/rclpy/cmake)
[3.097s] -- Found std_srvs: 2.2.4 (/opt/ros/galactic/share/std_srvs/cmake)
[3.112s] -- Found sensor_msgs: 2.2.4 (/opt/ros/galactic/share/sensor_msgs/cmake)
[3.204s] -- Found crazyflie_interfaces: 2.0.0 (/home/tdeng23/ros2_ws/install/crazyflie_interfaces/share/crazyflie_interfaces/cmake)
[3.290s] -- Found motion_capture_tracking_interfaces: 1.0.0 (/home/tdeng23/ros2_ws/install/motion_capture_tracking_interfaces/share/motion_capture_tracking_interfaces/cmake)
[3.386s] -- Found Boost: /usr/lib/x86_64-linux-gnu/cmake/Boost-1.71.0/BoostConfig.cmake (found version "1.71.0") found components: program_options 
[3.392s] -- Found libusb: /usr/lib/x86_64-linux-gnu/libusb-1.0.so  
[3.472s] -- Configuring done
[3.517s] -- Generating done
[3.519s] -- Build files have been written to: /home/tdeng23/ros2_ws/build/crazyflie
[3.533s] Invoked command in '/home/tdeng23/ros2_ws/build/crazyflie' returned '0': AMENT_PREFIX_PATH=/home/tdeng23/ros2_ws/install/motion_capture_tracking_interfaces:/home/tdeng23/ros2_ws/install/crazyflie_interfaces:${AMENT_PREFIX_PATH} CMAKE_PREFIX_PATH=/home/tdeng23/ros2_ws/install/motion_capture_tracking_interfaces:/home/tdeng23/ros2_ws/install/crazyflie_interfaces:/opt/ros/galactic LD_LIBRARY_PATH=/home/tdeng23/ros2_ws/install/motion_capture_tracking_interfaces/lib:/home/tdeng23/ros2_ws/install/crazyflie_interfaces/lib:${LD_LIBRARY_PATH} PYTHONPATH=/home/tdeng23/ros2_ws/install/motion_capture_tracking_interfaces/lib/python3.8/site-packages:/home/tdeng23/ros2_ws/install/crazyflie_interfaces/lib/python3.8/site-packages:${PYTHONPATH} /usr/bin/cmake /home/tdeng23/ros2_ws/src/crazyswarm2/crazyflie -DAMENT_CMAKE_SYMLINK_INSTALL=1 -DCMAKE_INSTALL_PREFIX=/home/tdeng23/ros2_ws/install/crazyflie
[3.534s] Invoking command in '/home/tdeng23/ros2_ws/build/crazyflie': AMENT_PREFIX_PATH=/home/tdeng23/ros2_ws/install/motion_capture_tracking_interfaces:/home/tdeng23/ros2_ws/install/crazyflie_interfaces:${AMENT_PREFIX_PATH} CMAKE_PREFIX_PATH=/home/tdeng23/ros2_ws/install/motion_capture_tracking_interfaces:/home/tdeng23/ros2_ws/install/crazyflie_interfaces:/opt/ros/galactic LD_LIBRARY_PATH=/home/tdeng23/ros2_ws/install/motion_capture_tracking_interfaces/lib:/home/tdeng23/ros2_ws/install/crazyflie_interfaces/lib:${LD_LIBRARY_PATH} PYTHONPATH=/home/tdeng23/ros2_ws/install/motion_capture_tracking_interfaces/lib/python3.8/site-packages:/home/tdeng23/ros2_ws/install/crazyflie_interfaces/lib/python3.8/site-packages:${PYTHONPATH} /usr/bin/cmake --build /home/tdeng23/ros2_ws/build/crazyflie -- -j8 -l8
[3.592s] [35m[1mScanning dependencies of target teleop[0m
[3.592s] [35m[1mScanning dependencies of target crazyflieLinkCpp[0m
[3.618s] [  5%] [32mBuilding CXX object deps/crazyflie_tools/crazyflie_cpp/crazyflie-link-cpp/CMakeFiles/crazyflieLinkCpp.dir/src/USBManager.cpp.o[0m
[3.618s] [  5%] [32mBuilding CXX object deps/crazyflie_tools/crazyflie_cpp/crazyflie-link-cpp/CMakeFiles/crazyflieLinkCpp.dir/src/Connection.cpp.o[0m
[3.620s] [  8%] [32mBuilding CXX object deps/crazyflie_tools/crazyflie_cpp/crazyflie-link-cpp/CMakeFiles/crazyflieLinkCpp.dir/src/CrazyflieUSBThread.cpp.o[0m
[3.624s] [ 11%] [32mBuilding CXX object deps/crazyflie_tools/crazyflie_cpp/crazyflie-link-cpp/CMakeFiles/crazyflieLinkCpp.dir/src/CrazyflieUSB.cpp.o[0m
[3.633s] [ 13%] [32mBuilding CXX object deps/crazyflie_tools/crazyflie_cpp/crazyflie-link-cpp/CMakeFiles/crazyflieLinkCpp.dir/src/USBDevice.cpp.o[0m
[3.645s] [ 16%] [32mBuilding CXX object deps/crazyflie_tools/crazyflie_cpp/crazyflie-link-cpp/CMakeFiles/crazyflieLinkCpp.dir/src/Crazyradio.cpp.o[0m
[3.646s] [ 19%] [32mBuilding CXX object deps/crazyflie_tools/crazyflie_cpp/crazyflie-link-cpp/CMakeFiles/crazyflieLinkCpp.dir/src/CrazyradioThread.cpp.o[0m
[3.888s] [ 22%] [32mBuilding CXX object CMakeFiles/teleop.dir/src/teleop.cpp.o[0m
[4.113s] [ 25%] [32mBuilding CXX object deps/crazyflie_tools/crazyflie_cpp/crazyflie-link-cpp/CMakeFiles/crazyflieLinkCpp.dir/src/Version.cpp.o[0m
[8.295s] [ 27%] [32m[1mLinking CXX static library libcrazyflieLinkCpp.a[0m
[8.552s] [ 27%] Built target crazyflieLinkCpp
[8.637s] [35m[1mScanning dependencies of target crazyflie_cpp[0m
[8.712s] [ 30%] [32mBuilding CXX object deps/crazyflie_tools/crazyflie_cpp/CMakeFiles/crazyflie_cpp.dir/src/Crazyflie.cpp.o[0m
[8.713s] [ 33%] [32mBuilding CXX object deps/crazyflie_tools/crazyflie_cpp/CMakeFiles/crazyflie_cpp.dir/src/crtp.cpp.o[0m
[12.370s] [ 36%] [32m[1mLinking CXX static library libcrazyflie_cpp.a[0m
[12.420s] [ 36%] Built target crazyflie_cpp
[12.433s] [35m[1mScanning dependencies of target scan[0m
[12.433s] [35m[1mScanning dependencies of target listParams[0m
[12.433s] [35m[1mScanning dependencies of target crazyflie_server[0m
[12.433s] [35m[1mScanning dependencies of target listMemories[0m
[12.435s] [35m[1mScanning dependencies of target reboot[0m
[12.443s] [35m[1mScanning dependencies of target listLogVariables[0m
[12.449s] [35m[1mScanning dependencies of target battery[0m
[12.456s] [ 38%] [32mBuilding CXX object deps/crazyflie_tools/CMakeFiles/listParams.dir/src/listParams.cpp.o[0m
[12.457s] [ 41%] [32mBuilding CXX object deps/crazyflie_tools/CMakeFiles/scan.dir/src/scan.cpp.o[0m
[12.467s] [ 44%] [32mBuilding CXX object deps/crazyflie_tools/CMakeFiles/listMemories.dir/src/listMemories.cpp.o[0m
[12.468s] [ 47%] [32mBuilding CXX object deps/crazyflie_tools/CMakeFiles/reboot.dir/src/reboot.cpp.o[0m
[12.490s] [ 50%] [32mBuilding CXX object deps/crazyflie_tools/CMakeFiles/listLogVariables.dir/src/listLogVariables.cpp.o[0m
[12.526s] [ 52%] [32mBuilding CXX object deps/crazyflie_tools/CMakeFiles/battery.dir/src/battery.cpp.o[0m
[12.563s] [ 55%] [32mBuilding CXX object CMakeFiles/crazyflie_server.dir/src/crazyflie_server.cpp.o[0m
[15.711s] [ 58%] [32m[1mLinking CXX executable scan[0m
[15.902s] [ 61%] [32m[1mLinking CXX executable listParams[0m
[16.173s] [ 61%] Built target scan
[16.239s] [35m[1mScanning dependencies of target version[0m
[16.324s] [ 63%] [32mBuilding CXX object deps/crazyflie_tools/CMakeFiles/version.dir/src/version.cpp.o[0m
[16.338s] [ 66%] [32m[1mLinking CXX executable listLogVariables[0m
[16.357s] [ 66%] Built target listParams
[16.372s] [35m[1mScanning dependencies of target console[0m
[16.437s] [ 69%] [32m[1mLinking CXX executable reboot[0m
[16.461s] [ 72%] [32mBuilding CXX object deps/crazyflie_tools/CMakeFiles/console.dir/src/console.cpp.o[0m
[16.505s] [ 75%] [32m[1mLinking CXX executable battery[0m
[16.599s] [ 77%] [32m[1mLinking CXX executable listMemories[0m
[16.737s] [ 77%] Built target listLogVariables
[16.803s] [35m[1mScanning dependencies of target log[0m
[16.881s] [ 80%] [32mBuilding CXX object deps/crazyflie_tools/CMakeFiles/log.dir/src/log.cpp.o[0m
[16.919s] [ 80%] Built target reboot
[16.955s] [35m[1mScanning dependencies of target setParam[0m
[16.967s] [ 80%] Built target listMemories
[16.988s] [ 83%] [32mBuilding CXX object deps/crazyflie_tools/CMakeFiles/setParam.dir/src/setParam.cpp.o[0m
[16.999s] [ 83%] Built target battery
[19.268s] [ 86%] [32m[1mLinking CXX executable version[0m
[19.269s] [ 88%] [32m[1mLinking CXX executable console[0m
[19.574s] [ 88%] Built target version
[19.604s] [ 88%] Built target console
[20.055s] [ 91%] [32m[1mLinking CXX executable log[0m
[20.367s] [ 91%] Built target log
[20.584s] [ 94%] [32m[1mLinking CXX executable setParam[0m
[20.805s] [ 94%] Built target setParam
[22.866s] [ 97%] [32m[1mLinking CXX executable teleop[0m
[23.431s] [ 97%] Built target teleop
[38.928s] [100%] [32m[1mLinking CXX executable crazyflie_server[0m
[40.293s] [100%] Built target crazyflie_server
[40.305s] Invoked command in '/home/tdeng23/ros2_ws/build/crazyflie' returned '0': AMENT_PREFIX_PATH=/home/tdeng23/ros2_ws/install/motion_capture_tracking_interfaces:/home/tdeng23/ros2_ws/install/crazyflie_interfaces:${AMENT_PREFIX_PATH} CMAKE_PREFIX_PATH=/home/tdeng23/ros2_ws/install/motion_capture_tracking_interfaces:/home/tdeng23/ros2_ws/install/crazyflie_interfaces:/opt/ros/galactic LD_LIBRARY_PATH=/home/tdeng23/ros2_ws/install/motion_capture_tracking_interfaces/lib:/home/tdeng23/ros2_ws/install/crazyflie_interfaces/lib:${LD_LIBRARY_PATH} PYTHONPATH=/home/tdeng23/ros2_ws/install/motion_capture_tracking_interfaces/lib/python3.8/site-packages:/home/tdeng23/ros2_ws/install/crazyflie_interfaces/lib/python3.8/site-packages:${PYTHONPATH} /usr/bin/cmake --build /home/tdeng23/ros2_ws/build/crazyflie -- -j8 -l8
[40.332s] Invoking command in '/home/tdeng23/ros2_ws/build/crazyflie': AMENT_PREFIX_PATH=/home/tdeng23/ros2_ws/install/motion_capture_tracking_interfaces:/home/tdeng23/ros2_ws/install/crazyflie_interfaces:${AMENT_PREFIX_PATH} CMAKE_PREFIX_PATH=/home/tdeng23/ros2_ws/install/motion_capture_tracking_interfaces:/home/tdeng23/ros2_ws/install/crazyflie_interfaces:/opt/ros/galactic LD_LIBRARY_PATH=/home/tdeng23/ros2_ws/install/motion_capture_tracking_interfaces/lib:/home/tdeng23/ros2_ws/install/crazyflie_interfaces/lib:${LD_LIBRARY_PATH} PYTHONPATH=/home/tdeng23/ros2_ws/install/motion_capture_tracking_interfaces/lib/python3.8/site-packages:/home/tdeng23/ros2_ws/install/crazyflie_interfaces/lib/python3.8/site-packages:${PYTHONPATH} /usr/bin/cmake --install /home/tdeng23/ros2_ws/build/crazyflie
[40.340s] -- Install configuration: ""
[40.341s] -- Execute custom install script
[40.342s] -- Symlinking: /home/tdeng23/ros2_ws/install/crazyflie/lib/crazyflie/scan
[40.355s] -- Symlinking: /home/tdeng23/ros2_ws/install/crazyflie/lib/crazyflie/listParams
[40.368s] -- Symlinking: /home/tdeng23/ros2_ws/install/crazyflie/lib/crazyflie/listLogVariables
[40.381s] -- Symlinking: /home/tdeng23/ros2_ws/install/crazyflie/lib/crazyflie/listMemories
[40.392s] -- Symlinking: /home/tdeng23/ros2_ws/install/crazyflie/lib/crazyflie/reboot
[40.401s] -- Symlinking: /home/tdeng23/ros2_ws/install/crazyflie/lib/crazyflie/battery
[40.409s] -- Symlinking: /home/tdeng23/ros2_ws/install/crazyflie/lib/crazyflie/version
[40.417s] -- Symlinking: /home/tdeng23/ros2_ws/install/crazyflie/lib/crazyflie/console
[40.429s] -- Symlinking: /home/tdeng23/ros2_ws/install/crazyflie/lib/crazyflie/log
[40.442s] -- Symlinking: /home/tdeng23/ros2_ws/install/crazyflie/lib/crazyflie/setParam
[40.455s] -- Symlinking: /home/tdeng23/ros2_ws/install/crazyflie/lib/crazyflie/teleop
[40.467s] -- Symlinking: /home/tdeng23/ros2_ws/install/crazyflie/lib/crazyflie/crazyflie_server
[40.481s] -- Symlinking: /home/tdeng23/ros2_ws/install/crazyflie/lib/crazyflie/crazyflie_server.py
[40.494s] -- Symlinking: /home/tdeng23/ros2_ws/install/crazyflie/lib/crazyflie/chooser.py
[40.504s] -- Symlinking: /home/tdeng23/ros2_ws/install/crazyflie/lib/crazyflie/vel_mux.py
[40.513s] -- Symlinking: /home/tdeng23/ros2_ws/install/crazyflie/lib/crazyflie/cfmult.py
[40.521s] -- Symlinking: /home/tdeng23/ros2_ws/install/crazyflie/share/crazyflie//launch/launch.py
[40.529s] -- Symlinking: /home/tdeng23/ros2_ws/install/crazyflie/share/crazyflie//launch/launch_teleop2.py
[40.537s] -- Symlinking: /home/tdeng23/ros2_ws/install/crazyflie/share/crazyflie//launch/teleop_launch.py
[40.545s] -- Symlinking: /home/tdeng23/ros2_ws/install/crazyflie/share/crazyflie//config/config.rviz
[40.552s] -- Symlinking: /home/tdeng23/ros2_ws/install/crazyflie/share/crazyflie//config/crazyflies.yaml
[40.560s] -- Symlinking: /home/tdeng23/ros2_ws/install/crazyflie/share/crazyflie//config/motion_capture.yaml
[40.569s] -- Symlinking: /home/tdeng23/ros2_ws/install/crazyflie/share/crazyflie//config/server.yaml
[40.577s] -- Symlinking: /home/tdeng23/ros2_ws/install/crazyflie/share/crazyflie//config/teleop.yaml
[40.585s] -- Symlinking: /home/tdeng23/ros2_ws/install/crazyflie/share/ament_index/resource_index/package_run_dependencies/crazyflie
[40.593s] -- Symlinking: /home/tdeng23/ros2_ws/install/crazyflie/share/ament_index/resource_index/parent_prefix_path/crazyflie
[40.601s] -- Symlinking: /home/tdeng23/ros2_ws/install/crazyflie/share/crazyflie/environment/ament_prefix_path.sh
[40.608s] -- Symlinking: /home/tdeng23/ros2_ws/install/crazyflie/share/crazyflie/environment/ament_prefix_path.dsv
[40.616s] -- Symlinking: /home/tdeng23/ros2_ws/install/crazyflie/share/crazyflie/environment/path.sh
[40.624s] -- Symlinking: /home/tdeng23/ros2_ws/install/crazyflie/share/crazyflie/environment/path.dsv
[40.632s] -- Symlinking: /home/tdeng23/ros2_ws/install/crazyflie/share/crazyflie/local_setup.bash
[40.640s] -- Symlinking: /home/tdeng23/ros2_ws/install/crazyflie/share/crazyflie/local_setup.sh
[40.647s] -- Symlinking: /home/tdeng23/ros2_ws/install/crazyflie/share/crazyflie/local_setup.zsh
[40.655s] -- Symlinking: /home/tdeng23/ros2_ws/install/crazyflie/share/crazyflie/local_setup.dsv
[40.664s] -- Symlinking: /home/tdeng23/ros2_ws/install/crazyflie/share/crazyflie/package.dsv
[40.672s] -- Symlinking: /home/tdeng23/ros2_ws/install/crazyflie/share/ament_index/resource_index/packages/crazyflie
[40.681s] -- Symlinking: /home/tdeng23/ros2_ws/install/crazyflie/share/crazyflie/cmake/crazyflieConfig.cmake
[40.688s] -- Symlinking: /home/tdeng23/ros2_ws/install/crazyflie/share/crazyflie/cmake/crazyflieConfig-version.cmake
[40.696s] -- Symlinking: /home/tdeng23/ros2_ws/install/crazyflie/share/crazyflie/package.xml
[40.711s] Invoked command in '/home/tdeng23/ros2_ws/build/crazyflie' returned '0': AMENT_PREFIX_PATH=/home/tdeng23/ros2_ws/install/motion_capture_tracking_interfaces:/home/tdeng23/ros2_ws/install/crazyflie_interfaces:${AMENT_PREFIX_PATH} CMAKE_PREFIX_PATH=/home/tdeng23/ros2_ws/install/motion_capture_tracking_interfaces:/home/tdeng23/ros2_ws/install/crazyflie_interfaces:/opt/ros/galactic LD_LIBRARY_PATH=/home/tdeng23/ros2_ws/install/motion_capture_tracking_interfaces/lib:/home/tdeng23/ros2_ws/install/crazyflie_interfaces/lib:${LD_LIBRARY_PATH} PYTHONPATH=/home/tdeng23/ros2_ws/install/motion_capture_tracking_interfaces/lib/python3.8/site-packages:/home/tdeng23/ros2_ws/install/crazyflie_interfaces/lib/python3.8/site-packages:${PYTHONPATH} /usr/bin/cmake --install /home/tdeng23/ros2_ws/build/crazyflie
