[0.426s] Invoking command in '/home/nicxe/ros2_ws/build/crazyflie': CMAKE_PREFIX_PATH=/home/nicxe/ros2_ws/install/motion_capture_tracking_interfaces:/home/nicxe/ros2_ws/install/crazyflie_interfaces:/home/nicxe/ros2_ws/install/motion_capture_tracking:/home/nicxe/ros2_ws/install/crazyflie:/home/nicxe/ros2_ws/install/crazyflie_sim:/home/nicxe/ros2_ws/install/crazyflie_ros2_slam:/home/nicxe/ros2_ws/install/crazyflie_ros2_navigation:/home/nicxe/ros2_ws/install/crazyflie_ros2_interfaces:/home/nicxe/ros2_ws/install/crazyflie_ros2_description:/home/nicxe/ros2_ws/install/crazyflie_examples:/home/nicxe/ros2_ws/install/my_package:/home/nicxe/ros2_ws/install/crazyflie_simulation:/home/nicxe/ros2_ws/install/crazyflie_ros2_simulation:/home/nicxe/ros2_ws/install/crazyflie_ros2_simple_mapper:/home/nicxe/ros2_ws/install/crazyflie_ros2_scan:/home/nicxe/ros2_ws/install/crazyflie_ros2:/home/nicxe/ros2_ws/install/crazyflie_py:/opt/ros/galactic LD_LIBRARY_PATH=/home/nicxe/ros2_ws/install/motion_capture_tracking_interfaces/lib:/home/nicxe/ros2_ws/install/crazyflie_interfaces/lib:/home/nicxe/ros2_ws/install/crazyflie_ros2_interfaces/lib:/opt/ros/galactic/opt/yaml_cpp_vendor/lib:/opt/ros/galactic/opt/rviz_ogre_vendor/lib:/opt/ros/galactic/lib/x86_64-linux-gnu:/opt/ros/galactic/lib PYTHONPATH=/home/nicxe/ros2_ws/install/motion_capture_tracking_interfaces/lib/python3.8/site-packages:/home/nicxe/ros2_ws/install/crazyflie_interfaces/lib/python3.8/site-packages:/home/nicxe/ros2_ws/install/my_package/lib/python3.8/site-packages:/home/nicxe/ros2_ws/install/crazyflie_simulation/lib/python3.8/site-packages:/home/nicxe/ros2_ws/install/crazyflie_sim/lib/python3.8/site-packages:/home/nicxe/ros2_ws/install/crazyflie_ros2_simulation/lib/python3.8/site-packages:/home/nicxe/ros2_ws/install/crazyflie_ros2_simple_mapper/lib/python3.8/site-packages:/home/nicxe/ros2_ws/install/crazyflie_ros2_scan/lib/python3.8/site-packages:/home/nicxe/ros2_ws/install/crazyflie_ros2_interfaces/lib/python3.8/site-packages:/home/nicxe/ros2_ws/install/crazyflie_ros2/lib/python3.8/site-packages:/home/nicxe/ros2_ws/install/crazyflie_examples/lib/python3.8/site-packages:/home/nicxe/ros2_ws/install/crazyflie_py/lib/python3.8/site-packages:/opt/ros/galactic/lib/python3.8/site-packages /usr/bin/cmake --build /home/nicxe/ros2_ws/build/crazyflie -- -j8 -l8
[0.832s] [ 25%] Built target crazyflieLinkCpp
[0.846s] [ 30%] Built target teleop
[0.983s] [ 38%] Built target crazyflie_cpp
[1.205s] [ 50%] Built target listMemories
[1.206s] [ 50%] Built target scan
[1.206s] [ 55%] Built target version
[1.216s] [ 66%] Built target reboot
[1.216s] [ 66%] Built target listParams
[1.221s] [ 72%] Built target battery
[1.365s] [ 77%] Built target listLogVariables
[1.382s] [ 83%] Built target crazyflie_server
[1.433s] [ 94%] Built target console
[1.434s] [ 94%] Built target setParam
[1.434s] [100%] Built target log
[1.449s] Invoked command in '/home/nicxe/ros2_ws/build/crazyflie' returned '0': CMAKE_PREFIX_PATH=/home/nicxe/ros2_ws/install/motion_capture_tracking_interfaces:/home/nicxe/ros2_ws/install/crazyflie_interfaces:/home/nicxe/ros2_ws/install/motion_capture_tracking:/home/nicxe/ros2_ws/install/crazyflie:/home/nicxe/ros2_ws/install/crazyflie_sim:/home/nicxe/ros2_ws/install/crazyflie_ros2_slam:/home/nicxe/ros2_ws/install/crazyflie_ros2_navigation:/home/nicxe/ros2_ws/install/crazyflie_ros2_interfaces:/home/nicxe/ros2_ws/install/crazyflie_ros2_description:/home/nicxe/ros2_ws/install/crazyflie_examples:/home/nicxe/ros2_ws/install/my_package:/home/nicxe/ros2_ws/install/crazyflie_simulation:/home/nicxe/ros2_ws/install/crazyflie_ros2_simulation:/home/nicxe/ros2_ws/install/crazyflie_ros2_simple_mapper:/home/nicxe/ros2_ws/install/crazyflie_ros2_scan:/home/nicxe/ros2_ws/install/crazyflie_ros2:/home/nicxe/ros2_ws/install/crazyflie_py:/opt/ros/galactic LD_LIBRARY_PATH=/home/nicxe/ros2_ws/install/motion_capture_tracking_interfaces/lib:/home/nicxe/ros2_ws/install/crazyflie_interfaces/lib:/home/nicxe/ros2_ws/install/crazyflie_ros2_interfaces/lib:/opt/ros/galactic/opt/yaml_cpp_vendor/lib:/opt/ros/galactic/opt/rviz_ogre_vendor/lib:/opt/ros/galactic/lib/x86_64-linux-gnu:/opt/ros/galactic/lib PYTHONPATH=/home/nicxe/ros2_ws/install/motion_capture_tracking_interfaces/lib/python3.8/site-packages:/home/nicxe/ros2_ws/install/crazyflie_interfaces/lib/python3.8/site-packages:/home/nicxe/ros2_ws/install/my_package/lib/python3.8/site-packages:/home/nicxe/ros2_ws/install/crazyflie_simulation/lib/python3.8/site-packages:/home/nicxe/ros2_ws/install/crazyflie_sim/lib/python3.8/site-packages:/home/nicxe/ros2_ws/install/crazyflie_ros2_simulation/lib/python3.8/site-packages:/home/nicxe/ros2_ws/install/crazyflie_ros2_simple_mapper/lib/python3.8/site-packages:/home/nicxe/ros2_ws/install/crazyflie_ros2_scan/lib/python3.8/site-packages:/home/nicxe/ros2_ws/install/crazyflie_ros2_interfaces/lib/python3.8/site-packages:/home/nicxe/ros2_ws/install/crazyflie_ros2/lib/python3.8/site-packages:/home/nicxe/ros2_ws/install/crazyflie_examples/lib/python3.8/site-packages:/home/nicxe/ros2_ws/install/crazyflie_py/lib/python3.8/site-packages:/opt/ros/galactic/lib/python3.8/site-packages /usr/bin/cmake --build /home/nicxe/ros2_ws/build/crazyflie -- -j8 -l8
[1.479s] Invoking command in '/home/nicxe/ros2_ws/build/crazyflie': CMAKE_PREFIX_PATH=/home/nicxe/ros2_ws/install/motion_capture_tracking_interfaces:/home/nicxe/ros2_ws/install/crazyflie_interfaces:/home/nicxe/ros2_ws/install/motion_capture_tracking:/home/nicxe/ros2_ws/install/crazyflie:/home/nicxe/ros2_ws/install/crazyflie_sim:/home/nicxe/ros2_ws/install/crazyflie_ros2_slam:/home/nicxe/ros2_ws/install/crazyflie_ros2_navigation:/home/nicxe/ros2_ws/install/crazyflie_ros2_interfaces:/home/nicxe/ros2_ws/install/crazyflie_ros2_description:/home/nicxe/ros2_ws/install/crazyflie_examples:/home/nicxe/ros2_ws/install/my_package:/home/nicxe/ros2_ws/install/crazyflie_simulation:/home/nicxe/ros2_ws/install/crazyflie_ros2_simulation:/home/nicxe/ros2_ws/install/crazyflie_ros2_simple_mapper:/home/nicxe/ros2_ws/install/crazyflie_ros2_scan:/home/nicxe/ros2_ws/install/crazyflie_ros2:/home/nicxe/ros2_ws/install/crazyflie_py:/opt/ros/galactic LD_LIBRARY_PATH=/home/nicxe/ros2_ws/install/motion_capture_tracking_interfaces/lib:/home/nicxe/ros2_ws/install/crazyflie_interfaces/lib:/home/nicxe/ros2_ws/install/crazyflie_ros2_interfaces/lib:/opt/ros/galactic/opt/yaml_cpp_vendor/lib:/opt/ros/galactic/opt/rviz_ogre_vendor/lib:/opt/ros/galactic/lib/x86_64-linux-gnu:/opt/ros/galactic/lib PYTHONPATH=/home/nicxe/ros2_ws/install/motion_capture_tracking_interfaces/lib/python3.8/site-packages:/home/nicxe/ros2_ws/install/crazyflie_interfaces/lib/python3.8/site-packages:/home/nicxe/ros2_ws/install/my_package/lib/python3.8/site-packages:/home/nicxe/ros2_ws/install/crazyflie_simulation/lib/python3.8/site-packages:/home/nicxe/ros2_ws/install/crazyflie_sim/lib/python3.8/site-packages:/home/nicxe/ros2_ws/install/crazyflie_ros2_simulation/lib/python3.8/site-packages:/home/nicxe/ros2_ws/install/crazyflie_ros2_simple_mapper/lib/python3.8/site-packages:/home/nicxe/ros2_ws/install/crazyflie_ros2_scan/lib/python3.8/site-packages:/home/nicxe/ros2_ws/install/crazyflie_ros2_interfaces/lib/python3.8/site-packages:/home/nicxe/ros2_ws/install/crazyflie_ros2/lib/python3.8/site-packages:/home/nicxe/ros2_ws/install/crazyflie_examples/lib/python3.8/site-packages:/home/nicxe/ros2_ws/install/crazyflie_py/lib/python3.8/site-packages:/opt/ros/galactic/lib/python3.8/site-packages /usr/bin/cmake --install /home/nicxe/ros2_ws/build/crazyflie
[1.514s] -- Install configuration: ""
[1.645s] -- Up-to-date: /home/nicxe/ros2_ws/install/crazyflie/lib/crazyflie/scan
[1.677s] -- Up-to-date: /home/nicxe/ros2_ws/install/crazyflie/lib/crazyflie/listParams
[1.728s] -- Up-to-date: /home/nicxe/ros2_ws/install/crazyflie/lib/crazyflie/listLogVariables
[1.788s] -- Up-to-date: /home/nicxe/ros2_ws/install/crazyflie/lib/crazyflie/listMemories
[1.827s] -- Up-to-date: /home/nicxe/ros2_ws/install/crazyflie/lib/crazyflie/reboot
[1.857s] -- Up-to-date: /home/nicxe/ros2_ws/install/crazyflie/lib/crazyflie/battery
[1.896s] -- Up-to-date: /home/nicxe/ros2_ws/install/crazyflie/lib/crazyflie/version
[1.957s] -- Up-to-date: /home/nicxe/ros2_ws/install/crazyflie/lib/crazyflie/console
[1.998s] -- Up-to-date: /home/nicxe/ros2_ws/install/crazyflie/lib/crazyflie/log
[2.027s] -- Up-to-date: /home/nicxe/ros2_ws/install/crazyflie/lib/crazyflie/setParam
[2.068s] -- Up-to-date: /home/nicxe/ros2_ws/install/crazyflie/lib/crazyflie/teleop
[2.125s] -- Up-to-date: /home/nicxe/ros2_ws/install/crazyflie/lib/crazyflie/crazyflie_server
[2.153s] -- Up-to-date: /home/nicxe/ros2_ws/install/crazyflie/lib/crazyflie/crazyflie_server.py
[2.153s] -- Up-to-date: /home/nicxe/ros2_ws/install/crazyflie/lib/crazyflie/chooser.py
[2.153s] -- Up-to-date: /home/nicxe/ros2_ws/install/crazyflie/lib/crazyflie/vel_mux.py
[2.153s] -- Up-to-date: /home/nicxe/ros2_ws/install/crazyflie/lib/crazyflie/cfmult.py
[2.153s] -- Up-to-date: /home/nicxe/ros2_ws/install/crazyflie/share/crazyflie//launch
[2.163s] -- Up-to-date: /home/nicxe/ros2_ws/install/crazyflie/share/crazyflie//launch/teleop_launch.py
[2.163s] -- Up-to-date: /home/nicxe/ros2_ws/install/crazyflie/share/crazyflie//launch/launch.py
[2.163s] -- Up-to-date: /home/nicxe/ros2_ws/install/crazyflie/share/crazyflie//launch/launch_teleop2.py
[2.163s] -- Up-to-date: /home/nicxe/ros2_ws/install/crazyflie/share/crazyflie//config
[2.167s] -- Up-to-date: /home/nicxe/ros2_ws/install/crazyflie/share/crazyflie//config/teleop.yaml
[2.167s] -- Up-to-date: /home/nicxe/ros2_ws/install/crazyflie/share/crazyflie//config/motion_capture.yaml
[2.167s] -- Up-to-date: /home/nicxe/ros2_ws/install/crazyflie/share/crazyflie//config/crazyflies.yaml
[2.167s] -- Up-to-date: /home/nicxe/ros2_ws/install/crazyflie/share/crazyflie//config/server.yaml
[2.167s] -- Up-to-date: /home/nicxe/ros2_ws/install/crazyflie/share/crazyflie//config/config.rviz
[2.167s] -- Up-to-date: /home/nicxe/ros2_ws/install/crazyflie/share/ament_index/resource_index/package_run_dependencies/crazyflie
[2.171s] -- Up-to-date: /home/nicxe/ros2_ws/install/crazyflie/share/ament_index/resource_index/parent_prefix_path/crazyflie
[2.171s] -- Up-to-date: /home/nicxe/ros2_ws/install/crazyflie/share/crazyflie/environment/ament_prefix_path.sh
[2.171s] -- Up-to-date: /home/nicxe/ros2_ws/install/crazyflie/share/crazyflie/environment/ament_prefix_path.dsv
[2.171s] -- Up-to-date: /home/nicxe/ros2_ws/install/crazyflie/share/crazyflie/environment/path.sh
[2.171s] -- Up-to-date: /home/nicxe/ros2_ws/install/crazyflie/share/crazyflie/environment/path.dsv
[2.171s] -- Up-to-date: /home/nicxe/ros2_ws/install/crazyflie/share/crazyflie/local_setup.bash
[2.171s] -- Up-to-date: /home/nicxe/ros2_ws/install/crazyflie/share/crazyflie/local_setup.sh
[2.171s] -- Up-to-date: /home/nicxe/ros2_ws/install/crazyflie/share/crazyflie/local_setup.zsh
[2.171s] -- Up-to-date: /home/nicxe/ros2_ws/install/crazyflie/share/crazyflie/local_setup.dsv
[2.171s] -- Installing: /home/nicxe/ros2_ws/install/crazyflie/share/crazyflie/package.dsv
[2.197s] -- Up-to-date: /home/nicxe/ros2_ws/install/crazyflie/share/ament_index/resource_index/packages/crazyflie
[2.197s] -- Up-to-date: /home/nicxe/ros2_ws/install/crazyflie/share/crazyflie/cmake/crazyflieConfig.cmake
[2.197s] -- Up-to-date: /home/nicxe/ros2_ws/install/crazyflie/share/crazyflie/cmake/crazyflieConfig-version.cmake
[2.197s] -- Up-to-date: /home/nicxe/ros2_ws/install/crazyflie/share/crazyflie/package.xml
[2.211s] Invoked command in '/home/nicxe/ros2_ws/build/crazyflie' returned '0': CMAKE_PREFIX_PATH=/home/nicxe/ros2_ws/install/motion_capture_tracking_interfaces:/home/nicxe/ros2_ws/install/crazyflie_interfaces:/home/nicxe/ros2_ws/install/motion_capture_tracking:/home/nicxe/ros2_ws/install/crazyflie:/home/nicxe/ros2_ws/install/crazyflie_sim:/home/nicxe/ros2_ws/install/crazyflie_ros2_slam:/home/nicxe/ros2_ws/install/crazyflie_ros2_navigation:/home/nicxe/ros2_ws/install/crazyflie_ros2_interfaces:/home/nicxe/ros2_ws/install/crazyflie_ros2_description:/home/nicxe/ros2_ws/install/crazyflie_examples:/home/nicxe/ros2_ws/install/my_package:/home/nicxe/ros2_ws/install/crazyflie_simulation:/home/nicxe/ros2_ws/install/crazyflie_ros2_simulation:/home/nicxe/ros2_ws/install/crazyflie_ros2_simple_mapper:/home/nicxe/ros2_ws/install/crazyflie_ros2_scan:/home/nicxe/ros2_ws/install/crazyflie_ros2:/home/nicxe/ros2_ws/install/crazyflie_py:/opt/ros/galactic LD_LIBRARY_PATH=/home/nicxe/ros2_ws/install/motion_capture_tracking_interfaces/lib:/home/nicxe/ros2_ws/install/crazyflie_interfaces/lib:/home/nicxe/ros2_ws/install/crazyflie_ros2_interfaces/lib:/opt/ros/galactic/opt/yaml_cpp_vendor/lib:/opt/ros/galactic/opt/rviz_ogre_vendor/lib:/opt/ros/galactic/lib/x86_64-linux-gnu:/opt/ros/galactic/lib PYTHONPATH=/home/nicxe/ros2_ws/install/motion_capture_tracking_interfaces/lib/python3.8/site-packages:/home/nicxe/ros2_ws/install/crazyflie_interfaces/lib/python3.8/site-packages:/home/nicxe/ros2_ws/install/my_package/lib/python3.8/site-packages:/home/nicxe/ros2_ws/install/crazyflie_simulation/lib/python3.8/site-packages:/home/nicxe/ros2_ws/install/crazyflie_sim/lib/python3.8/site-packages:/home/nicxe/ros2_ws/install/crazyflie_ros2_simulation/lib/python3.8/site-packages:/home/nicxe/ros2_ws/install/crazyflie_ros2_simple_mapper/lib/python3.8/site-packages:/home/nicxe/ros2_ws/install/crazyflie_ros2_scan/lib/python3.8/site-packages:/home/nicxe/ros2_ws/install/crazyflie_ros2_interfaces/lib/python3.8/site-packages:/home/nicxe/ros2_ws/install/crazyflie_ros2/lib/python3.8/site-packages:/home/nicxe/ros2_ws/install/crazyflie_examples/lib/python3.8/site-packages:/home/nicxe/ros2_ws/install/crazyflie_py/lib/python3.8/site-packages:/opt/ros/galactic/lib/python3.8/site-packages /usr/bin/cmake --install /home/nicxe/ros2_ws/build/crazyflie
