[1.037s] Invoking command in '/home/tdeng23/ros2_ws/src/crazyswarm2/crazyflie_simulation': PYTHONPATH=/home/tdeng23/ros2_ws/src/crazyswarm2/build/crazyflie_simulation/prefix_override:/home/tdeng23/ros2_ws/src/crazyswarm2/install/crazyflie_simulation/lib/python3.8/site-packages:${PYTHONPATH} /usr/bin/python3 setup.py egg_info --egg-base ../build/crazyflie_simulation build --build-base /home/tdeng23/ros2_ws/src/crazyswarm2/build/crazyflie_simulation/build install --record /home/tdeng23/ros2_ws/src/crazyswarm2/build/crazyflie_simulation/install.log --single-version-externally-managed
[1.305s] running egg_info
[1.305s] creating ../build/crazyflie_simulation/crazyflie_simulation.egg-info
[1.306s] writing ../build/crazyflie_simulation/crazyflie_simulation.egg-info/PKG-INFO
[1.306s] writing dependency_links to ../build/crazyflie_simulation/crazyflie_simulation.egg-info/dependency_links.txt
[1.306s] writing entry points to ../build/crazyflie_simulation/crazyflie_simulation.egg-info/entry_points.txt
[1.306s] writing requirements to ../build/crazyflie_simulation/crazyflie_simulation.egg-info/requires.txt
[1.306s] writing top-level names to ../build/crazyflie_simulation/crazyflie_simulation.egg-info/top_level.txt
[1.308s] writing manifest file '../build/crazyflie_simulation/crazyflie_simulation.egg-info/SOURCES.txt'
[1.367s] reading manifest file '../build/crazyflie_simulation/crazyflie_simulation.egg-info/SOURCES.txt'
[1.369s] writing manifest file '../build/crazyflie_simulation/crazyflie_simulation.egg-info/SOURCES.txt'
[1.369s] running build
[1.369s] running build_py
[1.369s] creating /home/tdeng23/ros2_ws/src/crazyswarm2/build/crazyflie_simulation/build
[1.369s] creating /home/tdeng23/ros2_ws/src/crazyswarm2/build/crazyflie_simulation/build/lib
[1.369s] creating /home/tdeng23/ros2_ws/src/crazyswarm2/build/crazyflie_simulation/build/lib/crazyflie_simulation
[1.369s] copying crazyflie_simulation/crazyflie_webots_spawner.py -> /home/tdeng23/ros2_ws/src/crazyswarm2/build/crazyflie_simulation/build/lib/crazyflie_simulation
[1.370s] copying crazyflie_simulation/crazyflie_webots_driver.py -> /home/tdeng23/ros2_ws/src/crazyswarm2/build/crazyflie_simulation/build/lib/crazyflie_simulation
[1.370s] copying crazyflie_simulation/__init__.py -> /home/tdeng23/ros2_ws/src/crazyswarm2/build/crazyflie_simulation/build/lib/crazyflie_simulation
[1.370s] running install
[1.371s] running install_lib
[1.373s] creating /home/tdeng23/ros2_ws/src/crazyswarm2/install/crazyflie_simulation/lib/python3.8/site-packages/crazyflie_simulation
[1.373s] copying /home/tdeng23/ros2_ws/src/crazyswarm2/build/crazyflie_simulation/build/lib/crazyflie_simulation/crazyflie_webots_spawner.py -> /home/tdeng23/ros2_ws/src/crazyswarm2/install/crazyflie_simulation/lib/python3.8/site-packages/crazyflie_simulation
[1.373s] copying /home/tdeng23/ros2_ws/src/crazyswarm2/build/crazyflie_simulation/build/lib/crazyflie_simulation/crazyflie_webots_driver.py -> /home/tdeng23/ros2_ws/src/crazyswarm2/install/crazyflie_simulation/lib/python3.8/site-packages/crazyflie_simulation
[1.374s] copying /home/tdeng23/ros2_ws/src/crazyswarm2/build/crazyflie_simulation/build/lib/crazyflie_simulation/__init__.py -> /home/tdeng23/ros2_ws/src/crazyswarm2/install/crazyflie_simulation/lib/python3.8/site-packages/crazyflie_simulation
[1.374s] byte-compiling /home/tdeng23/ros2_ws/src/crazyswarm2/install/crazyflie_simulation/lib/python3.8/site-packages/crazyflie_simulation/crazyflie_webots_spawner.py to crazyflie_webots_spawner.cpython-38.pyc
[1.376s] byte-compiling /home/tdeng23/ros2_ws/src/crazyswarm2/install/crazyflie_simulation/lib/python3.8/site-packages/crazyflie_simulation/crazyflie_webots_driver.py to crazyflie_webots_driver.cpython-38.pyc
[1.378s] byte-compiling /home/tdeng23/ros2_ws/src/crazyswarm2/install/crazyflie_simulation/lib/python3.8/site-packages/crazyflie_simulation/__init__.py to __init__.cpython-38.pyc
[1.379s] running install_data
[1.379s] copying package.xml -> /home/tdeng23/ros2_ws/src/crazyswarm2/install/crazyflie_simulation/share/crazyflie_simulation
[1.380s] creating /home/tdeng23/ros2_ws/src/crazyswarm2/install/crazyflie_simulation/share/crazyflie_simulation/resource
[1.380s] copying resource/supervisor.urdf -> /home/tdeng23/ros2_ws/src/crazyswarm2/install/crazyflie_simulation/share/crazyflie_simulation/resource/
[1.380s] copying resource/crazyflie.urdf -> /home/tdeng23/ros2_ws/src/crazyswarm2/install/crazyflie_simulation/share/crazyflie_simulation/resource/
[1.380s] copying resource/crazyflie_simulation -> /home/tdeng23/ros2_ws/src/crazyswarm2/install/crazyflie_simulation/share/crazyflie_simulation/resource/
[1.380s] creating /home/tdeng23/ros2_ws/src/crazyswarm2/install/crazyflie_simulation/share/crazyflie_simulation/launch
[1.381s] copying launch/crazyflie_launch.py -> /home/tdeng23/ros2_ws/src/crazyswarm2/install/crazyflie_simulation/share/crazyflie_simulation/launch/
[1.381s] creating /home/tdeng23/ros2_ws/src/crazyswarm2/install/crazyflie_simulation/share/crazyflie_simulation/worlds
[1.381s] copying worlds/crazyflie_world.wbt -> /home/tdeng23/ros2_ws/src/crazyswarm2/install/crazyflie_simulation/share/crazyflie_simulation/worlds/
[1.381s] running install_egg_info
[1.383s] Copying ../build/crazyflie_simulation/crazyflie_simulation.egg-info to /home/tdeng23/ros2_ws/src/crazyswarm2/install/crazyflie_simulation/lib/python3.8/site-packages/crazyflie_simulation-0.0.0-py3.8.egg-info
[1.384s] running install_scripts
[1.411s] Installing crazyflie_webots_driver script to /home/tdeng23/ros2_ws/src/crazyswarm2/install/crazyflie_simulation/lib/crazyflie_simulation
[1.411s] Installing supervisor_driver script to /home/tdeng23/ros2_ws/src/crazyswarm2/install/crazyflie_simulation/lib/crazyflie_simulation
[1.412s] writing list of installed files to '/home/tdeng23/ros2_ws/src/crazyswarm2/build/crazyflie_simulation/install.log'
[1.443s] Invoked command in '/home/tdeng23/ros2_ws/src/crazyswarm2/crazyflie_simulation' returned '0': PYTHONPATH=/home/tdeng23/ros2_ws/src/crazyswarm2/build/crazyflie_simulation/prefix_override:/home/tdeng23/ros2_ws/src/crazyswarm2/install/crazyflie_simulation/lib/python3.8/site-packages:${PYTHONPATH} /usr/bin/python3 setup.py egg_info --egg-base ../build/crazyflie_simulation build --build-base /home/tdeng23/ros2_ws/src/crazyswarm2/build/crazyflie_simulation/build install --record /home/tdeng23/ros2_ws/src/crazyswarm2/build/crazyflie_simulation/install.log --single-version-externally-managed
