[1.330s] Invoking command in '/home/tdeng23/ros2_ws/src/crazyswarm2/crazyflie_simulation': PYTHONPATH=/home/tdeng23/ros2_ws/build/crazyflie_simulation/prefix_override:/home/tdeng23/ros2_ws/install/crazyflie_simulation/lib/python3.8/site-packages:${PYTHONPATH} /usr/bin/python3 setup.py egg_info --egg-base ../../../build/crazyflie_simulation build --build-base /home/tdeng23/ros2_ws/build/crazyflie_simulation/build install --record /home/tdeng23/ros2_ws/build/crazyflie_simulation/install.log --single-version-externally-managed
[1.727s] running egg_info
[1.728s] writing ../../../build/crazyflie_simulation/crazyflie_simulation.egg-info/PKG-INFO
[1.728s] writing dependency_links to ../../../build/crazyflie_simulation/crazyflie_simulation.egg-info/dependency_links.txt
[1.728s] writing entry points to ../../../build/crazyflie_simulation/crazyflie_simulation.egg-info/entry_points.txt
[1.728s] writing requirements to ../../../build/crazyflie_simulation/crazyflie_simulation.egg-info/requires.txt
[1.730s] writing top-level names to ../../../build/crazyflie_simulation/crazyflie_simulation.egg-info/top_level.txt
[1.785s] reading manifest file '../../../build/crazyflie_simulation/crazyflie_simulation.egg-info/SOURCES.txt'
[1.786s] writing manifest file '../../../build/crazyflie_simulation/crazyflie_simulation.egg-info/SOURCES.txt'
[1.786s] running build
[1.786s] running build_py
[1.786s] running install
[1.788s] running install_lib
[1.790s] running install_data
[1.791s] running install_egg_info
[1.793s] removing '/home/tdeng23/ros2_ws/install/crazyflie_simulation/lib/python3.8/site-packages/crazyflie_simulation-0.0.0-py3.8.egg-info' (and everything under it)
[1.793s] Copying ../../../build/crazyflie_simulation/crazyflie_simulation.egg-info to /home/tdeng23/ros2_ws/install/crazyflie_simulation/lib/python3.8/site-packages/crazyflie_simulation-0.0.0-py3.8.egg-info
[1.794s] running install_scripts
[1.820s] Installing crazyflie_webots_driver script to /home/tdeng23/ros2_ws/install/crazyflie_simulation/lib/crazyflie_simulation
[1.821s] Installing supervisor_driver script to /home/tdeng23/ros2_ws/install/crazyflie_simulation/lib/crazyflie_simulation
[1.821s] writing list of installed files to '/home/tdeng23/ros2_ws/build/crazyflie_simulation/install.log'
[1.847s] Invoked command in '/home/tdeng23/ros2_ws/src/crazyswarm2/crazyflie_simulation' returned '0': PYTHONPATH=/home/tdeng23/ros2_ws/build/crazyflie_simulation/prefix_override:/home/tdeng23/ros2_ws/install/crazyflie_simulation/lib/python3.8/site-packages:${PYTHONPATH} /usr/bin/python3 setup.py egg_info --egg-base ../../../build/crazyflie_simulation build --build-base /home/tdeng23/ros2_ws/build/crazyflie_simulation/build install --record /home/tdeng23/ros2_ws/build/crazyflie_simulation/install.log --single-version-externally-managed
