[0.935s] Invoking command in '/home/tdeng23/ros2_ws/build/crazyflie_py': AMENT_PREFIX_PATH=/home/tdeng23/ros2_ws/install/crazyflie_interfaces:${AMENT_PREFIX_PATH} CMAKE_PREFIX_PATH=/home/tdeng23/ros2_ws/install/crazyflie_interfaces LD_LIBRARY_PATH=/home/tdeng23/ros2_ws/install/crazyflie_interfaces/lib:${LD_LIBRARY_PATH} PYTHONPATH=/home/tdeng23/ros2_ws/build/crazyflie_py/prefix_override:/home/tdeng23/ros2_ws/install/crazyflie_py/lib/python3.8/site-packages:/home/tdeng23/ros2_ws/install/crazyflie_interfaces/lib/python3.8/site-packages:${PYTHONPATH} /usr/bin/python3 setup.py develop --uninstall --editable --build-directory /home/tdeng23/ros2_ws/build/crazyflie_py/build
[1.149s] running develop
[1.304s] Invoked command in '/home/tdeng23/ros2_ws/build/crazyflie_py' returned '0': AMENT_PREFIX_PATH=/home/tdeng23/ros2_ws/install/crazyflie_interfaces:${AMENT_PREFIX_PATH} CMAKE_PREFIX_PATH=/home/tdeng23/ros2_ws/install/crazyflie_interfaces LD_LIBRARY_PATH=/home/tdeng23/ros2_ws/install/crazyflie_interfaces/lib:${LD_LIBRARY_PATH} PYTHONPATH=/home/tdeng23/ros2_ws/build/crazyflie_py/prefix_override:/home/tdeng23/ros2_ws/install/crazyflie_py/lib/python3.8/site-packages:/home/tdeng23/ros2_ws/install/crazyflie_interfaces/lib/python3.8/site-packages:${PYTHONPATH} /usr/bin/python3 setup.py develop --uninstall --editable --build-directory /home/tdeng23/ros2_ws/build/crazyflie_py/build
[1.307s] Invoking command in '/home/tdeng23/ros2_ws/src/crazyswarm2/crazyflie_py': AMENT_PREFIX_PATH=/home/tdeng23/ros2_ws/install/crazyflie_interfaces:${AMENT_PREFIX_PATH} CMAKE_PREFIX_PATH=/home/tdeng23/ros2_ws/install/crazyflie_interfaces LD_LIBRARY_PATH=/home/tdeng23/ros2_ws/install/crazyflie_interfaces/lib:${LD_LIBRARY_PATH} PYTHONPATH=/home/tdeng23/ros2_ws/build/crazyflie_py/prefix_override:/home/tdeng23/ros2_ws/install/crazyflie_py/lib/python3.8/site-packages:/home/tdeng23/ros2_ws/install/crazyflie_interfaces/lib/python3.8/site-packages:${PYTHONPATH} /usr/bin/python3 setup.py egg_info --egg-base ../../../build/crazyflie_py build --build-base /home/tdeng23/ros2_ws/build/crazyflie_py/build install --record /home/tdeng23/ros2_ws/build/crazyflie_py/install.log --single-version-externally-managed
[1.507s] running egg_info
[1.508s] writing ../../../build/crazyflie_py/crazyflie_py.egg-info/PKG-INFO
[1.510s] writing dependency_links to ../../../build/crazyflie_py/crazyflie_py.egg-info/dependency_links.txt
[1.510s] writing entry points to ../../../build/crazyflie_py/crazyflie_py.egg-info/entry_points.txt
[1.510s] writing requirements to ../../../build/crazyflie_py/crazyflie_py.egg-info/requires.txt
[1.510s] writing top-level names to ../../../build/crazyflie_py/crazyflie_py.egg-info/top_level.txt
[1.543s] reading manifest file '../../../build/crazyflie_py/crazyflie_py.egg-info/SOURCES.txt'
[1.543s] writing manifest file '../../../build/crazyflie_py/crazyflie_py.egg-info/SOURCES.txt'
[1.544s] running build
[1.544s] running build_py
[1.545s] running install
[1.545s] running install_lib
[1.547s] running install_data
[1.548s] running install_egg_info
[1.549s] removing '/home/tdeng23/ros2_ws/install/crazyflie_py/lib/python3.8/site-packages/crazyflie_py-2.0.0-py3.8.egg-info' (and everything under it)
[1.549s] Copying ../../../build/crazyflie_py/crazyflie_py.egg-info to /home/tdeng23/ros2_ws/install/crazyflie_py/lib/python3.8/site-packages/crazyflie_py-2.0.0-py3.8.egg-info
[1.550s] running install_scripts
[1.565s] writing list of installed files to '/home/tdeng23/ros2_ws/build/crazyflie_py/install.log'
[1.585s] Invoked command in '/home/tdeng23/ros2_ws/src/crazyswarm2/crazyflie_py' returned '0': AMENT_PREFIX_PATH=/home/tdeng23/ros2_ws/install/crazyflie_interfaces:${AMENT_PREFIX_PATH} CMAKE_PREFIX_PATH=/home/tdeng23/ros2_ws/install/crazyflie_interfaces LD_LIBRARY_PATH=/home/tdeng23/ros2_ws/install/crazyflie_interfaces/lib:${LD_LIBRARY_PATH} PYTHONPATH=/home/tdeng23/ros2_ws/build/crazyflie_py/prefix_override:/home/tdeng23/ros2_ws/install/crazyflie_py/lib/python3.8/site-packages:/home/tdeng23/ros2_ws/install/crazyflie_interfaces/lib/python3.8/site-packages:${PYTHONPATH} /usr/bin/python3 setup.py egg_info --egg-base ../../../build/crazyflie_py build --build-base /home/tdeng23/ros2_ws/build/crazyflie_py/build install --record /home/tdeng23/ros2_ws/build/crazyflie_py/install.log --single-version-externally-managed
