[0.837s] Invoking command in '/home/nicxe/ros2_ws/src/crazyswarm2/crazyflie_ros2_simulation': PYTHONPATH=/home/nicxe/ros2_ws/build/crazyflie_ros2_simulation/prefix_override:/home/nicxe/ros2_ws/install/crazyflie_ros2_simulation/lib/python3.8/site-packages:${PYTHONPATH} /usr/bin/python3 setup.py egg_info --egg-base ../../../build/crazyflie_ros2_simulation build --build-base /home/nicxe/ros2_ws/build/crazyflie_ros2_simulation/build install --record /home/nicxe/ros2_ws/build/crazyflie_ros2_simulation/install.log --single-version-externally-managed
[1.012s] running egg_info
[1.012s] writing ../../../build/crazyflie_ros2_simulation/crazyflie_ros2_simulation.egg-info/PKG-INFO
[1.012s] writing dependency_links to ../../../build/crazyflie_ros2_simulation/crazyflie_ros2_simulation.egg-info/dependency_links.txt
[1.013s] writing entry points to ../../../build/crazyflie_ros2_simulation/crazyflie_ros2_simulation.egg-info/entry_points.txt
[1.013s] writing requirements to ../../../build/crazyflie_ros2_simulation/crazyflie_ros2_simulation.egg-info/requires.txt
[1.013s] writing top-level names to ../../../build/crazyflie_ros2_simulation/crazyflie_ros2_simulation.egg-info/top_level.txt
[1.037s] reading manifest file '../../../build/crazyflie_ros2_simulation/crazyflie_ros2_simulation.egg-info/SOURCES.txt'
[1.038s] writing manifest file '../../../build/crazyflie_ros2_simulation/crazyflie_ros2_simulation.egg-info/SOURCES.txt'
[1.038s] running build
[1.038s] running build_py
[1.038s] running install
[1.038s] running install_lib
[1.039s] running install_data
[1.040s] running install_egg_info
[1.041s] removing '/home/nicxe/ros2_ws/install/crazyflie_ros2_simulation/lib/python3.8/site-packages/crazyflie_ros2_simulation-0.0.0-py3.8.egg-info' (and everything under it)
[1.041s] Copying ../../../build/crazyflie_ros2_simulation/crazyflie_ros2_simulation.egg-info to /home/nicxe/ros2_ws/install/crazyflie_ros2_simulation/lib/python3.8/site-packages/crazyflie_ros2_simulation-0.0.0-py3.8.egg-info
[1.042s] running install_scripts
[1.054s] Installing crazyflie_webots_driver script to /home/nicxe/ros2_ws/install/crazyflie_ros2_simulation/lib/crazyflie_ros2_simulation
[1.054s] writing list of installed files to '/home/nicxe/ros2_ws/build/crazyflie_ros2_simulation/install.log'
[1.099s] Invoked command in '/home/nicxe/ros2_ws/src/crazyswarm2/crazyflie_ros2_simulation' returned '0': PYTHONPATH=/home/nicxe/ros2_ws/build/crazyflie_ros2_simulation/prefix_override:/home/nicxe/ros2_ws/install/crazyflie_ros2_simulation/lib/python3.8/site-packages:${PYTHONPATH} /usr/bin/python3 setup.py egg_info --egg-base ../../../build/crazyflie_ros2_simulation build --build-base /home/nicxe/ros2_ws/build/crazyflie_ros2_simulation/build install --record /home/nicxe/ros2_ws/build/crazyflie_ros2_simulation/install.log --single-version-externally-managed
