[0.270s] Invoking command in '/home/tdeng23/ros2_ws/src/crazyswarm2/build/crazyflie_ros2_interfaces': CMAKE_PREFIX_PATH=/opt/ros/galactic /home/tdeng23/.local/bin/cmake /home/tdeng23/ros2_ws/src/crazyswarm2/crazyflie_ros2_interfaces -DCMAKE_INSTALL_PREFIX=/home/tdeng23/ros2_ws/src/crazyswarm2/install/crazyflie_ros2_interfaces
[0.998s] -- The C compiler identification is GNU 9.4.0
[0.998s] -- The CXX compiler identification is GNU 9.4.0
[0.998s] -- Detecting C compiler ABI info
[0.998s] -- Detecting C compiler ABI info - done
[0.998s] -- Check for working C compiler: /usr/bin/cc - skipped
[0.998s] -- Detecting C compile features
[0.999s] -- Detecting C compile features - done
[0.999s] -- Detecting CXX compiler ABI info
[0.999s] -- Detecting CXX compiler ABI info - done
[0.999s] -- Check for working CXX compiler: /usr/bin/c++ - skipped
[0.999s] -- Detecting CXX compile features
[0.999s] -- Detecting CXX compile features - done
[0.999s] -- Found ament_cmake: 1.1.6 (/opt/ros/galactic/share/ament_cmake/cmake)
[0.999s] -- Found PythonInterp: /usr/bin/python3 (found suitable version "3.8.10", minimum required is "3") 
[1.000s] -- Using PYTHON_EXECUTABLE: /usr/bin/python3
[1.000s] -- Found ament_lint_auto: 0.10.7 (/opt/ros/galactic/share/ament_lint_auto/cmake)
[1.000s] -- Found rosidl_default_generators: 1.1.1 (/opt/ros/galactic/share/rosidl_default_generators/cmake)
[1.000s] -- Using all available rosidl_typesupport_c: rosidl_typesupport_fastrtps_c;rosidl_typesupport_introspection_c
[1.000s] -- Found rosidl_adapter: 2.2.3 (/opt/ros/galactic/share/rosidl_adapter/cmake)
[1.000s] -- Found OpenSSL: /usr/lib/x86_64-linux-gnu/libcrypto.so (found version "1.1.1f")  
[1.000s] -- Found FastRTPS: /opt/ros/galactic/include  
[1.000s] -- Using all available rosidl_typesupport_cpp: rosidl_typesupport_fastrtps_cpp;rosidl_typesupport_introspection_cpp
[1.012s] -- Found PythonInterp: /usr/bin/python3 (found version "3.8.10") 
[1.202s] -- Found ament_cmake_ros: 0.9.2 (/opt/ros/galactic/share/ament_cmake_ros/cmake)
[1.428s] -- Using all available rosidl_typesupport_c: rosidl_typesupport_fastrtps_c;rosidl_typesupport_introspection_c
[1.467s] -- Using all available rosidl_typesupport_cpp: rosidl_typesupport_fastrtps_cpp;rosidl_typesupport_introspection_cpp
[1.505s] -- Found PythonInterp: /usr/bin/python3 (found suitable version "3.8.10", minimum required is "3.5") 
[1.508s] -- Found python_cmake_module: 0.8.1 (/opt/ros/galactic/share/python_cmake_module/cmake)
[1.551s] -- Found PythonLibs: /usr/lib/x86_64-linux-gnu/libpython3.8.so (found suitable version "3.8.10", minimum required is "3.5") 
[1.552s] -- Using PYTHON_EXECUTABLE: /usr/bin/python3
[1.552s] -- Using PYTHON_INCLUDE_DIRS: /usr/include/python3.8
[1.552s] -- Using PYTHON_LIBRARIES: /usr/lib/x86_64-linux-gnu/libpython3.8.so
[1.583s] -- Found PythonExtra: .so  
[1.659s] -- Added test 'copyright' to check source files copyright and LICENSE
[1.661s] -- Added test 'lint_cmake' to check CMake code style
[1.662s] -- Added test 'xmllint' to check XML markup files
[1.668s] -- Configuring done (1.4s)
[1.719s] -- Generating done (0.0s)
[1.723s] -- Build files have been written to: /home/tdeng23/ros2_ws/src/crazyswarm2/build/crazyflie_ros2_interfaces
[1.742s] Invoked command in '/home/tdeng23/ros2_ws/src/crazyswarm2/build/crazyflie_ros2_interfaces' returned '0': CMAKE_PREFIX_PATH=/opt/ros/galactic /home/tdeng23/.local/bin/cmake /home/tdeng23/ros2_ws/src/crazyswarm2/crazyflie_ros2_interfaces -DCMAKE_INSTALL_PREFIX=/home/tdeng23/ros2_ws/src/crazyswarm2/install/crazyflie_ros2_interfaces
[1.743s] Invoking command in '/home/tdeng23/ros2_ws/src/crazyswarm2/build/crazyflie_ros2_interfaces': CMAKE_PREFIX_PATH=/opt/ros/galactic /home/tdeng23/.local/bin/cmake --build /home/tdeng23/ros2_ws/src/crazyswarm2/build/crazyflie_ros2_interfaces -- -j8 -l8
[2.128s] [  3%] [34m[1mGenerating C code for ROS interfaces[0m
[2.129s] [  6%] [34m[1mGenerating C++ code for ROS interfaces[0m
[2.526s] [  6%] Built target crazyflie_ros2_interfaces__cpp
[2.530s] [  9%] [34m[1mGenerating C++ introspection for ROS interfaces[0m
[2.530s] [ 16%] [34m[1mGenerating C++ type support for eProsima Fast-RTPS[0m
[2.531s] [ 16%] [34m[1mGenerating C++ type support dispatch for ROS interfaces[0m
[2.548s] [ 19%] [32mBuilding C object CMakeFiles/crazyflie_ros2_interfaces__rosidl_generator_c.dir/rosidl_generator_c/crazyflie_ros2_interfaces/action/detail/multi_ranger_scan__functions.c.o[0m
[2.735s] [ 22%] [32m[1mLinking C shared library libcrazyflie_ros2_interfaces__rosidl_generator_c.so[0m
[2.774s] [ 22%] Built target crazyflie_ros2_interfaces__rosidl_generator_c
[2.794s] [ 29%] [34m[1mGenerating C type support dispatch for ROS interfaces[0m
[2.795s] [ 29%] [34m[1mGenerating C introspection for ROS interfaces[0m
[2.990s] [ 32%] [32mBuilding CXX object CMakeFiles/crazyflie_ros2_interfaces__rosidl_typesupport_cpp.dir/rosidl_typesupport_cpp/crazyflie_ros2_interfaces/action/multi_ranger_scan__type_support.cpp.o[0m
[3.052s] [ 35%] [32mBuilding CXX object CMakeFiles/crazyflie_ros2_interfaces__rosidl_typesupport_introspection_cpp.dir/rosidl_typesupport_introspection_cpp/crazyflie_ros2_interfaces/action/detail/multi_ranger_scan__type_support.cpp.o[0m
[3.114s] [ 38%] [32mBuilding CXX object CMakeFiles/crazyflie_ros2_interfaces__rosidl_typesupport_fastrtps_cpp.dir/rosidl_typesupport_fastrtps_cpp/crazyflie_ros2_interfaces/action/detail/dds_fastrtps/multi_ranger_scan__type_support.cpp.o[0m
[3.203s] [ 41%] [32mBuilding C object CMakeFiles/crazyflie_ros2_interfaces__rosidl_typesupport_introspection_c.dir/rosidl_typesupport_introspection_c/crazyflie_ros2_interfaces/action/detail/multi_ranger_scan__type_support.c.o[0m
[3.213s] [ 45%] [32mBuilding CXX object CMakeFiles/crazyflie_ros2_interfaces__rosidl_typesupport_c.dir/rosidl_typesupport_c/crazyflie_ros2_interfaces/action/multi_ranger_scan__type_support.cpp.o[0m
[3.259s] [ 48%] [32m[1mLinking C shared library libcrazyflie_ros2_interfaces__rosidl_typesupport_introspection_c.so[0m
[3.283s] [ 51%] [32m[1mLinking CXX shared library libcrazyflie_ros2_interfaces__rosidl_typesupport_c.so[0m
[3.284s] [ 51%] Built target crazyflie_ros2_interfaces__rosidl_typesupport_introspection_c
[3.328s] [ 51%] Built target crazyflie_ros2_interfaces__rosidl_typesupport_c
[3.688s] [ 54%] [32m[1mLinking CXX shared library libcrazyflie_ros2_interfaces__rosidl_typesupport_introspection_cpp.so[0m
[3.704s] [ 58%] [32m[1mLinking CXX shared library libcrazyflie_ros2_interfaces__rosidl_typesupport_cpp.so[0m
[3.725s] [ 61%] [32m[1mLinking CXX shared library libcrazyflie_ros2_interfaces__rosidl_typesupport_fastrtps_cpp.so[0m
[3.747s] [ 61%] Built target crazyflie_ros2_interfaces__rosidl_typesupport_cpp
[3.758s] [ 61%] Built target crazyflie_ros2_interfaces__rosidl_typesupport_introspection_cpp
[3.793s] [ 61%] Built target crazyflie_ros2_interfaces__rosidl_typesupport_fastrtps_cpp
[3.797s] [ 64%] [34m[1mGenerating C type support for eProsima Fast-RTPS[0m
[4.134s] [ 67%] [32mBuilding CXX object CMakeFiles/crazyflie_ros2_interfaces__rosidl_typesupport_fastrtps_c.dir/rosidl_typesupport_fastrtps_c/crazyflie_ros2_interfaces/action/detail/multi_ranger_scan__type_support_c.cpp.o[0m
[4.604s] [ 70%] [32m[1mLinking CXX shared library libcrazyflie_ros2_interfaces__rosidl_typesupport_fastrtps_c.so[0m
[4.683s] [ 70%] Built target crazyflie_ros2_interfaces__rosidl_typesupport_fastrtps_c
[4.690s] [ 70%] Built target crazyflie_ros2_interfaces
[4.697s] [ 74%] [34m[1mGenerating Python code for ROS interfaces[0m
[5.754s] [ 74%] Built target crazyflie_ros2_interfaces__py
[5.795s] [ 77%] [32mBuilding C object CMakeFiles/crazyflie_ros2_interfaces__python.dir/rosidl_generator_py/crazyflie_ros2_interfaces/action/_multi_ranger_scan_s.c.o[0m
[6.104s] [ 80%] [32m[1mLinking C shared library rosidl_generator_py/crazyflie_ros2_interfaces/libcrazyflie_ros2_interfaces__python.so[0m
[6.177s] [ 80%] Built target crazyflie_ros2_interfaces__python
[6.205s] [ 83%] [32mBuilding C object CMakeFiles/crazyflie_ros2_interfaces__rosidl_typesupport_fastrtps_c__pyext.dir/rosidl_generator_py/crazyflie_ros2_interfaces/_crazyflie_ros2_interfaces_s.ep.rosidl_typesupport_fastrtps_c.c.o[0m
[6.206s] [ 87%] [32mBuilding C object CMakeFiles/crazyflie_ros2_interfaces__rosidl_typesupport_c__pyext.dir/rosidl_generator_py/crazyflie_ros2_interfaces/_crazyflie_ros2_interfaces_s.ep.rosidl_typesupport_c.c.o[0m
[6.237s] [ 90%] [32mBuilding C object CMakeFiles/crazyflie_ros2_interfaces__rosidl_typesupport_introspection_c__pyext.dir/rosidl_generator_py/crazyflie_ros2_interfaces/_crazyflie_ros2_interfaces_s.ep.rosidl_typesupport_introspection_c.c.o[0m
[6.424s] [ 93%] [32m[1mLinking C shared library rosidl_generator_py/crazyflie_ros2_interfaces/crazyflie_ros2_interfaces_s__rosidl_typesupport_c.cpython-38-x86_64-linux-gnu.so[0m
[6.430s] [ 96%] [32m[1mLinking C shared library rosidl_generator_py/crazyflie_ros2_interfaces/crazyflie_ros2_interfaces_s__rosidl_typesupport_introspection_c.cpython-38-x86_64-linux-gnu.so[0m
[6.431s] [100%] [32m[1mLinking CXX shared library rosidl_generator_py/crazyflie_ros2_interfaces/crazyflie_ros2_interfaces_s__rosidl_typesupport_fastrtps_c.cpython-38-x86_64-linux-gnu.so[0m
[6.513s] [100%] Built target crazyflie_ros2_interfaces__rosidl_typesupport_c__pyext
[6.529s] [100%] Built target crazyflie_ros2_interfaces__rosidl_typesupport_introspection_c__pyext
[6.592s] [100%] Built target crazyflie_ros2_interfaces__rosidl_typesupport_fastrtps_c__pyext
[6.614s] Invoked command in '/home/tdeng23/ros2_ws/src/crazyswarm2/build/crazyflie_ros2_interfaces' returned '0': CMAKE_PREFIX_PATH=/opt/ros/galactic /home/tdeng23/.local/bin/cmake --build /home/tdeng23/ros2_ws/src/crazyswarm2/build/crazyflie_ros2_interfaces -- -j8 -l8
[6.799s] Invoking command in '/home/tdeng23/ros2_ws/src/crazyswarm2/build/crazyflie_ros2_interfaces': CMAKE_PREFIX_PATH=/opt/ros/galactic /home/tdeng23/.local/bin/cmake --install /home/tdeng23/ros2_ws/src/crazyswarm2/build/crazyflie_ros2_interfaces
[6.852s] -- Install configuration: ""
[6.852s] -- Installing: /home/tdeng23/ros2_ws/src/crazyswarm2/install/crazyflie_ros2_interfaces/share/ament_index/resource_index/rosidl_interfaces/crazyflie_ros2_interfaces
[6.852s] -- Installing: /home/tdeng23/ros2_ws/src/crazyswarm2/install/crazyflie_ros2_interfaces/include/crazyflie_ros2_interfaces
[6.852s] -- Installing: /home/tdeng23/ros2_ws/src/crazyswarm2/install/crazyflie_ros2_interfaces/include/crazyflie_ros2_interfaces/action
[6.852s] -- Installing: /home/tdeng23/ros2_ws/src/crazyswarm2/install/crazyflie_ros2_interfaces/include/crazyflie_ros2_interfaces/action/multi_ranger_scan.h
[6.853s] -- Installing: /home/tdeng23/ros2_ws/src/crazyswarm2/install/crazyflie_ros2_interfaces/include/crazyflie_ros2_interfaces/action/detail
[6.853s] -- Installing: /home/tdeng23/ros2_ws/src/crazyswarm2/install/crazyflie_ros2_interfaces/include/crazyflie_ros2_interfaces/action/detail/multi_ranger_scan__struct.h
[6.853s] -- Installing: /home/tdeng23/ros2_ws/src/crazyswarm2/install/crazyflie_ros2_interfaces/include/crazyflie_ros2_interfaces/action/detail/multi_ranger_scan__functions.c
[6.853s] -- Installing: /home/tdeng23/ros2_ws/src/crazyswarm2/install/crazyflie_ros2_interfaces/include/crazyflie_ros2_interfaces/action/detail/multi_ranger_scan__functions.h
[6.853s] -- Installing: /home/tdeng23/ros2_ws/src/crazyswarm2/install/crazyflie_ros2_interfaces/include/crazyflie_ros2_interfaces/action/detail/multi_ranger_scan__type_support.h
[6.853s] -- Installing: /home/tdeng23/ros2_ws/src/crazyswarm2/install/crazyflie_ros2_interfaces/include/crazyflie_ros2_interfaces/msg
[6.853s] -- Installing: /home/tdeng23/ros2_ws/src/crazyswarm2/install/crazyflie_ros2_interfaces/include/crazyflie_ros2_interfaces/msg/rosidl_generator_c__visibility_control.h
[6.853s] -- Installing: /home/tdeng23/ros2_ws/src/crazyswarm2/install/crazyflie_ros2_interfaces/share/crazyflie_ros2_interfaces/environment/library_path.sh
[6.854s] -- Installing: /home/tdeng23/ros2_ws/src/crazyswarm2/install/crazyflie_ros2_interfaces/share/crazyflie_ros2_interfaces/environment/library_path.dsv
[6.854s] -- Installing: /home/tdeng23/ros2_ws/src/crazyswarm2/install/crazyflie_ros2_interfaces/lib/libcrazyflie_ros2_interfaces__rosidl_generator_c.so
[6.854s] -- Set runtime path of "/home/tdeng23/ros2_ws/src/crazyswarm2/install/crazyflie_ros2_interfaces/lib/libcrazyflie_ros2_interfaces__rosidl_generator_c.so" to ""
[6.854s] -- Up-to-date: /home/tdeng23/ros2_ws/src/crazyswarm2/install/crazyflie_ros2_interfaces/include/crazyflie_ros2_interfaces
[6.855s] -- Up-to-date: /home/tdeng23/ros2_ws/src/crazyswarm2/install/crazyflie_ros2_interfaces/include/crazyflie_ros2_interfaces/action
[6.855s] -- Up-to-date: /home/tdeng23/ros2_ws/src/crazyswarm2/install/crazyflie_ros2_interfaces/include/crazyflie_ros2_interfaces/action/detail
[6.855s] -- Installing: /home/tdeng23/ros2_ws/src/crazyswarm2/install/crazyflie_ros2_interfaces/include/crazyflie_ros2_interfaces/action/detail/multi_ranger_scan__rosidl_typesupport_fastrtps_c.h
[6.855s] -- Up-to-date: /home/tdeng23/ros2_ws/src/crazyswarm2/install/crazyflie_ros2_interfaces/include/crazyflie_ros2_interfaces/msg
[6.855s] -- Installing: /home/tdeng23/ros2_ws/src/crazyswarm2/install/crazyflie_ros2_interfaces/include/crazyflie_ros2_interfaces/msg/rosidl_typesupport_fastrtps_c__visibility_control.h
[6.855s] -- Installing: /home/tdeng23/ros2_ws/src/crazyswarm2/install/crazyflie_ros2_interfaces/lib/libcrazyflie_ros2_interfaces__rosidl_typesupport_fastrtps_c.so
[6.855s] -- Set runtime path of "/home/tdeng23/ros2_ws/src/crazyswarm2/install/crazyflie_ros2_interfaces/lib/libcrazyflie_ros2_interfaces__rosidl_typesupport_fastrtps_c.so" to ""
[6.855s] -- Up-to-date: /home/tdeng23/ros2_ws/src/crazyswarm2/install/crazyflie_ros2_interfaces/include/crazyflie_ros2_interfaces
[6.856s] -- Up-to-date: /home/tdeng23/ros2_ws/src/crazyswarm2/install/crazyflie_ros2_interfaces/include/crazyflie_ros2_interfaces/action
[6.856s] -- Up-to-date: /home/tdeng23/ros2_ws/src/crazyswarm2/install/crazyflie_ros2_interfaces/include/crazyflie_ros2_interfaces/action/detail
[6.856s] -- Installing: /home/tdeng23/ros2_ws/src/crazyswarm2/install/crazyflie_ros2_interfaces/include/crazyflie_ros2_interfaces/action/detail/multi_ranger_scan__rosidl_typesupport_fastrtps_cpp.hpp
[6.856s] -- Installing: /home/tdeng23/ros2_ws/src/crazyswarm2/install/crazyflie_ros2_interfaces/include/crazyflie_ros2_interfaces/action/detail/dds_fastrtps
[6.856s] -- Up-to-date: /home/tdeng23/ros2_ws/src/crazyswarm2/install/crazyflie_ros2_interfaces/include/crazyflie_ros2_interfaces/msg
[6.856s] -- Installing: /home/tdeng23/ros2_ws/src/crazyswarm2/install/crazyflie_ros2_interfaces/include/crazyflie_ros2_interfaces/msg/rosidl_typesupport_fastrtps_cpp__visibility_control.h
[6.856s] -- Installing: /home/tdeng23/ros2_ws/src/crazyswarm2/install/crazyflie_ros2_interfaces/lib/libcrazyflie_ros2_interfaces__rosidl_typesupport_fastrtps_cpp.so
[6.857s] -- Set runtime path of "/home/tdeng23/ros2_ws/src/crazyswarm2/install/crazyflie_ros2_interfaces/lib/libcrazyflie_ros2_interfaces__rosidl_typesupport_fastrtps_cpp.so" to ""
[6.857s] -- Up-to-date: /home/tdeng23/ros2_ws/src/crazyswarm2/install/crazyflie_ros2_interfaces/include/crazyflie_ros2_interfaces
[6.857s] -- Up-to-date: /home/tdeng23/ros2_ws/src/crazyswarm2/install/crazyflie_ros2_interfaces/include/crazyflie_ros2_interfaces/action
[6.857s] -- Up-to-date: /home/tdeng23/ros2_ws/src/crazyswarm2/install/crazyflie_ros2_interfaces/include/crazyflie_ros2_interfaces/action/detail
[6.857s] -- Installing: /home/tdeng23/ros2_ws/src/crazyswarm2/install/crazyflie_ros2_interfaces/include/crazyflie_ros2_interfaces/action/detail/multi_ranger_scan__rosidl_typesupport_introspection_c.h
[6.857s] -- Installing: /home/tdeng23/ros2_ws/src/crazyswarm2/install/crazyflie_ros2_interfaces/include/crazyflie_ros2_interfaces/action/detail/multi_ranger_scan__type_support.c
[6.857s] -- Up-to-date: /home/tdeng23/ros2_ws/src/crazyswarm2/install/crazyflie_ros2_interfaces/include/crazyflie_ros2_interfaces/msg
[6.857s] -- Installing: /home/tdeng23/ros2_ws/src/crazyswarm2/install/crazyflie_ros2_interfaces/include/crazyflie_ros2_interfaces/msg/rosidl_typesupport_introspection_c__visibility_control.h
[6.860s] -- Installing: /home/tdeng23/ros2_ws/src/crazyswarm2/install/crazyflie_ros2_interfaces/lib/libcrazyflie_ros2_interfaces__rosidl_typesupport_introspection_c.so
[6.860s] -- Set runtime path of "/home/tdeng23/ros2_ws/src/crazyswarm2/install/crazyflie_ros2_interfaces/lib/libcrazyflie_ros2_interfaces__rosidl_typesupport_introspection_c.so" to ""
[6.860s] -- Installing: /home/tdeng23/ros2_ws/src/crazyswarm2/install/crazyflie_ros2_interfaces/lib/libcrazyflie_ros2_interfaces__rosidl_typesupport_c.so
[6.860s] -- Set runtime path of "/home/tdeng23/ros2_ws/src/crazyswarm2/install/crazyflie_ros2_interfaces/lib/libcrazyflie_ros2_interfaces__rosidl_typesupport_c.so" to ""
[6.861s] -- Up-to-date: /home/tdeng23/ros2_ws/src/crazyswarm2/install/crazyflie_ros2_interfaces/include/crazyflie_ros2_interfaces
[6.861s] -- Up-to-date: /home/tdeng23/ros2_ws/src/crazyswarm2/install/crazyflie_ros2_interfaces/include/crazyflie_ros2_interfaces/action
[6.861s] -- Up-to-date: /home/tdeng23/ros2_ws/src/crazyswarm2/install/crazyflie_ros2_interfaces/include/crazyflie_ros2_interfaces/action/detail
[6.861s] -- Installing: /home/tdeng23/ros2_ws/src/crazyswarm2/install/crazyflie_ros2_interfaces/include/crazyflie_ros2_interfaces/action/detail/multi_ranger_scan__traits.hpp
[6.861s] -- Installing: /home/tdeng23/ros2_ws/src/crazyswarm2/install/crazyflie_ros2_interfaces/include/crazyflie_ros2_interfaces/action/detail/multi_ranger_scan__struct.hpp
[6.861s] -- Installing: /home/tdeng23/ros2_ws/src/crazyswarm2/install/crazyflie_ros2_interfaces/include/crazyflie_ros2_interfaces/action/detail/multi_ranger_scan__builder.hpp
[6.861s] -- Installing: /home/tdeng23/ros2_ws/src/crazyswarm2/install/crazyflie_ros2_interfaces/include/crazyflie_ros2_interfaces/action/multi_ranger_scan.hpp
[6.862s] -- Up-to-date: /home/tdeng23/ros2_ws/src/crazyswarm2/install/crazyflie_ros2_interfaces/include/crazyflie_ros2_interfaces
[6.862s] -- Up-to-date: /home/tdeng23/ros2_ws/src/crazyswarm2/install/crazyflie_ros2_interfaces/include/crazyflie_ros2_interfaces/action
[6.862s] -- Up-to-date: /home/tdeng23/ros2_ws/src/crazyswarm2/install/crazyflie_ros2_interfaces/include/crazyflie_ros2_interfaces/action/detail
[6.862s] -- Installing: /home/tdeng23/ros2_ws/src/crazyswarm2/install/crazyflie_ros2_interfaces/include/crazyflie_ros2_interfaces/action/detail/multi_ranger_scan__rosidl_typesupport_introspection_cpp.hpp
[6.862s] -- Installing: /home/tdeng23/ros2_ws/src/crazyswarm2/install/crazyflie_ros2_interfaces/include/crazyflie_ros2_interfaces/action/detail/multi_ranger_scan__type_support.cpp
[6.862s] -- Installing: /home/tdeng23/ros2_ws/src/crazyswarm2/install/crazyflie_ros2_interfaces/lib/libcrazyflie_ros2_interfaces__rosidl_typesupport_introspection_cpp.so
[6.863s] -- Set runtime path of "/home/tdeng23/ros2_ws/src/crazyswarm2/install/crazyflie_ros2_interfaces/lib/libcrazyflie_ros2_interfaces__rosidl_typesupport_introspection_cpp.so" to ""
[6.863s] -- Installing: /home/tdeng23/ros2_ws/src/crazyswarm2/install/crazyflie_ros2_interfaces/lib/libcrazyflie_ros2_interfaces__rosidl_typesupport_cpp.so
[6.863s] -- Set runtime path of "/home/tdeng23/ros2_ws/src/crazyswarm2/install/crazyflie_ros2_interfaces/lib/libcrazyflie_ros2_interfaces__rosidl_typesupport_cpp.so" to ""
[6.863s] -- Installing: /home/tdeng23/ros2_ws/src/crazyswarm2/install/crazyflie_ros2_interfaces/share/crazyflie_ros2_interfaces/environment/pythonpath.sh
[6.863s] -- Installing: /home/tdeng23/ros2_ws/src/crazyswarm2/install/crazyflie_ros2_interfaces/share/crazyflie_ros2_interfaces/environment/pythonpath.dsv
[6.864s] -- Installing: /home/tdeng23/ros2_ws/src/crazyswarm2/install/crazyflie_ros2_interfaces/lib/python3.8/site-packages/crazyflie_ros2_interfaces/__init__.py
[6.910s] Compiling '/home/tdeng23/ros2_ws/src/crazyswarm2/install/crazyflie_ros2_interfaces/lib/python3.8/site-packages/crazyflie_ros2_interfaces/__init__.py'...
[6.916s] -- Installing: /home/tdeng23/ros2_ws/src/crazyswarm2/install/crazyflie_ros2_interfaces/lib/python3.8/site-packages/crazyflie_ros2_interfaces/action
[6.916s] -- Installing: /home/tdeng23/ros2_ws/src/crazyswarm2/install/crazyflie_ros2_interfaces/lib/python3.8/site-packages/crazyflie_ros2_interfaces/action/_multi_ranger_scan.py
[6.917s] -- Installing: /home/tdeng23/ros2_ws/src/crazyswarm2/install/crazyflie_ros2_interfaces/lib/python3.8/site-packages/crazyflie_ros2_interfaces/action/_multi_ranger_scan_s.c
[6.917s] -- Installing: /home/tdeng23/ros2_ws/src/crazyswarm2/install/crazyflie_ros2_interfaces/lib/python3.8/site-packages/crazyflie_ros2_interfaces/action/__init__.py
[6.918s] -- Installing: /home/tdeng23/ros2_ws/src/crazyswarm2/install/crazyflie_ros2_interfaces/lib/python3.8/site-packages/crazyflie_ros2_interfaces/crazyflie_ros2_interfaces_s__rosidl_typesupport_fastrtps_c.cpython-38-x86_64-linux-gnu.so
[6.918s] -- Set runtime path of "/home/tdeng23/ros2_ws/src/crazyswarm2/install/crazyflie_ros2_interfaces/lib/python3.8/site-packages/crazyflie_ros2_interfaces/crazyflie_ros2_interfaces_s__rosidl_typesupport_fastrtps_c.cpython-38-x86_64-linux-gnu.so" to ""
[6.919s] -- Installing: /home/tdeng23/ros2_ws/src/crazyswarm2/install/crazyflie_ros2_interfaces/lib/python3.8/site-packages/crazyflie_ros2_interfaces/crazyflie_ros2_interfaces_s__rosidl_typesupport_introspection_c.cpython-38-x86_64-linux-gnu.so
[6.919s] -- Set runtime path of "/home/tdeng23/ros2_ws/src/crazyswarm2/install/crazyflie_ros2_interfaces/lib/python3.8/site-packages/crazyflie_ros2_interfaces/crazyflie_ros2_interfaces_s__rosidl_typesupport_introspection_c.cpython-38-x86_64-linux-gnu.so" to ""
[6.920s] -- Installing: /home/tdeng23/ros2_ws/src/crazyswarm2/install/crazyflie_ros2_interfaces/lib/python3.8/site-packages/crazyflie_ros2_interfaces/crazyflie_ros2_interfaces_s__rosidl_typesupport_c.cpython-38-x86_64-linux-gnu.so
[6.920s] -- Set runtime path of "/home/tdeng23/ros2_ws/src/crazyswarm2/install/crazyflie_ros2_interfaces/lib/python3.8/site-packages/crazyflie_ros2_interfaces/crazyflie_ros2_interfaces_s__rosidl_typesupport_c.cpython-38-x86_64-linux-gnu.so" to ""
[6.921s] -- Installing: /home/tdeng23/ros2_ws/src/crazyswarm2/install/crazyflie_ros2_interfaces/lib/libcrazyflie_ros2_interfaces__python.so
[6.921s] -- Set runtime path of "/home/tdeng23/ros2_ws/src/crazyswarm2/install/crazyflie_ros2_interfaces/lib/libcrazyflie_ros2_interfaces__python.so" to ""
[6.922s] -- Installing: /home/tdeng23/ros2_ws/src/crazyswarm2/install/crazyflie_ros2_interfaces/share/crazyflie_ros2_interfaces/action/MultiRangerScan.idl
[6.922s] -- Installing: /home/tdeng23/ros2_ws/src/crazyswarm2/install/crazyflie_ros2_interfaces/share/crazyflie_ros2_interfaces/action/MultiRangerScan.action
[6.923s] -- Installing: /home/tdeng23/ros2_ws/src/crazyswarm2/install/crazyflie_ros2_interfaces/share/ament_index/resource_index/package_run_dependencies/crazyflie_ros2_interfaces
[6.923s] -- Installing: /home/tdeng23/ros2_ws/src/crazyswarm2/install/crazyflie_ros2_interfaces/share/ament_index/resource_index/parent_prefix_path/crazyflie_ros2_interfaces
[6.924s] -- Installing: /home/tdeng23/ros2_ws/src/crazyswarm2/install/crazyflie_ros2_interfaces/share/crazyflie_ros2_interfaces/environment/ament_prefix_path.sh
[6.924s] -- Installing: /home/tdeng23/ros2_ws/src/crazyswarm2/install/crazyflie_ros2_interfaces/share/crazyflie_ros2_interfaces/environment/ament_prefix_path.dsv
[6.924s] -- Installing: /home/tdeng23/ros2_ws/src/crazyswarm2/install/crazyflie_ros2_interfaces/share/crazyflie_ros2_interfaces/environment/path.sh
[6.925s] -- Installing: /home/tdeng23/ros2_ws/src/crazyswarm2/install/crazyflie_ros2_interfaces/share/crazyflie_ros2_interfaces/environment/path.dsv
[6.925s] -- Installing: /home/tdeng23/ros2_ws/src/crazyswarm2/install/crazyflie_ros2_interfaces/share/crazyflie_ros2_interfaces/local_setup.bash
[6.926s] -- Installing: /home/tdeng23/ros2_ws/src/crazyswarm2/install/crazyflie_ros2_interfaces/share/crazyflie_ros2_interfaces/local_setup.sh
[6.926s] -- Installing: /home/tdeng23/ros2_ws/src/crazyswarm2/install/crazyflie_ros2_interfaces/share/crazyflie_ros2_interfaces/local_setup.zsh
[6.926s] -- Installing: /home/tdeng23/ros2_ws/src/crazyswarm2/install/crazyflie_ros2_interfaces/share/crazyflie_ros2_interfaces/local_setup.dsv
[6.927s] -- Installing: /home/tdeng23/ros2_ws/src/crazyswarm2/install/crazyflie_ros2_interfaces/share/crazyflie_ros2_interfaces/package.dsv
[6.927s] -- Installing: /home/tdeng23/ros2_ws/src/crazyswarm2/install/crazyflie_ros2_interfaces/share/ament_index/resource_index/packages/crazyflie_ros2_interfaces
[6.928s] -- Installing: /home/tdeng23/ros2_ws/src/crazyswarm2/install/crazyflie_ros2_interfaces/share/crazyflie_ros2_interfaces/cmake/crazyflie_ros2_interfaces__rosidl_generator_cExport.cmake
[6.928s] -- Installing: /home/tdeng23/ros2_ws/src/crazyswarm2/install/crazyflie_ros2_interfaces/share/crazyflie_ros2_interfaces/cmake/crazyflie_ros2_interfaces__rosidl_generator_cExport-noconfig.cmake
[6.928s] -- Installing: /home/tdeng23/ros2_ws/src/crazyswarm2/install/crazyflie_ros2_interfaces/share/crazyflie_ros2_interfaces/cmake/crazyflie_ros2_interfaces__rosidl_typesupport_introspection_cExport.cmake
[6.929s] -- Installing: /home/tdeng23/ros2_ws/src/crazyswarm2/install/crazyflie_ros2_interfaces/share/crazyflie_ros2_interfaces/cmake/crazyflie_ros2_interfaces__rosidl_typesupport_introspection_cExport-noconfig.cmake
[6.929s] -- Installing: /home/tdeng23/ros2_ws/src/crazyswarm2/install/crazyflie_ros2_interfaces/share/crazyflie_ros2_interfaces/cmake/crazyflie_ros2_interfaces__rosidl_typesupport_cExport.cmake
[6.929s] -- Installing: /home/tdeng23/ros2_ws/src/crazyswarm2/install/crazyflie_ros2_interfaces/share/crazyflie_ros2_interfaces/cmake/crazyflie_ros2_interfaces__rosidl_typesupport_cExport-noconfig.cmake
[6.930s] -- Installing: /home/tdeng23/ros2_ws/src/crazyswarm2/install/crazyflie_ros2_interfaces/share/crazyflie_ros2_interfaces/cmake/crazyflie_ros2_interfaces__rosidl_generator_cppExport.cmake
[6.930s] -- Installing: /home/tdeng23/ros2_ws/src/crazyswarm2/install/crazyflie_ros2_interfaces/share/crazyflie_ros2_interfaces/cmake/crazyflie_ros2_interfaces__rosidl_typesupport_introspection_cppExport.cmake
[6.931s] -- Installing: /home/tdeng23/ros2_ws/src/crazyswarm2/install/crazyflie_ros2_interfaces/share/crazyflie_ros2_interfaces/cmake/crazyflie_ros2_interfaces__rosidl_typesupport_introspection_cppExport-noconfig.cmake
[6.931s] -- Installing: /home/tdeng23/ros2_ws/src/crazyswarm2/install/crazyflie_ros2_interfaces/share/crazyflie_ros2_interfaces/cmake/crazyflie_ros2_interfaces__rosidl_typesupport_cppExport.cmake
[6.932s] -- Installing: /home/tdeng23/ros2_ws/src/crazyswarm2/install/crazyflie_ros2_interfaces/share/crazyflie_ros2_interfaces/cmake/crazyflie_ros2_interfaces__rosidl_typesupport_cppExport-noconfig.cmake
[6.932s] -- Installing: /home/tdeng23/ros2_ws/src/crazyswarm2/install/crazyflie_ros2_interfaces/share/crazyflie_ros2_interfaces/cmake/rosidl_cmake-extras.cmake
[6.932s] -- Installing: /home/tdeng23/ros2_ws/src/crazyswarm2/install/crazyflie_ros2_interfaces/share/crazyflie_ros2_interfaces/cmake/ament_cmake_export_dependencies-extras.cmake
[6.933s] -- Installing: /home/tdeng23/ros2_ws/src/crazyswarm2/install/crazyflie_ros2_interfaces/share/crazyflie_ros2_interfaces/cmake/ament_cmake_export_libraries-extras.cmake
[6.933s] -- Installing: /home/tdeng23/ros2_ws/src/crazyswarm2/install/crazyflie_ros2_interfaces/share/crazyflie_ros2_interfaces/cmake/ament_cmake_export_targets-extras.cmake
[6.933s] -- Installing: /home/tdeng23/ros2_ws/src/crazyswarm2/install/crazyflie_ros2_interfaces/share/crazyflie_ros2_interfaces/cmake/ament_cmake_export_include_directories-extras.cmake
[6.934s] -- Installing: /home/tdeng23/ros2_ws/src/crazyswarm2/install/crazyflie_ros2_interfaces/share/crazyflie_ros2_interfaces/cmake/rosidl_cmake_export_typesupport_libraries-extras.cmake
[6.934s] -- Installing: /home/tdeng23/ros2_ws/src/crazyswarm2/install/crazyflie_ros2_interfaces/share/crazyflie_ros2_interfaces/cmake/rosidl_cmake_export_typesupport_targets-extras.cmake
[6.934s] -- Installing: /home/tdeng23/ros2_ws/src/crazyswarm2/install/crazyflie_ros2_interfaces/share/crazyflie_ros2_interfaces/cmake/crazyflie_ros2_interfacesConfig.cmake
[6.935s] -- Installing: /home/tdeng23/ros2_ws/src/crazyswarm2/install/crazyflie_ros2_interfaces/share/crazyflie_ros2_interfaces/cmake/crazyflie_ros2_interfacesConfig-version.cmake
[6.935s] -- Installing: /home/tdeng23/ros2_ws/src/crazyswarm2/install/crazyflie_ros2_interfaces/share/crazyflie_ros2_interfaces/package.xml
[6.948s] Invoked command in '/home/tdeng23/ros2_ws/src/crazyswarm2/build/crazyflie_ros2_interfaces' returned '0': CMAKE_PREFIX_PATH=/opt/ros/galactic /home/tdeng23/.local/bin/cmake --install /home/tdeng23/ros2_ws/src/crazyswarm2/build/crazyflie_ros2_interfaces
