[0.037s] Invoking command in '/home/tdeng23/ros2_ws/src/build/crazyflie_ros2_slam': CMAKE_PREFIX_PATH=${CMAKE_PREFIX_PATH}:/home/tdeng23/ros2_ws/install/my_package:/home/tdeng23/ros2_ws/install/crazyflie_simulation:/home/tdeng23/ros2_ws/install/crazyflie_ros2_simulation:/home/tdeng23/ros2_ws/install/crazyflie_ros2_simple_mapper:/home/tdeng23/ros2_ws/install/crazyflie_ros2_scan:/home/tdeng23/ros2_ws/install/crazyflie_ros2:/home/tdeng23/ros2_ws/install/crazyflie_py:/opt/ros/galactic /home/tdeng23/.local/bin/cmake /home/tdeng23/ros2_ws/src/crazyswarm2/crazyflie_ros2_slam -DAMENT_CMAKE_SYMLINK_INSTALL=1 -DCMAKE_INSTALL_PREFIX=/home/tdeng23/ros2_ws/src/install/crazyflie_ros2_slam
[0.271s] -- The C compiler identification is GNU 9.4.0
[0.303s] -- The CXX compiler identification is GNU 9.4.0
[0.320s] -- Detecting C compiler ABI info
[0.463s] -- Detecting C compiler ABI info - done
[0.483s] -- Check for working C compiler: /usr/bin/cc - skipped
[0.484s] -- Detecting C compile features
[0.484s] -- Detecting C compile features - done
[0.495s] -- Detecting CXX compiler ABI info
[0.835s] -- Detecting CXX compiler ABI info - done
[0.874s] -- Check for working CXX compiler: /usr/bin/c++ - skipped
[0.875s] -- Detecting CXX compile features
[0.876s] -- Detecting CXX compile features - done
[0.892s] -- Found ament_cmake: 1.1.6 (/opt/ros/galactic/share/ament_cmake/cmake)
[0.980s] -- Found PythonInterp: /usr/bin/python3 (found suitable version "3.8.10", minimum required is "3") 
[0.980s] -- Using PYTHON_EXECUTABLE: /usr/bin/python3
[1.117s] -- Override CMake install command with custom implementation using symlinks instead of copying resources
[1.188s] -- Found ament_lint_auto: 0.10.7 (/opt/ros/galactic/share/ament_lint_auto/cmake)
[1.420s] -- Added test 'copyright' to check source files copyright and LICENSE
[1.423s] -- Added test 'flake8' to check Python code syntax and style conventions
[1.425s] -- Added test 'lint_cmake' to check CMake code style
[1.427s] -- Added test 'pep257' to check Python code against some of the style conventions in PEP 257
[1.429s] -- Added test 'xmllint' to check XML markup files
[1.432s] -- Configuring done (1.3s)
[1.441s] -- Generating done (0.0s)
[1.448s] -- Build files have been written to: /home/tdeng23/ros2_ws/src/build/crazyflie_ros2_slam
[2.035s] Invoked command in '/home/tdeng23/ros2_ws/src/build/crazyflie_ros2_slam' returned '0': CMAKE_PREFIX_PATH=${CMAKE_PREFIX_PATH}:/home/tdeng23/ros2_ws/install/my_package:/home/tdeng23/ros2_ws/install/crazyflie_simulation:/home/tdeng23/ros2_ws/install/crazyflie_ros2_simulation:/home/tdeng23/ros2_ws/install/crazyflie_ros2_simple_mapper:/home/tdeng23/ros2_ws/install/crazyflie_ros2_scan:/home/tdeng23/ros2_ws/install/crazyflie_ros2:/home/tdeng23/ros2_ws/install/crazyflie_py:/opt/ros/galactic /home/tdeng23/.local/bin/cmake /home/tdeng23/ros2_ws/src/crazyswarm2/crazyflie_ros2_slam -DAMENT_CMAKE_SYMLINK_INSTALL=1 -DCMAKE_INSTALL_PREFIX=/home/tdeng23/ros2_ws/src/install/crazyflie_ros2_slam
[2.041s] Invoking command in '/home/tdeng23/ros2_ws/src/build/crazyflie_ros2_slam': CMAKE_PREFIX_PATH=${CMAKE_PREFIX_PATH}:/home/tdeng23/ros2_ws/install/my_package:/home/tdeng23/ros2_ws/install/crazyflie_simulation:/home/tdeng23/ros2_ws/install/crazyflie_ros2_simulation:/home/tdeng23/ros2_ws/install/crazyflie_ros2_simple_mapper:/home/tdeng23/ros2_ws/install/crazyflie_ros2_scan:/home/tdeng23/ros2_ws/install/crazyflie_ros2:/home/tdeng23/ros2_ws/install/crazyflie_py:/opt/ros/galactic /home/tdeng23/.local/bin/cmake --build /home/tdeng23/ros2_ws/src/build/crazyflie_ros2_slam -- -j8 -l8
[3.161s] Invoked command in '/home/tdeng23/ros2_ws/src/build/crazyflie_ros2_slam' returned '0': CMAKE_PREFIX_PATH=${CMAKE_PREFIX_PATH}:/home/tdeng23/ros2_ws/install/my_package:/home/tdeng23/ros2_ws/install/crazyflie_simulation:/home/tdeng23/ros2_ws/install/crazyflie_ros2_simulation:/home/tdeng23/ros2_ws/install/crazyflie_ros2_simple_mapper:/home/tdeng23/ros2_ws/install/crazyflie_ros2_scan:/home/tdeng23/ros2_ws/install/crazyflie_ros2:/home/tdeng23/ros2_ws/install/crazyflie_py:/opt/ros/galactic /home/tdeng23/.local/bin/cmake --build /home/tdeng23/ros2_ws/src/build/crazyflie_ros2_slam -- -j8 -l8
[3.402s] Invoking command in '/home/tdeng23/ros2_ws/src/build/crazyflie_ros2_slam': CMAKE_PREFIX_PATH=${CMAKE_PREFIX_PATH}:/home/tdeng23/ros2_ws/install/my_package:/home/tdeng23/ros2_ws/install/crazyflie_simulation:/home/tdeng23/ros2_ws/install/crazyflie_ros2_simulation:/home/tdeng23/ros2_ws/install/crazyflie_ros2_simple_mapper:/home/tdeng23/ros2_ws/install/crazyflie_ros2_scan:/home/tdeng23/ros2_ws/install/crazyflie_ros2:/home/tdeng23/ros2_ws/install/crazyflie_py:/opt/ros/galactic /home/tdeng23/.local/bin/cmake --install /home/tdeng23/ros2_ws/src/build/crazyflie_ros2_slam
[3.504s] -- Install configuration: ""
[3.505s] -- Execute custom install script
[3.506s] -- Symlinking: /home/tdeng23/ros2_ws/src/install/crazyflie_ros2_slam/share/crazyflie_ros2_slam/launch/slam_toolbox_mapping_real_launch.py
[3.533s] -- Symlinking: /home/tdeng23/ros2_ws/src/install/crazyflie_ros2_slam/share/crazyflie_ros2_slam/launch/slam_toolbox_mapping_simulation_launch.py
[3.541s] -- Symlinking: /home/tdeng23/ros2_ws/src/install/crazyflie_ros2_slam/share/crazyflie_ros2_slam/config/mapper_params_online_async.yaml
[3.546s] -- Symlinking: /home/tdeng23/ros2_ws/src/install/crazyflie_ros2_slam/share/ament_index/resource_index/package_run_dependencies/crazyflie_ros2_slam
[3.550s] -- Symlinking: /home/tdeng23/ros2_ws/src/install/crazyflie_ros2_slam/share/ament_index/resource_index/parent_prefix_path/crazyflie_ros2_slam
[3.555s] -- Symlinking: /home/tdeng23/ros2_ws/src/install/crazyflie_ros2_slam/share/crazyflie_ros2_slam/environment/ament_prefix_path.sh
[3.560s] -- Symlinking: /home/tdeng23/ros2_ws/src/install/crazyflie_ros2_slam/share/crazyflie_ros2_slam/environment/ament_prefix_path.dsv
[3.564s] -- Symlinking: /home/tdeng23/ros2_ws/src/install/crazyflie_ros2_slam/share/crazyflie_ros2_slam/environment/path.sh
[3.568s] -- Symlinking: /home/tdeng23/ros2_ws/src/install/crazyflie_ros2_slam/share/crazyflie_ros2_slam/environment/path.dsv
[3.573s] -- Symlinking: /home/tdeng23/ros2_ws/src/install/crazyflie_ros2_slam/share/crazyflie_ros2_slam/local_setup.bash
[3.578s] -- Symlinking: /home/tdeng23/ros2_ws/src/install/crazyflie_ros2_slam/share/crazyflie_ros2_slam/local_setup.sh
[3.582s] -- Symlinking: /home/tdeng23/ros2_ws/src/install/crazyflie_ros2_slam/share/crazyflie_ros2_slam/local_setup.zsh
[3.595s] -- Symlinking: /home/tdeng23/ros2_ws/src/install/crazyflie_ros2_slam/share/crazyflie_ros2_slam/local_setup.dsv
[3.599s] -- Symlinking: /home/tdeng23/ros2_ws/src/install/crazyflie_ros2_slam/share/crazyflie_ros2_slam/package.dsv
[3.603s] -- Symlinking: /home/tdeng23/ros2_ws/src/install/crazyflie_ros2_slam/share/ament_index/resource_index/packages/crazyflie_ros2_slam
[3.608s] -- Symlinking: /home/tdeng23/ros2_ws/src/install/crazyflie_ros2_slam/share/crazyflie_ros2_slam/cmake/crazyflie_ros2_slamConfig.cmake
[3.613s] -- Symlinking: /home/tdeng23/ros2_ws/src/install/crazyflie_ros2_slam/share/crazyflie_ros2_slam/cmake/crazyflie_ros2_slamConfig-version.cmake
[3.617s] -- Symlinking: /home/tdeng23/ros2_ws/src/install/crazyflie_ros2_slam/share/crazyflie_ros2_slam/package.xml
[3.645s] Invoked command in '/home/tdeng23/ros2_ws/src/build/crazyflie_ros2_slam' returned '0': CMAKE_PREFIX_PATH=${CMAKE_PREFIX_PATH}:/home/tdeng23/ros2_ws/install/my_package:/home/tdeng23/ros2_ws/install/crazyflie_simulation:/home/tdeng23/ros2_ws/install/crazyflie_ros2_simulation:/home/tdeng23/ros2_ws/install/crazyflie_ros2_simple_mapper:/home/tdeng23/ros2_ws/install/crazyflie_ros2_scan:/home/tdeng23/ros2_ws/install/crazyflie_ros2:/home/tdeng23/ros2_ws/install/crazyflie_py:/opt/ros/galactic /home/tdeng23/.local/bin/cmake --install /home/tdeng23/ros2_ws/src/build/crazyflie_ros2_slam
