[0.094s] Invoking command in '/home/tdeng23/ros2_ws/src/build/crazyflie_interfaces': CMAKE_PREFIX_PATH=${CMAKE_PREFIX_PATH}:/home/tdeng23/ros2_ws/install/my_package:/home/tdeng23/ros2_ws/install/crazyflie_simulation:/home/tdeng23/ros2_ws/install/crazyflie_ros2_simulation:/home/tdeng23/ros2_ws/install/crazyflie_ros2_simple_mapper:/home/tdeng23/ros2_ws/install/crazyflie_ros2_scan:/home/tdeng23/ros2_ws/install/crazyflie_ros2:/home/tdeng23/ros2_ws/install/crazyflie_py:/opt/ros/galactic /home/tdeng23/.local/bin/cmake /home/tdeng23/ros2_ws/src/crazyswarm2/crazyflie_interfaces -DAMENT_CMAKE_SYMLINK_INSTALL=1 -DCMAKE_INSTALL_PREFIX=/home/tdeng23/ros2_ws/src/install/crazyflie_interfaces
[1.219s] -- The C compiler identification is GNU 9.4.0
[1.220s] -- The CXX compiler identification is GNU 9.4.0
[1.220s] -- Detecting C compiler ABI info
[1.220s] -- Detecting C compiler ABI info - done
[1.220s] -- Check for working C compiler: /usr/bin/cc - skipped
[1.220s] -- Detecting C compile features
[1.220s] -- Detecting C compile features - done
[1.220s] -- Detecting CXX compiler ABI info
[1.220s] -- Detecting CXX compiler ABI info - done
[1.220s] -- Check for working CXX compiler: /usr/bin/c++ - skipped
[1.220s] -- Detecting CXX compile features
[1.221s] -- Detecting CXX compile features - done
[1.221s] -- Found ament_cmake: 1.1.6 (/opt/ros/galactic/share/ament_cmake/cmake)
[1.221s] -- Found PythonInterp: /usr/bin/python3 (found suitable version "3.8.10", minimum required is "3") 
[1.221s] -- Using PYTHON_EXECUTABLE: /usr/bin/python3
[1.221s] -- Override CMake install command with custom implementation using symlinks instead of copying resources
[1.221s] -- Found builtin_interfaces: 1.0.3 (/opt/ros/galactic/share/builtin_interfaces/cmake)
[1.221s] -- Using all available rosidl_typesupport_c: rosidl_typesupport_fastrtps_c;rosidl_typesupport_introspection_c
[1.221s] -- Found rosidl_adapter: 2.2.3 (/opt/ros/galactic/share/rosidl_adapter/cmake)
[1.221s] -- Found OpenSSL: /usr/lib/x86_64-linux-gnu/libcrypto.so (found version "1.1.1f")  
[1.221s] -- Found FastRTPS: /opt/ros/galactic/include  
[1.221s] -- Using all available rosidl_typesupport_cpp: rosidl_typesupport_fastrtps_cpp;rosidl_typesupport_introspection_cpp
[1.222s] -- Found geometry_msgs: 2.2.4 (/opt/ros/galactic/share/geometry_msgs/cmake)
[1.222s] -- Found rosidl_default_generators: 1.1.1 (/opt/ros/galactic/share/rosidl_default_generators/cmake)
[1.222s] -- Found PythonInterp: /usr/bin/python3 (found version "3.8.10") 
[1.738s] -- Found ament_cmake_cppcheck: 0.10.7 (/opt/ros/galactic/share/ament_cmake_cppcheck/cmake)
[1.743s] -- Found ament_cmake_cpplint: 0.10.7 (/opt/ros/galactic/share/ament_cmake_cpplint/cmake)
[1.748s] -- Found ament_cmake_uncrustify: 0.10.7 (/opt/ros/galactic/share/ament_cmake_uncrustify/cmake)
[1.755s] -- Found ament_cmake_ros: 0.9.2 (/opt/ros/galactic/share/ament_cmake_ros/cmake)
[2.184s] -- Using all available rosidl_typesupport_c: rosidl_typesupport_fastrtps_c;rosidl_typesupport_introspection_c
[2.375s] -- Using all available rosidl_typesupport_cpp: rosidl_typesupport_fastrtps_cpp;rosidl_typesupport_introspection_cpp
[2.449s] -- Found PythonInterp: /usr/bin/python3 (found suitable version "3.8.10", minimum required is "3.5") 
[2.454s] -- Found python_cmake_module: 0.8.1 (/opt/ros/galactic/share/python_cmake_module/cmake)
[2.526s] -- Found PythonLibs: /usr/lib/x86_64-linux-gnu/libpython3.8.so (found suitable version "3.8.10", minimum required is "3.5") 
[2.526s] -- Using PYTHON_EXECUTABLE: /usr/bin/python3
[2.526s] -- Using PYTHON_INCLUDE_DIRS: /usr/include/python3.8
[2.527s] -- Using PYTHON_LIBRARIES: /usr/lib/x86_64-linux-gnu/libpython3.8.so
[2.583s] -- Found PythonExtra: .so  
[2.792s] -- Found ament_cmake_flake8: 0.10.7 (/opt/ros/galactic/share/ament_cmake_flake8/cmake)
[2.797s] -- Found ament_cmake_pep257: 0.10.7 (/opt/ros/galactic/share/ament_cmake_pep257/cmake)
[2.828s] -- Configuring done (2.7s)
[3.038s] -- Generating done (0.2s)
[3.043s] -- Build files have been written to: /home/tdeng23/ros2_ws/src/build/crazyflie_interfaces
[3.080s] Invoked command in '/home/tdeng23/ros2_ws/src/build/crazyflie_interfaces' returned '0': CMAKE_PREFIX_PATH=${CMAKE_PREFIX_PATH}:/home/tdeng23/ros2_ws/install/my_package:/home/tdeng23/ros2_ws/install/crazyflie_simulation:/home/tdeng23/ros2_ws/install/crazyflie_ros2_simulation:/home/tdeng23/ros2_ws/install/crazyflie_ros2_simple_mapper:/home/tdeng23/ros2_ws/install/crazyflie_ros2_scan:/home/tdeng23/ros2_ws/install/crazyflie_ros2:/home/tdeng23/ros2_ws/install/crazyflie_py:/opt/ros/galactic /home/tdeng23/.local/bin/cmake /home/tdeng23/ros2_ws/src/crazyswarm2/crazyflie_interfaces -DAMENT_CMAKE_SYMLINK_INSTALL=1 -DCMAKE_INSTALL_PREFIX=/home/tdeng23/ros2_ws/src/install/crazyflie_interfaces
[3.082s] Invoking command in '/home/tdeng23/ros2_ws/src/build/crazyflie_interfaces': CMAKE_PREFIX_PATH=${CMAKE_PREFIX_PATH}:/home/tdeng23/ros2_ws/install/my_package:/home/tdeng23/ros2_ws/install/crazyflie_simulation:/home/tdeng23/ros2_ws/install/crazyflie_ros2_simulation:/home/tdeng23/ros2_ws/install/crazyflie_ros2_simple_mapper:/home/tdeng23/ros2_ws/install/crazyflie_ros2_scan:/home/tdeng23/ros2_ws/install/crazyflie_ros2:/home/tdeng23/ros2_ws/install/crazyflie_py:/opt/ros/galactic /home/tdeng23/.local/bin/cmake --build /home/tdeng23/ros2_ws/src/build/crazyflie_interfaces -- -j8 -l8
[3.387s] [  1%] [34m[1mGenerating C code for ROS interfaces[0m
[3.395s] [  1%] [34m[1mGenerating C++ code for ROS interfaces[0m
[6.430s] [  1%] Built target crazyflie_interfaces__cpp
[6.440s] [  2%] [34m[1mGenerating C++ type support for eProsima Fast-RTPS[0m
[6.441s] [  3%] [34m[1mGenerating C++ type support dispatch for ROS interfaces[0m
[6.444s] [  3%] [34m[1mGenerating C++ introspection for ROS interfaces[0m
[7.082s] [  3%] [32mBuilding C object CMakeFiles/crazyflie_interfaces__rosidl_generator_c.dir/rosidl_generator_c/crazyflie_interfaces/msg/detail/full_state__functions.c.o[0m
[7.084s] [  4%] [32mBuilding C object CMakeFiles/crazyflie_interfaces__rosidl_generator_c.dir/rosidl_generator_c/crazyflie_interfaces/msg/detail/log_data_generic__functions.c.o[0m
[7.103s] [  4%] [32mBuilding C object CMakeFiles/crazyflie_interfaces__rosidl_generator_c.dir/rosidl_generator_c/crazyflie_interfaces/msg/detail/hover__functions.c.o[0m
[7.103s] [  5%] [32mBuilding C object CMakeFiles/crazyflie_interfaces__rosidl_generator_c.dir/rosidl_generator_c/crazyflie_interfaces/msg/detail/log_block__functions.c.o[0m
[7.113s] [  6%] [32mBuilding C object CMakeFiles/crazyflie_interfaces__rosidl_generator_c.dir/rosidl_generator_c/crazyflie_interfaces/msg/detail/position__functions.c.o[0m
[7.270s] [  6%] [32mBuilding C object CMakeFiles/crazyflie_interfaces__rosidl_generator_c.dir/rosidl_generator_c/crazyflie_interfaces/msg/detail/trajectory_polynomial_piece__functions.c.o[0m
[7.276s] [  7%] [32mBuilding C object CMakeFiles/crazyflie_interfaces__rosidl_generator_c.dir/rosidl_generator_c/crazyflie_interfaces/msg/detail/velocity_world__functions.c.o[0m
[7.314s] [  7%] [32mBuilding C object CMakeFiles/crazyflie_interfaces__rosidl_generator_c.dir/rosidl_generator_c/crazyflie_interfaces/srv/detail/go_to__functions.c.o[0m
[7.340s] [  8%] [32mBuilding C object CMakeFiles/crazyflie_interfaces__rosidl_generator_c.dir/rosidl_generator_c/crazyflie_interfaces/srv/detail/land__functions.c.o[0m
[7.362s] [  9%] [32mBuilding C object CMakeFiles/crazyflie_interfaces__rosidl_generator_c.dir/rosidl_generator_c/crazyflie_interfaces/srv/detail/notify_setpoints_stop__functions.c.o[0m
[7.398s] [  9%] [32mBuilding C object CMakeFiles/crazyflie_interfaces__rosidl_generator_c.dir/rosidl_generator_c/crazyflie_interfaces/srv/detail/set_group_mask__functions.c.o[0m
[7.407s] [ 10%] [32mBuilding C object CMakeFiles/crazyflie_interfaces__rosidl_generator_c.dir/rosidl_generator_c/crazyflie_interfaces/srv/detail/start_trajectory__functions.c.o[0m
[7.424s] [ 10%] [32mBuilding C object CMakeFiles/crazyflie_interfaces__rosidl_generator_c.dir/rosidl_generator_c/crazyflie_interfaces/srv/detail/stop__functions.c.o[0m
[7.480s] [ 11%] [32mBuilding C object CMakeFiles/crazyflie_interfaces__rosidl_generator_c.dir/rosidl_generator_c/crazyflie_interfaces/srv/detail/takeoff__functions.c.o[0m
[7.499s] [ 12%] [32mBuilding C object CMakeFiles/crazyflie_interfaces__rosidl_generator_c.dir/rosidl_generator_c/crazyflie_interfaces/srv/detail/update_params__functions.c.o[0m
[7.507s] [ 12%] [32mBuilding C object CMakeFiles/crazyflie_interfaces__rosidl_generator_c.dir/rosidl_generator_c/crazyflie_interfaces/srv/detail/upload_trajectory__functions.c.o[0m
[7.550s] [ 13%] [32mBuilding C object CMakeFiles/crazyflie_interfaces__rosidl_generator_c.dir/rosidl_generator_c/crazyflie_interfaces/srv/detail/remove_logging__functions.c.o[0m
[7.582s] [ 13%] [32mBuilding C object CMakeFiles/crazyflie_interfaces__rosidl_generator_c.dir/rosidl_generator_c/crazyflie_interfaces/srv/detail/add_logging__functions.c.o[0m
[7.659s] [ 14%] [32m[1mLinking C shared library libcrazyflie_interfaces__rosidl_generator_c.so[0m
[7.692s] [ 14%] Built target crazyflie_interfaces__rosidl_generator_c
[7.697s] [ 15%] [34m[1mGenerating C introspection for ROS interfaces[0m
[7.701s] [ 16%] [34m[1mGenerating C type support dispatch for ROS interfaces[0m
[7.987s] [ 16%] [32mBuilding CXX object CMakeFiles/crazyflie_interfaces__rosidl_typesupport_cpp.dir/rosidl_typesupport_cpp/crazyflie_interfaces/msg/full_state__type_support.cpp.o[0m
[7.988s] [ 17%] [32mBuilding CXX object CMakeFiles/crazyflie_interfaces__rosidl_typesupport_cpp.dir/rosidl_typesupport_cpp/crazyflie_interfaces/msg/log_data_generic__type_support.cpp.o[0m
[7.991s] [ 18%] [32mBuilding CXX object CMakeFiles/crazyflie_interfaces__rosidl_typesupport_cpp.dir/rosidl_typesupport_cpp/crazyflie_interfaces/msg/hover__type_support.cpp.o[0m
[7.993s] [ 18%] [32mBuilding CXX object CMakeFiles/crazyflie_interfaces__rosidl_typesupport_cpp.dir/rosidl_typesupport_cpp/crazyflie_interfaces/msg/log_block__type_support.cpp.o[0m
[8.472s] [ 19%] [32mBuilding CXX object CMakeFiles/crazyflie_interfaces__rosidl_typesupport_cpp.dir/rosidl_typesupport_cpp/crazyflie_interfaces/msg/position__type_support.cpp.o[0m
[8.534s] [ 19%] [32mBuilding CXX object CMakeFiles/crazyflie_interfaces__rosidl_typesupport_cpp.dir/rosidl_typesupport_cpp/crazyflie_interfaces/msg/trajectory_polynomial_piece__type_support.cpp.o[0m
[8.563s] [ 20%] [32mBuilding CXX object CMakeFiles/crazyflie_interfaces__rosidl_typesupport_cpp.dir/rosidl_typesupport_cpp/crazyflie_interfaces/msg/velocity_world__type_support.cpp.o[0m
[8.606s] [ 21%] [32mBuilding CXX object CMakeFiles/crazyflie_interfaces__rosidl_typesupport_cpp.dir/rosidl_typesupport_cpp/crazyflie_interfaces/srv/go_to__type_support.cpp.o[0m
[8.654s] [ 22%] [32mBuilding CXX object CMakeFiles/crazyflie_interfaces__rosidl_typesupport_introspection_cpp.dir/rosidl_typesupport_introspection_cpp/crazyflie_interfaces/msg/detail/full_state__type_support.cpp.o[0m
[9.109s] [ 22%] [32mBuilding CXX object CMakeFiles/crazyflie_interfaces__rosidl_typesupport_cpp.dir/rosidl_typesupport_cpp/crazyflie_interfaces/srv/land__type_support.cpp.o[0m
[9.178s] [ 23%] [32mBuilding CXX object CMakeFiles/crazyflie_interfaces__rosidl_typesupport_cpp.dir/rosidl_typesupport_cpp/crazyflie_interfaces/srv/notify_setpoints_stop__type_support.cpp.o[0m
[9.230s] [ 23%] [32mBuilding CXX object CMakeFiles/crazyflie_interfaces__rosidl_typesupport_introspection_cpp.dir/rosidl_typesupport_introspection_cpp/crazyflie_interfaces/msg/detail/log_data_generic__type_support.cpp.o[0m
[9.245s] [ 23%] [32mBuilding CXX object CMakeFiles/crazyflie_interfaces__rosidl_typesupport_cpp.dir/rosidl_typesupport_cpp/crazyflie_interfaces/srv/set_group_mask__type_support.cpp.o[0m
[9.250s] [ 24%] [32mBuilding CXX object CMakeFiles/crazyflie_interfaces__rosidl_typesupport_fastrtps_cpp.dir/rosidl_typesupport_fastrtps_cpp/crazyflie_interfaces/msg/detail/dds_fastrtps/full_state__type_support.cpp.o[0m
[9.303s] [ 25%] [32mBuilding CXX object CMakeFiles/crazyflie_interfaces__rosidl_typesupport_cpp.dir/rosidl_typesupport_cpp/crazyflie_interfaces/srv/start_trajectory__type_support.cpp.o[0m
[9.593s] [ 25%] [32mBuilding CXX object CMakeFiles/crazyflie_interfaces__rosidl_typesupport_c.dir/rosidl_typesupport_c/crazyflie_interfaces/msg/full_state__type_support.cpp.o[0m
[9.711s] [ 26%] [32mBuilding CXX object CMakeFiles/crazyflie_interfaces__rosidl_typesupport_c.dir/rosidl_typesupport_c/crazyflie_interfaces/msg/log_data_generic__type_support.cpp.o[0m
[9.757s] [ 26%] [32mBuilding CXX object CMakeFiles/crazyflie_interfaces__rosidl_typesupport_c.dir/rosidl_typesupport_c/crazyflie_interfaces/msg/hover__type_support.cpp.o[0m
[9.757s] [ 27%] [32mBuilding CXX object CMakeFiles/crazyflie_interfaces__rosidl_typesupport_cpp.dir/rosidl_typesupport_cpp/crazyflie_interfaces/srv/stop__type_support.cpp.o[0m
[9.831s] [ 27%] [32mBuilding CXX object CMakeFiles/crazyflie_interfaces__rosidl_typesupport_cpp.dir/rosidl_typesupport_cpp/crazyflie_interfaces/srv/takeoff__type_support.cpp.o[0m
[9.831s] [ 27%] [32mBuilding CXX object CMakeFiles/crazyflie_interfaces__rosidl_typesupport_fastrtps_cpp.dir/rosidl_typesupport_fastrtps_cpp/crazyflie_interfaces/msg/detail/dds_fastrtps/log_data_generic__type_support.cpp.o[0m
[9.836s] [ 28%] [32mBuilding CXX object CMakeFiles/crazyflie_interfaces__rosidl_typesupport_introspection_cpp.dir/rosidl_typesupport_introspection_cpp/crazyflie_interfaces/msg/detail/hover__type_support.cpp.o[0m
[9.836s] [ 29%] [32mBuilding CXX object CMakeFiles/crazyflie_interfaces__rosidl_typesupport_c.dir/rosidl_typesupport_c/crazyflie_interfaces/msg/log_block__type_support.cpp.o[0m
[9.866s] [ 30%] [32mBuilding CXX object CMakeFiles/crazyflie_interfaces__rosidl_typesupport_cpp.dir/rosidl_typesupport_cpp/crazyflie_interfaces/srv/update_params__type_support.cpp.o[0m
[9.933s] [ 31%] [32mBuilding CXX object CMakeFiles/crazyflie_interfaces__rosidl_typesupport_c.dir/rosidl_typesupport_c/crazyflie_interfaces/msg/position__type_support.cpp.o[0m
[9.983s] [ 31%] [32mBuilding CXX object CMakeFiles/crazyflie_interfaces__rosidl_typesupport_c.dir/rosidl_typesupport_c/crazyflie_interfaces/msg/trajectory_polynomial_piece__type_support.cpp.o[0m
[10.031s] [ 32%] [32mBuilding CXX object CMakeFiles/crazyflie_interfaces__rosidl_typesupport_c.dir/rosidl_typesupport_c/crazyflie_interfaces/msg/velocity_world__type_support.cpp.o[0m
[10.069s] [ 32%] [32mBuilding CXX object CMakeFiles/crazyflie_interfaces__rosidl_typesupport_c.dir/rosidl_typesupport_c/crazyflie_interfaces/srv/go_to__type_support.cpp.o[0m
[10.132s] [ 33%] [32mBuilding CXX object CMakeFiles/crazyflie_interfaces__rosidl_typesupport_c.dir/rosidl_typesupport_c/crazyflie_interfaces/srv/land__type_support.cpp.o[0m
[10.150s] [ 34%] [32mBuilding CXX object CMakeFiles/crazyflie_interfaces__rosidl_typesupport_fastrtps_cpp.dir/rosidl_typesupport_fastrtps_cpp/crazyflie_interfaces/msg/detail/dds_fastrtps/hover__type_support.cpp.o[0m
[10.223s] [ 35%] [32mBuilding CXX object CMakeFiles/crazyflie_interfaces__rosidl_typesupport_c.dir/rosidl_typesupport_c/crazyflie_interfaces/srv/notify_setpoints_stop__type_support.cpp.o[0m
[10.284s] [ 35%] [32mBuilding CXX object CMakeFiles/crazyflie_interfaces__rosidl_typesupport_c.dir/rosidl_typesupport_c/crazyflie_interfaces/srv/set_group_mask__type_support.cpp.o[0m
[10.298s] [ 35%] [32mBuilding CXX object CMakeFiles/crazyflie_interfaces__rosidl_typesupport_cpp.dir/rosidl_typesupport_cpp/crazyflie_interfaces/srv/upload_trajectory__type_support.cpp.o[0m
[10.352s] [ 36%] [32mBuilding CXX object CMakeFiles/crazyflie_interfaces__rosidl_typesupport_c.dir/rosidl_typesupport_c/crazyflie_interfaces/srv/start_trajectory__type_support.cpp.o[0m
[10.376s] [ 37%] [32mBuilding C object CMakeFiles/crazyflie_interfaces__rosidl_typesupport_introspection_c.dir/rosidl_typesupport_introspection_c/crazyflie_interfaces/msg/detail/full_state__type_support.c.o[0m
[10.396s] [ 37%] [32mBuilding C object CMakeFiles/crazyflie_interfaces__rosidl_typesupport_introspection_c.dir/rosidl_typesupport_introspection_c/crazyflie_interfaces/msg/detail/log_data_generic__type_support.c.o[0m
[10.401s] [ 37%] [32mBuilding CXX object CMakeFiles/crazyflie_interfaces__rosidl_typesupport_c.dir/rosidl_typesupport_c/crazyflie_interfaces/srv/stop__type_support.cpp.o[0m
[10.422s] [ 38%] [32mBuilding C object CMakeFiles/crazyflie_interfaces__rosidl_typesupport_introspection_c.dir/rosidl_typesupport_introspection_c/crazyflie_interfaces/msg/detail/hover__type_support.c.o[0m
[10.434s] [ 39%] [32mBuilding CXX object CMakeFiles/crazyflie_interfaces__rosidl_typesupport_introspection_cpp.dir/rosidl_typesupport_introspection_cpp/crazyflie_interfaces/msg/detail/log_block__type_support.cpp.o[0m
[10.465s] [ 40%] [32mBuilding CXX object CMakeFiles/crazyflie_interfaces__rosidl_typesupport_c.dir/rosidl_typesupport_c/crazyflie_interfaces/srv/takeoff__type_support.cpp.o[0m
[10.474s] [ 40%] [32mBuilding C object CMakeFiles/crazyflie_interfaces__rosidl_typesupport_introspection_c.dir/rosidl_typesupport_introspection_c/crazyflie_interfaces/msg/detail/log_block__type_support.c.o[0m
[10.475s] [ 41%] [32mBuilding C object CMakeFiles/crazyflie_interfaces__rosidl_typesupport_introspection_c.dir/rosidl_typesupport_introspection_c/crazyflie_interfaces/msg/detail/position__type_support.c.o[0m
[10.476s] [ 42%] [32mBuilding CXX object CMakeFiles/crazyflie_interfaces__rosidl_typesupport_cpp.dir/rosidl_typesupport_cpp/crazyflie_interfaces/srv/remove_logging__type_support.cpp.o[0m
[10.523s] [ 43%] [32mBuilding CXX object CMakeFiles/crazyflie_interfaces__rosidl_typesupport_c.dir/rosidl_typesupport_c/crazyflie_interfaces/srv/update_params__type_support.cpp.o[0m
[10.565s] [ 44%] [32mBuilding C object CMakeFiles/crazyflie_interfaces__rosidl_typesupport_introspection_c.dir/rosidl_typesupport_introspection_c/crazyflie_interfaces/msg/detail/trajectory_polynomial_piece__type_support.c.o[0m
[10.586s] [ 44%] [32mBuilding C object CMakeFiles/crazyflie_interfaces__rosidl_typesupport_introspection_c.dir/rosidl_typesupport_introspection_c/crazyflie_interfaces/msg/detail/velocity_world__type_support.c.o[0m
[10.588s] [ 44%] [32mBuilding CXX object CMakeFiles/crazyflie_interfaces__rosidl_typesupport_fastrtps_cpp.dir/rosidl_typesupport_fastrtps_cpp/crazyflie_interfaces/msg/detail/dds_fastrtps/log_block__type_support.cpp.o[0m
[10.622s] [ 44%] [32mBuilding CXX object CMakeFiles/crazyflie_interfaces__rosidl_typesupport_c.dir/rosidl_typesupport_c/crazyflie_interfaces/srv/upload_trajectory__type_support.cpp.o[0m
[10.637s] [ 45%] [32mBuilding C object CMakeFiles/crazyflie_interfaces__rosidl_typesupport_introspection_c.dir/rosidl_typesupport_introspection_c/crazyflie_interfaces/srv/detail/go_to__type_support.c.o[0m
[10.645s] [ 46%] [32mBuilding CXX object CMakeFiles/crazyflie_interfaces__rosidl_typesupport_fastrtps_cpp.dir/rosidl_typesupport_fastrtps_cpp/crazyflie_interfaces/msg/detail/dds_fastrtps/position__type_support.cpp.o[0m
[10.694s] [ 46%] [32mBuilding C object CMakeFiles/crazyflie_interfaces__rosidl_typesupport_introspection_c.dir/rosidl_typesupport_introspection_c/crazyflie_interfaces/srv/detail/land__type_support.c.o[0m
[10.697s] [ 47%] [32mBuilding CXX object CMakeFiles/crazyflie_interfaces__rosidl_typesupport_c.dir/rosidl_typesupport_c/crazyflie_interfaces/srv/remove_logging__type_support.cpp.o[0m
[10.762s] [ 47%] [32mBuilding CXX object CMakeFiles/crazyflie_interfaces__rosidl_typesupport_c.dir/rosidl_typesupport_c/crazyflie_interfaces/srv/add_logging__type_support.cpp.o[0m
[10.789s] [ 48%] [32mBuilding C object CMakeFiles/crazyflie_interfaces__rosidl_typesupport_introspection_c.dir/rosidl_typesupport_introspection_c/crazyflie_interfaces/srv/detail/notify_setpoints_stop__type_support.c.o[0m
[10.801s] [ 48%] [32mBuilding CXX object CMakeFiles/crazyflie_interfaces__rosidl_typesupport_introspection_cpp.dir/rosidl_typesupport_introspection_cpp/crazyflie_interfaces/msg/detail/position__type_support.cpp.o[0m
[10.862s] [ 49%] [32m[1mLinking CXX shared library libcrazyflie_interfaces__rosidl_typesupport_c.so[0m
[10.886s] [ 50%] [32mBuilding C object CMakeFiles/crazyflie_interfaces__rosidl_typesupport_introspection_c.dir/rosidl_typesupport_introspection_c/crazyflie_interfaces/srv/detail/set_group_mask__type_support.c.o[0m
[10.929s] [ 51%] [32mBuilding CXX object CMakeFiles/crazyflie_interfaces__rosidl_typesupport_introspection_cpp.dir/rosidl_typesupport_introspection_cpp/crazyflie_interfaces/msg/detail/trajectory_polynomial_piece__type_support.cpp.o[0m
[10.961s] [ 51%] [32mBuilding C object CMakeFiles/crazyflie_interfaces__rosidl_typesupport_introspection_c.dir/rosidl_typesupport_introspection_c/crazyflie_interfaces/srv/detail/start_trajectory__type_support.c.o[0m
[11.022s] [ 52%] [32mBuilding CXX object CMakeFiles/crazyflie_interfaces__rosidl_typesupport_cpp.dir/rosidl_typesupport_cpp/crazyflie_interfaces/srv/add_logging__type_support.cpp.o[0m
[11.025s] [ 52%] Built target crazyflie_interfaces__rosidl_typesupport_c
[11.035s] [ 53%] [32mBuilding CXX object CMakeFiles/crazyflie_interfaces__rosidl_typesupport_fastrtps_cpp.dir/rosidl_typesupport_fastrtps_cpp/crazyflie_interfaces/msg/detail/dds_fastrtps/trajectory_polynomial_piece__type_support.cpp.o[0m
[11.066s] [ 54%] [32mBuilding C object CMakeFiles/crazyflie_interfaces__rosidl_typesupport_introspection_c.dir/rosidl_typesupport_introspection_c/crazyflie_interfaces/srv/detail/stop__type_support.c.o[0m
[11.164s] [ 54%] [32mBuilding C object CMakeFiles/crazyflie_interfaces__rosidl_typesupport_introspection_c.dir/rosidl_typesupport_introspection_c/crazyflie_interfaces/srv/detail/takeoff__type_support.c.o[0m
[11.165s] [ 54%] [32mBuilding CXX object CMakeFiles/crazyflie_interfaces__rosidl_typesupport_introspection_cpp.dir/rosidl_typesupport_introspection_cpp/crazyflie_interfaces/msg/detail/velocity_world__type_support.cpp.o[0m
[11.219s] [ 55%] [32mBuilding C object CMakeFiles/crazyflie_interfaces__rosidl_typesupport_introspection_c.dir/rosidl_typesupport_introspection_c/crazyflie_interfaces/srv/detail/update_params__type_support.c.o[0m
[11.277s] [ 56%] [32mBuilding C object CMakeFiles/crazyflie_interfaces__rosidl_typesupport_introspection_c.dir/rosidl_typesupport_introspection_c/crazyflie_interfaces/srv/detail/upload_trajectory__type_support.c.o[0m
[11.330s] [ 56%] [32mBuilding C object CMakeFiles/crazyflie_interfaces__rosidl_typesupport_introspection_c.dir/rosidl_typesupport_introspection_c/crazyflie_interfaces/srv/detail/remove_logging__type_support.c.o[0m
[11.380s] [ 57%] [32mBuilding CXX object CMakeFiles/crazyflie_interfaces__rosidl_typesupport_introspection_cpp.dir/rosidl_typesupport_introspection_cpp/crazyflie_interfaces/srv/detail/go_to__type_support.cpp.o[0m
[11.387s] [ 58%] [32mBuilding C object CMakeFiles/crazyflie_interfaces__rosidl_typesupport_introspection_c.dir/rosidl_typesupport_introspection_c/crazyflie_interfaces/srv/detail/add_logging__type_support.c.o[0m
[11.440s] [ 58%] [32m[1mLinking C shared library libcrazyflie_interfaces__rosidl_typesupport_introspection_c.so[0m
[11.498s] [ 58%] Built target crazyflie_interfaces__rosidl_typesupport_introspection_c
[11.503s] [ 59%] [32mBuilding CXX object CMakeFiles/crazyflie_interfaces__rosidl_typesupport_introspection_cpp.dir/rosidl_typesupport_introspection_cpp/crazyflie_interfaces/srv/detail/land__type_support.cpp.o[0m
[11.535s] [ 59%] [32mBuilding CXX object CMakeFiles/crazyflie_interfaces__rosidl_typesupport_introspection_cpp.dir/rosidl_typesupport_introspection_cpp/crazyflie_interfaces/srv/detail/notify_setpoints_stop__type_support.cpp.o[0m
[11.536s] [ 59%] [32mBuilding CXX object CMakeFiles/crazyflie_interfaces__rosidl_typesupport_fastrtps_cpp.dir/rosidl_typesupport_fastrtps_cpp/crazyflie_interfaces/msg/detail/dds_fastrtps/velocity_world__type_support.cpp.o[0m
[11.592s] [ 60%] [32mBuilding CXX object CMakeFiles/crazyflie_interfaces__rosidl_typesupport_fastrtps_cpp.dir/rosidl_typesupport_fastrtps_cpp/crazyflie_interfaces/srv/detail/dds_fastrtps/go_to__type_support.cpp.o[0m
[11.607s] [ 60%] [32m[1mLinking CXX shared library libcrazyflie_interfaces__rosidl_typesupport_cpp.so[0m
[11.726s] [ 61%] [32mBuilding CXX object CMakeFiles/crazyflie_interfaces__rosidl_typesupport_introspection_cpp.dir/rosidl_typesupport_introspection_cpp/crazyflie_interfaces/srv/detail/set_group_mask__type_support.cpp.o[0m
[11.732s] [ 61%] Built target crazyflie_interfaces__rosidl_typesupport_cpp
[11.737s] [ 61%] [32mBuilding CXX object CMakeFiles/crazyflie_interfaces__rosidl_typesupport_fastrtps_cpp.dir/rosidl_typesupport_fastrtps_cpp/crazyflie_interfaces/srv/detail/dds_fastrtps/land__type_support.cpp.o[0m
[11.874s] [ 61%] [32mBuilding CXX object CMakeFiles/crazyflie_interfaces__rosidl_typesupport_introspection_cpp.dir/rosidl_typesupport_introspection_cpp/crazyflie_interfaces/srv/detail/start_trajectory__type_support.cpp.o[0m
[12.012s] [ 62%] [32mBuilding CXX object CMakeFiles/crazyflie_interfaces__rosidl_typesupport_introspection_cpp.dir/rosidl_typesupport_introspection_cpp/crazyflie_interfaces/srv/detail/stop__type_support.cpp.o[0m
[12.050s] [ 63%] [32mBuilding CXX object CMakeFiles/crazyflie_interfaces__rosidl_typesupport_fastrtps_cpp.dir/rosidl_typesupport_fastrtps_cpp/crazyflie_interfaces/srv/detail/dds_fastrtps/notify_setpoints_stop__type_support.cpp.o[0m
[12.095s] [ 64%] [32mBuilding CXX object CMakeFiles/crazyflie_interfaces__rosidl_typesupport_introspection_cpp.dir/rosidl_typesupport_introspection_cpp/crazyflie_interfaces/srv/detail/takeoff__type_support.cpp.o[0m
[12.247s] [ 64%] [32mBuilding CXX object CMakeFiles/crazyflie_interfaces__rosidl_typesupport_introspection_cpp.dir/rosidl_typesupport_introspection_cpp/crazyflie_interfaces/srv/detail/update_params__type_support.cpp.o[0m
[12.264s] [ 65%] [32mBuilding CXX object CMakeFiles/crazyflie_interfaces__rosidl_typesupport_fastrtps_cpp.dir/rosidl_typesupport_fastrtps_cpp/crazyflie_interfaces/srv/detail/dds_fastrtps/set_group_mask__type_support.cpp.o[0m
[12.346s] [ 66%] [32mBuilding CXX object CMakeFiles/crazyflie_interfaces__rosidl_typesupport_introspection_cpp.dir/rosidl_typesupport_introspection_cpp/crazyflie_interfaces/srv/detail/upload_trajectory__type_support.cpp.o[0m
[12.459s] [ 66%] [32mBuilding CXX object CMakeFiles/crazyflie_interfaces__rosidl_typesupport_fastrtps_cpp.dir/rosidl_typesupport_fastrtps_cpp/crazyflie_interfaces/srv/detail/dds_fastrtps/start_trajectory__type_support.cpp.o[0m
[12.549s] [ 67%] [32mBuilding CXX object CMakeFiles/crazyflie_interfaces__rosidl_typesupport_fastrtps_cpp.dir/rosidl_typesupport_fastrtps_cpp/crazyflie_interfaces/srv/detail/dds_fastrtps/stop__type_support.cpp.o[0m
[12.561s] [ 67%] [32mBuilding CXX object CMakeFiles/crazyflie_interfaces__rosidl_typesupport_introspection_cpp.dir/rosidl_typesupport_introspection_cpp/crazyflie_interfaces/srv/detail/remove_logging__type_support.cpp.o[0m
[12.681s] [ 68%] [32mBuilding CXX object CMakeFiles/crazyflie_interfaces__rosidl_typesupport_introspection_cpp.dir/rosidl_typesupport_introspection_cpp/crazyflie_interfaces/srv/detail/add_logging__type_support.cpp.o[0m
[12.820s] [ 68%] [32mBuilding CXX object CMakeFiles/crazyflie_interfaces__rosidl_typesupport_fastrtps_cpp.dir/rosidl_typesupport_fastrtps_cpp/crazyflie_interfaces/srv/detail/dds_fastrtps/takeoff__type_support.cpp.o[0m
[12.918s] [ 69%] [32mBuilding CXX object CMakeFiles/crazyflie_interfaces__rosidl_typesupport_fastrtps_cpp.dir/rosidl_typesupport_fastrtps_cpp/crazyflie_interfaces/srv/detail/dds_fastrtps/update_params__type_support.cpp.o[0m
[13.052s] [ 70%] [32mBuilding CXX object CMakeFiles/crazyflie_interfaces__rosidl_typesupport_fastrtps_cpp.dir/rosidl_typesupport_fastrtps_cpp/crazyflie_interfaces/srv/detail/dds_fastrtps/upload_trajectory__type_support.cpp.o[0m
[13.088s] [ 70%] [32mBuilding CXX object CMakeFiles/crazyflie_interfaces__rosidl_typesupport_fastrtps_cpp.dir/rosidl_typesupport_fastrtps_cpp/crazyflie_interfaces/srv/detail/dds_fastrtps/remove_logging__type_support.cpp.o[0m
[13.146s] [ 71%] [32mBuilding CXX object CMakeFiles/crazyflie_interfaces__rosidl_typesupport_fastrtps_cpp.dir/rosidl_typesupport_fastrtps_cpp/crazyflie_interfaces/srv/detail/dds_fastrtps/add_logging__type_support.cpp.o[0m
[13.374s] [ 72%] [32m[1mLinking CXX shared library libcrazyflie_interfaces__rosidl_typesupport_introspection_cpp.so[0m
[13.507s] [ 72%] Built target crazyflie_interfaces__rosidl_typesupport_introspection_cpp
[13.814s] [ 72%] [32m[1mLinking CXX shared library libcrazyflie_interfaces__rosidl_typesupport_fastrtps_cpp.so[0m
[13.901s] [ 72%] Built target crazyflie_interfaces__rosidl_typesupport_fastrtps_cpp
[13.907s] [ 73%] [34m[1mGenerating C type support for eProsima Fast-RTPS[0m
[14.919s] [ 74%] [32mBuilding CXX object CMakeFiles/crazyflie_interfaces__rosidl_typesupport_fastrtps_c.dir/rosidl_typesupport_fastrtps_c/crazyflie_interfaces/msg/detail/log_data_generic__type_support_c.cpp.o[0m
[14.919s] [ 75%] [32mBuilding CXX object CMakeFiles/crazyflie_interfaces__rosidl_typesupport_fastrtps_c.dir/rosidl_typesupport_fastrtps_c/crazyflie_interfaces/msg/detail/hover__type_support_c.cpp.o[0m
[14.920s] [ 75%] [32mBuilding CXX object CMakeFiles/crazyflie_interfaces__rosidl_typesupport_fastrtps_c.dir/rosidl_typesupport_fastrtps_c/crazyflie_interfaces/msg/detail/log_block__type_support_c.cpp.o[0m
[14.920s] [ 76%] [32mBuilding CXX object CMakeFiles/crazyflie_interfaces__rosidl_typesupport_fastrtps_c.dir/rosidl_typesupport_fastrtps_c/crazyflie_interfaces/msg/detail/position__type_support_c.cpp.o[0m
[14.920s] [ 76%] [32mBuilding CXX object CMakeFiles/crazyflie_interfaces__rosidl_typesupport_fastrtps_c.dir/rosidl_typesupport_fastrtps_c/crazyflie_interfaces/msg/detail/trajectory_polynomial_piece__type_support_c.cpp.o[0m
[14.921s] [ 76%] [32mBuilding CXX object CMakeFiles/crazyflie_interfaces__rosidl_typesupport_fastrtps_c.dir/rosidl_typesupport_fastrtps_c/crazyflie_interfaces/msg/detail/full_state__type_support_c.cpp.o[0m
[14.922s] [ 77%] [32mBuilding CXX object CMakeFiles/crazyflie_interfaces__rosidl_typesupport_fastrtps_c.dir/rosidl_typesupport_fastrtps_c/crazyflie_interfaces/srv/detail/go_to__type_support_c.cpp.o[0m
[14.922s] [ 78%] [32mBuilding CXX object CMakeFiles/crazyflie_interfaces__rosidl_typesupport_fastrtps_c.dir/rosidl_typesupport_fastrtps_c/crazyflie_interfaces/msg/detail/velocity_world__type_support_c.cpp.o[0m
[15.494s] [ 78%] [32mBuilding CXX object CMakeFiles/crazyflie_interfaces__rosidl_typesupport_fastrtps_c.dir/rosidl_typesupport_fastrtps_c/crazyflie_interfaces/srv/detail/land__type_support_c.cpp.o[0m
[15.567s] [ 79%] [32mBuilding CXX object CMakeFiles/crazyflie_interfaces__rosidl_typesupport_fastrtps_c.dir/rosidl_typesupport_fastrtps_c/crazyflie_interfaces/srv/detail/notify_setpoints_stop__type_support_c.cpp.o[0m
[15.586s] [ 79%] [32mBuilding CXX object CMakeFiles/crazyflie_interfaces__rosidl_typesupport_fastrtps_c.dir/rosidl_typesupport_fastrtps_c/crazyflie_interfaces/srv/detail/set_group_mask__type_support_c.cpp.o[0m
[15.612s] [ 80%] [32mBuilding CXX object CMakeFiles/crazyflie_interfaces__rosidl_typesupport_fastrtps_c.dir/rosidl_typesupport_fastrtps_c/crazyflie_interfaces/srv/detail/start_trajectory__type_support_c.cpp.o[0m
[15.616s] [ 81%] [32mBuilding CXX object CMakeFiles/crazyflie_interfaces__rosidl_typesupport_fastrtps_c.dir/rosidl_typesupport_fastrtps_c/crazyflie_interfaces/srv/detail/stop__type_support_c.cpp.o[0m
[15.629s] [ 81%] [32mBuilding CXX object CMakeFiles/crazyflie_interfaces__rosidl_typesupport_fastrtps_c.dir/rosidl_typesupport_fastrtps_c/crazyflie_interfaces/srv/detail/takeoff__type_support_c.cpp.o[0m
[15.635s] [ 82%] [32mBuilding CXX object CMakeFiles/crazyflie_interfaces__rosidl_typesupport_fastrtps_c.dir/rosidl_typesupport_fastrtps_c/crazyflie_interfaces/srv/detail/update_params__type_support_c.cpp.o[0m
[15.685s] [ 82%] [32mBuilding CXX object CMakeFiles/crazyflie_interfaces__rosidl_typesupport_fastrtps_c.dir/rosidl_typesupport_fastrtps_c/crazyflie_interfaces/srv/detail/upload_trajectory__type_support_c.cpp.o[0m
[16.142s] [ 83%] [32mBuilding CXX object CMakeFiles/crazyflie_interfaces__rosidl_typesupport_fastrtps_c.dir/rosidl_typesupport_fastrtps_c/crazyflie_interfaces/srv/detail/remove_logging__type_support_c.cpp.o[0m
[16.256s] [ 84%] [32mBuilding CXX object CMakeFiles/crazyflie_interfaces__rosidl_typesupport_fastrtps_c.dir/rosidl_typesupport_fastrtps_c/crazyflie_interfaces/srv/detail/add_logging__type_support_c.cpp.o[0m
[16.656s] [ 84%] [32m[1mLinking CXX shared library libcrazyflie_interfaces__rosidl_typesupport_fastrtps_c.so[0m
[16.741s] [ 84%] Built target crazyflie_interfaces__rosidl_typesupport_fastrtps_c
[16.749s] [ 84%] Built target crazyflie_interfaces
[16.759s] [ 85%] [34m[1mGenerating Python code for ROS interfaces[0m
[19.163s] [ 85%] Built target crazyflie_interfaces__py
[19.172s] [ 85%] [32mBuilding C object CMakeFiles/crazyflie_interfaces__python.dir/rosidl_generator_py/crazyflie_interfaces/msg/_full_state_s.c.o[0m
[19.173s] [ 86%] [32mBuilding C object CMakeFiles/crazyflie_interfaces__python.dir/rosidl_generator_py/crazyflie_interfaces/msg/_log_data_generic_s.c.o[0m
[19.173s] [ 86%] [32mBuilding C object CMakeFiles/crazyflie_interfaces__python.dir/rosidl_generator_py/crazyflie_interfaces/msg/_hover_s.c.o[0m
[19.174s] [ 87%] [32mBuilding C object CMakeFiles/crazyflie_interfaces__python.dir/rosidl_generator_py/crazyflie_interfaces/msg/_log_block_s.c.o[0m
[19.174s] [ 88%] [32mBuilding C object CMakeFiles/crazyflie_interfaces__python.dir/rosidl_generator_py/crazyflie_interfaces/msg/_position_s.c.o[0m
[19.177s] [ 88%] [32mBuilding C object CMakeFiles/crazyflie_interfaces__python.dir/rosidl_generator_py/crazyflie_interfaces/msg/_trajectory_polynomial_piece_s.c.o[0m
[19.177s] [ 89%] [32mBuilding C object CMakeFiles/crazyflie_interfaces__python.dir/rosidl_generator_py/crazyflie_interfaces/msg/_velocity_world_s.c.o[0m
[19.182s] [ 89%] [32mBuilding C object CMakeFiles/crazyflie_interfaces__python.dir/rosidl_generator_py/crazyflie_interfaces/srv/_go_to_s.c.o[0m
[19.336s] [ 89%] [32mBuilding C object CMakeFiles/crazyflie_interfaces__python.dir/rosidl_generator_py/crazyflie_interfaces/srv/_set_group_mask_s.c.o[0m
[19.336s] [ 90%] [32mBuilding C object CMakeFiles/crazyflie_interfaces__python.dir/rosidl_generator_py/crazyflie_interfaces/srv/_notify_setpoints_stop_s.c.o[0m
[19.339s] [ 91%] [32mBuilding C object CMakeFiles/crazyflie_interfaces__python.dir/rosidl_generator_py/crazyflie_interfaces/srv/_land_s.c.o[0m
[19.363s] [ 92%] [32mBuilding C object CMakeFiles/crazyflie_interfaces__python.dir/rosidl_generator_py/crazyflie_interfaces/srv/_start_trajectory_s.c.o[0m
[19.372s] [ 93%] [32mBuilding C object CMakeFiles/crazyflie_interfaces__python.dir/rosidl_generator_py/crazyflie_interfaces/srv/_takeoff_s.c.o[0m
[19.373s] [ 93%] [32mBuilding C object CMakeFiles/crazyflie_interfaces__python.dir/rosidl_generator_py/crazyflie_interfaces/srv/_stop_s.c.o[0m
[19.416s] [ 93%] [32mBuilding C object CMakeFiles/crazyflie_interfaces__python.dir/rosidl_generator_py/crazyflie_interfaces/srv/_upload_trajectory_s.c.o[0m
[19.421s] [ 94%] [32mBuilding C object CMakeFiles/crazyflie_interfaces__python.dir/rosidl_generator_py/crazyflie_interfaces/srv/_update_params_s.c.o[0m
[19.499s] [ 95%] [32mBuilding C object CMakeFiles/crazyflie_interfaces__python.dir/rosidl_generator_py/crazyflie_interfaces/srv/_remove_logging_s.c.o[0m
[19.509s] [ 95%] [32mBuilding C object CMakeFiles/crazyflie_interfaces__python.dir/rosidl_generator_py/crazyflie_interfaces/srv/_add_logging_s.c.o[0m
[19.642s] [ 96%] [32m[1mLinking C shared library rosidl_generator_py/crazyflie_interfaces/libcrazyflie_interfaces__python.so[0m
[19.679s] [ 96%] Built target crazyflie_interfaces__python
[19.687s] [ 97%] [32mBuilding C object CMakeFiles/crazyflie_interfaces__rosidl_typesupport_fastrtps_c__pyext.dir/rosidl_generator_py/crazyflie_interfaces/_crazyflie_interfaces_s.ep.rosidl_typesupport_fastrtps_c.c.o[0m
[19.687s] [ 99%] [32mBuilding C object CMakeFiles/crazyflie_interfaces__rosidl_typesupport_c__pyext.dir/rosidl_generator_py/crazyflie_interfaces/_crazyflie_interfaces_s.ep.rosidl_typesupport_c.c.o[0m
[19.687s] [ 99%] [32mBuilding C object CMakeFiles/crazyflie_interfaces__rosidl_typesupport_introspection_c__pyext.dir/rosidl_generator_py/crazyflie_interfaces/_crazyflie_interfaces_s.ep.rosidl_typesupport_introspection_c.c.o[0m
[19.859s] [ 99%] [32m[1mLinking C shared library rosidl_generator_py/crazyflie_interfaces/crazyflie_interfaces_s__rosidl_typesupport_c.cpython-38-x86_64-linux-gnu.so[0m
[19.860s] [ 99%] [32m[1mLinking CXX shared library rosidl_generator_py/crazyflie_interfaces/crazyflie_interfaces_s__rosidl_typesupport_fastrtps_c.cpython-38-x86_64-linux-gnu.so[0m
[19.862s] [100%] [32m[1mLinking C shared library rosidl_generator_py/crazyflie_interfaces/crazyflie_interfaces_s__rosidl_typesupport_introspection_c.cpython-38-x86_64-linux-gnu.so[0m
[19.889s] [100%] Built target crazyflie_interfaces__rosidl_typesupport_c__pyext
[19.891s] [100%] Built target crazyflie_interfaces__rosidl_typesupport_introspection_c__pyext
[19.932s] [100%] Built target crazyflie_interfaces__rosidl_typesupport_fastrtps_c__pyext
[19.941s] Invoked command in '/home/tdeng23/ros2_ws/src/build/crazyflie_interfaces' returned '0': CMAKE_PREFIX_PATH=${CMAKE_PREFIX_PATH}:/home/tdeng23/ros2_ws/install/my_package:/home/tdeng23/ros2_ws/install/crazyflie_simulation:/home/tdeng23/ros2_ws/install/crazyflie_ros2_simulation:/home/tdeng23/ros2_ws/install/crazyflie_ros2_simple_mapper:/home/tdeng23/ros2_ws/install/crazyflie_ros2_scan:/home/tdeng23/ros2_ws/install/crazyflie_ros2:/home/tdeng23/ros2_ws/install/crazyflie_py:/opt/ros/galactic /home/tdeng23/.local/bin/cmake --build /home/tdeng23/ros2_ws/src/build/crazyflie_interfaces -- -j8 -l8
[21.258s] Invoking command in '/home/tdeng23/ros2_ws/src/build/crazyflie_interfaces': CMAKE_PREFIX_PATH=${CMAKE_PREFIX_PATH}:/home/tdeng23/ros2_ws/install/my_package:/home/tdeng23/ros2_ws/install/crazyflie_simulation:/home/tdeng23/ros2_ws/install/crazyflie_ros2_simulation:/home/tdeng23/ros2_ws/install/crazyflie_ros2_simple_mapper:/home/tdeng23/ros2_ws/install/crazyflie_ros2_scan:/home/tdeng23/ros2_ws/install/crazyflie_ros2:/home/tdeng23/ros2_ws/install/crazyflie_py:/opt/ros/galactic /home/tdeng23/.local/bin/cmake --install /home/tdeng23/ros2_ws/src/build/crazyflie_interfaces
[21.399s] -- Install configuration: ""
[21.400s] -- Execute custom install script
[21.401s] -- Symlinking: /home/tdeng23/ros2_ws/src/install/crazyflie_interfaces/share/ament_index/resource_index/rosidl_interfaces/crazyflie_interfaces
[21.435s] -- Symlinking: /home/tdeng23/ros2_ws/src/install/crazyflie_interfaces/include/crazyflie_interfaces/msg/detail/full_state__functions.h
[21.439s] -- Symlinking: /home/tdeng23/ros2_ws/src/install/crazyflie_interfaces/include/crazyflie_interfaces/msg/detail/full_state__struct.h
[21.443s] -- Symlinking: /home/tdeng23/ros2_ws/src/install/crazyflie_interfaces/include/crazyflie_interfaces/msg/detail/full_state__type_support.h
[21.447s] -- Symlinking: /home/tdeng23/ros2_ws/src/install/crazyflie_interfaces/include/crazyflie_interfaces/msg/detail/hover__functions.h
[21.451s] -- Symlinking: /home/tdeng23/ros2_ws/src/install/crazyflie_interfaces/include/crazyflie_interfaces/msg/detail/hover__struct.h
[21.455s] -- Symlinking: /home/tdeng23/ros2_ws/src/install/crazyflie_interfaces/include/crazyflie_interfaces/msg/detail/hover__type_support.h
[21.469s] -- Symlinking: /home/tdeng23/ros2_ws/src/install/crazyflie_interfaces/include/crazyflie_interfaces/msg/detail/log_block__functions.h
[21.479s] -- Symlinking: /home/tdeng23/ros2_ws/src/install/crazyflie_interfaces/include/crazyflie_interfaces/msg/detail/log_block__struct.h
[21.483s] -- Symlinking: /home/tdeng23/ros2_ws/src/install/crazyflie_interfaces/include/crazyflie_interfaces/msg/detail/log_block__type_support.h
[21.487s] -- Symlinking: /home/tdeng23/ros2_ws/src/install/crazyflie_interfaces/include/crazyflie_interfaces/msg/detail/log_data_generic__functions.h
[21.495s] -- Symlinking: /home/tdeng23/ros2_ws/src/install/crazyflie_interfaces/include/crazyflie_interfaces/msg/detail/log_data_generic__struct.h
[21.519s] -- Symlinking: /home/tdeng23/ros2_ws/src/install/crazyflie_interfaces/include/crazyflie_interfaces/msg/detail/log_data_generic__type_support.h
[21.545s] -- Symlinking: /home/tdeng23/ros2_ws/src/install/crazyflie_interfaces/include/crazyflie_interfaces/msg/detail/position__functions.h
[21.571s] -- Symlinking: /home/tdeng23/ros2_ws/src/install/crazyflie_interfaces/include/crazyflie_interfaces/msg/detail/position__struct.h
[21.602s] -- Symlinking: /home/tdeng23/ros2_ws/src/install/crazyflie_interfaces/include/crazyflie_interfaces/msg/detail/position__type_support.h
[21.627s] -- Symlinking: /home/tdeng23/ros2_ws/src/install/crazyflie_interfaces/include/crazyflie_interfaces/msg/detail/trajectory_polynomial_piece__functions.h
[21.659s] -- Symlinking: /home/tdeng23/ros2_ws/src/install/crazyflie_interfaces/include/crazyflie_interfaces/msg/detail/trajectory_polynomial_piece__struct.h
[21.679s] -- Symlinking: /home/tdeng23/ros2_ws/src/install/crazyflie_interfaces/include/crazyflie_interfaces/msg/detail/trajectory_polynomial_piece__type_support.h
[21.696s] -- Symlinking: /home/tdeng23/ros2_ws/src/install/crazyflie_interfaces/include/crazyflie_interfaces/msg/detail/velocity_world__functions.h
[21.707s] -- Symlinking: /home/tdeng23/ros2_ws/src/install/crazyflie_interfaces/include/crazyflie_interfaces/msg/detail/velocity_world__struct.h
[21.723s] -- Symlinking: /home/tdeng23/ros2_ws/src/install/crazyflie_interfaces/include/crazyflie_interfaces/msg/detail/velocity_world__type_support.h
[21.743s] -- Symlinking: /home/tdeng23/ros2_ws/src/install/crazyflie_interfaces/include/crazyflie_interfaces/msg/full_state.h
[21.761s] -- Symlinking: /home/tdeng23/ros2_ws/src/install/crazyflie_interfaces/include/crazyflie_interfaces/msg/hover.h
[21.791s] -- Symlinking: /home/tdeng23/ros2_ws/src/install/crazyflie_interfaces/include/crazyflie_interfaces/msg/log_block.h
[21.808s] -- Symlinking: /home/tdeng23/ros2_ws/src/install/crazyflie_interfaces/include/crazyflie_interfaces/msg/log_data_generic.h
[21.831s] -- Symlinking: /home/tdeng23/ros2_ws/src/install/crazyflie_interfaces/include/crazyflie_interfaces/msg/position.h
[21.859s] -- Symlinking: /home/tdeng23/ros2_ws/src/install/crazyflie_interfaces/include/crazyflie_interfaces/msg/rosidl_generator_c__visibility_control.h
[21.882s] -- Symlinking: /home/tdeng23/ros2_ws/src/install/crazyflie_interfaces/include/crazyflie_interfaces/msg/trajectory_polynomial_piece.h
[21.898s] -- Symlinking: /home/tdeng23/ros2_ws/src/install/crazyflie_interfaces/include/crazyflie_interfaces/msg/velocity_world.h
[21.902s] -- Symlinking: /home/tdeng23/ros2_ws/src/install/crazyflie_interfaces/include/crazyflie_interfaces/srv/add_logging.h
[21.910s] -- Symlinking: /home/tdeng23/ros2_ws/src/install/crazyflie_interfaces/include/crazyflie_interfaces/srv/detail/add_logging__functions.h
[21.915s] -- Symlinking: /home/tdeng23/ros2_ws/src/install/crazyflie_interfaces/include/crazyflie_interfaces/srv/detail/add_logging__struct.h
[21.931s] -- Symlinking: /home/tdeng23/ros2_ws/src/install/crazyflie_interfaces/include/crazyflie_interfaces/srv/detail/add_logging__type_support.h
[21.947s] -- Symlinking: /home/tdeng23/ros2_ws/src/install/crazyflie_interfaces/include/crazyflie_interfaces/srv/detail/go_to__functions.h
[21.967s] -- Symlinking: /home/tdeng23/ros2_ws/src/install/crazyflie_interfaces/include/crazyflie_interfaces/srv/detail/go_to__struct.h
[21.996s] -- Symlinking: /home/tdeng23/ros2_ws/src/install/crazyflie_interfaces/include/crazyflie_interfaces/srv/detail/go_to__type_support.h
[22.023s] -- Symlinking: /home/tdeng23/ros2_ws/src/install/crazyflie_interfaces/include/crazyflie_interfaces/srv/detail/land__functions.h
[22.043s] -- Symlinking: /home/tdeng23/ros2_ws/src/install/crazyflie_interfaces/include/crazyflie_interfaces/srv/detail/land__struct.h
[22.061s] -- Symlinking: /home/tdeng23/ros2_ws/src/install/crazyflie_interfaces/include/crazyflie_interfaces/srv/detail/land__type_support.h
[22.075s] -- Symlinking: /home/tdeng23/ros2_ws/src/install/crazyflie_interfaces/include/crazyflie_interfaces/srv/detail/notify_setpoints_stop__functions.h
[22.099s] -- Symlinking: /home/tdeng23/ros2_ws/src/install/crazyflie_interfaces/include/crazyflie_interfaces/srv/detail/notify_setpoints_stop__struct.h
[22.128s] -- Symlinking: /home/tdeng23/ros2_ws/src/install/crazyflie_interfaces/include/crazyflie_interfaces/srv/detail/notify_setpoints_stop__type_support.h
[22.144s] -- Symlinking: /home/tdeng23/ros2_ws/src/install/crazyflie_interfaces/include/crazyflie_interfaces/srv/detail/remove_logging__functions.h
[22.162s] -- Symlinking: /home/tdeng23/ros2_ws/src/install/crazyflie_interfaces/include/crazyflie_interfaces/srv/detail/remove_logging__struct.h
[22.179s] -- Symlinking: /home/tdeng23/ros2_ws/src/install/crazyflie_interfaces/include/crazyflie_interfaces/srv/detail/remove_logging__type_support.h
[22.195s] -- Symlinking: /home/tdeng23/ros2_ws/src/install/crazyflie_interfaces/include/crazyflie_interfaces/srv/detail/set_group_mask__functions.h
[22.212s] -- Symlinking: /home/tdeng23/ros2_ws/src/install/crazyflie_interfaces/include/crazyflie_interfaces/srv/detail/set_group_mask__struct.h
[22.229s] -- Symlinking: /home/tdeng23/ros2_ws/src/install/crazyflie_interfaces/include/crazyflie_interfaces/srv/detail/set_group_mask__type_support.h
[22.243s] -- Symlinking: /home/tdeng23/ros2_ws/src/install/crazyflie_interfaces/include/crazyflie_interfaces/srv/detail/start_trajectory__functions.h
[22.260s] -- Symlinking: /home/tdeng23/ros2_ws/src/install/crazyflie_interfaces/include/crazyflie_interfaces/srv/detail/start_trajectory__struct.h
[22.278s] -- Symlinking: /home/tdeng23/ros2_ws/src/install/crazyflie_interfaces/include/crazyflie_interfaces/srv/detail/start_trajectory__type_support.h
[22.296s] -- Symlinking: /home/tdeng23/ros2_ws/src/install/crazyflie_interfaces/include/crazyflie_interfaces/srv/detail/stop__functions.h
[22.312s] -- Symlinking: /home/tdeng23/ros2_ws/src/install/crazyflie_interfaces/include/crazyflie_interfaces/srv/detail/stop__struct.h
[22.318s] -- Symlinking: /home/tdeng23/ros2_ws/src/install/crazyflie_interfaces/include/crazyflie_interfaces/srv/detail/stop__type_support.h
[22.322s] -- Symlinking: /home/tdeng23/ros2_ws/src/install/crazyflie_interfaces/include/crazyflie_interfaces/srv/detail/takeoff__functions.h
[22.336s] -- Symlinking: /home/tdeng23/ros2_ws/src/install/crazyflie_interfaces/include/crazyflie_interfaces/srv/detail/takeoff__struct.h
[22.353s] -- Symlinking: /home/tdeng23/ros2_ws/src/install/crazyflie_interfaces/include/crazyflie_interfaces/srv/detail/takeoff__type_support.h
[22.363s] -- Symlinking: /home/tdeng23/ros2_ws/src/install/crazyflie_interfaces/include/crazyflie_interfaces/srv/detail/update_params__functions.h
[22.369s] -- Symlinking: /home/tdeng23/ros2_ws/src/install/crazyflie_interfaces/include/crazyflie_interfaces/srv/detail/update_params__struct.h
[22.378s] -- Symlinking: /home/tdeng23/ros2_ws/src/install/crazyflie_interfaces/include/crazyflie_interfaces/srv/detail/update_params__type_support.h
[22.383s] -- Symlinking: /home/tdeng23/ros2_ws/src/install/crazyflie_interfaces/include/crazyflie_interfaces/srv/detail/upload_trajectory__functions.h
[22.387s] -- Symlinking: /home/tdeng23/ros2_ws/src/install/crazyflie_interfaces/include/crazyflie_interfaces/srv/detail/upload_trajectory__struct.h
[22.393s] -- Symlinking: /home/tdeng23/ros2_ws/src/install/crazyflie_interfaces/include/crazyflie_interfaces/srv/detail/upload_trajectory__type_support.h
[22.399s] -- Symlinking: /home/tdeng23/ros2_ws/src/install/crazyflie_interfaces/include/crazyflie_interfaces/srv/go_to.h
[22.404s] -- Symlinking: /home/tdeng23/ros2_ws/src/install/crazyflie_interfaces/include/crazyflie_interfaces/srv/land.h
[22.409s] -- Symlinking: /home/tdeng23/ros2_ws/src/install/crazyflie_interfaces/include/crazyflie_interfaces/srv/notify_setpoints_stop.h
[22.415s] -- Symlinking: /home/tdeng23/ros2_ws/src/install/crazyflie_interfaces/include/crazyflie_interfaces/srv/remove_logging.h
[22.419s] -- Symlinking: /home/tdeng23/ros2_ws/src/install/crazyflie_interfaces/include/crazyflie_interfaces/srv/set_group_mask.h
[22.424s] -- Symlinking: /home/tdeng23/ros2_ws/src/install/crazyflie_interfaces/include/crazyflie_interfaces/srv/start_trajectory.h
[22.430s] -- Symlinking: /home/tdeng23/ros2_ws/src/install/crazyflie_interfaces/include/crazyflie_interfaces/srv/stop.h
[22.435s] -- Symlinking: /home/tdeng23/ros2_ws/src/install/crazyflie_interfaces/include/crazyflie_interfaces/srv/takeoff.h
[22.439s] -- Symlinking: /home/tdeng23/ros2_ws/src/install/crazyflie_interfaces/include/crazyflie_interfaces/srv/update_params.h
[22.445s] -- Symlinking: /home/tdeng23/ros2_ws/src/install/crazyflie_interfaces/include/crazyflie_interfaces/srv/upload_trajectory.h
[22.451s] -- Symlinking: /home/tdeng23/ros2_ws/src/install/crazyflie_interfaces/share/crazyflie_interfaces/environment/library_path.sh
[22.456s] -- Symlinking: /home/tdeng23/ros2_ws/src/install/crazyflie_interfaces/share/crazyflie_interfaces/environment/library_path.dsv
[22.463s] -- Symlinking: /home/tdeng23/ros2_ws/src/install/crazyflie_interfaces/include/crazyflie_interfaces/msg/detail/full_state__rosidl_typesupport_fastrtps_c.h
[22.468s] -- Symlinking: /home/tdeng23/ros2_ws/src/install/crazyflie_interfaces/include/crazyflie_interfaces/msg/detail/hover__rosidl_typesupport_fastrtps_c.h
[22.472s] -- Symlinking: /home/tdeng23/ros2_ws/src/install/crazyflie_interfaces/include/crazyflie_interfaces/msg/detail/log_block__rosidl_typesupport_fastrtps_c.h
[22.478s] -- Symlinking: /home/tdeng23/ros2_ws/src/install/crazyflie_interfaces/include/crazyflie_interfaces/msg/detail/log_data_generic__rosidl_typesupport_fastrtps_c.h
[22.483s] -- Symlinking: /home/tdeng23/ros2_ws/src/install/crazyflie_interfaces/include/crazyflie_interfaces/msg/detail/position__rosidl_typesupport_fastrtps_c.h
[22.488s] -- Symlinking: /home/tdeng23/ros2_ws/src/install/crazyflie_interfaces/include/crazyflie_interfaces/msg/detail/trajectory_polynomial_piece__rosidl_typesupport_fastrtps_c.h
[22.492s] -- Symlinking: /home/tdeng23/ros2_ws/src/install/crazyflie_interfaces/include/crazyflie_interfaces/msg/detail/velocity_world__rosidl_typesupport_fastrtps_c.h
[22.496s] -- Symlinking: /home/tdeng23/ros2_ws/src/install/crazyflie_interfaces/include/crazyflie_interfaces/msg/rosidl_typesupport_fastrtps_c__visibility_control.h
[22.500s] -- Symlinking: /home/tdeng23/ros2_ws/src/install/crazyflie_interfaces/include/crazyflie_interfaces/srv/detail/add_logging__rosidl_typesupport_fastrtps_c.h
[22.504s] -- Symlinking: /home/tdeng23/ros2_ws/src/install/crazyflie_interfaces/include/crazyflie_interfaces/srv/detail/go_to__rosidl_typesupport_fastrtps_c.h
[22.508s] -- Symlinking: /home/tdeng23/ros2_ws/src/install/crazyflie_interfaces/include/crazyflie_interfaces/srv/detail/land__rosidl_typesupport_fastrtps_c.h
[22.513s] -- Symlinking: /home/tdeng23/ros2_ws/src/install/crazyflie_interfaces/include/crazyflie_interfaces/srv/detail/notify_setpoints_stop__rosidl_typesupport_fastrtps_c.h
[22.517s] -- Symlinking: /home/tdeng23/ros2_ws/src/install/crazyflie_interfaces/include/crazyflie_interfaces/srv/detail/remove_logging__rosidl_typesupport_fastrtps_c.h
[22.521s] -- Symlinking: /home/tdeng23/ros2_ws/src/install/crazyflie_interfaces/include/crazyflie_interfaces/srv/detail/set_group_mask__rosidl_typesupport_fastrtps_c.h
[22.526s] -- Symlinking: /home/tdeng23/ros2_ws/src/install/crazyflie_interfaces/include/crazyflie_interfaces/srv/detail/start_trajectory__rosidl_typesupport_fastrtps_c.h
[22.530s] -- Symlinking: /home/tdeng23/ros2_ws/src/install/crazyflie_interfaces/include/crazyflie_interfaces/srv/detail/stop__rosidl_typesupport_fastrtps_c.h
[22.534s] -- Symlinking: /home/tdeng23/ros2_ws/src/install/crazyflie_interfaces/include/crazyflie_interfaces/srv/detail/takeoff__rosidl_typesupport_fastrtps_c.h
[22.539s] -- Symlinking: /home/tdeng23/ros2_ws/src/install/crazyflie_interfaces/include/crazyflie_interfaces/srv/detail/update_params__rosidl_typesupport_fastrtps_c.h
[22.543s] -- Symlinking: /home/tdeng23/ros2_ws/src/install/crazyflie_interfaces/include/crazyflie_interfaces/srv/detail/upload_trajectory__rosidl_typesupport_fastrtps_c.h
[22.548s] -- Symlinking: /home/tdeng23/ros2_ws/src/install/crazyflie_interfaces/lib/libcrazyflie_interfaces__rosidl_typesupport_fastrtps_c.so
[22.554s] -- Symlinking: /home/tdeng23/ros2_ws/src/install/crazyflie_interfaces/include/crazyflie_interfaces/msg/detail/full_state__rosidl_typesupport_fastrtps_cpp.hpp
[22.558s] -- Symlinking: /home/tdeng23/ros2_ws/src/install/crazyflie_interfaces/include/crazyflie_interfaces/msg/detail/hover__rosidl_typesupport_fastrtps_cpp.hpp
[22.562s] -- Symlinking: /home/tdeng23/ros2_ws/src/install/crazyflie_interfaces/include/crazyflie_interfaces/msg/detail/log_block__rosidl_typesupport_fastrtps_cpp.hpp
[22.566s] -- Symlinking: /home/tdeng23/ros2_ws/src/install/crazyflie_interfaces/include/crazyflie_interfaces/msg/detail/log_data_generic__rosidl_typesupport_fastrtps_cpp.hpp
[22.570s] -- Symlinking: /home/tdeng23/ros2_ws/src/install/crazyflie_interfaces/include/crazyflie_interfaces/msg/detail/position__rosidl_typesupport_fastrtps_cpp.hpp
[22.575s] -- Symlinking: /home/tdeng23/ros2_ws/src/install/crazyflie_interfaces/include/crazyflie_interfaces/msg/detail/trajectory_polynomial_piece__rosidl_typesupport_fastrtps_cpp.hpp
[22.579s] -- Symlinking: /home/tdeng23/ros2_ws/src/install/crazyflie_interfaces/include/crazyflie_interfaces/msg/detail/velocity_world__rosidl_typesupport_fastrtps_cpp.hpp
[22.584s] -- Symlinking: /home/tdeng23/ros2_ws/src/install/crazyflie_interfaces/include/crazyflie_interfaces/msg/rosidl_typesupport_fastrtps_cpp__visibility_control.h
[22.587s] -- Symlinking: /home/tdeng23/ros2_ws/src/install/crazyflie_interfaces/include/crazyflie_interfaces/srv/detail/add_logging__rosidl_typesupport_fastrtps_cpp.hpp
[22.592s] -- Symlinking: /home/tdeng23/ros2_ws/src/install/crazyflie_interfaces/include/crazyflie_interfaces/srv/detail/go_to__rosidl_typesupport_fastrtps_cpp.hpp
[22.596s] -- Symlinking: /home/tdeng23/ros2_ws/src/install/crazyflie_interfaces/include/crazyflie_interfaces/srv/detail/land__rosidl_typesupport_fastrtps_cpp.hpp
[22.601s] -- Symlinking: /home/tdeng23/ros2_ws/src/install/crazyflie_interfaces/include/crazyflie_interfaces/srv/detail/notify_setpoints_stop__rosidl_typesupport_fastrtps_cpp.hpp
[22.605s] -- Symlinking: /home/tdeng23/ros2_ws/src/install/crazyflie_interfaces/include/crazyflie_interfaces/srv/detail/remove_logging__rosidl_typesupport_fastrtps_cpp.hpp
[22.609s] -- Symlinking: /home/tdeng23/ros2_ws/src/install/crazyflie_interfaces/include/crazyflie_interfaces/srv/detail/set_group_mask__rosidl_typesupport_fastrtps_cpp.hpp
[22.614s] -- Symlinking: /home/tdeng23/ros2_ws/src/install/crazyflie_interfaces/include/crazyflie_interfaces/srv/detail/start_trajectory__rosidl_typesupport_fastrtps_cpp.hpp
[22.617s] -- Symlinking: /home/tdeng23/ros2_ws/src/install/crazyflie_interfaces/include/crazyflie_interfaces/srv/detail/stop__rosidl_typesupport_fastrtps_cpp.hpp
[22.622s] -- Symlinking: /home/tdeng23/ros2_ws/src/install/crazyflie_interfaces/include/crazyflie_interfaces/srv/detail/takeoff__rosidl_typesupport_fastrtps_cpp.hpp
[22.626s] -- Symlinking: /home/tdeng23/ros2_ws/src/install/crazyflie_interfaces/include/crazyflie_interfaces/srv/detail/update_params__rosidl_typesupport_fastrtps_cpp.hpp
[22.630s] -- Symlinking: /home/tdeng23/ros2_ws/src/install/crazyflie_interfaces/include/crazyflie_interfaces/srv/detail/upload_trajectory__rosidl_typesupport_fastrtps_cpp.hpp
[22.635s] -- Symlinking: /home/tdeng23/ros2_ws/src/install/crazyflie_interfaces/lib/libcrazyflie_interfaces__rosidl_typesupport_fastrtps_cpp.so
[22.640s] -- Symlinking: /home/tdeng23/ros2_ws/src/install/crazyflie_interfaces/include/crazyflie_interfaces/msg/detail/full_state__rosidl_typesupport_introspection_c.h
[22.644s] -- Symlinking: /home/tdeng23/ros2_ws/src/install/crazyflie_interfaces/include/crazyflie_interfaces/msg/detail/hover__rosidl_typesupport_introspection_c.h
[22.648s] -- Symlinking: /home/tdeng23/ros2_ws/src/install/crazyflie_interfaces/include/crazyflie_interfaces/msg/detail/log_block__rosidl_typesupport_introspection_c.h
[22.652s] -- Symlinking: /home/tdeng23/ros2_ws/src/install/crazyflie_interfaces/include/crazyflie_interfaces/msg/detail/log_data_generic__rosidl_typesupport_introspection_c.h
[22.656s] -- Symlinking: /home/tdeng23/ros2_ws/src/install/crazyflie_interfaces/include/crazyflie_interfaces/msg/detail/position__rosidl_typesupport_introspection_c.h
[22.661s] -- Symlinking: /home/tdeng23/ros2_ws/src/install/crazyflie_interfaces/include/crazyflie_interfaces/msg/detail/trajectory_polynomial_piece__rosidl_typesupport_introspection_c.h
[22.665s] -- Symlinking: /home/tdeng23/ros2_ws/src/install/crazyflie_interfaces/include/crazyflie_interfaces/msg/detail/velocity_world__rosidl_typesupport_introspection_c.h
[22.669s] -- Symlinking: /home/tdeng23/ros2_ws/src/install/crazyflie_interfaces/include/crazyflie_interfaces/msg/rosidl_typesupport_introspection_c__visibility_control.h
[22.673s] -- Symlinking: /home/tdeng23/ros2_ws/src/install/crazyflie_interfaces/include/crazyflie_interfaces/srv/detail/add_logging__rosidl_typesupport_introspection_c.h
[22.678s] -- Symlinking: /home/tdeng23/ros2_ws/src/install/crazyflie_interfaces/include/crazyflie_interfaces/srv/detail/go_to__rosidl_typesupport_introspection_c.h
[22.682s] -- Symlinking: /home/tdeng23/ros2_ws/src/install/crazyflie_interfaces/include/crazyflie_interfaces/srv/detail/land__rosidl_typesupport_introspection_c.h
[22.685s] -- Symlinking: /home/tdeng23/ros2_ws/src/install/crazyflie_interfaces/include/crazyflie_interfaces/srv/detail/notify_setpoints_stop__rosidl_typesupport_introspection_c.h
[22.690s] -- Symlinking: /home/tdeng23/ros2_ws/src/install/crazyflie_interfaces/include/crazyflie_interfaces/srv/detail/remove_logging__rosidl_typesupport_introspection_c.h
[22.694s] -- Symlinking: /home/tdeng23/ros2_ws/src/install/crazyflie_interfaces/include/crazyflie_interfaces/srv/detail/set_group_mask__rosidl_typesupport_introspection_c.h
[22.698s] -- Symlinking: /home/tdeng23/ros2_ws/src/install/crazyflie_interfaces/include/crazyflie_interfaces/srv/detail/start_trajectory__rosidl_typesupport_introspection_c.h
[22.702s] -- Symlinking: /home/tdeng23/ros2_ws/src/install/crazyflie_interfaces/include/crazyflie_interfaces/srv/detail/stop__rosidl_typesupport_introspection_c.h
[22.706s] -- Symlinking: /home/tdeng23/ros2_ws/src/install/crazyflie_interfaces/include/crazyflie_interfaces/srv/detail/takeoff__rosidl_typesupport_introspection_c.h
[22.711s] -- Symlinking: /home/tdeng23/ros2_ws/src/install/crazyflie_interfaces/include/crazyflie_interfaces/srv/detail/update_params__rosidl_typesupport_introspection_c.h
[22.716s] -- Symlinking: /home/tdeng23/ros2_ws/src/install/crazyflie_interfaces/include/crazyflie_interfaces/srv/detail/upload_trajectory__rosidl_typesupport_introspection_c.h
[22.721s] -- Symlinking: /home/tdeng23/ros2_ws/src/install/crazyflie_interfaces/include/crazyflie_interfaces/msg/detail/full_state__builder.hpp
[22.726s] -- Symlinking: /home/tdeng23/ros2_ws/src/install/crazyflie_interfaces/include/crazyflie_interfaces/msg/detail/full_state__struct.hpp
[22.730s] -- Symlinking: /home/tdeng23/ros2_ws/src/install/crazyflie_interfaces/include/crazyflie_interfaces/msg/detail/full_state__traits.hpp
[22.734s] -- Symlinking: /home/tdeng23/ros2_ws/src/install/crazyflie_interfaces/include/crazyflie_interfaces/msg/detail/hover__builder.hpp
[22.737s] -- Symlinking: /home/tdeng23/ros2_ws/src/install/crazyflie_interfaces/include/crazyflie_interfaces/msg/detail/hover__struct.hpp
[22.742s] -- Symlinking: /home/tdeng23/ros2_ws/src/install/crazyflie_interfaces/include/crazyflie_interfaces/msg/detail/hover__traits.hpp
[22.747s] -- Symlinking: /home/tdeng23/ros2_ws/src/install/crazyflie_interfaces/include/crazyflie_interfaces/msg/detail/log_block__builder.hpp
[22.750s] -- Symlinking: /home/tdeng23/ros2_ws/src/install/crazyflie_interfaces/include/crazyflie_interfaces/msg/detail/log_block__struct.hpp
[22.754s] -- Symlinking: /home/tdeng23/ros2_ws/src/install/crazyflie_interfaces/include/crazyflie_interfaces/msg/detail/log_block__traits.hpp
[22.758s] -- Symlinking: /home/tdeng23/ros2_ws/src/install/crazyflie_interfaces/include/crazyflie_interfaces/msg/detail/log_data_generic__builder.hpp
[22.763s] -- Symlinking: /home/tdeng23/ros2_ws/src/install/crazyflie_interfaces/include/crazyflie_interfaces/msg/detail/log_data_generic__struct.hpp
[22.767s] -- Symlinking: /home/tdeng23/ros2_ws/src/install/crazyflie_interfaces/include/crazyflie_interfaces/msg/detail/log_data_generic__traits.hpp
[22.771s] -- Symlinking: /home/tdeng23/ros2_ws/src/install/crazyflie_interfaces/include/crazyflie_interfaces/msg/detail/position__builder.hpp
[22.775s] -- Symlinking: /home/tdeng23/ros2_ws/src/install/crazyflie_interfaces/include/crazyflie_interfaces/msg/detail/position__struct.hpp
[22.780s] -- Symlinking: /home/tdeng23/ros2_ws/src/install/crazyflie_interfaces/include/crazyflie_interfaces/msg/detail/position__traits.hpp
[22.784s] -- Symlinking: /home/tdeng23/ros2_ws/src/install/crazyflie_interfaces/include/crazyflie_interfaces/msg/detail/trajectory_polynomial_piece__builder.hpp
[22.788s] -- Symlinking: /home/tdeng23/ros2_ws/src/install/crazyflie_interfaces/include/crazyflie_interfaces/msg/detail/trajectory_polynomial_piece__struct.hpp
[22.793s] -- Symlinking: /home/tdeng23/ros2_ws/src/install/crazyflie_interfaces/include/crazyflie_interfaces/msg/detail/trajectory_polynomial_piece__traits.hpp
[22.797s] -- Symlinking: /home/tdeng23/ros2_ws/src/install/crazyflie_interfaces/include/crazyflie_interfaces/msg/detail/velocity_world__builder.hpp
[22.801s] -- Symlinking: /home/tdeng23/ros2_ws/src/install/crazyflie_interfaces/include/crazyflie_interfaces/msg/detail/velocity_world__struct.hpp
[22.805s] -- Symlinking: /home/tdeng23/ros2_ws/src/install/crazyflie_interfaces/include/crazyflie_interfaces/msg/detail/velocity_world__traits.hpp
[22.810s] -- Symlinking: /home/tdeng23/ros2_ws/src/install/crazyflie_interfaces/include/crazyflie_interfaces/msg/full_state.hpp
[22.814s] -- Symlinking: /home/tdeng23/ros2_ws/src/install/crazyflie_interfaces/include/crazyflie_interfaces/msg/hover.hpp
[22.818s] -- Symlinking: /home/tdeng23/ros2_ws/src/install/crazyflie_interfaces/include/crazyflie_interfaces/msg/log_block.hpp
[22.822s] -- Symlinking: /home/tdeng23/ros2_ws/src/install/crazyflie_interfaces/include/crazyflie_interfaces/msg/log_data_generic.hpp
[22.827s] -- Symlinking: /home/tdeng23/ros2_ws/src/install/crazyflie_interfaces/include/crazyflie_interfaces/msg/position.hpp
[22.830s] -- Symlinking: /home/tdeng23/ros2_ws/src/install/crazyflie_interfaces/include/crazyflie_interfaces/msg/trajectory_polynomial_piece.hpp
[22.834s] -- Symlinking: /home/tdeng23/ros2_ws/src/install/crazyflie_interfaces/include/crazyflie_interfaces/msg/velocity_world.hpp
[22.838s] -- Symlinking: /home/tdeng23/ros2_ws/src/install/crazyflie_interfaces/include/crazyflie_interfaces/srv/add_logging.hpp
[22.843s] -- Symlinking: /home/tdeng23/ros2_ws/src/install/crazyflie_interfaces/include/crazyflie_interfaces/srv/detail/add_logging__builder.hpp
[22.847s] -- Symlinking: /home/tdeng23/ros2_ws/src/install/crazyflie_interfaces/include/crazyflie_interfaces/srv/detail/add_logging__struct.hpp
[22.851s] -- Symlinking: /home/tdeng23/ros2_ws/src/install/crazyflie_interfaces/include/crazyflie_interfaces/srv/detail/add_logging__traits.hpp
[22.855s] -- Symlinking: /home/tdeng23/ros2_ws/src/install/crazyflie_interfaces/include/crazyflie_interfaces/srv/detail/go_to__builder.hpp
[22.860s] -- Symlinking: /home/tdeng23/ros2_ws/src/install/crazyflie_interfaces/include/crazyflie_interfaces/srv/detail/go_to__struct.hpp
[22.864s] -- Symlinking: /home/tdeng23/ros2_ws/src/install/crazyflie_interfaces/include/crazyflie_interfaces/srv/detail/go_to__traits.hpp
[22.868s] -- Symlinking: /home/tdeng23/ros2_ws/src/install/crazyflie_interfaces/include/crazyflie_interfaces/srv/detail/land__builder.hpp
[22.872s] -- Symlinking: /home/tdeng23/ros2_ws/src/install/crazyflie_interfaces/include/crazyflie_interfaces/srv/detail/land__struct.hpp
[22.876s] -- Symlinking: /home/tdeng23/ros2_ws/src/install/crazyflie_interfaces/include/crazyflie_interfaces/srv/detail/land__traits.hpp
[22.881s] -- Symlinking: /home/tdeng23/ros2_ws/src/install/crazyflie_interfaces/include/crazyflie_interfaces/srv/detail/notify_setpoints_stop__builder.hpp
[22.884s] -- Symlinking: /home/tdeng23/ros2_ws/src/install/crazyflie_interfaces/include/crazyflie_interfaces/srv/detail/notify_setpoints_stop__struct.hpp
[22.888s] -- Symlinking: /home/tdeng23/ros2_ws/src/install/crazyflie_interfaces/include/crazyflie_interfaces/srv/detail/notify_setpoints_stop__traits.hpp
[22.893s] -- Symlinking: /home/tdeng23/ros2_ws/src/install/crazyflie_interfaces/include/crazyflie_interfaces/srv/detail/remove_logging__builder.hpp
[22.897s] -- Symlinking: /home/tdeng23/ros2_ws/src/install/crazyflie_interfaces/include/crazyflie_interfaces/srv/detail/remove_logging__struct.hpp
[22.901s] -- Symlinking: /home/tdeng23/ros2_ws/src/install/crazyflie_interfaces/include/crazyflie_interfaces/srv/detail/remove_logging__traits.hpp
[22.905s] -- Symlinking: /home/tdeng23/ros2_ws/src/install/crazyflie_interfaces/include/crazyflie_interfaces/srv/detail/set_group_mask__builder.hpp
[22.910s] -- Symlinking: /home/tdeng23/ros2_ws/src/install/crazyflie_interfaces/include/crazyflie_interfaces/srv/detail/set_group_mask__struct.hpp
[22.914s] -- Symlinking: /home/tdeng23/ros2_ws/src/install/crazyflie_interfaces/include/crazyflie_interfaces/srv/detail/set_group_mask__traits.hpp
[22.918s] -- Symlinking: /home/tdeng23/ros2_ws/src/install/crazyflie_interfaces/include/crazyflie_interfaces/srv/detail/start_trajectory__builder.hpp
[22.922s] -- Symlinking: /home/tdeng23/ros2_ws/src/install/crazyflie_interfaces/include/crazyflie_interfaces/srv/detail/start_trajectory__struct.hpp
[22.927s] -- Symlinking: /home/tdeng23/ros2_ws/src/install/crazyflie_interfaces/include/crazyflie_interfaces/srv/detail/start_trajectory__traits.hpp
[22.931s] -- Symlinking: /home/tdeng23/ros2_ws/src/install/crazyflie_interfaces/include/crazyflie_interfaces/srv/detail/stop__builder.hpp
[22.936s] -- Symlinking: /home/tdeng23/ros2_ws/src/install/crazyflie_interfaces/include/crazyflie_interfaces/srv/detail/stop__struct.hpp
[22.941s] -- Symlinking: /home/tdeng23/ros2_ws/src/install/crazyflie_interfaces/include/crazyflie_interfaces/srv/detail/stop__traits.hpp
[22.945s] -- Symlinking: /home/tdeng23/ros2_ws/src/install/crazyflie_interfaces/include/crazyflie_interfaces/srv/detail/takeoff__builder.hpp
[22.949s] -- Symlinking: /home/tdeng23/ros2_ws/src/install/crazyflie_interfaces/include/crazyflie_interfaces/srv/detail/takeoff__struct.hpp
[22.953s] -- Symlinking: /home/tdeng23/ros2_ws/src/install/crazyflie_interfaces/include/crazyflie_interfaces/srv/detail/takeoff__traits.hpp
[22.957s] -- Symlinking: /home/tdeng23/ros2_ws/src/install/crazyflie_interfaces/include/crazyflie_interfaces/srv/detail/update_params__builder.hpp
[22.962s] -- Symlinking: /home/tdeng23/ros2_ws/src/install/crazyflie_interfaces/include/crazyflie_interfaces/srv/detail/update_params__struct.hpp
[22.966s] -- Symlinking: /home/tdeng23/ros2_ws/src/install/crazyflie_interfaces/include/crazyflie_interfaces/srv/detail/update_params__traits.hpp
[22.970s] -- Symlinking: /home/tdeng23/ros2_ws/src/install/crazyflie_interfaces/include/crazyflie_interfaces/srv/detail/upload_trajectory__builder.hpp
[22.974s] -- Symlinking: /home/tdeng23/ros2_ws/src/install/crazyflie_interfaces/include/crazyflie_interfaces/srv/detail/upload_trajectory__struct.hpp
[22.980s] -- Symlinking: /home/tdeng23/ros2_ws/src/install/crazyflie_interfaces/include/crazyflie_interfaces/srv/detail/upload_trajectory__traits.hpp
[22.983s] -- Symlinking: /home/tdeng23/ros2_ws/src/install/crazyflie_interfaces/include/crazyflie_interfaces/srv/go_to.hpp
[22.987s] -- Symlinking: /home/tdeng23/ros2_ws/src/install/crazyflie_interfaces/include/crazyflie_interfaces/srv/land.hpp
[22.992s] -- Symlinking: /home/tdeng23/ros2_ws/src/install/crazyflie_interfaces/include/crazyflie_interfaces/srv/notify_setpoints_stop.hpp
[22.998s] -- Symlinking: /home/tdeng23/ros2_ws/src/install/crazyflie_interfaces/include/crazyflie_interfaces/srv/remove_logging.hpp
[23.001s] -- Symlinking: /home/tdeng23/ros2_ws/src/install/crazyflie_interfaces/include/crazyflie_interfaces/srv/set_group_mask.hpp
[23.005s] -- Symlinking: /home/tdeng23/ros2_ws/src/install/crazyflie_interfaces/include/crazyflie_interfaces/srv/start_trajectory.hpp
[23.010s] -- Symlinking: /home/tdeng23/ros2_ws/src/install/crazyflie_interfaces/include/crazyflie_interfaces/srv/stop.hpp
[23.014s] -- Symlinking: /home/tdeng23/ros2_ws/src/install/crazyflie_interfaces/include/crazyflie_interfaces/srv/takeoff.hpp
[23.018s] -- Symlinking: /home/tdeng23/ros2_ws/src/install/crazyflie_interfaces/include/crazyflie_interfaces/srv/update_params.hpp
[23.022s] -- Symlinking: /home/tdeng23/ros2_ws/src/install/crazyflie_interfaces/include/crazyflie_interfaces/srv/upload_trajectory.hpp
[23.028s] -- Symlinking: /home/tdeng23/ros2_ws/src/install/crazyflie_interfaces/include/crazyflie_interfaces/msg/detail/full_state__rosidl_typesupport_introspection_cpp.hpp
[23.032s] -- Symlinking: /home/tdeng23/ros2_ws/src/install/crazyflie_interfaces/include/crazyflie_interfaces/msg/detail/hover__rosidl_typesupport_introspection_cpp.hpp
[23.037s] -- Symlinking: /home/tdeng23/ros2_ws/src/install/crazyflie_interfaces/include/crazyflie_interfaces/msg/detail/log_block__rosidl_typesupport_introspection_cpp.hpp
[23.041s] -- Symlinking: /home/tdeng23/ros2_ws/src/install/crazyflie_interfaces/include/crazyflie_interfaces/msg/detail/log_data_generic__rosidl_typesupport_introspection_cpp.hpp
[23.045s] -- Symlinking: /home/tdeng23/ros2_ws/src/install/crazyflie_interfaces/include/crazyflie_interfaces/msg/detail/position__rosidl_typesupport_introspection_cpp.hpp
[23.049s] -- Symlinking: /home/tdeng23/ros2_ws/src/install/crazyflie_interfaces/include/crazyflie_interfaces/msg/detail/trajectory_polynomial_piece__rosidl_typesupport_introspection_cpp.hpp
[23.053s] -- Symlinking: /home/tdeng23/ros2_ws/src/install/crazyflie_interfaces/include/crazyflie_interfaces/msg/detail/velocity_world__rosidl_typesupport_introspection_cpp.hpp
[23.057s] -- Symlinking: /home/tdeng23/ros2_ws/src/install/crazyflie_interfaces/include/crazyflie_interfaces/srv/detail/add_logging__rosidl_typesupport_introspection_cpp.hpp
[23.062s] -- Symlinking: /home/tdeng23/ros2_ws/src/install/crazyflie_interfaces/include/crazyflie_interfaces/srv/detail/go_to__rosidl_typesupport_introspection_cpp.hpp
[23.066s] -- Symlinking: /home/tdeng23/ros2_ws/src/install/crazyflie_interfaces/include/crazyflie_interfaces/srv/detail/land__rosidl_typesupport_introspection_cpp.hpp
[23.070s] -- Symlinking: /home/tdeng23/ros2_ws/src/install/crazyflie_interfaces/include/crazyflie_interfaces/srv/detail/notify_setpoints_stop__rosidl_typesupport_introspection_cpp.hpp
[23.075s] -- Symlinking: /home/tdeng23/ros2_ws/src/install/crazyflie_interfaces/include/crazyflie_interfaces/srv/detail/remove_logging__rosidl_typesupport_introspection_cpp.hpp
[23.080s] -- Symlinking: /home/tdeng23/ros2_ws/src/install/crazyflie_interfaces/include/crazyflie_interfaces/srv/detail/set_group_mask__rosidl_typesupport_introspection_cpp.hpp
[23.085s] -- Symlinking: /home/tdeng23/ros2_ws/src/install/crazyflie_interfaces/include/crazyflie_interfaces/srv/detail/start_trajectory__rosidl_typesupport_introspection_cpp.hpp
[23.089s] -- Symlinking: /home/tdeng23/ros2_ws/src/install/crazyflie_interfaces/include/crazyflie_interfaces/srv/detail/stop__rosidl_typesupport_introspection_cpp.hpp
[23.095s] -- Symlinking: /home/tdeng23/ros2_ws/src/install/crazyflie_interfaces/include/crazyflie_interfaces/srv/detail/takeoff__rosidl_typesupport_introspection_cpp.hpp
[23.100s] -- Symlinking: /home/tdeng23/ros2_ws/src/install/crazyflie_interfaces/include/crazyflie_interfaces/srv/detail/update_params__rosidl_typesupport_introspection_cpp.hpp
[23.104s] -- Symlinking: /home/tdeng23/ros2_ws/src/install/crazyflie_interfaces/include/crazyflie_interfaces/srv/detail/upload_trajectory__rosidl_typesupport_introspection_cpp.hpp
[23.110s] -- Symlinking: /home/tdeng23/ros2_ws/src/install/crazyflie_interfaces/share/crazyflie_interfaces/environment/pythonpath.sh
[23.115s] -- Symlinking: /home/tdeng23/ros2_ws/src/install/crazyflie_interfaces/share/crazyflie_interfaces/environment/pythonpath.dsv
[23.119s] -- Symlinking: /home/tdeng23/ros2_ws/src/install/crazyflie_interfaces/lib/python3.8/site-packages/crazyflie_interfaces/__init__.py
[23.124s] -- Symlinking: /home/tdeng23/ros2_ws/src/install/crazyflie_interfaces/lib/python3.8/site-packages/crazyflie_interfaces/msg/__init__.py
[23.130s] -- Symlinking: /home/tdeng23/ros2_ws/src/install/crazyflie_interfaces/lib/python3.8/site-packages/crazyflie_interfaces/msg/_full_state.py
[23.134s] -- Symlinking: /home/tdeng23/ros2_ws/src/install/crazyflie_interfaces/lib/python3.8/site-packages/crazyflie_interfaces/msg/_hover.py
[23.139s] -- Symlinking: /home/tdeng23/ros2_ws/src/install/crazyflie_interfaces/lib/python3.8/site-packages/crazyflie_interfaces/msg/_log_block.py
[23.146s] -- Symlinking: /home/tdeng23/ros2_ws/src/install/crazyflie_interfaces/lib/python3.8/site-packages/crazyflie_interfaces/msg/_log_data_generic.py
[23.150s] -- Symlinking: /home/tdeng23/ros2_ws/src/install/crazyflie_interfaces/lib/python3.8/site-packages/crazyflie_interfaces/msg/_position.py
[23.155s] -- Symlinking: /home/tdeng23/ros2_ws/src/install/crazyflie_interfaces/lib/python3.8/site-packages/crazyflie_interfaces/msg/_trajectory_polynomial_piece.py
[23.162s] -- Symlinking: /home/tdeng23/ros2_ws/src/install/crazyflie_interfaces/lib/python3.8/site-packages/crazyflie_interfaces/msg/_velocity_world.py
[23.167s] -- Symlinking: /home/tdeng23/ros2_ws/src/install/crazyflie_interfaces/lib/python3.8/site-packages/crazyflie_interfaces/srv/__init__.py
[23.173s] -- Symlinking: /home/tdeng23/ros2_ws/src/install/crazyflie_interfaces/lib/python3.8/site-packages/crazyflie_interfaces/srv/_add_logging.py
[23.181s] -- Symlinking: /home/tdeng23/ros2_ws/src/install/crazyflie_interfaces/lib/python3.8/site-packages/crazyflie_interfaces/srv/_go_to.py
[23.185s] -- Symlinking: /home/tdeng23/ros2_ws/src/install/crazyflie_interfaces/lib/python3.8/site-packages/crazyflie_interfaces/srv/_land.py
[23.194s] -- Symlinking: /home/tdeng23/ros2_ws/src/install/crazyflie_interfaces/lib/python3.8/site-packages/crazyflie_interfaces/srv/_notify_setpoints_stop.py
[23.200s] -- Symlinking: /home/tdeng23/ros2_ws/src/install/crazyflie_interfaces/lib/python3.8/site-packages/crazyflie_interfaces/srv/_remove_logging.py
[23.205s] -- Symlinking: /home/tdeng23/ros2_ws/src/install/crazyflie_interfaces/lib/python3.8/site-packages/crazyflie_interfaces/srv/_set_group_mask.py
[23.213s] -- Symlinking: /home/tdeng23/ros2_ws/src/install/crazyflie_interfaces/lib/python3.8/site-packages/crazyflie_interfaces/srv/_start_trajectory.py
[23.218s] -- Symlinking: /home/tdeng23/ros2_ws/src/install/crazyflie_interfaces/lib/python3.8/site-packages/crazyflie_interfaces/srv/_stop.py
[23.222s] -- Symlinking: /home/tdeng23/ros2_ws/src/install/crazyflie_interfaces/lib/python3.8/site-packages/crazyflie_interfaces/srv/_takeoff.py
[23.231s] -- Symlinking: /home/tdeng23/ros2_ws/src/install/crazyflie_interfaces/lib/python3.8/site-packages/crazyflie_interfaces/srv/_update_params.py
[23.235s] -- Symlinking: /home/tdeng23/ros2_ws/src/install/crazyflie_interfaces/lib/python3.8/site-packages/crazyflie_interfaces/srv/_upload_trajectory.py
[23.242s] -- Symlinking: /home/tdeng23/ros2_ws/src/install/crazyflie_interfaces/lib/python3.8/site-packages/crazyflie_interfaces/crazyflie_interfaces_s__rosidl_typesupport_fastrtps_c.cpython-38-x86_64-linux-gnu.so
[23.249s] -- Symlinking: /home/tdeng23/ros2_ws/src/install/crazyflie_interfaces/lib/python3.8/site-packages/crazyflie_interfaces/crazyflie_interfaces_s__rosidl_typesupport_introspection_c.cpython-38-x86_64-linux-gnu.so
[23.254s] -- Symlinking: /home/tdeng23/ros2_ws/src/install/crazyflie_interfaces/lib/python3.8/site-packages/crazyflie_interfaces/crazyflie_interfaces_s__rosidl_typesupport_c.cpython-38-x86_64-linux-gnu.so
[23.263s] -- Symlinking: /home/tdeng23/ros2_ws/src/install/crazyflie_interfaces/lib/libcrazyflie_interfaces__python.so
[23.267s] -- Symlinking: /home/tdeng23/ros2_ws/src/install/crazyflie_interfaces/share/crazyflie_interfaces/msg/FullState.idl
[23.277s] -- Symlinking: /home/tdeng23/ros2_ws/src/install/crazyflie_interfaces/share/crazyflie_interfaces/msg/LogDataGeneric.idl
[23.283s] -- Symlinking: /home/tdeng23/ros2_ws/src/install/crazyflie_interfaces/share/crazyflie_interfaces/msg/Hover.idl
[23.287s] -- Symlinking: /home/tdeng23/ros2_ws/src/install/crazyflie_interfaces/share/crazyflie_interfaces/msg/LogBlock.idl
[23.298s] -- Symlinking: /home/tdeng23/ros2_ws/src/install/crazyflie_interfaces/share/crazyflie_interfaces/msg/Position.idl
[23.302s] -- Symlinking: /home/tdeng23/ros2_ws/src/install/crazyflie_interfaces/share/crazyflie_interfaces/msg/TrajectoryPolynomialPiece.idl
[23.311s] -- Symlinking: /home/tdeng23/ros2_ws/src/install/crazyflie_interfaces/share/crazyflie_interfaces/msg/VelocityWorld.idl
[23.316s] -- Symlinking: /home/tdeng23/ros2_ws/src/install/crazyflie_interfaces/share/crazyflie_interfaces/srv/GoTo.idl
[23.320s] -- Symlinking: /home/tdeng23/ros2_ws/src/install/crazyflie_interfaces/share/crazyflie_interfaces/srv/Land.idl
[23.329s] -- Symlinking: /home/tdeng23/ros2_ws/src/install/crazyflie_interfaces/share/crazyflie_interfaces/srv/NotifySetpointsStop.idl
[23.335s] -- Symlinking: /home/tdeng23/ros2_ws/src/install/crazyflie_interfaces/share/crazyflie_interfaces/srv/SetGroupMask.idl
[23.340s] -- Symlinking: /home/tdeng23/ros2_ws/src/install/crazyflie_interfaces/share/crazyflie_interfaces/srv/StartTrajectory.idl
[23.346s] -- Symlinking: /home/tdeng23/ros2_ws/src/install/crazyflie_interfaces/share/crazyflie_interfaces/srv/Stop.idl
[23.350s] -- Symlinking: /home/tdeng23/ros2_ws/src/install/crazyflie_interfaces/share/crazyflie_interfaces/srv/Takeoff.idl
[23.355s] -- Symlinking: /home/tdeng23/ros2_ws/src/install/crazyflie_interfaces/share/crazyflie_interfaces/srv/UpdateParams.idl
[23.361s] -- Symlinking: /home/tdeng23/ros2_ws/src/install/crazyflie_interfaces/share/crazyflie_interfaces/srv/UploadTrajectory.idl
[23.366s] -- Symlinking: /home/tdeng23/ros2_ws/src/install/crazyflie_interfaces/share/crazyflie_interfaces/srv/RemoveLogging.idl
[23.371s] -- Symlinking: /home/tdeng23/ros2_ws/src/install/crazyflie_interfaces/share/crazyflie_interfaces/srv/AddLogging.idl
[23.376s] -- Symlinking: /home/tdeng23/ros2_ws/src/install/crazyflie_interfaces/share/crazyflie_interfaces/msg/FullState.msg
[23.382s] -- Symlinking: /home/tdeng23/ros2_ws/src/install/crazyflie_interfaces/share/crazyflie_interfaces/msg/LogDataGeneric.msg
[23.386s] -- Symlinking: /home/tdeng23/ros2_ws/src/install/crazyflie_interfaces/share/crazyflie_interfaces/msg/Hover.msg
[23.391s] -- Symlinking: /home/tdeng23/ros2_ws/src/install/crazyflie_interfaces/share/crazyflie_interfaces/msg/LogBlock.msg
[23.397s] -- Symlinking: /home/tdeng23/ros2_ws/src/install/crazyflie_interfaces/share/crazyflie_interfaces/msg/Position.msg
[23.403s] -- Symlinking: /home/tdeng23/ros2_ws/src/install/crazyflie_interfaces/share/crazyflie_interfaces/msg/TrajectoryPolynomialPiece.msg
[23.408s] -- Symlinking: /home/tdeng23/ros2_ws/src/install/crazyflie_interfaces/share/crazyflie_interfaces/msg/VelocityWorld.msg
[23.413s] -- Symlinking: /home/tdeng23/ros2_ws/src/install/crazyflie_interfaces/share/crazyflie_interfaces/srv/GoTo.srv
[23.418s] -- Symlinking: /home/tdeng23/ros2_ws/src/install/crazyflie_interfaces/share/crazyflie_interfaces/srv/GoTo_Request.msg
[23.423s] -- Symlinking: /home/tdeng23/ros2_ws/src/install/crazyflie_interfaces/share/crazyflie_interfaces/srv/GoTo_Response.msg
[23.428s] -- Symlinking: /home/tdeng23/ros2_ws/src/install/crazyflie_interfaces/share/crazyflie_interfaces/srv/Land.srv
[23.433s] -- Symlinking: /home/tdeng23/ros2_ws/src/install/crazyflie_interfaces/share/crazyflie_interfaces/srv/Land_Request.msg
[23.437s] -- Symlinking: /home/tdeng23/ros2_ws/src/install/crazyflie_interfaces/share/crazyflie_interfaces/srv/Land_Response.msg
[23.445s] -- Symlinking: /home/tdeng23/ros2_ws/src/install/crazyflie_interfaces/share/crazyflie_interfaces/srv/NotifySetpointsStop.srv
[23.449s] -- Symlinking: /home/tdeng23/ros2_ws/src/install/crazyflie_interfaces/share/crazyflie_interfaces/srv/NotifySetpointsStop_Request.msg
[23.454s] -- Symlinking: /home/tdeng23/ros2_ws/src/install/crazyflie_interfaces/share/crazyflie_interfaces/srv/NotifySetpointsStop_Response.msg
[23.462s] -- Symlinking: /home/tdeng23/ros2_ws/src/install/crazyflie_interfaces/share/crazyflie_interfaces/srv/SetGroupMask.srv
[23.466s] -- Symlinking: /home/tdeng23/ros2_ws/src/install/crazyflie_interfaces/share/crazyflie_interfaces/srv/SetGroupMask_Request.msg
[23.471s] -- Symlinking: /home/tdeng23/ros2_ws/src/install/crazyflie_interfaces/share/crazyflie_interfaces/srv/SetGroupMask_Response.msg
[23.478s] -- Symlinking: /home/tdeng23/ros2_ws/src/install/crazyflie_interfaces/share/crazyflie_interfaces/srv/StartTrajectory.srv
[23.484s] -- Symlinking: /home/tdeng23/ros2_ws/src/install/crazyflie_interfaces/share/crazyflie_interfaces/srv/StartTrajectory_Request.msg
[23.488s] -- Symlinking: /home/tdeng23/ros2_ws/src/install/crazyflie_interfaces/share/crazyflie_interfaces/srv/StartTrajectory_Response.msg
[23.497s] -- Symlinking: /home/tdeng23/ros2_ws/src/install/crazyflie_interfaces/share/crazyflie_interfaces/srv/Stop.srv
[23.502s] -- Symlinking: /home/tdeng23/ros2_ws/src/install/crazyflie_interfaces/share/crazyflie_interfaces/srv/Stop_Request.msg
[23.508s] -- Symlinking: /home/tdeng23/ros2_ws/src/install/crazyflie_interfaces/share/crazyflie_interfaces/srv/Stop_Response.msg
[23.515s] -- Symlinking: /home/tdeng23/ros2_ws/src/install/crazyflie_interfaces/share/crazyflie_interfaces/srv/Takeoff.srv
[23.520s] -- Symlinking: /home/tdeng23/ros2_ws/src/install/crazyflie_interfaces/share/crazyflie_interfaces/srv/Takeoff_Request.msg
[23.527s] -- Symlinking: /home/tdeng23/ros2_ws/src/install/crazyflie_interfaces/share/crazyflie_interfaces/srv/Takeoff_Response.msg
[23.532s] -- Symlinking: /home/tdeng23/ros2_ws/src/install/crazyflie_interfaces/share/crazyflie_interfaces/srv/UpdateParams.srv
[23.537s] -- Symlinking: /home/tdeng23/ros2_ws/src/install/crazyflie_interfaces/share/crazyflie_interfaces/srv/UpdateParams_Request.msg
[23.544s] -- Symlinking: /home/tdeng23/ros2_ws/src/install/crazyflie_interfaces/share/crazyflie_interfaces/srv/UpdateParams_Response.msg
[23.550s] -- Symlinking: /home/tdeng23/ros2_ws/src/install/crazyflie_interfaces/share/crazyflie_interfaces/srv/UploadTrajectory.srv
[23.555s] -- Symlinking: /home/tdeng23/ros2_ws/src/install/crazyflie_interfaces/share/crazyflie_interfaces/srv/UploadTrajectory_Request.msg
[23.563s] -- Symlinking: /home/tdeng23/ros2_ws/src/install/crazyflie_interfaces/share/crazyflie_interfaces/srv/UploadTrajectory_Response.msg
[23.568s] -- Symlinking: /home/tdeng23/ros2_ws/src/install/crazyflie_interfaces/share/crazyflie_interfaces/srv/RemoveLogging.srv
[23.575s] -- Symlinking: /home/tdeng23/ros2_ws/src/install/crazyflie_interfaces/share/crazyflie_interfaces/srv/RemoveLogging_Request.msg
[23.582s] -- Symlinking: /home/tdeng23/ros2_ws/src/install/crazyflie_interfaces/share/crazyflie_interfaces/srv/RemoveLogging_Response.msg
[23.587s] -- Symlinking: /home/tdeng23/ros2_ws/src/install/crazyflie_interfaces/share/crazyflie_interfaces/srv/AddLogging.srv
[23.596s] -- Symlinking: /home/tdeng23/ros2_ws/src/install/crazyflie_interfaces/share/crazyflie_interfaces/srv/AddLogging_Request.msg
[23.601s] -- Symlinking: /home/tdeng23/ros2_ws/src/install/crazyflie_interfaces/share/crazyflie_interfaces/srv/AddLogging_Response.msg
[23.608s] -- Symlinking: /home/tdeng23/ros2_ws/src/install/crazyflie_interfaces/share/ament_index/resource_index/package_run_dependencies/crazyflie_interfaces
[23.614s] -- Symlinking: /home/tdeng23/ros2_ws/src/install/crazyflie_interfaces/share/ament_index/resource_index/parent_prefix_path/crazyflie_interfaces
[23.619s] -- Symlinking: /home/tdeng23/ros2_ws/src/install/crazyflie_interfaces/share/crazyflie_interfaces/environment/ament_prefix_path.sh
[23.627s] -- Symlinking: /home/tdeng23/ros2_ws/src/install/crazyflie_interfaces/share/crazyflie_interfaces/environment/ament_prefix_path.dsv
[23.632s] -- Symlinking: /home/tdeng23/ros2_ws/src/install/crazyflie_interfaces/share/crazyflie_interfaces/environment/path.sh
[23.636s] -- Symlinking: /home/tdeng23/ros2_ws/src/install/crazyflie_interfaces/share/crazyflie_interfaces/environment/path.dsv
[23.644s] -- Symlinking: /home/tdeng23/ros2_ws/src/install/crazyflie_interfaces/share/crazyflie_interfaces/local_setup.bash
[23.649s] -- Symlinking: /home/tdeng23/ros2_ws/src/install/crazyflie_interfaces/share/crazyflie_interfaces/local_setup.sh
[23.654s] -- Symlinking: /home/tdeng23/ros2_ws/src/install/crazyflie_interfaces/share/crazyflie_interfaces/local_setup.zsh
[23.661s] -- Symlinking: /home/tdeng23/ros2_ws/src/install/crazyflie_interfaces/share/crazyflie_interfaces/local_setup.dsv
[23.666s] -- Symlinking: /home/tdeng23/ros2_ws/src/install/crazyflie_interfaces/share/crazyflie_interfaces/package.dsv
[23.671s] -- Symlinking: /home/tdeng23/ros2_ws/src/install/crazyflie_interfaces/share/ament_index/resource_index/packages/crazyflie_interfaces
[23.681s] -- Symlinking: /home/tdeng23/ros2_ws/src/install/crazyflie_interfaces/share/crazyflie_interfaces/cmake/rosidl_cmake-extras.cmake
[23.685s] -- Symlinking: /home/tdeng23/ros2_ws/src/install/crazyflie_interfaces/share/crazyflie_interfaces/cmake/ament_cmake_export_dependencies-extras.cmake
[23.690s] -- Symlinking: /home/tdeng23/ros2_ws/src/install/crazyflie_interfaces/share/crazyflie_interfaces/cmake/ament_cmake_export_libraries-extras.cmake
[23.699s] -- Symlinking: /home/tdeng23/ros2_ws/src/install/crazyflie_interfaces/share/crazyflie_interfaces/cmake/ament_cmake_export_targets-extras.cmake
[23.705s] -- Symlinking: /home/tdeng23/ros2_ws/src/install/crazyflie_interfaces/share/crazyflie_interfaces/cmake/ament_cmake_export_include_directories-extras.cmake
[23.713s] -- Symlinking: /home/tdeng23/ros2_ws/src/install/crazyflie_interfaces/share/crazyflie_interfaces/cmake/rosidl_cmake_export_typesupport_libraries-extras.cmake
[23.717s] -- Symlinking: /home/tdeng23/ros2_ws/src/install/crazyflie_interfaces/share/crazyflie_interfaces/cmake/rosidl_cmake_export_typesupport_targets-extras.cmake
[23.735s] -- Symlinking: /home/tdeng23/ros2_ws/src/install/crazyflie_interfaces/share/crazyflie_interfaces/cmake/crazyflie_interfacesConfig.cmake
[23.740s] -- Symlinking: /home/tdeng23/ros2_ws/src/install/crazyflie_interfaces/share/crazyflie_interfaces/cmake/crazyflie_interfacesConfig-version.cmake
[23.755s] -- Symlinking: /home/tdeng23/ros2_ws/src/install/crazyflie_interfaces/share/crazyflie_interfaces/package.xml
[23.775s] -- Installing: /home/tdeng23/ros2_ws/src/install/crazyflie_interfaces/lib/libcrazyflie_interfaces__rosidl_generator_c.so
[23.777s] -- Set runtime path of "/home/tdeng23/ros2_ws/src/install/crazyflie_interfaces/lib/libcrazyflie_interfaces__rosidl_generator_c.so" to ""
[23.779s] -- Installing: /home/tdeng23/ros2_ws/src/install/crazyflie_interfaces/lib/libcrazyflie_interfaces__rosidl_typesupport_introspection_c.so
[23.781s] -- Set runtime path of "/home/tdeng23/ros2_ws/src/install/crazyflie_interfaces/lib/libcrazyflie_interfaces__rosidl_typesupport_introspection_c.so" to ""
[23.781s] -- Installing: /home/tdeng23/ros2_ws/src/install/crazyflie_interfaces/lib/libcrazyflie_interfaces__rosidl_typesupport_c.so
[23.782s] -- Set runtime path of "/home/tdeng23/ros2_ws/src/install/crazyflie_interfaces/lib/libcrazyflie_interfaces__rosidl_typesupport_c.so" to ""
[23.782s] -- Installing: /home/tdeng23/ros2_ws/src/install/crazyflie_interfaces/lib/libcrazyflie_interfaces__rosidl_typesupport_introspection_cpp.so
[23.783s] -- Set runtime path of "/home/tdeng23/ros2_ws/src/install/crazyflie_interfaces/lib/libcrazyflie_interfaces__rosidl_typesupport_introspection_cpp.so" to ""
[23.783s] -- Installing: /home/tdeng23/ros2_ws/src/install/crazyflie_interfaces/lib/libcrazyflie_interfaces__rosidl_typesupport_cpp.so
[23.784s] -- Set runtime path of "/home/tdeng23/ros2_ws/src/install/crazyflie_interfaces/lib/libcrazyflie_interfaces__rosidl_typesupport_cpp.so" to ""
[23.912s] Compiling '/home/tdeng23/ros2_ws/src/install/crazyflie_interfaces/lib/python3.8/site-packages/crazyflie_interfaces/__init__.py'...
[23.919s] -- Installing: /home/tdeng23/ros2_ws/src/install/crazyflie_interfaces/share/crazyflie_interfaces/cmake/crazyflie_interfaces__rosidl_generator_cExport.cmake
[23.919s] -- Installing: /home/tdeng23/ros2_ws/src/install/crazyflie_interfaces/share/crazyflie_interfaces/cmake/crazyflie_interfaces__rosidl_generator_cExport-noconfig.cmake
[23.920s] -- Installing: /home/tdeng23/ros2_ws/src/install/crazyflie_interfaces/share/crazyflie_interfaces/cmake/crazyflie_interfaces__rosidl_typesupport_introspection_cExport.cmake
[23.920s] -- Installing: /home/tdeng23/ros2_ws/src/install/crazyflie_interfaces/share/crazyflie_interfaces/cmake/crazyflie_interfaces__rosidl_typesupport_introspection_cExport-noconfig.cmake
[23.921s] -- Installing: /home/tdeng23/ros2_ws/src/install/crazyflie_interfaces/share/crazyflie_interfaces/cmake/crazyflie_interfaces__rosidl_typesupport_cExport.cmake
[23.921s] -- Installing: /home/tdeng23/ros2_ws/src/install/crazyflie_interfaces/share/crazyflie_interfaces/cmake/crazyflie_interfaces__rosidl_typesupport_cExport-noconfig.cmake
[23.922s] -- Installing: /home/tdeng23/ros2_ws/src/install/crazyflie_interfaces/share/crazyflie_interfaces/cmake/crazyflie_interfaces__rosidl_generator_cppExport.cmake
[23.922s] -- Installing: /home/tdeng23/ros2_ws/src/install/crazyflie_interfaces/share/crazyflie_interfaces/cmake/crazyflie_interfaces__rosidl_typesupport_introspection_cppExport.cmake
[23.923s] -- Installing: /home/tdeng23/ros2_ws/src/install/crazyflie_interfaces/share/crazyflie_interfaces/cmake/crazyflie_interfaces__rosidl_typesupport_introspection_cppExport-noconfig.cmake
[23.923s] -- Installing: /home/tdeng23/ros2_ws/src/install/crazyflie_interfaces/share/crazyflie_interfaces/cmake/crazyflie_interfaces__rosidl_typesupport_cppExport.cmake
[23.923s] -- Installing: /home/tdeng23/ros2_ws/src/install/crazyflie_interfaces/share/crazyflie_interfaces/cmake/crazyflie_interfaces__rosidl_typesupport_cppExport-noconfig.cmake
[23.938s] Invoked command in '/home/tdeng23/ros2_ws/src/build/crazyflie_interfaces' returned '0': CMAKE_PREFIX_PATH=${CMAKE_PREFIX_PATH}:/home/tdeng23/ros2_ws/install/my_package:/home/tdeng23/ros2_ws/install/crazyflie_simulation:/home/tdeng23/ros2_ws/install/crazyflie_ros2_simulation:/home/tdeng23/ros2_ws/install/crazyflie_ros2_simple_mapper:/home/tdeng23/ros2_ws/install/crazyflie_ros2_scan:/home/tdeng23/ros2_ws/install/crazyflie_ros2:/home/tdeng23/ros2_ws/install/crazyflie_py:/opt/ros/galactic /home/tdeng23/.local/bin/cmake --install /home/tdeng23/ros2_ws/src/build/crazyflie_interfaces
