-- The C compiler identification is GNU 9.4.0
-- The CXX compiler identification is GNU 9.4.0
-- Detecting C compiler ABI info
-- Detecting C compiler ABI info - done
-- Check for working C compiler: /usr/bin/cc - skipped
-- Detecting C compile features
-- Detecting C compile features - done
-- Detecting CXX compiler ABI info
-- Detecting CXX compiler ABI info - done
-- Check for working CXX compiler: /usr/bin/c++ - skipped
-- Detecting CXX compile features
-- Detecting CXX compile features - done
-- Found ament_cmake: 1.1.6 (/opt/ros/galactic/share/ament_cmake/cmake)
-- Found PythonInterp: /usr/bin/python3 (found suitable version "3.8.10", minimum required is "3") 
-- Using PYTHON_EXECUTABLE: /usr/bin/python3
-- Configuring done (0.5s)
-- Generating done (0.0s)
-- Build files have been written to: /home/tdeng23/ros2_ws/src/crazyswarm2/build/crazyflie_sim
Built target ament_cmake_python_copy_crazyflie_sim_setup
Built target ament_cmake_python_copy_crazyflie_sim
running egg_info
creating crazyflie_sim.egg-info
writing crazyflie_sim.egg-info/PKG-INFO
writing dependency_links to crazyflie_sim.egg-info/dependency_links.txt
writing entry points to crazyflie_sim.egg-info/entry_points.txt
writing top-level names to crazyflie_sim.egg-info/top_level.txt
writing manifest file 'crazyflie_sim.egg-info/SOURCES.txt'
running install_scripts
running egg_info
writing crazyflie_sim.egg-info/PKG-INFO
writing dependency_links to crazyflie_sim.egg-info/dependency_links.txt
writing entry points to crazyflie_sim.egg-info/entry_points.txt
writing top-level names to crazyflie_sim.egg-info/top_level.txt
reading manifest file 'crazyflie_sim.egg-info/SOURCES.txt'
writing manifest file 'crazyflie_sim.egg-info/SOURCES.txt'
Built target ament_cmake_python_build_crazyflie_sim_egg
reading manifest file 'crazyflie_sim.egg-info/SOURCES.txt'
writing manifest file 'crazyflie_sim.egg-info/SOURCES.txt'
Installing crazyflie_server script to scripts
Built target ament_cmake_python_build_crazyflie_sim_scripts
-- Install configuration: ""
-- Installing: /home/tdeng23/ros2_ws/src/crazyswarm2/install/crazyflie_sim/share/crazyflie_sim/environment/pythonpath.sh
-- Installing: /home/tdeng23/ros2_ws/src/crazyswarm2/install/crazyflie_sim/share/crazyflie_sim/environment/pythonpath.dsv
-- Installing: /home/tdeng23/ros2_ws/src/crazyswarm2/install/crazyflie_sim/lib/python3.8/site-packages//crazyflie_sim.egg-info
-- Installing: /home/tdeng23/ros2_ws/src/crazyswarm2/install/crazyflie_sim/lib/python3.8/site-packages//crazyflie_sim.egg-info/PKG-INFO
-- Installing: /home/tdeng23/ros2_ws/src/crazyswarm2/install/crazyflie_sim/lib/python3.8/site-packages//crazyflie_sim.egg-info/dependency_links.txt
-- Installing: /home/tdeng23/ros2_ws/src/crazyswarm2/install/crazyflie_sim/lib/python3.8/site-packages//crazyflie_sim.egg-info/SOURCES.txt
-- Installing: /home/tdeng23/ros2_ws/src/crazyswarm2/install/crazyflie_sim/lib/python3.8/site-packages//crazyflie_sim.egg-info/entry_points.txt
-- Installing: /home/tdeng23/ros2_ws/src/crazyswarm2/install/crazyflie_sim/lib/python3.8/site-packages//crazyflie_sim.egg-info/top_level.txt
-- Installing: /home/tdeng23/ros2_ws/src/crazyswarm2/install/crazyflie_sim/lib/crazyflie_sim/
-- Installing: /home/tdeng23/ros2_ws/src/crazyswarm2/install/crazyflie_sim/lib/crazyflie_sim//crazyflie_server
-- Installing: /home/tdeng23/ros2_ws/src/crazyswarm2/install/crazyflie_sim/lib/python3.8/site-packages/crazyflie_sim
-- Installing: /home/tdeng23/ros2_ws/src/crazyswarm2/install/crazyflie_sim/lib/python3.8/site-packages/crazyflie_sim/backend
-- Installing: /home/tdeng23/ros2_ws/src/crazyswarm2/install/crazyflie_sim/lib/python3.8/site-packages/crazyflie_sim/backend/none.py
-- Installing: /home/tdeng23/ros2_ws/src/crazyswarm2/install/crazyflie_sim/lib/python3.8/site-packages/crazyflie_sim/backend/np.py
-- Installing: /home/tdeng23/ros2_ws/src/crazyswarm2/install/crazyflie_sim/lib/python3.8/site-packages/crazyflie_sim/visualization
-- Installing: /home/tdeng23/ros2_ws/src/crazyswarm2/install/crazyflie_sim/lib/python3.8/site-packages/crazyflie_sim/visualization/record_states.py
-- Installing: /home/tdeng23/ros2_ws/src/crazyswarm2/install/crazyflie_sim/lib/python3.8/site-packages/crazyflie_sim/visualization/pdf.py
-- Installing: /home/tdeng23/ros2_ws/src/crazyswarm2/install/crazyflie_sim/lib/python3.8/site-packages/crazyflie_sim/visualization/README.md
-- Installing: /home/tdeng23/ros2_ws/src/crazyswarm2/install/crazyflie_sim/lib/python3.8/site-packages/crazyflie_sim/visualization/data
-- Installing: /home/tdeng23/ros2_ws/src/crazyswarm2/install/crazyflie_sim/lib/python3.8/site-packages/crazyflie_sim/visualization/data/model
-- Installing: /home/tdeng23/ros2_ws/src/crazyswarm2/install/crazyflie_sim/lib/python3.8/site-packages/crazyflie_sim/visualization/data/model/cf.obj
-- Installing: /home/tdeng23/ros2_ws/src/crazyswarm2/install/crazyflie_sim/lib/python3.8/site-packages/crazyflie_sim/visualization/data/model/cf.mtl
-- Installing: /home/tdeng23/ros2_ws/src/crazyswarm2/install/crazyflie_sim/lib/python3.8/site-packages/crazyflie_sim/visualization/data/env
-- Installing: /home/tdeng23/ros2_ws/src/crazyswarm2/install/crazyflie_sim/lib/python3.8/site-packages/crazyflie_sim/visualization/data/env/peppermint_powerplant.jpg
-- Installing: /home/tdeng23/ros2_ws/src/crazyswarm2/install/crazyflie_sim/lib/python3.8/site-packages/crazyflie_sim/visualization/data/env/museumplein.jpg
-- Installing: /home/tdeng23/ros2_ws/src/crazyswarm2/install/crazyflie_sim/lib/python3.8/site-packages/crazyflie_sim/visualization/data/env/lago_disola.jpg
-- Installing: /home/tdeng23/ros2_ws/src/crazyswarm2/install/crazyflie_sim/lib/python3.8/site-packages/crazyflie_sim/visualization/data/env/aerodynamics_workshop.jpg
-- Installing: /home/tdeng23/ros2_ws/src/crazyswarm2/install/crazyflie_sim/lib/python3.8/site-packages/crazyflie_sim/visualization/data/env/aviation_museum.jpg
-- Installing: /home/tdeng23/ros2_ws/src/crazyswarm2/install/crazyflie_sim/lib/python3.8/site-packages/crazyflie_sim/visualization/data/env/lake_pier.jpg
-- Installing: /home/tdeng23/ros2_ws/src/crazyswarm2/install/crazyflie_sim/lib/python3.8/site-packages/crazyflie_sim/visualization/data/env/env.jpg
-- Installing: /home/tdeng23/ros2_ws/src/crazyswarm2/install/crazyflie_sim/lib/python3.8/site-packages/crazyflie_sim/visualization/data/env/abandoned_greenhouse.jpg
-- Installing: /home/tdeng23/ros2_ws/src/crazyswarm2/install/crazyflie_sim/lib/python3.8/site-packages/crazyflie_sim/visualization/data/env/machine_shop.jpg
-- Installing: /home/tdeng23/ros2_ws/src/crazyswarm2/install/crazyflie_sim/lib/python3.8/site-packages/crazyflie_sim/visualization/data/env/crosswalk.jpg
-- Installing: /home/tdeng23/ros2_ws/src/crazyswarm2/install/crazyflie_sim/lib/python3.8/site-packages/crazyflie_sim/visualization/data/env/studio_garden.jpg
-- Installing: /home/tdeng23/ros2_ws/src/crazyswarm2/install/crazyflie_sim/lib/python3.8/site-packages/crazyflie_sim/visualization/data/env/derelict_overpass.jpg
-- Installing: /home/tdeng23/ros2_ws/src/crazyswarm2/install/crazyflie_sim/lib/python3.8/site-packages/crazyflie_sim/visualization/data/README.md
-- Installing: /home/tdeng23/ros2_ws/src/crazyswarm2/install/crazyflie_sim/lib/python3.8/site-packages/crazyflie_sim/visualization/blender.py
-- Installing: /home/tdeng23/ros2_ws/src/crazyswarm2/install/crazyflie_sim/lib/python3.8/site-packages/crazyflie_sim/visualization/rviz.py
-- Installing: /home/tdeng23/ros2_ws/src/crazyswarm2/install/crazyflie_sim/lib/python3.8/site-packages/crazyflie_sim/crazyflie_server.py
-- Installing: /home/tdeng23/ros2_ws/src/crazyswarm2/install/crazyflie_sim/lib/python3.8/site-packages/crazyflie_sim/sim_data_types.py
-- Installing: /home/tdeng23/ros2_ws/src/crazyswarm2/install/crazyflie_sim/lib/python3.8/site-packages/crazyflie_sim/crazyflie_sil.py
-- Installing: /home/tdeng23/ros2_ws/src/crazyswarm2/install/crazyflie_sim/lib/python3.8/site-packages/crazyflie_sim/__init__.py
Listing '/home/tdeng23/ros2_ws/src/crazyswarm2/install/crazyflie_sim/lib/python3.8/site-packages/crazyflie_sim'...
Compiling '/home/tdeng23/ros2_ws/src/crazyswarm2/install/crazyflie_sim/lib/python3.8/site-packages/crazyflie_sim/__init__.py'...
Listing '/home/tdeng23/ros2_ws/src/crazyswarm2/install/crazyflie_sim/lib/python3.8/site-packages/crazyflie_sim/backend'...
Compiling '/home/tdeng23/ros2_ws/src/crazyswarm2/install/crazyflie_sim/lib/python3.8/site-packages/crazyflie_sim/backend/none.py'...
Compiling '/home/tdeng23/ros2_ws/src/crazyswarm2/install/crazyflie_sim/lib/python3.8/site-packages/crazyflie_sim/backend/np.py'...
Compiling '/home/tdeng23/ros2_ws/src/crazyswarm2/install/crazyflie_sim/lib/python3.8/site-packages/crazyflie_sim/crazyflie_server.py'...
Compiling '/home/tdeng23/ros2_ws/src/crazyswarm2/install/crazyflie_sim/lib/python3.8/site-packages/crazyflie_sim/crazyflie_sil.py'...
Compiling '/home/tdeng23/ros2_ws/src/crazyswarm2/install/crazyflie_sim/lib/python3.8/site-packages/crazyflie_sim/sim_data_types.py'...
Listing '/home/tdeng23/ros2_ws/src/crazyswarm2/install/crazyflie_sim/lib/python3.8/site-packages/crazyflie_sim/visualization'...
Compiling '/home/tdeng23/ros2_ws/src/crazyswarm2/install/crazyflie_sim/lib/python3.8/site-packages/crazyflie_sim/visualization/blender.py'...
Listing '/home/tdeng23/ros2_ws/src/crazyswarm2/install/crazyflie_sim/lib/python3.8/site-packages/crazyflie_sim/visualization/data'...
Listing '/home/tdeng23/ros2_ws/src/crazyswarm2/install/crazyflie_sim/lib/python3.8/site-packages/crazyflie_sim/visualization/data/env'...
Listing '/home/tdeng23/ros2_ws/src/crazyswarm2/install/crazyflie_sim/lib/python3.8/site-packages/crazyflie_sim/visualization/data/model'...
Compiling '/home/tdeng23/ros2_ws/src/crazyswarm2/install/crazyflie_sim/lib/python3.8/site-packages/crazyflie_sim/visualization/pdf.py'...
Compiling '/home/tdeng23/ros2_ws/src/crazyswarm2/install/crazyflie_sim/lib/python3.8/site-packages/crazyflie_sim/visualization/record_states.py'...
Compiling '/home/tdeng23/ros2_ws/src/crazyswarm2/install/crazyflie_sim/lib/python3.8/site-packages/crazyflie_sim/visualization/rviz.py'...
-- Installing: /home/tdeng23/ros2_ws/src/crazyswarm2/install/crazyflie_sim/share/ament_index/resource_index/package_run_dependencies/crazyflie_sim
-- Installing: /home/tdeng23/ros2_ws/src/crazyswarm2/install/crazyflie_sim/share/ament_index/resource_index/parent_prefix_path/crazyflie_sim
-- Installing: /home/tdeng23/ros2_ws/src/crazyswarm2/install/crazyflie_sim/share/crazyflie_sim/environment/ament_prefix_path.sh
-- Installing: /home/tdeng23/ros2_ws/src/crazyswarm2/install/crazyflie_sim/share/crazyflie_sim/environment/ament_prefix_path.dsv
-- Installing: /home/tdeng23/ros2_ws/src/crazyswarm2/install/crazyflie_sim/share/crazyflie_sim/environment/path.sh
-- Installing: /home/tdeng23/ros2_ws/src/crazyswarm2/install/crazyflie_sim/share/crazyflie_sim/environment/path.dsv
-- Installing: /home/tdeng23/ros2_ws/src/crazyswarm2/install/crazyflie_sim/share/crazyflie_sim/local_setup.bash
-- Installing: /home/tdeng23/ros2_ws/src/crazyswarm2/install/crazyflie_sim/share/crazyflie_sim/local_setup.sh
-- Installing: /home/tdeng23/ros2_ws/src/crazyswarm2/install/crazyflie_sim/share/crazyflie_sim/local_setup.zsh
-- Installing: /home/tdeng23/ros2_ws/src/crazyswarm2/install/crazyflie_sim/share/crazyflie_sim/local_setup.dsv
-- Installing: /home/tdeng23/ros2_ws/src/crazyswarm2/install/crazyflie_sim/share/crazyflie_sim/package.dsv
-- Installing: /home/tdeng23/ros2_ws/src/crazyswarm2/install/crazyflie_sim/share/ament_index/resource_index/packages/crazyflie_sim
-- Installing: /home/tdeng23/ros2_ws/src/crazyswarm2/install/crazyflie_sim/share/crazyflie_sim/cmake/crazyflie_simConfig.cmake
-- Installing: /home/tdeng23/ros2_ws/src/crazyswarm2/install/crazyflie_sim/share/crazyflie_sim/cmake/crazyflie_simConfig-version.cmake
-- Installing: /home/tdeng23/ros2_ws/src/crazyswarm2/install/crazyflie_sim/share/crazyflie_sim/package.xml
