[0.265s] Invoking command in '/home/tdeng23/ros2_ws/src/crazyswarm2/build/crazyflie_sim': AMENT_PREFIX_PATH=/home/tdeng23/ros2_ws/src/crazyswarm2/install/crazyflie_interfaces:${AMENT_PREFIX_PATH} CMAKE_PREFIX_PATH=/home/tdeng23/ros2_ws/src/crazyswarm2/install/crazyflie_interfaces:/opt/ros/galactic LD_LIBRARY_PATH=/home/tdeng23/ros2_ws/src/crazyswarm2/install/crazyflie_interfaces/lib:${LD_LIBRARY_PATH} PYTHONPATH=/home/tdeng23/ros2_ws/src/crazyswarm2/install/crazyflie_interfaces/lib/python3.8/site-packages:${PYTHONPATH} /home/tdeng23/.local/bin/cmake /home/tdeng23/ros2_ws/src/crazyswarm2/crazyflie_sim -DCMAKE_INSTALL_PREFIX=/home/tdeng23/ros2_ws/src/crazyswarm2/install/crazyflie_sim
[0.326s] -- The C compiler identification is GNU 9.4.0
[0.377s] -- The CXX compiler identification is GNU 9.4.0
[0.387s] -- Detecting C compiler ABI info
[0.437s] -- Detecting C compiler ABI info - done
[0.448s] -- Check for working C compiler: /usr/bin/cc - skipped
[0.449s] -- Detecting C compile features
[0.449s] -- Detecting C compile features - done
[0.453s] -- Detecting CXX compiler ABI info
[0.510s] -- Detecting CXX compiler ABI info - done
[0.528s] -- Check for working CXX compiler: /usr/bin/c++ - skipped
[0.528s] -- Detecting CXX compile features
[0.529s] -- Detecting CXX compile features - done
[0.532s] -- Found ament_cmake: 1.1.6 (/opt/ros/galactic/share/ament_cmake/cmake)
[0.556s] -- Found PythonInterp: /usr/bin/python3 (found suitable version "3.8.10", minimum required is "3") 
[0.556s] -- Using PYTHON_EXECUTABLE: /usr/bin/python3
[0.782s] -- Configuring done (0.5s)
[0.787s] -- Generating done (0.0s)
[0.789s] -- Build files have been written to: /home/tdeng23/ros2_ws/src/crazyswarm2/build/crazyflie_sim
[0.797s] Invoked command in '/home/tdeng23/ros2_ws/src/crazyswarm2/build/crazyflie_sim' returned '0': AMENT_PREFIX_PATH=/home/tdeng23/ros2_ws/src/crazyswarm2/install/crazyflie_interfaces:${AMENT_PREFIX_PATH} CMAKE_PREFIX_PATH=/home/tdeng23/ros2_ws/src/crazyswarm2/install/crazyflie_interfaces:/opt/ros/galactic LD_LIBRARY_PATH=/home/tdeng23/ros2_ws/src/crazyswarm2/install/crazyflie_interfaces/lib:${LD_LIBRARY_PATH} PYTHONPATH=/home/tdeng23/ros2_ws/src/crazyswarm2/install/crazyflie_interfaces/lib/python3.8/site-packages:${PYTHONPATH} /home/tdeng23/.local/bin/cmake /home/tdeng23/ros2_ws/src/crazyswarm2/crazyflie_sim -DCMAKE_INSTALL_PREFIX=/home/tdeng23/ros2_ws/src/crazyswarm2/install/crazyflie_sim
[0.800s] Invoking command in '/home/tdeng23/ros2_ws/src/crazyswarm2/build/crazyflie_sim': AMENT_PREFIX_PATH=/home/tdeng23/ros2_ws/src/crazyswarm2/install/crazyflie_interfaces:${AMENT_PREFIX_PATH} CMAKE_PREFIX_PATH=/home/tdeng23/ros2_ws/src/crazyswarm2/install/crazyflie_interfaces:/opt/ros/galactic LD_LIBRARY_PATH=/home/tdeng23/ros2_ws/src/crazyswarm2/install/crazyflie_interfaces/lib:${LD_LIBRARY_PATH} PYTHONPATH=/home/tdeng23/ros2_ws/src/crazyswarm2/install/crazyflie_interfaces/lib/python3.8/site-packages:${PYTHONPATH} /home/tdeng23/.local/bin/cmake --build /home/tdeng23/ros2_ws/src/crazyswarm2/build/crazyflie_sim -- -j8 -l8
[0.840s] Built target ament_cmake_python_copy_crazyflie_sim_setup
[0.849s] Built target ament_cmake_python_copy_crazyflie_sim
[1.057s] running egg_info
[1.057s] creating crazyflie_sim.egg-info
[1.058s] writing crazyflie_sim.egg-info/PKG-INFO
[1.058s] writing dependency_links to crazyflie_sim.egg-info/dependency_links.txt
[1.058s] writing entry points to crazyflie_sim.egg-info/entry_points.txt
[1.058s] writing top-level names to crazyflie_sim.egg-info/top_level.txt
[1.059s] writing manifest file 'crazyflie_sim.egg-info/SOURCES.txt'
[1.064s] running install_scripts
[1.084s] running egg_info
[1.084s] writing crazyflie_sim.egg-info/PKG-INFO
[1.085s] writing dependency_links to crazyflie_sim.egg-info/dependency_links.txt
[1.085s] writing entry points to crazyflie_sim.egg-info/entry_points.txt
[1.085s] writing top-level names to crazyflie_sim.egg-info/top_level.txt
[1.092s] reading manifest file 'crazyflie_sim.egg-info/SOURCES.txt'
[1.092s] writing manifest file 'crazyflie_sim.egg-info/SOURCES.txt'
[1.110s] Built target ament_cmake_python_build_crazyflie_sim_egg
[1.118s] reading manifest file 'crazyflie_sim.egg-info/SOURCES.txt'
[1.119s] writing manifest file 'crazyflie_sim.egg-info/SOURCES.txt'
[1.120s] Installing crazyflie_server script to scripts
[1.141s] Built target ament_cmake_python_build_crazyflie_sim_scripts
[1.147s] Invoked command in '/home/tdeng23/ros2_ws/src/crazyswarm2/build/crazyflie_sim' returned '0': AMENT_PREFIX_PATH=/home/tdeng23/ros2_ws/src/crazyswarm2/install/crazyflie_interfaces:${AMENT_PREFIX_PATH} CMAKE_PREFIX_PATH=/home/tdeng23/ros2_ws/src/crazyswarm2/install/crazyflie_interfaces:/opt/ros/galactic LD_LIBRARY_PATH=/home/tdeng23/ros2_ws/src/crazyswarm2/install/crazyflie_interfaces/lib:${LD_LIBRARY_PATH} PYTHONPATH=/home/tdeng23/ros2_ws/src/crazyswarm2/install/crazyflie_interfaces/lib/python3.8/site-packages:${PYTHONPATH} /home/tdeng23/.local/bin/cmake --build /home/tdeng23/ros2_ws/src/crazyswarm2/build/crazyflie_sim -- -j8 -l8
[1.188s] Invoking command in '/home/tdeng23/ros2_ws/src/crazyswarm2/build/crazyflie_sim': AMENT_PREFIX_PATH=/home/tdeng23/ros2_ws/src/crazyswarm2/install/crazyflie_interfaces:${AMENT_PREFIX_PATH} CMAKE_PREFIX_PATH=/home/tdeng23/ros2_ws/src/crazyswarm2/install/crazyflie_interfaces:/opt/ros/galactic LD_LIBRARY_PATH=/home/tdeng23/ros2_ws/src/crazyswarm2/install/crazyflie_interfaces/lib:${LD_LIBRARY_PATH} PYTHONPATH=/home/tdeng23/ros2_ws/src/crazyswarm2/install/crazyflie_interfaces/lib/python3.8/site-packages:${PYTHONPATH} /home/tdeng23/.local/bin/cmake --install /home/tdeng23/ros2_ws/src/crazyswarm2/build/crazyflie_sim
[1.212s] -- Install configuration: ""
[1.212s] -- Installing: /home/tdeng23/ros2_ws/src/crazyswarm2/install/crazyflie_sim/share/crazyflie_sim/environment/pythonpath.sh
[1.212s] -- Installing: /home/tdeng23/ros2_ws/src/crazyswarm2/install/crazyflie_sim/share/crazyflie_sim/environment/pythonpath.dsv
[1.212s] -- Installing: /home/tdeng23/ros2_ws/src/crazyswarm2/install/crazyflie_sim/lib/python3.8/site-packages//crazyflie_sim.egg-info
[1.212s] -- Installing: /home/tdeng23/ros2_ws/src/crazyswarm2/install/crazyflie_sim/lib/python3.8/site-packages//crazyflie_sim.egg-info/PKG-INFO
[1.213s] -- Installing: /home/tdeng23/ros2_ws/src/crazyswarm2/install/crazyflie_sim/lib/python3.8/site-packages//crazyflie_sim.egg-info/dependency_links.txt
[1.213s] -- Installing: /home/tdeng23/ros2_ws/src/crazyswarm2/install/crazyflie_sim/lib/python3.8/site-packages//crazyflie_sim.egg-info/SOURCES.txt
[1.213s] -- Installing: /home/tdeng23/ros2_ws/src/crazyswarm2/install/crazyflie_sim/lib/python3.8/site-packages//crazyflie_sim.egg-info/entry_points.txt
[1.213s] -- Installing: /home/tdeng23/ros2_ws/src/crazyswarm2/install/crazyflie_sim/lib/python3.8/site-packages//crazyflie_sim.egg-info/top_level.txt
[1.213s] -- Installing: /home/tdeng23/ros2_ws/src/crazyswarm2/install/crazyflie_sim/lib/crazyflie_sim/
[1.213s] -- Installing: /home/tdeng23/ros2_ws/src/crazyswarm2/install/crazyflie_sim/lib/crazyflie_sim//crazyflie_server
[1.213s] -- Installing: /home/tdeng23/ros2_ws/src/crazyswarm2/install/crazyflie_sim/lib/python3.8/site-packages/crazyflie_sim
[1.213s] -- Installing: /home/tdeng23/ros2_ws/src/crazyswarm2/install/crazyflie_sim/lib/python3.8/site-packages/crazyflie_sim/backend
[1.213s] -- Installing: /home/tdeng23/ros2_ws/src/crazyswarm2/install/crazyflie_sim/lib/python3.8/site-packages/crazyflie_sim/backend/none.py
[1.214s] -- Installing: /home/tdeng23/ros2_ws/src/crazyswarm2/install/crazyflie_sim/lib/python3.8/site-packages/crazyflie_sim/backend/np.py
[1.214s] -- Installing: /home/tdeng23/ros2_ws/src/crazyswarm2/install/crazyflie_sim/lib/python3.8/site-packages/crazyflie_sim/visualization
[1.214s] -- Installing: /home/tdeng23/ros2_ws/src/crazyswarm2/install/crazyflie_sim/lib/python3.8/site-packages/crazyflie_sim/visualization/record_states.py
[1.214s] -- Installing: /home/tdeng23/ros2_ws/src/crazyswarm2/install/crazyflie_sim/lib/python3.8/site-packages/crazyflie_sim/visualization/pdf.py
[1.214s] -- Installing: /home/tdeng23/ros2_ws/src/crazyswarm2/install/crazyflie_sim/lib/python3.8/site-packages/crazyflie_sim/visualization/README.md
[1.214s] -- Installing: /home/tdeng23/ros2_ws/src/crazyswarm2/install/crazyflie_sim/lib/python3.8/site-packages/crazyflie_sim/visualization/data
[1.214s] -- Installing: /home/tdeng23/ros2_ws/src/crazyswarm2/install/crazyflie_sim/lib/python3.8/site-packages/crazyflie_sim/visualization/data/model
[1.214s] -- Installing: /home/tdeng23/ros2_ws/src/crazyswarm2/install/crazyflie_sim/lib/python3.8/site-packages/crazyflie_sim/visualization/data/model/cf.obj
[1.214s] -- Installing: /home/tdeng23/ros2_ws/src/crazyswarm2/install/crazyflie_sim/lib/python3.8/site-packages/crazyflie_sim/visualization/data/model/cf.mtl
[1.215s] -- Installing: /home/tdeng23/ros2_ws/src/crazyswarm2/install/crazyflie_sim/lib/python3.8/site-packages/crazyflie_sim/visualization/data/env
[1.215s] -- Installing: /home/tdeng23/ros2_ws/src/crazyswarm2/install/crazyflie_sim/lib/python3.8/site-packages/crazyflie_sim/visualization/data/env/peppermint_powerplant.jpg
[1.215s] -- Installing: /home/tdeng23/ros2_ws/src/crazyswarm2/install/crazyflie_sim/lib/python3.8/site-packages/crazyflie_sim/visualization/data/env/museumplein.jpg
[1.215s] -- Installing: /home/tdeng23/ros2_ws/src/crazyswarm2/install/crazyflie_sim/lib/python3.8/site-packages/crazyflie_sim/visualization/data/env/lago_disola.jpg
[1.215s] -- Installing: /home/tdeng23/ros2_ws/src/crazyswarm2/install/crazyflie_sim/lib/python3.8/site-packages/crazyflie_sim/visualization/data/env/aerodynamics_workshop.jpg
[1.215s] -- Installing: /home/tdeng23/ros2_ws/src/crazyswarm2/install/crazyflie_sim/lib/python3.8/site-packages/crazyflie_sim/visualization/data/env/aviation_museum.jpg
[1.216s] -- Installing: /home/tdeng23/ros2_ws/src/crazyswarm2/install/crazyflie_sim/lib/python3.8/site-packages/crazyflie_sim/visualization/data/env/lake_pier.jpg
[1.216s] -- Installing: /home/tdeng23/ros2_ws/src/crazyswarm2/install/crazyflie_sim/lib/python3.8/site-packages/crazyflie_sim/visualization/data/env/env.jpg
[1.216s] -- Installing: /home/tdeng23/ros2_ws/src/crazyswarm2/install/crazyflie_sim/lib/python3.8/site-packages/crazyflie_sim/visualization/data/env/abandoned_greenhouse.jpg
[1.216s] -- Installing: /home/tdeng23/ros2_ws/src/crazyswarm2/install/crazyflie_sim/lib/python3.8/site-packages/crazyflie_sim/visualization/data/env/machine_shop.jpg
[1.216s] -- Installing: /home/tdeng23/ros2_ws/src/crazyswarm2/install/crazyflie_sim/lib/python3.8/site-packages/crazyflie_sim/visualization/data/env/crosswalk.jpg
[1.217s] -- Installing: /home/tdeng23/ros2_ws/src/crazyswarm2/install/crazyflie_sim/lib/python3.8/site-packages/crazyflie_sim/visualization/data/env/studio_garden.jpg
[1.218s] -- Installing: /home/tdeng23/ros2_ws/src/crazyswarm2/install/crazyflie_sim/lib/python3.8/site-packages/crazyflie_sim/visualization/data/env/derelict_overpass.jpg
[1.218s] -- Installing: /home/tdeng23/ros2_ws/src/crazyswarm2/install/crazyflie_sim/lib/python3.8/site-packages/crazyflie_sim/visualization/data/README.md
[1.218s] -- Installing: /home/tdeng23/ros2_ws/src/crazyswarm2/install/crazyflie_sim/lib/python3.8/site-packages/crazyflie_sim/visualization/blender.py
[1.218s] -- Installing: /home/tdeng23/ros2_ws/src/crazyswarm2/install/crazyflie_sim/lib/python3.8/site-packages/crazyflie_sim/visualization/rviz.py
[1.218s] -- Installing: /home/tdeng23/ros2_ws/src/crazyswarm2/install/crazyflie_sim/lib/python3.8/site-packages/crazyflie_sim/crazyflie_server.py
[1.218s] -- Installing: /home/tdeng23/ros2_ws/src/crazyswarm2/install/crazyflie_sim/lib/python3.8/site-packages/crazyflie_sim/sim_data_types.py
[1.218s] -- Installing: /home/tdeng23/ros2_ws/src/crazyswarm2/install/crazyflie_sim/lib/python3.8/site-packages/crazyflie_sim/crazyflie_sil.py
[1.218s] -- Installing: /home/tdeng23/ros2_ws/src/crazyswarm2/install/crazyflie_sim/lib/python3.8/site-packages/crazyflie_sim/__init__.py
[1.253s] Listing '/home/tdeng23/ros2_ws/src/crazyswarm2/install/crazyflie_sim/lib/python3.8/site-packages/crazyflie_sim'...
[1.253s] Compiling '/home/tdeng23/ros2_ws/src/crazyswarm2/install/crazyflie_sim/lib/python3.8/site-packages/crazyflie_sim/__init__.py'...
[1.253s] Listing '/home/tdeng23/ros2_ws/src/crazyswarm2/install/crazyflie_sim/lib/python3.8/site-packages/crazyflie_sim/backend'...
[1.253s] Compiling '/home/tdeng23/ros2_ws/src/crazyswarm2/install/crazyflie_sim/lib/python3.8/site-packages/crazyflie_sim/backend/none.py'...
[1.253s] Compiling '/home/tdeng23/ros2_ws/src/crazyswarm2/install/crazyflie_sim/lib/python3.8/site-packages/crazyflie_sim/backend/np.py'...
[1.254s] Compiling '/home/tdeng23/ros2_ws/src/crazyswarm2/install/crazyflie_sim/lib/python3.8/site-packages/crazyflie_sim/crazyflie_server.py'...
[1.254s] Compiling '/home/tdeng23/ros2_ws/src/crazyswarm2/install/crazyflie_sim/lib/python3.8/site-packages/crazyflie_sim/crazyflie_sil.py'...
[1.254s] Compiling '/home/tdeng23/ros2_ws/src/crazyswarm2/install/crazyflie_sim/lib/python3.8/site-packages/crazyflie_sim/sim_data_types.py'...
[1.254s] Listing '/home/tdeng23/ros2_ws/src/crazyswarm2/install/crazyflie_sim/lib/python3.8/site-packages/crazyflie_sim/visualization'...
[1.254s] Compiling '/home/tdeng23/ros2_ws/src/crazyswarm2/install/crazyflie_sim/lib/python3.8/site-packages/crazyflie_sim/visualization/blender.py'...
[1.254s] Listing '/home/tdeng23/ros2_ws/src/crazyswarm2/install/crazyflie_sim/lib/python3.8/site-packages/crazyflie_sim/visualization/data'...
[1.254s] Listing '/home/tdeng23/ros2_ws/src/crazyswarm2/install/crazyflie_sim/lib/python3.8/site-packages/crazyflie_sim/visualization/data/env'...
[1.254s] Listing '/home/tdeng23/ros2_ws/src/crazyswarm2/install/crazyflie_sim/lib/python3.8/site-packages/crazyflie_sim/visualization/data/model'...
[1.254s] Compiling '/home/tdeng23/ros2_ws/src/crazyswarm2/install/crazyflie_sim/lib/python3.8/site-packages/crazyflie_sim/visualization/pdf.py'...
[1.254s] Compiling '/home/tdeng23/ros2_ws/src/crazyswarm2/install/crazyflie_sim/lib/python3.8/site-packages/crazyflie_sim/visualization/record_states.py'...
[1.255s] Compiling '/home/tdeng23/ros2_ws/src/crazyswarm2/install/crazyflie_sim/lib/python3.8/site-packages/crazyflie_sim/visualization/rviz.py'...
[1.257s] -- Installing: /home/tdeng23/ros2_ws/src/crazyswarm2/install/crazyflie_sim/share/ament_index/resource_index/package_run_dependencies/crazyflie_sim
[1.257s] -- Installing: /home/tdeng23/ros2_ws/src/crazyswarm2/install/crazyflie_sim/share/ament_index/resource_index/parent_prefix_path/crazyflie_sim
[1.257s] -- Installing: /home/tdeng23/ros2_ws/src/crazyswarm2/install/crazyflie_sim/share/crazyflie_sim/environment/ament_prefix_path.sh
[1.258s] -- Installing: /home/tdeng23/ros2_ws/src/crazyswarm2/install/crazyflie_sim/share/crazyflie_sim/environment/ament_prefix_path.dsv
[1.258s] -- Installing: /home/tdeng23/ros2_ws/src/crazyswarm2/install/crazyflie_sim/share/crazyflie_sim/environment/path.sh
[1.258s] -- Installing: /home/tdeng23/ros2_ws/src/crazyswarm2/install/crazyflie_sim/share/crazyflie_sim/environment/path.dsv
[1.258s] -- Installing: /home/tdeng23/ros2_ws/src/crazyswarm2/install/crazyflie_sim/share/crazyflie_sim/local_setup.bash
[1.258s] -- Installing: /home/tdeng23/ros2_ws/src/crazyswarm2/install/crazyflie_sim/share/crazyflie_sim/local_setup.sh
[1.258s] -- Installing: /home/tdeng23/ros2_ws/src/crazyswarm2/install/crazyflie_sim/share/crazyflie_sim/local_setup.zsh
[1.258s] -- Installing: /home/tdeng23/ros2_ws/src/crazyswarm2/install/crazyflie_sim/share/crazyflie_sim/local_setup.dsv
[1.259s] -- Installing: /home/tdeng23/ros2_ws/src/crazyswarm2/install/crazyflie_sim/share/crazyflie_sim/package.dsv
[1.260s] -- Installing: /home/tdeng23/ros2_ws/src/crazyswarm2/install/crazyflie_sim/share/ament_index/resource_index/packages/crazyflie_sim
[1.260s] -- Installing: /home/tdeng23/ros2_ws/src/crazyswarm2/install/crazyflie_sim/share/crazyflie_sim/cmake/crazyflie_simConfig.cmake
[1.260s] -- Installing: /home/tdeng23/ros2_ws/src/crazyswarm2/install/crazyflie_sim/share/crazyflie_sim/cmake/crazyflie_simConfig-version.cmake
[1.260s] -- Installing: /home/tdeng23/ros2_ws/src/crazyswarm2/install/crazyflie_sim/share/crazyflie_sim/package.xml
[1.268s] Invoked command in '/home/tdeng23/ros2_ws/src/crazyswarm2/build/crazyflie_sim' returned '0': AMENT_PREFIX_PATH=/home/tdeng23/ros2_ws/src/crazyswarm2/install/crazyflie_interfaces:${AMENT_PREFIX_PATH} CMAKE_PREFIX_PATH=/home/tdeng23/ros2_ws/src/crazyswarm2/install/crazyflie_interfaces:/opt/ros/galactic LD_LIBRARY_PATH=/home/tdeng23/ros2_ws/src/crazyswarm2/install/crazyflie_interfaces/lib:${LD_LIBRARY_PATH} PYTHONPATH=/home/tdeng23/ros2_ws/src/crazyswarm2/install/crazyflie_interfaces/lib/python3.8/site-packages:${PYTHONPATH} /home/tdeng23/.local/bin/cmake --install /home/tdeng23/ros2_ws/src/crazyswarm2/build/crazyflie_sim
