[0.885s] Invoking command in '/home/nicxe/ros2_ws/src/crazyswarm2/crazyflie_simulation': PYTHONPATH=/home/nicxe/ros2_ws/build/crazyflie_simulation/prefix_override:/home/nicxe/ros2_ws/install/crazyflie_simulation/lib/python3.8/site-packages:${PYTHONPATH} /usr/bin/python3 setup.py egg_info --egg-base ../../../build/crazyflie_simulation build --build-base /home/nicxe/ros2_ws/build/crazyflie_simulation/build install --record /home/nicxe/ros2_ws/build/crazyflie_simulation/install.log --single-version-externally-managed
[1.069s] running egg_info
[1.070s] writing ../../../build/crazyflie_simulation/crazyflie_simulation.egg-info/PKG-INFO
[1.070s] writing dependency_links to ../../../build/crazyflie_simulation/crazyflie_simulation.egg-info/dependency_links.txt
[1.070s] writing entry points to ../../../build/crazyflie_simulation/crazyflie_simulation.egg-info/entry_points.txt
[1.070s] writing requirements to ../../../build/crazyflie_simulation/crazyflie_simulation.egg-info/requires.txt
[1.070s] writing top-level names to ../../../build/crazyflie_simulation/crazyflie_simulation.egg-info/top_level.txt
[1.098s] reading manifest file '../../../build/crazyflie_simulation/crazyflie_simulation.egg-info/SOURCES.txt'
[1.098s] writing manifest file '../../../build/crazyflie_simulation/crazyflie_simulation.egg-info/SOURCES.txt'
[1.099s] running build
[1.099s] running build_py
[1.099s] running install
[1.099s] running install_lib
[1.100s] running install_data
[1.101s] running install_egg_info
[1.102s] removing '/home/nicxe/ros2_ws/install/crazyflie_simulation/lib/python3.8/site-packages/crazyflie_simulation-0.0.0-py3.8.egg-info' (and everything under it)
[1.102s] Copying ../../../build/crazyflie_simulation/crazyflie_simulation.egg-info to /home/nicxe/ros2_ws/install/crazyflie_simulation/lib/python3.8/site-packages/crazyflie_simulation-0.0.0-py3.8.egg-info
[1.103s] running install_scripts
[1.116s] Installing crazyflie_webots_driver script to /home/nicxe/ros2_ws/install/crazyflie_simulation/lib/crazyflie_simulation
[1.116s] Installing supervisor_driver script to /home/nicxe/ros2_ws/install/crazyflie_simulation/lib/crazyflie_simulation
[1.117s] writing list of installed files to '/home/nicxe/ros2_ws/build/crazyflie_simulation/install.log'
[1.139s] Invoked command in '/home/nicxe/ros2_ws/src/crazyswarm2/crazyflie_simulation' returned '0': PYTHONPATH=/home/nicxe/ros2_ws/build/crazyflie_simulation/prefix_override:/home/nicxe/ros2_ws/install/crazyflie_simulation/lib/python3.8/site-packages:${PYTHONPATH} /usr/bin/python3 setup.py egg_info --egg-base ../../../build/crazyflie_simulation build --build-base /home/nicxe/ros2_ws/build/crazyflie_simulation/build install --record /home/nicxe/ros2_ws/build/crazyflie_simulation/install.log --single-version-externally-managed
