[1.498s] Invoking command in '/home/tdeng23/ros2_ws/src/crazyswarm2/crazyflie_ros2_scan': PYTHONPATH=/home/tdeng23/ros2_ws/build/crazyflie_ros2_scan/prefix_override:/home/tdeng23/ros2_ws/install/crazyflie_ros2_scan/lib/python3.8/site-packages:${PYTHONPATH} /usr/bin/python3 setup.py egg_info --egg-base ../../../build/crazyflie_ros2_scan build --build-base /home/tdeng23/ros2_ws/build/crazyflie_ros2_scan/build install --record /home/tdeng23/ros2_ws/build/crazyflie_ros2_scan/install.log --single-version-externally-managed
[1.846s] running egg_info
[1.847s] creating ../../../build/crazyflie_ros2_scan/crazyflie_ros2_scan.egg-info
[1.847s] writing ../../../build/crazyflie_ros2_scan/crazyflie_ros2_scan.egg-info/PKG-INFO
[1.847s] writing dependency_links to ../../../build/crazyflie_ros2_scan/crazyflie_ros2_scan.egg-info/dependency_links.txt
[1.848s] writing entry points to ../../../build/crazyflie_ros2_scan/crazyflie_ros2_scan.egg-info/entry_points.txt
[1.848s] writing requirements to ../../../build/crazyflie_ros2_scan/crazyflie_ros2_scan.egg-info/requires.txt
[1.848s] writing top-level names to ../../../build/crazyflie_ros2_scan/crazyflie_ros2_scan.egg-info/top_level.txt
[1.850s] writing manifest file '../../../build/crazyflie_ros2_scan/crazyflie_ros2_scan.egg-info/SOURCES.txt'
[1.907s] reading manifest file '../../../build/crazyflie_ros2_scan/crazyflie_ros2_scan.egg-info/SOURCES.txt'
[1.908s] writing manifest file '../../../build/crazyflie_ros2_scan/crazyflie_ros2_scan.egg-info/SOURCES.txt'
[1.908s] running build
[1.908s] running build_py
[1.908s] creating /home/tdeng23/ros2_ws/build/crazyflie_ros2_scan/build
[1.908s] creating /home/tdeng23/ros2_ws/build/crazyflie_ros2_scan/build/lib
[1.908s] creating /home/tdeng23/ros2_ws/build/crazyflie_ros2_scan/build/lib/crazyflie_ros2_scan
[1.909s] copying crazyflie_ros2_scan/range_to_lidar.py -> /home/tdeng23/ros2_ws/build/crazyflie_ros2_scan/build/lib/crazyflie_ros2_scan
[1.909s] copying crazyflie_ros2_scan/__init__.py -> /home/tdeng23/ros2_ws/build/crazyflie_ros2_scan/build/lib/crazyflie_ros2_scan
[1.909s] running install
[1.910s] running install_lib
[1.911s] creating /home/tdeng23/ros2_ws/install/crazyflie_ros2_scan/lib/python3.8/site-packages/crazyflie_ros2_scan
[1.911s] copying /home/tdeng23/ros2_ws/build/crazyflie_ros2_scan/build/lib/crazyflie_ros2_scan/range_to_lidar.py -> /home/tdeng23/ros2_ws/install/crazyflie_ros2_scan/lib/python3.8/site-packages/crazyflie_ros2_scan
[1.912s] copying /home/tdeng23/ros2_ws/build/crazyflie_ros2_scan/build/lib/crazyflie_ros2_scan/__init__.py -> /home/tdeng23/ros2_ws/install/crazyflie_ros2_scan/lib/python3.8/site-packages/crazyflie_ros2_scan
[1.912s] byte-compiling /home/tdeng23/ros2_ws/install/crazyflie_ros2_scan/lib/python3.8/site-packages/crazyflie_ros2_scan/range_to_lidar.py to range_to_lidar.cpython-38.pyc
[1.916s] byte-compiling /home/tdeng23/ros2_ws/install/crazyflie_ros2_scan/lib/python3.8/site-packages/crazyflie_ros2_scan/__init__.py to __init__.cpython-38.pyc
[1.916s] running install_data
[1.917s] creating /home/tdeng23/ros2_ws/install/crazyflie_ros2_scan/share/ament_index
[1.917s] creating /home/tdeng23/ros2_ws/install/crazyflie_ros2_scan/share/ament_index/resource_index
[1.917s] creating /home/tdeng23/ros2_ws/install/crazyflie_ros2_scan/share/ament_index/resource_index/packages
[1.917s] copying resource/crazyflie_ros2_scan -> /home/tdeng23/ros2_ws/install/crazyflie_ros2_scan/share/ament_index/resource_index/packages
[1.917s] copying package.xml -> /home/tdeng23/ros2_ws/install/crazyflie_ros2_scan/share/crazyflie_ros2_scan
[1.917s] running install_egg_info
[1.922s] Copying ../../../build/crazyflie_ros2_scan/crazyflie_ros2_scan.egg-info to /home/tdeng23/ros2_ws/install/crazyflie_ros2_scan/lib/python3.8/site-packages/crazyflie_ros2_scan-0.0.0-py3.8.egg-info
[1.924s] running install_scripts
[1.950s] Installing range_to_lidar script to /home/tdeng23/ros2_ws/install/crazyflie_ros2_scan/lib/crazyflie_ros2_scan
[1.950s] writing list of installed files to '/home/tdeng23/ros2_ws/build/crazyflie_ros2_scan/install.log'
[2.024s] Invoked command in '/home/tdeng23/ros2_ws/src/crazyswarm2/crazyflie_ros2_scan' returned '0': PYTHONPATH=/home/tdeng23/ros2_ws/build/crazyflie_ros2_scan/prefix_override:/home/tdeng23/ros2_ws/install/crazyflie_ros2_scan/lib/python3.8/site-packages:${PYTHONPATH} /usr/bin/python3 setup.py egg_info --egg-base ../../../build/crazyflie_ros2_scan build --build-base /home/tdeng23/ros2_ws/build/crazyflie_ros2_scan/build install --record /home/tdeng23/ros2_ws/build/crazyflie_ros2_scan/install.log --single-version-externally-managed
