[0.323s] Invoking command in '/home/tdeng23/ros2_ws/build/crazyflie_ros2_description': CMAKE_PREFIX_PATH=/opt/ros/galactic /home/tdeng23/.local/bin/cmake --build /home/tdeng23/ros2_ws/build/crazyflie_ros2_description -- -j8 -l8
[0.831s] Invoked command in '/home/tdeng23/ros2_ws/build/crazyflie_ros2_description' returned '0': CMAKE_PREFIX_PATH=/opt/ros/galactic /home/tdeng23/.local/bin/cmake --build /home/tdeng23/ros2_ws/build/crazyflie_ros2_description -- -j8 -l8
[0.936s] Invoking command in '/home/tdeng23/ros2_ws/build/crazyflie_ros2_description': CMAKE_PREFIX_PATH=/opt/ros/galactic /home/tdeng23/.local/bin/cmake --install /home/tdeng23/ros2_ws/build/crazyflie_ros2_description
[0.976s] -- Install configuration: ""
[0.977s] -- Up-to-date: /home/tdeng23/ros2_ws/install/crazyflie_ros2_description/share/crazyflie_ros2_description/launch
[0.977s] -- Up-to-date: /home/tdeng23/ros2_ws/install/crazyflie_ros2_description/share/crazyflie_ros2_description/launch/rviz_launch.py
[0.977s] -- Up-to-date: /home/tdeng23/ros2_ws/install/crazyflie_ros2_description/share/crazyflie_ros2_description/urdf
[0.977s] -- Up-to-date: /home/tdeng23/ros2_ws/install/crazyflie_ros2_description/share/crazyflie_ros2_description/urdf/crazyflie_description.urdf
[0.977s] -- Up-to-date: /home/tdeng23/ros2_ws/install/crazyflie_ros2_description/share/crazyflie_ros2_description/rviz
[0.978s] -- Up-to-date: /home/tdeng23/ros2_ws/install/crazyflie_ros2_description/share/crazyflie_ros2_description/rviz/crazyflie.rviz
[0.978s] -- Up-to-date: /home/tdeng23/ros2_ws/install/crazyflie_ros2_description/share/crazyflie_ros2_description/meshes
[0.978s] -- Up-to-date: /home/tdeng23/ros2_ws/install/crazyflie_ros2_description/share/crazyflie_ros2_description/meshes/cw_prop.dae
[0.978s] -- Up-to-date: /home/tdeng23/ros2_ws/install/crazyflie_ros2_description/share/crazyflie_ros2_description/meshes/ccw_prop.dae
[0.978s] -- Up-to-date: /home/tdeng23/ros2_ws/install/crazyflie_ros2_description/share/crazyflie_ros2_description/meshes/cf2_assembly.dae
[0.978s] -- Up-to-date: /home/tdeng23/ros2_ws/install/crazyflie_ros2_description/share/crazyflie_ros2_description/meshes/cf2_assembly.stl
[0.978s] -- Up-to-date: /home/tdeng23/ros2_ws/install/crazyflie_ros2_description/share/ament_index/resource_index/package_run_dependencies/crazyflie_ros2_description
[0.979s] -- Up-to-date: /home/tdeng23/ros2_ws/install/crazyflie_ros2_description/share/ament_index/resource_index/parent_prefix_path/crazyflie_ros2_description
[0.979s] -- Up-to-date: /home/tdeng23/ros2_ws/install/crazyflie_ros2_description/share/crazyflie_ros2_description/environment/ament_prefix_path.sh
[0.979s] -- Up-to-date: /home/tdeng23/ros2_ws/install/crazyflie_ros2_description/share/crazyflie_ros2_description/environment/ament_prefix_path.dsv
[0.979s] -- Up-to-date: /home/tdeng23/ros2_ws/install/crazyflie_ros2_description/share/crazyflie_ros2_description/environment/path.sh
[0.979s] -- Up-to-date: /home/tdeng23/ros2_ws/install/crazyflie_ros2_description/share/crazyflie_ros2_description/environment/path.dsv
[0.979s] -- Up-to-date: /home/tdeng23/ros2_ws/install/crazyflie_ros2_description/share/crazyflie_ros2_description/local_setup.bash
[0.979s] -- Up-to-date: /home/tdeng23/ros2_ws/install/crazyflie_ros2_description/share/crazyflie_ros2_description/local_setup.sh
[0.979s] -- Up-to-date: /home/tdeng23/ros2_ws/install/crazyflie_ros2_description/share/crazyflie_ros2_description/local_setup.zsh
[0.979s] -- Up-to-date: /home/tdeng23/ros2_ws/install/crazyflie_ros2_description/share/crazyflie_ros2_description/local_setup.dsv
[0.980s] -- Installing: /home/tdeng23/ros2_ws/install/crazyflie_ros2_description/share/crazyflie_ros2_description/package.dsv
[0.980s] -- Up-to-date: /home/tdeng23/ros2_ws/install/crazyflie_ros2_description/share/ament_index/resource_index/packages/crazyflie_ros2_description
[0.981s] -- Up-to-date: /home/tdeng23/ros2_ws/install/crazyflie_ros2_description/share/crazyflie_ros2_description/cmake/crazyflie_ros2_descriptionConfig.cmake
[0.981s] -- Up-to-date: /home/tdeng23/ros2_ws/install/crazyflie_ros2_description/share/crazyflie_ros2_description/cmake/crazyflie_ros2_descriptionConfig-version.cmake
[0.981s] -- Up-to-date: /home/tdeng23/ros2_ws/install/crazyflie_ros2_description/share/crazyflie_ros2_description/package.xml
[0.992s] Invoked command in '/home/tdeng23/ros2_ws/build/crazyflie_ros2_description' returned '0': CMAKE_PREFIX_PATH=/opt/ros/galactic /home/tdeng23/.local/bin/cmake --install /home/tdeng23/ros2_ws/build/crazyflie_ros2_description
