[1.739s] Invoking command in '/home/tdeng23/ros2_ws/src/crazyswarm2/crazyflie_ros2': PYTHONPATH=/home/tdeng23/ros2_ws/src/crazyswarm2/build/crazyflie_ros2/prefix_override:/home/tdeng23/ros2_ws/src/crazyswarm2/install/crazyflie_ros2/lib/python3.8/site-packages:${PYTHONPATH} /usr/bin/python3 setup.py egg_info --egg-base ../build/crazyflie_ros2 build --build-base /home/tdeng23/ros2_ws/src/crazyswarm2/build/crazyflie_ros2/build install --record /home/tdeng23/ros2_ws/src/crazyswarm2/build/crazyflie_ros2/install.log --single-version-externally-managed
[2.125s] running egg_info
[2.126s] creating ../build/crazyflie_ros2/crazyflie_ros2.egg-info
[2.126s] writing ../build/crazyflie_ros2/crazyflie_ros2.egg-info/PKG-INFO
[2.126s] writing dependency_links to ../build/crazyflie_ros2/crazyflie_ros2.egg-info/dependency_links.txt
[2.127s] writing entry points to ../build/crazyflie_ros2/crazyflie_ros2.egg-info/entry_points.txt
[2.127s] writing requirements to ../build/crazyflie_ros2/crazyflie_ros2.egg-info/requires.txt
[2.127s] writing top-level names to ../build/crazyflie_ros2/crazyflie_ros2.egg-info/top_level.txt
[2.128s] writing manifest file '../build/crazyflie_ros2/crazyflie_ros2.egg-info/SOURCES.txt'
[2.192s] reading manifest file '../build/crazyflie_ros2/crazyflie_ros2.egg-info/SOURCES.txt'
[2.193s] writing manifest file '../build/crazyflie_ros2/crazyflie_ros2.egg-info/SOURCES.txt'
[2.194s] running build
[2.194s] running build_py
[2.194s] creating /home/tdeng23/ros2_ws/src/crazyswarm2/build/crazyflie_ros2/build
[2.194s] creating /home/tdeng23/ros2_ws/src/crazyswarm2/build/crazyflie_ros2/build/lib
[2.194s] creating /home/tdeng23/ros2_ws/src/crazyswarm2/build/crazyflie_ros2/build/lib/crazyflie_ros2
[2.194s] copying crazyflie_ros2/crazyflie_publisher.py -> /home/tdeng23/ros2_ws/src/crazyswarm2/build/crazyflie_ros2/build/lib/crazyflie_ros2
[2.195s] copying crazyflie_ros2/__init__.py -> /home/tdeng23/ros2_ws/src/crazyswarm2/build/crazyflie_ros2/build/lib/crazyflie_ros2
[2.195s] running install
[2.196s] running install_lib
[2.198s] creating /home/tdeng23/ros2_ws/src/crazyswarm2/install/crazyflie_ros2/lib/python3.8/site-packages/crazyflie_ros2
[2.198s] copying /home/tdeng23/ros2_ws/src/crazyswarm2/build/crazyflie_ros2/build/lib/crazyflie_ros2/crazyflie_publisher.py -> /home/tdeng23/ros2_ws/src/crazyswarm2/install/crazyflie_ros2/lib/python3.8/site-packages/crazyflie_ros2
[2.199s] copying /home/tdeng23/ros2_ws/src/crazyswarm2/build/crazyflie_ros2/build/lib/crazyflie_ros2/__init__.py -> /home/tdeng23/ros2_ws/src/crazyswarm2/install/crazyflie_ros2/lib/python3.8/site-packages/crazyflie_ros2
[2.199s] byte-compiling /home/tdeng23/ros2_ws/src/crazyswarm2/install/crazyflie_ros2/lib/python3.8/site-packages/crazyflie_ros2/crazyflie_publisher.py to crazyflie_publisher.cpython-38.pyc
[2.204s] byte-compiling /home/tdeng23/ros2_ws/src/crazyswarm2/install/crazyflie_ros2/lib/python3.8/site-packages/crazyflie_ros2/__init__.py to __init__.cpython-38.pyc
[2.204s] running install_data
[2.205s] copying package.xml -> /home/tdeng23/ros2_ws/src/crazyswarm2/install/crazyflie_ros2/share/crazyflie_ros2
[2.205s] creating /home/tdeng23/ros2_ws/src/crazyswarm2/install/crazyflie_ros2/share/crazyflie_ros2/resource
[2.205s] copying resource/crazyflie_ros2 -> /home/tdeng23/ros2_ws/src/crazyswarm2/install/crazyflie_ros2/share/crazyflie_ros2/resource/
[2.205s] creating /home/tdeng23/ros2_ws/src/crazyswarm2/install/crazyflie_ros2/share/crazyflie_ros2/launch
[2.206s] copying launch/crazyflie_publisher_launch.py -> /home/tdeng23/ros2_ws/src/crazyswarm2/install/crazyflie_ros2/share/crazyflie_ros2/launch/
[2.206s] running install_egg_info
[2.208s] Copying ../build/crazyflie_ros2/crazyflie_ros2.egg-info to /home/tdeng23/ros2_ws/src/crazyswarm2/install/crazyflie_ros2/lib/python3.8/site-packages/crazyflie_ros2-0.0.0-py3.8.egg-info
[2.209s] running install_scripts
[2.237s] Installing crazyflie_publisher script to /home/tdeng23/ros2_ws/src/crazyswarm2/install/crazyflie_ros2/lib/crazyflie_ros2
[2.238s] writing list of installed files to '/home/tdeng23/ros2_ws/src/crazyswarm2/build/crazyflie_ros2/install.log'
[2.280s] Invoked command in '/home/tdeng23/ros2_ws/src/crazyswarm2/crazyflie_ros2' returned '0': PYTHONPATH=/home/tdeng23/ros2_ws/src/crazyswarm2/build/crazyflie_ros2/prefix_override:/home/tdeng23/ros2_ws/src/crazyswarm2/install/crazyflie_ros2/lib/python3.8/site-packages:${PYTHONPATH} /usr/bin/python3 setup.py egg_info --egg-base ../build/crazyflie_ros2 build --build-base /home/tdeng23/ros2_ws/src/crazyswarm2/build/crazyflie_ros2/build install --record /home/tdeng23/ros2_ws/src/crazyswarm2/build/crazyflie_ros2/install.log --single-version-externally-managed
