[1.534s] Invoking command in '/home/tdeng23/ros2_ws/src/my_package': PYTHONPATH=/home/tdeng23/ros2_ws/build/my_package/prefix_override:/home/tdeng23/ros2_ws/install/my_package/lib/python3.8/site-packages:${PYTHONPATH} /usr/bin/python3 setup.py egg_info --egg-base ../../build/my_package build --build-base /home/tdeng23/ros2_ws/build/my_package/build install --record /home/tdeng23/ros2_ws/build/my_package/install.log --single-version-externally-managed
[1.878s] running egg_info
[1.878s] writing ../../build/my_package/my_package.egg-info/PKG-INFO
[1.878s] writing dependency_links to ../../build/my_package/my_package.egg-info/dependency_links.txt
[1.878s] writing entry points to ../../build/my_package/my_package.egg-info/entry_points.txt
[1.878s] writing requirements to ../../build/my_package/my_package.egg-info/requires.txt
[1.878s] writing top-level names to ../../build/my_package/my_package.egg-info/top_level.txt
[1.916s] reading manifest file '../../build/my_package/my_package.egg-info/SOURCES.txt'
[1.918s] writing manifest file '../../build/my_package/my_package.egg-info/SOURCES.txt'
[1.918s] running build
[1.919s] running build_py
[1.919s] running install
[1.920s] running install_lib
[1.921s] running install_data
[1.922s] running install_egg_info
[1.925s] removing '/home/tdeng23/ros2_ws/install/my_package/lib/python3.8/site-packages/my_package-0.0.0-py3.8.egg-info' (and everything under it)
[1.925s] Copying ../../build/my_package/my_package.egg-info to /home/tdeng23/ros2_ws/install/my_package/lib/python3.8/site-packages/my_package-0.0.0-py3.8.egg-info
[1.926s] running install_scripts
[1.948s] Installing my_robot_driver script to /home/tdeng23/ros2_ws/install/my_package/lib/my_package
[1.948s] writing list of installed files to '/home/tdeng23/ros2_ws/build/my_package/install.log'
[1.977s] Invoked command in '/home/tdeng23/ros2_ws/src/my_package' returned '0': PYTHONPATH=/home/tdeng23/ros2_ws/build/my_package/prefix_override:/home/tdeng23/ros2_ws/install/my_package/lib/python3.8/site-packages:${PYTHONPATH} /usr/bin/python3 setup.py egg_info --egg-base ../../build/my_package build --build-base /home/tdeng23/ros2_ws/build/my_package/build install --record /home/tdeng23/ros2_ws/build/my_package/install.log --single-version-externally-managed
