[0.214s] Invoking command in '/home/nicxe/ros2_ws/build/crazyflie_ros2_slam': CMAKE_PREFIX_PATH=${CMAKE_PREFIX_PATH}:/home/nicxe/ros2_ws/install/my_package:/home/nicxe/ros2_ws/install/crazyflie_simulation:/home/nicxe/ros2_ws/install/crazyflie_ros2_simulation:/home/nicxe/ros2_ws/install/crazyflie_ros2_simple_mapper:/home/nicxe/ros2_ws/install/crazyflie_ros2_scan:/home/nicxe/ros2_ws/install/crazyflie_ros2:/home/nicxe/ros2_ws/install/crazyflie_py:/opt/ros/galactic /usr/bin/cmake --build /home/nicxe/ros2_ws/build/crazyflie_ros2_slam -- -j8 -l8
[0.281s] Invoked command in '/home/nicxe/ros2_ws/build/crazyflie_ros2_slam' returned '0': CMAKE_PREFIX_PATH=${CMAKE_PREFIX_PATH}:/home/nicxe/ros2_ws/install/my_package:/home/nicxe/ros2_ws/install/crazyflie_simulation:/home/nicxe/ros2_ws/install/crazyflie_ros2_simulation:/home/nicxe/ros2_ws/install/crazyflie_ros2_simple_mapper:/home/nicxe/ros2_ws/install/crazyflie_ros2_scan:/home/nicxe/ros2_ws/install/crazyflie_ros2:/home/nicxe/ros2_ws/install/crazyflie_py:/opt/ros/galactic /usr/bin/cmake --build /home/nicxe/ros2_ws/build/crazyflie_ros2_slam -- -j8 -l8
[0.677s] Invoking command in '/home/nicxe/ros2_ws/build/crazyflie_ros2_slam': CMAKE_PREFIX_PATH=${CMAKE_PREFIX_PATH}:/home/nicxe/ros2_ws/install/my_package:/home/nicxe/ros2_ws/install/crazyflie_simulation:/home/nicxe/ros2_ws/install/crazyflie_ros2_simulation:/home/nicxe/ros2_ws/install/crazyflie_ros2_simple_mapper:/home/nicxe/ros2_ws/install/crazyflie_ros2_scan:/home/nicxe/ros2_ws/install/crazyflie_ros2:/home/nicxe/ros2_ws/install/crazyflie_py:/opt/ros/galactic /usr/bin/cmake --install /home/nicxe/ros2_ws/build/crazyflie_ros2_slam
[0.707s] -- Install configuration: ""
[0.708s] -- Up-to-date: /home/nicxe/ros2_ws/install/crazyflie_ros2_slam/share/crazyflie_ros2_slam/launch
[0.710s] -- Up-to-date: /home/nicxe/ros2_ws/install/crazyflie_ros2_slam/share/crazyflie_ros2_slam/launch/slam_toolbox_mapping_real_launch.py
[0.710s] -- Up-to-date: /home/nicxe/ros2_ws/install/crazyflie_ros2_slam/share/crazyflie_ros2_slam/launch/slam_toolbox_mapping_simulation_launch.py
[0.710s] -- Up-to-date: /home/nicxe/ros2_ws/install/crazyflie_ros2_slam/share/crazyflie_ros2_slam/config
[0.710s] -- Up-to-date: /home/nicxe/ros2_ws/install/crazyflie_ros2_slam/share/crazyflie_ros2_slam/config/mapper_params_online_async.yaml
[0.710s] -- Up-to-date: /home/nicxe/ros2_ws/install/crazyflie_ros2_slam/share/ament_index/resource_index/package_run_dependencies/crazyflie_ros2_slam
[0.710s] -- Up-to-date: /home/nicxe/ros2_ws/install/crazyflie_ros2_slam/share/ament_index/resource_index/parent_prefix_path/crazyflie_ros2_slam
[0.710s] -- Up-to-date: /home/nicxe/ros2_ws/install/crazyflie_ros2_slam/share/crazyflie_ros2_slam/environment/ament_prefix_path.sh
[0.710s] -- Up-to-date: /home/nicxe/ros2_ws/install/crazyflie_ros2_slam/share/crazyflie_ros2_slam/environment/ament_prefix_path.dsv
[0.710s] -- Up-to-date: /home/nicxe/ros2_ws/install/crazyflie_ros2_slam/share/crazyflie_ros2_slam/environment/path.sh
[0.710s] -- Up-to-date: /home/nicxe/ros2_ws/install/crazyflie_ros2_slam/share/crazyflie_ros2_slam/environment/path.dsv
[0.711s] -- Up-to-date: /home/nicxe/ros2_ws/install/crazyflie_ros2_slam/share/crazyflie_ros2_slam/local_setup.bash
[0.711s] -- Up-to-date: /home/nicxe/ros2_ws/install/crazyflie_ros2_slam/share/crazyflie_ros2_slam/local_setup.sh
[0.711s] -- Up-to-date: /home/nicxe/ros2_ws/install/crazyflie_ros2_slam/share/crazyflie_ros2_slam/local_setup.zsh
[0.711s] -- Up-to-date: /home/nicxe/ros2_ws/install/crazyflie_ros2_slam/share/crazyflie_ros2_slam/local_setup.dsv
[0.711s] -- Installing: /home/nicxe/ros2_ws/install/crazyflie_ros2_slam/share/crazyflie_ros2_slam/package.dsv
[0.711s] -- Up-to-date: /home/nicxe/ros2_ws/install/crazyflie_ros2_slam/share/ament_index/resource_index/packages/crazyflie_ros2_slam
[0.711s] -- Up-to-date: /home/nicxe/ros2_ws/install/crazyflie_ros2_slam/share/crazyflie_ros2_slam/cmake/crazyflie_ros2_slamConfig.cmake
[0.711s] -- Up-to-date: /home/nicxe/ros2_ws/install/crazyflie_ros2_slam/share/crazyflie_ros2_slam/cmake/crazyflie_ros2_slamConfig-version.cmake
[0.711s] -- Up-to-date: /home/nicxe/ros2_ws/install/crazyflie_ros2_slam/share/crazyflie_ros2_slam/package.xml
[0.722s] Invoked command in '/home/nicxe/ros2_ws/build/crazyflie_ros2_slam' returned '0': CMAKE_PREFIX_PATH=${CMAKE_PREFIX_PATH}:/home/nicxe/ros2_ws/install/my_package:/home/nicxe/ros2_ws/install/crazyflie_simulation:/home/nicxe/ros2_ws/install/crazyflie_ros2_simulation:/home/nicxe/ros2_ws/install/crazyflie_ros2_simple_mapper:/home/nicxe/ros2_ws/install/crazyflie_ros2_scan:/home/nicxe/ros2_ws/install/crazyflie_ros2:/home/nicxe/ros2_ws/install/crazyflie_py:/opt/ros/galactic /usr/bin/cmake --install /home/nicxe/ros2_ws/build/crazyflie_ros2_slam
