[0.015s] Invoking command in '/home/tdeng23/ros2_ws/build/motion_capture_tracking': CMAKE_PREFIX_PATH=/home/tdeng23/ros2_ws/install/motion_capture_tracking_interfaces:/home/tdeng23/ros2_ws/install/motion_capture_tracking:/home/tdeng23/ros2_ws/install/crazyflie:/home/tdeng23/ros2_ws/install/crazyflie_sim:/home/tdeng23/ros2_ws/install/crazyflie_examples:/home/tdeng23/ros2_ws/install/crazyflie_interfaces:/home/tdeng23/ros2_ws/install/my_package:/home/tdeng23/ros2_ws/install/crazyflie_simulation:/home/tdeng23/ros2_ws/install/crazyflie_py:/opt/ros/galactic PYTHONPATH=/home/tdeng23/ros2_ws/install/motion_capture_tracking_interfaces/lib/python3.8/site-packages:/home/tdeng23/ros2_ws/install/my_package/lib/python3.8/site-packages:/home/tdeng23/ros2_ws/install/crazyflie_simulation/lib/python3.8/site-packages:/home/tdeng23/ros2_ws/install/crazyflie_sim/lib/python3.8/site-packages:/home/tdeng23/ros2_ws/install/crazyflie_examples/lib/python3.8/site-packages:/home/tdeng23/ros2_ws/build/crazyflie_py:/home/tdeng23/ros2_ws/install/crazyflie_py/lib/python3.8/site-packages:/home/tdeng23/ros2_ws/install/crazyflie_interfaces/lib/python3.8/site-packages:/opt/ros/galactic/lib/python3.8/site-packages /usr/bin/cmake --build /home/tdeng23/ros2_ws/build/motion_capture_tracking -- -j8 -l8
[0.075s] [ 16%] Built target qualisys_cpp_sdk
[0.075s] [ 16%] Built target quat
[0.083s] [ 19%] Built target librigidbodytracker
[0.085s] [ 37%] Built target ViconDataStreamSDK_CPP
[0.101s] [ 83%] Built target vrpn
[0.129s] [ 96%] Built target libmotioncapture
[0.169s] [100%] Built target motion_capture_tracking_node
[0.181s] Invoked command in '/home/tdeng23/ros2_ws/build/motion_capture_tracking' returned '0': CMAKE_PREFIX_PATH=/home/tdeng23/ros2_ws/install/motion_capture_tracking_interfaces:/home/tdeng23/ros2_ws/install/motion_capture_tracking:/home/tdeng23/ros2_ws/install/crazyflie:/home/tdeng23/ros2_ws/install/crazyflie_sim:/home/tdeng23/ros2_ws/install/crazyflie_examples:/home/tdeng23/ros2_ws/install/crazyflie_interfaces:/home/tdeng23/ros2_ws/install/my_package:/home/tdeng23/ros2_ws/install/crazyflie_simulation:/home/tdeng23/ros2_ws/install/crazyflie_py:/opt/ros/galactic PYTHONPATH=/home/tdeng23/ros2_ws/install/motion_capture_tracking_interfaces/lib/python3.8/site-packages:/home/tdeng23/ros2_ws/install/my_package/lib/python3.8/site-packages:/home/tdeng23/ros2_ws/install/crazyflie_simulation/lib/python3.8/site-packages:/home/tdeng23/ros2_ws/install/crazyflie_sim/lib/python3.8/site-packages:/home/tdeng23/ros2_ws/install/crazyflie_examples/lib/python3.8/site-packages:/home/tdeng23/ros2_ws/build/crazyflie_py:/home/tdeng23/ros2_ws/install/crazyflie_py/lib/python3.8/site-packages:/home/tdeng23/ros2_ws/install/crazyflie_interfaces/lib/python3.8/site-packages:/opt/ros/galactic/lib/python3.8/site-packages /usr/bin/cmake --build /home/tdeng23/ros2_ws/build/motion_capture_tracking -- -j8 -l8
[0.224s] Invoking command in '/home/tdeng23/ros2_ws/build/motion_capture_tracking': CMAKE_PREFIX_PATH=/home/tdeng23/ros2_ws/install/motion_capture_tracking_interfaces:/home/tdeng23/ros2_ws/install/motion_capture_tracking:/home/tdeng23/ros2_ws/install/crazyflie:/home/tdeng23/ros2_ws/install/crazyflie_sim:/home/tdeng23/ros2_ws/install/crazyflie_examples:/home/tdeng23/ros2_ws/install/crazyflie_interfaces:/home/tdeng23/ros2_ws/install/my_package:/home/tdeng23/ros2_ws/install/crazyflie_simulation:/home/tdeng23/ros2_ws/install/crazyflie_py:/opt/ros/galactic PYTHONPATH=/home/tdeng23/ros2_ws/install/motion_capture_tracking_interfaces/lib/python3.8/site-packages:/home/tdeng23/ros2_ws/install/my_package/lib/python3.8/site-packages:/home/tdeng23/ros2_ws/install/crazyflie_simulation/lib/python3.8/site-packages:/home/tdeng23/ros2_ws/install/crazyflie_sim/lib/python3.8/site-packages:/home/tdeng23/ros2_ws/install/crazyflie_examples/lib/python3.8/site-packages:/home/tdeng23/ros2_ws/build/crazyflie_py:/home/tdeng23/ros2_ws/install/crazyflie_py/lib/python3.8/site-packages:/home/tdeng23/ros2_ws/install/crazyflie_interfaces/lib/python3.8/site-packages:/opt/ros/galactic/lib/python3.8/site-packages /usr/bin/cmake --install /home/tdeng23/ros2_ws/build/motion_capture_tracking
[0.232s] -- Install configuration: ""
[0.232s] -- Execute custom install script
[0.233s] -- Up-to-date symlink: /home/tdeng23/ros2_ws/install/motion_capture_tracking/lib/motion_capture_tracking/motion_capture_tracking_node
[0.233s] -- Up-to-date symlink: /home/tdeng23/ros2_ws/install/motion_capture_tracking/share/motion_capture_tracking//launch/launch.py
[0.233s] -- Up-to-date symlink: /home/tdeng23/ros2_ws/install/motion_capture_tracking/share/motion_capture_tracking//launch/node.launch
[0.234s] -- Up-to-date symlink: /home/tdeng23/ros2_ws/install/motion_capture_tracking/share/motion_capture_tracking//config/cfg.yaml
[0.234s] -- Up-to-date symlink: /home/tdeng23/ros2_ws/install/motion_capture_tracking/share/motion_capture_tracking//config/rviz.rviz
[0.234s] -- Up-to-date symlink: /home/tdeng23/ros2_ws/install/motion_capture_tracking/share/ament_index/resource_index/package_run_dependencies/motion_capture_tracking
[0.234s] -- Up-to-date symlink: /home/tdeng23/ros2_ws/install/motion_capture_tracking/share/ament_index/resource_index/parent_prefix_path/motion_capture_tracking
[0.235s] -- Up-to-date symlink: /home/tdeng23/ros2_ws/install/motion_capture_tracking/share/motion_capture_tracking/environment/ament_prefix_path.sh
[0.235s] -- Up-to-date symlink: /home/tdeng23/ros2_ws/install/motion_capture_tracking/share/motion_capture_tracking/environment/ament_prefix_path.dsv
[0.235s] -- Up-to-date symlink: /home/tdeng23/ros2_ws/install/motion_capture_tracking/share/motion_capture_tracking/environment/path.sh
[0.236s] -- Up-to-date symlink: /home/tdeng23/ros2_ws/install/motion_capture_tracking/share/motion_capture_tracking/environment/path.dsv
[0.236s] -- Up-to-date symlink: /home/tdeng23/ros2_ws/install/motion_capture_tracking/share/motion_capture_tracking/local_setup.bash
[0.236s] -- Up-to-date symlink: /home/tdeng23/ros2_ws/install/motion_capture_tracking/share/motion_capture_tracking/local_setup.sh
[0.237s] -- Up-to-date symlink: /home/tdeng23/ros2_ws/install/motion_capture_tracking/share/motion_capture_tracking/local_setup.zsh
[0.237s] -- Up-to-date symlink: /home/tdeng23/ros2_ws/install/motion_capture_tracking/share/motion_capture_tracking/local_setup.dsv
[0.237s] -- Symlinking: /home/tdeng23/ros2_ws/install/motion_capture_tracking/share/motion_capture_tracking/package.dsv
[0.246s] -- Up-to-date symlink: /home/tdeng23/ros2_ws/install/motion_capture_tracking/share/ament_index/resource_index/packages/motion_capture_tracking
[0.247s] -- Up-to-date symlink: /home/tdeng23/ros2_ws/install/motion_capture_tracking/share/motion_capture_tracking/cmake/motion_capture_trackingConfig.cmake
[0.247s] -- Up-to-date symlink: /home/tdeng23/ros2_ws/install/motion_capture_tracking/share/motion_capture_tracking/cmake/motion_capture_trackingConfig-version.cmake
[0.247s] -- Up-to-date symlink: /home/tdeng23/ros2_ws/install/motion_capture_tracking/share/motion_capture_tracking/package.xml
[0.252s] Invoked command in '/home/tdeng23/ros2_ws/build/motion_capture_tracking' returned '0': CMAKE_PREFIX_PATH=/home/tdeng23/ros2_ws/install/motion_capture_tracking_interfaces:/home/tdeng23/ros2_ws/install/motion_capture_tracking:/home/tdeng23/ros2_ws/install/crazyflie:/home/tdeng23/ros2_ws/install/crazyflie_sim:/home/tdeng23/ros2_ws/install/crazyflie_examples:/home/tdeng23/ros2_ws/install/crazyflie_interfaces:/home/tdeng23/ros2_ws/install/my_package:/home/tdeng23/ros2_ws/install/crazyflie_simulation:/home/tdeng23/ros2_ws/install/crazyflie_py:/opt/ros/galactic PYTHONPATH=/home/tdeng23/ros2_ws/install/motion_capture_tracking_interfaces/lib/python3.8/site-packages:/home/tdeng23/ros2_ws/install/my_package/lib/python3.8/site-packages:/home/tdeng23/ros2_ws/install/crazyflie_simulation/lib/python3.8/site-packages:/home/tdeng23/ros2_ws/install/crazyflie_sim/lib/python3.8/site-packages:/home/tdeng23/ros2_ws/install/crazyflie_examples/lib/python3.8/site-packages:/home/tdeng23/ros2_ws/build/crazyflie_py:/home/tdeng23/ros2_ws/install/crazyflie_py/lib/python3.8/site-packages:/home/tdeng23/ros2_ws/install/crazyflie_interfaces/lib/python3.8/site-packages:/opt/ros/galactic/lib/python3.8/site-packages /usr/bin/cmake --install /home/tdeng23/ros2_ws/build/motion_capture_tracking
