[0.245s] Invoking command in '/home/tdeng23/ros2_ws/build/crazyflie_ros2_slam': CMAKE_PREFIX_PATH=/opt/ros/galactic /home/tdeng23/.local/bin/cmake --build /home/tdeng23/ros2_ws/build/crazyflie_ros2_slam -- -j8 -l8
[0.367s] Invoked command in '/home/tdeng23/ros2_ws/build/crazyflie_ros2_slam' returned '0': CMAKE_PREFIX_PATH=/opt/ros/galactic /home/tdeng23/.local/bin/cmake --build /home/tdeng23/ros2_ws/build/crazyflie_ros2_slam -- -j8 -l8
[0.884s] Invoking command in '/home/tdeng23/ros2_ws/build/crazyflie_ros2_slam': CMAKE_PREFIX_PATH=/opt/ros/galactic /home/tdeng23/.local/bin/cmake --install /home/tdeng23/ros2_ws/build/crazyflie_ros2_slam
[0.913s] -- Install configuration: ""
[0.914s] -- Up-to-date: /home/tdeng23/ros2_ws/install/crazyflie_ros2_slam/share/crazyflie_ros2_slam/launch
[0.914s] -- Up-to-date: /home/tdeng23/ros2_ws/install/crazyflie_ros2_slam/share/crazyflie_ros2_slam/launch/slam_toolbox_mapping_real_launch.py
[0.914s] -- Up-to-date: /home/tdeng23/ros2_ws/install/crazyflie_ros2_slam/share/crazyflie_ros2_slam/launch/slam_toolbox_mapping_simulation_launch.py
[0.914s] -- Up-to-date: /home/tdeng23/ros2_ws/install/crazyflie_ros2_slam/share/crazyflie_ros2_slam/config
[0.914s] -- Up-to-date: /home/tdeng23/ros2_ws/install/crazyflie_ros2_slam/share/crazyflie_ros2_slam/config/mapper_params_online_async.yaml
[0.914s] -- Up-to-date: /home/tdeng23/ros2_ws/install/crazyflie_ros2_slam/share/ament_index/resource_index/package_run_dependencies/crazyflie_ros2_slam
[0.915s] -- Up-to-date: /home/tdeng23/ros2_ws/install/crazyflie_ros2_slam/share/ament_index/resource_index/parent_prefix_path/crazyflie_ros2_slam
[0.915s] -- Up-to-date: /home/tdeng23/ros2_ws/install/crazyflie_ros2_slam/share/crazyflie_ros2_slam/environment/ament_prefix_path.sh
[0.915s] -- Up-to-date: /home/tdeng23/ros2_ws/install/crazyflie_ros2_slam/share/crazyflie_ros2_slam/environment/ament_prefix_path.dsv
[0.915s] -- Up-to-date: /home/tdeng23/ros2_ws/install/crazyflie_ros2_slam/share/crazyflie_ros2_slam/environment/path.sh
[0.915s] -- Up-to-date: /home/tdeng23/ros2_ws/install/crazyflie_ros2_slam/share/crazyflie_ros2_slam/environment/path.dsv
[0.915s] -- Up-to-date: /home/tdeng23/ros2_ws/install/crazyflie_ros2_slam/share/crazyflie_ros2_slam/local_setup.bash
[0.915s] -- Up-to-date: /home/tdeng23/ros2_ws/install/crazyflie_ros2_slam/share/crazyflie_ros2_slam/local_setup.sh
[0.915s] -- Up-to-date: /home/tdeng23/ros2_ws/install/crazyflie_ros2_slam/share/crazyflie_ros2_slam/local_setup.zsh
[0.915s] -- Up-to-date: /home/tdeng23/ros2_ws/install/crazyflie_ros2_slam/share/crazyflie_ros2_slam/local_setup.dsv
[0.915s] -- Installing: /home/tdeng23/ros2_ws/install/crazyflie_ros2_slam/share/crazyflie_ros2_slam/package.dsv
[0.915s] -- Up-to-date: /home/tdeng23/ros2_ws/install/crazyflie_ros2_slam/share/ament_index/resource_index/packages/crazyflie_ros2_slam
[0.915s] -- Up-to-date: /home/tdeng23/ros2_ws/install/crazyflie_ros2_slam/share/crazyflie_ros2_slam/cmake/crazyflie_ros2_slamConfig.cmake
[0.916s] -- Up-to-date: /home/tdeng23/ros2_ws/install/crazyflie_ros2_slam/share/crazyflie_ros2_slam/cmake/crazyflie_ros2_slamConfig-version.cmake
[0.916s] -- Up-to-date: /home/tdeng23/ros2_ws/install/crazyflie_ros2_slam/share/crazyflie_ros2_slam/package.xml
[0.920s] Invoked command in '/home/tdeng23/ros2_ws/build/crazyflie_ros2_slam' returned '0': CMAKE_PREFIX_PATH=/opt/ros/galactic /home/tdeng23/.local/bin/cmake --install /home/tdeng23/ros2_ws/build/crazyflie_ros2_slam
