[1.013s] Invoking command in '/home/nicxe/ros2_ws/src/crazyswarm2/crazyflie_ros2_simple_mapper': PYTHONPATH=/home/nicxe/ros2_ws/build/crazyflie_ros2_simple_mapper/prefix_override:/home/nicxe/ros2_ws/install/crazyflie_ros2_simple_mapper/lib/python3.8/site-packages:${PYTHONPATH} /usr/bin/python3 setup.py egg_info --egg-base ../../../build/crazyflie_ros2_simple_mapper build --build-base /home/nicxe/ros2_ws/build/crazyflie_ros2_simple_mapper/build install --record /home/nicxe/ros2_ws/build/crazyflie_ros2_simple_mapper/install.log --single-version-externally-managed
[1.188s] running egg_info
[1.189s] writing ../../../build/crazyflie_ros2_simple_mapper/crazyflie_ros2_simple_mapper.egg-info/PKG-INFO
[1.189s] writing dependency_links to ../../../build/crazyflie_ros2_simple_mapper/crazyflie_ros2_simple_mapper.egg-info/dependency_links.txt
[1.189s] writing entry points to ../../../build/crazyflie_ros2_simple_mapper/crazyflie_ros2_simple_mapper.egg-info/entry_points.txt
[1.189s] writing requirements to ../../../build/crazyflie_ros2_simple_mapper/crazyflie_ros2_simple_mapper.egg-info/requires.txt
[1.189s] writing top-level names to ../../../build/crazyflie_ros2_simple_mapper/crazyflie_ros2_simple_mapper.egg-info/top_level.txt
[1.214s] reading manifest file '../../../build/crazyflie_ros2_simple_mapper/crazyflie_ros2_simple_mapper.egg-info/SOURCES.txt'
[1.214s] writing manifest file '../../../build/crazyflie_ros2_simple_mapper/crazyflie_ros2_simple_mapper.egg-info/SOURCES.txt'
[1.215s] running build
[1.215s] running build_py
[1.215s] copying crazyflie_ros2_simple_mapper/simple_mapper.py -> /home/nicxe/ros2_ws/build/crazyflie_ros2_simple_mapper/build/lib/crazyflie_ros2_simple_mapper
[1.215s] running install
[1.216s] running install_lib
[1.216s] copying /home/nicxe/ros2_ws/build/crazyflie_ros2_simple_mapper/build/lib/crazyflie_ros2_simple_mapper/simple_mapper.py -> /home/nicxe/ros2_ws/install/crazyflie_ros2_simple_mapper/lib/python3.8/site-packages/crazyflie_ros2_simple_mapper
[1.217s] byte-compiling /home/nicxe/ros2_ws/install/crazyflie_ros2_simple_mapper/lib/python3.8/site-packages/crazyflie_ros2_simple_mapper/simple_mapper.py to simple_mapper.cpython-38.pyc
[1.219s] running install_data
[1.219s] running install_egg_info
[1.220s] removing '/home/nicxe/ros2_ws/install/crazyflie_ros2_simple_mapper/lib/python3.8/site-packages/crazyflie_ros2_simple_mapper-0.0.0-py3.8.egg-info' (and everything under it)
[1.220s] Copying ../../../build/crazyflie_ros2_simple_mapper/crazyflie_ros2_simple_mapper.egg-info to /home/nicxe/ros2_ws/install/crazyflie_ros2_simple_mapper/lib/python3.8/site-packages/crazyflie_ros2_simple_mapper-0.0.0-py3.8.egg-info
[1.221s] running install_scripts
[1.235s] Installing simple_mapper script to /home/nicxe/ros2_ws/install/crazyflie_ros2_simple_mapper/lib/crazyflie_ros2_simple_mapper
[1.235s] writing list of installed files to '/home/nicxe/ros2_ws/build/crazyflie_ros2_simple_mapper/install.log'
[1.487s] Invoked command in '/home/nicxe/ros2_ws/src/crazyswarm2/crazyflie_ros2_simple_mapper' returned '0': PYTHONPATH=/home/nicxe/ros2_ws/build/crazyflie_ros2_simple_mapper/prefix_override:/home/nicxe/ros2_ws/install/crazyflie_ros2_simple_mapper/lib/python3.8/site-packages:${PYTHONPATH} /usr/bin/python3 setup.py egg_info --egg-base ../../../build/crazyflie_ros2_simple_mapper build --build-base /home/nicxe/ros2_ws/build/crazyflie_ros2_simple_mapper/build install --record /home/nicxe/ros2_ws/build/crazyflie_ros2_simple_mapper/install.log --single-version-externally-managed
