[2.093s] Invoking command in '/home/nicxe/ros2_ws/src/crazyswarm2/crazyflie_ros2_scan': PYTHONPATH=/home/nicxe/ros2_ws/build/crazyflie_ros2_scan/prefix_override:/home/nicxe/ros2_ws/install/crazyflie_ros2_scan/lib/python3.8/site-packages:${PYTHONPATH} /usr/bin/python3 setup.py egg_info --egg-base ../../../build/crazyflie_ros2_scan build --build-base /home/nicxe/ros2_ws/build/crazyflie_ros2_scan/build install --record /home/nicxe/ros2_ws/build/crazyflie_ros2_scan/install.log --single-version-externally-managed
[2.268s] running egg_info
[2.269s] writing ../../../build/crazyflie_ros2_scan/crazyflie_ros2_scan.egg-info/PKG-INFO
[2.358s] writing dependency_links to ../../../build/crazyflie_ros2_scan/crazyflie_ros2_scan.egg-info/dependency_links.txt
[2.359s] writing entry points to ../../../build/crazyflie_ros2_scan/crazyflie_ros2_scan.egg-info/entry_points.txt
[2.359s] writing requirements to ../../../build/crazyflie_ros2_scan/crazyflie_ros2_scan.egg-info/requires.txt
[2.359s] writing top-level names to ../../../build/crazyflie_ros2_scan/crazyflie_ros2_scan.egg-info/top_level.txt
[2.431s] reading manifest file '../../../build/crazyflie_ros2_scan/crazyflie_ros2_scan.egg-info/SOURCES.txt'
[2.617s] writing manifest file '../../../build/crazyflie_ros2_scan/crazyflie_ros2_scan.egg-info/SOURCES.txt'
[2.617s] running build
[2.617s] running build_py
[2.697s] running install
[2.697s] running install_lib
[2.702s] running install_data
[2.702s] running install_egg_info
[2.704s] removing '/home/nicxe/ros2_ws/install/crazyflie_ros2_scan/lib/python3.8/site-packages/crazyflie_ros2_scan-0.0.0-py3.8.egg-info' (and everything under it)
[2.704s] Copying ../../../build/crazyflie_ros2_scan/crazyflie_ros2_scan.egg-info to /home/nicxe/ros2_ws/install/crazyflie_ros2_scan/lib/python3.8/site-packages/crazyflie_ros2_scan-0.0.0-py3.8.egg-info
[2.749s] running install_scripts
[2.761s] Installing range_to_lidar script to /home/nicxe/ros2_ws/install/crazyflie_ros2_scan/lib/crazyflie_ros2_scan
[2.769s] writing list of installed files to '/home/nicxe/ros2_ws/build/crazyflie_ros2_scan/install.log'
[2.836s] Invoked command in '/home/nicxe/ros2_ws/src/crazyswarm2/crazyflie_ros2_scan' returned '0': PYTHONPATH=/home/nicxe/ros2_ws/build/crazyflie_ros2_scan/prefix_override:/home/nicxe/ros2_ws/install/crazyflie_ros2_scan/lib/python3.8/site-packages:${PYTHONPATH} /usr/bin/python3 setup.py egg_info --egg-base ../../../build/crazyflie_ros2_scan build --build-base /home/nicxe/ros2_ws/build/crazyflie_ros2_scan/build install --record /home/nicxe/ros2_ws/build/crazyflie_ros2_scan/install.log --single-version-externally-managed
