[0.366s] Invoking command in '/home/tdeng23/ros2_ws/build/crazyflie_ros2_navigation': CMAKE_PREFIX_PATH=${CMAKE_PREFIX_PATH}:/home/tdeng23/ros2_ws/install/my_package:/home/tdeng23/ros2_ws/install/crazyflie_simulation:/home/tdeng23/ros2_ws/install/crazyflie_ros2_simulation:/home/tdeng23/ros2_ws/install/crazyflie_ros2_simple_mapper:/home/tdeng23/ros2_ws/install/crazyflie_ros2_scan:/home/tdeng23/ros2_ws/install/crazyflie_ros2:/home/tdeng23/ros2_ws/install/crazyflie_py:/opt/ros/galactic /home/tdeng23/.local/bin/cmake --build /home/tdeng23/ros2_ws/build/crazyflie_ros2_navigation -- -j8 -l8
[0.896s] Invoked command in '/home/tdeng23/ros2_ws/build/crazyflie_ros2_navigation' returned '0': CMAKE_PREFIX_PATH=${CMAKE_PREFIX_PATH}:/home/tdeng23/ros2_ws/install/my_package:/home/tdeng23/ros2_ws/install/crazyflie_simulation:/home/tdeng23/ros2_ws/install/crazyflie_ros2_simulation:/home/tdeng23/ros2_ws/install/crazyflie_ros2_simple_mapper:/home/tdeng23/ros2_ws/install/crazyflie_ros2_scan:/home/tdeng23/ros2_ws/install/crazyflie_ros2:/home/tdeng23/ros2_ws/install/crazyflie_py:/opt/ros/galactic /home/tdeng23/.local/bin/cmake --build /home/tdeng23/ros2_ws/build/crazyflie_ros2_navigation -- -j8 -l8
[1.023s] Invoking command in '/home/tdeng23/ros2_ws/build/crazyflie_ros2_navigation': CMAKE_PREFIX_PATH=${CMAKE_PREFIX_PATH}:/home/tdeng23/ros2_ws/install/my_package:/home/tdeng23/ros2_ws/install/crazyflie_simulation:/home/tdeng23/ros2_ws/install/crazyflie_ros2_simulation:/home/tdeng23/ros2_ws/install/crazyflie_ros2_simple_mapper:/home/tdeng23/ros2_ws/install/crazyflie_ros2_scan:/home/tdeng23/ros2_ws/install/crazyflie_ros2:/home/tdeng23/ros2_ws/install/crazyflie_py:/opt/ros/galactic /home/tdeng23/.local/bin/cmake --install /home/tdeng23/ros2_ws/build/crazyflie_ros2_navigation
[1.087s] -- Install configuration: ""
[1.087s] -- Up-to-date: /home/tdeng23/ros2_ws/install/crazyflie_ros2_navigation/share/crazyflie_ros2_navigation/launch
[1.087s] -- Up-to-date: /home/tdeng23/ros2_ws/install/crazyflie_ros2_navigation/share/crazyflie_ros2_navigation/launch/navigation_simulation_launch.py
[1.087s] -- Up-to-date: /home/tdeng23/ros2_ws/install/crazyflie_ros2_navigation/share/crazyflie_ros2_navigation/launch/navigation_real_launch.py
[1.088s] -- Up-to-date: /home/tdeng23/ros2_ws/install/crazyflie_ros2_navigation/share/crazyflie_ros2_navigation/params
[1.088s] -- Up-to-date: /home/tdeng23/ros2_ws/install/crazyflie_ros2_navigation/share/crazyflie_ros2_navigation/params/nav2_params.yaml
[1.088s] -- Up-to-date: /home/tdeng23/ros2_ws/install/crazyflie_ros2_navigation/share/ament_index/resource_index/package_run_dependencies/crazyflie_ros2_navigation
[1.088s] -- Up-to-date: /home/tdeng23/ros2_ws/install/crazyflie_ros2_navigation/share/ament_index/resource_index/parent_prefix_path/crazyflie_ros2_navigation
[1.088s] -- Up-to-date: /home/tdeng23/ros2_ws/install/crazyflie_ros2_navigation/share/crazyflie_ros2_navigation/environment/ament_prefix_path.sh
[1.088s] -- Up-to-date: /home/tdeng23/ros2_ws/install/crazyflie_ros2_navigation/share/crazyflie_ros2_navigation/environment/ament_prefix_path.dsv
[1.088s] -- Up-to-date: /home/tdeng23/ros2_ws/install/crazyflie_ros2_navigation/share/crazyflie_ros2_navigation/environment/path.sh
[1.088s] -- Up-to-date: /home/tdeng23/ros2_ws/install/crazyflie_ros2_navigation/share/crazyflie_ros2_navigation/environment/path.dsv
[1.088s] -- Up-to-date: /home/tdeng23/ros2_ws/install/crazyflie_ros2_navigation/share/crazyflie_ros2_navigation/local_setup.bash
[1.088s] -- Up-to-date: /home/tdeng23/ros2_ws/install/crazyflie_ros2_navigation/share/crazyflie_ros2_navigation/local_setup.sh
[1.089s] -- Up-to-date: /home/tdeng23/ros2_ws/install/crazyflie_ros2_navigation/share/crazyflie_ros2_navigation/local_setup.zsh
[1.089s] -- Up-to-date: /home/tdeng23/ros2_ws/install/crazyflie_ros2_navigation/share/crazyflie_ros2_navigation/local_setup.dsv
[1.089s] -- Installing: /home/tdeng23/ros2_ws/install/crazyflie_ros2_navigation/share/crazyflie_ros2_navigation/package.dsv
[1.089s] -- Up-to-date: /home/tdeng23/ros2_ws/install/crazyflie_ros2_navigation/share/ament_index/resource_index/packages/crazyflie_ros2_navigation
[1.089s] -- Up-to-date: /home/tdeng23/ros2_ws/install/crazyflie_ros2_navigation/share/crazyflie_ros2_navigation/cmake/crazyflie_ros2_navigationConfig.cmake
[1.089s] -- Up-to-date: /home/tdeng23/ros2_ws/install/crazyflie_ros2_navigation/share/crazyflie_ros2_navigation/cmake/crazyflie_ros2_navigationConfig-version.cmake
[1.089s] -- Up-to-date: /home/tdeng23/ros2_ws/install/crazyflie_ros2_navigation/share/crazyflie_ros2_navigation/package.xml
[1.138s] Invoked command in '/home/tdeng23/ros2_ws/build/crazyflie_ros2_navigation' returned '0': CMAKE_PREFIX_PATH=${CMAKE_PREFIX_PATH}:/home/tdeng23/ros2_ws/install/my_package:/home/tdeng23/ros2_ws/install/crazyflie_simulation:/home/tdeng23/ros2_ws/install/crazyflie_ros2_simulation:/home/tdeng23/ros2_ws/install/crazyflie_ros2_simple_mapper:/home/tdeng23/ros2_ws/install/crazyflie_ros2_scan:/home/tdeng23/ros2_ws/install/crazyflie_ros2:/home/tdeng23/ros2_ws/install/crazyflie_py:/opt/ros/galactic /home/tdeng23/.local/bin/cmake --install /home/tdeng23/ros2_ws/build/crazyflie_ros2_navigation
