[0.555s] Invoking command in '/home/nicxe/ros2_ws/build/crazyflie_ros2_interfaces': CMAKE_PREFIX_PATH=${CMAKE_PREFIX_PATH}:/home/nicxe/ros2_ws/install/my_package:/home/nicxe/ros2_ws/install/crazyflie_simulation:/home/nicxe/ros2_ws/install/crazyflie_ros2_simulation:/home/nicxe/ros2_ws/install/crazyflie_ros2_simple_mapper:/home/nicxe/ros2_ws/install/crazyflie_ros2_scan:/home/nicxe/ros2_ws/install/crazyflie_ros2:/home/nicxe/ros2_ws/install/crazyflie_py:/opt/ros/galactic /usr/bin/cmake --build /home/nicxe/ros2_ws/build/crazyflie_ros2_interfaces -- -j8 -l8
[1.670s] [  3%] Built target crazyflie_ros2_interfaces__cpp
[1.757s] [ 12%] Built target crazyflie_ros2_interfaces__rosidl_generator_c
[1.895s] [ 22%] Built target crazyflie_ros2_interfaces__rosidl_typesupport_fastrtps_cpp
[1.916s] [ 32%] Built target crazyflie_ros2_interfaces__rosidl_typesupport_introspection_c
[1.928s] [ 41%] Built target crazyflie_ros2_interfaces__rosidl_typesupport_introspection_cpp
[1.937s] [ 61%] Built target crazyflie_ros2_interfaces__rosidl_typesupport_c
[1.937s] [ 61%] Built target crazyflie_ros2_interfaces__rosidl_typesupport_cpp
[2.122s] [ 70%] Built target crazyflie_ros2_interfaces__rosidl_typesupport_fastrtps_c
[2.234s] [ 70%] Built target crazyflie_ros2_interfaces
[2.337s] [ 74%] Built target crazyflie_ros2_interfaces__py
[2.783s] [ 80%] Built target crazyflie_ros2_interfaces__python
[2.950s] [ 87%] Built target crazyflie_ros2_interfaces__rosidl_typesupport_introspection_c__pyext
[2.971s] [100%] Built target crazyflie_ros2_interfaces__rosidl_typesupport_fastrtps_c__pyext
[2.971s] [100%] Built target crazyflie_ros2_interfaces__rosidl_typesupport_c__pyext
[3.143s] Invoked command in '/home/nicxe/ros2_ws/build/crazyflie_ros2_interfaces' returned '0': CMAKE_PREFIX_PATH=${CMAKE_PREFIX_PATH}:/home/nicxe/ros2_ws/install/my_package:/home/nicxe/ros2_ws/install/crazyflie_simulation:/home/nicxe/ros2_ws/install/crazyflie_ros2_simulation:/home/nicxe/ros2_ws/install/crazyflie_ros2_simple_mapper:/home/nicxe/ros2_ws/install/crazyflie_ros2_scan:/home/nicxe/ros2_ws/install/crazyflie_ros2:/home/nicxe/ros2_ws/install/crazyflie_py:/opt/ros/galactic /usr/bin/cmake --build /home/nicxe/ros2_ws/build/crazyflie_ros2_interfaces -- -j8 -l8
[3.217s] Invoking command in '/home/nicxe/ros2_ws/build/crazyflie_ros2_interfaces': CMAKE_PREFIX_PATH=${CMAKE_PREFIX_PATH}:/home/nicxe/ros2_ws/install/my_package:/home/nicxe/ros2_ws/install/crazyflie_simulation:/home/nicxe/ros2_ws/install/crazyflie_ros2_simulation:/home/nicxe/ros2_ws/install/crazyflie_ros2_simple_mapper:/home/nicxe/ros2_ws/install/crazyflie_ros2_scan:/home/nicxe/ros2_ws/install/crazyflie_ros2:/home/nicxe/ros2_ws/install/crazyflie_py:/opt/ros/galactic /usr/bin/cmake --install /home/nicxe/ros2_ws/build/crazyflie_ros2_interfaces
[3.236s] -- Install configuration: ""
[3.285s] -- Up-to-date: /home/nicxe/ros2_ws/install/crazyflie_ros2_interfaces/share/ament_index/resource_index/rosidl_interfaces/crazyflie_ros2_interfaces
[3.285s] -- Up-to-date: /home/nicxe/ros2_ws/install/crazyflie_ros2_interfaces/include/crazyflie_ros2_interfaces
[3.285s] -- Up-to-date: /home/nicxe/ros2_ws/install/crazyflie_ros2_interfaces/include/crazyflie_ros2_interfaces/action
[3.285s] -- Up-to-date: /home/nicxe/ros2_ws/install/crazyflie_ros2_interfaces/include/crazyflie_ros2_interfaces/action/detail
[3.285s] -- Up-to-date: /home/nicxe/ros2_ws/install/crazyflie_ros2_interfaces/include/crazyflie_ros2_interfaces/action/detail/multi_ranger_scan__struct.h
[3.285s] -- Up-to-date: /home/nicxe/ros2_ws/install/crazyflie_ros2_interfaces/include/crazyflie_ros2_interfaces/action/detail/multi_ranger_scan__type_support.h
[3.285s] -- Up-to-date: /home/nicxe/ros2_ws/install/crazyflie_ros2_interfaces/include/crazyflie_ros2_interfaces/action/detail/multi_ranger_scan__functions.h
[3.285s] -- Up-to-date: /home/nicxe/ros2_ws/install/crazyflie_ros2_interfaces/include/crazyflie_ros2_interfaces/action/detail/multi_ranger_scan__functions.c
[3.285s] -- Up-to-date: /home/nicxe/ros2_ws/install/crazyflie_ros2_interfaces/include/crazyflie_ros2_interfaces/action/multi_ranger_scan.h
[3.285s] -- Up-to-date: /home/nicxe/ros2_ws/install/crazyflie_ros2_interfaces/include/crazyflie_ros2_interfaces/msg
[3.286s] -- Up-to-date: /home/nicxe/ros2_ws/install/crazyflie_ros2_interfaces/include/crazyflie_ros2_interfaces/msg/rosidl_generator_c__visibility_control.h
[3.286s] -- Up-to-date: /home/nicxe/ros2_ws/install/crazyflie_ros2_interfaces/share/crazyflie_ros2_interfaces/environment/library_path.sh
[3.286s] -- Up-to-date: /home/nicxe/ros2_ws/install/crazyflie_ros2_interfaces/share/crazyflie_ros2_interfaces/environment/library_path.dsv
[3.318s] -- Up-to-date: /home/nicxe/ros2_ws/install/crazyflie_ros2_interfaces/lib/libcrazyflie_ros2_interfaces__rosidl_generator_c.so
[3.318s] -- Up-to-date: /home/nicxe/ros2_ws/install/crazyflie_ros2_interfaces/include/crazyflie_ros2_interfaces
[3.318s] -- Up-to-date: /home/nicxe/ros2_ws/install/crazyflie_ros2_interfaces/include/crazyflie_ros2_interfaces/action
[3.318s] -- Up-to-date: /home/nicxe/ros2_ws/install/crazyflie_ros2_interfaces/include/crazyflie_ros2_interfaces/action/detail
[3.318s] -- Up-to-date: /home/nicxe/ros2_ws/install/crazyflie_ros2_interfaces/include/crazyflie_ros2_interfaces/action/detail/multi_ranger_scan__rosidl_typesupport_fastrtps_c.h
[3.318s] -- Up-to-date: /home/nicxe/ros2_ws/install/crazyflie_ros2_interfaces/include/crazyflie_ros2_interfaces/msg
[3.318s] -- Up-to-date: /home/nicxe/ros2_ws/install/crazyflie_ros2_interfaces/include/crazyflie_ros2_interfaces/msg/rosidl_typesupport_fastrtps_c__visibility_control.h
[3.352s] -- Up-to-date: /home/nicxe/ros2_ws/install/crazyflie_ros2_interfaces/lib/libcrazyflie_ros2_interfaces__rosidl_typesupport_fastrtps_c.so
[3.352s] -- Up-to-date: /home/nicxe/ros2_ws/install/crazyflie_ros2_interfaces/include/crazyflie_ros2_interfaces
[3.352s] -- Up-to-date: /home/nicxe/ros2_ws/install/crazyflie_ros2_interfaces/include/crazyflie_ros2_interfaces/action
[3.352s] -- Up-to-date: /home/nicxe/ros2_ws/install/crazyflie_ros2_interfaces/include/crazyflie_ros2_interfaces/action/detail
[3.352s] -- Up-to-date: /home/nicxe/ros2_ws/install/crazyflie_ros2_interfaces/include/crazyflie_ros2_interfaces/action/detail/dds_fastrtps
[3.353s] -- Up-to-date: /home/nicxe/ros2_ws/install/crazyflie_ros2_interfaces/include/crazyflie_ros2_interfaces/action/detail/multi_ranger_scan__rosidl_typesupport_fastrtps_cpp.hpp
[3.353s] -- Up-to-date: /home/nicxe/ros2_ws/install/crazyflie_ros2_interfaces/include/crazyflie_ros2_interfaces/msg
[3.353s] -- Up-to-date: /home/nicxe/ros2_ws/install/crazyflie_ros2_interfaces/include/crazyflie_ros2_interfaces/msg/rosidl_typesupport_fastrtps_cpp__visibility_control.h
[3.413s] -- Up-to-date: /home/nicxe/ros2_ws/install/crazyflie_ros2_interfaces/lib/libcrazyflie_ros2_interfaces__rosidl_typesupport_fastrtps_cpp.so
[3.413s] -- Up-to-date: /home/nicxe/ros2_ws/install/crazyflie_ros2_interfaces/include/crazyflie_ros2_interfaces
[3.413s] -- Up-to-date: /home/nicxe/ros2_ws/install/crazyflie_ros2_interfaces/include/crazyflie_ros2_interfaces/action
[3.413s] -- Up-to-date: /home/nicxe/ros2_ws/install/crazyflie_ros2_interfaces/include/crazyflie_ros2_interfaces/action/detail
[3.413s] -- Up-to-date: /home/nicxe/ros2_ws/install/crazyflie_ros2_interfaces/include/crazyflie_ros2_interfaces/action/detail/multi_ranger_scan__type_support.c
[3.413s] -- Up-to-date: /home/nicxe/ros2_ws/install/crazyflie_ros2_interfaces/include/crazyflie_ros2_interfaces/action/detail/multi_ranger_scan__rosidl_typesupport_introspection_c.h
[3.414s] -- Up-to-date: /home/nicxe/ros2_ws/install/crazyflie_ros2_interfaces/include/crazyflie_ros2_interfaces/msg
[3.414s] -- Up-to-date: /home/nicxe/ros2_ws/install/crazyflie_ros2_interfaces/include/crazyflie_ros2_interfaces/msg/rosidl_typesupport_introspection_c__visibility_control.h
[3.449s] -- Up-to-date: /home/nicxe/ros2_ws/install/crazyflie_ros2_interfaces/lib/libcrazyflie_ros2_interfaces__rosidl_typesupport_introspection_c.so
[3.469s] -- Up-to-date: /home/nicxe/ros2_ws/install/crazyflie_ros2_interfaces/lib/libcrazyflie_ros2_interfaces__rosidl_typesupport_c.so
[3.469s] -- Up-to-date: /home/nicxe/ros2_ws/install/crazyflie_ros2_interfaces/include/crazyflie_ros2_interfaces
[3.469s] -- Up-to-date: /home/nicxe/ros2_ws/install/crazyflie_ros2_interfaces/include/crazyflie_ros2_interfaces/action
[3.469s] -- Up-to-date: /home/nicxe/ros2_ws/install/crazyflie_ros2_interfaces/include/crazyflie_ros2_interfaces/action/detail
[3.469s] -- Up-to-date: /home/nicxe/ros2_ws/install/crazyflie_ros2_interfaces/include/crazyflie_ros2_interfaces/action/detail/multi_ranger_scan__builder.hpp
[3.469s] -- Up-to-date: /home/nicxe/ros2_ws/install/crazyflie_ros2_interfaces/include/crazyflie_ros2_interfaces/action/detail/multi_ranger_scan__struct.hpp
[3.469s] -- Up-to-date: /home/nicxe/ros2_ws/install/crazyflie_ros2_interfaces/include/crazyflie_ros2_interfaces/action/detail/multi_ranger_scan__traits.hpp
[3.469s] -- Up-to-date: /home/nicxe/ros2_ws/install/crazyflie_ros2_interfaces/include/crazyflie_ros2_interfaces/action/multi_ranger_scan.hpp
[3.469s] -- Up-to-date: /home/nicxe/ros2_ws/install/crazyflie_ros2_interfaces/include/crazyflie_ros2_interfaces
[3.469s] -- Up-to-date: /home/nicxe/ros2_ws/install/crazyflie_ros2_interfaces/include/crazyflie_ros2_interfaces/action
[3.469s] -- Up-to-date: /home/nicxe/ros2_ws/install/crazyflie_ros2_interfaces/include/crazyflie_ros2_interfaces/action/detail
[3.469s] -- Up-to-date: /home/nicxe/ros2_ws/install/crazyflie_ros2_interfaces/include/crazyflie_ros2_interfaces/action/detail/multi_ranger_scan__type_support.cpp
[3.469s] -- Up-to-date: /home/nicxe/ros2_ws/install/crazyflie_ros2_interfaces/include/crazyflie_ros2_interfaces/action/detail/multi_ranger_scan__rosidl_typesupport_introspection_cpp.hpp
[3.474s] -- Up-to-date: /home/nicxe/ros2_ws/install/crazyflie_ros2_interfaces/lib/libcrazyflie_ros2_interfaces__rosidl_typesupport_introspection_cpp.so
[3.492s] -- Up-to-date: /home/nicxe/ros2_ws/install/crazyflie_ros2_interfaces/lib/libcrazyflie_ros2_interfaces__rosidl_typesupport_cpp.so
[3.492s] -- Up-to-date: /home/nicxe/ros2_ws/install/crazyflie_ros2_interfaces/share/crazyflie_ros2_interfaces/environment/pythonpath.sh
[3.493s] -- Up-to-date: /home/nicxe/ros2_ws/install/crazyflie_ros2_interfaces/share/crazyflie_ros2_interfaces/environment/pythonpath.dsv
[3.493s] -- Up-to-date: /home/nicxe/ros2_ws/install/crazyflie_ros2_interfaces/lib/python3.8/site-packages/crazyflie_ros2_interfaces/__init__.py
[3.560s] -- Up-to-date: /home/nicxe/ros2_ws/install/crazyflie_ros2_interfaces/lib/python3.8/site-packages/crazyflie_ros2_interfaces/action
[3.574s] -- Up-to-date: /home/nicxe/ros2_ws/install/crazyflie_ros2_interfaces/lib/python3.8/site-packages/crazyflie_ros2_interfaces/action/_multi_ranger_scan.py
[3.574s] -- Up-to-date: /home/nicxe/ros2_ws/install/crazyflie_ros2_interfaces/lib/python3.8/site-packages/crazyflie_ros2_interfaces/action/_multi_ranger_scan_s.c
[3.574s] -- Up-to-date: /home/nicxe/ros2_ws/install/crazyflie_ros2_interfaces/lib/python3.8/site-packages/crazyflie_ros2_interfaces/action/__init__.py
[3.627s] -- Up-to-date: /home/nicxe/ros2_ws/install/crazyflie_ros2_interfaces/lib/python3.8/site-packages/crazyflie_ros2_interfaces/crazyflie_ros2_interfaces_s__rosidl_typesupport_fastrtps_c.cpython-38-x86_64-linux-gnu.so
[3.665s] -- Up-to-date: /home/nicxe/ros2_ws/install/crazyflie_ros2_interfaces/lib/python3.8/site-packages/crazyflie_ros2_interfaces/crazyflie_ros2_interfaces_s__rosidl_typesupport_introspection_c.cpython-38-x86_64-linux-gnu.so
[3.671s] -- Up-to-date: /home/nicxe/ros2_ws/install/crazyflie_ros2_interfaces/lib/python3.8/site-packages/crazyflie_ros2_interfaces/crazyflie_ros2_interfaces_s__rosidl_typesupport_c.cpython-38-x86_64-linux-gnu.so
[3.694s] -- Up-to-date: /home/nicxe/ros2_ws/install/crazyflie_ros2_interfaces/lib/libcrazyflie_ros2_interfaces__python.so
[3.741s] -- Up-to-date: /home/nicxe/ros2_ws/install/crazyflie_ros2_interfaces/share/crazyflie_ros2_interfaces/action/MultiRangerScan.idl
[3.741s] -- Up-to-date: /home/nicxe/ros2_ws/install/crazyflie_ros2_interfaces/share/crazyflie_ros2_interfaces/action/MultiRangerScan.action
[3.741s] -- Up-to-date: /home/nicxe/ros2_ws/install/crazyflie_ros2_interfaces/share/ament_index/resource_index/package_run_dependencies/crazyflie_ros2_interfaces
[3.742s] -- Up-to-date: /home/nicxe/ros2_ws/install/crazyflie_ros2_interfaces/share/ament_index/resource_index/parent_prefix_path/crazyflie_ros2_interfaces
[3.743s] -- Up-to-date: /home/nicxe/ros2_ws/install/crazyflie_ros2_interfaces/share/crazyflie_ros2_interfaces/environment/ament_prefix_path.sh
[3.743s] -- Up-to-date: /home/nicxe/ros2_ws/install/crazyflie_ros2_interfaces/share/crazyflie_ros2_interfaces/environment/ament_prefix_path.dsv
[3.743s] -- Up-to-date: /home/nicxe/ros2_ws/install/crazyflie_ros2_interfaces/share/crazyflie_ros2_interfaces/environment/path.sh
[3.743s] -- Up-to-date: /home/nicxe/ros2_ws/install/crazyflie_ros2_interfaces/share/crazyflie_ros2_interfaces/environment/path.dsv
[3.743s] -- Up-to-date: /home/nicxe/ros2_ws/install/crazyflie_ros2_interfaces/share/crazyflie_ros2_interfaces/local_setup.bash
[3.743s] -- Up-to-date: /home/nicxe/ros2_ws/install/crazyflie_ros2_interfaces/share/crazyflie_ros2_interfaces/local_setup.sh
[3.743s] -- Up-to-date: /home/nicxe/ros2_ws/install/crazyflie_ros2_interfaces/share/crazyflie_ros2_interfaces/local_setup.zsh
[3.743s] -- Up-to-date: /home/nicxe/ros2_ws/install/crazyflie_ros2_interfaces/share/crazyflie_ros2_interfaces/local_setup.dsv
[3.743s] -- Installing: /home/nicxe/ros2_ws/install/crazyflie_ros2_interfaces/share/crazyflie_ros2_interfaces/package.dsv
[3.754s] -- Up-to-date: /home/nicxe/ros2_ws/install/crazyflie_ros2_interfaces/share/ament_index/resource_index/packages/crazyflie_ros2_interfaces
[3.876s] -- Up-to-date: /home/nicxe/ros2_ws/install/crazyflie_ros2_interfaces/share/crazyflie_ros2_interfaces/cmake/crazyflie_ros2_interfaces__rosidl_generator_cExport.cmake
[3.876s] -- Up-to-date: /home/nicxe/ros2_ws/install/crazyflie_ros2_interfaces/share/crazyflie_ros2_interfaces/cmake/crazyflie_ros2_interfaces__rosidl_generator_cExport-noconfig.cmake
[3.876s] -- Up-to-date: /home/nicxe/ros2_ws/install/crazyflie_ros2_interfaces/share/crazyflie_ros2_interfaces/cmake/crazyflie_ros2_interfaces__rosidl_typesupport_introspection_cExport.cmake
[3.876s] -- Up-to-date: /home/nicxe/ros2_ws/install/crazyflie_ros2_interfaces/share/crazyflie_ros2_interfaces/cmake/crazyflie_ros2_interfaces__rosidl_typesupport_introspection_cExport-noconfig.cmake
[3.889s] -- Up-to-date: /home/nicxe/ros2_ws/install/crazyflie_ros2_interfaces/share/crazyflie_ros2_interfaces/cmake/crazyflie_ros2_interfaces__rosidl_typesupport_cExport.cmake
[3.890s] -- Up-to-date: /home/nicxe/ros2_ws/install/crazyflie_ros2_interfaces/share/crazyflie_ros2_interfaces/cmake/crazyflie_ros2_interfaces__rosidl_typesupport_cExport-noconfig.cmake
[3.905s] -- Up-to-date: /home/nicxe/ros2_ws/install/crazyflie_ros2_interfaces/share/crazyflie_ros2_interfaces/cmake/crazyflie_ros2_interfaces__rosidl_generator_cppExport.cmake
[3.923s] -- Up-to-date: /home/nicxe/ros2_ws/install/crazyflie_ros2_interfaces/share/crazyflie_ros2_interfaces/cmake/crazyflie_ros2_interfaces__rosidl_typesupport_introspection_cppExport.cmake
[3.924s] -- Up-to-date: /home/nicxe/ros2_ws/install/crazyflie_ros2_interfaces/share/crazyflie_ros2_interfaces/cmake/crazyflie_ros2_interfaces__rosidl_typesupport_introspection_cppExport-noconfig.cmake
[3.931s] -- Up-to-date: /home/nicxe/ros2_ws/install/crazyflie_ros2_interfaces/share/crazyflie_ros2_interfaces/cmake/crazyflie_ros2_interfaces__rosidl_typesupport_cppExport.cmake
[3.932s] -- Up-to-date: /home/nicxe/ros2_ws/install/crazyflie_ros2_interfaces/share/crazyflie_ros2_interfaces/cmake/crazyflie_ros2_interfaces__rosidl_typesupport_cppExport-noconfig.cmake
[3.933s] -- Up-to-date: /home/nicxe/ros2_ws/install/crazyflie_ros2_interfaces/share/crazyflie_ros2_interfaces/cmake/rosidl_cmake-extras.cmake
[3.933s] -- Up-to-date: /home/nicxe/ros2_ws/install/crazyflie_ros2_interfaces/share/crazyflie_ros2_interfaces/cmake/ament_cmake_export_dependencies-extras.cmake
[3.933s] -- Up-to-date: /home/nicxe/ros2_ws/install/crazyflie_ros2_interfaces/share/crazyflie_ros2_interfaces/cmake/ament_cmake_export_libraries-extras.cmake
[3.933s] -- Up-to-date: /home/nicxe/ros2_ws/install/crazyflie_ros2_interfaces/share/crazyflie_ros2_interfaces/cmake/ament_cmake_export_targets-extras.cmake
[3.934s] -- Up-to-date: /home/nicxe/ros2_ws/install/crazyflie_ros2_interfaces/share/crazyflie_ros2_interfaces/cmake/ament_cmake_export_include_directories-extras.cmake
[3.934s] -- Up-to-date: /home/nicxe/ros2_ws/install/crazyflie_ros2_interfaces/share/crazyflie_ros2_interfaces/cmake/rosidl_cmake_export_typesupport_libraries-extras.cmake
[3.934s] -- Up-to-date: /home/nicxe/ros2_ws/install/crazyflie_ros2_interfaces/share/crazyflie_ros2_interfaces/cmake/rosidl_cmake_export_typesupport_targets-extras.cmake
[3.935s] -- Up-to-date: /home/nicxe/ros2_ws/install/crazyflie_ros2_interfaces/share/crazyflie_ros2_interfaces/cmake/crazyflie_ros2_interfacesConfig.cmake
[3.935s] -- Up-to-date: /home/nicxe/ros2_ws/install/crazyflie_ros2_interfaces/share/crazyflie_ros2_interfaces/cmake/crazyflie_ros2_interfacesConfig-version.cmake
[3.935s] -- Up-to-date: /home/nicxe/ros2_ws/install/crazyflie_ros2_interfaces/share/crazyflie_ros2_interfaces/package.xml
[4.001s] Invoked command in '/home/nicxe/ros2_ws/build/crazyflie_ros2_interfaces' returned '0': CMAKE_PREFIX_PATH=${CMAKE_PREFIX_PATH}:/home/nicxe/ros2_ws/install/my_package:/home/nicxe/ros2_ws/install/crazyflie_simulation:/home/nicxe/ros2_ws/install/crazyflie_ros2_simulation:/home/nicxe/ros2_ws/install/crazyflie_ros2_simple_mapper:/home/nicxe/ros2_ws/install/crazyflie_ros2_scan:/home/nicxe/ros2_ws/install/crazyflie_ros2:/home/nicxe/ros2_ws/install/crazyflie_py:/opt/ros/galactic /usr/bin/cmake --install /home/nicxe/ros2_ws/build/crazyflie_ros2_interfaces
