[0.236s] Invoking command in '/home/nicxe/ros2_ws/build/crazyflie_ros2_description': CMAKE_PREFIX_PATH=${CMAKE_PREFIX_PATH}:/home/nicxe/ros2_ws/install/my_package:/home/nicxe/ros2_ws/install/crazyflie_simulation:/home/nicxe/ros2_ws/install/crazyflie_ros2_simulation:/home/nicxe/ros2_ws/install/crazyflie_ros2_simple_mapper:/home/nicxe/ros2_ws/install/crazyflie_ros2_scan:/home/nicxe/ros2_ws/install/crazyflie_ros2:/home/nicxe/ros2_ws/install/crazyflie_py:/opt/ros/galactic /usr/bin/cmake --build /home/nicxe/ros2_ws/build/crazyflie_ros2_description -- -j8 -l8
[0.620s] Invoked command in '/home/nicxe/ros2_ws/build/crazyflie_ros2_description' returned '0': CMAKE_PREFIX_PATH=${CMAKE_PREFIX_PATH}:/home/nicxe/ros2_ws/install/my_package:/home/nicxe/ros2_ws/install/crazyflie_simulation:/home/nicxe/ros2_ws/install/crazyflie_ros2_simulation:/home/nicxe/ros2_ws/install/crazyflie_ros2_simple_mapper:/home/nicxe/ros2_ws/install/crazyflie_ros2_scan:/home/nicxe/ros2_ws/install/crazyflie_ros2:/home/nicxe/ros2_ws/install/crazyflie_py:/opt/ros/galactic /usr/bin/cmake --build /home/nicxe/ros2_ws/build/crazyflie_ros2_description -- -j8 -l8
[0.645s] Invoking command in '/home/nicxe/ros2_ws/build/crazyflie_ros2_description': CMAKE_PREFIX_PATH=${CMAKE_PREFIX_PATH}:/home/nicxe/ros2_ws/install/my_package:/home/nicxe/ros2_ws/install/crazyflie_simulation:/home/nicxe/ros2_ws/install/crazyflie_ros2_simulation:/home/nicxe/ros2_ws/install/crazyflie_ros2_simple_mapper:/home/nicxe/ros2_ws/install/crazyflie_ros2_scan:/home/nicxe/ros2_ws/install/crazyflie_ros2:/home/nicxe/ros2_ws/install/crazyflie_py:/opt/ros/galactic /usr/bin/cmake --install /home/nicxe/ros2_ws/build/crazyflie_ros2_description
[0.653s] -- Install configuration: ""
[0.654s] -- Up-to-date: /home/nicxe/ros2_ws/install/crazyflie_ros2_description/share/crazyflie_ros2_description/launch
[0.654s] -- Up-to-date: /home/nicxe/ros2_ws/install/crazyflie_ros2_description/share/crazyflie_ros2_description/launch/rviz_launch.py
[0.654s] -- Up-to-date: /home/nicxe/ros2_ws/install/crazyflie_ros2_description/share/crazyflie_ros2_description/urdf
[0.654s] -- Up-to-date: /home/nicxe/ros2_ws/install/crazyflie_ros2_description/share/crazyflie_ros2_description/urdf/crazyflie_description.urdf
[0.654s] -- Up-to-date: /home/nicxe/ros2_ws/install/crazyflie_ros2_description/share/crazyflie_ros2_description/rviz
[0.655s] -- Up-to-date: /home/nicxe/ros2_ws/install/crazyflie_ros2_description/share/crazyflie_ros2_description/rviz/crazyflie.rviz
[0.655s] -- Up-to-date: /home/nicxe/ros2_ws/install/crazyflie_ros2_description/share/crazyflie_ros2_description/meshes
[0.655s] -- Up-to-date: /home/nicxe/ros2_ws/install/crazyflie_ros2_description/share/crazyflie_ros2_description/meshes/ccw_prop.dae
[0.656s] -- Up-to-date: /home/nicxe/ros2_ws/install/crazyflie_ros2_description/share/crazyflie_ros2_description/meshes/cf2_assembly.dae
[0.656s] -- Up-to-date: /home/nicxe/ros2_ws/install/crazyflie_ros2_description/share/crazyflie_ros2_description/meshes/cf2_assembly.stl
[0.656s] -- Up-to-date: /home/nicxe/ros2_ws/install/crazyflie_ros2_description/share/crazyflie_ros2_description/meshes/cw_prop.dae
[0.656s] -- Up-to-date: /home/nicxe/ros2_ws/install/crazyflie_ros2_description/share/ament_index/resource_index/package_run_dependencies/crazyflie_ros2_description
[0.656s] -- Up-to-date: /home/nicxe/ros2_ws/install/crazyflie_ros2_description/share/ament_index/resource_index/parent_prefix_path/crazyflie_ros2_description
[0.656s] -- Up-to-date: /home/nicxe/ros2_ws/install/crazyflie_ros2_description/share/crazyflie_ros2_description/environment/ament_prefix_path.sh
[0.656s] -- Up-to-date: /home/nicxe/ros2_ws/install/crazyflie_ros2_description/share/crazyflie_ros2_description/environment/ament_prefix_path.dsv
[0.656s] -- Up-to-date: /home/nicxe/ros2_ws/install/crazyflie_ros2_description/share/crazyflie_ros2_description/environment/path.sh
[0.656s] -- Up-to-date: /home/nicxe/ros2_ws/install/crazyflie_ros2_description/share/crazyflie_ros2_description/environment/path.dsv
[0.656s] -- Up-to-date: /home/nicxe/ros2_ws/install/crazyflie_ros2_description/share/crazyflie_ros2_description/local_setup.bash
[0.656s] -- Up-to-date: /home/nicxe/ros2_ws/install/crazyflie_ros2_description/share/crazyflie_ros2_description/local_setup.sh
[0.657s] -- Up-to-date: /home/nicxe/ros2_ws/install/crazyflie_ros2_description/share/crazyflie_ros2_description/local_setup.zsh
[0.657s] -- Up-to-date: /home/nicxe/ros2_ws/install/crazyflie_ros2_description/share/crazyflie_ros2_description/local_setup.dsv
[0.657s] -- Installing: /home/nicxe/ros2_ws/install/crazyflie_ros2_description/share/crazyflie_ros2_description/package.dsv
[0.657s] -- Up-to-date: /home/nicxe/ros2_ws/install/crazyflie_ros2_description/share/ament_index/resource_index/packages/crazyflie_ros2_description
[0.657s] -- Up-to-date: /home/nicxe/ros2_ws/install/crazyflie_ros2_description/share/crazyflie_ros2_description/cmake/crazyflie_ros2_descriptionConfig.cmake
[0.657s] -- Up-to-date: /home/nicxe/ros2_ws/install/crazyflie_ros2_description/share/crazyflie_ros2_description/cmake/crazyflie_ros2_descriptionConfig-version.cmake
[0.657s] -- Up-to-date: /home/nicxe/ros2_ws/install/crazyflie_ros2_description/share/crazyflie_ros2_description/package.xml
[0.677s] Invoked command in '/home/nicxe/ros2_ws/build/crazyflie_ros2_description' returned '0': CMAKE_PREFIX_PATH=${CMAKE_PREFIX_PATH}:/home/nicxe/ros2_ws/install/my_package:/home/nicxe/ros2_ws/install/crazyflie_simulation:/home/nicxe/ros2_ws/install/crazyflie_ros2_simulation:/home/nicxe/ros2_ws/install/crazyflie_ros2_simple_mapper:/home/nicxe/ros2_ws/install/crazyflie_ros2_scan:/home/nicxe/ros2_ws/install/crazyflie_ros2:/home/nicxe/ros2_ws/install/crazyflie_py:/opt/ros/galactic /usr/bin/cmake --install /home/nicxe/ros2_ws/build/crazyflie_ros2_description
