[0.321s] Invoking command in '/home/tdeng23/ros2_ws/build/crazyflie_ros2_interfaces': CMAKE_PREFIX_PATH=/opt/ros/galactic /home/tdeng23/.local/bin/cmake --build /home/tdeng23/ros2_ws/build/crazyflie_ros2_interfaces -- -j8 -l8
[0.821s] [  3%] Built target crazyflie_ros2_interfaces__cpp
[0.821s] [ 12%] Built target crazyflie_ros2_interfaces__rosidl_generator_c
[0.821s] [ 22%] Built target crazyflie_ros2_interfaces__rosidl_typesupport_introspection_cpp
[0.821s] [ 32%] Built target crazyflie_ros2_interfaces__rosidl_typesupport_c
[0.821s] [ 48%] Built target crazyflie_ros2_interfaces__rosidl_typesupport_fastrtps_cpp
[0.821s] [ 51%] Built target crazyflie_ros2_interfaces__rosidl_typesupport_cpp
[0.821s] [ 61%] Built target crazyflie_ros2_interfaces__rosidl_typesupport_introspection_c
[0.821s] [ 70%] Built target crazyflie_ros2_interfaces__rosidl_typesupport_fastrtps_c
[0.821s] [ 70%] Built target crazyflie_ros2_interfaces
[0.821s] [ 74%] Built target crazyflie_ros2_interfaces__py
[0.821s] [ 80%] Built target crazyflie_ros2_interfaces__python
[0.821s] [ 87%] Built target crazyflie_ros2_interfaces__rosidl_typesupport_c__pyext
[0.821s] [ 93%] Built target crazyflie_ros2_interfaces__rosidl_typesupport_introspection_c__pyext
[0.822s] [100%] Built target crazyflie_ros2_interfaces__rosidl_typesupport_fastrtps_c__pyext
[0.827s] Invoked command in '/home/tdeng23/ros2_ws/build/crazyflie_ros2_interfaces' returned '0': CMAKE_PREFIX_PATH=/opt/ros/galactic /home/tdeng23/.local/bin/cmake --build /home/tdeng23/ros2_ws/build/crazyflie_ros2_interfaces -- -j8 -l8
[0.934s] Invoking command in '/home/tdeng23/ros2_ws/build/crazyflie_ros2_interfaces': CMAKE_PREFIX_PATH=/opt/ros/galactic /home/tdeng23/.local/bin/cmake --install /home/tdeng23/ros2_ws/build/crazyflie_ros2_interfaces
[0.975s] -- Install configuration: ""
[0.975s] -- Up-to-date: /home/tdeng23/ros2_ws/install/crazyflie_ros2_interfaces/share/ament_index/resource_index/rosidl_interfaces/crazyflie_ros2_interfaces
[0.976s] -- Up-to-date: /home/tdeng23/ros2_ws/install/crazyflie_ros2_interfaces/include/crazyflie_ros2_interfaces
[0.976s] -- Up-to-date: /home/tdeng23/ros2_ws/install/crazyflie_ros2_interfaces/include/crazyflie_ros2_interfaces/action
[0.976s] -- Up-to-date: /home/tdeng23/ros2_ws/install/crazyflie_ros2_interfaces/include/crazyflie_ros2_interfaces/action/multi_ranger_scan.h
[0.976s] -- Up-to-date: /home/tdeng23/ros2_ws/install/crazyflie_ros2_interfaces/include/crazyflie_ros2_interfaces/action/detail
[0.976s] -- Up-to-date: /home/tdeng23/ros2_ws/install/crazyflie_ros2_interfaces/include/crazyflie_ros2_interfaces/action/detail/multi_ranger_scan__struct.h
[0.976s] -- Up-to-date: /home/tdeng23/ros2_ws/install/crazyflie_ros2_interfaces/include/crazyflie_ros2_interfaces/action/detail/multi_ranger_scan__functions.c
[0.977s] -- Up-to-date: /home/tdeng23/ros2_ws/install/crazyflie_ros2_interfaces/include/crazyflie_ros2_interfaces/action/detail/multi_ranger_scan__functions.h
[0.977s] -- Up-to-date: /home/tdeng23/ros2_ws/install/crazyflie_ros2_interfaces/include/crazyflie_ros2_interfaces/action/detail/multi_ranger_scan__type_support.h
[0.977s] -- Up-to-date: /home/tdeng23/ros2_ws/install/crazyflie_ros2_interfaces/include/crazyflie_ros2_interfaces/msg
[0.977s] -- Up-to-date: /home/tdeng23/ros2_ws/install/crazyflie_ros2_interfaces/include/crazyflie_ros2_interfaces/msg/rosidl_generator_c__visibility_control.h
[0.977s] -- Up-to-date: /home/tdeng23/ros2_ws/install/crazyflie_ros2_interfaces/share/crazyflie_ros2_interfaces/environment/library_path.sh
[0.977s] -- Up-to-date: /home/tdeng23/ros2_ws/install/crazyflie_ros2_interfaces/share/crazyflie_ros2_interfaces/environment/library_path.dsv
[0.984s] -- Up-to-date: /home/tdeng23/ros2_ws/install/crazyflie_ros2_interfaces/lib/libcrazyflie_ros2_interfaces__rosidl_generator_c.so
[0.985s] -- Up-to-date: /home/tdeng23/ros2_ws/install/crazyflie_ros2_interfaces/include/crazyflie_ros2_interfaces
[0.985s] -- Up-to-date: /home/tdeng23/ros2_ws/install/crazyflie_ros2_interfaces/include/crazyflie_ros2_interfaces/action
[0.985s] -- Up-to-date: /home/tdeng23/ros2_ws/install/crazyflie_ros2_interfaces/include/crazyflie_ros2_interfaces/action/detail
[0.985s] -- Up-to-date: /home/tdeng23/ros2_ws/install/crazyflie_ros2_interfaces/include/crazyflie_ros2_interfaces/action/detail/multi_ranger_scan__rosidl_typesupport_fastrtps_c.h
[0.985s] -- Up-to-date: /home/tdeng23/ros2_ws/install/crazyflie_ros2_interfaces/include/crazyflie_ros2_interfaces/msg
[0.985s] -- Up-to-date: /home/tdeng23/ros2_ws/install/crazyflie_ros2_interfaces/include/crazyflie_ros2_interfaces/msg/rosidl_typesupport_fastrtps_c__visibility_control.h
[0.987s] -- Up-to-date: /home/tdeng23/ros2_ws/install/crazyflie_ros2_interfaces/lib/libcrazyflie_ros2_interfaces__rosidl_typesupport_fastrtps_c.so
[0.987s] -- Up-to-date: /home/tdeng23/ros2_ws/install/crazyflie_ros2_interfaces/include/crazyflie_ros2_interfaces
[0.987s] -- Up-to-date: /home/tdeng23/ros2_ws/install/crazyflie_ros2_interfaces/include/crazyflie_ros2_interfaces/action
[0.987s] -- Up-to-date: /home/tdeng23/ros2_ws/install/crazyflie_ros2_interfaces/include/crazyflie_ros2_interfaces/action/detail
[0.987s] -- Up-to-date: /home/tdeng23/ros2_ws/install/crazyflie_ros2_interfaces/include/crazyflie_ros2_interfaces/action/detail/multi_ranger_scan__rosidl_typesupport_fastrtps_cpp.hpp
[0.987s] -- Up-to-date: /home/tdeng23/ros2_ws/install/crazyflie_ros2_interfaces/include/crazyflie_ros2_interfaces/action/detail/dds_fastrtps
[0.987s] -- Up-to-date: /home/tdeng23/ros2_ws/install/crazyflie_ros2_interfaces/include/crazyflie_ros2_interfaces/msg
[0.987s] -- Up-to-date: /home/tdeng23/ros2_ws/install/crazyflie_ros2_interfaces/include/crazyflie_ros2_interfaces/msg/rosidl_typesupport_fastrtps_cpp__visibility_control.h
[0.987s] -- Up-to-date: /home/tdeng23/ros2_ws/install/crazyflie_ros2_interfaces/lib/libcrazyflie_ros2_interfaces__rosidl_typesupport_fastrtps_cpp.so
[0.988s] -- Up-to-date: /home/tdeng23/ros2_ws/install/crazyflie_ros2_interfaces/include/crazyflie_ros2_interfaces
[0.988s] -- Up-to-date: /home/tdeng23/ros2_ws/install/crazyflie_ros2_interfaces/include/crazyflie_ros2_interfaces/action
[0.988s] -- Up-to-date: /home/tdeng23/ros2_ws/install/crazyflie_ros2_interfaces/include/crazyflie_ros2_interfaces/action/detail
[0.988s] -- Up-to-date: /home/tdeng23/ros2_ws/install/crazyflie_ros2_interfaces/include/crazyflie_ros2_interfaces/action/detail/multi_ranger_scan__rosidl_typesupport_introspection_c.h
[0.988s] -- Up-to-date: /home/tdeng23/ros2_ws/install/crazyflie_ros2_interfaces/include/crazyflie_ros2_interfaces/action/detail/multi_ranger_scan__type_support.c
[0.988s] -- Up-to-date: /home/tdeng23/ros2_ws/install/crazyflie_ros2_interfaces/include/crazyflie_ros2_interfaces/msg
[0.988s] -- Up-to-date: /home/tdeng23/ros2_ws/install/crazyflie_ros2_interfaces/include/crazyflie_ros2_interfaces/msg/rosidl_typesupport_introspection_c__visibility_control.h
[0.988s] -- Up-to-date: /home/tdeng23/ros2_ws/install/crazyflie_ros2_interfaces/lib/libcrazyflie_ros2_interfaces__rosidl_typesupport_introspection_c.so
[0.988s] -- Up-to-date: /home/tdeng23/ros2_ws/install/crazyflie_ros2_interfaces/lib/libcrazyflie_ros2_interfaces__rosidl_typesupport_c.so
[0.988s] -- Up-to-date: /home/tdeng23/ros2_ws/install/crazyflie_ros2_interfaces/include/crazyflie_ros2_interfaces
[0.988s] -- Up-to-date: /home/tdeng23/ros2_ws/install/crazyflie_ros2_interfaces/include/crazyflie_ros2_interfaces/action
[0.988s] -- Up-to-date: /home/tdeng23/ros2_ws/install/crazyflie_ros2_interfaces/include/crazyflie_ros2_interfaces/action/detail
[0.989s] -- Up-to-date: /home/tdeng23/ros2_ws/install/crazyflie_ros2_interfaces/include/crazyflie_ros2_interfaces/action/detail/multi_ranger_scan__traits.hpp
[0.989s] -- Up-to-date: /home/tdeng23/ros2_ws/install/crazyflie_ros2_interfaces/include/crazyflie_ros2_interfaces/action/detail/multi_ranger_scan__struct.hpp
[0.989s] -- Up-to-date: /home/tdeng23/ros2_ws/install/crazyflie_ros2_interfaces/include/crazyflie_ros2_interfaces/action/detail/multi_ranger_scan__builder.hpp
[0.989s] -- Up-to-date: /home/tdeng23/ros2_ws/install/crazyflie_ros2_interfaces/include/crazyflie_ros2_interfaces/action/multi_ranger_scan.hpp
[0.989s] -- Up-to-date: /home/tdeng23/ros2_ws/install/crazyflie_ros2_interfaces/include/crazyflie_ros2_interfaces
[0.989s] -- Up-to-date: /home/tdeng23/ros2_ws/install/crazyflie_ros2_interfaces/include/crazyflie_ros2_interfaces/action
[0.989s] -- Up-to-date: /home/tdeng23/ros2_ws/install/crazyflie_ros2_interfaces/include/crazyflie_ros2_interfaces/action/detail
[0.989s] -- Up-to-date: /home/tdeng23/ros2_ws/install/crazyflie_ros2_interfaces/include/crazyflie_ros2_interfaces/action/detail/multi_ranger_scan__rosidl_typesupport_introspection_cpp.hpp
[0.989s] -- Up-to-date: /home/tdeng23/ros2_ws/install/crazyflie_ros2_interfaces/include/crazyflie_ros2_interfaces/action/detail/multi_ranger_scan__type_support.cpp
[0.989s] -- Up-to-date: /home/tdeng23/ros2_ws/install/crazyflie_ros2_interfaces/lib/libcrazyflie_ros2_interfaces__rosidl_typesupport_introspection_cpp.so
[0.989s] -- Up-to-date: /home/tdeng23/ros2_ws/install/crazyflie_ros2_interfaces/lib/libcrazyflie_ros2_interfaces__rosidl_typesupport_cpp.so
[0.989s] -- Up-to-date: /home/tdeng23/ros2_ws/install/crazyflie_ros2_interfaces/share/crazyflie_ros2_interfaces/environment/pythonpath.sh
[0.990s] -- Up-to-date: /home/tdeng23/ros2_ws/install/crazyflie_ros2_interfaces/share/crazyflie_ros2_interfaces/environment/pythonpath.dsv
[0.990s] -- Up-to-date: /home/tdeng23/ros2_ws/install/crazyflie_ros2_interfaces/lib/python3.8/site-packages/crazyflie_ros2_interfaces/__init__.py
[1.036s] -- Up-to-date: /home/tdeng23/ros2_ws/install/crazyflie_ros2_interfaces/lib/python3.8/site-packages/crazyflie_ros2_interfaces/action
[1.036s] -- Up-to-date: /home/tdeng23/ros2_ws/install/crazyflie_ros2_interfaces/lib/python3.8/site-packages/crazyflie_ros2_interfaces/action/_multi_ranger_scan.py
[1.036s] -- Up-to-date: /home/tdeng23/ros2_ws/install/crazyflie_ros2_interfaces/lib/python3.8/site-packages/crazyflie_ros2_interfaces/action/_multi_ranger_scan_s.c
[1.036s] -- Up-to-date: /home/tdeng23/ros2_ws/install/crazyflie_ros2_interfaces/lib/python3.8/site-packages/crazyflie_ros2_interfaces/action/__init__.py
[1.037s] -- Up-to-date: /home/tdeng23/ros2_ws/install/crazyflie_ros2_interfaces/lib/python3.8/site-packages/crazyflie_ros2_interfaces/crazyflie_ros2_interfaces_s__rosidl_typesupport_fastrtps_c.cpython-38-x86_64-linux-gnu.so
[1.048s] -- Up-to-date: /home/tdeng23/ros2_ws/install/crazyflie_ros2_interfaces/lib/python3.8/site-packages/crazyflie_ros2_interfaces/crazyflie_ros2_interfaces_s__rosidl_typesupport_introspection_c.cpython-38-x86_64-linux-gnu.so
[1.048s] -- Up-to-date: /home/tdeng23/ros2_ws/install/crazyflie_ros2_interfaces/lib/python3.8/site-packages/crazyflie_ros2_interfaces/crazyflie_ros2_interfaces_s__rosidl_typesupport_c.cpython-38-x86_64-linux-gnu.so
[1.048s] -- Up-to-date: /home/tdeng23/ros2_ws/install/crazyflie_ros2_interfaces/lib/libcrazyflie_ros2_interfaces__python.so
[1.048s] -- Up-to-date: /home/tdeng23/ros2_ws/install/crazyflie_ros2_interfaces/share/crazyflie_ros2_interfaces/action/MultiRangerScan.idl
[1.048s] -- Up-to-date: /home/tdeng23/ros2_ws/install/crazyflie_ros2_interfaces/share/crazyflie_ros2_interfaces/action/MultiRangerScan.action
[1.049s] -- Up-to-date: /home/tdeng23/ros2_ws/install/crazyflie_ros2_interfaces/share/ament_index/resource_index/package_run_dependencies/crazyflie_ros2_interfaces
[1.049s] -- Up-to-date: /home/tdeng23/ros2_ws/install/crazyflie_ros2_interfaces/share/ament_index/resource_index/parent_prefix_path/crazyflie_ros2_interfaces
[1.049s] -- Up-to-date: /home/tdeng23/ros2_ws/install/crazyflie_ros2_interfaces/share/crazyflie_ros2_interfaces/environment/ament_prefix_path.sh
[1.049s] -- Up-to-date: /home/tdeng23/ros2_ws/install/crazyflie_ros2_interfaces/share/crazyflie_ros2_interfaces/environment/ament_prefix_path.dsv
[1.049s] -- Up-to-date: /home/tdeng23/ros2_ws/install/crazyflie_ros2_interfaces/share/crazyflie_ros2_interfaces/environment/path.sh
[1.049s] -- Up-to-date: /home/tdeng23/ros2_ws/install/crazyflie_ros2_interfaces/share/crazyflie_ros2_interfaces/environment/path.dsv
[1.049s] -- Up-to-date: /home/tdeng23/ros2_ws/install/crazyflie_ros2_interfaces/share/crazyflie_ros2_interfaces/local_setup.bash
[1.049s] -- Up-to-date: /home/tdeng23/ros2_ws/install/crazyflie_ros2_interfaces/share/crazyflie_ros2_interfaces/local_setup.sh
[1.050s] -- Up-to-date: /home/tdeng23/ros2_ws/install/crazyflie_ros2_interfaces/share/crazyflie_ros2_interfaces/local_setup.zsh
[1.050s] -- Up-to-date: /home/tdeng23/ros2_ws/install/crazyflie_ros2_interfaces/share/crazyflie_ros2_interfaces/local_setup.dsv
[1.050s] -- Installing: /home/tdeng23/ros2_ws/install/crazyflie_ros2_interfaces/share/crazyflie_ros2_interfaces/package.dsv
[1.050s] -- Up-to-date: /home/tdeng23/ros2_ws/install/crazyflie_ros2_interfaces/share/ament_index/resource_index/packages/crazyflie_ros2_interfaces
[1.050s] -- Up-to-date: /home/tdeng23/ros2_ws/install/crazyflie_ros2_interfaces/share/crazyflie_ros2_interfaces/cmake/crazyflie_ros2_interfaces__rosidl_generator_cExport.cmake
[1.050s] -- Up-to-date: /home/tdeng23/ros2_ws/install/crazyflie_ros2_interfaces/share/crazyflie_ros2_interfaces/cmake/crazyflie_ros2_interfaces__rosidl_generator_cExport-noconfig.cmake
[1.050s] -- Up-to-date: /home/tdeng23/ros2_ws/install/crazyflie_ros2_interfaces/share/crazyflie_ros2_interfaces/cmake/crazyflie_ros2_interfaces__rosidl_typesupport_introspection_cExport.cmake
[1.050s] -- Up-to-date: /home/tdeng23/ros2_ws/install/crazyflie_ros2_interfaces/share/crazyflie_ros2_interfaces/cmake/crazyflie_ros2_interfaces__rosidl_typesupport_introspection_cExport-noconfig.cmake
[1.050s] -- Up-to-date: /home/tdeng23/ros2_ws/install/crazyflie_ros2_interfaces/share/crazyflie_ros2_interfaces/cmake/crazyflie_ros2_interfaces__rosidl_typesupport_cExport.cmake
[1.051s] -- Up-to-date: /home/tdeng23/ros2_ws/install/crazyflie_ros2_interfaces/share/crazyflie_ros2_interfaces/cmake/crazyflie_ros2_interfaces__rosidl_typesupport_cExport-noconfig.cmake
[1.051s] -- Up-to-date: /home/tdeng23/ros2_ws/install/crazyflie_ros2_interfaces/share/crazyflie_ros2_interfaces/cmake/crazyflie_ros2_interfaces__rosidl_generator_cppExport.cmake
[1.051s] -- Up-to-date: /home/tdeng23/ros2_ws/install/crazyflie_ros2_interfaces/share/crazyflie_ros2_interfaces/cmake/crazyflie_ros2_interfaces__rosidl_typesupport_introspection_cppExport.cmake
[1.051s] -- Up-to-date: /home/tdeng23/ros2_ws/install/crazyflie_ros2_interfaces/share/crazyflie_ros2_interfaces/cmake/crazyflie_ros2_interfaces__rosidl_typesupport_introspection_cppExport-noconfig.cmake
[1.051s] -- Up-to-date: /home/tdeng23/ros2_ws/install/crazyflie_ros2_interfaces/share/crazyflie_ros2_interfaces/cmake/crazyflie_ros2_interfaces__rosidl_typesupport_cppExport.cmake
[1.051s] -- Up-to-date: /home/tdeng23/ros2_ws/install/crazyflie_ros2_interfaces/share/crazyflie_ros2_interfaces/cmake/crazyflie_ros2_interfaces__rosidl_typesupport_cppExport-noconfig.cmake
[1.051s] -- Up-to-date: /home/tdeng23/ros2_ws/install/crazyflie_ros2_interfaces/share/crazyflie_ros2_interfaces/cmake/rosidl_cmake-extras.cmake
[1.051s] -- Up-to-date: /home/tdeng23/ros2_ws/install/crazyflie_ros2_interfaces/share/crazyflie_ros2_interfaces/cmake/ament_cmake_export_dependencies-extras.cmake
[1.051s] -- Up-to-date: /home/tdeng23/ros2_ws/install/crazyflie_ros2_interfaces/share/crazyflie_ros2_interfaces/cmake/ament_cmake_export_libraries-extras.cmake
[1.051s] -- Up-to-date: /home/tdeng23/ros2_ws/install/crazyflie_ros2_interfaces/share/crazyflie_ros2_interfaces/cmake/ament_cmake_export_targets-extras.cmake
[1.052s] -- Up-to-date: /home/tdeng23/ros2_ws/install/crazyflie_ros2_interfaces/share/crazyflie_ros2_interfaces/cmake/ament_cmake_export_include_directories-extras.cmake
[1.052s] -- Up-to-date: /home/tdeng23/ros2_ws/install/crazyflie_ros2_interfaces/share/crazyflie_ros2_interfaces/cmake/rosidl_cmake_export_typesupport_libraries-extras.cmake
[1.052s] -- Up-to-date: /home/tdeng23/ros2_ws/install/crazyflie_ros2_interfaces/share/crazyflie_ros2_interfaces/cmake/rosidl_cmake_export_typesupport_targets-extras.cmake
[1.052s] -- Up-to-date: /home/tdeng23/ros2_ws/install/crazyflie_ros2_interfaces/share/crazyflie_ros2_interfaces/cmake/crazyflie_ros2_interfacesConfig.cmake
[1.053s] -- Up-to-date: /home/tdeng23/ros2_ws/install/crazyflie_ros2_interfaces/share/crazyflie_ros2_interfaces/cmake/crazyflie_ros2_interfacesConfig-version.cmake
[1.053s] -- Up-to-date: /home/tdeng23/ros2_ws/install/crazyflie_ros2_interfaces/share/crazyflie_ros2_interfaces/package.xml
[1.060s] Invoked command in '/home/tdeng23/ros2_ws/build/crazyflie_ros2_interfaces' returned '0': CMAKE_PREFIX_PATH=/opt/ros/galactic /home/tdeng23/.local/bin/cmake --install /home/tdeng23/ros2_ws/build/crazyflie_ros2_interfaces
