[1.249s] Invoking command in '/home/tdeng23/ros2_ws/build/crazyflie_ros2_simulation': PYTHONPATH=/home/tdeng23/ros2_ws/build/crazyflie_ros2_simulation/prefix_override:/home/tdeng23/ros2_ws/install/crazyflie_ros2_simulation/lib/python3.8/site-packages:${PYTHONPATH} /usr/bin/python3 setup.py develop --uninstall --editable --build-directory /home/tdeng23/ros2_ws/build/crazyflie_ros2_simulation/build
[1.737s] running develop
[2.277s] Invoked command in '/home/tdeng23/ros2_ws/build/crazyflie_ros2_simulation' returned '0': PYTHONPATH=/home/tdeng23/ros2_ws/build/crazyflie_ros2_simulation/prefix_override:/home/tdeng23/ros2_ws/install/crazyflie_ros2_simulation/lib/python3.8/site-packages:${PYTHONPATH} /usr/bin/python3 setup.py develop --uninstall --editable --build-directory /home/tdeng23/ros2_ws/build/crazyflie_ros2_simulation/build
[2.279s] Invoking command in '/home/tdeng23/ros2_ws/src/crazyswarm2/crazyflie_ros2_simulation': PYTHONPATH=/home/tdeng23/ros2_ws/build/crazyflie_ros2_simulation/prefix_override:/home/tdeng23/ros2_ws/install/crazyflie_ros2_simulation/lib/python3.8/site-packages:${PYTHONPATH} /usr/bin/python3 setup.py egg_info --egg-base ../../../build/crazyflie_ros2_simulation build --build-base /home/tdeng23/ros2_ws/build/crazyflie_ros2_simulation/build install --record /home/tdeng23/ros2_ws/build/crazyflie_ros2_simulation/install.log --single-version-externally-managed
[2.714s] running egg_info
[2.715s] writing ../../../build/crazyflie_ros2_simulation/crazyflie_ros2_simulation.egg-info/PKG-INFO
[2.715s] writing dependency_links to ../../../build/crazyflie_ros2_simulation/crazyflie_ros2_simulation.egg-info/dependency_links.txt
[2.715s] writing entry points to ../../../build/crazyflie_ros2_simulation/crazyflie_ros2_simulation.egg-info/entry_points.txt
[2.715s] writing requirements to ../../../build/crazyflie_ros2_simulation/crazyflie_ros2_simulation.egg-info/requires.txt
[2.716s] writing top-level names to ../../../build/crazyflie_ros2_simulation/crazyflie_ros2_simulation.egg-info/top_level.txt
[2.781s] reading manifest file '../../../build/crazyflie_ros2_simulation/crazyflie_ros2_simulation.egg-info/SOURCES.txt'
[2.782s] writing manifest file '../../../build/crazyflie_ros2_simulation/crazyflie_ros2_simulation.egg-info/SOURCES.txt'
[2.782s] running build
[2.783s] running build_py
[2.783s] running install
[2.784s] running install_lib
[2.786s] running install_data
[2.788s] running install_egg_info
[2.790s] removing '/home/tdeng23/ros2_ws/install/crazyflie_ros2_simulation/lib/python3.8/site-packages/crazyflie_ros2_simulation-0.0.0-py3.8.egg-info' (and everything under it)
[2.790s] Copying ../../../build/crazyflie_ros2_simulation/crazyflie_ros2_simulation.egg-info to /home/tdeng23/ros2_ws/install/crazyflie_ros2_simulation/lib/python3.8/site-packages/crazyflie_ros2_simulation-0.0.0-py3.8.egg-info
[2.791s] running install_scripts
[2.819s] Installing crazyflie_webots_driver script to /home/tdeng23/ros2_ws/install/crazyflie_ros2_simulation/lib/crazyflie_ros2_simulation
[2.819s] writing list of installed files to '/home/tdeng23/ros2_ws/build/crazyflie_ros2_simulation/install.log'
[2.858s] Invoked command in '/home/tdeng23/ros2_ws/src/crazyswarm2/crazyflie_ros2_simulation' returned '0': PYTHONPATH=/home/tdeng23/ros2_ws/build/crazyflie_ros2_simulation/prefix_override:/home/tdeng23/ros2_ws/install/crazyflie_ros2_simulation/lib/python3.8/site-packages:${PYTHONPATH} /usr/bin/python3 setup.py egg_info --egg-base ../../../build/crazyflie_ros2_simulation build --build-base /home/tdeng23/ros2_ws/build/crazyflie_ros2_simulation/build install --record /home/tdeng23/ros2_ws/build/crazyflie_ros2_simulation/install.log --single-version-externally-managed
