[1.673s] Invoking command in '/home/tdeng23/ros2_ws/src/crazyswarm2/crazyflie_ros2': PYTHONPATH=/home/tdeng23/ros2_ws/build/crazyflie_ros2/prefix_override:/home/tdeng23/ros2_ws/install/crazyflie_ros2/lib/python3.8/site-packages:${PYTHONPATH} /usr/bin/python3 setup.py egg_info --egg-base ../../../build/crazyflie_ros2 build --build-base /home/tdeng23/ros2_ws/build/crazyflie_ros2/build install --record /home/tdeng23/ros2_ws/build/crazyflie_ros2/install.log --single-version-externally-managed
[2.089s] running egg_info
[2.090s] writing ../../../build/crazyflie_ros2/crazyflie_ros2.egg-info/PKG-INFO
[2.090s] writing dependency_links to ../../../build/crazyflie_ros2/crazyflie_ros2.egg-info/dependency_links.txt
[2.090s] writing entry points to ../../../build/crazyflie_ros2/crazyflie_ros2.egg-info/entry_points.txt
[2.090s] writing requirements to ../../../build/crazyflie_ros2/crazyflie_ros2.egg-info/requires.txt
[2.090s] writing top-level names to ../../../build/crazyflie_ros2/crazyflie_ros2.egg-info/top_level.txt
[2.145s] reading manifest file '../../../build/crazyflie_ros2/crazyflie_ros2.egg-info/SOURCES.txt'
[2.146s] writing manifest file '../../../build/crazyflie_ros2/crazyflie_ros2.egg-info/SOURCES.txt'
[2.146s] running build
[2.146s] running build_py
[2.147s] running install
[2.148s] running install_lib
[2.149s] running install_data
[2.150s] running install_egg_info
[2.152s] removing '/home/tdeng23/ros2_ws/install/crazyflie_ros2/lib/python3.8/site-packages/crazyflie_ros2-0.0.0-py3.8.egg-info' (and everything under it)
[2.153s] Copying ../../../build/crazyflie_ros2/crazyflie_ros2.egg-info to /home/tdeng23/ros2_ws/install/crazyflie_ros2/lib/python3.8/site-packages/crazyflie_ros2-0.0.0-py3.8.egg-info
[2.154s] running install_scripts
[2.178s] Installing crazyflie_publisher script to /home/tdeng23/ros2_ws/install/crazyflie_ros2/lib/crazyflie_ros2
[2.178s] writing list of installed files to '/home/tdeng23/ros2_ws/build/crazyflie_ros2/install.log'
[2.341s] Invoked command in '/home/tdeng23/ros2_ws/src/crazyswarm2/crazyflie_ros2' returned '0': PYTHONPATH=/home/tdeng23/ros2_ws/build/crazyflie_ros2/prefix_override:/home/tdeng23/ros2_ws/install/crazyflie_ros2/lib/python3.8/site-packages:${PYTHONPATH} /usr/bin/python3 setup.py egg_info --egg-base ../../../build/crazyflie_ros2 build --build-base /home/tdeng23/ros2_ws/build/crazyflie_ros2/build install --record /home/tdeng23/ros2_ws/build/crazyflie_ros2/install.log --single-version-externally-managed
