[0.881s] Invoking command in '/home/nicxe/ros2_ws/src/crazyswarm2/crazyflie_ros2_simulation': PYTHONPATH=/home/nicxe/ros2_ws/build/crazyflie_ros2_simulation/prefix_override:/home/nicxe/ros2_ws/install/crazyflie_ros2_simulation/lib/python3.8/site-packages:${PYTHONPATH} /usr/bin/python3 setup.py egg_info --egg-base ../../../build/crazyflie_ros2_simulation build --build-base /home/nicxe/ros2_ws/build/crazyflie_ros2_simulation/build install --record /home/nicxe/ros2_ws/build/crazyflie_ros2_simulation/install.log --single-version-externally-managed
[1.055s] running egg_info
[1.056s] creating ../../../build/crazyflie_ros2_simulation/crazyflie_ros2_simulation.egg-info
[1.056s] writing ../../../build/crazyflie_ros2_simulation/crazyflie_ros2_simulation.egg-info/PKG-INFO
[1.056s] writing dependency_links to ../../../build/crazyflie_ros2_simulation/crazyflie_ros2_simulation.egg-info/dependency_links.txt
[1.056s] writing entry points to ../../../build/crazyflie_ros2_simulation/crazyflie_ros2_simulation.egg-info/entry_points.txt
[1.056s] writing requirements to ../../../build/crazyflie_ros2_simulation/crazyflie_ros2_simulation.egg-info/requires.txt
[1.056s] writing top-level names to ../../../build/crazyflie_ros2_simulation/crazyflie_ros2_simulation.egg-info/top_level.txt
[1.057s] writing manifest file '../../../build/crazyflie_ros2_simulation/crazyflie_ros2_simulation.egg-info/SOURCES.txt'
[1.082s] reading manifest file '../../../build/crazyflie_ros2_simulation/crazyflie_ros2_simulation.egg-info/SOURCES.txt'
[1.082s] writing manifest file '../../../build/crazyflie_ros2_simulation/crazyflie_ros2_simulation.egg-info/SOURCES.txt'
[1.082s] running build
[1.082s] running build_py
[1.083s] creating /home/nicxe/ros2_ws/build/crazyflie_ros2_simulation/build
[1.083s] creating /home/nicxe/ros2_ws/build/crazyflie_ros2_simulation/build/lib
[1.083s] creating /home/nicxe/ros2_ws/build/crazyflie_ros2_simulation/build/lib/crazyflie_ros2_simulation
[1.083s] copying crazyflie_ros2_simulation/crazyflie_webots_driver.py -> /home/nicxe/ros2_ws/build/crazyflie_ros2_simulation/build/lib/crazyflie_ros2_simulation
[1.083s] copying crazyflie_ros2_simulation/__init__.py -> /home/nicxe/ros2_ws/build/crazyflie_ros2_simulation/build/lib/crazyflie_ros2_simulation
[1.083s] running install
[1.083s] running install_lib
[1.084s] creating /home/nicxe/ros2_ws/install/crazyflie_ros2_simulation/lib/python3.8/site-packages/crazyflie_ros2_simulation
[1.084s] copying /home/nicxe/ros2_ws/build/crazyflie_ros2_simulation/build/lib/crazyflie_ros2_simulation/crazyflie_webots_driver.py -> /home/nicxe/ros2_ws/install/crazyflie_ros2_simulation/lib/python3.8/site-packages/crazyflie_ros2_simulation
[1.084s] copying /home/nicxe/ros2_ws/build/crazyflie_ros2_simulation/build/lib/crazyflie_ros2_simulation/__init__.py -> /home/nicxe/ros2_ws/install/crazyflie_ros2_simulation/lib/python3.8/site-packages/crazyflie_ros2_simulation
[1.085s] byte-compiling /home/nicxe/ros2_ws/install/crazyflie_ros2_simulation/lib/python3.8/site-packages/crazyflie_ros2_simulation/crazyflie_webots_driver.py to crazyflie_webots_driver.cpython-38.pyc
[1.086s] byte-compiling /home/nicxe/ros2_ws/install/crazyflie_ros2_simulation/lib/python3.8/site-packages/crazyflie_ros2_simulation/__init__.py to __init__.cpython-38.pyc
[1.086s] running install_data
[1.087s] copying package.xml -> /home/nicxe/ros2_ws/install/crazyflie_ros2_simulation/share/crazyflie_ros2_simulation
[1.087s] creating /home/nicxe/ros2_ws/install/crazyflie_ros2_simulation/share/crazyflie_ros2_simulation/resource
[1.087s] copying resource/crazyflie_ros2_simulation -> /home/nicxe/ros2_ws/install/crazyflie_ros2_simulation/share/crazyflie_ros2_simulation/resource/
[1.087s] copying resource/crazyflie.urdf -> /home/nicxe/ros2_ws/install/crazyflie_ros2_simulation/share/crazyflie_ros2_simulation/resource/
[1.087s] creating /home/nicxe/ros2_ws/install/crazyflie_ros2_simulation/share/crazyflie_ros2_simulation/launch
[1.087s] copying launch/robot_launch.py -> /home/nicxe/ros2_ws/install/crazyflie_ros2_simulation/share/crazyflie_ros2_simulation/launch/
[1.087s] creating /home/nicxe/ros2_ws/install/crazyflie_ros2_simulation/share/crazyflie_ros2_simulation/worlds
[1.087s] copying worlds/crazyflie_apartment.wbt -> /home/nicxe/ros2_ws/install/crazyflie_ros2_simulation/share/crazyflie_ros2_simulation/worlds/
[1.087s] copying worlds/crazyflie.wbt -> /home/nicxe/ros2_ws/install/crazyflie_ros2_simulation/share/crazyflie_ros2_simulation/worlds/
[1.087s] creating /home/nicxe/ros2_ws/install/crazyflie_ros2_simulation/share/crazyflie_ros2_simulation/worlds/meshes
[1.087s] copying worlds/meshes/4_motormounts.stl -> /home/nicxe/ros2_ws/install/crazyflie_ros2_simulation/share/crazyflie_ros2_simulation/worlds/meshes
[1.088s] copying worlds/meshes/ccw_prop.stl -> /home/nicxe/ros2_ws/install/crazyflie_ros2_simulation/share/crazyflie_ros2_simulation/worlds/meshes
[1.088s] copying worlds/meshes/battery.stl -> /home/nicxe/ros2_ws/install/crazyflie_ros2_simulation/share/crazyflie_ros2_simulation/worlds/meshes
[1.088s] copying worlds/meshes/cf2_assembly.stl -> /home/nicxe/ros2_ws/install/crazyflie_ros2_simulation/share/crazyflie_ros2_simulation/worlds/meshes
[1.088s] copying worlds/meshes/battery_holder.stl -> /home/nicxe/ros2_ws/install/crazyflie_ros2_simulation/share/crazyflie_ros2_simulation/worlds/meshes
[1.088s] copying worlds/meshes/cf_body.stl -> /home/nicxe/ros2_ws/install/crazyflie_ros2_simulation/share/crazyflie_ros2_simulation/worlds/meshes
[1.088s] copying worlds/meshes/cw_prop.stl -> /home/nicxe/ros2_ws/install/crazyflie_ros2_simulation/share/crazyflie_ros2_simulation/worlds/meshes
[1.088s] copying worlds/meshes/4_motors.stl -> /home/nicxe/ros2_ws/install/crazyflie_ros2_simulation/share/crazyflie_ros2_simulation/worlds/meshes
[1.088s] copying worlds/meshes/2_pinheaders.stl -> /home/nicxe/ros2_ws/install/crazyflie_ros2_simulation/share/crazyflie_ros2_simulation/worlds/meshes
[1.088s] running install_egg_info
[1.089s] Copying ../../../build/crazyflie_ros2_simulation/crazyflie_ros2_simulation.egg-info to /home/nicxe/ros2_ws/install/crazyflie_ros2_simulation/lib/python3.8/site-packages/crazyflie_ros2_simulation-0.0.0-py3.8.egg-info
[1.090s] running install_scripts
[1.103s] Installing crazyflie_webots_driver script to /home/nicxe/ros2_ws/install/crazyflie_ros2_simulation/lib/crazyflie_ros2_simulation
[1.103s] writing list of installed files to '/home/nicxe/ros2_ws/build/crazyflie_ros2_simulation/install.log'
[1.150s] Invoked command in '/home/nicxe/ros2_ws/src/crazyswarm2/crazyflie_ros2_simulation' returned '0': PYTHONPATH=/home/nicxe/ros2_ws/build/crazyflie_ros2_simulation/prefix_override:/home/nicxe/ros2_ws/install/crazyflie_ros2_simulation/lib/python3.8/site-packages:${PYTHONPATH} /usr/bin/python3 setup.py egg_info --egg-base ../../../build/crazyflie_ros2_simulation build --build-base /home/nicxe/ros2_ws/build/crazyflie_ros2_simulation/build install --record /home/nicxe/ros2_ws/build/crazyflie_ros2_simulation/install.log --single-version-externally-managed
