[0.386s] Invoking command in '/home/nicxe/ros2_ws/build/crazyflie': CMAKE_PREFIX_PATH=/home/nicxe/ros2_ws/install/motion_capture_tracking_interfaces:/home/nicxe/ros2_ws/install/crazyflie_interfaces:/home/nicxe/ros2_ws/install/motion_capture_tracking:/home/nicxe/ros2_ws/install/crazyflie:/home/nicxe/ros2_ws/install/crazyflie_sim:/home/nicxe/ros2_ws/install/crazyflie_ros2_slam:/home/nicxe/ros2_ws/install/crazyflie_ros2_navigation:/home/nicxe/ros2_ws/install/crazyflie_ros2_interfaces:/home/nicxe/ros2_ws/install/crazyflie_ros2_description:/home/nicxe/ros2_ws/install/crazyflie_examples:/home/nicxe/ros2_ws/install/my_package:/home/nicxe/ros2_ws/install/crazyflie_simulation:/home/nicxe/ros2_ws/install/crazyflie_ros2_simulation:/home/nicxe/ros2_ws/install/crazyflie_ros2_simple_mapper:/home/nicxe/ros2_ws/install/crazyflie_ros2_scan:/home/nicxe/ros2_ws/install/crazyflie_ros2:/home/nicxe/ros2_ws/install/crazyflie_py:/opt/ros/galactic LD_LIBRARY_PATH=/home/nicxe/ros2_ws/install/motion_capture_tracking_interfaces/lib:/home/nicxe/ros2_ws/install/crazyflie_interfaces/lib:/home/nicxe/ros2_ws/install/crazyflie_ros2_interfaces/lib:/opt/ros/galactic/opt/yaml_cpp_vendor/lib:/opt/ros/galactic/opt/rviz_ogre_vendor/lib:/opt/ros/galactic/lib/x86_64-linux-gnu:/opt/ros/galactic/lib PYTHONPATH=/home/nicxe/ros2_ws/install/motion_capture_tracking_interfaces/lib/python3.8/site-packages:/home/nicxe/ros2_ws/install/crazyflie_interfaces/lib/python3.8/site-packages:/home/nicxe/ros2_ws/install/my_package/lib/python3.8/site-packages:/home/nicxe/ros2_ws/install/crazyflie_simulation/lib/python3.8/site-packages:/home/nicxe/ros2_ws/install/crazyflie_sim/lib/python3.8/site-packages:/home/nicxe/ros2_ws/install/crazyflie_ros2_simulation/lib/python3.8/site-packages:/home/nicxe/ros2_ws/install/crazyflie_ros2_simple_mapper/lib/python3.8/site-packages:/home/nicxe/ros2_ws/install/crazyflie_ros2_scan/lib/python3.8/site-packages:/home/nicxe/ros2_ws/install/crazyflie_ros2_interfaces/lib/python3.8/site-packages:/home/nicxe/ros2_ws/install/crazyflie_ros2/lib/python3.8/site-packages:/home/nicxe/ros2_ws/install/crazyflie_examples/lib/python3.8/site-packages:/home/nicxe/ros2_ws/install/crazyflie_py/lib/python3.8/site-packages:/home/nicxe/CS_SITP/crazyfliefirmware/build:/opt/ros/galactic/lib/python3.8/site-packages /usr/bin/cmake --build /home/nicxe/ros2_ws/build/crazyflie -- -j8 -l8
[0.756s] [ 25%] Built target crazyflieLinkCpp
[0.762s] [ 30%] Built target teleop
[1.087s] [ 38%] Built target crazyflie_cpp
[1.284s] [ 55%] Built target battery
[1.284s] [ 55%] Built target reboot
[1.285s] [ 55%] Built target scan
[1.289s] [ 61%] Built target listMemories
[1.331s] [ 66%] Built target listParams
[1.331s] [ 72%] Built target listLogVariables
[1.335s] [ 77%] Built target version
[1.349s] [ 88%] Built target console
[1.349s] [ 88%] Built target log
[1.452s] [ 94%] Built target crazyflie_server
[1.463s] [100%] Built target setParam
[1.475s] Invoked command in '/home/nicxe/ros2_ws/build/crazyflie' returned '0': CMAKE_PREFIX_PATH=/home/nicxe/ros2_ws/install/motion_capture_tracking_interfaces:/home/nicxe/ros2_ws/install/crazyflie_interfaces:/home/nicxe/ros2_ws/install/motion_capture_tracking:/home/nicxe/ros2_ws/install/crazyflie:/home/nicxe/ros2_ws/install/crazyflie_sim:/home/nicxe/ros2_ws/install/crazyflie_ros2_slam:/home/nicxe/ros2_ws/install/crazyflie_ros2_navigation:/home/nicxe/ros2_ws/install/crazyflie_ros2_interfaces:/home/nicxe/ros2_ws/install/crazyflie_ros2_description:/home/nicxe/ros2_ws/install/crazyflie_examples:/home/nicxe/ros2_ws/install/my_package:/home/nicxe/ros2_ws/install/crazyflie_simulation:/home/nicxe/ros2_ws/install/crazyflie_ros2_simulation:/home/nicxe/ros2_ws/install/crazyflie_ros2_simple_mapper:/home/nicxe/ros2_ws/install/crazyflie_ros2_scan:/home/nicxe/ros2_ws/install/crazyflie_ros2:/home/nicxe/ros2_ws/install/crazyflie_py:/opt/ros/galactic LD_LIBRARY_PATH=/home/nicxe/ros2_ws/install/motion_capture_tracking_interfaces/lib:/home/nicxe/ros2_ws/install/crazyflie_interfaces/lib:/home/nicxe/ros2_ws/install/crazyflie_ros2_interfaces/lib:/opt/ros/galactic/opt/yaml_cpp_vendor/lib:/opt/ros/galactic/opt/rviz_ogre_vendor/lib:/opt/ros/galactic/lib/x86_64-linux-gnu:/opt/ros/galactic/lib PYTHONPATH=/home/nicxe/ros2_ws/install/motion_capture_tracking_interfaces/lib/python3.8/site-packages:/home/nicxe/ros2_ws/install/crazyflie_interfaces/lib/python3.8/site-packages:/home/nicxe/ros2_ws/install/my_package/lib/python3.8/site-packages:/home/nicxe/ros2_ws/install/crazyflie_simulation/lib/python3.8/site-packages:/home/nicxe/ros2_ws/install/crazyflie_sim/lib/python3.8/site-packages:/home/nicxe/ros2_ws/install/crazyflie_ros2_simulation/lib/python3.8/site-packages:/home/nicxe/ros2_ws/install/crazyflie_ros2_simple_mapper/lib/python3.8/site-packages:/home/nicxe/ros2_ws/install/crazyflie_ros2_scan/lib/python3.8/site-packages:/home/nicxe/ros2_ws/install/crazyflie_ros2_interfaces/lib/python3.8/site-packages:/home/nicxe/ros2_ws/install/crazyflie_ros2/lib/python3.8/site-packages:/home/nicxe/ros2_ws/install/crazyflie_examples/lib/python3.8/site-packages:/home/nicxe/ros2_ws/install/crazyflie_py/lib/python3.8/site-packages:/home/nicxe/CS_SITP/crazyfliefirmware/build:/opt/ros/galactic/lib/python3.8/site-packages /usr/bin/cmake --build /home/nicxe/ros2_ws/build/crazyflie -- -j8 -l8
[1.514s] Invoking command in '/home/nicxe/ros2_ws/build/crazyflie': CMAKE_PREFIX_PATH=/home/nicxe/ros2_ws/install/motion_capture_tracking_interfaces:/home/nicxe/ros2_ws/install/crazyflie_interfaces:/home/nicxe/ros2_ws/install/motion_capture_tracking:/home/nicxe/ros2_ws/install/crazyflie:/home/nicxe/ros2_ws/install/crazyflie_sim:/home/nicxe/ros2_ws/install/crazyflie_ros2_slam:/home/nicxe/ros2_ws/install/crazyflie_ros2_navigation:/home/nicxe/ros2_ws/install/crazyflie_ros2_interfaces:/home/nicxe/ros2_ws/install/crazyflie_ros2_description:/home/nicxe/ros2_ws/install/crazyflie_examples:/home/nicxe/ros2_ws/install/my_package:/home/nicxe/ros2_ws/install/crazyflie_simulation:/home/nicxe/ros2_ws/install/crazyflie_ros2_simulation:/home/nicxe/ros2_ws/install/crazyflie_ros2_simple_mapper:/home/nicxe/ros2_ws/install/crazyflie_ros2_scan:/home/nicxe/ros2_ws/install/crazyflie_ros2:/home/nicxe/ros2_ws/install/crazyflie_py:/opt/ros/galactic LD_LIBRARY_PATH=/home/nicxe/ros2_ws/install/motion_capture_tracking_interfaces/lib:/home/nicxe/ros2_ws/install/crazyflie_interfaces/lib:/home/nicxe/ros2_ws/install/crazyflie_ros2_interfaces/lib:/opt/ros/galactic/opt/yaml_cpp_vendor/lib:/opt/ros/galactic/opt/rviz_ogre_vendor/lib:/opt/ros/galactic/lib/x86_64-linux-gnu:/opt/ros/galactic/lib PYTHONPATH=/home/nicxe/ros2_ws/install/motion_capture_tracking_interfaces/lib/python3.8/site-packages:/home/nicxe/ros2_ws/install/crazyflie_interfaces/lib/python3.8/site-packages:/home/nicxe/ros2_ws/install/my_package/lib/python3.8/site-packages:/home/nicxe/ros2_ws/install/crazyflie_simulation/lib/python3.8/site-packages:/home/nicxe/ros2_ws/install/crazyflie_sim/lib/python3.8/site-packages:/home/nicxe/ros2_ws/install/crazyflie_ros2_simulation/lib/python3.8/site-packages:/home/nicxe/ros2_ws/install/crazyflie_ros2_simple_mapper/lib/python3.8/site-packages:/home/nicxe/ros2_ws/install/crazyflie_ros2_scan/lib/python3.8/site-packages:/home/nicxe/ros2_ws/install/crazyflie_ros2_interfaces/lib/python3.8/site-packages:/home/nicxe/ros2_ws/install/crazyflie_ros2/lib/python3.8/site-packages:/home/nicxe/ros2_ws/install/crazyflie_examples/lib/python3.8/site-packages:/home/nicxe/ros2_ws/install/crazyflie_py/lib/python3.8/site-packages:/home/nicxe/CS_SITP/crazyfliefirmware/build:/opt/ros/galactic/lib/python3.8/site-packages /usr/bin/cmake --install /home/nicxe/ros2_ws/build/crazyflie
[1.537s] -- Install configuration: ""
[1.602s] -- Up-to-date: /home/nicxe/ros2_ws/install/crazyflie/lib/crazyflie/scan
[1.679s] -- Up-to-date: /home/nicxe/ros2_ws/install/crazyflie/lib/crazyflie/listParams
[1.685s] -- Up-to-date: /home/nicxe/ros2_ws/install/crazyflie/lib/crazyflie/listLogVariables
[1.724s] -- Up-to-date: /home/nicxe/ros2_ws/install/crazyflie/lib/crazyflie/listMemories
[1.763s] -- Up-to-date: /home/nicxe/ros2_ws/install/crazyflie/lib/crazyflie/reboot
[1.804s] -- Up-to-date: /home/nicxe/ros2_ws/install/crazyflie/lib/crazyflie/battery
[1.821s] -- Up-to-date: /home/nicxe/ros2_ws/install/crazyflie/lib/crazyflie/version
[1.859s] -- Up-to-date: /home/nicxe/ros2_ws/install/crazyflie/lib/crazyflie/console
[1.889s] -- Up-to-date: /home/nicxe/ros2_ws/install/crazyflie/lib/crazyflie/log
[1.918s] -- Up-to-date: /home/nicxe/ros2_ws/install/crazyflie/lib/crazyflie/setParam
[1.937s] -- Up-to-date: /home/nicxe/ros2_ws/install/crazyflie/lib/crazyflie/teleop
[1.976s] -- Up-to-date: /home/nicxe/ros2_ws/install/crazyflie/lib/crazyflie/crazyflie_server
[2.011s] -- Up-to-date: /home/nicxe/ros2_ws/install/crazyflie/lib/crazyflie/crazyflie_server.py
[2.011s] -- Up-to-date: /home/nicxe/ros2_ws/install/crazyflie/lib/crazyflie/chooser.py
[2.012s] -- Up-to-date: /home/nicxe/ros2_ws/install/crazyflie/lib/crazyflie/vel_mux.py
[2.012s] -- Up-to-date: /home/nicxe/ros2_ws/install/crazyflie/lib/crazyflie/cfmult.py
[2.013s] -- Up-to-date: /home/nicxe/ros2_ws/install/crazyflie/share/crazyflie//launch
[2.025s] -- Up-to-date: /home/nicxe/ros2_ws/install/crazyflie/share/crazyflie//launch/teleop_launch.py
[2.025s] -- Up-to-date: /home/nicxe/ros2_ws/install/crazyflie/share/crazyflie//launch/launch.py
[2.025s] -- Up-to-date: /home/nicxe/ros2_ws/install/crazyflie/share/crazyflie//launch/launch_teleop2.py
[2.026s] -- Up-to-date: /home/nicxe/ros2_ws/install/crazyflie/share/crazyflie//config
[2.037s] -- Up-to-date: /home/nicxe/ros2_ws/install/crazyflie/share/crazyflie//config/teleop.yaml
[2.037s] -- Up-to-date: /home/nicxe/ros2_ws/install/crazyflie/share/crazyflie//config/motion_capture.yaml
[2.038s] -- Up-to-date: /home/nicxe/ros2_ws/install/crazyflie/share/crazyflie//config/crazyflies.yaml
[2.040s] -- Up-to-date: /home/nicxe/ros2_ws/install/crazyflie/share/crazyflie//config/server.yaml
[2.040s] -- Up-to-date: /home/nicxe/ros2_ws/install/crazyflie/share/crazyflie//config/config.rviz
[2.040s] -- Up-to-date: /home/nicxe/ros2_ws/install/crazyflie/share/ament_index/resource_index/package_run_dependencies/crazyflie
[2.040s] -- Up-to-date: /home/nicxe/ros2_ws/install/crazyflie/share/ament_index/resource_index/parent_prefix_path/crazyflie
[2.042s] -- Up-to-date: /home/nicxe/ros2_ws/install/crazyflie/share/crazyflie/environment/ament_prefix_path.sh
[2.043s] -- Up-to-date: /home/nicxe/ros2_ws/install/crazyflie/share/crazyflie/environment/ament_prefix_path.dsv
[2.043s] -- Up-to-date: /home/nicxe/ros2_ws/install/crazyflie/share/crazyflie/environment/path.sh
[2.043s] -- Up-to-date: /home/nicxe/ros2_ws/install/crazyflie/share/crazyflie/environment/path.dsv
[2.044s] -- Up-to-date: /home/nicxe/ros2_ws/install/crazyflie/share/crazyflie/local_setup.bash
[2.044s] -- Up-to-date: /home/nicxe/ros2_ws/install/crazyflie/share/crazyflie/local_setup.sh
[2.055s] -- Up-to-date: /home/nicxe/ros2_ws/install/crazyflie/share/crazyflie/local_setup.zsh
[2.056s] -- Up-to-date: /home/nicxe/ros2_ws/install/crazyflie/share/crazyflie/local_setup.dsv
[2.056s] -- Installing: /home/nicxe/ros2_ws/install/crazyflie/share/crazyflie/package.dsv
[2.057s] -- Up-to-date: /home/nicxe/ros2_ws/install/crazyflie/share/ament_index/resource_index/packages/crazyflie
[2.075s] -- Up-to-date: /home/nicxe/ros2_ws/install/crazyflie/share/crazyflie/cmake/crazyflieConfig.cmake
[2.075s] -- Up-to-date: /home/nicxe/ros2_ws/install/crazyflie/share/crazyflie/cmake/crazyflieConfig-version.cmake
[2.075s] -- Up-to-date: /home/nicxe/ros2_ws/install/crazyflie/share/crazyflie/package.xml
[2.092s] Invoked command in '/home/nicxe/ros2_ws/build/crazyflie' returned '0': CMAKE_PREFIX_PATH=/home/nicxe/ros2_ws/install/motion_capture_tracking_interfaces:/home/nicxe/ros2_ws/install/crazyflie_interfaces:/home/nicxe/ros2_ws/install/motion_capture_tracking:/home/nicxe/ros2_ws/install/crazyflie:/home/nicxe/ros2_ws/install/crazyflie_sim:/home/nicxe/ros2_ws/install/crazyflie_ros2_slam:/home/nicxe/ros2_ws/install/crazyflie_ros2_navigation:/home/nicxe/ros2_ws/install/crazyflie_ros2_interfaces:/home/nicxe/ros2_ws/install/crazyflie_ros2_description:/home/nicxe/ros2_ws/install/crazyflie_examples:/home/nicxe/ros2_ws/install/my_package:/home/nicxe/ros2_ws/install/crazyflie_simulation:/home/nicxe/ros2_ws/install/crazyflie_ros2_simulation:/home/nicxe/ros2_ws/install/crazyflie_ros2_simple_mapper:/home/nicxe/ros2_ws/install/crazyflie_ros2_scan:/home/nicxe/ros2_ws/install/crazyflie_ros2:/home/nicxe/ros2_ws/install/crazyflie_py:/opt/ros/galactic LD_LIBRARY_PATH=/home/nicxe/ros2_ws/install/motion_capture_tracking_interfaces/lib:/home/nicxe/ros2_ws/install/crazyflie_interfaces/lib:/home/nicxe/ros2_ws/install/crazyflie_ros2_interfaces/lib:/opt/ros/galactic/opt/yaml_cpp_vendor/lib:/opt/ros/galactic/opt/rviz_ogre_vendor/lib:/opt/ros/galactic/lib/x86_64-linux-gnu:/opt/ros/galactic/lib PYTHONPATH=/home/nicxe/ros2_ws/install/motion_capture_tracking_interfaces/lib/python3.8/site-packages:/home/nicxe/ros2_ws/install/crazyflie_interfaces/lib/python3.8/site-packages:/home/nicxe/ros2_ws/install/my_package/lib/python3.8/site-packages:/home/nicxe/ros2_ws/install/crazyflie_simulation/lib/python3.8/site-packages:/home/nicxe/ros2_ws/install/crazyflie_sim/lib/python3.8/site-packages:/home/nicxe/ros2_ws/install/crazyflie_ros2_simulation/lib/python3.8/site-packages:/home/nicxe/ros2_ws/install/crazyflie_ros2_simple_mapper/lib/python3.8/site-packages:/home/nicxe/ros2_ws/install/crazyflie_ros2_scan/lib/python3.8/site-packages:/home/nicxe/ros2_ws/install/crazyflie_ros2_interfaces/lib/python3.8/site-packages:/home/nicxe/ros2_ws/install/crazyflie_ros2/lib/python3.8/site-packages:/home/nicxe/ros2_ws/install/crazyflie_examples/lib/python3.8/site-packages:/home/nicxe/ros2_ws/install/crazyflie_py/lib/python3.8/site-packages:/home/nicxe/CS_SITP/crazyfliefirmware/build:/opt/ros/galactic/lib/python3.8/site-packages /usr/bin/cmake --install /home/nicxe/ros2_ws/build/crazyflie
