[0.337s] Invoking command in '/home/tdeng23/ros2_ws/build/crazyflie_ros2_navigation': CMAKE_PREFIX_PATH=${CMAKE_PREFIX_PATH}:/home/tdeng23/ros2_ws/install/my_package:/home/tdeng23/ros2_ws/install/crazyflie_simulation:/home/tdeng23/ros2_ws/install/crazyflie_ros2_simulation:/home/tdeng23/ros2_ws/install/crazyflie_ros2_simple_mapper:/home/tdeng23/ros2_ws/install/crazyflie_ros2_scan:/home/tdeng23/ros2_ws/install/crazyflie_ros2:/home/tdeng23/ros2_ws/install/crazyflie_py:/opt/ros/galactic /home/tdeng23/.local/bin/cmake /home/tdeng23/ros2_ws/src/crazyswarm2/crazyflie_ros2_navigation -DCMAKE_INSTALL_PREFIX=/home/tdeng23/ros2_ws/install/crazyflie_ros2_navigation
[0.956s] -- Found ament_cmake: 1.1.6 (/opt/ros/galactic/share/ament_cmake/cmake)
[0.956s] -- Using PYTHON_EXECUTABLE: /usr/bin/python3
[0.956s] -- Override CMake install command with custom implementation using symlinks instead of copying resources
[0.956s] -- Found ament_lint_auto: 0.10.7 (/opt/ros/galactic/share/ament_lint_auto/cmake)
[0.957s] -- Added test 'copyright' to check source files copyright and LICENSE
[0.957s] -- Added test 'flake8' to check Python code syntax and style conventions
[0.957s] -- Added test 'lint_cmake' to check CMake code style
[0.957s] -- Added test 'pep257' to check Python code against some of the style conventions in PEP 257
[0.957s] -- Added test 'xmllint' to check XML markup files
[0.957s] -- Configuring done (0.3s)
[0.957s] -- Generating done (0.0s)
[0.957s] -- Build files have been written to: /home/tdeng23/ros2_ws/build/crazyflie_ros2_navigation
[0.959s] Invoked command in '/home/tdeng23/ros2_ws/build/crazyflie_ros2_navigation' returned '0': CMAKE_PREFIX_PATH=${CMAKE_PREFIX_PATH}:/home/tdeng23/ros2_ws/install/my_package:/home/tdeng23/ros2_ws/install/crazyflie_simulation:/home/tdeng23/ros2_ws/install/crazyflie_ros2_simulation:/home/tdeng23/ros2_ws/install/crazyflie_ros2_simple_mapper:/home/tdeng23/ros2_ws/install/crazyflie_ros2_scan:/home/tdeng23/ros2_ws/install/crazyflie_ros2:/home/tdeng23/ros2_ws/install/crazyflie_py:/opt/ros/galactic /home/tdeng23/.local/bin/cmake /home/tdeng23/ros2_ws/src/crazyswarm2/crazyflie_ros2_navigation -DCMAKE_INSTALL_PREFIX=/home/tdeng23/ros2_ws/install/crazyflie_ros2_navigation
[0.960s] Invoking command in '/home/tdeng23/ros2_ws/build/crazyflie_ros2_navigation': CMAKE_PREFIX_PATH=${CMAKE_PREFIX_PATH}:/home/tdeng23/ros2_ws/install/my_package:/home/tdeng23/ros2_ws/install/crazyflie_simulation:/home/tdeng23/ros2_ws/install/crazyflie_ros2_simulation:/home/tdeng23/ros2_ws/install/crazyflie_ros2_simple_mapper:/home/tdeng23/ros2_ws/install/crazyflie_ros2_scan:/home/tdeng23/ros2_ws/install/crazyflie_ros2:/home/tdeng23/ros2_ws/install/crazyflie_py:/opt/ros/galactic /home/tdeng23/.local/bin/cmake --build /home/tdeng23/ros2_ws/build/crazyflie_ros2_navigation -- -j8 -l8
[1.052s] Invoked command in '/home/tdeng23/ros2_ws/build/crazyflie_ros2_navigation' returned '0': CMAKE_PREFIX_PATH=${CMAKE_PREFIX_PATH}:/home/tdeng23/ros2_ws/install/my_package:/home/tdeng23/ros2_ws/install/crazyflie_simulation:/home/tdeng23/ros2_ws/install/crazyflie_ros2_simulation:/home/tdeng23/ros2_ws/install/crazyflie_ros2_simple_mapper:/home/tdeng23/ros2_ws/install/crazyflie_ros2_scan:/home/tdeng23/ros2_ws/install/crazyflie_ros2:/home/tdeng23/ros2_ws/install/crazyflie_py:/opt/ros/galactic /home/tdeng23/.local/bin/cmake --build /home/tdeng23/ros2_ws/build/crazyflie_ros2_navigation -- -j8 -l8
[1.238s] Invoking command in '/home/tdeng23/ros2_ws/build/crazyflie_ros2_navigation': CMAKE_PREFIX_PATH=${CMAKE_PREFIX_PATH}:/home/tdeng23/ros2_ws/install/my_package:/home/tdeng23/ros2_ws/install/crazyflie_simulation:/home/tdeng23/ros2_ws/install/crazyflie_ros2_simulation:/home/tdeng23/ros2_ws/install/crazyflie_ros2_simple_mapper:/home/tdeng23/ros2_ws/install/crazyflie_ros2_scan:/home/tdeng23/ros2_ws/install/crazyflie_ros2:/home/tdeng23/ros2_ws/install/crazyflie_py:/opt/ros/galactic /home/tdeng23/.local/bin/cmake --install /home/tdeng23/ros2_ws/build/crazyflie_ros2_navigation
[1.323s] -- Install configuration: ""
[1.324s] -- Execute custom install script
[1.324s] -- Up-to-date symlink: /home/tdeng23/ros2_ws/install/crazyflie_ros2_navigation/share/crazyflie_ros2_navigation/launch/navigation_real_launch.py
[1.324s] -- Up-to-date symlink: /home/tdeng23/ros2_ws/install/crazyflie_ros2_navigation/share/crazyflie_ros2_navigation/launch/navigation_simulation_launch.py
[1.325s] -- Up-to-date symlink: /home/tdeng23/ros2_ws/install/crazyflie_ros2_navigation/share/crazyflie_ros2_navigation/params/nav2_params.yaml
[1.325s] -- Up-to-date symlink: /home/tdeng23/ros2_ws/install/crazyflie_ros2_navigation/share/ament_index/resource_index/package_run_dependencies/crazyflie_ros2_navigation
[1.328s] -- Up-to-date symlink: /home/tdeng23/ros2_ws/install/crazyflie_ros2_navigation/share/ament_index/resource_index/parent_prefix_path/crazyflie_ros2_navigation
[1.328s] -- Up-to-date symlink: /home/tdeng23/ros2_ws/install/crazyflie_ros2_navigation/share/crazyflie_ros2_navigation/environment/ament_prefix_path.sh
[1.328s] -- Up-to-date symlink: /home/tdeng23/ros2_ws/install/crazyflie_ros2_navigation/share/crazyflie_ros2_navigation/environment/ament_prefix_path.dsv
[1.334s] -- Up-to-date symlink: /home/tdeng23/ros2_ws/install/crazyflie_ros2_navigation/share/crazyflie_ros2_navigation/environment/path.sh
[1.334s] -- Up-to-date symlink: /home/tdeng23/ros2_ws/install/crazyflie_ros2_navigation/share/crazyflie_ros2_navigation/environment/path.dsv
[1.335s] -- Up-to-date symlink: /home/tdeng23/ros2_ws/install/crazyflie_ros2_navigation/share/crazyflie_ros2_navigation/local_setup.bash
[1.335s] -- Up-to-date symlink: /home/tdeng23/ros2_ws/install/crazyflie_ros2_navigation/share/crazyflie_ros2_navigation/local_setup.sh
[1.335s] -- Up-to-date symlink: /home/tdeng23/ros2_ws/install/crazyflie_ros2_navigation/share/crazyflie_ros2_navigation/local_setup.zsh
[1.335s] -- Up-to-date symlink: /home/tdeng23/ros2_ws/install/crazyflie_ros2_navigation/share/crazyflie_ros2_navigation/local_setup.dsv
[1.335s] -- Symlinking: /home/tdeng23/ros2_ws/install/crazyflie_ros2_navigation/share/crazyflie_ros2_navigation/package.dsv
[1.335s] -- Up-to-date symlink: /home/tdeng23/ros2_ws/install/crazyflie_ros2_navigation/share/ament_index/resource_index/packages/crazyflie_ros2_navigation
[1.335s] -- Up-to-date symlink: /home/tdeng23/ros2_ws/install/crazyflie_ros2_navigation/share/crazyflie_ros2_navigation/cmake/crazyflie_ros2_navigationConfig.cmake
[1.335s] -- Up-to-date symlink: /home/tdeng23/ros2_ws/install/crazyflie_ros2_navigation/share/crazyflie_ros2_navigation/cmake/crazyflie_ros2_navigationConfig-version.cmake
[1.336s] -- Up-to-date symlink: /home/tdeng23/ros2_ws/install/crazyflie_ros2_navigation/share/crazyflie_ros2_navigation/package.xml
[1.378s] Invoked command in '/home/tdeng23/ros2_ws/build/crazyflie_ros2_navigation' returned '0': CMAKE_PREFIX_PATH=${CMAKE_PREFIX_PATH}:/home/tdeng23/ros2_ws/install/my_package:/home/tdeng23/ros2_ws/install/crazyflie_simulation:/home/tdeng23/ros2_ws/install/crazyflie_ros2_simulation:/home/tdeng23/ros2_ws/install/crazyflie_ros2_simple_mapper:/home/tdeng23/ros2_ws/install/crazyflie_ros2_scan:/home/tdeng23/ros2_ws/install/crazyflie_ros2:/home/tdeng23/ros2_ws/install/crazyflie_py:/opt/ros/galactic /home/tdeng23/.local/bin/cmake --install /home/tdeng23/ros2_ws/build/crazyflie_ros2_navigation
