running egg_info
creating ../../../build/crazyflie_ros2_sgba/crazyflie_ros2_sgba.egg-info
writing ../../../build/crazyflie_ros2_sgba/crazyflie_ros2_sgba.egg-info/PKG-INFO
writing dependency_links to ../../../build/crazyflie_ros2_sgba/crazyflie_ros2_sgba.egg-info/dependency_links.txt
writing entry points to ../../../build/crazyflie_ros2_sgba/crazyflie_ros2_sgba.egg-info/entry_points.txt
writing requirements to ../../../build/crazyflie_ros2_sgba/crazyflie_ros2_sgba.egg-info/requires.txt
writing top-level names to ../../../build/crazyflie_ros2_sgba/crazyflie_ros2_sgba.egg-info/top_level.txt
writing manifest file '../../../build/crazyflie_ros2_sgba/crazyflie_ros2_sgba.egg-info/SOURCES.txt'
reading manifest file '../../../build/crazyflie_ros2_sgba/crazyflie_ros2_sgba.egg-info/SOURCES.txt'
writing manifest file '../../../build/crazyflie_ros2_sgba/crazyflie_ros2_sgba.egg-info/SOURCES.txt'
running build
running build_py
creating /home/nicxe/ros2_ws/build/crazyflie_ros2_sgba/build
creating /home/nicxe/ros2_ws/build/crazyflie_ros2_sgba/build/lib
creating /home/nicxe/ros2_ws/build/crazyflie_ros2_sgba/build/lib/crazyflie_ros2_sgba
copying crazyflie_ros2_sgba/__init__.py -> /home/nicxe/ros2_ws/build/crazyflie_ros2_sgba/build/lib/crazyflie_ros2_sgba
running install
running install_lib
creating /home/nicxe/ros2_ws/install/crazyflie_ros2_sgba/lib/python3.8/site-packages/crazyflie_ros2_sgba
copying /home/nicxe/ros2_ws/build/crazyflie_ros2_sgba/build/lib/crazyflie_ros2_sgba/__init__.py -> /home/nicxe/ros2_ws/install/crazyflie_ros2_sgba/lib/python3.8/site-packages/crazyflie_ros2_sgba
byte-compiling /home/nicxe/ros2_ws/install/crazyflie_ros2_sgba/lib/python3.8/site-packages/crazyflie_ros2_sgba/__init__.py to __init__.cpython-38.pyc
running install_data
creating /home/nicxe/ros2_ws/install/crazyflie_ros2_sgba/share/ament_index
creating /home/nicxe/ros2_ws/install/crazyflie_ros2_sgba/share/ament_index/resource_index
creating /home/nicxe/ros2_ws/install/crazyflie_ros2_sgba/share/ament_index/resource_index/packages
copying resource/crazyflie_ros2_sgba -> /home/nicxe/ros2_ws/install/crazyflie_ros2_sgba/share/ament_index/resource_index/packages
copying package.xml -> /home/nicxe/ros2_ws/install/crazyflie_ros2_sgba/share/crazyflie_ros2_sgba
creating /home/nicxe/ros2_ws/install/crazyflie_ros2_sgba/share/crazyflie_ros2_sgba/launch
running install_egg_info
Copying ../../../build/crazyflie_ros2_sgba/crazyflie_ros2_sgba.egg-info to /home/nicxe/ros2_ws/install/crazyflie_ros2_sgba/lib/python3.8/site-packages/crazyflie_ros2_sgba-0.0.0-py3.8.egg-info
running install_scripts
writing list of installed files to '/home/nicxe/ros2_ws/build/crazyflie_ros2_sgba/install.log'
