[0.499s] Invoking command in '/home/nicxe/ros2_ws/src/crazyswarm2/crazyflie_ros2_sgba': PYTHONPATH=/home/nicxe/ros2_ws/build/crazyflie_ros2_sgba/prefix_override:/home/nicxe/ros2_ws/install/crazyflie_ros2_sgba/lib/python3.8/site-packages:${PYTHONPATH} /usr/bin/python3 setup.py egg_info --egg-base ../../../build/crazyflie_ros2_sgba build --build-base /home/nicxe/ros2_ws/build/crazyflie_ros2_sgba/build install --record /home/nicxe/ros2_ws/build/crazyflie_ros2_sgba/install.log --single-version-externally-managed
[0.663s] running egg_info
[0.663s] creating ../../../build/crazyflie_ros2_sgba/crazyflie_ros2_sgba.egg-info
[0.663s] writing ../../../build/crazyflie_ros2_sgba/crazyflie_ros2_sgba.egg-info/PKG-INFO
[0.663s] writing dependency_links to ../../../build/crazyflie_ros2_sgba/crazyflie_ros2_sgba.egg-info/dependency_links.txt
[0.664s] writing entry points to ../../../build/crazyflie_ros2_sgba/crazyflie_ros2_sgba.egg-info/entry_points.txt
[0.664s] writing requirements to ../../../build/crazyflie_ros2_sgba/crazyflie_ros2_sgba.egg-info/requires.txt
[0.664s] writing top-level names to ../../../build/crazyflie_ros2_sgba/crazyflie_ros2_sgba.egg-info/top_level.txt
[0.666s] writing manifest file '../../../build/crazyflie_ros2_sgba/crazyflie_ros2_sgba.egg-info/SOURCES.txt'
[0.688s] reading manifest file '../../../build/crazyflie_ros2_sgba/crazyflie_ros2_sgba.egg-info/SOURCES.txt'
[0.689s] writing manifest file '../../../build/crazyflie_ros2_sgba/crazyflie_ros2_sgba.egg-info/SOURCES.txt'
[0.689s] running build
[0.689s] running build_py
[0.689s] creating /home/nicxe/ros2_ws/build/crazyflie_ros2_sgba/build
[0.689s] creating /home/nicxe/ros2_ws/build/crazyflie_ros2_sgba/build/lib
[0.689s] creating /home/nicxe/ros2_ws/build/crazyflie_ros2_sgba/build/lib/crazyflie_ros2_sgba
[0.690s] copying crazyflie_ros2_sgba/__init__.py -> /home/nicxe/ros2_ws/build/crazyflie_ros2_sgba/build/lib/crazyflie_ros2_sgba
[0.690s] running install
[0.690s] running install_lib
[0.690s] creating /home/nicxe/ros2_ws/install/crazyflie_ros2_sgba/lib/python3.8/site-packages/crazyflie_ros2_sgba
[0.691s] copying /home/nicxe/ros2_ws/build/crazyflie_ros2_sgba/build/lib/crazyflie_ros2_sgba/__init__.py -> /home/nicxe/ros2_ws/install/crazyflie_ros2_sgba/lib/python3.8/site-packages/crazyflie_ros2_sgba
[0.691s] byte-compiling /home/nicxe/ros2_ws/install/crazyflie_ros2_sgba/lib/python3.8/site-packages/crazyflie_ros2_sgba/__init__.py to __init__.cpython-38.pyc
[0.692s] running install_data
[0.692s] creating /home/nicxe/ros2_ws/install/crazyflie_ros2_sgba/share/ament_index
[0.692s] creating /home/nicxe/ros2_ws/install/crazyflie_ros2_sgba/share/ament_index/resource_index
[0.692s] creating /home/nicxe/ros2_ws/install/crazyflie_ros2_sgba/share/ament_index/resource_index/packages
[0.692s] copying resource/crazyflie_ros2_sgba -> /home/nicxe/ros2_ws/install/crazyflie_ros2_sgba/share/ament_index/resource_index/packages
[0.692s] copying package.xml -> /home/nicxe/ros2_ws/install/crazyflie_ros2_sgba/share/crazyflie_ros2_sgba
[0.692s] creating /home/nicxe/ros2_ws/install/crazyflie_ros2_sgba/share/crazyflie_ros2_sgba/launch
[0.692s] running install_egg_info
[0.693s] Copying ../../../build/crazyflie_ros2_sgba/crazyflie_ros2_sgba.egg-info to /home/nicxe/ros2_ws/install/crazyflie_ros2_sgba/lib/python3.8/site-packages/crazyflie_ros2_sgba-0.0.0-py3.8.egg-info
[0.694s] running install_scripts
[0.705s] writing list of installed files to '/home/nicxe/ros2_ws/build/crazyflie_ros2_sgba/install.log'
[0.718s] Invoked command in '/home/nicxe/ros2_ws/src/crazyswarm2/crazyflie_ros2_sgba' returned '0': PYTHONPATH=/home/nicxe/ros2_ws/build/crazyflie_ros2_sgba/prefix_override:/home/nicxe/ros2_ws/install/crazyflie_ros2_sgba/lib/python3.8/site-packages:${PYTHONPATH} /usr/bin/python3 setup.py egg_info --egg-base ../../../build/crazyflie_ros2_sgba build --build-base /home/nicxe/ros2_ws/build/crazyflie_ros2_sgba/build install --record /home/nicxe/ros2_ws/build/crazyflie_ros2_sgba/install.log --single-version-externally-managed
