[0.342s] Invoking command in '/home/tdeng23/ros2_ws/build/crazyflie_sim': CMAKE_PREFIX_PATH=/home/tdeng23/ros2_ws/install/crazyflie_interfaces:/home/tdeng23/ros2_ws/install/motion_capture_tracking:/home/tdeng23/ros2_ws/install/crazyflie:/home/tdeng23/ros2_ws/install/motion_capture_tracking_interfaces:/home/tdeng23/ros2_ws/install/crazyflie_sim:/home/tdeng23/ros2_ws/install/crazyflie_ros2_slam:/home/tdeng23/ros2_ws/install/crazyflie_ros2_navigation:/home/tdeng23/ros2_ws/install/crazyflie_ros2_interfaces:/home/tdeng23/ros2_ws/install/crazyflie_ros2_description:/home/tdeng23/ros2_ws/install/crazyflie_examples:/home/tdeng23/ros2_ws/install/my_package:/home/tdeng23/ros2_ws/install/crazyflie_simulation:/home/tdeng23/ros2_ws/install/crazyflie_ros2_simulation:/home/tdeng23/ros2_ws/install/crazyflie_ros2_simple_mapper:/home/tdeng23/ros2_ws/install/crazyflie_ros2_scan:/home/tdeng23/ros2_ws/install/crazyflie_ros2:/home/tdeng23/ros2_ws/install/crazyflie_py:/opt/ros/galactic LD_LIBRARY_PATH=/home/tdeng23/ros2_ws/install/crazyflie_interfaces/lib:/home/tdeng23/ros2_ws/install/motion_capture_tracking_interfaces/lib:/home/tdeng23/ros2_ws/install/crazyflie_ros2_interfaces/lib:/opt/ros/galactic/opt/yaml_cpp_vendor/lib:/opt/ros/galactic/opt/rviz_ogre_vendor/lib:/opt/ros/galactic/lib/x86_64-linux-gnu:/opt/ros/galactic/lib PYTHONPATH=/home/tdeng23/ros2_ws/install/crazyflie_interfaces/lib/python3.8/site-packages:/home/tdeng23/ros2_ws/build/my_package:/home/tdeng23/ros2_ws/install/my_package/lib/python3.8/site-packages:/home/tdeng23/ros2_ws/install/motion_capture_tracking_interfaces/lib/python3.8/site-packages:/home/tdeng23/ros2_ws/build/crazyflie_simulation:/home/tdeng23/ros2_ws/install/crazyflie_simulation/lib/python3.8/site-packages:/home/tdeng23/ros2_ws/install/crazyflie_sim/lib/python3.8/site-packages:/home/tdeng23/ros2_ws/build/crazyflie_ros2_simulation:/home/tdeng23/ros2_ws/install/crazyflie_ros2_simulation/lib/python3.8/site-packages:/home/tdeng23/ros2_ws/build/crazyflie_ros2_simple_mapper:/home/tdeng23/ros2_ws/install/crazyflie_ros2_simple_mapper/lib/python3.8/site-packages:/home/tdeng23/ros2_ws/build/crazyflie_ros2_scan:/home/tdeng23/ros2_ws/install/crazyflie_ros2_scan/lib/python3.8/site-packages:/home/tdeng23/ros2_ws/install/crazyflie_ros2_interfaces/lib/python3.8/site-packages:/home/tdeng23/ros2_ws/build/crazyflie_ros2:/home/tdeng23/ros2_ws/install/crazyflie_ros2/lib/python3.8/site-packages:/home/tdeng23/ros2_ws/install/crazyflie_examples/lib/python3.8/site-packages:/home/tdeng23/ros2_ws/build/crazyflie_py:/home/tdeng23/ros2_ws/install/crazyflie_py/lib/python3.8/site-packages:/opt/ros/galactic/lib/python3.8/site-packages /home/tdeng23/.local/bin/cmake /home/tdeng23/ros2_ws/src/crazyswarm2/crazyflie_sim -DCMAKE_INSTALL_PREFIX=/home/tdeng23/ros2_ws/install/crazyflie_sim
[0.407s] -- Found ament_cmake: 1.1.6 (/opt/ros/galactic/share/ament_cmake/cmake)
[0.465s] -- Using PYTHON_EXECUTABLE: /usr/bin/python3
[0.578s] -- Override CMake install command with custom implementation using symlinks instead of copying resources
[0.820s] -- Configuring done (0.4s)
[0.826s] -- Generating done (0.0s)
[0.827s] -- Build files have been written to: /home/tdeng23/ros2_ws/build/crazyflie_sim
[0.836s] Invoked command in '/home/tdeng23/ros2_ws/build/crazyflie_sim' returned '0': CMAKE_PREFIX_PATH=/home/tdeng23/ros2_ws/install/crazyflie_interfaces:/home/tdeng23/ros2_ws/install/motion_capture_tracking:/home/tdeng23/ros2_ws/install/crazyflie:/home/tdeng23/ros2_ws/install/motion_capture_tracking_interfaces:/home/tdeng23/ros2_ws/install/crazyflie_sim:/home/tdeng23/ros2_ws/install/crazyflie_ros2_slam:/home/tdeng23/ros2_ws/install/crazyflie_ros2_navigation:/home/tdeng23/ros2_ws/install/crazyflie_ros2_interfaces:/home/tdeng23/ros2_ws/install/crazyflie_ros2_description:/home/tdeng23/ros2_ws/install/crazyflie_examples:/home/tdeng23/ros2_ws/install/my_package:/home/tdeng23/ros2_ws/install/crazyflie_simulation:/home/tdeng23/ros2_ws/install/crazyflie_ros2_simulation:/home/tdeng23/ros2_ws/install/crazyflie_ros2_simple_mapper:/home/tdeng23/ros2_ws/install/crazyflie_ros2_scan:/home/tdeng23/ros2_ws/install/crazyflie_ros2:/home/tdeng23/ros2_ws/install/crazyflie_py:/opt/ros/galactic LD_LIBRARY_PATH=/home/tdeng23/ros2_ws/install/crazyflie_interfaces/lib:/home/tdeng23/ros2_ws/install/motion_capture_tracking_interfaces/lib:/home/tdeng23/ros2_ws/install/crazyflie_ros2_interfaces/lib:/opt/ros/galactic/opt/yaml_cpp_vendor/lib:/opt/ros/galactic/opt/rviz_ogre_vendor/lib:/opt/ros/galactic/lib/x86_64-linux-gnu:/opt/ros/galactic/lib PYTHONPATH=/home/tdeng23/ros2_ws/install/crazyflie_interfaces/lib/python3.8/site-packages:/home/tdeng23/ros2_ws/build/my_package:/home/tdeng23/ros2_ws/install/my_package/lib/python3.8/site-packages:/home/tdeng23/ros2_ws/install/motion_capture_tracking_interfaces/lib/python3.8/site-packages:/home/tdeng23/ros2_ws/build/crazyflie_simulation:/home/tdeng23/ros2_ws/install/crazyflie_simulation/lib/python3.8/site-packages:/home/tdeng23/ros2_ws/install/crazyflie_sim/lib/python3.8/site-packages:/home/tdeng23/ros2_ws/build/crazyflie_ros2_simulation:/home/tdeng23/ros2_ws/install/crazyflie_ros2_simulation/lib/python3.8/site-packages:/home/tdeng23/ros2_ws/build/crazyflie_ros2_simple_mapper:/home/tdeng23/ros2_ws/install/crazyflie_ros2_simple_mapper/lib/python3.8/site-packages:/home/tdeng23/ros2_ws/build/crazyflie_ros2_scan:/home/tdeng23/ros2_ws/install/crazyflie_ros2_scan/lib/python3.8/site-packages:/home/tdeng23/ros2_ws/install/crazyflie_ros2_interfaces/lib/python3.8/site-packages:/home/tdeng23/ros2_ws/build/crazyflie_ros2:/home/tdeng23/ros2_ws/install/crazyflie_ros2/lib/python3.8/site-packages:/home/tdeng23/ros2_ws/install/crazyflie_examples/lib/python3.8/site-packages:/home/tdeng23/ros2_ws/build/crazyflie_py:/home/tdeng23/ros2_ws/install/crazyflie_py/lib/python3.8/site-packages:/opt/ros/galactic/lib/python3.8/site-packages /home/tdeng23/.local/bin/cmake /home/tdeng23/ros2_ws/src/crazyswarm2/crazyflie_sim -DCMAKE_INSTALL_PREFIX=/home/tdeng23/ros2_ws/install/crazyflie_sim
[0.839s] Invoking command in '/home/tdeng23/ros2_ws/build/crazyflie_sim': CMAKE_PREFIX_PATH=/home/tdeng23/ros2_ws/install/crazyflie_interfaces:/home/tdeng23/ros2_ws/install/motion_capture_tracking:/home/tdeng23/ros2_ws/install/crazyflie:/home/tdeng23/ros2_ws/install/motion_capture_tracking_interfaces:/home/tdeng23/ros2_ws/install/crazyflie_sim:/home/tdeng23/ros2_ws/install/crazyflie_ros2_slam:/home/tdeng23/ros2_ws/install/crazyflie_ros2_navigation:/home/tdeng23/ros2_ws/install/crazyflie_ros2_interfaces:/home/tdeng23/ros2_ws/install/crazyflie_ros2_description:/home/tdeng23/ros2_ws/install/crazyflie_examples:/home/tdeng23/ros2_ws/install/my_package:/home/tdeng23/ros2_ws/install/crazyflie_simulation:/home/tdeng23/ros2_ws/install/crazyflie_ros2_simulation:/home/tdeng23/ros2_ws/install/crazyflie_ros2_simple_mapper:/home/tdeng23/ros2_ws/install/crazyflie_ros2_scan:/home/tdeng23/ros2_ws/install/crazyflie_ros2:/home/tdeng23/ros2_ws/install/crazyflie_py:/opt/ros/galactic LD_LIBRARY_PATH=/home/tdeng23/ros2_ws/install/crazyflie_interfaces/lib:/home/tdeng23/ros2_ws/install/motion_capture_tracking_interfaces/lib:/home/tdeng23/ros2_ws/install/crazyflie_ros2_interfaces/lib:/opt/ros/galactic/opt/yaml_cpp_vendor/lib:/opt/ros/galactic/opt/rviz_ogre_vendor/lib:/opt/ros/galactic/lib/x86_64-linux-gnu:/opt/ros/galactic/lib PYTHONPATH=/home/tdeng23/ros2_ws/install/crazyflie_interfaces/lib/python3.8/site-packages:/home/tdeng23/ros2_ws/build/my_package:/home/tdeng23/ros2_ws/install/my_package/lib/python3.8/site-packages:/home/tdeng23/ros2_ws/install/motion_capture_tracking_interfaces/lib/python3.8/site-packages:/home/tdeng23/ros2_ws/build/crazyflie_simulation:/home/tdeng23/ros2_ws/install/crazyflie_simulation/lib/python3.8/site-packages:/home/tdeng23/ros2_ws/install/crazyflie_sim/lib/python3.8/site-packages:/home/tdeng23/ros2_ws/build/crazyflie_ros2_simulation:/home/tdeng23/ros2_ws/install/crazyflie_ros2_simulation/lib/python3.8/site-packages:/home/tdeng23/ros2_ws/build/crazyflie_ros2_simple_mapper:/home/tdeng23/ros2_ws/install/crazyflie_ros2_simple_mapper/lib/python3.8/site-packages:/home/tdeng23/ros2_ws/build/crazyflie_ros2_scan:/home/tdeng23/ros2_ws/install/crazyflie_ros2_scan/lib/python3.8/site-packages:/home/tdeng23/ros2_ws/install/crazyflie_ros2_interfaces/lib/python3.8/site-packages:/home/tdeng23/ros2_ws/build/crazyflie_ros2:/home/tdeng23/ros2_ws/install/crazyflie_ros2/lib/python3.8/site-packages:/home/tdeng23/ros2_ws/install/crazyflie_examples/lib/python3.8/site-packages:/home/tdeng23/ros2_ws/build/crazyflie_py:/home/tdeng23/ros2_ws/install/crazyflie_py/lib/python3.8/site-packages:/opt/ros/galactic/lib/python3.8/site-packages /home/tdeng23/.local/bin/cmake --build /home/tdeng23/ros2_ws/build/crazyflie_sim -- -j8 -l8
[0.905s] Built target ament_cmake_python_symlink_crazyflie_sim
[0.906s] Built target ament_cmake_python_symlink_crazyflie_sim_setup
[1.270s] running egg_info
[1.271s] writing crazyflie_sim.egg-info/PKG-INFO
[1.271s] writing dependency_links to crazyflie_sim.egg-info/dependency_links.txt
[1.271s] writing entry points to crazyflie_sim.egg-info/entry_points.txt
[1.271s] writing top-level names to crazyflie_sim.egg-info/top_level.txt
[1.313s] reading manifest file 'crazyflie_sim.egg-info/SOURCES.txt'
[1.314s] writing manifest file 'crazyflie_sim.egg-info/SOURCES.txt'
[1.324s] running install_scripts
[1.341s] Built target ament_cmake_python_build_crazyflie_sim_egg
[1.362s] running egg_info
[1.365s] writing crazyflie_sim.egg-info/PKG-INFO
[1.365s] writing dependency_links to crazyflie_sim.egg-info/dependency_links.txt
[1.365s] writing entry points to crazyflie_sim.egg-info/entry_points.txt
[1.365s] writing top-level names to crazyflie_sim.egg-info/top_level.txt
[1.422s] reading manifest file 'crazyflie_sim.egg-info/SOURCES.txt'
[1.423s] writing manifest file 'crazyflie_sim.egg-info/SOURCES.txt'
[1.425s] Installing crazyflie_server script to scripts
[1.461s] Built target ament_cmake_python_build_crazyflie_sim_scripts
[1.473s] Invoked command in '/home/tdeng23/ros2_ws/build/crazyflie_sim' returned '0': CMAKE_PREFIX_PATH=/home/tdeng23/ros2_ws/install/crazyflie_interfaces:/home/tdeng23/ros2_ws/install/motion_capture_tracking:/home/tdeng23/ros2_ws/install/crazyflie:/home/tdeng23/ros2_ws/install/motion_capture_tracking_interfaces:/home/tdeng23/ros2_ws/install/crazyflie_sim:/home/tdeng23/ros2_ws/install/crazyflie_ros2_slam:/home/tdeng23/ros2_ws/install/crazyflie_ros2_navigation:/home/tdeng23/ros2_ws/install/crazyflie_ros2_interfaces:/home/tdeng23/ros2_ws/install/crazyflie_ros2_description:/home/tdeng23/ros2_ws/install/crazyflie_examples:/home/tdeng23/ros2_ws/install/my_package:/home/tdeng23/ros2_ws/install/crazyflie_simulation:/home/tdeng23/ros2_ws/install/crazyflie_ros2_simulation:/home/tdeng23/ros2_ws/install/crazyflie_ros2_simple_mapper:/home/tdeng23/ros2_ws/install/crazyflie_ros2_scan:/home/tdeng23/ros2_ws/install/crazyflie_ros2:/home/tdeng23/ros2_ws/install/crazyflie_py:/opt/ros/galactic LD_LIBRARY_PATH=/home/tdeng23/ros2_ws/install/crazyflie_interfaces/lib:/home/tdeng23/ros2_ws/install/motion_capture_tracking_interfaces/lib:/home/tdeng23/ros2_ws/install/crazyflie_ros2_interfaces/lib:/opt/ros/galactic/opt/yaml_cpp_vendor/lib:/opt/ros/galactic/opt/rviz_ogre_vendor/lib:/opt/ros/galactic/lib/x86_64-linux-gnu:/opt/ros/galactic/lib PYTHONPATH=/home/tdeng23/ros2_ws/install/crazyflie_interfaces/lib/python3.8/site-packages:/home/tdeng23/ros2_ws/build/my_package:/home/tdeng23/ros2_ws/install/my_package/lib/python3.8/site-packages:/home/tdeng23/ros2_ws/install/motion_capture_tracking_interfaces/lib/python3.8/site-packages:/home/tdeng23/ros2_ws/build/crazyflie_simulation:/home/tdeng23/ros2_ws/install/crazyflie_simulation/lib/python3.8/site-packages:/home/tdeng23/ros2_ws/install/crazyflie_sim/lib/python3.8/site-packages:/home/tdeng23/ros2_ws/build/crazyflie_ros2_simulation:/home/tdeng23/ros2_ws/install/crazyflie_ros2_simulation/lib/python3.8/site-packages:/home/tdeng23/ros2_ws/build/crazyflie_ros2_simple_mapper:/home/tdeng23/ros2_ws/install/crazyflie_ros2_simple_mapper/lib/python3.8/site-packages:/home/tdeng23/ros2_ws/build/crazyflie_ros2_scan:/home/tdeng23/ros2_ws/install/crazyflie_ros2_scan/lib/python3.8/site-packages:/home/tdeng23/ros2_ws/install/crazyflie_ros2_interfaces/lib/python3.8/site-packages:/home/tdeng23/ros2_ws/build/crazyflie_ros2:/home/tdeng23/ros2_ws/install/crazyflie_ros2/lib/python3.8/site-packages:/home/tdeng23/ros2_ws/install/crazyflie_examples/lib/python3.8/site-packages:/home/tdeng23/ros2_ws/build/crazyflie_py:/home/tdeng23/ros2_ws/install/crazyflie_py/lib/python3.8/site-packages:/opt/ros/galactic/lib/python3.8/site-packages /home/tdeng23/.local/bin/cmake --build /home/tdeng23/ros2_ws/build/crazyflie_sim -- -j8 -l8
[1.552s] Invoking command in '/home/tdeng23/ros2_ws/build/crazyflie_sim': CMAKE_PREFIX_PATH=/home/tdeng23/ros2_ws/install/crazyflie_interfaces:/home/tdeng23/ros2_ws/install/motion_capture_tracking:/home/tdeng23/ros2_ws/install/crazyflie:/home/tdeng23/ros2_ws/install/motion_capture_tracking_interfaces:/home/tdeng23/ros2_ws/install/crazyflie_sim:/home/tdeng23/ros2_ws/install/crazyflie_ros2_slam:/home/tdeng23/ros2_ws/install/crazyflie_ros2_navigation:/home/tdeng23/ros2_ws/install/crazyflie_ros2_interfaces:/home/tdeng23/ros2_ws/install/crazyflie_ros2_description:/home/tdeng23/ros2_ws/install/crazyflie_examples:/home/tdeng23/ros2_ws/install/my_package:/home/tdeng23/ros2_ws/install/crazyflie_simulation:/home/tdeng23/ros2_ws/install/crazyflie_ros2_simulation:/home/tdeng23/ros2_ws/install/crazyflie_ros2_simple_mapper:/home/tdeng23/ros2_ws/install/crazyflie_ros2_scan:/home/tdeng23/ros2_ws/install/crazyflie_ros2:/home/tdeng23/ros2_ws/install/crazyflie_py:/opt/ros/galactic LD_LIBRARY_PATH=/home/tdeng23/ros2_ws/install/crazyflie_interfaces/lib:/home/tdeng23/ros2_ws/install/motion_capture_tracking_interfaces/lib:/home/tdeng23/ros2_ws/install/crazyflie_ros2_interfaces/lib:/opt/ros/galactic/opt/yaml_cpp_vendor/lib:/opt/ros/galactic/opt/rviz_ogre_vendor/lib:/opt/ros/galactic/lib/x86_64-linux-gnu:/opt/ros/galactic/lib PYTHONPATH=/home/tdeng23/ros2_ws/install/crazyflie_interfaces/lib/python3.8/site-packages:/home/tdeng23/ros2_ws/build/my_package:/home/tdeng23/ros2_ws/install/my_package/lib/python3.8/site-packages:/home/tdeng23/ros2_ws/install/motion_capture_tracking_interfaces/lib/python3.8/site-packages:/home/tdeng23/ros2_ws/build/crazyflie_simulation:/home/tdeng23/ros2_ws/install/crazyflie_simulation/lib/python3.8/site-packages:/home/tdeng23/ros2_ws/install/crazyflie_sim/lib/python3.8/site-packages:/home/tdeng23/ros2_ws/build/crazyflie_ros2_simulation:/home/tdeng23/ros2_ws/install/crazyflie_ros2_simulation/lib/python3.8/site-packages:/home/tdeng23/ros2_ws/build/crazyflie_ros2_simple_mapper:/home/tdeng23/ros2_ws/install/crazyflie_ros2_simple_mapper/lib/python3.8/site-packages:/home/tdeng23/ros2_ws/build/crazyflie_ros2_scan:/home/tdeng23/ros2_ws/install/crazyflie_ros2_scan/lib/python3.8/site-packages:/home/tdeng23/ros2_ws/install/crazyflie_ros2_interfaces/lib/python3.8/site-packages:/home/tdeng23/ros2_ws/build/crazyflie_ros2:/home/tdeng23/ros2_ws/install/crazyflie_ros2/lib/python3.8/site-packages:/home/tdeng23/ros2_ws/install/crazyflie_examples/lib/python3.8/site-packages:/home/tdeng23/ros2_ws/build/crazyflie_py:/home/tdeng23/ros2_ws/install/crazyflie_py/lib/python3.8/site-packages:/opt/ros/galactic/lib/python3.8/site-packages /home/tdeng23/.local/bin/cmake --install /home/tdeng23/ros2_ws/build/crazyflie_sim
[1.592s] -- Install configuration: ""
[1.592s] -- Execute custom install script
[1.592s] -- Up-to-date symlink: /home/tdeng23/ros2_ws/install/crazyflie_sim/share/crazyflie_sim/environment/pythonpath.sh
[1.592s] -- Up-to-date symlink: /home/tdeng23/ros2_ws/install/crazyflie_sim/share/crazyflie_sim/environment/pythonpath.dsv
[1.593s] -- Up-to-date symlink: /home/tdeng23/ros2_ws/install/crazyflie_sim/lib/python3.8/site-packages//crazyflie_sim.egg-info/PKG-INFO
[1.593s] -- Up-to-date symlink: /home/tdeng23/ros2_ws/install/crazyflie_sim/lib/python3.8/site-packages//crazyflie_sim.egg-info/SOURCES.txt
[1.593s] -- Up-to-date symlink: /home/tdeng23/ros2_ws/install/crazyflie_sim/lib/python3.8/site-packages//crazyflie_sim.egg-info/dependency_links.txt
[1.593s] -- Up-to-date symlink: /home/tdeng23/ros2_ws/install/crazyflie_sim/lib/python3.8/site-packages//crazyflie_sim.egg-info/entry_points.txt
[1.593s] -- Up-to-date symlink: /home/tdeng23/ros2_ws/install/crazyflie_sim/lib/python3.8/site-packages//crazyflie_sim.egg-info/top_level.txt
[1.593s] -- Up-to-date symlink: /home/tdeng23/ros2_ws/install/crazyflie_sim/lib/crazyflie_sim//crazyflie_server
[1.594s] -- Up-to-date symlink: /home/tdeng23/ros2_ws/install/crazyflie_sim/lib/python3.8/site-packages/crazyflie_sim/__init__.py
[1.594s] -- Up-to-date symlink: /home/tdeng23/ros2_ws/install/crazyflie_sim/lib/python3.8/site-packages/crazyflie_sim/backend/none.py
[1.594s] -- Up-to-date symlink: /home/tdeng23/ros2_ws/install/crazyflie_sim/lib/python3.8/site-packages/crazyflie_sim/backend/np.py
[1.594s] -- Up-to-date symlink: /home/tdeng23/ros2_ws/install/crazyflie_sim/lib/python3.8/site-packages/crazyflie_sim/crazyflie_server.py
[1.594s] -- Up-to-date symlink: /home/tdeng23/ros2_ws/install/crazyflie_sim/lib/python3.8/site-packages/crazyflie_sim/crazyflie_sil.py
[1.594s] -- Up-to-date symlink: /home/tdeng23/ros2_ws/install/crazyflie_sim/lib/python3.8/site-packages/crazyflie_sim/sim_data_types.py
[1.594s] -- Up-to-date symlink: /home/tdeng23/ros2_ws/install/crazyflie_sim/lib/python3.8/site-packages/crazyflie_sim/visualization/README.md
[1.594s] -- Up-to-date symlink: /home/tdeng23/ros2_ws/install/crazyflie_sim/lib/python3.8/site-packages/crazyflie_sim/visualization/blender.py
[1.594s] -- Up-to-date symlink: /home/tdeng23/ros2_ws/install/crazyflie_sim/lib/python3.8/site-packages/crazyflie_sim/visualization/data/README.md
[1.594s] -- Up-to-date symlink: /home/tdeng23/ros2_ws/install/crazyflie_sim/lib/python3.8/site-packages/crazyflie_sim/visualization/data/env/abandoned_greenhouse.jpg
[1.595s] -- Up-to-date symlink: /home/tdeng23/ros2_ws/install/crazyflie_sim/lib/python3.8/site-packages/crazyflie_sim/visualization/data/env/aerodynamics_workshop.jpg
[1.595s] -- Up-to-date symlink: /home/tdeng23/ros2_ws/install/crazyflie_sim/lib/python3.8/site-packages/crazyflie_sim/visualization/data/env/aviation_museum.jpg
[1.595s] -- Up-to-date symlink: /home/tdeng23/ros2_ws/install/crazyflie_sim/lib/python3.8/site-packages/crazyflie_sim/visualization/data/env/crosswalk.jpg
[1.595s] -- Up-to-date symlink: /home/tdeng23/ros2_ws/install/crazyflie_sim/lib/python3.8/site-packages/crazyflie_sim/visualization/data/env/derelict_overpass.jpg
[1.595s] -- Up-to-date symlink: /home/tdeng23/ros2_ws/install/crazyflie_sim/lib/python3.8/site-packages/crazyflie_sim/visualization/data/env/env.jpg
[1.595s] -- Up-to-date symlink: /home/tdeng23/ros2_ws/install/crazyflie_sim/lib/python3.8/site-packages/crazyflie_sim/visualization/data/env/lago_disola.jpg
[1.596s] -- Up-to-date symlink: /home/tdeng23/ros2_ws/install/crazyflie_sim/lib/python3.8/site-packages/crazyflie_sim/visualization/data/env/lake_pier.jpg
[1.596s] -- Up-to-date symlink: /home/tdeng23/ros2_ws/install/crazyflie_sim/lib/python3.8/site-packages/crazyflie_sim/visualization/data/env/machine_shop.jpg
[1.596s] -- Up-to-date symlink: /home/tdeng23/ros2_ws/install/crazyflie_sim/lib/python3.8/site-packages/crazyflie_sim/visualization/data/env/museumplein.jpg
[1.596s] -- Up-to-date symlink: /home/tdeng23/ros2_ws/install/crazyflie_sim/lib/python3.8/site-packages/crazyflie_sim/visualization/data/env/peppermint_powerplant.jpg
[1.596s] -- Up-to-date symlink: /home/tdeng23/ros2_ws/install/crazyflie_sim/lib/python3.8/site-packages/crazyflie_sim/visualization/data/env/studio_garden.jpg
[1.596s] -- Up-to-date symlink: /home/tdeng23/ros2_ws/install/crazyflie_sim/lib/python3.8/site-packages/crazyflie_sim/visualization/data/model/cf.mtl
[1.597s] -- Up-to-date symlink: /home/tdeng23/ros2_ws/install/crazyflie_sim/lib/python3.8/site-packages/crazyflie_sim/visualization/data/model/cf.obj
[1.597s] -- Up-to-date symlink: /home/tdeng23/ros2_ws/install/crazyflie_sim/lib/python3.8/site-packages/crazyflie_sim/visualization/pdf.py
[1.597s] -- Up-to-date symlink: /home/tdeng23/ros2_ws/install/crazyflie_sim/lib/python3.8/site-packages/crazyflie_sim/visualization/record_states.py
[1.597s] -- Up-to-date symlink: /home/tdeng23/ros2_ws/install/crazyflie_sim/lib/python3.8/site-packages/crazyflie_sim/visualization/rviz.py
[1.598s] -- Up-to-date symlink: /home/tdeng23/ros2_ws/install/crazyflie_sim/share/ament_index/resource_index/package_run_dependencies/crazyflie_sim
[1.598s] -- Up-to-date symlink: /home/tdeng23/ros2_ws/install/crazyflie_sim/share/ament_index/resource_index/parent_prefix_path/crazyflie_sim
[1.598s] -- Up-to-date symlink: /home/tdeng23/ros2_ws/install/crazyflie_sim/share/crazyflie_sim/environment/ament_prefix_path.sh
[1.598s] -- Up-to-date symlink: /home/tdeng23/ros2_ws/install/crazyflie_sim/share/crazyflie_sim/environment/ament_prefix_path.dsv
[1.598s] -- Up-to-date symlink: /home/tdeng23/ros2_ws/install/crazyflie_sim/share/crazyflie_sim/environment/path.sh
[1.598s] -- Up-to-date symlink: /home/tdeng23/ros2_ws/install/crazyflie_sim/share/crazyflie_sim/environment/path.dsv
[1.598s] -- Up-to-date symlink: /home/tdeng23/ros2_ws/install/crazyflie_sim/share/crazyflie_sim/local_setup.bash
[1.598s] -- Up-to-date symlink: /home/tdeng23/ros2_ws/install/crazyflie_sim/share/crazyflie_sim/local_setup.sh
[1.598s] -- Up-to-date symlink: /home/tdeng23/ros2_ws/install/crazyflie_sim/share/crazyflie_sim/local_setup.zsh
[1.599s] -- Up-to-date symlink: /home/tdeng23/ros2_ws/install/crazyflie_sim/share/crazyflie_sim/local_setup.dsv
[1.599s] -- Symlinking: /home/tdeng23/ros2_ws/install/crazyflie_sim/share/crazyflie_sim/package.dsv
[1.602s] -- Up-to-date symlink: /home/tdeng23/ros2_ws/install/crazyflie_sim/share/ament_index/resource_index/packages/crazyflie_sim
[1.602s] -- Up-to-date symlink: /home/tdeng23/ros2_ws/install/crazyflie_sim/share/crazyflie_sim/cmake/crazyflie_simConfig.cmake
[1.602s] -- Up-to-date symlink: /home/tdeng23/ros2_ws/install/crazyflie_sim/share/crazyflie_sim/cmake/crazyflie_simConfig-version.cmake
[1.602s] -- Up-to-date symlink: /home/tdeng23/ros2_ws/install/crazyflie_sim/share/crazyflie_sim/package.xml
[1.643s] Listing '/home/tdeng23/ros2_ws/install/crazyflie_sim/lib/python3.8/site-packages/crazyflie_sim'...
[1.643s] Listing '/home/tdeng23/ros2_ws/install/crazyflie_sim/lib/python3.8/site-packages/crazyflie_sim/backend'...
[1.643s] Listing '/home/tdeng23/ros2_ws/install/crazyflie_sim/lib/python3.8/site-packages/crazyflie_sim/visualization'...
[1.643s] Listing '/home/tdeng23/ros2_ws/install/crazyflie_sim/lib/python3.8/site-packages/crazyflie_sim/visualization/data'...
[1.643s] Listing '/home/tdeng23/ros2_ws/install/crazyflie_sim/lib/python3.8/site-packages/crazyflie_sim/visualization/data/env'...
[1.643s] Listing '/home/tdeng23/ros2_ws/install/crazyflie_sim/lib/python3.8/site-packages/crazyflie_sim/visualization/data/model'...
[1.656s] Invoked command in '/home/tdeng23/ros2_ws/build/crazyflie_sim' returned '0': CMAKE_PREFIX_PATH=/home/tdeng23/ros2_ws/install/crazyflie_interfaces:/home/tdeng23/ros2_ws/install/motion_capture_tracking:/home/tdeng23/ros2_ws/install/crazyflie:/home/tdeng23/ros2_ws/install/motion_capture_tracking_interfaces:/home/tdeng23/ros2_ws/install/crazyflie_sim:/home/tdeng23/ros2_ws/install/crazyflie_ros2_slam:/home/tdeng23/ros2_ws/install/crazyflie_ros2_navigation:/home/tdeng23/ros2_ws/install/crazyflie_ros2_interfaces:/home/tdeng23/ros2_ws/install/crazyflie_ros2_description:/home/tdeng23/ros2_ws/install/crazyflie_examples:/home/tdeng23/ros2_ws/install/my_package:/home/tdeng23/ros2_ws/install/crazyflie_simulation:/home/tdeng23/ros2_ws/install/crazyflie_ros2_simulation:/home/tdeng23/ros2_ws/install/crazyflie_ros2_simple_mapper:/home/tdeng23/ros2_ws/install/crazyflie_ros2_scan:/home/tdeng23/ros2_ws/install/crazyflie_ros2:/home/tdeng23/ros2_ws/install/crazyflie_py:/opt/ros/galactic LD_LIBRARY_PATH=/home/tdeng23/ros2_ws/install/crazyflie_interfaces/lib:/home/tdeng23/ros2_ws/install/motion_capture_tracking_interfaces/lib:/home/tdeng23/ros2_ws/install/crazyflie_ros2_interfaces/lib:/opt/ros/galactic/opt/yaml_cpp_vendor/lib:/opt/ros/galactic/opt/rviz_ogre_vendor/lib:/opt/ros/galactic/lib/x86_64-linux-gnu:/opt/ros/galactic/lib PYTHONPATH=/home/tdeng23/ros2_ws/install/crazyflie_interfaces/lib/python3.8/site-packages:/home/tdeng23/ros2_ws/build/my_package:/home/tdeng23/ros2_ws/install/my_package/lib/python3.8/site-packages:/home/tdeng23/ros2_ws/install/motion_capture_tracking_interfaces/lib/python3.8/site-packages:/home/tdeng23/ros2_ws/build/crazyflie_simulation:/home/tdeng23/ros2_ws/install/crazyflie_simulation/lib/python3.8/site-packages:/home/tdeng23/ros2_ws/install/crazyflie_sim/lib/python3.8/site-packages:/home/tdeng23/ros2_ws/build/crazyflie_ros2_simulation:/home/tdeng23/ros2_ws/install/crazyflie_ros2_simulation/lib/python3.8/site-packages:/home/tdeng23/ros2_ws/build/crazyflie_ros2_simple_mapper:/home/tdeng23/ros2_ws/install/crazyflie_ros2_simple_mapper/lib/python3.8/site-packages:/home/tdeng23/ros2_ws/build/crazyflie_ros2_scan:/home/tdeng23/ros2_ws/install/crazyflie_ros2_scan/lib/python3.8/site-packages:/home/tdeng23/ros2_ws/install/crazyflie_ros2_interfaces/lib/python3.8/site-packages:/home/tdeng23/ros2_ws/build/crazyflie_ros2:/home/tdeng23/ros2_ws/install/crazyflie_ros2/lib/python3.8/site-packages:/home/tdeng23/ros2_ws/install/crazyflie_examples/lib/python3.8/site-packages:/home/tdeng23/ros2_ws/build/crazyflie_py:/home/tdeng23/ros2_ws/install/crazyflie_py/lib/python3.8/site-packages:/opt/ros/galactic/lib/python3.8/site-packages /home/tdeng23/.local/bin/cmake --install /home/tdeng23/ros2_ws/build/crazyflie_sim
