[0.200s] Invoking command in '/home/nicxe/ros2_ws/build/crazyflie_sim': CMAKE_PREFIX_PATH=/home/nicxe/ros2_ws/install/crazyflie_interfaces:/home/nicxe/ros2_ws/install/motion_capture_tracking:/home/nicxe/ros2_ws/install/crazyflie:/home/nicxe/ros2_ws/install/motion_capture_tracking_interfaces:/home/nicxe/ros2_ws/install/crazyflie_sim:/home/nicxe/ros2_ws/install/crazyflie_ros2_slam:/home/nicxe/ros2_ws/install/crazyflie_ros2_navigation:/home/nicxe/ros2_ws/install/crazyflie_ros2_interfaces:/home/nicxe/ros2_ws/install/crazyflie_ros2_description:/home/nicxe/ros2_ws/install/crazyflie_examples:/home/nicxe/ros2_ws/install/my_package:/home/nicxe/ros2_ws/install/crazyflie_simulation:/home/nicxe/ros2_ws/install/crazyflie_ros2_simulation:/home/nicxe/ros2_ws/install/crazyflie_ros2_simple_mapper:/home/nicxe/ros2_ws/install/crazyflie_ros2_scan:/home/nicxe/ros2_ws/install/crazyflie_ros2:/home/nicxe/ros2_ws/install/crazyflie_py:/opt/ros/galactic LD_LIBRARY_PATH=/home/nicxe/ros2_ws/install/crazyflie_interfaces/lib:/home/nicxe/ros2_ws/install/motion_capture_tracking_interfaces/lib:/home/nicxe/ros2_ws/install/crazyflie_ros2_interfaces/lib:/opt/ros/galactic/opt/yaml_cpp_vendor/lib:/opt/ros/galactic/opt/rviz_ogre_vendor/lib:/opt/ros/galactic/lib/x86_64-linux-gnu:/opt/ros/galactic/lib PYTHONPATH=/home/nicxe/ros2_ws/install/crazyflie_interfaces/lib/python3.8/site-packages:/home/nicxe/CS_SITP/crazyflie-firmware/build:/home/nicxe/ros2_ws/install/my_package/lib/python3.8/site-packages:/home/nicxe/ros2_ws/install/motion_capture_tracking_interfaces/lib/python3.8/site-packages:/home/nicxe/ros2_ws/install/crazyflie_simulation/lib/python3.8/site-packages:/home/nicxe/ros2_ws/install/crazyflie_sim/lib/python3.8/site-packages:/home/nicxe/ros2_ws/install/crazyflie_ros2_simulation/lib/python3.8/site-packages:/home/nicxe/ros2_ws/install/crazyflie_ros2_simple_mapper/lib/python3.8/site-packages:/home/nicxe/ros2_ws/install/crazyflie_ros2_scan/lib/python3.8/site-packages:/home/nicxe/ros2_ws/install/crazyflie_ros2_interfaces/lib/python3.8/site-packages:/home/nicxe/ros2_ws/install/crazyflie_ros2/lib/python3.8/site-packages:/home/nicxe/ros2_ws/install/crazyflie_examples/lib/python3.8/site-packages:/home/nicxe/ros2_ws/install/crazyflie_py/lib/python3.8/site-packages:/opt/ros/galactic/lib/python3.8/site-packages /usr/bin/cmake /home/nicxe/ros2_ws/src/crazyswarm2/crazyflie_sim -DCMAKE_INSTALL_PREFIX=/home/nicxe/ros2_ws/install/crazyflie_sim
[0.245s] -- The C compiler identification is GNU 9.4.0
[0.286s] -- The CXX compiler identification is GNU 9.4.0
[0.290s] -- Check for working C compiler: /usr/bin/cc
[0.340s] -- Check for working C compiler: /usr/bin/cc -- works
[0.341s] -- Detecting C compiler ABI info
[0.391s] -- Detecting C compiler ABI info - done
[0.399s] -- Detecting C compile features
[0.400s] -- Detecting C compile features - done
[0.401s] -- Check for working CXX compiler: /usr/bin/c++
[0.459s] -- Check for working CXX compiler: /usr/bin/c++ -- works
[0.459s] -- Detecting CXX compiler ABI info
[0.514s] -- Detecting CXX compiler ABI info - done
[0.523s] -- Detecting CXX compile features
[0.523s] -- Detecting CXX compile features - done
[0.525s] -- Found ament_cmake: 1.1.6 (/opt/ros/galactic/share/ament_cmake/cmake)
[0.545s] -- Found PythonInterp: /usr/bin/python3 (found suitable version "3.8.10", minimum required is "3") 
[0.545s] -- Using PYTHON_EXECUTABLE: /usr/bin/python3
[0.714s] -- Configuring done
[0.716s] -- Generating done
[0.717s] -- Build files have been written to: /home/nicxe/ros2_ws/build/crazyflie_sim
[0.719s] Invoked command in '/home/nicxe/ros2_ws/build/crazyflie_sim' returned '0': CMAKE_PREFIX_PATH=/home/nicxe/ros2_ws/install/crazyflie_interfaces:/home/nicxe/ros2_ws/install/motion_capture_tracking:/home/nicxe/ros2_ws/install/crazyflie:/home/nicxe/ros2_ws/install/motion_capture_tracking_interfaces:/home/nicxe/ros2_ws/install/crazyflie_sim:/home/nicxe/ros2_ws/install/crazyflie_ros2_slam:/home/nicxe/ros2_ws/install/crazyflie_ros2_navigation:/home/nicxe/ros2_ws/install/crazyflie_ros2_interfaces:/home/nicxe/ros2_ws/install/crazyflie_ros2_description:/home/nicxe/ros2_ws/install/crazyflie_examples:/home/nicxe/ros2_ws/install/my_package:/home/nicxe/ros2_ws/install/crazyflie_simulation:/home/nicxe/ros2_ws/install/crazyflie_ros2_simulation:/home/nicxe/ros2_ws/install/crazyflie_ros2_simple_mapper:/home/nicxe/ros2_ws/install/crazyflie_ros2_scan:/home/nicxe/ros2_ws/install/crazyflie_ros2:/home/nicxe/ros2_ws/install/crazyflie_py:/opt/ros/galactic LD_LIBRARY_PATH=/home/nicxe/ros2_ws/install/crazyflie_interfaces/lib:/home/nicxe/ros2_ws/install/motion_capture_tracking_interfaces/lib:/home/nicxe/ros2_ws/install/crazyflie_ros2_interfaces/lib:/opt/ros/galactic/opt/yaml_cpp_vendor/lib:/opt/ros/galactic/opt/rviz_ogre_vendor/lib:/opt/ros/galactic/lib/x86_64-linux-gnu:/opt/ros/galactic/lib PYTHONPATH=/home/nicxe/ros2_ws/install/crazyflie_interfaces/lib/python3.8/site-packages:/home/nicxe/CS_SITP/crazyflie-firmware/build:/home/nicxe/ros2_ws/install/my_package/lib/python3.8/site-packages:/home/nicxe/ros2_ws/install/motion_capture_tracking_interfaces/lib/python3.8/site-packages:/home/nicxe/ros2_ws/install/crazyflie_simulation/lib/python3.8/site-packages:/home/nicxe/ros2_ws/install/crazyflie_sim/lib/python3.8/site-packages:/home/nicxe/ros2_ws/install/crazyflie_ros2_simulation/lib/python3.8/site-packages:/home/nicxe/ros2_ws/install/crazyflie_ros2_simple_mapper/lib/python3.8/site-packages:/home/nicxe/ros2_ws/install/crazyflie_ros2_scan/lib/python3.8/site-packages:/home/nicxe/ros2_ws/install/crazyflie_ros2_interfaces/lib/python3.8/site-packages:/home/nicxe/ros2_ws/install/crazyflie_ros2/lib/python3.8/site-packages:/home/nicxe/ros2_ws/install/crazyflie_examples/lib/python3.8/site-packages:/home/nicxe/ros2_ws/install/crazyflie_py/lib/python3.8/site-packages:/opt/ros/galactic/lib/python3.8/site-packages /usr/bin/cmake /home/nicxe/ros2_ws/src/crazyswarm2/crazyflie_sim -DCMAKE_INSTALL_PREFIX=/home/nicxe/ros2_ws/install/crazyflie_sim
[0.721s] Invoking command in '/home/nicxe/ros2_ws/build/crazyflie_sim': CMAKE_PREFIX_PATH=/home/nicxe/ros2_ws/install/crazyflie_interfaces:/home/nicxe/ros2_ws/install/motion_capture_tracking:/home/nicxe/ros2_ws/install/crazyflie:/home/nicxe/ros2_ws/install/motion_capture_tracking_interfaces:/home/nicxe/ros2_ws/install/crazyflie_sim:/home/nicxe/ros2_ws/install/crazyflie_ros2_slam:/home/nicxe/ros2_ws/install/crazyflie_ros2_navigation:/home/nicxe/ros2_ws/install/crazyflie_ros2_interfaces:/home/nicxe/ros2_ws/install/crazyflie_ros2_description:/home/nicxe/ros2_ws/install/crazyflie_examples:/home/nicxe/ros2_ws/install/my_package:/home/nicxe/ros2_ws/install/crazyflie_simulation:/home/nicxe/ros2_ws/install/crazyflie_ros2_simulation:/home/nicxe/ros2_ws/install/crazyflie_ros2_simple_mapper:/home/nicxe/ros2_ws/install/crazyflie_ros2_scan:/home/nicxe/ros2_ws/install/crazyflie_ros2:/home/nicxe/ros2_ws/install/crazyflie_py:/opt/ros/galactic LD_LIBRARY_PATH=/home/nicxe/ros2_ws/install/crazyflie_interfaces/lib:/home/nicxe/ros2_ws/install/motion_capture_tracking_interfaces/lib:/home/nicxe/ros2_ws/install/crazyflie_ros2_interfaces/lib:/opt/ros/galactic/opt/yaml_cpp_vendor/lib:/opt/ros/galactic/opt/rviz_ogre_vendor/lib:/opt/ros/galactic/lib/x86_64-linux-gnu:/opt/ros/galactic/lib PYTHONPATH=/home/nicxe/ros2_ws/install/crazyflie_interfaces/lib/python3.8/site-packages:/home/nicxe/CS_SITP/crazyflie-firmware/build:/home/nicxe/ros2_ws/install/my_package/lib/python3.8/site-packages:/home/nicxe/ros2_ws/install/motion_capture_tracking_interfaces/lib/python3.8/site-packages:/home/nicxe/ros2_ws/install/crazyflie_simulation/lib/python3.8/site-packages:/home/nicxe/ros2_ws/install/crazyflie_sim/lib/python3.8/site-packages:/home/nicxe/ros2_ws/install/crazyflie_ros2_simulation/lib/python3.8/site-packages:/home/nicxe/ros2_ws/install/crazyflie_ros2_simple_mapper/lib/python3.8/site-packages:/home/nicxe/ros2_ws/install/crazyflie_ros2_scan/lib/python3.8/site-packages:/home/nicxe/ros2_ws/install/crazyflie_ros2_interfaces/lib/python3.8/site-packages:/home/nicxe/ros2_ws/install/crazyflie_ros2/lib/python3.8/site-packages:/home/nicxe/ros2_ws/install/crazyflie_examples/lib/python3.8/site-packages:/home/nicxe/ros2_ws/install/crazyflie_py/lib/python3.8/site-packages:/opt/ros/galactic/lib/python3.8/site-packages /usr/bin/cmake --build /home/nicxe/ros2_ws/build/crazyflie_sim -- -j8 -l8
[0.750s] [35m[1mScanning dependencies of target ament_cmake_python_copy_crazyflie_sim[0m
[0.751s] [35m[1mScanning dependencies of target ament_cmake_python_copy_crazyflie_sim_setup[0m
[0.762s] Built target ament_cmake_python_copy_crazyflie_sim_setup
[0.766s] Built target ament_cmake_python_copy_crazyflie_sim
[0.771s] [35m[1mScanning dependencies of target ament_cmake_python_build_crazyflie_sim_scripts[0m
[0.771s] [35m[1mScanning dependencies of target ament_cmake_python_build_crazyflie_sim_egg[0m
[0.936s] running install_scripts
[0.938s] running egg_info
[0.938s] creating crazyflie_sim.egg-info
[0.938s] writing crazyflie_sim.egg-info/PKG-INFO
[0.938s] writing dependency_links to crazyflie_sim.egg-info/dependency_links.txt
[0.938s] writing entry points to crazyflie_sim.egg-info/entry_points.txt
[0.939s] writing top-level names to crazyflie_sim.egg-info/top_level.txt
[0.939s] writing manifest file 'crazyflie_sim.egg-info/SOURCES.txt'
[0.953s] running egg_info
[0.953s] writing crazyflie_sim.egg-info/PKG-INFO
[0.953s] writing dependency_links to crazyflie_sim.egg-info/dependency_links.txt
[0.954s] writing entry points to crazyflie_sim.egg-info/entry_points.txt
[0.954s] writing top-level names to crazyflie_sim.egg-info/top_level.txt
[0.964s] reading manifest file 'crazyflie_sim.egg-info/SOURCES.txt'
[0.965s] writing manifest file 'crazyflie_sim.egg-info/SOURCES.txt'
[0.978s] reading manifest file 'crazyflie_sim.egg-info/SOURCES.txt'
[0.978s] writing manifest file 'crazyflie_sim.egg-info/SOURCES.txt'
[0.980s] Installing crazyflie_server script to scripts
[0.986s] Built target ament_cmake_python_build_crazyflie_sim_egg
[1.005s] Built target ament_cmake_python_build_crazyflie_sim_scripts
[1.014s] Invoked command in '/home/nicxe/ros2_ws/build/crazyflie_sim' returned '0': CMAKE_PREFIX_PATH=/home/nicxe/ros2_ws/install/crazyflie_interfaces:/home/nicxe/ros2_ws/install/motion_capture_tracking:/home/nicxe/ros2_ws/install/crazyflie:/home/nicxe/ros2_ws/install/motion_capture_tracking_interfaces:/home/nicxe/ros2_ws/install/crazyflie_sim:/home/nicxe/ros2_ws/install/crazyflie_ros2_slam:/home/nicxe/ros2_ws/install/crazyflie_ros2_navigation:/home/nicxe/ros2_ws/install/crazyflie_ros2_interfaces:/home/nicxe/ros2_ws/install/crazyflie_ros2_description:/home/nicxe/ros2_ws/install/crazyflie_examples:/home/nicxe/ros2_ws/install/my_package:/home/nicxe/ros2_ws/install/crazyflie_simulation:/home/nicxe/ros2_ws/install/crazyflie_ros2_simulation:/home/nicxe/ros2_ws/install/crazyflie_ros2_simple_mapper:/home/nicxe/ros2_ws/install/crazyflie_ros2_scan:/home/nicxe/ros2_ws/install/crazyflie_ros2:/home/nicxe/ros2_ws/install/crazyflie_py:/opt/ros/galactic LD_LIBRARY_PATH=/home/nicxe/ros2_ws/install/crazyflie_interfaces/lib:/home/nicxe/ros2_ws/install/motion_capture_tracking_interfaces/lib:/home/nicxe/ros2_ws/install/crazyflie_ros2_interfaces/lib:/opt/ros/galactic/opt/yaml_cpp_vendor/lib:/opt/ros/galactic/opt/rviz_ogre_vendor/lib:/opt/ros/galactic/lib/x86_64-linux-gnu:/opt/ros/galactic/lib PYTHONPATH=/home/nicxe/ros2_ws/install/crazyflie_interfaces/lib/python3.8/site-packages:/home/nicxe/CS_SITP/crazyflie-firmware/build:/home/nicxe/ros2_ws/install/my_package/lib/python3.8/site-packages:/home/nicxe/ros2_ws/install/motion_capture_tracking_interfaces/lib/python3.8/site-packages:/home/nicxe/ros2_ws/install/crazyflie_simulation/lib/python3.8/site-packages:/home/nicxe/ros2_ws/install/crazyflie_sim/lib/python3.8/site-packages:/home/nicxe/ros2_ws/install/crazyflie_ros2_simulation/lib/python3.8/site-packages:/home/nicxe/ros2_ws/install/crazyflie_ros2_simple_mapper/lib/python3.8/site-packages:/home/nicxe/ros2_ws/install/crazyflie_ros2_scan/lib/python3.8/site-packages:/home/nicxe/ros2_ws/install/crazyflie_ros2_interfaces/lib/python3.8/site-packages:/home/nicxe/ros2_ws/install/crazyflie_ros2/lib/python3.8/site-packages:/home/nicxe/ros2_ws/install/crazyflie_examples/lib/python3.8/site-packages:/home/nicxe/ros2_ws/install/crazyflie_py/lib/python3.8/site-packages:/opt/ros/galactic/lib/python3.8/site-packages /usr/bin/cmake --build /home/nicxe/ros2_ws/build/crazyflie_sim -- -j8 -l8
[1.030s] Invoking command in '/home/nicxe/ros2_ws/build/crazyflie_sim': CMAKE_PREFIX_PATH=/home/nicxe/ros2_ws/install/crazyflie_interfaces:/home/nicxe/ros2_ws/install/motion_capture_tracking:/home/nicxe/ros2_ws/install/crazyflie:/home/nicxe/ros2_ws/install/motion_capture_tracking_interfaces:/home/nicxe/ros2_ws/install/crazyflie_sim:/home/nicxe/ros2_ws/install/crazyflie_ros2_slam:/home/nicxe/ros2_ws/install/crazyflie_ros2_navigation:/home/nicxe/ros2_ws/install/crazyflie_ros2_interfaces:/home/nicxe/ros2_ws/install/crazyflie_ros2_description:/home/nicxe/ros2_ws/install/crazyflie_examples:/home/nicxe/ros2_ws/install/my_package:/home/nicxe/ros2_ws/install/crazyflie_simulation:/home/nicxe/ros2_ws/install/crazyflie_ros2_simulation:/home/nicxe/ros2_ws/install/crazyflie_ros2_simple_mapper:/home/nicxe/ros2_ws/install/crazyflie_ros2_scan:/home/nicxe/ros2_ws/install/crazyflie_ros2:/home/nicxe/ros2_ws/install/crazyflie_py:/opt/ros/galactic LD_LIBRARY_PATH=/home/nicxe/ros2_ws/install/crazyflie_interfaces/lib:/home/nicxe/ros2_ws/install/motion_capture_tracking_interfaces/lib:/home/nicxe/ros2_ws/install/crazyflie_ros2_interfaces/lib:/opt/ros/galactic/opt/yaml_cpp_vendor/lib:/opt/ros/galactic/opt/rviz_ogre_vendor/lib:/opt/ros/galactic/lib/x86_64-linux-gnu:/opt/ros/galactic/lib PYTHONPATH=/home/nicxe/ros2_ws/install/crazyflie_interfaces/lib/python3.8/site-packages:/home/nicxe/CS_SITP/crazyflie-firmware/build:/home/nicxe/ros2_ws/install/my_package/lib/python3.8/site-packages:/home/nicxe/ros2_ws/install/motion_capture_tracking_interfaces/lib/python3.8/site-packages:/home/nicxe/ros2_ws/install/crazyflie_simulation/lib/python3.8/site-packages:/home/nicxe/ros2_ws/install/crazyflie_sim/lib/python3.8/site-packages:/home/nicxe/ros2_ws/install/crazyflie_ros2_simulation/lib/python3.8/site-packages:/home/nicxe/ros2_ws/install/crazyflie_ros2_simple_mapper/lib/python3.8/site-packages:/home/nicxe/ros2_ws/install/crazyflie_ros2_scan/lib/python3.8/site-packages:/home/nicxe/ros2_ws/install/crazyflie_ros2_interfaces/lib/python3.8/site-packages:/home/nicxe/ros2_ws/install/crazyflie_ros2/lib/python3.8/site-packages:/home/nicxe/ros2_ws/install/crazyflie_examples/lib/python3.8/site-packages:/home/nicxe/ros2_ws/install/crazyflie_py/lib/python3.8/site-packages:/opt/ros/galactic/lib/python3.8/site-packages /usr/bin/cmake --install /home/nicxe/ros2_ws/build/crazyflie_sim
[1.036s] -- Install configuration: ""
[1.036s] -- Installing: /home/nicxe/ros2_ws/install/crazyflie_sim/share/crazyflie_sim/environment/pythonpath.sh
[1.036s] -- Installing: /home/nicxe/ros2_ws/install/crazyflie_sim/share/crazyflie_sim/environment/pythonpath.dsv
[1.036s] -- Installing: /home/nicxe/ros2_ws/install/crazyflie_sim/lib/python3.8/site-packages//crazyflie_sim.egg-info
[1.036s] -- Installing: /home/nicxe/ros2_ws/install/crazyflie_sim/lib/python3.8/site-packages//crazyflie_sim.egg-info/top_level.txt
[1.036s] -- Installing: /home/nicxe/ros2_ws/install/crazyflie_sim/lib/python3.8/site-packages//crazyflie_sim.egg-info/PKG-INFO
[1.036s] -- Installing: /home/nicxe/ros2_ws/install/crazyflie_sim/lib/python3.8/site-packages//crazyflie_sim.egg-info/entry_points.txt
[1.036s] -- Installing: /home/nicxe/ros2_ws/install/crazyflie_sim/lib/python3.8/site-packages//crazyflie_sim.egg-info/dependency_links.txt
[1.036s] -- Installing: /home/nicxe/ros2_ws/install/crazyflie_sim/lib/python3.8/site-packages//crazyflie_sim.egg-info/SOURCES.txt
[1.036s] -- Installing: /home/nicxe/ros2_ws/install/crazyflie_sim/lib/crazyflie_sim/
[1.036s] -- Installing: /home/nicxe/ros2_ws/install/crazyflie_sim/lib/crazyflie_sim//crazyflie_server
[1.037s] -- Installing: /home/nicxe/ros2_ws/install/crazyflie_sim/lib/python3.8/site-packages/crazyflie_sim
[1.037s] -- Installing: /home/nicxe/ros2_ws/install/crazyflie_sim/lib/python3.8/site-packages/crazyflie_sim/sim_data_types.py
[1.037s] -- Installing: /home/nicxe/ros2_ws/install/crazyflie_sim/lib/python3.8/site-packages/crazyflie_sim/crazyflie_sil.py
[1.037s] -- Installing: /home/nicxe/ros2_ws/install/crazyflie_sim/lib/python3.8/site-packages/crazyflie_sim/visualization
[1.037s] -- Installing: /home/nicxe/ros2_ws/install/crazyflie_sim/lib/python3.8/site-packages/crazyflie_sim/visualization/README.md
[1.037s] -- Installing: /home/nicxe/ros2_ws/install/crazyflie_sim/lib/python3.8/site-packages/crazyflie_sim/visualization/data
[1.037s] -- Installing: /home/nicxe/ros2_ws/install/crazyflie_sim/lib/python3.8/site-packages/crazyflie_sim/visualization/data/README.md
[1.037s] -- Installing: /home/nicxe/ros2_ws/install/crazyflie_sim/lib/python3.8/site-packages/crazyflie_sim/visualization/data/env
[1.037s] -- Installing: /home/nicxe/ros2_ws/install/crazyflie_sim/lib/python3.8/site-packages/crazyflie_sim/visualization/data/env/lago_disola.jpg
[1.037s] -- Installing: /home/nicxe/ros2_ws/install/crazyflie_sim/lib/python3.8/site-packages/crazyflie_sim/visualization/data/env/museumplein.jpg
[1.037s] -- Installing: /home/nicxe/ros2_ws/install/crazyflie_sim/lib/python3.8/site-packages/crazyflie_sim/visualization/data/env/aviation_museum.jpg
[1.037s] -- Installing: /home/nicxe/ros2_ws/install/crazyflie_sim/lib/python3.8/site-packages/crazyflie_sim/visualization/data/env/aerodynamics_workshop.jpg
[1.037s] -- Installing: /home/nicxe/ros2_ws/install/crazyflie_sim/lib/python3.8/site-packages/crazyflie_sim/visualization/data/env/env.jpg
[1.037s] -- Installing: /home/nicxe/ros2_ws/install/crazyflie_sim/lib/python3.8/site-packages/crazyflie_sim/visualization/data/env/crosswalk.jpg
[1.038s] -- Installing: /home/nicxe/ros2_ws/install/crazyflie_sim/lib/python3.8/site-packages/crazyflie_sim/visualization/data/env/peppermint_powerplant.jpg
[1.038s] -- Installing: /home/nicxe/ros2_ws/install/crazyflie_sim/lib/python3.8/site-packages/crazyflie_sim/visualization/data/env/machine_shop.jpg
[1.038s] -- Installing: /home/nicxe/ros2_ws/install/crazyflie_sim/lib/python3.8/site-packages/crazyflie_sim/visualization/data/env/lake_pier.jpg
[1.038s] -- Installing: /home/nicxe/ros2_ws/install/crazyflie_sim/lib/python3.8/site-packages/crazyflie_sim/visualization/data/env/abandoned_greenhouse.jpg
[1.038s] -- Installing: /home/nicxe/ros2_ws/install/crazyflie_sim/lib/python3.8/site-packages/crazyflie_sim/visualization/data/env/derelict_overpass.jpg
[1.038s] -- Installing: /home/nicxe/ros2_ws/install/crazyflie_sim/lib/python3.8/site-packages/crazyflie_sim/visualization/data/env/studio_garden.jpg
[1.038s] -- Installing: /home/nicxe/ros2_ws/install/crazyflie_sim/lib/python3.8/site-packages/crazyflie_sim/visualization/data/model
[1.038s] -- Installing: /home/nicxe/ros2_ws/install/crazyflie_sim/lib/python3.8/site-packages/crazyflie_sim/visualization/data/model/cf.obj
[1.039s] -- Installing: /home/nicxe/ros2_ws/install/crazyflie_sim/lib/python3.8/site-packages/crazyflie_sim/visualization/data/model/cf.mtl
[1.039s] -- Installing: /home/nicxe/ros2_ws/install/crazyflie_sim/lib/python3.8/site-packages/crazyflie_sim/visualization/pdf.py
[1.039s] -- Installing: /home/nicxe/ros2_ws/install/crazyflie_sim/lib/python3.8/site-packages/crazyflie_sim/visualization/blender.py
[1.039s] -- Installing: /home/nicxe/ros2_ws/install/crazyflie_sim/lib/python3.8/site-packages/crazyflie_sim/visualization/record_states.py
[1.039s] -- Installing: /home/nicxe/ros2_ws/install/crazyflie_sim/lib/python3.8/site-packages/crazyflie_sim/visualization/rviz.py
[1.039s] -- Installing: /home/nicxe/ros2_ws/install/crazyflie_sim/lib/python3.8/site-packages/crazyflie_sim/__init__.py
[1.039s] -- Installing: /home/nicxe/ros2_ws/install/crazyflie_sim/lib/python3.8/site-packages/crazyflie_sim/backend
[1.039s] -- Installing: /home/nicxe/ros2_ws/install/crazyflie_sim/lib/python3.8/site-packages/crazyflie_sim/backend/none.py
[1.039s] -- Installing: /home/nicxe/ros2_ws/install/crazyflie_sim/lib/python3.8/site-packages/crazyflie_sim/backend/np.py
[1.039s] -- Installing: /home/nicxe/ros2_ws/install/crazyflie_sim/lib/python3.8/site-packages/crazyflie_sim/crazyflie_server.py
[1.071s] Listing '/home/nicxe/ros2_ws/install/crazyflie_sim/lib/python3.8/site-packages/crazyflie_sim'...
[1.071s] Compiling '/home/nicxe/ros2_ws/install/crazyflie_sim/lib/python3.8/site-packages/crazyflie_sim/__init__.py'...
[1.071s] Listing '/home/nicxe/ros2_ws/install/crazyflie_sim/lib/python3.8/site-packages/crazyflie_sim/backend'...
[1.071s] Compiling '/home/nicxe/ros2_ws/install/crazyflie_sim/lib/python3.8/site-packages/crazyflie_sim/backend/none.py'...
[1.071s] Compiling '/home/nicxe/ros2_ws/install/crazyflie_sim/lib/python3.8/site-packages/crazyflie_sim/backend/np.py'...
[1.072s] Compiling '/home/nicxe/ros2_ws/install/crazyflie_sim/lib/python3.8/site-packages/crazyflie_sim/crazyflie_server.py'...
[1.072s] Compiling '/home/nicxe/ros2_ws/install/crazyflie_sim/lib/python3.8/site-packages/crazyflie_sim/crazyflie_sil.py'...
[1.072s] Compiling '/home/nicxe/ros2_ws/install/crazyflie_sim/lib/python3.8/site-packages/crazyflie_sim/sim_data_types.py'...
[1.072s] Listing '/home/nicxe/ros2_ws/install/crazyflie_sim/lib/python3.8/site-packages/crazyflie_sim/visualization'...
[1.072s] Compiling '/home/nicxe/ros2_ws/install/crazyflie_sim/lib/python3.8/site-packages/crazyflie_sim/visualization/blender.py'...
[1.072s] Listing '/home/nicxe/ros2_ws/install/crazyflie_sim/lib/python3.8/site-packages/crazyflie_sim/visualization/data'...
[1.072s] Listing '/home/nicxe/ros2_ws/install/crazyflie_sim/lib/python3.8/site-packages/crazyflie_sim/visualization/data/env'...
[1.072s] Listing '/home/nicxe/ros2_ws/install/crazyflie_sim/lib/python3.8/site-packages/crazyflie_sim/visualization/data/model'...
[1.072s] Compiling '/home/nicxe/ros2_ws/install/crazyflie_sim/lib/python3.8/site-packages/crazyflie_sim/visualization/pdf.py'...
[1.072s] Compiling '/home/nicxe/ros2_ws/install/crazyflie_sim/lib/python3.8/site-packages/crazyflie_sim/visualization/record_states.py'...
[1.072s] Compiling '/home/nicxe/ros2_ws/install/crazyflie_sim/lib/python3.8/site-packages/crazyflie_sim/visualization/rviz.py'...
[1.075s] -- Installing: /home/nicxe/ros2_ws/install/crazyflie_sim/share/ament_index/resource_index/package_run_dependencies/crazyflie_sim
[1.075s] -- Installing: /home/nicxe/ros2_ws/install/crazyflie_sim/share/ament_index/resource_index/parent_prefix_path/crazyflie_sim
[1.075s] -- Installing: /home/nicxe/ros2_ws/install/crazyflie_sim/share/crazyflie_sim/environment/ament_prefix_path.sh
[1.075s] -- Installing: /home/nicxe/ros2_ws/install/crazyflie_sim/share/crazyflie_sim/environment/ament_prefix_path.dsv
[1.075s] -- Installing: /home/nicxe/ros2_ws/install/crazyflie_sim/share/crazyflie_sim/environment/path.sh
[1.075s] -- Installing: /home/nicxe/ros2_ws/install/crazyflie_sim/share/crazyflie_sim/environment/path.dsv
[1.075s] -- Installing: /home/nicxe/ros2_ws/install/crazyflie_sim/share/crazyflie_sim/local_setup.bash
[1.075s] -- Installing: /home/nicxe/ros2_ws/install/crazyflie_sim/share/crazyflie_sim/local_setup.sh
[1.075s] -- Installing: /home/nicxe/ros2_ws/install/crazyflie_sim/share/crazyflie_sim/local_setup.zsh
[1.075s] -- Installing: /home/nicxe/ros2_ws/install/crazyflie_sim/share/crazyflie_sim/local_setup.dsv
[1.075s] -- Installing: /home/nicxe/ros2_ws/install/crazyflie_sim/share/crazyflie_sim/package.dsv
[1.075s] -- Installing: /home/nicxe/ros2_ws/install/crazyflie_sim/share/ament_index/resource_index/packages/crazyflie_sim
[1.075s] -- Installing: /home/nicxe/ros2_ws/install/crazyflie_sim/share/crazyflie_sim/cmake/crazyflie_simConfig.cmake
[1.075s] -- Installing: /home/nicxe/ros2_ws/install/crazyflie_sim/share/crazyflie_sim/cmake/crazyflie_simConfig-version.cmake
[1.076s] -- Installing: /home/nicxe/ros2_ws/install/crazyflie_sim/share/crazyflie_sim/package.xml
[1.079s] Invoked command in '/home/nicxe/ros2_ws/build/crazyflie_sim' returned '0': CMAKE_PREFIX_PATH=/home/nicxe/ros2_ws/install/crazyflie_interfaces:/home/nicxe/ros2_ws/install/motion_capture_tracking:/home/nicxe/ros2_ws/install/crazyflie:/home/nicxe/ros2_ws/install/motion_capture_tracking_interfaces:/home/nicxe/ros2_ws/install/crazyflie_sim:/home/nicxe/ros2_ws/install/crazyflie_ros2_slam:/home/nicxe/ros2_ws/install/crazyflie_ros2_navigation:/home/nicxe/ros2_ws/install/crazyflie_ros2_interfaces:/home/nicxe/ros2_ws/install/crazyflie_ros2_description:/home/nicxe/ros2_ws/install/crazyflie_examples:/home/nicxe/ros2_ws/install/my_package:/home/nicxe/ros2_ws/install/crazyflie_simulation:/home/nicxe/ros2_ws/install/crazyflie_ros2_simulation:/home/nicxe/ros2_ws/install/crazyflie_ros2_simple_mapper:/home/nicxe/ros2_ws/install/crazyflie_ros2_scan:/home/nicxe/ros2_ws/install/crazyflie_ros2:/home/nicxe/ros2_ws/install/crazyflie_py:/opt/ros/galactic LD_LIBRARY_PATH=/home/nicxe/ros2_ws/install/crazyflie_interfaces/lib:/home/nicxe/ros2_ws/install/motion_capture_tracking_interfaces/lib:/home/nicxe/ros2_ws/install/crazyflie_ros2_interfaces/lib:/opt/ros/galactic/opt/yaml_cpp_vendor/lib:/opt/ros/galactic/opt/rviz_ogre_vendor/lib:/opt/ros/galactic/lib/x86_64-linux-gnu:/opt/ros/galactic/lib PYTHONPATH=/home/nicxe/ros2_ws/install/crazyflie_interfaces/lib/python3.8/site-packages:/home/nicxe/CS_SITP/crazyflie-firmware/build:/home/nicxe/ros2_ws/install/my_package/lib/python3.8/site-packages:/home/nicxe/ros2_ws/install/motion_capture_tracking_interfaces/lib/python3.8/site-packages:/home/nicxe/ros2_ws/install/crazyflie_simulation/lib/python3.8/site-packages:/home/nicxe/ros2_ws/install/crazyflie_sim/lib/python3.8/site-packages:/home/nicxe/ros2_ws/install/crazyflie_ros2_simulation/lib/python3.8/site-packages:/home/nicxe/ros2_ws/install/crazyflie_ros2_simple_mapper/lib/python3.8/site-packages:/home/nicxe/ros2_ws/install/crazyflie_ros2_scan/lib/python3.8/site-packages:/home/nicxe/ros2_ws/install/crazyflie_ros2_interfaces/lib/python3.8/site-packages:/home/nicxe/ros2_ws/install/crazyflie_ros2/lib/python3.8/site-packages:/home/nicxe/ros2_ws/install/crazyflie_examples/lib/python3.8/site-packages:/home/nicxe/ros2_ws/install/crazyflie_py/lib/python3.8/site-packages:/opt/ros/galactic/lib/python3.8/site-packages /usr/bin/cmake --install /home/nicxe/ros2_ws/build/crazyflie_sim
