/home/tdeng23/ros2_ws/src/crazyswarm2/install/crazyflie_simulation/lib/python3.8/site-packages/crazyflie_simulation/crazyflie_webots_spawner.py
/home/tdeng23/ros2_ws/src/crazyswarm2/install/crazyflie_simulation/lib/python3.8/site-packages/crazyflie_simulation/crazyflie_webots_driver.py
/home/tdeng23/ros2_ws/src/crazyswarm2/install/crazyflie_simulation/lib/python3.8/site-packages/crazyflie_simulation/__init__.py
/home/tdeng23/ros2_ws/src/crazyswarm2/install/crazyflie_simulation/lib/python3.8/site-packages/crazyflie_simulation/__pycache__/crazyflie_webots_spawner.cpython-38.pyc
/home/tdeng23/ros2_ws/src/crazyswarm2/install/crazyflie_simulation/lib/python3.8/site-packages/crazyflie_simulation/__pycache__/crazyflie_webots_driver.cpython-38.pyc
/home/tdeng23/ros2_ws/src/crazyswarm2/install/crazyflie_simulation/lib/python3.8/site-packages/crazyflie_simulation/__pycache__/__init__.cpython-38.pyc
/home/tdeng23/ros2_ws/src/crazyswarm2/install/crazyflie_simulation/share/ament_index/resource_index/packages/crazyflie_simulation
/home/tdeng23/ros2_ws/src/crazyswarm2/install/crazyflie_simulation/share/crazyflie_simulation/package.xml
/home/tdeng23/ros2_ws/src/crazyswarm2/install/crazyflie_simulation/share/crazyflie_simulation/resource/supervisor.urdf
/home/tdeng23/ros2_ws/src/crazyswarm2/install/crazyflie_simulation/share/crazyflie_simulation/resource/crazyflie.urdf
/home/tdeng23/ros2_ws/src/crazyswarm2/install/crazyflie_simulation/share/crazyflie_simulation/resource/crazyflie_simulation
/home/tdeng23/ros2_ws/src/crazyswarm2/install/crazyflie_simulation/share/crazyflie_simulation/launch/crazyflie_launch.py
/home/tdeng23/ros2_ws/src/crazyswarm2/install/crazyflie_simulation/share/crazyflie_simulation/worlds/crazyflie_world.wbt
/home/tdeng23/ros2_ws/src/crazyswarm2/install/crazyflie_simulation/lib/python3.8/site-packages/crazyflie_simulation-0.0.0-py3.8.egg-info/PKG-INFO
/home/tdeng23/ros2_ws/src/crazyswarm2/install/crazyflie_simulation/lib/python3.8/site-packages/crazyflie_simulation-0.0.0-py3.8.egg-info/dependency_links.txt
/home/tdeng23/ros2_ws/src/crazyswarm2/install/crazyflie_simulation/lib/python3.8/site-packages/crazyflie_simulation-0.0.0-py3.8.egg-info/SOURCES.txt
/home/tdeng23/ros2_ws/src/crazyswarm2/install/crazyflie_simulation/lib/python3.8/site-packages/crazyflie_simulation-0.0.0-py3.8.egg-info/zip-safe
/home/tdeng23/ros2_ws/src/crazyswarm2/install/crazyflie_simulation/lib/python3.8/site-packages/crazyflie_simulation-0.0.0-py3.8.egg-info/entry_points.txt
/home/tdeng23/ros2_ws/src/crazyswarm2/install/crazyflie_simulation/lib/python3.8/site-packages/crazyflie_simulation-0.0.0-py3.8.egg-info/requires.txt
/home/tdeng23/ros2_ws/src/crazyswarm2/install/crazyflie_simulation/lib/python3.8/site-packages/crazyflie_simulation-0.0.0-py3.8.egg-info/top_level.txt
/home/tdeng23/ros2_ws/src/crazyswarm2/install/crazyflie_simulation/lib/crazyflie_simulation/crazyflie_webots_driver
/home/tdeng23/ros2_ws/src/crazyswarm2/install/crazyflie_simulation/lib/crazyflie_simulation/supervisor_driver
