[1.747s] Invoking command in '/home/tdeng23/ros2_ws/src/crazyswarm2/crazyflie_ros2_scan': PYTHONPATH=/home/tdeng23/ros2_ws/build/crazyflie_ros2_scan/prefix_override:/home/tdeng23/ros2_ws/install/crazyflie_ros2_scan/lib/python3.8/site-packages:${PYTHONPATH} /usr/bin/python3 setup.py egg_info --egg-base ../../../build/crazyflie_ros2_scan build --build-base /home/tdeng23/ros2_ws/build/crazyflie_ros2_scan/build install --record /home/tdeng23/ros2_ws/build/crazyflie_ros2_scan/install.log --single-version-externally-managed
[2.186s] running egg_info
[2.189s] writing ../../../build/crazyflie_ros2_scan/crazyflie_ros2_scan.egg-info/PKG-INFO
[2.190s] writing dependency_links to ../../../build/crazyflie_ros2_scan/crazyflie_ros2_scan.egg-info/dependency_links.txt
[2.191s] writing entry points to ../../../build/crazyflie_ros2_scan/crazyflie_ros2_scan.egg-info/entry_points.txt
[2.192s] writing requirements to ../../../build/crazyflie_ros2_scan/crazyflie_ros2_scan.egg-info/requires.txt
[2.192s] writing top-level names to ../../../build/crazyflie_ros2_scan/crazyflie_ros2_scan.egg-info/top_level.txt
[2.267s] reading manifest file '../../../build/crazyflie_ros2_scan/crazyflie_ros2_scan.egg-info/SOURCES.txt'
[2.269s] writing manifest file '../../../build/crazyflie_ros2_scan/crazyflie_ros2_scan.egg-info/SOURCES.txt'
[2.269s] running build
[2.269s] running build_py
[2.270s] running install
[2.273s] running install_lib
[2.280s] running install_data
[2.280s] running install_egg_info
[2.283s] removing '/home/tdeng23/ros2_ws/install/crazyflie_ros2_scan/lib/python3.8/site-packages/crazyflie_ros2_scan-0.0.0-py3.8.egg-info' (and everything under it)
[2.284s] Copying ../../../build/crazyflie_ros2_scan/crazyflie_ros2_scan.egg-info to /home/tdeng23/ros2_ws/install/crazyflie_ros2_scan/lib/python3.8/site-packages/crazyflie_ros2_scan-0.0.0-py3.8.egg-info
[2.288s] running install_scripts
[2.342s] Installing range_to_lidar script to /home/tdeng23/ros2_ws/install/crazyflie_ros2_scan/lib/crazyflie_ros2_scan
[2.343s] writing list of installed files to '/home/tdeng23/ros2_ws/build/crazyflie_ros2_scan/install.log'
[2.891s] Invoked command in '/home/tdeng23/ros2_ws/src/crazyswarm2/crazyflie_ros2_scan' returned '0': PYTHONPATH=/home/tdeng23/ros2_ws/build/crazyflie_ros2_scan/prefix_override:/home/tdeng23/ros2_ws/install/crazyflie_ros2_scan/lib/python3.8/site-packages:${PYTHONPATH} /usr/bin/python3 setup.py egg_info --egg-base ../../../build/crazyflie_ros2_scan build --build-base /home/tdeng23/ros2_ws/build/crazyflie_ros2_scan/build install --record /home/tdeng23/ros2_ws/build/crazyflie_ros2_scan/install.log --single-version-externally-managed
