[0.357s] Invoking command in '/home/tdeng23/ros2_ws/build/crazyflie_ros2_description': CMAKE_PREFIX_PATH=${CMAKE_PREFIX_PATH}:/home/tdeng23/ros2_ws/install/my_package:/home/tdeng23/ros2_ws/install/crazyflie_simulation:/home/tdeng23/ros2_ws/install/crazyflie_ros2_simulation:/home/tdeng23/ros2_ws/install/crazyflie_ros2_simple_mapper:/home/tdeng23/ros2_ws/install/crazyflie_ros2_scan:/home/tdeng23/ros2_ws/install/crazyflie_ros2:/home/tdeng23/ros2_ws/install/crazyflie_py:/opt/ros/galactic /home/tdeng23/.local/bin/cmake --build /home/tdeng23/ros2_ws/build/crazyflie_ros2_description -- -j8 -l8
[0.885s] Invoked command in '/home/tdeng23/ros2_ws/build/crazyflie_ros2_description' returned '0': CMAKE_PREFIX_PATH=${CMAKE_PREFIX_PATH}:/home/tdeng23/ros2_ws/install/my_package:/home/tdeng23/ros2_ws/install/crazyflie_simulation:/home/tdeng23/ros2_ws/install/crazyflie_ros2_simulation:/home/tdeng23/ros2_ws/install/crazyflie_ros2_simple_mapper:/home/tdeng23/ros2_ws/install/crazyflie_ros2_scan:/home/tdeng23/ros2_ws/install/crazyflie_ros2:/home/tdeng23/ros2_ws/install/crazyflie_py:/opt/ros/galactic /home/tdeng23/.local/bin/cmake --build /home/tdeng23/ros2_ws/build/crazyflie_ros2_description -- -j8 -l8
[1.009s] Invoking command in '/home/tdeng23/ros2_ws/build/crazyflie_ros2_description': CMAKE_PREFIX_PATH=${CMAKE_PREFIX_PATH}:/home/tdeng23/ros2_ws/install/my_package:/home/tdeng23/ros2_ws/install/crazyflie_simulation:/home/tdeng23/ros2_ws/install/crazyflie_ros2_simulation:/home/tdeng23/ros2_ws/install/crazyflie_ros2_simple_mapper:/home/tdeng23/ros2_ws/install/crazyflie_ros2_scan:/home/tdeng23/ros2_ws/install/crazyflie_ros2:/home/tdeng23/ros2_ws/install/crazyflie_py:/opt/ros/galactic /home/tdeng23/.local/bin/cmake --install /home/tdeng23/ros2_ws/build/crazyflie_ros2_description
[1.060s] -- Install configuration: ""
[1.061s] -- Up-to-date: /home/tdeng23/ros2_ws/install/crazyflie_ros2_description/share/crazyflie_ros2_description/launch
[1.061s] -- Up-to-date: /home/tdeng23/ros2_ws/install/crazyflie_ros2_description/share/crazyflie_ros2_description/launch/rviz_launch.py
[1.061s] -- Up-to-date: /home/tdeng23/ros2_ws/install/crazyflie_ros2_description/share/crazyflie_ros2_description/urdf
[1.062s] -- Up-to-date: /home/tdeng23/ros2_ws/install/crazyflie_ros2_description/share/crazyflie_ros2_description/urdf/crazyflie_description.urdf
[1.062s] -- Up-to-date: /home/tdeng23/ros2_ws/install/crazyflie_ros2_description/share/crazyflie_ros2_description/rviz
[1.062s] -- Up-to-date: /home/tdeng23/ros2_ws/install/crazyflie_ros2_description/share/crazyflie_ros2_description/rviz/crazyflie.rviz
[1.062s] -- Up-to-date: /home/tdeng23/ros2_ws/install/crazyflie_ros2_description/share/crazyflie_ros2_description/meshes
[1.062s] -- Up-to-date: /home/tdeng23/ros2_ws/install/crazyflie_ros2_description/share/crazyflie_ros2_description/meshes/cw_prop.dae
[1.062s] -- Up-to-date: /home/tdeng23/ros2_ws/install/crazyflie_ros2_description/share/crazyflie_ros2_description/meshes/ccw_prop.dae
[1.062s] -- Up-to-date: /home/tdeng23/ros2_ws/install/crazyflie_ros2_description/share/crazyflie_ros2_description/meshes/cf2_assembly.dae
[1.062s] -- Up-to-date: /home/tdeng23/ros2_ws/install/crazyflie_ros2_description/share/crazyflie_ros2_description/meshes/cf2_assembly.stl
[1.063s] -- Up-to-date: /home/tdeng23/ros2_ws/install/crazyflie_ros2_description/share/ament_index/resource_index/package_run_dependencies/crazyflie_ros2_description
[1.063s] -- Up-to-date: /home/tdeng23/ros2_ws/install/crazyflie_ros2_description/share/ament_index/resource_index/parent_prefix_path/crazyflie_ros2_description
[1.063s] -- Up-to-date: /home/tdeng23/ros2_ws/install/crazyflie_ros2_description/share/crazyflie_ros2_description/environment/ament_prefix_path.sh
[1.063s] -- Up-to-date: /home/tdeng23/ros2_ws/install/crazyflie_ros2_description/share/crazyflie_ros2_description/environment/ament_prefix_path.dsv
[1.063s] -- Up-to-date: /home/tdeng23/ros2_ws/install/crazyflie_ros2_description/share/crazyflie_ros2_description/environment/path.sh
[1.063s] -- Up-to-date: /home/tdeng23/ros2_ws/install/crazyflie_ros2_description/share/crazyflie_ros2_description/environment/path.dsv
[1.063s] -- Up-to-date: /home/tdeng23/ros2_ws/install/crazyflie_ros2_description/share/crazyflie_ros2_description/local_setup.bash
[1.063s] -- Up-to-date: /home/tdeng23/ros2_ws/install/crazyflie_ros2_description/share/crazyflie_ros2_description/local_setup.sh
[1.063s] -- Up-to-date: /home/tdeng23/ros2_ws/install/crazyflie_ros2_description/share/crazyflie_ros2_description/local_setup.zsh
[1.063s] -- Up-to-date: /home/tdeng23/ros2_ws/install/crazyflie_ros2_description/share/crazyflie_ros2_description/local_setup.dsv
[1.064s] -- Installing: /home/tdeng23/ros2_ws/install/crazyflie_ros2_description/share/crazyflie_ros2_description/package.dsv
[1.064s] -- Up-to-date: /home/tdeng23/ros2_ws/install/crazyflie_ros2_description/share/ament_index/resource_index/packages/crazyflie_ros2_description
[1.064s] -- Up-to-date: /home/tdeng23/ros2_ws/install/crazyflie_ros2_description/share/crazyflie_ros2_description/cmake/crazyflie_ros2_descriptionConfig.cmake
[1.064s] -- Up-to-date: /home/tdeng23/ros2_ws/install/crazyflie_ros2_description/share/crazyflie_ros2_description/cmake/crazyflie_ros2_descriptionConfig-version.cmake
[1.064s] -- Up-to-date: /home/tdeng23/ros2_ws/install/crazyflie_ros2_description/share/crazyflie_ros2_description/package.xml
[1.074s] Invoked command in '/home/tdeng23/ros2_ws/build/crazyflie_ros2_description' returned '0': CMAKE_PREFIX_PATH=${CMAKE_PREFIX_PATH}:/home/tdeng23/ros2_ws/install/my_package:/home/tdeng23/ros2_ws/install/crazyflie_simulation:/home/tdeng23/ros2_ws/install/crazyflie_ros2_simulation:/home/tdeng23/ros2_ws/install/crazyflie_ros2_simple_mapper:/home/tdeng23/ros2_ws/install/crazyflie_ros2_scan:/home/tdeng23/ros2_ws/install/crazyflie_ros2:/home/tdeng23/ros2_ws/install/crazyflie_py:/opt/ros/galactic /home/tdeng23/.local/bin/cmake --install /home/tdeng23/ros2_ws/build/crazyflie_ros2_description
