[0.443s] Invoking command in '/home/nicxe/ros2_ws/build/crazyflie_ros2_description': CMAKE_PREFIX_PATH=${CMAKE_PREFIX_PATH}:/home/nicxe/ros2_ws/install/my_package:/home/nicxe/ros2_ws/install/crazyflie_simulation:/home/nicxe/ros2_ws/install/crazyflie_ros2_simulation:/home/nicxe/ros2_ws/install/crazyflie_ros2_simple_mapper:/home/nicxe/ros2_ws/install/crazyflie_ros2_scan:/home/nicxe/ros2_ws/install/crazyflie_ros2:/home/nicxe/ros2_ws/install/crazyflie_py:/opt/ros/galactic /usr/bin/cmake /home/nicxe/ros2_ws/src/crazyswarm2/crazyflie_ros2_description -DCMAKE_INSTALL_PREFIX=/home/nicxe/ros2_ws/install/crazyflie_ros2_description
[0.839s] -- The C compiler identification is GNU 9.4.0
[0.840s] -- The CXX compiler identification is GNU 9.4.0
[0.840s] -- Check for working C compiler: /usr/bin/cc
[0.840s] -- Check for working C compiler: /usr/bin/cc -- works
[0.840s] -- Detecting C compiler ABI info
[0.840s] -- Detecting C compiler ABI info - done
[0.840s] -- Detecting C compile features
[0.840s] -- Detecting C compile features - done
[0.840s] -- Check for working CXX compiler: /usr/bin/c++
[0.840s] -- Check for working CXX compiler: /usr/bin/c++ -- works
[0.840s] -- Detecting CXX compiler ABI info
[0.891s] -- Detecting CXX compiler ABI info - done
[0.901s] -- Detecting CXX compile features
[0.901s] -- Detecting CXX compile features - done
[0.903s] -- Found ament_cmake: 1.1.6 (/opt/ros/galactic/share/ament_cmake/cmake)
[0.922s] -- Found PythonInterp: /usr/bin/python3 (found suitable version "3.8.10", minimum required is "3") 
[0.922s] -- Using PYTHON_EXECUTABLE: /usr/bin/python3
[0.984s] -- Found ament_lint_auto: 0.10.7 (/opt/ros/galactic/share/ament_lint_auto/cmake)
[1.042s] -- Added test 'copyright' to check source files copyright and LICENSE
[1.044s] -- Added test 'flake8' to check Python code syntax and style conventions
[1.044s] -- Added test 'lint_cmake' to check CMake code style
[1.045s] -- Added test 'pep257' to check Python code against some of the style conventions in PEP 257
[1.046s] -- Added test 'xmllint' to check XML markup files
[1.047s] -- Configuring done
[1.049s] -- Generating done
[1.049s] -- Build files have been written to: /home/nicxe/ros2_ws/build/crazyflie_ros2_description
[1.053s] Invoked command in '/home/nicxe/ros2_ws/build/crazyflie_ros2_description' returned '0': CMAKE_PREFIX_PATH=${CMAKE_PREFIX_PATH}:/home/nicxe/ros2_ws/install/my_package:/home/nicxe/ros2_ws/install/crazyflie_simulation:/home/nicxe/ros2_ws/install/crazyflie_ros2_simulation:/home/nicxe/ros2_ws/install/crazyflie_ros2_simple_mapper:/home/nicxe/ros2_ws/install/crazyflie_ros2_scan:/home/nicxe/ros2_ws/install/crazyflie_ros2:/home/nicxe/ros2_ws/install/crazyflie_py:/opt/ros/galactic /usr/bin/cmake /home/nicxe/ros2_ws/src/crazyswarm2/crazyflie_ros2_description -DCMAKE_INSTALL_PREFIX=/home/nicxe/ros2_ws/install/crazyflie_ros2_description
[1.054s] Invoking command in '/home/nicxe/ros2_ws/build/crazyflie_ros2_description': CMAKE_PREFIX_PATH=${CMAKE_PREFIX_PATH}:/home/nicxe/ros2_ws/install/my_package:/home/nicxe/ros2_ws/install/crazyflie_simulation:/home/nicxe/ros2_ws/install/crazyflie_ros2_simulation:/home/nicxe/ros2_ws/install/crazyflie_ros2_simple_mapper:/home/nicxe/ros2_ws/install/crazyflie_ros2_scan:/home/nicxe/ros2_ws/install/crazyflie_ros2:/home/nicxe/ros2_ws/install/crazyflie_py:/opt/ros/galactic /usr/bin/cmake --build /home/nicxe/ros2_ws/build/crazyflie_ros2_description -- -j8 -l8
[1.084s] Invoked command in '/home/nicxe/ros2_ws/build/crazyflie_ros2_description' returned '0': CMAKE_PREFIX_PATH=${CMAKE_PREFIX_PATH}:/home/nicxe/ros2_ws/install/my_package:/home/nicxe/ros2_ws/install/crazyflie_simulation:/home/nicxe/ros2_ws/install/crazyflie_ros2_simulation:/home/nicxe/ros2_ws/install/crazyflie_ros2_simple_mapper:/home/nicxe/ros2_ws/install/crazyflie_ros2_scan:/home/nicxe/ros2_ws/install/crazyflie_ros2:/home/nicxe/ros2_ws/install/crazyflie_py:/opt/ros/galactic /usr/bin/cmake --build /home/nicxe/ros2_ws/build/crazyflie_ros2_description -- -j8 -l8
[1.119s] Invoking command in '/home/nicxe/ros2_ws/build/crazyflie_ros2_description': CMAKE_PREFIX_PATH=${CMAKE_PREFIX_PATH}:/home/nicxe/ros2_ws/install/my_package:/home/nicxe/ros2_ws/install/crazyflie_simulation:/home/nicxe/ros2_ws/install/crazyflie_ros2_simulation:/home/nicxe/ros2_ws/install/crazyflie_ros2_simple_mapper:/home/nicxe/ros2_ws/install/crazyflie_ros2_scan:/home/nicxe/ros2_ws/install/crazyflie_ros2:/home/nicxe/ros2_ws/install/crazyflie_py:/opt/ros/galactic /usr/bin/cmake --install /home/nicxe/ros2_ws/build/crazyflie_ros2_description
[1.124s] -- Install configuration: ""
[1.125s] -- Installing: /home/nicxe/ros2_ws/install/crazyflie_ros2_description/share/crazyflie_ros2_description/launch
[1.125s] -- Installing: /home/nicxe/ros2_ws/install/crazyflie_ros2_description/share/crazyflie_ros2_description/launch/rviz_launch.py
[1.125s] -- Installing: /home/nicxe/ros2_ws/install/crazyflie_ros2_description/share/crazyflie_ros2_description/urdf
[1.125s] -- Installing: /home/nicxe/ros2_ws/install/crazyflie_ros2_description/share/crazyflie_ros2_description/urdf/crazyflie_description.urdf
[1.125s] -- Installing: /home/nicxe/ros2_ws/install/crazyflie_ros2_description/share/crazyflie_ros2_description/rviz
[1.125s] -- Installing: /home/nicxe/ros2_ws/install/crazyflie_ros2_description/share/crazyflie_ros2_description/rviz/crazyflie.rviz
[1.125s] -- Installing: /home/nicxe/ros2_ws/install/crazyflie_ros2_description/share/crazyflie_ros2_description/meshes
[1.125s] -- Installing: /home/nicxe/ros2_ws/install/crazyflie_ros2_description/share/crazyflie_ros2_description/meshes/ccw_prop.dae
[1.125s] -- Installing: /home/nicxe/ros2_ws/install/crazyflie_ros2_description/share/crazyflie_ros2_description/meshes/cf2_assembly.dae
[1.125s] -- Installing: /home/nicxe/ros2_ws/install/crazyflie_ros2_description/share/crazyflie_ros2_description/meshes/cf2_assembly.stl
[1.125s] -- Installing: /home/nicxe/ros2_ws/install/crazyflie_ros2_description/share/crazyflie_ros2_description/meshes/cw_prop.dae
[1.125s] -- Installing: /home/nicxe/ros2_ws/install/crazyflie_ros2_description/share/ament_index/resource_index/package_run_dependencies/crazyflie_ros2_description
[1.125s] -- Installing: /home/nicxe/ros2_ws/install/crazyflie_ros2_description/share/ament_index/resource_index/parent_prefix_path/crazyflie_ros2_description
[1.131s] -- Installing: /home/nicxe/ros2_ws/install/crazyflie_ros2_description/share/crazyflie_ros2_description/environment/ament_prefix_path.sh
[1.132s] -- Installing: /home/nicxe/ros2_ws/install/crazyflie_ros2_description/share/crazyflie_ros2_description/environment/ament_prefix_path.dsv
[1.132s] -- Installing: /home/nicxe/ros2_ws/install/crazyflie_ros2_description/share/crazyflie_ros2_description/environment/path.sh
[1.132s] -- Installing: /home/nicxe/ros2_ws/install/crazyflie_ros2_description/share/crazyflie_ros2_description/environment/path.dsv
[1.132s] -- Installing: /home/nicxe/ros2_ws/install/crazyflie_ros2_description/share/crazyflie_ros2_description/local_setup.bash
[1.132s] -- Installing: /home/nicxe/ros2_ws/install/crazyflie_ros2_description/share/crazyflie_ros2_description/local_setup.sh
[1.132s] -- Installing: /home/nicxe/ros2_ws/install/crazyflie_ros2_description/share/crazyflie_ros2_description/local_setup.zsh
[1.132s] -- Installing: /home/nicxe/ros2_ws/install/crazyflie_ros2_description/share/crazyflie_ros2_description/local_setup.dsv
[1.132s] -- Installing: /home/nicxe/ros2_ws/install/crazyflie_ros2_description/share/crazyflie_ros2_description/package.dsv
[1.132s] -- Installing: /home/nicxe/ros2_ws/install/crazyflie_ros2_description/share/ament_index/resource_index/packages/crazyflie_ros2_description
[1.132s] -- Installing: /home/nicxe/ros2_ws/install/crazyflie_ros2_description/share/crazyflie_ros2_description/cmake/crazyflie_ros2_descriptionConfig.cmake
[1.132s] -- Installing: /home/nicxe/ros2_ws/install/crazyflie_ros2_description/share/crazyflie_ros2_description/cmake/crazyflie_ros2_descriptionConfig-version.cmake
[1.132s] -- Installing: /home/nicxe/ros2_ws/install/crazyflie_ros2_description/share/crazyflie_ros2_description/package.xml
[1.141s] Invoked command in '/home/nicxe/ros2_ws/build/crazyflie_ros2_description' returned '0': CMAKE_PREFIX_PATH=${CMAKE_PREFIX_PATH}:/home/nicxe/ros2_ws/install/my_package:/home/nicxe/ros2_ws/install/crazyflie_simulation:/home/nicxe/ros2_ws/install/crazyflie_ros2_simulation:/home/nicxe/ros2_ws/install/crazyflie_ros2_simple_mapper:/home/nicxe/ros2_ws/install/crazyflie_ros2_scan:/home/nicxe/ros2_ws/install/crazyflie_ros2:/home/nicxe/ros2_ws/install/crazyflie_py:/opt/ros/galactic /usr/bin/cmake --install /home/nicxe/ros2_ws/build/crazyflie_ros2_description
