[1.033s] Invoking command in '/home/tdeng23/ros2_ws/build/my_package': PYTHONPATH=/home/tdeng23/ros2_ws/build/my_package/prefix_override:/home/tdeng23/ros2_ws/install/my_package/lib/python3.8/site-packages:${PYTHONPATH} /usr/bin/python3 setup.py develop --uninstall --editable --build-directory /home/tdeng23/ros2_ws/build/my_package/build
[1.426s] running develop
[1.683s] Removing /home/tdeng23/ros2_ws/install/my_package/lib/python3.8/site-packages/my-package.egg-link (link to .)
[1.710s] Invoked command in '/home/tdeng23/ros2_ws/build/my_package' returned '0': PYTHONPATH=/home/tdeng23/ros2_ws/build/my_package/prefix_override:/home/tdeng23/ros2_ws/install/my_package/lib/python3.8/site-packages:${PYTHONPATH} /usr/bin/python3 setup.py develop --uninstall --editable --build-directory /home/tdeng23/ros2_ws/build/my_package/build
[1.714s] Invoking command in '/home/tdeng23/ros2_ws/src/my_package': PYTHONPATH=/home/tdeng23/ros2_ws/build/my_package/prefix_override:/home/tdeng23/ros2_ws/install/my_package/lib/python3.8/site-packages:${PYTHONPATH} /usr/bin/python3 setup.py egg_info --egg-base ../../build/my_package build --build-base /home/tdeng23/ros2_ws/build/my_package/build install --record /home/tdeng23/ros2_ws/build/my_package/install.log --single-version-externally-managed
[1.997s] running egg_info
[1.998s] writing ../../build/my_package/my_package.egg-info/PKG-INFO
[1.998s] writing dependency_links to ../../build/my_package/my_package.egg-info/dependency_links.txt
[1.998s] writing entry points to ../../build/my_package/my_package.egg-info/entry_points.txt
[1.998s] writing requirements to ../../build/my_package/my_package.egg-info/requires.txt
[1.998s] writing top-level names to ../../build/my_package/my_package.egg-info/top_level.txt
[2.036s] reading manifest file '../../build/my_package/my_package.egg-info/SOURCES.txt'
[2.037s] writing manifest file '../../build/my_package/my_package.egg-info/SOURCES.txt'
[2.037s] running build
[2.037s] running build_py
[2.038s] running install
[2.038s] running install_lib
[2.039s] creating /home/tdeng23/ros2_ws/install/my_package/lib/python3.8/site-packages/my_package
[2.039s] copying /home/tdeng23/ros2_ws/build/my_package/build/lib/my_package/my_robot_driver.py -> /home/tdeng23/ros2_ws/install/my_package/lib/python3.8/site-packages/my_package
[2.040s] copying /home/tdeng23/ros2_ws/build/my_package/build/lib/my_package/__init__.py -> /home/tdeng23/ros2_ws/install/my_package/lib/python3.8/site-packages/my_package
[2.040s] byte-compiling /home/tdeng23/ros2_ws/install/my_package/lib/python3.8/site-packages/my_package/my_robot_driver.py to my_robot_driver.cpython-38.pyc
[2.041s] byte-compiling /home/tdeng23/ros2_ws/install/my_package/lib/python3.8/site-packages/my_package/__init__.py to __init__.cpython-38.pyc
[2.041s] running install_data
[2.042s] running install_egg_info
[2.046s] Copying ../../build/my_package/my_package.egg-info to /home/tdeng23/ros2_ws/install/my_package/lib/python3.8/site-packages/my_package-0.0.0-py3.8.egg-info
[2.046s] running install_scripts
[2.070s] Installing my_robot_driver script to /home/tdeng23/ros2_ws/install/my_package/lib/my_package
[2.070s] writing list of installed files to '/home/tdeng23/ros2_ws/build/my_package/install.log'
[2.099s] Invoked command in '/home/tdeng23/ros2_ws/src/my_package' returned '0': PYTHONPATH=/home/tdeng23/ros2_ws/build/my_package/prefix_override:/home/tdeng23/ros2_ws/install/my_package/lib/python3.8/site-packages:${PYTHONPATH} /usr/bin/python3 setup.py egg_info --egg-base ../../build/my_package build --build-base /home/tdeng23/ros2_ws/build/my_package/build install --record /home/tdeng23/ros2_ws/build/my_package/install.log --single-version-externally-managed
