[0.650s] Invoking command in '/home/nicxe/ros2_ws/build/crazyflie_ros2_interfaces': CMAKE_PREFIX_PATH=${CMAKE_PREFIX_PATH}:/home/nicxe/ros2_ws/install/my_package:/home/nicxe/ros2_ws/install/crazyflie_simulation:/home/nicxe/ros2_ws/install/crazyflie_ros2_simulation:/home/nicxe/ros2_ws/install/crazyflie_ros2_simple_mapper:/home/nicxe/ros2_ws/install/crazyflie_ros2_scan:/home/nicxe/ros2_ws/install/crazyflie_ros2:/home/nicxe/ros2_ws/install/crazyflie_py:/opt/ros/galactic /usr/bin/cmake --build /home/nicxe/ros2_ws/build/crazyflie_ros2_interfaces -- -j8 -l8
[1.223s] [  3%] Built target crazyflie_ros2_interfaces__cpp
[1.286s] [ 12%] Built target crazyflie_ros2_interfaces__rosidl_generator_c
[1.403s] [ 22%] Built target crazyflie_ros2_interfaces__rosidl_typesupport_fastrtps_cpp
[1.432s] [ 32%] Built target crazyflie_ros2_interfaces__rosidl_typesupport_introspection_c
[1.434s] [ 41%] Built target crazyflie_ros2_interfaces__rosidl_typesupport_cpp
[1.441s] [ 51%] Built target crazyflie_ros2_interfaces__rosidl_typesupport_c
[1.547s] [ 61%] Built target crazyflie_ros2_interfaces__rosidl_typesupport_fastrtps_c
[1.589s] [ 70%] Built target crazyflie_ros2_interfaces__rosidl_typesupport_introspection_cpp
[1.664s] [ 70%] Built target crazyflie_ros2_interfaces
[1.845s] [ 74%] Built target crazyflie_ros2_interfaces__py
[2.246s] [ 80%] Built target crazyflie_ros2_interfaces__python
[2.370s] [ 87%] Built target crazyflie_ros2_interfaces__rosidl_typesupport_introspection_c__pyext
[2.479s] [ 93%] Built target crazyflie_ros2_interfaces__rosidl_typesupport_fastrtps_c__pyext
[2.570s] [100%] Built target crazyflie_ros2_interfaces__rosidl_typesupport_c__pyext
[2.667s] Invoked command in '/home/nicxe/ros2_ws/build/crazyflie_ros2_interfaces' returned '0': CMAKE_PREFIX_PATH=${CMAKE_PREFIX_PATH}:/home/nicxe/ros2_ws/install/my_package:/home/nicxe/ros2_ws/install/crazyflie_simulation:/home/nicxe/ros2_ws/install/crazyflie_ros2_simulation:/home/nicxe/ros2_ws/install/crazyflie_ros2_simple_mapper:/home/nicxe/ros2_ws/install/crazyflie_ros2_scan:/home/nicxe/ros2_ws/install/crazyflie_ros2:/home/nicxe/ros2_ws/install/crazyflie_py:/opt/ros/galactic /usr/bin/cmake --build /home/nicxe/ros2_ws/build/crazyflie_ros2_interfaces -- -j8 -l8
[2.941s] Invoking command in '/home/nicxe/ros2_ws/build/crazyflie_ros2_interfaces': CMAKE_PREFIX_PATH=${CMAKE_PREFIX_PATH}:/home/nicxe/ros2_ws/install/my_package:/home/nicxe/ros2_ws/install/crazyflie_simulation:/home/nicxe/ros2_ws/install/crazyflie_ros2_simulation:/home/nicxe/ros2_ws/install/crazyflie_ros2_simple_mapper:/home/nicxe/ros2_ws/install/crazyflie_ros2_scan:/home/nicxe/ros2_ws/install/crazyflie_ros2:/home/nicxe/ros2_ws/install/crazyflie_py:/opt/ros/galactic /usr/bin/cmake --install /home/nicxe/ros2_ws/build/crazyflie_ros2_interfaces
[2.963s] -- Install configuration: ""
[2.981s] -- Up-to-date: /home/nicxe/ros2_ws/install/crazyflie_ros2_interfaces/share/ament_index/resource_index/rosidl_interfaces/crazyflie_ros2_interfaces
[2.982s] -- Up-to-date: /home/nicxe/ros2_ws/install/crazyflie_ros2_interfaces/include/crazyflie_ros2_interfaces
[2.982s] -- Up-to-date: /home/nicxe/ros2_ws/install/crazyflie_ros2_interfaces/include/crazyflie_ros2_interfaces/action
[2.982s] -- Up-to-date: /home/nicxe/ros2_ws/install/crazyflie_ros2_interfaces/include/crazyflie_ros2_interfaces/action/detail
[2.982s] -- Up-to-date: /home/nicxe/ros2_ws/install/crazyflie_ros2_interfaces/include/crazyflie_ros2_interfaces/action/detail/multi_ranger_scan__struct.h
[2.982s] -- Up-to-date: /home/nicxe/ros2_ws/install/crazyflie_ros2_interfaces/include/crazyflie_ros2_interfaces/action/detail/multi_ranger_scan__type_support.h
[2.982s] -- Up-to-date: /home/nicxe/ros2_ws/install/crazyflie_ros2_interfaces/include/crazyflie_ros2_interfaces/action/detail/multi_ranger_scan__functions.h
[2.982s] -- Up-to-date: /home/nicxe/ros2_ws/install/crazyflie_ros2_interfaces/include/crazyflie_ros2_interfaces/action/detail/multi_ranger_scan__functions.c
[2.982s] -- Up-to-date: /home/nicxe/ros2_ws/install/crazyflie_ros2_interfaces/include/crazyflie_ros2_interfaces/action/multi_ranger_scan.h
[2.982s] -- Up-to-date: /home/nicxe/ros2_ws/install/crazyflie_ros2_interfaces/include/crazyflie_ros2_interfaces/msg
[2.982s] -- Up-to-date: /home/nicxe/ros2_ws/install/crazyflie_ros2_interfaces/include/crazyflie_ros2_interfaces/msg/rosidl_generator_c__visibility_control.h
[2.982s] -- Up-to-date: /home/nicxe/ros2_ws/install/crazyflie_ros2_interfaces/share/crazyflie_ros2_interfaces/environment/library_path.sh
[2.982s] -- Up-to-date: /home/nicxe/ros2_ws/install/crazyflie_ros2_interfaces/share/crazyflie_ros2_interfaces/environment/library_path.dsv
[3.016s] -- Up-to-date: /home/nicxe/ros2_ws/install/crazyflie_ros2_interfaces/lib/libcrazyflie_ros2_interfaces__rosidl_generator_c.so
[3.016s] -- Up-to-date: /home/nicxe/ros2_ws/install/crazyflie_ros2_interfaces/include/crazyflie_ros2_interfaces
[3.017s] -- Up-to-date: /home/nicxe/ros2_ws/install/crazyflie_ros2_interfaces/include/crazyflie_ros2_interfaces/action
[3.017s] -- Up-to-date: /home/nicxe/ros2_ws/install/crazyflie_ros2_interfaces/include/crazyflie_ros2_interfaces/action/detail
[3.017s] -- Up-to-date: /home/nicxe/ros2_ws/install/crazyflie_ros2_interfaces/include/crazyflie_ros2_interfaces/action/detail/multi_ranger_scan__rosidl_typesupport_fastrtps_c.h
[3.017s] -- Up-to-date: /home/nicxe/ros2_ws/install/crazyflie_ros2_interfaces/include/crazyflie_ros2_interfaces/msg
[3.017s] -- Up-to-date: /home/nicxe/ros2_ws/install/crazyflie_ros2_interfaces/include/crazyflie_ros2_interfaces/msg/rosidl_typesupport_fastrtps_c__visibility_control.h
[3.060s] -- Up-to-date: /home/nicxe/ros2_ws/install/crazyflie_ros2_interfaces/lib/libcrazyflie_ros2_interfaces__rosidl_typesupport_fastrtps_c.so
[3.060s] -- Up-to-date: /home/nicxe/ros2_ws/install/crazyflie_ros2_interfaces/include/crazyflie_ros2_interfaces
[3.060s] -- Up-to-date: /home/nicxe/ros2_ws/install/crazyflie_ros2_interfaces/include/crazyflie_ros2_interfaces/action
[3.060s] -- Up-to-date: /home/nicxe/ros2_ws/install/crazyflie_ros2_interfaces/include/crazyflie_ros2_interfaces/action/detail
[3.060s] -- Up-to-date: /home/nicxe/ros2_ws/install/crazyflie_ros2_interfaces/include/crazyflie_ros2_interfaces/action/detail/dds_fastrtps
[3.060s] -- Up-to-date: /home/nicxe/ros2_ws/install/crazyflie_ros2_interfaces/include/crazyflie_ros2_interfaces/action/detail/multi_ranger_scan__rosidl_typesupport_fastrtps_cpp.hpp
[3.060s] -- Up-to-date: /home/nicxe/ros2_ws/install/crazyflie_ros2_interfaces/include/crazyflie_ros2_interfaces/msg
[3.060s] -- Up-to-date: /home/nicxe/ros2_ws/install/crazyflie_ros2_interfaces/include/crazyflie_ros2_interfaces/msg/rosidl_typesupport_fastrtps_cpp__visibility_control.h
[3.081s] -- Up-to-date: /home/nicxe/ros2_ws/install/crazyflie_ros2_interfaces/lib/libcrazyflie_ros2_interfaces__rosidl_typesupport_fastrtps_cpp.so
[3.081s] -- Up-to-date: /home/nicxe/ros2_ws/install/crazyflie_ros2_interfaces/include/crazyflie_ros2_interfaces
[3.081s] -- Up-to-date: /home/nicxe/ros2_ws/install/crazyflie_ros2_interfaces/include/crazyflie_ros2_interfaces/action
[3.082s] -- Up-to-date: /home/nicxe/ros2_ws/install/crazyflie_ros2_interfaces/include/crazyflie_ros2_interfaces/action/detail
[3.082s] -- Up-to-date: /home/nicxe/ros2_ws/install/crazyflie_ros2_interfaces/include/crazyflie_ros2_interfaces/action/detail/multi_ranger_scan__type_support.c
[3.082s] -- Up-to-date: /home/nicxe/ros2_ws/install/crazyflie_ros2_interfaces/include/crazyflie_ros2_interfaces/action/detail/multi_ranger_scan__rosidl_typesupport_introspection_c.h
[3.082s] -- Up-to-date: /home/nicxe/ros2_ws/install/crazyflie_ros2_interfaces/include/crazyflie_ros2_interfaces/msg
[3.082s] -- Up-to-date: /home/nicxe/ros2_ws/install/crazyflie_ros2_interfaces/include/crazyflie_ros2_interfaces/msg/rosidl_typesupport_introspection_c__visibility_control.h
[3.102s] -- Up-to-date: /home/nicxe/ros2_ws/install/crazyflie_ros2_interfaces/lib/libcrazyflie_ros2_interfaces__rosidl_typesupport_introspection_c.so
[3.105s] -- Up-to-date: /home/nicxe/ros2_ws/install/crazyflie_ros2_interfaces/lib/libcrazyflie_ros2_interfaces__rosidl_typesupport_c.so
[3.106s] -- Up-to-date: /home/nicxe/ros2_ws/install/crazyflie_ros2_interfaces/include/crazyflie_ros2_interfaces
[3.106s] -- Up-to-date: /home/nicxe/ros2_ws/install/crazyflie_ros2_interfaces/include/crazyflie_ros2_interfaces/action
[3.106s] -- Up-to-date: /home/nicxe/ros2_ws/install/crazyflie_ros2_interfaces/include/crazyflie_ros2_interfaces/action/detail
[3.106s] -- Up-to-date: /home/nicxe/ros2_ws/install/crazyflie_ros2_interfaces/include/crazyflie_ros2_interfaces/action/detail/multi_ranger_scan__builder.hpp
[3.106s] -- Up-to-date: /home/nicxe/ros2_ws/install/crazyflie_ros2_interfaces/include/crazyflie_ros2_interfaces/action/detail/multi_ranger_scan__struct.hpp
[3.106s] -- Up-to-date: /home/nicxe/ros2_ws/install/crazyflie_ros2_interfaces/include/crazyflie_ros2_interfaces/action/detail/multi_ranger_scan__traits.hpp
[3.106s] -- Up-to-date: /home/nicxe/ros2_ws/install/crazyflie_ros2_interfaces/include/crazyflie_ros2_interfaces/action/multi_ranger_scan.hpp
[3.106s] -- Up-to-date: /home/nicxe/ros2_ws/install/crazyflie_ros2_interfaces/include/crazyflie_ros2_interfaces
[3.106s] -- Up-to-date: /home/nicxe/ros2_ws/install/crazyflie_ros2_interfaces/include/crazyflie_ros2_interfaces/action
[3.106s] -- Up-to-date: /home/nicxe/ros2_ws/install/crazyflie_ros2_interfaces/include/crazyflie_ros2_interfaces/action/detail
[3.106s] -- Up-to-date: /home/nicxe/ros2_ws/install/crazyflie_ros2_interfaces/include/crazyflie_ros2_interfaces/action/detail/multi_ranger_scan__type_support.cpp
[3.106s] -- Up-to-date: /home/nicxe/ros2_ws/install/crazyflie_ros2_interfaces/include/crazyflie_ros2_interfaces/action/detail/multi_ranger_scan__rosidl_typesupport_introspection_cpp.hpp
[3.127s] -- Up-to-date: /home/nicxe/ros2_ws/install/crazyflie_ros2_interfaces/lib/libcrazyflie_ros2_interfaces__rosidl_typesupport_introspection_cpp.so
[3.156s] -- Up-to-date: /home/nicxe/ros2_ws/install/crazyflie_ros2_interfaces/lib/libcrazyflie_ros2_interfaces__rosidl_typesupport_cpp.so
[3.156s] -- Up-to-date: /home/nicxe/ros2_ws/install/crazyflie_ros2_interfaces/share/crazyflie_ros2_interfaces/environment/pythonpath.sh
[3.156s] -- Up-to-date: /home/nicxe/ros2_ws/install/crazyflie_ros2_interfaces/share/crazyflie_ros2_interfaces/environment/pythonpath.dsv
[3.156s] -- Up-to-date: /home/nicxe/ros2_ws/install/crazyflie_ros2_interfaces/lib/python3.8/site-packages/crazyflie_ros2_interfaces/__init__.py
[3.213s] -- Up-to-date: /home/nicxe/ros2_ws/install/crazyflie_ros2_interfaces/lib/python3.8/site-packages/crazyflie_ros2_interfaces/action
[3.213s] -- Up-to-date: /home/nicxe/ros2_ws/install/crazyflie_ros2_interfaces/lib/python3.8/site-packages/crazyflie_ros2_interfaces/action/_multi_ranger_scan.py
[3.213s] -- Up-to-date: /home/nicxe/ros2_ws/install/crazyflie_ros2_interfaces/lib/python3.8/site-packages/crazyflie_ros2_interfaces/action/_multi_ranger_scan_s.c
[3.213s] -- Up-to-date: /home/nicxe/ros2_ws/install/crazyflie_ros2_interfaces/lib/python3.8/site-packages/crazyflie_ros2_interfaces/action/__init__.py
[3.221s] -- Up-to-date: /home/nicxe/ros2_ws/install/crazyflie_ros2_interfaces/lib/python3.8/site-packages/crazyflie_ros2_interfaces/crazyflie_ros2_interfaces_s__rosidl_typesupport_fastrtps_c.cpython-38-x86_64-linux-gnu.so
[3.228s] -- Up-to-date: /home/nicxe/ros2_ws/install/crazyflie_ros2_interfaces/lib/python3.8/site-packages/crazyflie_ros2_interfaces/crazyflie_ros2_interfaces_s__rosidl_typesupport_introspection_c.cpython-38-x86_64-linux-gnu.so
[3.263s] -- Up-to-date: /home/nicxe/ros2_ws/install/crazyflie_ros2_interfaces/lib/python3.8/site-packages/crazyflie_ros2_interfaces/crazyflie_ros2_interfaces_s__rosidl_typesupport_c.cpython-38-x86_64-linux-gnu.so
[3.294s] -- Up-to-date: /home/nicxe/ros2_ws/install/crazyflie_ros2_interfaces/lib/libcrazyflie_ros2_interfaces__python.so
[3.326s] -- Up-to-date: /home/nicxe/ros2_ws/install/crazyflie_ros2_interfaces/share/crazyflie_ros2_interfaces/action/MultiRangerScan.idl
[3.326s] -- Up-to-date: /home/nicxe/ros2_ws/install/crazyflie_ros2_interfaces/share/crazyflie_ros2_interfaces/action/MultiRangerScan.action
[3.326s] -- Up-to-date: /home/nicxe/ros2_ws/install/crazyflie_ros2_interfaces/share/ament_index/resource_index/package_run_dependencies/crazyflie_ros2_interfaces
[3.328s] -- Up-to-date: /home/nicxe/ros2_ws/install/crazyflie_ros2_interfaces/share/ament_index/resource_index/parent_prefix_path/crazyflie_ros2_interfaces
[3.328s] -- Up-to-date: /home/nicxe/ros2_ws/install/crazyflie_ros2_interfaces/share/crazyflie_ros2_interfaces/environment/ament_prefix_path.sh
[3.328s] -- Up-to-date: /home/nicxe/ros2_ws/install/crazyflie_ros2_interfaces/share/crazyflie_ros2_interfaces/environment/ament_prefix_path.dsv
[3.328s] -- Up-to-date: /home/nicxe/ros2_ws/install/crazyflie_ros2_interfaces/share/crazyflie_ros2_interfaces/environment/path.sh
[3.328s] -- Up-to-date: /home/nicxe/ros2_ws/install/crazyflie_ros2_interfaces/share/crazyflie_ros2_interfaces/environment/path.dsv
[3.328s] -- Up-to-date: /home/nicxe/ros2_ws/install/crazyflie_ros2_interfaces/share/crazyflie_ros2_interfaces/local_setup.bash
[3.328s] -- Up-to-date: /home/nicxe/ros2_ws/install/crazyflie_ros2_interfaces/share/crazyflie_ros2_interfaces/local_setup.sh
[3.328s] -- Up-to-date: /home/nicxe/ros2_ws/install/crazyflie_ros2_interfaces/share/crazyflie_ros2_interfaces/local_setup.zsh
[3.328s] -- Up-to-date: /home/nicxe/ros2_ws/install/crazyflie_ros2_interfaces/share/crazyflie_ros2_interfaces/local_setup.dsv
[3.328s] -- Installing: /home/nicxe/ros2_ws/install/crazyflie_ros2_interfaces/share/crazyflie_ros2_interfaces/package.dsv
[3.351s] -- Up-to-date: /home/nicxe/ros2_ws/install/crazyflie_ros2_interfaces/share/ament_index/resource_index/packages/crazyflie_ros2_interfaces
[3.427s] -- Up-to-date: /home/nicxe/ros2_ws/install/crazyflie_ros2_interfaces/share/crazyflie_ros2_interfaces/cmake/crazyflie_ros2_interfaces__rosidl_generator_cExport.cmake
[3.427s] -- Up-to-date: /home/nicxe/ros2_ws/install/crazyflie_ros2_interfaces/share/crazyflie_ros2_interfaces/cmake/crazyflie_ros2_interfaces__rosidl_generator_cExport-noconfig.cmake
[3.429s] -- Up-to-date: /home/nicxe/ros2_ws/install/crazyflie_ros2_interfaces/share/crazyflie_ros2_interfaces/cmake/crazyflie_ros2_interfaces__rosidl_typesupport_introspection_cExport.cmake
[3.429s] -- Up-to-date: /home/nicxe/ros2_ws/install/crazyflie_ros2_interfaces/share/crazyflie_ros2_interfaces/cmake/crazyflie_ros2_interfaces__rosidl_typesupport_introspection_cExport-noconfig.cmake
[3.430s] -- Up-to-date: /home/nicxe/ros2_ws/install/crazyflie_ros2_interfaces/share/crazyflie_ros2_interfaces/cmake/crazyflie_ros2_interfaces__rosidl_typesupport_cExport.cmake
[3.430s] -- Up-to-date: /home/nicxe/ros2_ws/install/crazyflie_ros2_interfaces/share/crazyflie_ros2_interfaces/cmake/crazyflie_ros2_interfaces__rosidl_typesupport_cExport-noconfig.cmake
[3.439s] -- Up-to-date: /home/nicxe/ros2_ws/install/crazyflie_ros2_interfaces/share/crazyflie_ros2_interfaces/cmake/crazyflie_ros2_interfaces__rosidl_generator_cppExport.cmake
[3.440s] -- Up-to-date: /home/nicxe/ros2_ws/install/crazyflie_ros2_interfaces/share/crazyflie_ros2_interfaces/cmake/crazyflie_ros2_interfaces__rosidl_typesupport_introspection_cppExport.cmake
[3.440s] -- Up-to-date: /home/nicxe/ros2_ws/install/crazyflie_ros2_interfaces/share/crazyflie_ros2_interfaces/cmake/crazyflie_ros2_interfaces__rosidl_typesupport_introspection_cppExport-noconfig.cmake
[3.451s] -- Up-to-date: /home/nicxe/ros2_ws/install/crazyflie_ros2_interfaces/share/crazyflie_ros2_interfaces/cmake/crazyflie_ros2_interfaces__rosidl_typesupport_cppExport.cmake
[3.451s] -- Up-to-date: /home/nicxe/ros2_ws/install/crazyflie_ros2_interfaces/share/crazyflie_ros2_interfaces/cmake/crazyflie_ros2_interfaces__rosidl_typesupport_cppExport-noconfig.cmake
[3.451s] -- Up-to-date: /home/nicxe/ros2_ws/install/crazyflie_ros2_interfaces/share/crazyflie_ros2_interfaces/cmake/rosidl_cmake-extras.cmake
[3.451s] -- Up-to-date: /home/nicxe/ros2_ws/install/crazyflie_ros2_interfaces/share/crazyflie_ros2_interfaces/cmake/ament_cmake_export_dependencies-extras.cmake
[3.451s] -- Up-to-date: /home/nicxe/ros2_ws/install/crazyflie_ros2_interfaces/share/crazyflie_ros2_interfaces/cmake/ament_cmake_export_libraries-extras.cmake
[3.451s] -- Up-to-date: /home/nicxe/ros2_ws/install/crazyflie_ros2_interfaces/share/crazyflie_ros2_interfaces/cmake/ament_cmake_export_targets-extras.cmake
[3.451s] -- Up-to-date: /home/nicxe/ros2_ws/install/crazyflie_ros2_interfaces/share/crazyflie_ros2_interfaces/cmake/ament_cmake_export_include_directories-extras.cmake
[3.451s] -- Up-to-date: /home/nicxe/ros2_ws/install/crazyflie_ros2_interfaces/share/crazyflie_ros2_interfaces/cmake/rosidl_cmake_export_typesupport_libraries-extras.cmake
[3.451s] -- Up-to-date: /home/nicxe/ros2_ws/install/crazyflie_ros2_interfaces/share/crazyflie_ros2_interfaces/cmake/rosidl_cmake_export_typesupport_targets-extras.cmake
[3.451s] -- Up-to-date: /home/nicxe/ros2_ws/install/crazyflie_ros2_interfaces/share/crazyflie_ros2_interfaces/cmake/crazyflie_ros2_interfacesConfig.cmake
[3.451s] -- Up-to-date: /home/nicxe/ros2_ws/install/crazyflie_ros2_interfaces/share/crazyflie_ros2_interfaces/cmake/crazyflie_ros2_interfacesConfig-version.cmake
[3.451s] -- Up-to-date: /home/nicxe/ros2_ws/install/crazyflie_ros2_interfaces/share/crazyflie_ros2_interfaces/package.xml
[3.456s] Invoked command in '/home/nicxe/ros2_ws/build/crazyflie_ros2_interfaces' returned '0': CMAKE_PREFIX_PATH=${CMAKE_PREFIX_PATH}:/home/nicxe/ros2_ws/install/my_package:/home/nicxe/ros2_ws/install/crazyflie_simulation:/home/nicxe/ros2_ws/install/crazyflie_ros2_simulation:/home/nicxe/ros2_ws/install/crazyflie_ros2_simple_mapper:/home/nicxe/ros2_ws/install/crazyflie_ros2_scan:/home/nicxe/ros2_ws/install/crazyflie_ros2:/home/nicxe/ros2_ws/install/crazyflie_py:/opt/ros/galactic /usr/bin/cmake --install /home/nicxe/ros2_ws/build/crazyflie_ros2_interfaces
