[1.966s] Invoking command in '/home/tdeng23/ros2_ws/src/my_package': PYTHONPATH=/home/tdeng23/ros2_ws/build/my_package/prefix_override:/home/tdeng23/ros2_ws/install/my_package/lib/python3.8/site-packages:${PYTHONPATH} /usr/bin/python3 setup.py egg_info --egg-base ../../build/my_package build --build-base /home/tdeng23/ros2_ws/build/my_package/build install --record /home/tdeng23/ros2_ws/build/my_package/install.log --single-version-externally-managed
[2.408s] running egg_info
[2.409s] writing ../../build/my_package/my_package.egg-info/PKG-INFO
[2.409s] writing dependency_links to ../../build/my_package/my_package.egg-info/dependency_links.txt
[2.409s] writing entry points to ../../build/my_package/my_package.egg-info/entry_points.txt
[2.409s] writing requirements to ../../build/my_package/my_package.egg-info/requires.txt
[2.410s] writing top-level names to ../../build/my_package/my_package.egg-info/top_level.txt
[2.522s] reading manifest file '../../build/my_package/my_package.egg-info/SOURCES.txt'
[2.533s] writing manifest file '../../build/my_package/my_package.egg-info/SOURCES.txt'
[2.533s] running build
[2.533s] running build_py
[2.533s] running install
[2.535s] running install_lib
[2.537s] running install_data
[2.538s] running install_egg_info
[2.540s] removing '/home/tdeng23/ros2_ws/install/my_package/lib/python3.8/site-packages/my_package-0.0.0-py3.8.egg-info' (and everything under it)
[2.541s] Copying ../../build/my_package/my_package.egg-info to /home/tdeng23/ros2_ws/install/my_package/lib/python3.8/site-packages/my_package-0.0.0-py3.8.egg-info
[2.565s] running install_scripts
[2.602s] Installing my_robot_driver script to /home/tdeng23/ros2_ws/install/my_package/lib/my_package
[2.602s] writing list of installed files to '/home/tdeng23/ros2_ws/build/my_package/install.log'
[2.697s] Invoked command in '/home/tdeng23/ros2_ws/src/my_package' returned '0': PYTHONPATH=/home/tdeng23/ros2_ws/build/my_package/prefix_override:/home/tdeng23/ros2_ws/install/my_package/lib/python3.8/site-packages:${PYTHONPATH} /usr/bin/python3 setup.py egg_info --egg-base ../../build/my_package build --build-base /home/tdeng23/ros2_ws/build/my_package/build install --record /home/tdeng23/ros2_ws/build/my_package/install.log --single-version-externally-managed
