[0.294s] Invoking command in '/home/tdeng23/ros2_ws/build/crazyflie_ros2_interfaces': CMAKE_PREFIX_PATH=/opt/ros/galactic /home/tdeng23/.local/bin/cmake --build /home/tdeng23/ros2_ws/build/crazyflie_ros2_interfaces -- -j8 -l8
[0.746s] [  3%] Built target crazyflie_ros2_interfaces__cpp
[0.746s] [ 12%] Built target crazyflie_ros2_interfaces__rosidl_generator_c
[0.746s] [ 22%] Built target crazyflie_ros2_interfaces__rosidl_typesupport_cpp
[0.746s] [ 32%] Built target crazyflie_ros2_interfaces__rosidl_typesupport_introspection_c
[0.746s] [ 41%] Built target crazyflie_ros2_interfaces__rosidl_typesupport_c
[0.746s] [ 51%] Built target crazyflie_ros2_interfaces__rosidl_typesupport_introspection_cpp
[0.746s] [ 61%] Built target crazyflie_ros2_interfaces__rosidl_typesupport_fastrtps_cpp
[0.746s] [ 70%] Built target crazyflie_ros2_interfaces__rosidl_typesupport_fastrtps_c
[0.746s] [ 70%] Built target crazyflie_ros2_interfaces
[0.746s] [ 74%] Built target crazyflie_ros2_interfaces__py
[0.747s] [ 80%] Built target crazyflie_ros2_interfaces__python
[0.747s] [ 87%] Built target crazyflie_ros2_interfaces__rosidl_typesupport_introspection_c__pyext
[0.747s] [100%] Built target crazyflie_ros2_interfaces__rosidl_typesupport_fastrtps_c__pyext
[0.747s] [100%] Built target crazyflie_ros2_interfaces__rosidl_typesupport_c__pyext
[0.755s] Invoked command in '/home/tdeng23/ros2_ws/build/crazyflie_ros2_interfaces' returned '0': CMAKE_PREFIX_PATH=/opt/ros/galactic /home/tdeng23/.local/bin/cmake --build /home/tdeng23/ros2_ws/build/crazyflie_ros2_interfaces -- -j8 -l8
[0.869s] Invoking command in '/home/tdeng23/ros2_ws/build/crazyflie_ros2_interfaces': CMAKE_PREFIX_PATH=/opt/ros/galactic /home/tdeng23/.local/bin/cmake --install /home/tdeng23/ros2_ws/build/crazyflie_ros2_interfaces
[0.913s] -- Install configuration: ""
[0.913s] -- Up-to-date: /home/tdeng23/ros2_ws/install/crazyflie_ros2_interfaces/share/ament_index/resource_index/rosidl_interfaces/crazyflie_ros2_interfaces
[0.913s] -- Up-to-date: /home/tdeng23/ros2_ws/install/crazyflie_ros2_interfaces/include/crazyflie_ros2_interfaces
[0.914s] -- Up-to-date: /home/tdeng23/ros2_ws/install/crazyflie_ros2_interfaces/include/crazyflie_ros2_interfaces/action
[0.914s] -- Up-to-date: /home/tdeng23/ros2_ws/install/crazyflie_ros2_interfaces/include/crazyflie_ros2_interfaces/action/multi_ranger_scan.h
[0.914s] -- Up-to-date: /home/tdeng23/ros2_ws/install/crazyflie_ros2_interfaces/include/crazyflie_ros2_interfaces/action/detail
[0.914s] -- Up-to-date: /home/tdeng23/ros2_ws/install/crazyflie_ros2_interfaces/include/crazyflie_ros2_interfaces/action/detail/multi_ranger_scan__struct.h
[0.915s] -- Up-to-date: /home/tdeng23/ros2_ws/install/crazyflie_ros2_interfaces/include/crazyflie_ros2_interfaces/action/detail/multi_ranger_scan__functions.c
[0.916s] -- Up-to-date: /home/tdeng23/ros2_ws/install/crazyflie_ros2_interfaces/include/crazyflie_ros2_interfaces/action/detail/multi_ranger_scan__functions.h
[0.916s] -- Up-to-date: /home/tdeng23/ros2_ws/install/crazyflie_ros2_interfaces/include/crazyflie_ros2_interfaces/action/detail/multi_ranger_scan__type_support.h
[0.916s] -- Up-to-date: /home/tdeng23/ros2_ws/install/crazyflie_ros2_interfaces/include/crazyflie_ros2_interfaces/msg
[0.916s] -- Up-to-date: /home/tdeng23/ros2_ws/install/crazyflie_ros2_interfaces/include/crazyflie_ros2_interfaces/msg/rosidl_generator_c__visibility_control.h
[0.917s] -- Up-to-date: /home/tdeng23/ros2_ws/install/crazyflie_ros2_interfaces/share/crazyflie_ros2_interfaces/environment/library_path.sh
[0.917s] -- Up-to-date: /home/tdeng23/ros2_ws/install/crazyflie_ros2_interfaces/share/crazyflie_ros2_interfaces/environment/library_path.dsv
[0.917s] -- Up-to-date: /home/tdeng23/ros2_ws/install/crazyflie_ros2_interfaces/lib/libcrazyflie_ros2_interfaces__rosidl_generator_c.so
[0.918s] -- Up-to-date: /home/tdeng23/ros2_ws/install/crazyflie_ros2_interfaces/include/crazyflie_ros2_interfaces
[0.918s] -- Up-to-date: /home/tdeng23/ros2_ws/install/crazyflie_ros2_interfaces/include/crazyflie_ros2_interfaces/action
[0.918s] -- Up-to-date: /home/tdeng23/ros2_ws/install/crazyflie_ros2_interfaces/include/crazyflie_ros2_interfaces/action/detail
[0.919s] -- Up-to-date: /home/tdeng23/ros2_ws/install/crazyflie_ros2_interfaces/include/crazyflie_ros2_interfaces/action/detail/multi_ranger_scan__rosidl_typesupport_fastrtps_c.h
[0.919s] -- Up-to-date: /home/tdeng23/ros2_ws/install/crazyflie_ros2_interfaces/include/crazyflie_ros2_interfaces/msg
[0.919s] -- Up-to-date: /home/tdeng23/ros2_ws/install/crazyflie_ros2_interfaces/include/crazyflie_ros2_interfaces/msg/rosidl_typesupport_fastrtps_c__visibility_control.h
[0.919s] -- Up-to-date: /home/tdeng23/ros2_ws/install/crazyflie_ros2_interfaces/lib/libcrazyflie_ros2_interfaces__rosidl_typesupport_fastrtps_c.so
[0.919s] -- Up-to-date: /home/tdeng23/ros2_ws/install/crazyflie_ros2_interfaces/include/crazyflie_ros2_interfaces
[0.919s] -- Up-to-date: /home/tdeng23/ros2_ws/install/crazyflie_ros2_interfaces/include/crazyflie_ros2_interfaces/action
[0.920s] -- Up-to-date: /home/tdeng23/ros2_ws/install/crazyflie_ros2_interfaces/include/crazyflie_ros2_interfaces/action/detail
[0.920s] -- Up-to-date: /home/tdeng23/ros2_ws/install/crazyflie_ros2_interfaces/include/crazyflie_ros2_interfaces/action/detail/multi_ranger_scan__rosidl_typesupport_fastrtps_cpp.hpp
[0.920s] -- Up-to-date: /home/tdeng23/ros2_ws/install/crazyflie_ros2_interfaces/include/crazyflie_ros2_interfaces/action/detail/dds_fastrtps
[0.920s] -- Up-to-date: /home/tdeng23/ros2_ws/install/crazyflie_ros2_interfaces/include/crazyflie_ros2_interfaces/msg
[0.920s] -- Up-to-date: /home/tdeng23/ros2_ws/install/crazyflie_ros2_interfaces/include/crazyflie_ros2_interfaces/msg/rosidl_typesupport_fastrtps_cpp__visibility_control.h
[0.920s] -- Up-to-date: /home/tdeng23/ros2_ws/install/crazyflie_ros2_interfaces/lib/libcrazyflie_ros2_interfaces__rosidl_typesupport_fastrtps_cpp.so
[0.920s] -- Up-to-date: /home/tdeng23/ros2_ws/install/crazyflie_ros2_interfaces/include/crazyflie_ros2_interfaces
[0.921s] -- Up-to-date: /home/tdeng23/ros2_ws/install/crazyflie_ros2_interfaces/include/crazyflie_ros2_interfaces/action
[0.921s] -- Up-to-date: /home/tdeng23/ros2_ws/install/crazyflie_ros2_interfaces/include/crazyflie_ros2_interfaces/action/detail
[0.921s] -- Up-to-date: /home/tdeng23/ros2_ws/install/crazyflie_ros2_interfaces/include/crazyflie_ros2_interfaces/action/detail/multi_ranger_scan__rosidl_typesupport_introspection_c.h
[0.921s] -- Up-to-date: /home/tdeng23/ros2_ws/install/crazyflie_ros2_interfaces/include/crazyflie_ros2_interfaces/action/detail/multi_ranger_scan__type_support.c
[0.921s] -- Up-to-date: /home/tdeng23/ros2_ws/install/crazyflie_ros2_interfaces/include/crazyflie_ros2_interfaces/msg
[0.921s] -- Up-to-date: /home/tdeng23/ros2_ws/install/crazyflie_ros2_interfaces/include/crazyflie_ros2_interfaces/msg/rosidl_typesupport_introspection_c__visibility_control.h
[0.921s] -- Up-to-date: /home/tdeng23/ros2_ws/install/crazyflie_ros2_interfaces/lib/libcrazyflie_ros2_interfaces__rosidl_typesupport_introspection_c.so
[0.922s] -- Up-to-date: /home/tdeng23/ros2_ws/install/crazyflie_ros2_interfaces/lib/libcrazyflie_ros2_interfaces__rosidl_typesupport_c.so
[0.922s] -- Up-to-date: /home/tdeng23/ros2_ws/install/crazyflie_ros2_interfaces/include/crazyflie_ros2_interfaces
[0.922s] -- Up-to-date: /home/tdeng23/ros2_ws/install/crazyflie_ros2_interfaces/include/crazyflie_ros2_interfaces/action
[0.922s] -- Up-to-date: /home/tdeng23/ros2_ws/install/crazyflie_ros2_interfaces/include/crazyflie_ros2_interfaces/action/detail
[0.922s] -- Up-to-date: /home/tdeng23/ros2_ws/install/crazyflie_ros2_interfaces/include/crazyflie_ros2_interfaces/action/detail/multi_ranger_scan__traits.hpp
[0.922s] -- Up-to-date: /home/tdeng23/ros2_ws/install/crazyflie_ros2_interfaces/include/crazyflie_ros2_interfaces/action/detail/multi_ranger_scan__struct.hpp
[0.922s] -- Up-to-date: /home/tdeng23/ros2_ws/install/crazyflie_ros2_interfaces/include/crazyflie_ros2_interfaces/action/detail/multi_ranger_scan__builder.hpp
[0.922s] -- Up-to-date: /home/tdeng23/ros2_ws/install/crazyflie_ros2_interfaces/include/crazyflie_ros2_interfaces/action/multi_ranger_scan.hpp
[0.922s] -- Up-to-date: /home/tdeng23/ros2_ws/install/crazyflie_ros2_interfaces/include/crazyflie_ros2_interfaces
[0.923s] -- Up-to-date: /home/tdeng23/ros2_ws/install/crazyflie_ros2_interfaces/include/crazyflie_ros2_interfaces/action
[0.923s] -- Up-to-date: /home/tdeng23/ros2_ws/install/crazyflie_ros2_interfaces/include/crazyflie_ros2_interfaces/action/detail
[0.923s] -- Up-to-date: /home/tdeng23/ros2_ws/install/crazyflie_ros2_interfaces/include/crazyflie_ros2_interfaces/action/detail/multi_ranger_scan__rosidl_typesupport_introspection_cpp.hpp
[0.923s] -- Up-to-date: /home/tdeng23/ros2_ws/install/crazyflie_ros2_interfaces/include/crazyflie_ros2_interfaces/action/detail/multi_ranger_scan__type_support.cpp
[0.923s] -- Up-to-date: /home/tdeng23/ros2_ws/install/crazyflie_ros2_interfaces/lib/libcrazyflie_ros2_interfaces__rosidl_typesupport_introspection_cpp.so
[0.923s] -- Up-to-date: /home/tdeng23/ros2_ws/install/crazyflie_ros2_interfaces/lib/libcrazyflie_ros2_interfaces__rosidl_typesupport_cpp.so
[0.923s] -- Up-to-date: /home/tdeng23/ros2_ws/install/crazyflie_ros2_interfaces/share/crazyflie_ros2_interfaces/environment/pythonpath.sh
[0.923s] -- Up-to-date: /home/tdeng23/ros2_ws/install/crazyflie_ros2_interfaces/share/crazyflie_ros2_interfaces/environment/pythonpath.dsv
[0.923s] -- Up-to-date: /home/tdeng23/ros2_ws/install/crazyflie_ros2_interfaces/lib/python3.8/site-packages/crazyflie_ros2_interfaces/__init__.py
[0.964s] -- Up-to-date: /home/tdeng23/ros2_ws/install/crazyflie_ros2_interfaces/lib/python3.8/site-packages/crazyflie_ros2_interfaces/action
[0.965s] -- Up-to-date: /home/tdeng23/ros2_ws/install/crazyflie_ros2_interfaces/lib/python3.8/site-packages/crazyflie_ros2_interfaces/action/_multi_ranger_scan.py
[0.965s] -- Up-to-date: /home/tdeng23/ros2_ws/install/crazyflie_ros2_interfaces/lib/python3.8/site-packages/crazyflie_ros2_interfaces/action/_multi_ranger_scan_s.c
[0.965s] -- Up-to-date: /home/tdeng23/ros2_ws/install/crazyflie_ros2_interfaces/lib/python3.8/site-packages/crazyflie_ros2_interfaces/action/__init__.py
[0.965s] -- Up-to-date: /home/tdeng23/ros2_ws/install/crazyflie_ros2_interfaces/lib/python3.8/site-packages/crazyflie_ros2_interfaces/crazyflie_ros2_interfaces_s__rosidl_typesupport_fastrtps_c.cpython-38-x86_64-linux-gnu.so
[0.965s] -- Up-to-date: /home/tdeng23/ros2_ws/install/crazyflie_ros2_interfaces/lib/python3.8/site-packages/crazyflie_ros2_interfaces/crazyflie_ros2_interfaces_s__rosidl_typesupport_introspection_c.cpython-38-x86_64-linux-gnu.so
[0.965s] -- Up-to-date: /home/tdeng23/ros2_ws/install/crazyflie_ros2_interfaces/lib/python3.8/site-packages/crazyflie_ros2_interfaces/crazyflie_ros2_interfaces_s__rosidl_typesupport_c.cpython-38-x86_64-linux-gnu.so
[0.965s] -- Up-to-date: /home/tdeng23/ros2_ws/install/crazyflie_ros2_interfaces/lib/libcrazyflie_ros2_interfaces__python.so
[0.966s] -- Up-to-date: /home/tdeng23/ros2_ws/install/crazyflie_ros2_interfaces/share/crazyflie_ros2_interfaces/action/MultiRangerScan.idl
[0.966s] -- Up-to-date: /home/tdeng23/ros2_ws/install/crazyflie_ros2_interfaces/share/crazyflie_ros2_interfaces/action/MultiRangerScan.action
[0.966s] -- Up-to-date: /home/tdeng23/ros2_ws/install/crazyflie_ros2_interfaces/share/ament_index/resource_index/package_run_dependencies/crazyflie_ros2_interfaces
[0.966s] -- Up-to-date: /home/tdeng23/ros2_ws/install/crazyflie_ros2_interfaces/share/ament_index/resource_index/parent_prefix_path/crazyflie_ros2_interfaces
[0.966s] -- Up-to-date: /home/tdeng23/ros2_ws/install/crazyflie_ros2_interfaces/share/crazyflie_ros2_interfaces/environment/ament_prefix_path.sh
[0.966s] -- Up-to-date: /home/tdeng23/ros2_ws/install/crazyflie_ros2_interfaces/share/crazyflie_ros2_interfaces/environment/ament_prefix_path.dsv
[0.966s] -- Up-to-date: /home/tdeng23/ros2_ws/install/crazyflie_ros2_interfaces/share/crazyflie_ros2_interfaces/environment/path.sh
[0.967s] -- Up-to-date: /home/tdeng23/ros2_ws/install/crazyflie_ros2_interfaces/share/crazyflie_ros2_interfaces/environment/path.dsv
[0.967s] -- Up-to-date: /home/tdeng23/ros2_ws/install/crazyflie_ros2_interfaces/share/crazyflie_ros2_interfaces/local_setup.bash
[0.967s] -- Up-to-date: /home/tdeng23/ros2_ws/install/crazyflie_ros2_interfaces/share/crazyflie_ros2_interfaces/local_setup.sh
[0.967s] -- Up-to-date: /home/tdeng23/ros2_ws/install/crazyflie_ros2_interfaces/share/crazyflie_ros2_interfaces/local_setup.zsh
[0.967s] -- Up-to-date: /home/tdeng23/ros2_ws/install/crazyflie_ros2_interfaces/share/crazyflie_ros2_interfaces/local_setup.dsv
[0.967s] -- Installing: /home/tdeng23/ros2_ws/install/crazyflie_ros2_interfaces/share/crazyflie_ros2_interfaces/package.dsv
[0.967s] -- Up-to-date: /home/tdeng23/ros2_ws/install/crazyflie_ros2_interfaces/share/ament_index/resource_index/packages/crazyflie_ros2_interfaces
[0.967s] -- Up-to-date: /home/tdeng23/ros2_ws/install/crazyflie_ros2_interfaces/share/crazyflie_ros2_interfaces/cmake/crazyflie_ros2_interfaces__rosidl_generator_cExport.cmake
[0.967s] -- Up-to-date: /home/tdeng23/ros2_ws/install/crazyflie_ros2_interfaces/share/crazyflie_ros2_interfaces/cmake/crazyflie_ros2_interfaces__rosidl_generator_cExport-noconfig.cmake
[0.968s] -- Up-to-date: /home/tdeng23/ros2_ws/install/crazyflie_ros2_interfaces/share/crazyflie_ros2_interfaces/cmake/crazyflie_ros2_interfaces__rosidl_typesupport_introspection_cExport.cmake
[0.968s] -- Up-to-date: /home/tdeng23/ros2_ws/install/crazyflie_ros2_interfaces/share/crazyflie_ros2_interfaces/cmake/crazyflie_ros2_interfaces__rosidl_typesupport_introspection_cExport-noconfig.cmake
[0.968s] -- Up-to-date: /home/tdeng23/ros2_ws/install/crazyflie_ros2_interfaces/share/crazyflie_ros2_interfaces/cmake/crazyflie_ros2_interfaces__rosidl_typesupport_cExport.cmake
[0.968s] -- Up-to-date: /home/tdeng23/ros2_ws/install/crazyflie_ros2_interfaces/share/crazyflie_ros2_interfaces/cmake/crazyflie_ros2_interfaces__rosidl_typesupport_cExport-noconfig.cmake
[0.968s] -- Up-to-date: /home/tdeng23/ros2_ws/install/crazyflie_ros2_interfaces/share/crazyflie_ros2_interfaces/cmake/crazyflie_ros2_interfaces__rosidl_generator_cppExport.cmake
[0.968s] -- Up-to-date: /home/tdeng23/ros2_ws/install/crazyflie_ros2_interfaces/share/crazyflie_ros2_interfaces/cmake/crazyflie_ros2_interfaces__rosidl_typesupport_introspection_cppExport.cmake
[0.968s] -- Up-to-date: /home/tdeng23/ros2_ws/install/crazyflie_ros2_interfaces/share/crazyflie_ros2_interfaces/cmake/crazyflie_ros2_interfaces__rosidl_typesupport_introspection_cppExport-noconfig.cmake
[0.968s] -- Up-to-date: /home/tdeng23/ros2_ws/install/crazyflie_ros2_interfaces/share/crazyflie_ros2_interfaces/cmake/crazyflie_ros2_interfaces__rosidl_typesupport_cppExport.cmake
[0.968s] -- Up-to-date: /home/tdeng23/ros2_ws/install/crazyflie_ros2_interfaces/share/crazyflie_ros2_interfaces/cmake/crazyflie_ros2_interfaces__rosidl_typesupport_cppExport-noconfig.cmake
[0.969s] -- Up-to-date: /home/tdeng23/ros2_ws/install/crazyflie_ros2_interfaces/share/crazyflie_ros2_interfaces/cmake/rosidl_cmake-extras.cmake
[0.969s] -- Up-to-date: /home/tdeng23/ros2_ws/install/crazyflie_ros2_interfaces/share/crazyflie_ros2_interfaces/cmake/ament_cmake_export_dependencies-extras.cmake
[0.969s] -- Up-to-date: /home/tdeng23/ros2_ws/install/crazyflie_ros2_interfaces/share/crazyflie_ros2_interfaces/cmake/ament_cmake_export_libraries-extras.cmake
[0.969s] -- Up-to-date: /home/tdeng23/ros2_ws/install/crazyflie_ros2_interfaces/share/crazyflie_ros2_interfaces/cmake/ament_cmake_export_targets-extras.cmake
[0.969s] -- Up-to-date: /home/tdeng23/ros2_ws/install/crazyflie_ros2_interfaces/share/crazyflie_ros2_interfaces/cmake/ament_cmake_export_include_directories-extras.cmake
[0.969s] -- Up-to-date: /home/tdeng23/ros2_ws/install/crazyflie_ros2_interfaces/share/crazyflie_ros2_interfaces/cmake/rosidl_cmake_export_typesupport_libraries-extras.cmake
[0.969s] -- Up-to-date: /home/tdeng23/ros2_ws/install/crazyflie_ros2_interfaces/share/crazyflie_ros2_interfaces/cmake/rosidl_cmake_export_typesupport_targets-extras.cmake
[0.969s] -- Up-to-date: /home/tdeng23/ros2_ws/install/crazyflie_ros2_interfaces/share/crazyflie_ros2_interfaces/cmake/crazyflie_ros2_interfacesConfig.cmake
[0.969s] -- Up-to-date: /home/tdeng23/ros2_ws/install/crazyflie_ros2_interfaces/share/crazyflie_ros2_interfaces/cmake/crazyflie_ros2_interfacesConfig-version.cmake
[0.970s] -- Up-to-date: /home/tdeng23/ros2_ws/install/crazyflie_ros2_interfaces/share/crazyflie_ros2_interfaces/package.xml
[0.990s] Invoked command in '/home/tdeng23/ros2_ws/build/crazyflie_ros2_interfaces' returned '0': CMAKE_PREFIX_PATH=/opt/ros/galactic /home/tdeng23/.local/bin/cmake --install /home/tdeng23/ros2_ws/build/crazyflie_ros2_interfaces
