[0.081s] Invoking command in '/home/tdeng23/ros2_ws/build/crazyflie_interfaces': CMAKE_PREFIX_PATH=${CMAKE_PREFIX_PATH}:/home/tdeng23/ros2_ws/install/my_package:/home/tdeng23/ros2_ws/install/crazyflie_simulation:/home/tdeng23/ros2_ws/install/crazyflie_ros2_simulation:/home/tdeng23/ros2_ws/install/crazyflie_ros2_simple_mapper:/home/tdeng23/ros2_ws/install/crazyflie_ros2_scan:/home/tdeng23/ros2_ws/install/crazyflie_ros2:/home/tdeng23/ros2_ws/install/crazyflie_py:/opt/ros/galactic /home/tdeng23/.local/bin/cmake --build /home/tdeng23/ros2_ws/build/crazyflie_interfaces -- -j8 -l8
[0.870s] [  0%] Built target crazyflie_interfaces__cpp
[0.870s] [ 12%] Built target crazyflie_interfaces__rosidl_generator_c
[0.870s] [ 24%] Built target crazyflie_interfaces__rosidl_typesupport_cpp
[0.870s] [ 47%] Built target crazyflie_interfaces__rosidl_typesupport_introspection_cpp
[0.871s] [ 48%] Built target crazyflie_interfaces__rosidl_typesupport_c
[0.871s] [ 60%] Built target crazyflie_interfaces__rosidl_typesupport_fastrtps_cpp
[0.871s] [ 72%] Built target crazyflie_interfaces__rosidl_typesupport_introspection_c
[0.871s] [ 84%] Built target crazyflie_interfaces__rosidl_typesupport_fastrtps_c
[0.871s] [ 84%] Built target crazyflie_interfaces
[0.871s] [ 85%] Built target crazyflie_interfaces__py
[0.871s] [ 96%] Built target crazyflie_interfaces__python
[0.871s] [ 97%] Built target crazyflie_interfaces__rosidl_typesupport_fastrtps_c__pyext
[0.871s] [ 99%] Built target crazyflie_interfaces__rosidl_typesupport_introspection_c__pyext
[0.871s] [100%] Built target crazyflie_interfaces__rosidl_typesupport_c__pyext
[0.875s] Invoked command in '/home/tdeng23/ros2_ws/build/crazyflie_interfaces' returned '0': CMAKE_PREFIX_PATH=${CMAKE_PREFIX_PATH}:/home/tdeng23/ros2_ws/install/my_package:/home/tdeng23/ros2_ws/install/crazyflie_simulation:/home/tdeng23/ros2_ws/install/crazyflie_ros2_simulation:/home/tdeng23/ros2_ws/install/crazyflie_ros2_simple_mapper:/home/tdeng23/ros2_ws/install/crazyflie_ros2_scan:/home/tdeng23/ros2_ws/install/crazyflie_ros2:/home/tdeng23/ros2_ws/install/crazyflie_py:/opt/ros/galactic /home/tdeng23/.local/bin/cmake --build /home/tdeng23/ros2_ws/build/crazyflie_interfaces -- -j8 -l8
[1.658s] Invoking command in '/home/tdeng23/ros2_ws/build/crazyflie_interfaces': CMAKE_PREFIX_PATH=${CMAKE_PREFIX_PATH}:/home/tdeng23/ros2_ws/install/my_package:/home/tdeng23/ros2_ws/install/crazyflie_simulation:/home/tdeng23/ros2_ws/install/crazyflie_ros2_simulation:/home/tdeng23/ros2_ws/install/crazyflie_ros2_simple_mapper:/home/tdeng23/ros2_ws/install/crazyflie_ros2_scan:/home/tdeng23/ros2_ws/install/crazyflie_ros2:/home/tdeng23/ros2_ws/install/crazyflie_py:/opt/ros/galactic /home/tdeng23/.local/bin/cmake --install /home/tdeng23/ros2_ws/build/crazyflie_interfaces
[1.915s] -- Install configuration: ""
[1.915s] -- Execute custom install script
[1.915s] -- Up-to-date symlink: /home/tdeng23/ros2_ws/install/crazyflie_interfaces/share/ament_index/resource_index/rosidl_interfaces/crazyflie_interfaces
[1.916s] -- Up-to-date symlink: /home/tdeng23/ros2_ws/install/crazyflie_interfaces/include/crazyflie_interfaces/msg/detail/full_state__functions.h
[1.916s] -- Up-to-date symlink: /home/tdeng23/ros2_ws/install/crazyflie_interfaces/include/crazyflie_interfaces/msg/detail/full_state__struct.h
[1.916s] -- Up-to-date symlink: /home/tdeng23/ros2_ws/install/crazyflie_interfaces/include/crazyflie_interfaces/msg/detail/full_state__type_support.h
[1.916s] -- Up-to-date symlink: /home/tdeng23/ros2_ws/install/crazyflie_interfaces/include/crazyflie_interfaces/msg/detail/hover__functions.h
[1.916s] -- Up-to-date symlink: /home/tdeng23/ros2_ws/install/crazyflie_interfaces/include/crazyflie_interfaces/msg/detail/hover__struct.h
[1.916s] -- Up-to-date symlink: /home/tdeng23/ros2_ws/install/crazyflie_interfaces/include/crazyflie_interfaces/msg/detail/hover__type_support.h
[1.916s] -- Up-to-date symlink: /home/tdeng23/ros2_ws/install/crazyflie_interfaces/include/crazyflie_interfaces/msg/detail/log_block__functions.h
[1.916s] -- Up-to-date symlink: /home/tdeng23/ros2_ws/install/crazyflie_interfaces/include/crazyflie_interfaces/msg/detail/log_block__struct.h
[1.916s] -- Up-to-date symlink: /home/tdeng23/ros2_ws/install/crazyflie_interfaces/include/crazyflie_interfaces/msg/detail/log_block__type_support.h
[1.916s] -- Up-to-date symlink: /home/tdeng23/ros2_ws/install/crazyflie_interfaces/include/crazyflie_interfaces/msg/detail/log_data_generic__functions.h
[1.916s] -- Up-to-date symlink: /home/tdeng23/ros2_ws/install/crazyflie_interfaces/include/crazyflie_interfaces/msg/detail/log_data_generic__struct.h
[1.916s] -- Up-to-date symlink: /home/tdeng23/ros2_ws/install/crazyflie_interfaces/include/crazyflie_interfaces/msg/detail/log_data_generic__type_support.h
[1.917s] -- Up-to-date symlink: /home/tdeng23/ros2_ws/install/crazyflie_interfaces/include/crazyflie_interfaces/msg/detail/position__functions.h
[1.917s] -- Up-to-date symlink: /home/tdeng23/ros2_ws/install/crazyflie_interfaces/include/crazyflie_interfaces/msg/detail/position__struct.h
[1.917s] -- Up-to-date symlink: /home/tdeng23/ros2_ws/install/crazyflie_interfaces/include/crazyflie_interfaces/msg/detail/position__type_support.h
[1.917s] -- Up-to-date symlink: /home/tdeng23/ros2_ws/install/crazyflie_interfaces/include/crazyflie_interfaces/msg/detail/trajectory_polynomial_piece__functions.h
[1.917s] -- Up-to-date symlink: /home/tdeng23/ros2_ws/install/crazyflie_interfaces/include/crazyflie_interfaces/msg/detail/trajectory_polynomial_piece__struct.h
[1.917s] -- Up-to-date symlink: /home/tdeng23/ros2_ws/install/crazyflie_interfaces/include/crazyflie_interfaces/msg/detail/trajectory_polynomial_piece__type_support.h
[1.917s] -- Up-to-date symlink: /home/tdeng23/ros2_ws/install/crazyflie_interfaces/include/crazyflie_interfaces/msg/detail/velocity_world__functions.h
[1.917s] -- Up-to-date symlink: /home/tdeng23/ros2_ws/install/crazyflie_interfaces/include/crazyflie_interfaces/msg/detail/velocity_world__struct.h
[1.917s] -- Up-to-date symlink: /home/tdeng23/ros2_ws/install/crazyflie_interfaces/include/crazyflie_interfaces/msg/detail/velocity_world__type_support.h
[1.917s] -- Up-to-date symlink: /home/tdeng23/ros2_ws/install/crazyflie_interfaces/include/crazyflie_interfaces/msg/full_state.h
[1.917s] -- Up-to-date symlink: /home/tdeng23/ros2_ws/install/crazyflie_interfaces/include/crazyflie_interfaces/msg/hover.h
[1.918s] -- Up-to-date symlink: /home/tdeng23/ros2_ws/install/crazyflie_interfaces/include/crazyflie_interfaces/msg/log_block.h
[1.918s] -- Up-to-date symlink: /home/tdeng23/ros2_ws/install/crazyflie_interfaces/include/crazyflie_interfaces/msg/log_data_generic.h
[1.918s] -- Up-to-date symlink: /home/tdeng23/ros2_ws/install/crazyflie_interfaces/include/crazyflie_interfaces/msg/position.h
[1.918s] -- Up-to-date symlink: /home/tdeng23/ros2_ws/install/crazyflie_interfaces/include/crazyflie_interfaces/msg/rosidl_generator_c__visibility_control.h
[1.918s] -- Up-to-date symlink: /home/tdeng23/ros2_ws/install/crazyflie_interfaces/include/crazyflie_interfaces/msg/trajectory_polynomial_piece.h
[1.918s] -- Up-to-date symlink: /home/tdeng23/ros2_ws/install/crazyflie_interfaces/include/crazyflie_interfaces/msg/velocity_world.h
[1.918s] -- Up-to-date symlink: /home/tdeng23/ros2_ws/install/crazyflie_interfaces/include/crazyflie_interfaces/srv/add_logging.h
[1.918s] -- Up-to-date symlink: /home/tdeng23/ros2_ws/install/crazyflie_interfaces/include/crazyflie_interfaces/srv/detail/add_logging__functions.h
[1.918s] -- Up-to-date symlink: /home/tdeng23/ros2_ws/install/crazyflie_interfaces/include/crazyflie_interfaces/srv/detail/add_logging__struct.h
[1.918s] -- Up-to-date symlink: /home/tdeng23/ros2_ws/install/crazyflie_interfaces/include/crazyflie_interfaces/srv/detail/add_logging__type_support.h
[1.918s] -- Up-to-date symlink: /home/tdeng23/ros2_ws/install/crazyflie_interfaces/include/crazyflie_interfaces/srv/detail/go_to__functions.h
[1.919s] -- Up-to-date symlink: /home/tdeng23/ros2_ws/install/crazyflie_interfaces/include/crazyflie_interfaces/srv/detail/go_to__struct.h
[1.919s] -- Up-to-date symlink: /home/tdeng23/ros2_ws/install/crazyflie_interfaces/include/crazyflie_interfaces/srv/detail/go_to__type_support.h
[1.919s] -- Up-to-date symlink: /home/tdeng23/ros2_ws/install/crazyflie_interfaces/include/crazyflie_interfaces/srv/detail/land__functions.h
[1.919s] -- Up-to-date symlink: /home/tdeng23/ros2_ws/install/crazyflie_interfaces/include/crazyflie_interfaces/srv/detail/land__struct.h
[1.919s] -- Up-to-date symlink: /home/tdeng23/ros2_ws/install/crazyflie_interfaces/include/crazyflie_interfaces/srv/detail/land__type_support.h
[1.919s] -- Up-to-date symlink: /home/tdeng23/ros2_ws/install/crazyflie_interfaces/include/crazyflie_interfaces/srv/detail/notify_setpoints_stop__functions.h
[1.919s] -- Up-to-date symlink: /home/tdeng23/ros2_ws/install/crazyflie_interfaces/include/crazyflie_interfaces/srv/detail/notify_setpoints_stop__struct.h
[1.919s] -- Up-to-date symlink: /home/tdeng23/ros2_ws/install/crazyflie_interfaces/include/crazyflie_interfaces/srv/detail/notify_setpoints_stop__type_support.h
[1.919s] -- Up-to-date symlink: /home/tdeng23/ros2_ws/install/crazyflie_interfaces/include/crazyflie_interfaces/srv/detail/remove_logging__functions.h
[1.919s] -- Up-to-date symlink: /home/tdeng23/ros2_ws/install/crazyflie_interfaces/include/crazyflie_interfaces/srv/detail/remove_logging__struct.h
[1.919s] -- Up-to-date symlink: /home/tdeng23/ros2_ws/install/crazyflie_interfaces/include/crazyflie_interfaces/srv/detail/remove_logging__type_support.h
[1.919s] -- Up-to-date symlink: /home/tdeng23/ros2_ws/install/crazyflie_interfaces/include/crazyflie_interfaces/srv/detail/set_group_mask__functions.h
[1.920s] -- Up-to-date symlink: /home/tdeng23/ros2_ws/install/crazyflie_interfaces/include/crazyflie_interfaces/srv/detail/set_group_mask__struct.h
[1.920s] -- Up-to-date symlink: /home/tdeng23/ros2_ws/install/crazyflie_interfaces/include/crazyflie_interfaces/srv/detail/set_group_mask__type_support.h
[1.920s] -- Up-to-date symlink: /home/tdeng23/ros2_ws/install/crazyflie_interfaces/include/crazyflie_interfaces/srv/detail/start_trajectory__functions.h
[1.920s] -- Up-to-date symlink: /home/tdeng23/ros2_ws/install/crazyflie_interfaces/include/crazyflie_interfaces/srv/detail/start_trajectory__struct.h
[1.920s] -- Up-to-date symlink: /home/tdeng23/ros2_ws/install/crazyflie_interfaces/include/crazyflie_interfaces/srv/detail/start_trajectory__type_support.h
[1.920s] -- Up-to-date symlink: /home/tdeng23/ros2_ws/install/crazyflie_interfaces/include/crazyflie_interfaces/srv/detail/stop__functions.h
[1.920s] -- Up-to-date symlink: /home/tdeng23/ros2_ws/install/crazyflie_interfaces/include/crazyflie_interfaces/srv/detail/stop__struct.h
[1.920s] -- Up-to-date symlink: /home/tdeng23/ros2_ws/install/crazyflie_interfaces/include/crazyflie_interfaces/srv/detail/stop__type_support.h
[1.920s] -- Up-to-date symlink: /home/tdeng23/ros2_ws/install/crazyflie_interfaces/include/crazyflie_interfaces/srv/detail/takeoff__functions.h
[1.920s] -- Up-to-date symlink: /home/tdeng23/ros2_ws/install/crazyflie_interfaces/include/crazyflie_interfaces/srv/detail/takeoff__struct.h
[1.921s] -- Up-to-date symlink: /home/tdeng23/ros2_ws/install/crazyflie_interfaces/include/crazyflie_interfaces/srv/detail/takeoff__type_support.h
[1.921s] -- Up-to-date symlink: /home/tdeng23/ros2_ws/install/crazyflie_interfaces/include/crazyflie_interfaces/srv/detail/update_params__functions.h
[1.921s] -- Up-to-date symlink: /home/tdeng23/ros2_ws/install/crazyflie_interfaces/include/crazyflie_interfaces/srv/detail/update_params__struct.h
[1.921s] -- Up-to-date symlink: /home/tdeng23/ros2_ws/install/crazyflie_interfaces/include/crazyflie_interfaces/srv/detail/update_params__type_support.h
[1.921s] -- Up-to-date symlink: /home/tdeng23/ros2_ws/install/crazyflie_interfaces/include/crazyflie_interfaces/srv/detail/upload_trajectory__functions.h
[1.921s] -- Up-to-date symlink: /home/tdeng23/ros2_ws/install/crazyflie_interfaces/include/crazyflie_interfaces/srv/detail/upload_trajectory__struct.h
[1.921s] -- Up-to-date symlink: /home/tdeng23/ros2_ws/install/crazyflie_interfaces/include/crazyflie_interfaces/srv/detail/upload_trajectory__type_support.h
[1.921s] -- Up-to-date symlink: /home/tdeng23/ros2_ws/install/crazyflie_interfaces/include/crazyflie_interfaces/srv/go_to.h
[1.921s] -- Up-to-date symlink: /home/tdeng23/ros2_ws/install/crazyflie_interfaces/include/crazyflie_interfaces/srv/land.h
[1.921s] -- Up-to-date symlink: /home/tdeng23/ros2_ws/install/crazyflie_interfaces/include/crazyflie_interfaces/srv/notify_setpoints_stop.h
[1.922s] -- Up-to-date symlink: /home/tdeng23/ros2_ws/install/crazyflie_interfaces/include/crazyflie_interfaces/srv/remove_logging.h
[1.922s] -- Up-to-date symlink: /home/tdeng23/ros2_ws/install/crazyflie_interfaces/include/crazyflie_interfaces/srv/set_group_mask.h
[1.922s] -- Up-to-date symlink: /home/tdeng23/ros2_ws/install/crazyflie_interfaces/include/crazyflie_interfaces/srv/start_trajectory.h
[1.922s] -- Up-to-date symlink: /home/tdeng23/ros2_ws/install/crazyflie_interfaces/include/crazyflie_interfaces/srv/stop.h
[1.922s] -- Up-to-date symlink: /home/tdeng23/ros2_ws/install/crazyflie_interfaces/include/crazyflie_interfaces/srv/takeoff.h
[1.922s] -- Up-to-date symlink: /home/tdeng23/ros2_ws/install/crazyflie_interfaces/include/crazyflie_interfaces/srv/update_params.h
[1.922s] -- Up-to-date symlink: /home/tdeng23/ros2_ws/install/crazyflie_interfaces/include/crazyflie_interfaces/srv/upload_trajectory.h
[1.922s] -- Up-to-date symlink: /home/tdeng23/ros2_ws/install/crazyflie_interfaces/share/crazyflie_interfaces/environment/library_path.sh
[1.922s] -- Up-to-date symlink: /home/tdeng23/ros2_ws/install/crazyflie_interfaces/share/crazyflie_interfaces/environment/library_path.dsv
[1.922s] -- Up-to-date symlink: /home/tdeng23/ros2_ws/install/crazyflie_interfaces/include/crazyflie_interfaces/msg/detail/full_state__rosidl_typesupport_fastrtps_c.h
[1.923s] -- Up-to-date symlink: /home/tdeng23/ros2_ws/install/crazyflie_interfaces/include/crazyflie_interfaces/msg/detail/hover__rosidl_typesupport_fastrtps_c.h
[1.923s] -- Up-to-date symlink: /home/tdeng23/ros2_ws/install/crazyflie_interfaces/include/crazyflie_interfaces/msg/detail/log_block__rosidl_typesupport_fastrtps_c.h
[1.923s] -- Up-to-date symlink: /home/tdeng23/ros2_ws/install/crazyflie_interfaces/include/crazyflie_interfaces/msg/detail/log_data_generic__rosidl_typesupport_fastrtps_c.h
[1.923s] -- Up-to-date symlink: /home/tdeng23/ros2_ws/install/crazyflie_interfaces/include/crazyflie_interfaces/msg/detail/position__rosidl_typesupport_fastrtps_c.h
[1.923s] -- Up-to-date symlink: /home/tdeng23/ros2_ws/install/crazyflie_interfaces/include/crazyflie_interfaces/msg/detail/trajectory_polynomial_piece__rosidl_typesupport_fastrtps_c.h
[1.923s] -- Up-to-date symlink: /home/tdeng23/ros2_ws/install/crazyflie_interfaces/include/crazyflie_interfaces/msg/detail/velocity_world__rosidl_typesupport_fastrtps_c.h
[1.923s] -- Up-to-date symlink: /home/tdeng23/ros2_ws/install/crazyflie_interfaces/include/crazyflie_interfaces/msg/rosidl_typesupport_fastrtps_c__visibility_control.h
[1.923s] -- Up-to-date symlink: /home/tdeng23/ros2_ws/install/crazyflie_interfaces/include/crazyflie_interfaces/srv/detail/add_logging__rosidl_typesupport_fastrtps_c.h
[1.923s] -- Up-to-date symlink: /home/tdeng23/ros2_ws/install/crazyflie_interfaces/include/crazyflie_interfaces/srv/detail/go_to__rosidl_typesupport_fastrtps_c.h
[1.923s] -- Up-to-date symlink: /home/tdeng23/ros2_ws/install/crazyflie_interfaces/include/crazyflie_interfaces/srv/detail/land__rosidl_typesupport_fastrtps_c.h
[1.935s] -- Up-to-date symlink: /home/tdeng23/ros2_ws/install/crazyflie_interfaces/include/crazyflie_interfaces/srv/detail/notify_setpoints_stop__rosidl_typesupport_fastrtps_c.h
[1.937s] -- Up-to-date symlink: /home/tdeng23/ros2_ws/install/crazyflie_interfaces/include/crazyflie_interfaces/srv/detail/remove_logging__rosidl_typesupport_fastrtps_c.h
[1.937s] -- Up-to-date symlink: /home/tdeng23/ros2_ws/install/crazyflie_interfaces/include/crazyflie_interfaces/srv/detail/set_group_mask__rosidl_typesupport_fastrtps_c.h
[1.937s] -- Up-to-date symlink: /home/tdeng23/ros2_ws/install/crazyflie_interfaces/include/crazyflie_interfaces/srv/detail/start_trajectory__rosidl_typesupport_fastrtps_c.h
[1.937s] -- Up-to-date symlink: /home/tdeng23/ros2_ws/install/crazyflie_interfaces/include/crazyflie_interfaces/srv/detail/stop__rosidl_typesupport_fastrtps_c.h
[1.937s] -- Up-to-date symlink: /home/tdeng23/ros2_ws/install/crazyflie_interfaces/include/crazyflie_interfaces/srv/detail/takeoff__rosidl_typesupport_fastrtps_c.h
[1.937s] -- Up-to-date symlink: /home/tdeng23/ros2_ws/install/crazyflie_interfaces/include/crazyflie_interfaces/srv/detail/update_params__rosidl_typesupport_fastrtps_c.h
[1.938s] -- Up-to-date symlink: /home/tdeng23/ros2_ws/install/crazyflie_interfaces/include/crazyflie_interfaces/srv/detail/upload_trajectory__rosidl_typesupport_fastrtps_c.h
[1.938s] -- Up-to-date symlink: /home/tdeng23/ros2_ws/install/crazyflie_interfaces/lib/libcrazyflie_interfaces__rosidl_typesupport_fastrtps_c.so
[1.938s] -- Up-to-date symlink: /home/tdeng23/ros2_ws/install/crazyflie_interfaces/include/crazyflie_interfaces/msg/detail/full_state__rosidl_typesupport_fastrtps_cpp.hpp
[1.938s] -- Up-to-date symlink: /home/tdeng23/ros2_ws/install/crazyflie_interfaces/include/crazyflie_interfaces/msg/detail/hover__rosidl_typesupport_fastrtps_cpp.hpp
[1.939s] -- Up-to-date symlink: /home/tdeng23/ros2_ws/install/crazyflie_interfaces/include/crazyflie_interfaces/msg/detail/log_block__rosidl_typesupport_fastrtps_cpp.hpp
[1.939s] -- Up-to-date symlink: /home/tdeng23/ros2_ws/install/crazyflie_interfaces/include/crazyflie_interfaces/msg/detail/log_data_generic__rosidl_typesupport_fastrtps_cpp.hpp
[1.944s] -- Up-to-date symlink: /home/tdeng23/ros2_ws/install/crazyflie_interfaces/include/crazyflie_interfaces/msg/detail/position__rosidl_typesupport_fastrtps_cpp.hpp
[1.949s] -- Up-to-date symlink: /home/tdeng23/ros2_ws/install/crazyflie_interfaces/include/crazyflie_interfaces/msg/detail/trajectory_polynomial_piece__rosidl_typesupport_fastrtps_cpp.hpp
[1.949s] -- Up-to-date symlink: /home/tdeng23/ros2_ws/install/crazyflie_interfaces/include/crazyflie_interfaces/msg/detail/velocity_world__rosidl_typesupport_fastrtps_cpp.hpp
[1.949s] -- Up-to-date symlink: /home/tdeng23/ros2_ws/install/crazyflie_interfaces/include/crazyflie_interfaces/msg/rosidl_typesupport_fastrtps_cpp__visibility_control.h
[1.949s] -- Up-to-date symlink: /home/tdeng23/ros2_ws/install/crazyflie_interfaces/include/crazyflie_interfaces/srv/detail/add_logging__rosidl_typesupport_fastrtps_cpp.hpp
[1.949s] -- Up-to-date symlink: /home/tdeng23/ros2_ws/install/crazyflie_interfaces/include/crazyflie_interfaces/srv/detail/go_to__rosidl_typesupport_fastrtps_cpp.hpp
[1.949s] -- Up-to-date symlink: /home/tdeng23/ros2_ws/install/crazyflie_interfaces/include/crazyflie_interfaces/srv/detail/land__rosidl_typesupport_fastrtps_cpp.hpp
[1.950s] -- Up-to-date symlink: /home/tdeng23/ros2_ws/install/crazyflie_interfaces/include/crazyflie_interfaces/srv/detail/notify_setpoints_stop__rosidl_typesupport_fastrtps_cpp.hpp
[1.950s] -- Up-to-date symlink: /home/tdeng23/ros2_ws/install/crazyflie_interfaces/include/crazyflie_interfaces/srv/detail/remove_logging__rosidl_typesupport_fastrtps_cpp.hpp
[1.950s] -- Up-to-date symlink: /home/tdeng23/ros2_ws/install/crazyflie_interfaces/include/crazyflie_interfaces/srv/detail/set_group_mask__rosidl_typesupport_fastrtps_cpp.hpp
[1.950s] -- Up-to-date symlink: /home/tdeng23/ros2_ws/install/crazyflie_interfaces/include/crazyflie_interfaces/srv/detail/start_trajectory__rosidl_typesupport_fastrtps_cpp.hpp
[1.950s] -- Up-to-date symlink: /home/tdeng23/ros2_ws/install/crazyflie_interfaces/include/crazyflie_interfaces/srv/detail/stop__rosidl_typesupport_fastrtps_cpp.hpp
[1.950s] -- Up-to-date symlink: /home/tdeng23/ros2_ws/install/crazyflie_interfaces/include/crazyflie_interfaces/srv/detail/takeoff__rosidl_typesupport_fastrtps_cpp.hpp
[1.950s] -- Up-to-date symlink: /home/tdeng23/ros2_ws/install/crazyflie_interfaces/include/crazyflie_interfaces/srv/detail/update_params__rosidl_typesupport_fastrtps_cpp.hpp
[1.950s] -- Up-to-date symlink: /home/tdeng23/ros2_ws/install/crazyflie_interfaces/include/crazyflie_interfaces/srv/detail/upload_trajectory__rosidl_typesupport_fastrtps_cpp.hpp
[1.951s] -- Up-to-date symlink: /home/tdeng23/ros2_ws/install/crazyflie_interfaces/lib/libcrazyflie_interfaces__rosidl_typesupport_fastrtps_cpp.so
[1.951s] -- Up-to-date symlink: /home/tdeng23/ros2_ws/install/crazyflie_interfaces/include/crazyflie_interfaces/msg/detail/full_state__rosidl_typesupport_introspection_c.h
[1.951s] -- Up-to-date symlink: /home/tdeng23/ros2_ws/install/crazyflie_interfaces/include/crazyflie_interfaces/msg/detail/hover__rosidl_typesupport_introspection_c.h
[1.951s] -- Up-to-date symlink: /home/tdeng23/ros2_ws/install/crazyflie_interfaces/include/crazyflie_interfaces/msg/detail/log_block__rosidl_typesupport_introspection_c.h
[1.951s] -- Up-to-date symlink: /home/tdeng23/ros2_ws/install/crazyflie_interfaces/include/crazyflie_interfaces/msg/detail/log_data_generic__rosidl_typesupport_introspection_c.h
[1.951s] -- Up-to-date symlink: /home/tdeng23/ros2_ws/install/crazyflie_interfaces/include/crazyflie_interfaces/msg/detail/position__rosidl_typesupport_introspection_c.h
[1.951s] -- Up-to-date symlink: /home/tdeng23/ros2_ws/install/crazyflie_interfaces/include/crazyflie_interfaces/msg/detail/trajectory_polynomial_piece__rosidl_typesupport_introspection_c.h
[1.951s] -- Up-to-date symlink: /home/tdeng23/ros2_ws/install/crazyflie_interfaces/include/crazyflie_interfaces/msg/detail/velocity_world__rosidl_typesupport_introspection_c.h
[1.952s] -- Up-to-date symlink: /home/tdeng23/ros2_ws/install/crazyflie_interfaces/include/crazyflie_interfaces/msg/rosidl_typesupport_introspection_c__visibility_control.h
[1.952s] -- Up-to-date symlink: /home/tdeng23/ros2_ws/install/crazyflie_interfaces/include/crazyflie_interfaces/srv/detail/add_logging__rosidl_typesupport_introspection_c.h
[1.952s] -- Up-to-date symlink: /home/tdeng23/ros2_ws/install/crazyflie_interfaces/include/crazyflie_interfaces/srv/detail/go_to__rosidl_typesupport_introspection_c.h
[1.952s] -- Up-to-date symlink: /home/tdeng23/ros2_ws/install/crazyflie_interfaces/include/crazyflie_interfaces/srv/detail/land__rosidl_typesupport_introspection_c.h
[1.952s] -- Up-to-date symlink: /home/tdeng23/ros2_ws/install/crazyflie_interfaces/include/crazyflie_interfaces/srv/detail/notify_setpoints_stop__rosidl_typesupport_introspection_c.h
[1.952s] -- Up-to-date symlink: /home/tdeng23/ros2_ws/install/crazyflie_interfaces/include/crazyflie_interfaces/srv/detail/remove_logging__rosidl_typesupport_introspection_c.h
[1.952s] -- Up-to-date symlink: /home/tdeng23/ros2_ws/install/crazyflie_interfaces/include/crazyflie_interfaces/srv/detail/set_group_mask__rosidl_typesupport_introspection_c.h
[1.952s] -- Up-to-date symlink: /home/tdeng23/ros2_ws/install/crazyflie_interfaces/include/crazyflie_interfaces/srv/detail/start_trajectory__rosidl_typesupport_introspection_c.h
[1.952s] -- Up-to-date symlink: /home/tdeng23/ros2_ws/install/crazyflie_interfaces/include/crazyflie_interfaces/srv/detail/stop__rosidl_typesupport_introspection_c.h
[1.953s] -- Up-to-date symlink: /home/tdeng23/ros2_ws/install/crazyflie_interfaces/include/crazyflie_interfaces/srv/detail/takeoff__rosidl_typesupport_introspection_c.h
[1.953s] -- Up-to-date symlink: /home/tdeng23/ros2_ws/install/crazyflie_interfaces/include/crazyflie_interfaces/srv/detail/update_params__rosidl_typesupport_introspection_c.h
[1.953s] -- Up-to-date symlink: /home/tdeng23/ros2_ws/install/crazyflie_interfaces/include/crazyflie_interfaces/srv/detail/upload_trajectory__rosidl_typesupport_introspection_c.h
[1.953s] -- Up-to-date symlink: /home/tdeng23/ros2_ws/install/crazyflie_interfaces/include/crazyflie_interfaces/msg/detail/full_state__builder.hpp
[1.954s] -- Up-to-date symlink: /home/tdeng23/ros2_ws/install/crazyflie_interfaces/include/crazyflie_interfaces/msg/detail/full_state__struct.hpp
[1.954s] -- Up-to-date symlink: /home/tdeng23/ros2_ws/install/crazyflie_interfaces/include/crazyflie_interfaces/msg/detail/full_state__traits.hpp
[1.954s] -- Up-to-date symlink: /home/tdeng23/ros2_ws/install/crazyflie_interfaces/include/crazyflie_interfaces/msg/detail/hover__builder.hpp
[1.954s] -- Up-to-date symlink: /home/tdeng23/ros2_ws/install/crazyflie_interfaces/include/crazyflie_interfaces/msg/detail/hover__struct.hpp
[1.954s] -- Up-to-date symlink: /home/tdeng23/ros2_ws/install/crazyflie_interfaces/include/crazyflie_interfaces/msg/detail/hover__traits.hpp
[1.954s] -- Up-to-date symlink: /home/tdeng23/ros2_ws/install/crazyflie_interfaces/include/crazyflie_interfaces/msg/detail/log_block__builder.hpp
[1.955s] -- Up-to-date symlink: /home/tdeng23/ros2_ws/install/crazyflie_interfaces/include/crazyflie_interfaces/msg/detail/log_block__struct.hpp
[1.956s] -- Up-to-date symlink: /home/tdeng23/ros2_ws/install/crazyflie_interfaces/include/crazyflie_interfaces/msg/detail/log_block__traits.hpp
[1.956s] -- Up-to-date symlink: /home/tdeng23/ros2_ws/install/crazyflie_interfaces/include/crazyflie_interfaces/msg/detail/log_data_generic__builder.hpp
[1.956s] -- Up-to-date symlink: /home/tdeng23/ros2_ws/install/crazyflie_interfaces/include/crazyflie_interfaces/msg/detail/log_data_generic__struct.hpp
[1.956s] -- Up-to-date symlink: /home/tdeng23/ros2_ws/install/crazyflie_interfaces/include/crazyflie_interfaces/msg/detail/log_data_generic__traits.hpp
[1.956s] -- Up-to-date symlink: /home/tdeng23/ros2_ws/install/crazyflie_interfaces/include/crazyflie_interfaces/msg/detail/position__builder.hpp
[1.956s] -- Up-to-date symlink: /home/tdeng23/ros2_ws/install/crazyflie_interfaces/include/crazyflie_interfaces/msg/detail/position__struct.hpp
[1.959s] -- Up-to-date symlink: /home/tdeng23/ros2_ws/install/crazyflie_interfaces/include/crazyflie_interfaces/msg/detail/position__traits.hpp
[1.960s] -- Up-to-date symlink: /home/tdeng23/ros2_ws/install/crazyflie_interfaces/include/crazyflie_interfaces/msg/detail/trajectory_polynomial_piece__builder.hpp
[1.960s] -- Up-to-date symlink: /home/tdeng23/ros2_ws/install/crazyflie_interfaces/include/crazyflie_interfaces/msg/detail/trajectory_polynomial_piece__struct.hpp
[1.960s] -- Up-to-date symlink: /home/tdeng23/ros2_ws/install/crazyflie_interfaces/include/crazyflie_interfaces/msg/detail/trajectory_polynomial_piece__traits.hpp
[1.960s] -- Up-to-date symlink: /home/tdeng23/ros2_ws/install/crazyflie_interfaces/include/crazyflie_interfaces/msg/detail/velocity_world__builder.hpp
[1.960s] -- Up-to-date symlink: /home/tdeng23/ros2_ws/install/crazyflie_interfaces/include/crazyflie_interfaces/msg/detail/velocity_world__struct.hpp
[1.960s] -- Up-to-date symlink: /home/tdeng23/ros2_ws/install/crazyflie_interfaces/include/crazyflie_interfaces/msg/detail/velocity_world__traits.hpp
[1.960s] -- Up-to-date symlink: /home/tdeng23/ros2_ws/install/crazyflie_interfaces/include/crazyflie_interfaces/msg/full_state.hpp
[1.960s] -- Up-to-date symlink: /home/tdeng23/ros2_ws/install/crazyflie_interfaces/include/crazyflie_interfaces/msg/hover.hpp
[1.961s] -- Up-to-date symlink: /home/tdeng23/ros2_ws/install/crazyflie_interfaces/include/crazyflie_interfaces/msg/log_block.hpp
[1.961s] -- Up-to-date symlink: /home/tdeng23/ros2_ws/install/crazyflie_interfaces/include/crazyflie_interfaces/msg/log_data_generic.hpp
[1.961s] -- Up-to-date symlink: /home/tdeng23/ros2_ws/install/crazyflie_interfaces/include/crazyflie_interfaces/msg/position.hpp
[1.961s] -- Up-to-date symlink: /home/tdeng23/ros2_ws/install/crazyflie_interfaces/include/crazyflie_interfaces/msg/trajectory_polynomial_piece.hpp
[1.962s] -- Up-to-date symlink: /home/tdeng23/ros2_ws/install/crazyflie_interfaces/include/crazyflie_interfaces/msg/velocity_world.hpp
[1.962s] -- Up-to-date symlink: /home/tdeng23/ros2_ws/install/crazyflie_interfaces/include/crazyflie_interfaces/srv/add_logging.hpp
[1.963s] -- Up-to-date symlink: /home/tdeng23/ros2_ws/install/crazyflie_interfaces/include/crazyflie_interfaces/srv/detail/add_logging__builder.hpp
[1.963s] -- Up-to-date symlink: /home/tdeng23/ros2_ws/install/crazyflie_interfaces/include/crazyflie_interfaces/srv/detail/add_logging__struct.hpp
[1.965s] -- Up-to-date symlink: /home/tdeng23/ros2_ws/install/crazyflie_interfaces/include/crazyflie_interfaces/srv/detail/add_logging__traits.hpp
[1.965s] -- Up-to-date symlink: /home/tdeng23/ros2_ws/install/crazyflie_interfaces/include/crazyflie_interfaces/srv/detail/go_to__builder.hpp
[1.966s] -- Up-to-date symlink: /home/tdeng23/ros2_ws/install/crazyflie_interfaces/include/crazyflie_interfaces/srv/detail/go_to__struct.hpp
[1.966s] -- Up-to-date symlink: /home/tdeng23/ros2_ws/install/crazyflie_interfaces/include/crazyflie_interfaces/srv/detail/go_to__traits.hpp
[1.966s] -- Up-to-date symlink: /home/tdeng23/ros2_ws/install/crazyflie_interfaces/include/crazyflie_interfaces/srv/detail/land__builder.hpp
[1.966s] -- Up-to-date symlink: /home/tdeng23/ros2_ws/install/crazyflie_interfaces/include/crazyflie_interfaces/srv/detail/land__struct.hpp
[1.966s] -- Up-to-date symlink: /home/tdeng23/ros2_ws/install/crazyflie_interfaces/include/crazyflie_interfaces/srv/detail/land__traits.hpp
[1.966s] -- Up-to-date symlink: /home/tdeng23/ros2_ws/install/crazyflie_interfaces/include/crazyflie_interfaces/srv/detail/notify_setpoints_stop__builder.hpp
[1.966s] -- Up-to-date symlink: /home/tdeng23/ros2_ws/install/crazyflie_interfaces/include/crazyflie_interfaces/srv/detail/notify_setpoints_stop__struct.hpp
[1.967s] -- Up-to-date symlink: /home/tdeng23/ros2_ws/install/crazyflie_interfaces/include/crazyflie_interfaces/srv/detail/notify_setpoints_stop__traits.hpp
[1.967s] -- Up-to-date symlink: /home/tdeng23/ros2_ws/install/crazyflie_interfaces/include/crazyflie_interfaces/srv/detail/remove_logging__builder.hpp
[1.967s] -- Up-to-date symlink: /home/tdeng23/ros2_ws/install/crazyflie_interfaces/include/crazyflie_interfaces/srv/detail/remove_logging__struct.hpp
[1.967s] -- Up-to-date symlink: /home/tdeng23/ros2_ws/install/crazyflie_interfaces/include/crazyflie_interfaces/srv/detail/remove_logging__traits.hpp
[1.967s] -- Up-to-date symlink: /home/tdeng23/ros2_ws/install/crazyflie_interfaces/include/crazyflie_interfaces/srv/detail/set_group_mask__builder.hpp
[1.967s] -- Up-to-date symlink: /home/tdeng23/ros2_ws/install/crazyflie_interfaces/include/crazyflie_interfaces/srv/detail/set_group_mask__struct.hpp
[1.967s] -- Up-to-date symlink: /home/tdeng23/ros2_ws/install/crazyflie_interfaces/include/crazyflie_interfaces/srv/detail/set_group_mask__traits.hpp
[1.967s] -- Up-to-date symlink: /home/tdeng23/ros2_ws/install/crazyflie_interfaces/include/crazyflie_interfaces/srv/detail/start_trajectory__builder.hpp
[1.968s] -- Up-to-date symlink: /home/tdeng23/ros2_ws/install/crazyflie_interfaces/include/crazyflie_interfaces/srv/detail/start_trajectory__struct.hpp
[1.968s] -- Up-to-date symlink: /home/tdeng23/ros2_ws/install/crazyflie_interfaces/include/crazyflie_interfaces/srv/detail/start_trajectory__traits.hpp
[1.968s] -- Up-to-date symlink: /home/tdeng23/ros2_ws/install/crazyflie_interfaces/include/crazyflie_interfaces/srv/detail/stop__builder.hpp
[1.968s] -- Up-to-date symlink: /home/tdeng23/ros2_ws/install/crazyflie_interfaces/include/crazyflie_interfaces/srv/detail/stop__struct.hpp
[1.968s] -- Up-to-date symlink: /home/tdeng23/ros2_ws/install/crazyflie_interfaces/include/crazyflie_interfaces/srv/detail/stop__traits.hpp
[1.968s] -- Up-to-date symlink: /home/tdeng23/ros2_ws/install/crazyflie_interfaces/include/crazyflie_interfaces/srv/detail/takeoff__builder.hpp
[1.968s] -- Up-to-date symlink: /home/tdeng23/ros2_ws/install/crazyflie_interfaces/include/crazyflie_interfaces/srv/detail/takeoff__struct.hpp
[1.968s] -- Up-to-date symlink: /home/tdeng23/ros2_ws/install/crazyflie_interfaces/include/crazyflie_interfaces/srv/detail/takeoff__traits.hpp
[1.968s] -- Up-to-date symlink: /home/tdeng23/ros2_ws/install/crazyflie_interfaces/include/crazyflie_interfaces/srv/detail/update_params__builder.hpp
[1.968s] -- Up-to-date symlink: /home/tdeng23/ros2_ws/install/crazyflie_interfaces/include/crazyflie_interfaces/srv/detail/update_params__struct.hpp
[1.969s] -- Up-to-date symlink: /home/tdeng23/ros2_ws/install/crazyflie_interfaces/include/crazyflie_interfaces/srv/detail/update_params__traits.hpp
[1.969s] -- Up-to-date symlink: /home/tdeng23/ros2_ws/install/crazyflie_interfaces/include/crazyflie_interfaces/srv/detail/upload_trajectory__builder.hpp
[1.969s] -- Up-to-date symlink: /home/tdeng23/ros2_ws/install/crazyflie_interfaces/include/crazyflie_interfaces/srv/detail/upload_trajectory__struct.hpp
[1.969s] -- Up-to-date symlink: /home/tdeng23/ros2_ws/install/crazyflie_interfaces/include/crazyflie_interfaces/srv/detail/upload_trajectory__traits.hpp
[1.969s] -- Up-to-date symlink: /home/tdeng23/ros2_ws/install/crazyflie_interfaces/include/crazyflie_interfaces/srv/go_to.hpp
[1.969s] -- Up-to-date symlink: /home/tdeng23/ros2_ws/install/crazyflie_interfaces/include/crazyflie_interfaces/srv/land.hpp
[1.969s] -- Up-to-date symlink: /home/tdeng23/ros2_ws/install/crazyflie_interfaces/include/crazyflie_interfaces/srv/notify_setpoints_stop.hpp
[1.969s] -- Up-to-date symlink: /home/tdeng23/ros2_ws/install/crazyflie_interfaces/include/crazyflie_interfaces/srv/remove_logging.hpp
[1.969s] -- Up-to-date symlink: /home/tdeng23/ros2_ws/install/crazyflie_interfaces/include/crazyflie_interfaces/srv/set_group_mask.hpp
[1.970s] -- Up-to-date symlink: /home/tdeng23/ros2_ws/install/crazyflie_interfaces/include/crazyflie_interfaces/srv/start_trajectory.hpp
[1.970s] -- Up-to-date symlink: /home/tdeng23/ros2_ws/install/crazyflie_interfaces/include/crazyflie_interfaces/srv/stop.hpp
[1.970s] -- Up-to-date symlink: /home/tdeng23/ros2_ws/install/crazyflie_interfaces/include/crazyflie_interfaces/srv/takeoff.hpp
[1.970s] -- Up-to-date symlink: /home/tdeng23/ros2_ws/install/crazyflie_interfaces/include/crazyflie_interfaces/srv/update_params.hpp
[1.970s] -- Up-to-date symlink: /home/tdeng23/ros2_ws/install/crazyflie_interfaces/include/crazyflie_interfaces/srv/upload_trajectory.hpp
[1.970s] -- Up-to-date symlink: /home/tdeng23/ros2_ws/install/crazyflie_interfaces/include/crazyflie_interfaces/msg/detail/full_state__rosidl_typesupport_introspection_cpp.hpp
[1.971s] -- Up-to-date symlink: /home/tdeng23/ros2_ws/install/crazyflie_interfaces/include/crazyflie_interfaces/msg/detail/hover__rosidl_typesupport_introspection_cpp.hpp
[1.971s] -- Up-to-date symlink: /home/tdeng23/ros2_ws/install/crazyflie_interfaces/include/crazyflie_interfaces/msg/detail/log_block__rosidl_typesupport_introspection_cpp.hpp
[1.971s] -- Up-to-date symlink: /home/tdeng23/ros2_ws/install/crazyflie_interfaces/include/crazyflie_interfaces/msg/detail/log_data_generic__rosidl_typesupport_introspection_cpp.hpp
[1.971s] -- Up-to-date symlink: /home/tdeng23/ros2_ws/install/crazyflie_interfaces/include/crazyflie_interfaces/msg/detail/position__rosidl_typesupport_introspection_cpp.hpp
[1.971s] -- Up-to-date symlink: /home/tdeng23/ros2_ws/install/crazyflie_interfaces/include/crazyflie_interfaces/msg/detail/trajectory_polynomial_piece__rosidl_typesupport_introspection_cpp.hpp
[1.971s] -- Up-to-date symlink: /home/tdeng23/ros2_ws/install/crazyflie_interfaces/include/crazyflie_interfaces/msg/detail/velocity_world__rosidl_typesupport_introspection_cpp.hpp
[1.971s] -- Up-to-date symlink: /home/tdeng23/ros2_ws/install/crazyflie_interfaces/include/crazyflie_interfaces/srv/detail/add_logging__rosidl_typesupport_introspection_cpp.hpp
[1.971s] -- Up-to-date symlink: /home/tdeng23/ros2_ws/install/crazyflie_interfaces/include/crazyflie_interfaces/srv/detail/go_to__rosidl_typesupport_introspection_cpp.hpp
[1.971s] -- Up-to-date symlink: /home/tdeng23/ros2_ws/install/crazyflie_interfaces/include/crazyflie_interfaces/srv/detail/land__rosidl_typesupport_introspection_cpp.hpp
[1.971s] -- Up-to-date symlink: /home/tdeng23/ros2_ws/install/crazyflie_interfaces/include/crazyflie_interfaces/srv/detail/notify_setpoints_stop__rosidl_typesupport_introspection_cpp.hpp
[1.972s] -- Up-to-date symlink: /home/tdeng23/ros2_ws/install/crazyflie_interfaces/include/crazyflie_interfaces/srv/detail/remove_logging__rosidl_typesupport_introspection_cpp.hpp
[1.972s] -- Up-to-date symlink: /home/tdeng23/ros2_ws/install/crazyflie_interfaces/include/crazyflie_interfaces/srv/detail/set_group_mask__rosidl_typesupport_introspection_cpp.hpp
[1.972s] -- Up-to-date symlink: /home/tdeng23/ros2_ws/install/crazyflie_interfaces/include/crazyflie_interfaces/srv/detail/start_trajectory__rosidl_typesupport_introspection_cpp.hpp
[1.972s] -- Up-to-date symlink: /home/tdeng23/ros2_ws/install/crazyflie_interfaces/include/crazyflie_interfaces/srv/detail/stop__rosidl_typesupport_introspection_cpp.hpp
[1.972s] -- Up-to-date symlink: /home/tdeng23/ros2_ws/install/crazyflie_interfaces/include/crazyflie_interfaces/srv/detail/takeoff__rosidl_typesupport_introspection_cpp.hpp
[1.972s] -- Up-to-date symlink: /home/tdeng23/ros2_ws/install/crazyflie_interfaces/include/crazyflie_interfaces/srv/detail/update_params__rosidl_typesupport_introspection_cpp.hpp
[1.972s] -- Up-to-date symlink: /home/tdeng23/ros2_ws/install/crazyflie_interfaces/include/crazyflie_interfaces/srv/detail/upload_trajectory__rosidl_typesupport_introspection_cpp.hpp
[1.972s] -- Up-to-date symlink: /home/tdeng23/ros2_ws/install/crazyflie_interfaces/share/crazyflie_interfaces/environment/pythonpath.sh
[1.972s] -- Up-to-date symlink: /home/tdeng23/ros2_ws/install/crazyflie_interfaces/share/crazyflie_interfaces/environment/pythonpath.dsv
[1.973s] -- Up-to-date symlink: /home/tdeng23/ros2_ws/install/crazyflie_interfaces/lib/python3.8/site-packages/crazyflie_interfaces/__init__.py
[1.977s] -- Up-to-date symlink: /home/tdeng23/ros2_ws/install/crazyflie_interfaces/lib/python3.8/site-packages/crazyflie_interfaces/msg/__init__.py
[1.977s] -- Up-to-date symlink: /home/tdeng23/ros2_ws/install/crazyflie_interfaces/lib/python3.8/site-packages/crazyflie_interfaces/msg/_full_state.py
[1.978s] -- Up-to-date symlink: /home/tdeng23/ros2_ws/install/crazyflie_interfaces/lib/python3.8/site-packages/crazyflie_interfaces/msg/_hover.py
[1.978s] -- Up-to-date symlink: /home/tdeng23/ros2_ws/install/crazyflie_interfaces/lib/python3.8/site-packages/crazyflie_interfaces/msg/_log_block.py
[1.978s] -- Up-to-date symlink: /home/tdeng23/ros2_ws/install/crazyflie_interfaces/lib/python3.8/site-packages/crazyflie_interfaces/msg/_log_data_generic.py
[1.979s] -- Up-to-date symlink: /home/tdeng23/ros2_ws/install/crazyflie_interfaces/lib/python3.8/site-packages/crazyflie_interfaces/msg/_position.py
[1.979s] -- Up-to-date symlink: /home/tdeng23/ros2_ws/install/crazyflie_interfaces/lib/python3.8/site-packages/crazyflie_interfaces/msg/_trajectory_polynomial_piece.py
[1.979s] -- Up-to-date symlink: /home/tdeng23/ros2_ws/install/crazyflie_interfaces/lib/python3.8/site-packages/crazyflie_interfaces/msg/_velocity_world.py
[1.980s] -- Up-to-date symlink: /home/tdeng23/ros2_ws/install/crazyflie_interfaces/lib/python3.8/site-packages/crazyflie_interfaces/srv/__init__.py
[1.980s] -- Up-to-date symlink: /home/tdeng23/ros2_ws/install/crazyflie_interfaces/lib/python3.8/site-packages/crazyflie_interfaces/srv/_add_logging.py
[1.980s] -- Up-to-date symlink: /home/tdeng23/ros2_ws/install/crazyflie_interfaces/lib/python3.8/site-packages/crazyflie_interfaces/srv/_go_to.py
[1.981s] -- Up-to-date symlink: /home/tdeng23/ros2_ws/install/crazyflie_interfaces/lib/python3.8/site-packages/crazyflie_interfaces/srv/_land.py
[1.981s] -- Up-to-date symlink: /home/tdeng23/ros2_ws/install/crazyflie_interfaces/lib/python3.8/site-packages/crazyflie_interfaces/srv/_notify_setpoints_stop.py
[1.981s] -- Up-to-date symlink: /home/tdeng23/ros2_ws/install/crazyflie_interfaces/lib/python3.8/site-packages/crazyflie_interfaces/srv/_remove_logging.py
[1.981s] -- Up-to-date symlink: /home/tdeng23/ros2_ws/install/crazyflie_interfaces/lib/python3.8/site-packages/crazyflie_interfaces/srv/_set_group_mask.py
[1.981s] -- Up-to-date symlink: /home/tdeng23/ros2_ws/install/crazyflie_interfaces/lib/python3.8/site-packages/crazyflie_interfaces/srv/_start_trajectory.py
[1.981s] -- Up-to-date symlink: /home/tdeng23/ros2_ws/install/crazyflie_interfaces/lib/python3.8/site-packages/crazyflie_interfaces/srv/_stop.py
[1.982s] -- Up-to-date symlink: /home/tdeng23/ros2_ws/install/crazyflie_interfaces/lib/python3.8/site-packages/crazyflie_interfaces/srv/_takeoff.py
[1.982s] -- Up-to-date symlink: /home/tdeng23/ros2_ws/install/crazyflie_interfaces/lib/python3.8/site-packages/crazyflie_interfaces/srv/_update_params.py
[1.982s] -- Up-to-date symlink: /home/tdeng23/ros2_ws/install/crazyflie_interfaces/lib/python3.8/site-packages/crazyflie_interfaces/srv/_upload_trajectory.py
[1.983s] -- Up-to-date symlink: /home/tdeng23/ros2_ws/install/crazyflie_interfaces/lib/python3.8/site-packages/crazyflie_interfaces/crazyflie_interfaces_s__rosidl_typesupport_fastrtps_c.cpython-38-x86_64-linux-gnu.so
[1.983s] -- Up-to-date symlink: /home/tdeng23/ros2_ws/install/crazyflie_interfaces/lib/python3.8/site-packages/crazyflie_interfaces/crazyflie_interfaces_s__rosidl_typesupport_introspection_c.cpython-38-x86_64-linux-gnu.so
[1.988s] -- Up-to-date symlink: /home/tdeng23/ros2_ws/install/crazyflie_interfaces/lib/python3.8/site-packages/crazyflie_interfaces/crazyflie_interfaces_s__rosidl_typesupport_c.cpython-38-x86_64-linux-gnu.so
[1.988s] -- Up-to-date symlink: /home/tdeng23/ros2_ws/install/crazyflie_interfaces/lib/libcrazyflie_interfaces__python.so
[1.988s] -- Up-to-date symlink: /home/tdeng23/ros2_ws/install/crazyflie_interfaces/share/crazyflie_interfaces/msg/FullState.idl
[1.988s] -- Up-to-date symlink: /home/tdeng23/ros2_ws/install/crazyflie_interfaces/share/crazyflie_interfaces/msg/LogDataGeneric.idl
[1.988s] -- Up-to-date symlink: /home/tdeng23/ros2_ws/install/crazyflie_interfaces/share/crazyflie_interfaces/msg/Hover.idl
[1.988s] -- Up-to-date symlink: /home/tdeng23/ros2_ws/install/crazyflie_interfaces/share/crazyflie_interfaces/msg/LogBlock.idl
[1.988s] -- Up-to-date symlink: /home/tdeng23/ros2_ws/install/crazyflie_interfaces/share/crazyflie_interfaces/msg/Position.idl
[1.988s] -- Up-to-date symlink: /home/tdeng23/ros2_ws/install/crazyflie_interfaces/share/crazyflie_interfaces/msg/TrajectoryPolynomialPiece.idl
[1.989s] -- Up-to-date symlink: /home/tdeng23/ros2_ws/install/crazyflie_interfaces/share/crazyflie_interfaces/msg/VelocityWorld.idl
[1.989s] -- Up-to-date symlink: /home/tdeng23/ros2_ws/install/crazyflie_interfaces/share/crazyflie_interfaces/srv/GoTo.idl
[1.989s] -- Up-to-date symlink: /home/tdeng23/ros2_ws/install/crazyflie_interfaces/share/crazyflie_interfaces/srv/Land.idl
[1.989s] -- Up-to-date symlink: /home/tdeng23/ros2_ws/install/crazyflie_interfaces/share/crazyflie_interfaces/srv/NotifySetpointsStop.idl
[1.997s] -- Up-to-date symlink: /home/tdeng23/ros2_ws/install/crazyflie_interfaces/share/crazyflie_interfaces/srv/SetGroupMask.idl
[1.997s] -- Up-to-date symlink: /home/tdeng23/ros2_ws/install/crazyflie_interfaces/share/crazyflie_interfaces/srv/StartTrajectory.idl
[1.997s] -- Up-to-date symlink: /home/tdeng23/ros2_ws/install/crazyflie_interfaces/share/crazyflie_interfaces/srv/Stop.idl
[1.997s] -- Up-to-date symlink: /home/tdeng23/ros2_ws/install/crazyflie_interfaces/share/crazyflie_interfaces/srv/Takeoff.idl
[1.997s] -- Up-to-date symlink: /home/tdeng23/ros2_ws/install/crazyflie_interfaces/share/crazyflie_interfaces/srv/UpdateParams.idl
[1.997s] -- Up-to-date symlink: /home/tdeng23/ros2_ws/install/crazyflie_interfaces/share/crazyflie_interfaces/srv/UploadTrajectory.idl
[1.997s] -- Up-to-date symlink: /home/tdeng23/ros2_ws/install/crazyflie_interfaces/share/crazyflie_interfaces/srv/RemoveLogging.idl
[1.997s] -- Up-to-date symlink: /home/tdeng23/ros2_ws/install/crazyflie_interfaces/share/crazyflie_interfaces/srv/AddLogging.idl
[1.998s] -- Up-to-date symlink: /home/tdeng23/ros2_ws/install/crazyflie_interfaces/share/crazyflie_interfaces/msg/FullState.msg
[1.998s] -- Up-to-date symlink: /home/tdeng23/ros2_ws/install/crazyflie_interfaces/share/crazyflie_interfaces/msg/LogDataGeneric.msg
[1.998s] -- Up-to-date symlink: /home/tdeng23/ros2_ws/install/crazyflie_interfaces/share/crazyflie_interfaces/msg/Hover.msg
[2.005s] -- Up-to-date symlink: /home/tdeng23/ros2_ws/install/crazyflie_interfaces/share/crazyflie_interfaces/msg/LogBlock.msg
[2.005s] -- Up-to-date symlink: /home/tdeng23/ros2_ws/install/crazyflie_interfaces/share/crazyflie_interfaces/msg/Position.msg
[2.005s] -- Up-to-date symlink: /home/tdeng23/ros2_ws/install/crazyflie_interfaces/share/crazyflie_interfaces/msg/TrajectoryPolynomialPiece.msg
[2.006s] -- Up-to-date symlink: /home/tdeng23/ros2_ws/install/crazyflie_interfaces/share/crazyflie_interfaces/msg/VelocityWorld.msg
[2.006s] -- Up-to-date symlink: /home/tdeng23/ros2_ws/install/crazyflie_interfaces/share/crazyflie_interfaces/srv/GoTo.srv
[2.006s] -- Up-to-date symlink: /home/tdeng23/ros2_ws/install/crazyflie_interfaces/share/crazyflie_interfaces/srv/GoTo_Request.msg
[2.006s] -- Up-to-date symlink: /home/tdeng23/ros2_ws/install/crazyflie_interfaces/share/crazyflie_interfaces/srv/GoTo_Response.msg
[2.007s] -- Up-to-date symlink: /home/tdeng23/ros2_ws/install/crazyflie_interfaces/share/crazyflie_interfaces/srv/Land.srv
[2.007s] -- Up-to-date symlink: /home/tdeng23/ros2_ws/install/crazyflie_interfaces/share/crazyflie_interfaces/srv/Land_Request.msg
[2.007s] -- Up-to-date symlink: /home/tdeng23/ros2_ws/install/crazyflie_interfaces/share/crazyflie_interfaces/srv/Land_Response.msg
[2.008s] -- Up-to-date symlink: /home/tdeng23/ros2_ws/install/crazyflie_interfaces/share/crazyflie_interfaces/srv/NotifySetpointsStop.srv
[2.008s] -- Up-to-date symlink: /home/tdeng23/ros2_ws/install/crazyflie_interfaces/share/crazyflie_interfaces/srv/NotifySetpointsStop_Request.msg
[2.009s] -- Up-to-date symlink: /home/tdeng23/ros2_ws/install/crazyflie_interfaces/share/crazyflie_interfaces/srv/NotifySetpointsStop_Response.msg
[2.009s] -- Up-to-date symlink: /home/tdeng23/ros2_ws/install/crazyflie_interfaces/share/crazyflie_interfaces/srv/SetGroupMask.srv
[2.010s] -- Up-to-date symlink: /home/tdeng23/ros2_ws/install/crazyflie_interfaces/share/crazyflie_interfaces/srv/SetGroupMask_Request.msg
[2.010s] -- Up-to-date symlink: /home/tdeng23/ros2_ws/install/crazyflie_interfaces/share/crazyflie_interfaces/srv/SetGroupMask_Response.msg
[2.011s] -- Up-to-date symlink: /home/tdeng23/ros2_ws/install/crazyflie_interfaces/share/crazyflie_interfaces/srv/StartTrajectory.srv
[2.012s] -- Up-to-date symlink: /home/tdeng23/ros2_ws/install/crazyflie_interfaces/share/crazyflie_interfaces/srv/StartTrajectory_Request.msg
[2.013s] -- Up-to-date symlink: /home/tdeng23/ros2_ws/install/crazyflie_interfaces/share/crazyflie_interfaces/srv/StartTrajectory_Response.msg
[2.013s] -- Up-to-date symlink: /home/tdeng23/ros2_ws/install/crazyflie_interfaces/share/crazyflie_interfaces/srv/Stop.srv
[2.013s] -- Up-to-date symlink: /home/tdeng23/ros2_ws/install/crazyflie_interfaces/share/crazyflie_interfaces/srv/Stop_Request.msg
[2.013s] -- Up-to-date symlink: /home/tdeng23/ros2_ws/install/crazyflie_interfaces/share/crazyflie_interfaces/srv/Stop_Response.msg
[2.013s] -- Up-to-date symlink: /home/tdeng23/ros2_ws/install/crazyflie_interfaces/share/crazyflie_interfaces/srv/Takeoff.srv
[2.015s] -- Up-to-date symlink: /home/tdeng23/ros2_ws/install/crazyflie_interfaces/share/crazyflie_interfaces/srv/Takeoff_Request.msg
[2.016s] -- Up-to-date symlink: /home/tdeng23/ros2_ws/install/crazyflie_interfaces/share/crazyflie_interfaces/srv/Takeoff_Response.msg
[2.016s] -- Up-to-date symlink: /home/tdeng23/ros2_ws/install/crazyflie_interfaces/share/crazyflie_interfaces/srv/UpdateParams.srv
[2.016s] -- Up-to-date symlink: /home/tdeng23/ros2_ws/install/crazyflie_interfaces/share/crazyflie_interfaces/srv/UpdateParams_Request.msg
[2.017s] -- Up-to-date symlink: /home/tdeng23/ros2_ws/install/crazyflie_interfaces/share/crazyflie_interfaces/srv/UpdateParams_Response.msg
[2.017s] -- Up-to-date symlink: /home/tdeng23/ros2_ws/install/crazyflie_interfaces/share/crazyflie_interfaces/srv/UploadTrajectory.srv
[2.017s] -- Up-to-date symlink: /home/tdeng23/ros2_ws/install/crazyflie_interfaces/share/crazyflie_interfaces/srv/UploadTrajectory_Request.msg
[2.017s] -- Up-to-date symlink: /home/tdeng23/ros2_ws/install/crazyflie_interfaces/share/crazyflie_interfaces/srv/UploadTrajectory_Response.msg
[2.018s] -- Up-to-date symlink: /home/tdeng23/ros2_ws/install/crazyflie_interfaces/share/crazyflie_interfaces/srv/RemoveLogging.srv
[2.018s] -- Up-to-date symlink: /home/tdeng23/ros2_ws/install/crazyflie_interfaces/share/crazyflie_interfaces/srv/RemoveLogging_Request.msg
[2.018s] -- Up-to-date symlink: /home/tdeng23/ros2_ws/install/crazyflie_interfaces/share/crazyflie_interfaces/srv/RemoveLogging_Response.msg
[2.018s] -- Up-to-date symlink: /home/tdeng23/ros2_ws/install/crazyflie_interfaces/share/crazyflie_interfaces/srv/AddLogging.srv
[2.022s] -- Up-to-date symlink: /home/tdeng23/ros2_ws/install/crazyflie_interfaces/share/crazyflie_interfaces/srv/AddLogging_Request.msg
[2.023s] -- Up-to-date symlink: /home/tdeng23/ros2_ws/install/crazyflie_interfaces/share/crazyflie_interfaces/srv/AddLogging_Response.msg
[2.023s] -- Up-to-date symlink: /home/tdeng23/ros2_ws/install/crazyflie_interfaces/share/ament_index/resource_index/package_run_dependencies/crazyflie_interfaces
[2.024s] -- Up-to-date symlink: /home/tdeng23/ros2_ws/install/crazyflie_interfaces/share/ament_index/resource_index/parent_prefix_path/crazyflie_interfaces
[2.024s] -- Up-to-date symlink: /home/tdeng23/ros2_ws/install/crazyflie_interfaces/share/crazyflie_interfaces/environment/ament_prefix_path.sh
[2.024s] -- Up-to-date symlink: /home/tdeng23/ros2_ws/install/crazyflie_interfaces/share/crazyflie_interfaces/environment/ament_prefix_path.dsv
[2.024s] -- Up-to-date symlink: /home/tdeng23/ros2_ws/install/crazyflie_interfaces/share/crazyflie_interfaces/environment/path.sh
[2.024s] -- Up-to-date symlink: /home/tdeng23/ros2_ws/install/crazyflie_interfaces/share/crazyflie_interfaces/environment/path.dsv
[2.024s] -- Up-to-date symlink: /home/tdeng23/ros2_ws/install/crazyflie_interfaces/share/crazyflie_interfaces/local_setup.bash
[2.024s] -- Up-to-date symlink: /home/tdeng23/ros2_ws/install/crazyflie_interfaces/share/crazyflie_interfaces/local_setup.sh
[2.024s] -- Up-to-date symlink: /home/tdeng23/ros2_ws/install/crazyflie_interfaces/share/crazyflie_interfaces/local_setup.zsh
[2.024s] -- Up-to-date symlink: /home/tdeng23/ros2_ws/install/crazyflie_interfaces/share/crazyflie_interfaces/local_setup.dsv
[2.024s] -- Symlinking: /home/tdeng23/ros2_ws/install/crazyflie_interfaces/share/crazyflie_interfaces/package.dsv
[2.068s] -- Up-to-date symlink: /home/tdeng23/ros2_ws/install/crazyflie_interfaces/share/ament_index/resource_index/packages/crazyflie_interfaces
[2.068s] -- Up-to-date symlink: /home/tdeng23/ros2_ws/install/crazyflie_interfaces/share/crazyflie_interfaces/cmake/rosidl_cmake-extras.cmake
[2.068s] -- Up-to-date symlink: /home/tdeng23/ros2_ws/install/crazyflie_interfaces/share/crazyflie_interfaces/cmake/ament_cmake_export_dependencies-extras.cmake
[2.068s] -- Up-to-date symlink: /home/tdeng23/ros2_ws/install/crazyflie_interfaces/share/crazyflie_interfaces/cmake/ament_cmake_export_libraries-extras.cmake
[2.069s] -- Up-to-date symlink: /home/tdeng23/ros2_ws/install/crazyflie_interfaces/share/crazyflie_interfaces/cmake/ament_cmake_export_targets-extras.cmake
[2.069s] -- Up-to-date symlink: /home/tdeng23/ros2_ws/install/crazyflie_interfaces/share/crazyflie_interfaces/cmake/ament_cmake_export_include_directories-extras.cmake
[2.069s] -- Up-to-date symlink: /home/tdeng23/ros2_ws/install/crazyflie_interfaces/share/crazyflie_interfaces/cmake/rosidl_cmake_export_typesupport_libraries-extras.cmake
[2.070s] -- Up-to-date symlink: /home/tdeng23/ros2_ws/install/crazyflie_interfaces/share/crazyflie_interfaces/cmake/rosidl_cmake_export_typesupport_targets-extras.cmake
[2.070s] -- Up-to-date symlink: /home/tdeng23/ros2_ws/install/crazyflie_interfaces/share/crazyflie_interfaces/cmake/crazyflie_interfacesConfig.cmake
[2.071s] -- Up-to-date symlink: /home/tdeng23/ros2_ws/install/crazyflie_interfaces/share/crazyflie_interfaces/cmake/crazyflie_interfacesConfig-version.cmake
[2.071s] -- Up-to-date symlink: /home/tdeng23/ros2_ws/install/crazyflie_interfaces/share/crazyflie_interfaces/package.xml
[2.072s] -- Up-to-date: /home/tdeng23/ros2_ws/install/crazyflie_interfaces/lib/libcrazyflie_interfaces__rosidl_generator_c.so
[2.073s] -- Up-to-date: /home/tdeng23/ros2_ws/install/crazyflie_interfaces/lib/libcrazyflie_interfaces__rosidl_typesupport_introspection_c.so
[2.074s] -- Up-to-date: /home/tdeng23/ros2_ws/install/crazyflie_interfaces/lib/libcrazyflie_interfaces__rosidl_typesupport_c.so
[2.074s] -- Up-to-date: /home/tdeng23/ros2_ws/install/crazyflie_interfaces/lib/libcrazyflie_interfaces__rosidl_typesupport_introspection_cpp.so
[2.075s] -- Up-to-date: /home/tdeng23/ros2_ws/install/crazyflie_interfaces/lib/libcrazyflie_interfaces__rosidl_typesupport_cpp.so
[2.246s] -- Up-to-date: /home/tdeng23/ros2_ws/install/crazyflie_interfaces/share/crazyflie_interfaces/cmake/crazyflie_interfaces__rosidl_generator_cExport.cmake
[2.247s] -- Up-to-date: /home/tdeng23/ros2_ws/install/crazyflie_interfaces/share/crazyflie_interfaces/cmake/crazyflie_interfaces__rosidl_generator_cExport-noconfig.cmake
[2.247s] -- Up-to-date: /home/tdeng23/ros2_ws/install/crazyflie_interfaces/share/crazyflie_interfaces/cmake/crazyflie_interfaces__rosidl_typesupport_introspection_cExport.cmake
[2.247s] -- Up-to-date: /home/tdeng23/ros2_ws/install/crazyflie_interfaces/share/crazyflie_interfaces/cmake/crazyflie_interfaces__rosidl_typesupport_introspection_cExport-noconfig.cmake
[2.247s] -- Up-to-date: /home/tdeng23/ros2_ws/install/crazyflie_interfaces/share/crazyflie_interfaces/cmake/crazyflie_interfaces__rosidl_typesupport_cExport.cmake
[2.247s] -- Up-to-date: /home/tdeng23/ros2_ws/install/crazyflie_interfaces/share/crazyflie_interfaces/cmake/crazyflie_interfaces__rosidl_typesupport_cExport-noconfig.cmake
[2.248s] -- Up-to-date: /home/tdeng23/ros2_ws/install/crazyflie_interfaces/share/crazyflie_interfaces/cmake/crazyflie_interfaces__rosidl_generator_cppExport.cmake
[2.248s] -- Up-to-date: /home/tdeng23/ros2_ws/install/crazyflie_interfaces/share/crazyflie_interfaces/cmake/crazyflie_interfaces__rosidl_typesupport_introspection_cppExport.cmake
[2.248s] -- Up-to-date: /home/tdeng23/ros2_ws/install/crazyflie_interfaces/share/crazyflie_interfaces/cmake/crazyflie_interfaces__rosidl_typesupport_introspection_cppExport-noconfig.cmake
[2.249s] -- Up-to-date: /home/tdeng23/ros2_ws/install/crazyflie_interfaces/share/crazyflie_interfaces/cmake/crazyflie_interfaces__rosidl_typesupport_cppExport.cmake
[2.249s] -- Up-to-date: /home/tdeng23/ros2_ws/install/crazyflie_interfaces/share/crazyflie_interfaces/cmake/crazyflie_interfaces__rosidl_typesupport_cppExport-noconfig.cmake
[2.922s] Invoked command in '/home/tdeng23/ros2_ws/build/crazyflie_interfaces' returned '0': CMAKE_PREFIX_PATH=${CMAKE_PREFIX_PATH}:/home/tdeng23/ros2_ws/install/my_package:/home/tdeng23/ros2_ws/install/crazyflie_simulation:/home/tdeng23/ros2_ws/install/crazyflie_ros2_simulation:/home/tdeng23/ros2_ws/install/crazyflie_ros2_simple_mapper:/home/tdeng23/ros2_ws/install/crazyflie_ros2_scan:/home/tdeng23/ros2_ws/install/crazyflie_ros2:/home/tdeng23/ros2_ws/install/crazyflie_py:/opt/ros/galactic /home/tdeng23/.local/bin/cmake --install /home/tdeng23/ros2_ws/build/crazyflie_interfaces
