[1.697s] Invoking command in '/home/tdeng23/ros2_ws/src/crazyswarm2/crazyflie_ros2_simple_mapper': PYTHONPATH=/home/tdeng23/ros2_ws/src/crazyswarm2/build/crazyflie_ros2_simple_mapper/prefix_override:/home/tdeng23/ros2_ws/src/crazyswarm2/install/crazyflie_ros2_simple_mapper/lib/python3.8/site-packages:${PYTHONPATH} /usr/bin/python3 setup.py egg_info --egg-base ../build/crazyflie_ros2_simple_mapper build --build-base /home/tdeng23/ros2_ws/src/crazyswarm2/build/crazyflie_ros2_simple_mapper/build install --record /home/tdeng23/ros2_ws/src/crazyswarm2/build/crazyflie_ros2_simple_mapper/install.log --single-version-externally-managed
[2.081s] running egg_info
[2.081s] creating ../build/crazyflie_ros2_simple_mapper/crazyflie_ros2_simple_mapper.egg-info
[2.082s] writing ../build/crazyflie_ros2_simple_mapper/crazyflie_ros2_simple_mapper.egg-info/PKG-INFO
[2.082s] writing dependency_links to ../build/crazyflie_ros2_simple_mapper/crazyflie_ros2_simple_mapper.egg-info/dependency_links.txt
[2.082s] writing entry points to ../build/crazyflie_ros2_simple_mapper/crazyflie_ros2_simple_mapper.egg-info/entry_points.txt
[2.082s] writing requirements to ../build/crazyflie_ros2_simple_mapper/crazyflie_ros2_simple_mapper.egg-info/requires.txt
[2.082s] writing top-level names to ../build/crazyflie_ros2_simple_mapper/crazyflie_ros2_simple_mapper.egg-info/top_level.txt
[2.085s] writing manifest file '../build/crazyflie_ros2_simple_mapper/crazyflie_ros2_simple_mapper.egg-info/SOURCES.txt'
[2.148s] reading manifest file '../build/crazyflie_ros2_simple_mapper/crazyflie_ros2_simple_mapper.egg-info/SOURCES.txt'
[2.150s] writing manifest file '../build/crazyflie_ros2_simple_mapper/crazyflie_ros2_simple_mapper.egg-info/SOURCES.txt'
[2.150s] running build
[2.150s] running build_py
[2.150s] creating /home/tdeng23/ros2_ws/src/crazyswarm2/build/crazyflie_ros2_simple_mapper/build
[2.150s] creating /home/tdeng23/ros2_ws/src/crazyswarm2/build/crazyflie_ros2_simple_mapper/build/lib
[2.150s] creating /home/tdeng23/ros2_ws/src/crazyswarm2/build/crazyflie_ros2_simple_mapper/build/lib/crazyflie_ros2_simple_mapper
[2.151s] copying crazyflie_ros2_simple_mapper/simple_mapper.py -> /home/tdeng23/ros2_ws/src/crazyswarm2/build/crazyflie_ros2_simple_mapper/build/lib/crazyflie_ros2_simple_mapper
[2.151s] copying crazyflie_ros2_simple_mapper/__init__.py -> /home/tdeng23/ros2_ws/src/crazyswarm2/build/crazyflie_ros2_simple_mapper/build/lib/crazyflie_ros2_simple_mapper
[2.151s] running install
[2.152s] running install_lib
[2.154s] creating /home/tdeng23/ros2_ws/src/crazyswarm2/install/crazyflie_ros2_simple_mapper/lib/python3.8/site-packages/crazyflie_ros2_simple_mapper
[2.155s] copying /home/tdeng23/ros2_ws/src/crazyswarm2/build/crazyflie_ros2_simple_mapper/build/lib/crazyflie_ros2_simple_mapper/simple_mapper.py -> /home/tdeng23/ros2_ws/src/crazyswarm2/install/crazyflie_ros2_simple_mapper/lib/python3.8/site-packages/crazyflie_ros2_simple_mapper
[2.155s] copying /home/tdeng23/ros2_ws/src/crazyswarm2/build/crazyflie_ros2_simple_mapper/build/lib/crazyflie_ros2_simple_mapper/__init__.py -> /home/tdeng23/ros2_ws/src/crazyswarm2/install/crazyflie_ros2_simple_mapper/lib/python3.8/site-packages/crazyflie_ros2_simple_mapper
[2.155s] byte-compiling /home/tdeng23/ros2_ws/src/crazyswarm2/install/crazyflie_ros2_simple_mapper/lib/python3.8/site-packages/crazyflie_ros2_simple_mapper/simple_mapper.py to simple_mapper.cpython-38.pyc
[2.159s] byte-compiling /home/tdeng23/ros2_ws/src/crazyswarm2/install/crazyflie_ros2_simple_mapper/lib/python3.8/site-packages/crazyflie_ros2_simple_mapper/__init__.py to __init__.cpython-38.pyc
[2.159s] running install_data
[2.161s] copying package.xml -> /home/tdeng23/ros2_ws/src/crazyswarm2/install/crazyflie_ros2_simple_mapper/share/crazyflie_ros2_simple_mapper
[2.161s] creating /home/tdeng23/ros2_ws/src/crazyswarm2/install/crazyflie_ros2_simple_mapper/share/crazyflie_ros2_simple_mapper/resource
[2.161s] copying resource/crazyflie_ros2_simple_mapper -> /home/tdeng23/ros2_ws/src/crazyswarm2/install/crazyflie_ros2_simple_mapper/share/crazyflie_ros2_simple_mapper/resource/
[2.161s] creating /home/tdeng23/ros2_ws/src/crazyswarm2/install/crazyflie_ros2_simple_mapper/share/crazyflie_ros2_simple_mapper/launch
[2.162s] copying launch/simple_mapper_simulation_launch.py -> /home/tdeng23/ros2_ws/src/crazyswarm2/install/crazyflie_ros2_simple_mapper/share/crazyflie_ros2_simple_mapper/launch/
[2.167s] copying launch/simple_mapper_real_launch.py -> /home/tdeng23/ros2_ws/src/crazyswarm2/install/crazyflie_ros2_simple_mapper/share/crazyflie_ros2_simple_mapper/launch/
[2.167s] running install_egg_info
[2.170s] Copying ../build/crazyflie_ros2_simple_mapper/crazyflie_ros2_simple_mapper.egg-info to /home/tdeng23/ros2_ws/src/crazyswarm2/install/crazyflie_ros2_simple_mapper/lib/python3.8/site-packages/crazyflie_ros2_simple_mapper-0.0.0-py3.8.egg-info
[2.171s] running install_scripts
[2.214s] Installing simple_mapper script to /home/tdeng23/ros2_ws/src/crazyswarm2/install/crazyflie_ros2_simple_mapper/lib/crazyflie_ros2_simple_mapper
[2.229s] writing list of installed files to '/home/tdeng23/ros2_ws/src/crazyswarm2/build/crazyflie_ros2_simple_mapper/install.log'
[2.261s] Invoked command in '/home/tdeng23/ros2_ws/src/crazyswarm2/crazyflie_ros2_simple_mapper' returned '0': PYTHONPATH=/home/tdeng23/ros2_ws/src/crazyswarm2/build/crazyflie_ros2_simple_mapper/prefix_override:/home/tdeng23/ros2_ws/src/crazyswarm2/install/crazyflie_ros2_simple_mapper/lib/python3.8/site-packages:${PYTHONPATH} /usr/bin/python3 setup.py egg_info --egg-base ../build/crazyflie_ros2_simple_mapper build --build-base /home/tdeng23/ros2_ws/src/crazyswarm2/build/crazyflie_ros2_simple_mapper/build install --record /home/tdeng23/ros2_ws/src/crazyswarm2/build/crazyflie_ros2_simple_mapper/install.log --single-version-externally-managed
