[0.634s] Invoking command in '/home/tdeng23/ros2_ws/src/crazyswarm2/crazyflie_py': AMENT_PREFIX_PATH=/home/tdeng23/ros2_ws/src/crazyswarm2/install/crazyflie_interfaces:${AMENT_PREFIX_PATH} CMAKE_PREFIX_PATH=/home/tdeng23/ros2_ws/src/crazyswarm2/install/crazyflie_interfaces LD_LIBRARY_PATH=/home/tdeng23/ros2_ws/src/crazyswarm2/install/crazyflie_interfaces/lib:${LD_LIBRARY_PATH} PYTHONPATH=/home/tdeng23/ros2_ws/src/crazyswarm2/build/crazyflie_py/prefix_override:/home/tdeng23/ros2_ws/src/crazyswarm2/install/crazyflie_py/lib/python3.8/site-packages:/home/tdeng23/ros2_ws/src/crazyswarm2/install/crazyflie_interfaces/lib/python3.8/site-packages:${PYTHONPATH} /usr/bin/python3 setup.py egg_info --egg-base ../build/crazyflie_py build --build-base /home/tdeng23/ros2_ws/src/crazyswarm2/build/crazyflie_py/build install --record /home/tdeng23/ros2_ws/src/crazyswarm2/build/crazyflie_py/install.log --single-version-externally-managed
[0.856s] running egg_info
[0.857s] creating ../build/crazyflie_py/crazyflie_py.egg-info
[0.857s] writing ../build/crazyflie_py/crazyflie_py.egg-info/PKG-INFO
[0.857s] writing dependency_links to ../build/crazyflie_py/crazyflie_py.egg-info/dependency_links.txt
[0.857s] writing entry points to ../build/crazyflie_py/crazyflie_py.egg-info/entry_points.txt
[0.857s] writing requirements to ../build/crazyflie_py/crazyflie_py.egg-info/requires.txt
[0.857s] writing top-level names to ../build/crazyflie_py/crazyflie_py.egg-info/top_level.txt
[0.858s] writing manifest file '../build/crazyflie_py/crazyflie_py.egg-info/SOURCES.txt'
[0.889s] reading manifest file '../build/crazyflie_py/crazyflie_py.egg-info/SOURCES.txt'
[0.890s] writing manifest file '../build/crazyflie_py/crazyflie_py.egg-info/SOURCES.txt'
[0.890s] running build
[0.890s] running build_py
[0.890s] creating /home/tdeng23/ros2_ws/src/crazyswarm2/build/crazyflie_py/build
[0.891s] creating /home/tdeng23/ros2_ws/src/crazyswarm2/build/crazyflie_py/build/lib
[0.891s] creating /home/tdeng23/ros2_ws/src/crazyswarm2/build/crazyflie_py/build/lib/crazyflie_py
[0.891s] copying crazyflie_py/crazyflie.py -> /home/tdeng23/ros2_ws/src/crazyswarm2/build/crazyflie_py/build/lib/crazyflie_py
[0.891s] copying crazyflie_py/genericJoystick.py -> /home/tdeng23/ros2_ws/src/crazyswarm2/build/crazyflie_py/build/lib/crazyflie_py
[0.891s] copying crazyflie_py/uav_trajectory.py -> /home/tdeng23/ros2_ws/src/crazyswarm2/build/crazyflie_py/build/lib/crazyflie_py
[0.891s] copying crazyflie_py/crazyswarm_py.py -> /home/tdeng23/ros2_ws/src/crazyswarm2/build/crazyflie_py/build/lib/crazyflie_py
[0.891s] copying crazyflie_py/util.py -> /home/tdeng23/ros2_ws/src/crazyswarm2/build/crazyflie_py/build/lib/crazyflie_py
[0.892s] copying crazyflie_py/joystick.py -> /home/tdeng23/ros2_ws/src/crazyswarm2/build/crazyflie_py/build/lib/crazyflie_py
[0.892s] copying crazyflie_py/linuxjsdev.py -> /home/tdeng23/ros2_ws/src/crazyswarm2/build/crazyflie_py/build/lib/crazyflie_py
[0.892s] copying crazyflie_py/keyboard.py -> /home/tdeng23/ros2_ws/src/crazyswarm2/build/crazyflie_py/build/lib/crazyflie_py
[0.892s] copying crazyflie_py/__init__.py -> /home/tdeng23/ros2_ws/src/crazyswarm2/build/crazyflie_py/build/lib/crazyflie_py
[0.892s] running install
[0.893s] running install_lib
[0.894s] creating /home/tdeng23/ros2_ws/src/crazyswarm2/install/crazyflie_py/lib/python3.8/site-packages/crazyflie_py
[0.894s] copying /home/tdeng23/ros2_ws/src/crazyswarm2/build/crazyflie_py/build/lib/crazyflie_py/crazyflie.py -> /home/tdeng23/ros2_ws/src/crazyswarm2/install/crazyflie_py/lib/python3.8/site-packages/crazyflie_py
[0.894s] copying /home/tdeng23/ros2_ws/src/crazyswarm2/build/crazyflie_py/build/lib/crazyflie_py/genericJoystick.py -> /home/tdeng23/ros2_ws/src/crazyswarm2/install/crazyflie_py/lib/python3.8/site-packages/crazyflie_py
[0.894s] copying /home/tdeng23/ros2_ws/src/crazyswarm2/build/crazyflie_py/build/lib/crazyflie_py/uav_trajectory.py -> /home/tdeng23/ros2_ws/src/crazyswarm2/install/crazyflie_py/lib/python3.8/site-packages/crazyflie_py
[0.895s] copying /home/tdeng23/ros2_ws/src/crazyswarm2/build/crazyflie_py/build/lib/crazyflie_py/crazyswarm_py.py -> /home/tdeng23/ros2_ws/src/crazyswarm2/install/crazyflie_py/lib/python3.8/site-packages/crazyflie_py
[0.895s] copying /home/tdeng23/ros2_ws/src/crazyswarm2/build/crazyflie_py/build/lib/crazyflie_py/util.py -> /home/tdeng23/ros2_ws/src/crazyswarm2/install/crazyflie_py/lib/python3.8/site-packages/crazyflie_py
[0.895s] copying /home/tdeng23/ros2_ws/src/crazyswarm2/build/crazyflie_py/build/lib/crazyflie_py/joystick.py -> /home/tdeng23/ros2_ws/src/crazyswarm2/install/crazyflie_py/lib/python3.8/site-packages/crazyflie_py
[0.895s] copying /home/tdeng23/ros2_ws/src/crazyswarm2/build/crazyflie_py/build/lib/crazyflie_py/linuxjsdev.py -> /home/tdeng23/ros2_ws/src/crazyswarm2/install/crazyflie_py/lib/python3.8/site-packages/crazyflie_py
[0.895s] copying /home/tdeng23/ros2_ws/src/crazyswarm2/build/crazyflie_py/build/lib/crazyflie_py/keyboard.py -> /home/tdeng23/ros2_ws/src/crazyswarm2/install/crazyflie_py/lib/python3.8/site-packages/crazyflie_py
[0.895s] copying /home/tdeng23/ros2_ws/src/crazyswarm2/build/crazyflie_py/build/lib/crazyflie_py/__init__.py -> /home/tdeng23/ros2_ws/src/crazyswarm2/install/crazyflie_py/lib/python3.8/site-packages/crazyflie_py
[0.895s] byte-compiling /home/tdeng23/ros2_ws/src/crazyswarm2/install/crazyflie_py/lib/python3.8/site-packages/crazyflie_py/crazyflie.py to crazyflie.cpython-38.pyc
[0.899s] byte-compiling /home/tdeng23/ros2_ws/src/crazyswarm2/install/crazyflie_py/lib/python3.8/site-packages/crazyflie_py/genericJoystick.py to genericJoystick.cpython-38.pyc
[0.900s] byte-compiling /home/tdeng23/ros2_ws/src/crazyswarm2/install/crazyflie_py/lib/python3.8/site-packages/crazyflie_py/uav_trajectory.py to uav_trajectory.cpython-38.pyc
[0.901s] byte-compiling /home/tdeng23/ros2_ws/src/crazyswarm2/install/crazyflie_py/lib/python3.8/site-packages/crazyflie_py/crazyswarm_py.py to crazyswarm_py.cpython-38.pyc
[0.901s] byte-compiling /home/tdeng23/ros2_ws/src/crazyswarm2/install/crazyflie_py/lib/python3.8/site-packages/crazyflie_py/util.py to util.cpython-38.pyc
[0.901s] byte-compiling /home/tdeng23/ros2_ws/src/crazyswarm2/install/crazyflie_py/lib/python3.8/site-packages/crazyflie_py/joystick.py to joystick.cpython-38.pyc
[0.902s] byte-compiling /home/tdeng23/ros2_ws/src/crazyswarm2/install/crazyflie_py/lib/python3.8/site-packages/crazyflie_py/linuxjsdev.py to linuxjsdev.cpython-38.pyc
[0.903s] byte-compiling /home/tdeng23/ros2_ws/src/crazyswarm2/install/crazyflie_py/lib/python3.8/site-packages/crazyflie_py/keyboard.py to keyboard.cpython-38.pyc
[0.903s] byte-compiling /home/tdeng23/ros2_ws/src/crazyswarm2/install/crazyflie_py/lib/python3.8/site-packages/crazyflie_py/__init__.py to __init__.cpython-38.pyc
[0.904s] running install_data
[0.904s] creating /home/tdeng23/ros2_ws/src/crazyswarm2/install/crazyflie_py/share/ament_index
[0.904s] creating /home/tdeng23/ros2_ws/src/crazyswarm2/install/crazyflie_py/share/ament_index/resource_index
[0.904s] creating /home/tdeng23/ros2_ws/src/crazyswarm2/install/crazyflie_py/share/ament_index/resource_index/packages
[0.905s] copying resource/crazyflie_py -> /home/tdeng23/ros2_ws/src/crazyswarm2/install/crazyflie_py/share/ament_index/resource_index/packages
[0.905s] copying package.xml -> /home/tdeng23/ros2_ws/src/crazyswarm2/install/crazyflie_py/share/crazyflie_py
[0.905s] running install_egg_info
[0.906s] Copying ../build/crazyflie_py/crazyflie_py.egg-info to /home/tdeng23/ros2_ws/src/crazyswarm2/install/crazyflie_py/lib/python3.8/site-packages/crazyflie_py-2.0.0-py3.8.egg-info
[0.907s] running install_scripts
[0.923s] writing list of installed files to '/home/tdeng23/ros2_ws/src/crazyswarm2/build/crazyflie_py/install.log'
[0.945s] Invoked command in '/home/tdeng23/ros2_ws/src/crazyswarm2/crazyflie_py' returned '0': AMENT_PREFIX_PATH=/home/tdeng23/ros2_ws/src/crazyswarm2/install/crazyflie_interfaces:${AMENT_PREFIX_PATH} CMAKE_PREFIX_PATH=/home/tdeng23/ros2_ws/src/crazyswarm2/install/crazyflie_interfaces LD_LIBRARY_PATH=/home/tdeng23/ros2_ws/src/crazyswarm2/install/crazyflie_interfaces/lib:${LD_LIBRARY_PATH} PYTHONPATH=/home/tdeng23/ros2_ws/src/crazyswarm2/build/crazyflie_py/prefix_override:/home/tdeng23/ros2_ws/src/crazyswarm2/install/crazyflie_py/lib/python3.8/site-packages:/home/tdeng23/ros2_ws/src/crazyswarm2/install/crazyflie_interfaces/lib/python3.8/site-packages:${PYTHONPATH} /usr/bin/python3 setup.py egg_info --egg-base ../build/crazyflie_py build --build-base /home/tdeng23/ros2_ws/src/crazyswarm2/build/crazyflie_py/build install --record /home/tdeng23/ros2_ws/src/crazyswarm2/build/crazyflie_py/install.log --single-version-externally-managed
