[0.813s] Invoking command in '/home/nicxe/ros2_ws/src/crazyswarm2/crazyflie_simulation': PYTHONPATH=/home/nicxe/ros2_ws/build/crazyflie_simulation/prefix_override:/home/nicxe/ros2_ws/install/crazyflie_simulation/lib/python3.8/site-packages:${PYTHONPATH} /usr/bin/python3 setup.py egg_info --egg-base ../../../build/crazyflie_simulation build --build-base /home/nicxe/ros2_ws/build/crazyflie_simulation/build install --record /home/nicxe/ros2_ws/build/crazyflie_simulation/install.log --single-version-externally-managed
[1.100s] running egg_info
[1.104s] creating ../../../build/crazyflie_simulation/crazyflie_simulation.egg-info
[1.105s] writing ../../../build/crazyflie_simulation/crazyflie_simulation.egg-info/PKG-INFO
[1.105s] writing dependency_links to ../../../build/crazyflie_simulation/crazyflie_simulation.egg-info/dependency_links.txt
[1.105s] writing entry points to ../../../build/crazyflie_simulation/crazyflie_simulation.egg-info/entry_points.txt
[1.106s] writing requirements to ../../../build/crazyflie_simulation/crazyflie_simulation.egg-info/requires.txt
[1.106s] writing top-level names to ../../../build/crazyflie_simulation/crazyflie_simulation.egg-info/top_level.txt
[1.107s] writing manifest file '../../../build/crazyflie_simulation/crazyflie_simulation.egg-info/SOURCES.txt'
[1.147s] reading manifest file '../../../build/crazyflie_simulation/crazyflie_simulation.egg-info/SOURCES.txt'
[1.147s] writing manifest file '../../../build/crazyflie_simulation/crazyflie_simulation.egg-info/SOURCES.txt'
[1.147s] running build
[1.147s] running build_py
[1.147s] creating /home/nicxe/ros2_ws/build/crazyflie_simulation/build
[1.147s] creating /home/nicxe/ros2_ws/build/crazyflie_simulation/build/lib
[1.147s] creating /home/nicxe/ros2_ws/build/crazyflie_simulation/build/lib/crazyflie_simulation
[1.147s] copying crazyflie_simulation/crazyflie_webots_spawner.py -> /home/nicxe/ros2_ws/build/crazyflie_simulation/build/lib/crazyflie_simulation
[1.147s] copying crazyflie_simulation/crazyflie_webots_driver.py -> /home/nicxe/ros2_ws/build/crazyflie_simulation/build/lib/crazyflie_simulation
[1.148s] copying crazyflie_simulation/cffirmware.py -> /home/nicxe/ros2_ws/build/crazyflie_simulation/build/lib/crazyflie_simulation
[1.149s] copying crazyflie_simulation/__init__.py -> /home/nicxe/ros2_ws/build/crazyflie_simulation/build/lib/crazyflie_simulation
[1.149s] running install
[1.153s] running install_lib
[1.161s] creating /home/nicxe/ros2_ws/install/crazyflie_simulation/lib/python3.8/site-packages/crazyflie_simulation
[1.161s] copying /home/nicxe/ros2_ws/build/crazyflie_simulation/build/lib/crazyflie_simulation/crazyflie_webots_spawner.py -> /home/nicxe/ros2_ws/install/crazyflie_simulation/lib/python3.8/site-packages/crazyflie_simulation
[1.161s] copying /home/nicxe/ros2_ws/build/crazyflie_simulation/build/lib/crazyflie_simulation/crazyflie_webots_driver.py -> /home/nicxe/ros2_ws/install/crazyflie_simulation/lib/python3.8/site-packages/crazyflie_simulation
[1.162s] copying /home/nicxe/ros2_ws/build/crazyflie_simulation/build/lib/crazyflie_simulation/cffirmware.py -> /home/nicxe/ros2_ws/install/crazyflie_simulation/lib/python3.8/site-packages/crazyflie_simulation
[1.162s] copying /home/nicxe/ros2_ws/build/crazyflie_simulation/build/lib/crazyflie_simulation/__init__.py -> /home/nicxe/ros2_ws/install/crazyflie_simulation/lib/python3.8/site-packages/crazyflie_simulation
[1.166s] byte-compiling /home/nicxe/ros2_ws/install/crazyflie_simulation/lib/python3.8/site-packages/crazyflie_simulation/crazyflie_webots_spawner.py to crazyflie_webots_spawner.cpython-38.pyc
[1.172s] byte-compiling /home/nicxe/ros2_ws/install/crazyflie_simulation/lib/python3.8/site-packages/crazyflie_simulation/crazyflie_webots_driver.py to crazyflie_webots_driver.cpython-38.pyc
[1.174s] byte-compiling /home/nicxe/ros2_ws/install/crazyflie_simulation/lib/python3.8/site-packages/crazyflie_simulation/cffirmware.py to cffirmware.cpython-38.pyc
[1.182s] byte-compiling /home/nicxe/ros2_ws/install/crazyflie_simulation/lib/python3.8/site-packages/crazyflie_simulation/__init__.py to __init__.cpython-38.pyc
[1.182s] running install_data
[1.183s] copying package.xml -> /home/nicxe/ros2_ws/install/crazyflie_simulation/share/crazyflie_simulation
[1.183s] creating /home/nicxe/ros2_ws/install/crazyflie_simulation/share/crazyflie_simulation/resource
[1.183s] copying resource/crazyflie_simulation -> /home/nicxe/ros2_ws/install/crazyflie_simulation/share/crazyflie_simulation/resource/
[1.183s] copying resource/crazyflie.urdf -> /home/nicxe/ros2_ws/install/crazyflie_simulation/share/crazyflie_simulation/resource/
[1.183s] copying resource/supervisor.urdf -> /home/nicxe/ros2_ws/install/crazyflie_simulation/share/crazyflie_simulation/resource/
[1.183s] creating /home/nicxe/ros2_ws/install/crazyflie_simulation/share/crazyflie_simulation/launch
[1.183s] copying launch/Makefile -> /home/nicxe/ros2_ws/install/crazyflie_simulation/share/crazyflie_simulation/launch/
[1.183s] copying launch/setup.py -> /home/nicxe/ros2_ws/install/crazyflie_simulation/share/crazyflie_simulation/launch/
[1.183s] copying launch/crazyflie_launch.py -> /home/nicxe/ros2_ws/install/crazyflie_simulation/share/crazyflie_simulation/launch/
[1.183s] copying launch/cffirmware.i -> /home/nicxe/ros2_ws/install/crazyflie_simulation/share/crazyflie_simulation/launch/
[1.183s] copying launch/__init__.py -> /home/nicxe/ros2_ws/install/crazyflie_simulation/share/crazyflie_simulation/launch/
[1.183s] copying launch/numpy.i -> /home/nicxe/ros2_ws/install/crazyflie_simulation/share/crazyflie_simulation/launch/
[1.184s] creating /home/nicxe/ros2_ws/install/crazyflie_simulation/share/crazyflie_simulation/worlds
[1.184s] copying worlds/crazyflie_world.wbt -> /home/nicxe/ros2_ws/install/crazyflie_simulation/share/crazyflie_simulation/worlds/
[1.184s] running install_egg_info
[1.185s] Copying ../../../build/crazyflie_simulation/crazyflie_simulation.egg-info to /home/nicxe/ros2_ws/install/crazyflie_simulation/lib/python3.8/site-packages/crazyflie_simulation-0.0.0-py3.8.egg-info
[1.185s] running install_scripts
[1.199s] Installing crazyflie_webots_driver script to /home/nicxe/ros2_ws/install/crazyflie_simulation/lib/crazyflie_simulation
[1.199s] Installing supervisor_driver script to /home/nicxe/ros2_ws/install/crazyflie_simulation/lib/crazyflie_simulation
[1.199s] writing list of installed files to '/home/nicxe/ros2_ws/build/crazyflie_simulation/install.log'
[1.270s] Invoked command in '/home/nicxe/ros2_ws/src/crazyswarm2/crazyflie_simulation' returned '0': PYTHONPATH=/home/nicxe/ros2_ws/build/crazyflie_simulation/prefix_override:/home/nicxe/ros2_ws/install/crazyflie_simulation/lib/python3.8/site-packages:${PYTHONPATH} /usr/bin/python3 setup.py egg_info --egg-base ../../../build/crazyflie_simulation build --build-base /home/nicxe/ros2_ws/build/crazyflie_simulation/build install --record /home/nicxe/ros2_ws/build/crazyflie_simulation/install.log --single-version-externally-managed
