[0.201s] Invoking command in '/home/nicxe/ros2_ws/build/crazyflie': CMAKE_PREFIX_PATH=/home/nicxe/ros2_ws/install/motion_capture_tracking_interfaces:/home/nicxe/ros2_ws/install/crazyflie_interfaces:/home/nicxe/ros2_ws/install/motion_capture_tracking:/home/nicxe/ros2_ws/install/crazyflie:/home/nicxe/ros2_ws/install/crazyflie_sim:/home/nicxe/ros2_ws/install/crazyflie_ros2_slam:/home/nicxe/ros2_ws/install/crazyflie_ros2_navigation:/home/nicxe/ros2_ws/install/crazyflie_ros2_interfaces:/home/nicxe/ros2_ws/install/crazyflie_ros2_description:/home/nicxe/ros2_ws/install/crazyflie_examples:/home/nicxe/ros2_ws/install/my_package:/home/nicxe/ros2_ws/install/crazyflie_simulation:/home/nicxe/ros2_ws/install/crazyflie_ros2_simulation:/home/nicxe/ros2_ws/install/crazyflie_ros2_simple_mapper:/home/nicxe/ros2_ws/install/crazyflie_ros2_scan:/home/nicxe/ros2_ws/install/crazyflie_ros2:/home/nicxe/ros2_ws/install/crazyflie_py:/opt/ros/galactic LD_LIBRARY_PATH=/home/nicxe/ros2_ws/install/motion_capture_tracking_interfaces/lib:/home/nicxe/ros2_ws/install/crazyflie_interfaces/lib:/home/nicxe/ros2_ws/install/crazyflie_ros2_interfaces/lib:/opt/ros/galactic/opt/yaml_cpp_vendor/lib:/opt/ros/galactic/opt/rviz_ogre_vendor/lib:/opt/ros/galactic/lib/x86_64-linux-gnu:/opt/ros/galactic/lib PYTHONPATH=/home/nicxe/ros2_ws/install/motion_capture_tracking_interfaces/lib/python3.8/site-packages:/home/nicxe/ros2_ws/install/crazyflie_interfaces/lib/python3.8/site-packages:/home/nicxe/CS_SITP/crazyflie-firmware/build:/home/nicxe/ros2_ws/install/my_package/lib/python3.8/site-packages:/home/nicxe/ros2_ws/install/crazyflie_simulation/lib/python3.8/site-packages:/home/nicxe/ros2_ws/install/crazyflie_sim/lib/python3.8/site-packages:/home/nicxe/ros2_ws/install/crazyflie_ros2_simulation/lib/python3.8/site-packages:/home/nicxe/ros2_ws/install/crazyflie_ros2_simple_mapper/lib/python3.8/site-packages:/home/nicxe/ros2_ws/install/crazyflie_ros2_scan/lib/python3.8/site-packages:/home/nicxe/ros2_ws/install/crazyflie_ros2_interfaces/lib/python3.8/site-packages:/home/nicxe/ros2_ws/install/crazyflie_ros2/lib/python3.8/site-packages:/home/nicxe/ros2_ws/install/crazyflie_examples/lib/python3.8/site-packages:/home/nicxe/ros2_ws/install/crazyflie_py/lib/python3.8/site-packages:/opt/ros/galactic/lib/python3.8/site-packages /usr/bin/cmake /home/nicxe/ros2_ws/src/crazyswarm2/crazyflie -DCMAKE_INSTALL_PREFIX=/home/nicxe/ros2_ws/install/crazyflie
[0.240s] -- The C compiler identification is GNU 9.4.0
[0.280s] -- The CXX compiler identification is GNU 9.4.0
[0.284s] -- Check for working C compiler: /usr/bin/cc
[0.330s] -- Check for working C compiler: /usr/bin/cc -- works
[0.331s] -- Detecting C compiler ABI info
[0.380s] -- Detecting C compiler ABI info - done
[0.388s] -- Detecting C compile features
[0.389s] -- Detecting C compile features - done
[0.390s] -- Check for working CXX compiler: /usr/bin/c++
[0.451s] -- Check for working CXX compiler: /usr/bin/c++ -- works
[0.451s] -- Detecting CXX compiler ABI info
[0.505s] -- Detecting CXX compiler ABI info - done
[0.514s] -- Detecting CXX compile features
[0.515s] -- Detecting CXX compile features - done
[0.517s] -- Found ament_cmake: 1.1.6 (/opt/ros/galactic/share/ament_cmake/cmake)
[0.536s] -- Found PythonInterp: /usr/bin/python3 (found suitable version "3.8.10", minimum required is "3") 
[0.536s] -- Using PYTHON_EXECUTABLE: /usr/bin/python3
[0.599s] -- Found rclcpp: 9.2.2 (/opt/ros/galactic/share/rclcpp/cmake)
[0.638s] -- Using all available rosidl_typesupport_c: rosidl_typesupport_fastrtps_c;rosidl_typesupport_introspection_c
[0.644s] -- Found rosidl_adapter: 2.2.3 (/opt/ros/galactic/share/rosidl_adapter/cmake)
[0.698s] -- Found OpenSSL: /usr/lib/x86_64-linux-gnu/libcrypto.so (found version "1.1.1f")  
[0.720s] -- Found FastRTPS: /opt/ros/galactic/include  
[0.781s] -- Using all available rosidl_typesupport_cpp: rosidl_typesupport_fastrtps_cpp;rosidl_typesupport_introspection_cpp
[0.830s] -- Found rmw_implementation_cmake: 3.3.1 (/opt/ros/galactic/share/rmw_implementation_cmake/cmake)
[0.833s] -- Found rmw_cyclonedds_cpp: 0.22.6 (/opt/ros/galactic/share/rmw_cyclonedds_cpp/cmake)
[0.849s] -- Using RMW implementation 'rmw_cyclonedds_cpp' as default
[0.849s] -- Looking for pthread.h
[0.900s] -- Looking for pthread.h - found
[0.900s] -- Performing Test CMAKE_HAVE_LIBC_PTHREAD
[0.950s] -- Performing Test CMAKE_HAVE_LIBC_PTHREAD - Failed
[0.951s] -- Looking for pthread_create in pthreads
[0.993s] -- Looking for pthread_create in pthreads - not found
[0.993s] -- Looking for pthread_create in pthread
[1.042s] -- Looking for pthread_create in pthread - found
[1.043s] -- Found Threads: TRUE  
[1.163s] -- Found tf2_ros: 0.17.5 (/opt/ros/galactic/share/tf2_ros/cmake)
[1.470s] -- Found rclpy: 1.9.3 (/opt/ros/galactic/share/rclpy/cmake)
[1.472s] -- Found std_srvs: 2.2.4 (/opt/ros/galactic/share/std_srvs/cmake)
[1.480s] -- Found sensor_msgs: 2.2.4 (/opt/ros/galactic/share/sensor_msgs/cmake)
[1.536s] -- Found crazyflie_interfaces: 2.0.0 (/home/nicxe/ros2_ws/install/crazyflie_interfaces/share/crazyflie_interfaces/cmake)
[1.591s] -- Found motion_capture_tracking_interfaces: 1.0.0 (/home/nicxe/ros2_ws/install/motion_capture_tracking_interfaces/share/motion_capture_tracking_interfaces/cmake)
[1.656s] -- Found Boost: /usr/lib/x86_64-linux-gnu/cmake/Boost-1.71.0/BoostConfig.cmake (found version "1.71.0") found components: program_options 
[1.660s] -- Found libusb: /usr/lib/x86_64-linux-gnu/libusb-1.0.so  
[1.713s] -- Configuring done
[1.739s] -- Generating done
[1.741s] -- Build files have been written to: /home/nicxe/ros2_ws/build/crazyflie
[1.750s] Invoked command in '/home/nicxe/ros2_ws/build/crazyflie' returned '0': CMAKE_PREFIX_PATH=/home/nicxe/ros2_ws/install/motion_capture_tracking_interfaces:/home/nicxe/ros2_ws/install/crazyflie_interfaces:/home/nicxe/ros2_ws/install/motion_capture_tracking:/home/nicxe/ros2_ws/install/crazyflie:/home/nicxe/ros2_ws/install/crazyflie_sim:/home/nicxe/ros2_ws/install/crazyflie_ros2_slam:/home/nicxe/ros2_ws/install/crazyflie_ros2_navigation:/home/nicxe/ros2_ws/install/crazyflie_ros2_interfaces:/home/nicxe/ros2_ws/install/crazyflie_ros2_description:/home/nicxe/ros2_ws/install/crazyflie_examples:/home/nicxe/ros2_ws/install/my_package:/home/nicxe/ros2_ws/install/crazyflie_simulation:/home/nicxe/ros2_ws/install/crazyflie_ros2_simulation:/home/nicxe/ros2_ws/install/crazyflie_ros2_simple_mapper:/home/nicxe/ros2_ws/install/crazyflie_ros2_scan:/home/nicxe/ros2_ws/install/crazyflie_ros2:/home/nicxe/ros2_ws/install/crazyflie_py:/opt/ros/galactic LD_LIBRARY_PATH=/home/nicxe/ros2_ws/install/motion_capture_tracking_interfaces/lib:/home/nicxe/ros2_ws/install/crazyflie_interfaces/lib:/home/nicxe/ros2_ws/install/crazyflie_ros2_interfaces/lib:/opt/ros/galactic/opt/yaml_cpp_vendor/lib:/opt/ros/galactic/opt/rviz_ogre_vendor/lib:/opt/ros/galactic/lib/x86_64-linux-gnu:/opt/ros/galactic/lib PYTHONPATH=/home/nicxe/ros2_ws/install/motion_capture_tracking_interfaces/lib/python3.8/site-packages:/home/nicxe/ros2_ws/install/crazyflie_interfaces/lib/python3.8/site-packages:/home/nicxe/CS_SITP/crazyflie-firmware/build:/home/nicxe/ros2_ws/install/my_package/lib/python3.8/site-packages:/home/nicxe/ros2_ws/install/crazyflie_simulation/lib/python3.8/site-packages:/home/nicxe/ros2_ws/install/crazyflie_sim/lib/python3.8/site-packages:/home/nicxe/ros2_ws/install/crazyflie_ros2_simulation/lib/python3.8/site-packages:/home/nicxe/ros2_ws/install/crazyflie_ros2_simple_mapper/lib/python3.8/site-packages:/home/nicxe/ros2_ws/install/crazyflie_ros2_scan/lib/python3.8/site-packages:/home/nicxe/ros2_ws/install/crazyflie_ros2_interfaces/lib/python3.8/site-packages:/home/nicxe/ros2_ws/install/crazyflie_ros2/lib/python3.8/site-packages:/home/nicxe/ros2_ws/install/crazyflie_examples/lib/python3.8/site-packages:/home/nicxe/ros2_ws/install/crazyflie_py/lib/python3.8/site-packages:/opt/ros/galactic/lib/python3.8/site-packages /usr/bin/cmake /home/nicxe/ros2_ws/src/crazyswarm2/crazyflie -DCMAKE_INSTALL_PREFIX=/home/nicxe/ros2_ws/install/crazyflie
[1.751s] Invoking command in '/home/nicxe/ros2_ws/build/crazyflie': CMAKE_PREFIX_PATH=/home/nicxe/ros2_ws/install/motion_capture_tracking_interfaces:/home/nicxe/ros2_ws/install/crazyflie_interfaces:/home/nicxe/ros2_ws/install/motion_capture_tracking:/home/nicxe/ros2_ws/install/crazyflie:/home/nicxe/ros2_ws/install/crazyflie_sim:/home/nicxe/ros2_ws/install/crazyflie_ros2_slam:/home/nicxe/ros2_ws/install/crazyflie_ros2_navigation:/home/nicxe/ros2_ws/install/crazyflie_ros2_interfaces:/home/nicxe/ros2_ws/install/crazyflie_ros2_description:/home/nicxe/ros2_ws/install/crazyflie_examples:/home/nicxe/ros2_ws/install/my_package:/home/nicxe/ros2_ws/install/crazyflie_simulation:/home/nicxe/ros2_ws/install/crazyflie_ros2_simulation:/home/nicxe/ros2_ws/install/crazyflie_ros2_simple_mapper:/home/nicxe/ros2_ws/install/crazyflie_ros2_scan:/home/nicxe/ros2_ws/install/crazyflie_ros2:/home/nicxe/ros2_ws/install/crazyflie_py:/opt/ros/galactic LD_LIBRARY_PATH=/home/nicxe/ros2_ws/install/motion_capture_tracking_interfaces/lib:/home/nicxe/ros2_ws/install/crazyflie_interfaces/lib:/home/nicxe/ros2_ws/install/crazyflie_ros2_interfaces/lib:/opt/ros/galactic/opt/yaml_cpp_vendor/lib:/opt/ros/galactic/opt/rviz_ogre_vendor/lib:/opt/ros/galactic/lib/x86_64-linux-gnu:/opt/ros/galactic/lib PYTHONPATH=/home/nicxe/ros2_ws/install/motion_capture_tracking_interfaces/lib/python3.8/site-packages:/home/nicxe/ros2_ws/install/crazyflie_interfaces/lib/python3.8/site-packages:/home/nicxe/CS_SITP/crazyflie-firmware/build:/home/nicxe/ros2_ws/install/my_package/lib/python3.8/site-packages:/home/nicxe/ros2_ws/install/crazyflie_simulation/lib/python3.8/site-packages:/home/nicxe/ros2_ws/install/crazyflie_sim/lib/python3.8/site-packages:/home/nicxe/ros2_ws/install/crazyflie_ros2_simulation/lib/python3.8/site-packages:/home/nicxe/ros2_ws/install/crazyflie_ros2_simple_mapper/lib/python3.8/site-packages:/home/nicxe/ros2_ws/install/crazyflie_ros2_scan/lib/python3.8/site-packages:/home/nicxe/ros2_ws/install/crazyflie_ros2_interfaces/lib/python3.8/site-packages:/home/nicxe/ros2_ws/install/crazyflie_ros2/lib/python3.8/site-packages:/home/nicxe/ros2_ws/install/crazyflie_examples/lib/python3.8/site-packages:/home/nicxe/ros2_ws/install/crazyflie_py/lib/python3.8/site-packages:/opt/ros/galactic/lib/python3.8/site-packages /usr/bin/cmake --build /home/nicxe/ros2_ws/build/crazyflie -- -j8 -l8
[1.779s] [35m[1mScanning dependencies of target teleop[0m
[1.779s] [35m[1mScanning dependencies of target crazyflieLinkCpp[0m
[1.789s] [ 13%] [32mBuilding CXX object deps/crazyflie_tools/crazyflie_cpp/crazyflie-link-cpp/CMakeFiles/crazyflieLinkCpp.dir/src/CrazyradioThread.cpp.o[0m
[1.789s] [ 13%] [32mBuilding CXX object deps/crazyflie_tools/crazyflie_cpp/crazyflie-link-cpp/CMakeFiles/crazyflieLinkCpp.dir/src/USBManager.cpp.o[0m
[1.789s] [ 13%] [32mBuilding CXX object deps/crazyflie_tools/crazyflie_cpp/crazyflie-link-cpp/CMakeFiles/crazyflieLinkCpp.dir/src/Connection.cpp.o[0m
[1.789s] [ 13%] [32mBuilding CXX object deps/crazyflie_tools/crazyflie_cpp/crazyflie-link-cpp/CMakeFiles/crazyflieLinkCpp.dir/src/CrazyflieUSBThread.cpp.o[0m
[1.789s] [ 13%] [32mBuilding CXX object deps/crazyflie_tools/crazyflie_cpp/crazyflie-link-cpp/CMakeFiles/crazyflieLinkCpp.dir/src/CrazyflieUSB.cpp.o[0m
[1.793s] [ 16%] [32mBuilding CXX object deps/crazyflie_tools/crazyflie_cpp/crazyflie-link-cpp/CMakeFiles/crazyflieLinkCpp.dir/src/USBDevice.cpp.o[0m
[1.796s] [ 19%] [32mBuilding CXX object deps/crazyflie_tools/crazyflie_cpp/crazyflie-link-cpp/CMakeFiles/crazyflieLinkCpp.dir/src/Crazyradio.cpp.o[0m
[1.849s] [ 22%] [32mBuilding CXX object CMakeFiles/teleop.dir/src/teleop.cpp.o[0m
[2.030s] [ 25%] [32mBuilding CXX object deps/crazyflie_tools/crazyflie_cpp/crazyflie-link-cpp/CMakeFiles/crazyflieLinkCpp.dir/src/Version.cpp.o[0m
[4.714s] [ 27%] [32m[1mLinking CXX static library libcrazyflieLinkCpp.a[0m
[4.922s] [ 27%] Built target crazyflieLinkCpp
[4.937s] [35m[1mScanning dependencies of target crazyflie_cpp[0m
[4.977s] [ 30%] [32mBuilding CXX object deps/crazyflie_tools/crazyflie_cpp/CMakeFiles/crazyflie_cpp.dir/src/Crazyflie.cpp.o[0m
[4.982s] [ 33%] [32mBuilding CXX object deps/crazyflie_tools/crazyflie_cpp/CMakeFiles/crazyflie_cpp.dir/src/crtp.cpp.o[0m
[8.168s] [ 36%] [32m[1mLinking CXX static library libcrazyflie_cpp.a[0m
[8.220s] [ 36%] Built target crazyflie_cpp
[8.231s] [35m[1mScanning dependencies of target listMemories[0m
[8.231s] [35m[1mScanning dependencies of target scan[0m
[8.237s] [35m[1mScanning dependencies of target listLogVariables[0m
[8.240s] [35m[1mScanning dependencies of target reboot[0m
[8.243s] [ 38%] [32mBuilding CXX object deps/crazyflie_tools/CMakeFiles/listMemories.dir/src/listMemories.cpp.o[0m
[8.247s] [35m[1mScanning dependencies of target listParams[0m
[8.254s] [ 41%] [32mBuilding CXX object deps/crazyflie_tools/CMakeFiles/listLogVariables.dir/src/listLogVariables.cpp.o[0m
[8.258s] [35m[1mScanning dependencies of target crazyflie_server[0m
[8.284s] [35m[1mScanning dependencies of target battery[0m
[8.284s] [ 44%] [32mBuilding CXX object deps/crazyflie_tools/CMakeFiles/listParams.dir/src/listParams.cpp.o[0m
[8.284s] [ 47%] [32mBuilding CXX object deps/crazyflie_tools/CMakeFiles/reboot.dir/src/reboot.cpp.o[0m
[8.302s] [ 50%] [32mBuilding CXX object deps/crazyflie_tools/CMakeFiles/scan.dir/src/scan.cpp.o[0m
[8.313s] [ 52%] [32mBuilding CXX object deps/crazyflie_tools/CMakeFiles/battery.dir/src/battery.cpp.o[0m
[8.401s] [ 55%] [32mBuilding CXX object CMakeFiles/crazyflie_server.dir/src/crazyflie_server.cpp.o[0m
[10.407s] [ 58%] [32m[1mLinking CXX executable listMemories[0m
[10.511s] [ 61%] [32m[1mLinking CXX executable scan[0m
[10.693s] [ 61%] Built target listMemories
[10.705s] [35m[1mScanning dependencies of target version[0m
[10.721s] [ 63%] [32mBuilding CXX object deps/crazyflie_tools/CMakeFiles/version.dir/src/version.cpp.o[0m
[11.155s] [ 63%] Built target scan
[11.194s] [ 66%] [32m[1mLinking CXX executable reboot[0m
[11.220s] [35m[1mScanning dependencies of target console[0m
[11.242s] [ 69%] [32m[1mLinking CXX executable listLogVariables[0m
[11.293s] [ 72%] [32mBuilding CXX object deps/crazyflie_tools/CMakeFiles/console.dir/src/console.cpp.o[0m
[11.680s] [ 72%] Built target reboot
[11.736s] [35m[1mScanning dependencies of target log[0m
[11.777s] [ 75%] [32m[1mLinking CXX executable battery[0m
[11.789s] [ 77%] [32mBuilding CXX object deps/crazyflie_tools/CMakeFiles/log.dir/src/log.cpp.o[0m
[11.810s] [ 80%] [32m[1mLinking CXX executable listParams[0m
[11.822s] [ 80%] Built target listLogVariables
[11.877s] [35m[1mScanning dependencies of target setParam[0m
[11.943s] [ 83%] [32mBuilding CXX object deps/crazyflie_tools/CMakeFiles/setParam.dir/src/setParam.cpp.o[0m
[12.189s] [ 83%] Built target listParams
[12.239s] [ 83%] Built target battery
[12.874s] [ 86%] [32m[1mLinking CXX executable version[0m
[13.057s] [ 88%] [32m[1mLinking CXX executable console[0m
[13.252s] [ 88%] Built target version
[13.443s] [ 88%] Built target console
[13.973s] [ 91%] [32m[1mLinking CXX executable log[0m
[14.022s] [ 94%] [32m[1mLinking CXX executable setParam[0m
[14.226s] [ 94%] Built target log
[14.318s] [ 94%] Built target setParam
[17.288s] [ 97%] [32m[1mLinking CXX executable teleop[0m
[17.812s] [ 97%] Built target teleop
[30.425s] [100%] [32m[1mLinking CXX executable crazyflie_server[0m
[31.798s] [100%] Built target crazyflie_server
[31.808s] Invoked command in '/home/nicxe/ros2_ws/build/crazyflie' returned '0': CMAKE_PREFIX_PATH=/home/nicxe/ros2_ws/install/motion_capture_tracking_interfaces:/home/nicxe/ros2_ws/install/crazyflie_interfaces:/home/nicxe/ros2_ws/install/motion_capture_tracking:/home/nicxe/ros2_ws/install/crazyflie:/home/nicxe/ros2_ws/install/crazyflie_sim:/home/nicxe/ros2_ws/install/crazyflie_ros2_slam:/home/nicxe/ros2_ws/install/crazyflie_ros2_navigation:/home/nicxe/ros2_ws/install/crazyflie_ros2_interfaces:/home/nicxe/ros2_ws/install/crazyflie_ros2_description:/home/nicxe/ros2_ws/install/crazyflie_examples:/home/nicxe/ros2_ws/install/my_package:/home/nicxe/ros2_ws/install/crazyflie_simulation:/home/nicxe/ros2_ws/install/crazyflie_ros2_simulation:/home/nicxe/ros2_ws/install/crazyflie_ros2_simple_mapper:/home/nicxe/ros2_ws/install/crazyflie_ros2_scan:/home/nicxe/ros2_ws/install/crazyflie_ros2:/home/nicxe/ros2_ws/install/crazyflie_py:/opt/ros/galactic LD_LIBRARY_PATH=/home/nicxe/ros2_ws/install/motion_capture_tracking_interfaces/lib:/home/nicxe/ros2_ws/install/crazyflie_interfaces/lib:/home/nicxe/ros2_ws/install/crazyflie_ros2_interfaces/lib:/opt/ros/galactic/opt/yaml_cpp_vendor/lib:/opt/ros/galactic/opt/rviz_ogre_vendor/lib:/opt/ros/galactic/lib/x86_64-linux-gnu:/opt/ros/galactic/lib PYTHONPATH=/home/nicxe/ros2_ws/install/motion_capture_tracking_interfaces/lib/python3.8/site-packages:/home/nicxe/ros2_ws/install/crazyflie_interfaces/lib/python3.8/site-packages:/home/nicxe/CS_SITP/crazyflie-firmware/build:/home/nicxe/ros2_ws/install/my_package/lib/python3.8/site-packages:/home/nicxe/ros2_ws/install/crazyflie_simulation/lib/python3.8/site-packages:/home/nicxe/ros2_ws/install/crazyflie_sim/lib/python3.8/site-packages:/home/nicxe/ros2_ws/install/crazyflie_ros2_simulation/lib/python3.8/site-packages:/home/nicxe/ros2_ws/install/crazyflie_ros2_simple_mapper/lib/python3.8/site-packages:/home/nicxe/ros2_ws/install/crazyflie_ros2_scan/lib/python3.8/site-packages:/home/nicxe/ros2_ws/install/crazyflie_ros2_interfaces/lib/python3.8/site-packages:/home/nicxe/ros2_ws/install/crazyflie_ros2/lib/python3.8/site-packages:/home/nicxe/ros2_ws/install/crazyflie_examples/lib/python3.8/site-packages:/home/nicxe/ros2_ws/install/crazyflie_py/lib/python3.8/site-packages:/opt/ros/galactic/lib/python3.8/site-packages /usr/bin/cmake --build /home/nicxe/ros2_ws/build/crazyflie -- -j8 -l8
[31.830s] Invoking command in '/home/nicxe/ros2_ws/build/crazyflie': CMAKE_PREFIX_PATH=/home/nicxe/ros2_ws/install/motion_capture_tracking_interfaces:/home/nicxe/ros2_ws/install/crazyflie_interfaces:/home/nicxe/ros2_ws/install/motion_capture_tracking:/home/nicxe/ros2_ws/install/crazyflie:/home/nicxe/ros2_ws/install/crazyflie_sim:/home/nicxe/ros2_ws/install/crazyflie_ros2_slam:/home/nicxe/ros2_ws/install/crazyflie_ros2_navigation:/home/nicxe/ros2_ws/install/crazyflie_ros2_interfaces:/home/nicxe/ros2_ws/install/crazyflie_ros2_description:/home/nicxe/ros2_ws/install/crazyflie_examples:/home/nicxe/ros2_ws/install/my_package:/home/nicxe/ros2_ws/install/crazyflie_simulation:/home/nicxe/ros2_ws/install/crazyflie_ros2_simulation:/home/nicxe/ros2_ws/install/crazyflie_ros2_simple_mapper:/home/nicxe/ros2_ws/install/crazyflie_ros2_scan:/home/nicxe/ros2_ws/install/crazyflie_ros2:/home/nicxe/ros2_ws/install/crazyflie_py:/opt/ros/galactic LD_LIBRARY_PATH=/home/nicxe/ros2_ws/install/motion_capture_tracking_interfaces/lib:/home/nicxe/ros2_ws/install/crazyflie_interfaces/lib:/home/nicxe/ros2_ws/install/crazyflie_ros2_interfaces/lib:/opt/ros/galactic/opt/yaml_cpp_vendor/lib:/opt/ros/galactic/opt/rviz_ogre_vendor/lib:/opt/ros/galactic/lib/x86_64-linux-gnu:/opt/ros/galactic/lib PYTHONPATH=/home/nicxe/ros2_ws/install/motion_capture_tracking_interfaces/lib/python3.8/site-packages:/home/nicxe/ros2_ws/install/crazyflie_interfaces/lib/python3.8/site-packages:/home/nicxe/CS_SITP/crazyflie-firmware/build:/home/nicxe/ros2_ws/install/my_package/lib/python3.8/site-packages:/home/nicxe/ros2_ws/install/crazyflie_simulation/lib/python3.8/site-packages:/home/nicxe/ros2_ws/install/crazyflie_sim/lib/python3.8/site-packages:/home/nicxe/ros2_ws/install/crazyflie_ros2_simulation/lib/python3.8/site-packages:/home/nicxe/ros2_ws/install/crazyflie_ros2_simple_mapper/lib/python3.8/site-packages:/home/nicxe/ros2_ws/install/crazyflie_ros2_scan/lib/python3.8/site-packages:/home/nicxe/ros2_ws/install/crazyflie_ros2_interfaces/lib/python3.8/site-packages:/home/nicxe/ros2_ws/install/crazyflie_ros2/lib/python3.8/site-packages:/home/nicxe/ros2_ws/install/crazyflie_examples/lib/python3.8/site-packages:/home/nicxe/ros2_ws/install/crazyflie_py/lib/python3.8/site-packages:/opt/ros/galactic/lib/python3.8/site-packages /usr/bin/cmake --install /home/nicxe/ros2_ws/build/crazyflie
[31.839s] -- Install configuration: ""
[31.839s] -- Installing: /home/nicxe/ros2_ws/install/crazyflie/lib/crazyflie/scan
[31.840s] -- Installing: /home/nicxe/ros2_ws/install/crazyflie/lib/crazyflie/listParams
[31.841s] -- Installing: /home/nicxe/ros2_ws/install/crazyflie/lib/crazyflie/listLogVariables
[31.842s] -- Installing: /home/nicxe/ros2_ws/install/crazyflie/lib/crazyflie/listMemories
[31.843s] -- Installing: /home/nicxe/ros2_ws/install/crazyflie/lib/crazyflie/reboot
[31.844s] -- Installing: /home/nicxe/ros2_ws/install/crazyflie/lib/crazyflie/battery
[31.845s] -- Installing: /home/nicxe/ros2_ws/install/crazyflie/lib/crazyflie/version
[31.847s] -- Installing: /home/nicxe/ros2_ws/install/crazyflie/lib/crazyflie/console
[31.848s] -- Installing: /home/nicxe/ros2_ws/install/crazyflie/lib/crazyflie/log
[31.849s] -- Installing: /home/nicxe/ros2_ws/install/crazyflie/lib/crazyflie/setParam
[31.850s] -- Installing: /home/nicxe/ros2_ws/install/crazyflie/lib/crazyflie/teleop
[31.853s] -- Set runtime path of "/home/nicxe/ros2_ws/install/crazyflie/lib/crazyflie/teleop" to ""
[31.854s] -- Installing: /home/nicxe/ros2_ws/install/crazyflie/lib/crazyflie/crazyflie_server
[31.860s] -- Set runtime path of "/home/nicxe/ros2_ws/install/crazyflie/lib/crazyflie/crazyflie_server" to ""
[31.861s] -- Installing: /home/nicxe/ros2_ws/install/crazyflie/lib/crazyflie/crazyflie_server.py
[31.861s] -- Installing: /home/nicxe/ros2_ws/install/crazyflie/lib/crazyflie/chooser.py
[31.861s] -- Installing: /home/nicxe/ros2_ws/install/crazyflie/lib/crazyflie/vel_mux.py
[31.861s] -- Installing: /home/nicxe/ros2_ws/install/crazyflie/lib/crazyflie/cfmult.py
[31.861s] -- Installing: /home/nicxe/ros2_ws/install/crazyflie/share/crazyflie//launch
[31.861s] -- Installing: /home/nicxe/ros2_ws/install/crazyflie/share/crazyflie//launch/teleop_launch.py
[31.861s] -- Installing: /home/nicxe/ros2_ws/install/crazyflie/share/crazyflie//launch/launch.py
[31.861s] -- Installing: /home/nicxe/ros2_ws/install/crazyflie/share/crazyflie//launch/launch_teleop2.py
[31.861s] -- Installing: /home/nicxe/ros2_ws/install/crazyflie/share/crazyflie//config
[31.861s] -- Installing: /home/nicxe/ros2_ws/install/crazyflie/share/crazyflie//config/teleop.yaml
[31.861s] -- Installing: /home/nicxe/ros2_ws/install/crazyflie/share/crazyflie//config/motion_capture.yaml
[31.861s] -- Installing: /home/nicxe/ros2_ws/install/crazyflie/share/crazyflie//config/crazyflies.yaml
[31.861s] -- Installing: /home/nicxe/ros2_ws/install/crazyflie/share/crazyflie//config/server.yaml
[31.861s] -- Installing: /home/nicxe/ros2_ws/install/crazyflie/share/crazyflie//config/config.rviz
[31.861s] -- Installing: /home/nicxe/ros2_ws/install/crazyflie/share/ament_index/resource_index/package_run_dependencies/crazyflie
[31.861s] -- Installing: /home/nicxe/ros2_ws/install/crazyflie/share/ament_index/resource_index/parent_prefix_path/crazyflie
[31.862s] -- Installing: /home/nicxe/ros2_ws/install/crazyflie/share/crazyflie/environment/ament_prefix_path.sh
[31.862s] -- Installing: /home/nicxe/ros2_ws/install/crazyflie/share/crazyflie/environment/ament_prefix_path.dsv
[31.862s] -- Installing: /home/nicxe/ros2_ws/install/crazyflie/share/crazyflie/environment/path.sh
[31.862s] -- Installing: /home/nicxe/ros2_ws/install/crazyflie/share/crazyflie/environment/path.dsv
[31.862s] -- Installing: /home/nicxe/ros2_ws/install/crazyflie/share/crazyflie/local_setup.bash
[31.862s] -- Installing: /home/nicxe/ros2_ws/install/crazyflie/share/crazyflie/local_setup.sh
[31.862s] -- Installing: /home/nicxe/ros2_ws/install/crazyflie/share/crazyflie/local_setup.zsh
[31.862s] -- Installing: /home/nicxe/ros2_ws/install/crazyflie/share/crazyflie/local_setup.dsv
[31.862s] -- Installing: /home/nicxe/ros2_ws/install/crazyflie/share/crazyflie/package.dsv
[31.862s] -- Installing: /home/nicxe/ros2_ws/install/crazyflie/share/ament_index/resource_index/packages/crazyflie
[31.862s] -- Installing: /home/nicxe/ros2_ws/install/crazyflie/share/crazyflie/cmake/crazyflieConfig.cmake
[31.862s] -- Installing: /home/nicxe/ros2_ws/install/crazyflie/share/crazyflie/cmake/crazyflieConfig-version.cmake
[31.862s] -- Installing: /home/nicxe/ros2_ws/install/crazyflie/share/crazyflie/package.xml
[31.866s] Invoked command in '/home/nicxe/ros2_ws/build/crazyflie' returned '0': CMAKE_PREFIX_PATH=/home/nicxe/ros2_ws/install/motion_capture_tracking_interfaces:/home/nicxe/ros2_ws/install/crazyflie_interfaces:/home/nicxe/ros2_ws/install/motion_capture_tracking:/home/nicxe/ros2_ws/install/crazyflie:/home/nicxe/ros2_ws/install/crazyflie_sim:/home/nicxe/ros2_ws/install/crazyflie_ros2_slam:/home/nicxe/ros2_ws/install/crazyflie_ros2_navigation:/home/nicxe/ros2_ws/install/crazyflie_ros2_interfaces:/home/nicxe/ros2_ws/install/crazyflie_ros2_description:/home/nicxe/ros2_ws/install/crazyflie_examples:/home/nicxe/ros2_ws/install/my_package:/home/nicxe/ros2_ws/install/crazyflie_simulation:/home/nicxe/ros2_ws/install/crazyflie_ros2_simulation:/home/nicxe/ros2_ws/install/crazyflie_ros2_simple_mapper:/home/nicxe/ros2_ws/install/crazyflie_ros2_scan:/home/nicxe/ros2_ws/install/crazyflie_ros2:/home/nicxe/ros2_ws/install/crazyflie_py:/opt/ros/galactic LD_LIBRARY_PATH=/home/nicxe/ros2_ws/install/motion_capture_tracking_interfaces/lib:/home/nicxe/ros2_ws/install/crazyflie_interfaces/lib:/home/nicxe/ros2_ws/install/crazyflie_ros2_interfaces/lib:/opt/ros/galactic/opt/yaml_cpp_vendor/lib:/opt/ros/galactic/opt/rviz_ogre_vendor/lib:/opt/ros/galactic/lib/x86_64-linux-gnu:/opt/ros/galactic/lib PYTHONPATH=/home/nicxe/ros2_ws/install/motion_capture_tracking_interfaces/lib/python3.8/site-packages:/home/nicxe/ros2_ws/install/crazyflie_interfaces/lib/python3.8/site-packages:/home/nicxe/CS_SITP/crazyflie-firmware/build:/home/nicxe/ros2_ws/install/my_package/lib/python3.8/site-packages:/home/nicxe/ros2_ws/install/crazyflie_simulation/lib/python3.8/site-packages:/home/nicxe/ros2_ws/install/crazyflie_sim/lib/python3.8/site-packages:/home/nicxe/ros2_ws/install/crazyflie_ros2_simulation/lib/python3.8/site-packages:/home/nicxe/ros2_ws/install/crazyflie_ros2_simple_mapper/lib/python3.8/site-packages:/home/nicxe/ros2_ws/install/crazyflie_ros2_scan/lib/python3.8/site-packages:/home/nicxe/ros2_ws/install/crazyflie_ros2_interfaces/lib/python3.8/site-packages:/home/nicxe/ros2_ws/install/crazyflie_ros2/lib/python3.8/site-packages:/home/nicxe/ros2_ws/install/crazyflie_examples/lib/python3.8/site-packages:/home/nicxe/ros2_ws/install/crazyflie_py/lib/python3.8/site-packages:/opt/ros/galactic/lib/python3.8/site-packages /usr/bin/cmake --install /home/nicxe/ros2_ws/build/crazyflie
