[0.274s] Invoking command in '/home/tdeng23/ros2_ws/src/crazyswarm2/build/crazyflie_ros2_description': CMAKE_PREFIX_PATH=/opt/ros/galactic /home/tdeng23/.local/bin/cmake /home/tdeng23/ros2_ws/src/crazyswarm2/crazyflie_ros2_description -DCMAKE_INSTALL_PREFIX=/home/tdeng23/ros2_ws/src/crazyswarm2/install/crazyflie_ros2_description
[0.998s] -- The C compiler identification is GNU 9.4.0
[1.001s] -- The CXX compiler identification is GNU 9.4.0
[1.001s] -- Detecting C compiler ABI info
[1.001s] -- Detecting C compiler ABI info - done
[1.001s] -- Check for working C compiler: /usr/bin/cc - skipped
[1.002s] -- Detecting C compile features
[1.002s] -- Detecting C compile features - done
[1.002s] -- Detecting CXX compiler ABI info
[1.002s] -- Detecting CXX compiler ABI info - done
[1.002s] -- Check for working CXX compiler: /usr/bin/c++ - skipped
[1.002s] -- Detecting CXX compile features
[1.002s] -- Detecting CXX compile features - done
[1.002s] -- Found ament_cmake: 1.1.6 (/opt/ros/galactic/share/ament_cmake/cmake)
[1.003s] -- Found PythonInterp: /usr/bin/python3 (found suitable version "3.8.10", minimum required is "3") 
[1.003s] -- Using PYTHON_EXECUTABLE: /usr/bin/python3
[1.003s] -- Found ament_lint_auto: 0.10.7 (/opt/ros/galactic/share/ament_lint_auto/cmake)
[1.003s] -- Added test 'copyright' to check source files copyright and LICENSE
[1.003s] -- Added test 'flake8' to check Python code syntax and style conventions
[1.003s] -- Added test 'lint_cmake' to check CMake code style
[1.003s] -- Added test 'pep257' to check Python code against some of the style conventions in PEP 257
[1.003s] -- Added test 'xmllint' to check XML markup files
[1.003s] -- Configuring done (0.4s)
[1.003s] -- Generating done (0.0s)
[1.003s] -- Build files have been written to: /home/tdeng23/ros2_ws/src/crazyswarm2/build/crazyflie_ros2_description
[1.009s] Invoked command in '/home/tdeng23/ros2_ws/src/crazyswarm2/build/crazyflie_ros2_description' returned '0': CMAKE_PREFIX_PATH=/opt/ros/galactic /home/tdeng23/.local/bin/cmake /home/tdeng23/ros2_ws/src/crazyswarm2/crazyflie_ros2_description -DCMAKE_INSTALL_PREFIX=/home/tdeng23/ros2_ws/src/crazyswarm2/install/crazyflie_ros2_description
[1.011s] Invoking command in '/home/tdeng23/ros2_ws/src/crazyswarm2/build/crazyflie_ros2_description': CMAKE_PREFIX_PATH=/opt/ros/galactic /home/tdeng23/.local/bin/cmake --build /home/tdeng23/ros2_ws/src/crazyswarm2/build/crazyflie_ros2_description -- -j8 -l8
[1.048s] Invoked command in '/home/tdeng23/ros2_ws/src/crazyswarm2/build/crazyflie_ros2_description' returned '0': CMAKE_PREFIX_PATH=/opt/ros/galactic /home/tdeng23/.local/bin/cmake --build /home/tdeng23/ros2_ws/src/crazyswarm2/build/crazyflie_ros2_description -- -j8 -l8
[1.166s] Invoking command in '/home/tdeng23/ros2_ws/src/crazyswarm2/build/crazyflie_ros2_description': CMAKE_PREFIX_PATH=/opt/ros/galactic /home/tdeng23/.local/bin/cmake --install /home/tdeng23/ros2_ws/src/crazyswarm2/build/crazyflie_ros2_description
[1.223s] -- Install configuration: ""
[1.224s] -- Installing: /home/tdeng23/ros2_ws/src/crazyswarm2/install/crazyflie_ros2_description/share/crazyflie_ros2_description/launch
[1.224s] -- Installing: /home/tdeng23/ros2_ws/src/crazyswarm2/install/crazyflie_ros2_description/share/crazyflie_ros2_description/launch/rviz_launch.py
[1.224s] -- Installing: /home/tdeng23/ros2_ws/src/crazyswarm2/install/crazyflie_ros2_description/share/crazyflie_ros2_description/urdf
[1.224s] -- Installing: /home/tdeng23/ros2_ws/src/crazyswarm2/install/crazyflie_ros2_description/share/crazyflie_ros2_description/urdf/crazyflie_description.urdf
[1.224s] -- Installing: /home/tdeng23/ros2_ws/src/crazyswarm2/install/crazyflie_ros2_description/share/crazyflie_ros2_description/rviz
[1.224s] -- Installing: /home/tdeng23/ros2_ws/src/crazyswarm2/install/crazyflie_ros2_description/share/crazyflie_ros2_description/rviz/crazyflie.rviz
[1.225s] -- Installing: /home/tdeng23/ros2_ws/src/crazyswarm2/install/crazyflie_ros2_description/share/crazyflie_ros2_description/meshes
[1.225s] -- Installing: /home/tdeng23/ros2_ws/src/crazyswarm2/install/crazyflie_ros2_description/share/crazyflie_ros2_description/meshes/cw_prop.dae
[1.225s] -- Installing: /home/tdeng23/ros2_ws/src/crazyswarm2/install/crazyflie_ros2_description/share/crazyflie_ros2_description/meshes/ccw_prop.dae
[1.225s] -- Installing: /home/tdeng23/ros2_ws/src/crazyswarm2/install/crazyflie_ros2_description/share/crazyflie_ros2_description/meshes/cf2_assembly.dae
[1.225s] -- Installing: /home/tdeng23/ros2_ws/src/crazyswarm2/install/crazyflie_ros2_description/share/crazyflie_ros2_description/meshes/cf2_assembly.stl
[1.225s] -- Installing: /home/tdeng23/ros2_ws/src/crazyswarm2/install/crazyflie_ros2_description/share/ament_index/resource_index/package_run_dependencies/crazyflie_ros2_description
[1.225s] -- Installing: /home/tdeng23/ros2_ws/src/crazyswarm2/install/crazyflie_ros2_description/share/ament_index/resource_index/parent_prefix_path/crazyflie_ros2_description
[1.225s] -- Installing: /home/tdeng23/ros2_ws/src/crazyswarm2/install/crazyflie_ros2_description/share/crazyflie_ros2_description/environment/ament_prefix_path.sh
[1.225s] -- Installing: /home/tdeng23/ros2_ws/src/crazyswarm2/install/crazyflie_ros2_description/share/crazyflie_ros2_description/environment/ament_prefix_path.dsv
[1.225s] -- Installing: /home/tdeng23/ros2_ws/src/crazyswarm2/install/crazyflie_ros2_description/share/crazyflie_ros2_description/environment/path.sh
[1.226s] -- Installing: /home/tdeng23/ros2_ws/src/crazyswarm2/install/crazyflie_ros2_description/share/crazyflie_ros2_description/environment/path.dsv
[1.226s] -- Installing: /home/tdeng23/ros2_ws/src/crazyswarm2/install/crazyflie_ros2_description/share/crazyflie_ros2_description/local_setup.bash
[1.226s] -- Installing: /home/tdeng23/ros2_ws/src/crazyswarm2/install/crazyflie_ros2_description/share/crazyflie_ros2_description/local_setup.sh
[1.226s] -- Installing: /home/tdeng23/ros2_ws/src/crazyswarm2/install/crazyflie_ros2_description/share/crazyflie_ros2_description/local_setup.zsh
[1.226s] -- Installing: /home/tdeng23/ros2_ws/src/crazyswarm2/install/crazyflie_ros2_description/share/crazyflie_ros2_description/local_setup.dsv
[1.226s] -- Installing: /home/tdeng23/ros2_ws/src/crazyswarm2/install/crazyflie_ros2_description/share/crazyflie_ros2_description/package.dsv
[1.226s] -- Installing: /home/tdeng23/ros2_ws/src/crazyswarm2/install/crazyflie_ros2_description/share/ament_index/resource_index/packages/crazyflie_ros2_description
[1.226s] -- Installing: /home/tdeng23/ros2_ws/src/crazyswarm2/install/crazyflie_ros2_description/share/crazyflie_ros2_description/cmake/crazyflie_ros2_descriptionConfig.cmake
[1.226s] -- Installing: /home/tdeng23/ros2_ws/src/crazyswarm2/install/crazyflie_ros2_description/share/crazyflie_ros2_description/cmake/crazyflie_ros2_descriptionConfig-version.cmake
[1.226s] -- Installing: /home/tdeng23/ros2_ws/src/crazyswarm2/install/crazyflie_ros2_description/share/crazyflie_ros2_description/package.xml
[1.237s] Invoked command in '/home/tdeng23/ros2_ws/src/crazyswarm2/build/crazyflie_ros2_description' returned '0': CMAKE_PREFIX_PATH=/opt/ros/galactic /home/tdeng23/.local/bin/cmake --install /home/tdeng23/ros2_ws/src/crazyswarm2/build/crazyflie_ros2_description
