[0.087s] Invoking command in '/home/tdeng23/ros2_ws/src/build/motion_capture_tracking_interfaces': CMAKE_PREFIX_PATH=${CMAKE_PREFIX_PATH}:/home/tdeng23/ros2_ws/install/my_package:/home/tdeng23/ros2_ws/install/crazyflie_simulation:/home/tdeng23/ros2_ws/install/crazyflie_ros2_simulation:/home/tdeng23/ros2_ws/install/crazyflie_ros2_simple_mapper:/home/tdeng23/ros2_ws/install/crazyflie_ros2_scan:/home/tdeng23/ros2_ws/install/crazyflie_ros2:/home/tdeng23/ros2_ws/install/crazyflie_py:/opt/ros/galactic /home/tdeng23/.local/bin/cmake /home/tdeng23/ros2_ws/src/motion_capture_tracking/motion_capture_tracking_interfaces -DAMENT_CMAKE_SYMLINK_INSTALL=1 -DCMAKE_INSTALL_PREFIX=/home/tdeng23/ros2_ws/src/install/motion_capture_tracking_interfaces
[1.200s] -- The C compiler identification is GNU 9.4.0
[1.201s] -- The CXX compiler identification is GNU 9.4.0
[1.202s] -- Detecting C compiler ABI info
[1.202s] -- Detecting C compiler ABI info - done
[1.202s] -- Check for working C compiler: /usr/bin/cc - skipped
[1.202s] -- Detecting C compile features
[1.203s] -- Detecting C compile features - done
[1.203s] -- Detecting CXX compiler ABI info
[1.203s] -- Detecting CXX compiler ABI info - done
[1.203s] -- Check for working CXX compiler: /usr/bin/c++ - skipped
[1.203s] -- Detecting CXX compile features
[1.203s] -- Detecting CXX compile features - done
[1.203s] -- Found ament_cmake: 1.1.6 (/opt/ros/galactic/share/ament_cmake/cmake)
[1.203s] -- Found PythonInterp: /usr/bin/python3 (found suitable version "3.8.10", minimum required is "3") 
[1.203s] -- Using PYTHON_EXECUTABLE: /usr/bin/python3
[1.203s] -- Override CMake install command with custom implementation using symlinks instead of copying resources
[1.204s] -- Found builtin_interfaces: 1.0.3 (/opt/ros/galactic/share/builtin_interfaces/cmake)
[1.204s] -- Using all available rosidl_typesupport_c: rosidl_typesupport_fastrtps_c;rosidl_typesupport_introspection_c
[1.204s] -- Found rosidl_adapter: 2.2.3 (/opt/ros/galactic/share/rosidl_adapter/cmake)
[1.204s] -- Found OpenSSL: /usr/lib/x86_64-linux-gnu/libcrypto.so (found version "1.1.1f")  
[1.204s] -- Found FastRTPS: /opt/ros/galactic/include  
[1.204s] -- Using all available rosidl_typesupport_cpp: rosidl_typesupport_fastrtps_cpp;rosidl_typesupport_introspection_cpp
[1.204s] -- Found geometry_msgs: 2.2.4 (/opt/ros/galactic/share/geometry_msgs/cmake)
[1.204s] -- Found rosidl_default_generators: 1.1.1 (/opt/ros/galactic/share/rosidl_default_generators/cmake)
[1.205s] -- Found PythonInterp: /usr/bin/python3 (found version "3.8.10") 
[1.340s] -- Found ament_cmake_cppcheck: 0.10.7 (/opt/ros/galactic/share/ament_cmake_cppcheck/cmake)
[1.345s] -- Found ament_cmake_cpplint: 0.10.7 (/opt/ros/galactic/share/ament_cmake_cpplint/cmake)
[1.351s] -- Found ament_cmake_uncrustify: 0.10.7 (/opt/ros/galactic/share/ament_cmake_uncrustify/cmake)
[1.358s] -- Found ament_cmake_ros: 0.9.2 (/opt/ros/galactic/share/ament_cmake_ros/cmake)
[1.876s] -- Using all available rosidl_typesupport_c: rosidl_typesupport_fastrtps_c;rosidl_typesupport_introspection_c
[2.075s] -- Using all available rosidl_typesupport_cpp: rosidl_typesupport_fastrtps_cpp;rosidl_typesupport_introspection_cpp
[2.120s] -- Found PythonInterp: /usr/bin/python3 (found suitable version "3.8.10", minimum required is "3.5") 
[2.123s] -- Found python_cmake_module: 0.8.1 (/opt/ros/galactic/share/python_cmake_module/cmake)
[2.169s] -- Found PythonLibs: /usr/lib/x86_64-linux-gnu/libpython3.8.so (found suitable version "3.8.10", minimum required is "3.5") 
[2.169s] -- Using PYTHON_EXECUTABLE: /usr/bin/python3
[2.169s] -- Using PYTHON_INCLUDE_DIRS: /usr/include/python3.8
[2.169s] -- Using PYTHON_LIBRARIES: /usr/lib/x86_64-linux-gnu/libpython3.8.so
[2.207s] -- Found PythonExtra: .so  
[2.397s] -- Found ament_cmake_flake8: 0.10.7 (/opt/ros/galactic/share/ament_cmake_flake8/cmake)
[2.402s] -- Found ament_cmake_pep257: 0.10.7 (/opt/ros/galactic/share/ament_cmake_pep257/cmake)
[2.423s] -- Configuring done (2.3s)
[2.510s] -- Generating done (0.1s)
[2.515s] -- Build files have been written to: /home/tdeng23/ros2_ws/src/build/motion_capture_tracking_interfaces
[2.539s] Invoked command in '/home/tdeng23/ros2_ws/src/build/motion_capture_tracking_interfaces' returned '0': CMAKE_PREFIX_PATH=${CMAKE_PREFIX_PATH}:/home/tdeng23/ros2_ws/install/my_package:/home/tdeng23/ros2_ws/install/crazyflie_simulation:/home/tdeng23/ros2_ws/install/crazyflie_ros2_simulation:/home/tdeng23/ros2_ws/install/crazyflie_ros2_simple_mapper:/home/tdeng23/ros2_ws/install/crazyflie_ros2_scan:/home/tdeng23/ros2_ws/install/crazyflie_ros2:/home/tdeng23/ros2_ws/install/crazyflie_py:/opt/ros/galactic /home/tdeng23/.local/bin/cmake /home/tdeng23/ros2_ws/src/motion_capture_tracking/motion_capture_tracking_interfaces -DAMENT_CMAKE_SYMLINK_INSTALL=1 -DCMAKE_INSTALL_PREFIX=/home/tdeng23/ros2_ws/src/install/motion_capture_tracking_interfaces
[2.540s] Invoking command in '/home/tdeng23/ros2_ws/src/build/motion_capture_tracking_interfaces': CMAKE_PREFIX_PATH=${CMAKE_PREFIX_PATH}:/home/tdeng23/ros2_ws/install/my_package:/home/tdeng23/ros2_ws/install/crazyflie_simulation:/home/tdeng23/ros2_ws/install/crazyflie_ros2_simulation:/home/tdeng23/ros2_ws/install/crazyflie_ros2_simple_mapper:/home/tdeng23/ros2_ws/install/crazyflie_ros2_scan:/home/tdeng23/ros2_ws/install/crazyflie_ros2:/home/tdeng23/ros2_ws/install/crazyflie_py:/opt/ros/galactic /home/tdeng23/.local/bin/cmake --build /home/tdeng23/ros2_ws/src/build/motion_capture_tracking_interfaces -- -j8 -l8
[2.639s] [  2%] [34m[1mGenerating C code for ROS interfaces[0m
[2.643s] [  5%] [34m[1mGenerating C++ code for ROS interfaces[0m
[3.405s] [  7%] [32mBuilding C object CMakeFiles/motion_capture_tracking_interfaces__rosidl_generator_c.dir/rosidl_generator_c/motion_capture_tracking_interfaces/msg/detail/named_pose__functions.c.o[0m
[3.410s] [ 10%] [32mBuilding C object CMakeFiles/motion_capture_tracking_interfaces__rosidl_generator_c.dir/rosidl_generator_c/motion_capture_tracking_interfaces/msg/detail/named_pose_array__functions.c.o[0m
[3.428s] [ 10%] Built target motion_capture_tracking_interfaces__cpp
[3.472s] [ 12%] [34m[1mGenerating C++ type support for eProsima Fast-RTPS[0m
[3.475s] [ 15%] [34m[1mGenerating C++ type support dispatch for ROS interfaces[0m
[3.491s] [ 17%] [34m[1mGenerating C++ introspection for ROS interfaces[0m
[3.555s] [ 20%] [32m[1mLinking C shared library libmotion_capture_tracking_interfaces__rosidl_generator_c.so[0m
[3.621s] [ 20%] Built target motion_capture_tracking_interfaces__rosidl_generator_c
[3.630s] [ 23%] [34m[1mGenerating C introspection for ROS interfaces[0m
[3.656s] [ 25%] [34m[1mGenerating C type support dispatch for ROS interfaces[0m
[4.171s] [ 28%] [32mBuilding CXX object CMakeFiles/motion_capture_tracking_interfaces__rosidl_typesupport_cpp.dir/rosidl_typesupport_cpp/motion_capture_tracking_interfaces/msg/named_pose__type_support.cpp.o[0m
[4.190s] [ 30%] [32mBuilding CXX object CMakeFiles/motion_capture_tracking_interfaces__rosidl_typesupport_cpp.dir/rosidl_typesupport_cpp/motion_capture_tracking_interfaces/msg/named_pose_array__type_support.cpp.o[0m
[4.373s] [ 33%] [32mBuilding CXX object CMakeFiles/motion_capture_tracking_interfaces__rosidl_typesupport_introspection_cpp.dir/rosidl_typesupport_introspection_cpp/motion_capture_tracking_interfaces/msg/detail/named_pose__type_support.cpp.o[0m
[4.410s] [ 35%] [32mBuilding CXX object CMakeFiles/motion_capture_tracking_interfaces__rosidl_typesupport_introspection_cpp.dir/rosidl_typesupport_introspection_cpp/motion_capture_tracking_interfaces/msg/detail/named_pose_array__type_support.cpp.o[0m
[4.472s] [ 38%] [32mBuilding CXX object CMakeFiles/motion_capture_tracking_interfaces__rosidl_typesupport_c.dir/rosidl_typesupport_c/motion_capture_tracking_interfaces/msg/named_pose__type_support.cpp.o[0m
[4.479s] [ 41%] [32mBuilding CXX object CMakeFiles/motion_capture_tracking_interfaces__rosidl_typesupport_c.dir/rosidl_typesupport_c/motion_capture_tracking_interfaces/msg/named_pose_array__type_support.cpp.o[0m
[4.483s] [ 43%] [32mBuilding CXX object CMakeFiles/motion_capture_tracking_interfaces__rosidl_typesupport_fastrtps_cpp.dir/rosidl_typesupport_fastrtps_cpp/motion_capture_tracking_interfaces/msg/detail/dds_fastrtps/named_pose__type_support.cpp.o[0m
[4.507s] [ 46%] [32mBuilding C object CMakeFiles/motion_capture_tracking_interfaces__rosidl_typesupport_introspection_c.dir/rosidl_typesupport_introspection_c/motion_capture_tracking_interfaces/msg/detail/named_pose__type_support.c.o[0m
[4.623s] [ 48%] [32mBuilding C object CMakeFiles/motion_capture_tracking_interfaces__rosidl_typesupport_introspection_c.dir/rosidl_typesupport_introspection_c/motion_capture_tracking_interfaces/msg/detail/named_pose_array__type_support.c.o[0m
[4.651s] [ 51%] [32mBuilding CXX object CMakeFiles/motion_capture_tracking_interfaces__rosidl_typesupport_fastrtps_cpp.dir/rosidl_typesupport_fastrtps_cpp/motion_capture_tracking_interfaces/msg/detail/dds_fastrtps/named_pose_array__type_support.cpp.o[0m
[4.683s] [ 53%] [32m[1mLinking CXX shared library libmotion_capture_tracking_interfaces__rosidl_typesupport_c.so[0m
[4.795s] [ 56%] [32m[1mLinking C shared library libmotion_capture_tracking_interfaces__rosidl_typesupport_introspection_c.so[0m
[4.935s] [ 56%] Built target motion_capture_tracking_interfaces__rosidl_typesupport_c
[4.963s] [ 56%] Built target motion_capture_tracking_interfaces__rosidl_typesupport_introspection_c
[5.091s] [ 58%] [32m[1mLinking CXX shared library libmotion_capture_tracking_interfaces__rosidl_typesupport_cpp.so[0m
[5.312s] [ 58%] Built target motion_capture_tracking_interfaces__rosidl_typesupport_cpp
[5.372s] [ 61%] [32m[1mLinking CXX shared library libmotion_capture_tracking_interfaces__rosidl_typesupport_introspection_cpp.so[0m
[5.491s] [ 61%] Built target motion_capture_tracking_interfaces__rosidl_typesupport_introspection_cpp
[5.867s] [ 64%] [32m[1mLinking CXX shared library libmotion_capture_tracking_interfaces__rosidl_typesupport_fastrtps_cpp.so[0m
[6.036s] [ 64%] Built target motion_capture_tracking_interfaces__rosidl_typesupport_fastrtps_cpp
[6.048s] [ 66%] [34m[1mGenerating C type support for eProsima Fast-RTPS[0m
[6.545s] [ 69%] [32mBuilding CXX object CMakeFiles/motion_capture_tracking_interfaces__rosidl_typesupport_fastrtps_c.dir/rosidl_typesupport_fastrtps_c/motion_capture_tracking_interfaces/msg/detail/named_pose_array__type_support_c.cpp.o[0m
[6.548s] [ 71%] [32mBuilding CXX object CMakeFiles/motion_capture_tracking_interfaces__rosidl_typesupport_fastrtps_c.dir/rosidl_typesupport_fastrtps_c/motion_capture_tracking_interfaces/msg/detail/named_pose__type_support_c.cpp.o[0m
[7.354s] [ 74%] [32m[1mLinking CXX shared library libmotion_capture_tracking_interfaces__rosidl_typesupport_fastrtps_c.so[0m
[7.553s] [ 74%] Built target motion_capture_tracking_interfaces__rosidl_typesupport_fastrtps_c
[7.576s] [ 74%] Built target motion_capture_tracking_interfaces
[7.603s] [ 76%] [34m[1mGenerating Python code for ROS interfaces[0m
[8.915s] [ 76%] Built target motion_capture_tracking_interfaces__py
[8.930s] [ 79%] [32mBuilding C object CMakeFiles/motion_capture_tracking_interfaces__python.dir/rosidl_generator_py/motion_capture_tracking_interfaces/msg/_named_pose_array_s.c.o[0m
[8.943s] [ 82%] [32mBuilding C object CMakeFiles/motion_capture_tracking_interfaces__python.dir/rosidl_generator_py/motion_capture_tracking_interfaces/msg/_named_pose_s.c.o[0m
[9.219s] [ 84%] [32m[1mLinking C shared library rosidl_generator_py/motion_capture_tracking_interfaces/libmotion_capture_tracking_interfaces__python.so[0m
[9.382s] [ 84%] Built target motion_capture_tracking_interfaces__python
[9.503s] [ 87%] [32mBuilding C object CMakeFiles/motion_capture_tracking_interfaces__rosidl_typesupport_fastrtps_c__pyext.dir/rosidl_generator_py/motion_capture_tracking_interfaces/_motion_capture_tracking_interfaces_s.ep.rosidl_typesupport_fastrtps_c.c.o[0m
[9.507s] [ 89%] [32mBuilding C object CMakeFiles/motion_capture_tracking_interfaces__rosidl_typesupport_introspection_c__pyext.dir/rosidl_generator_py/motion_capture_tracking_interfaces/_motion_capture_tracking_interfaces_s.ep.rosidl_typesupport_introspection_c.c.o[0m
[9.535s] [ 92%] [32mBuilding C object CMakeFiles/motion_capture_tracking_interfaces__rosidl_typesupport_c__pyext.dir/rosidl_generator_py/motion_capture_tracking_interfaces/_motion_capture_tracking_interfaces_s.ep.rosidl_typesupport_c.c.o[0m
[9.723s] [ 94%] [32m[1mLinking C shared library rosidl_generator_py/motion_capture_tracking_interfaces/motion_capture_tracking_interfaces_s__rosidl_typesupport_c.cpython-38-x86_64-linux-gnu.so[0m
[9.813s] [ 97%] [32m[1mLinking CXX shared library rosidl_generator_py/motion_capture_tracking_interfaces/motion_capture_tracking_interfaces_s__rosidl_typesupport_fastrtps_c.cpython-38-x86_64-linux-gnu.so[0m
[9.813s] [ 97%] Built target motion_capture_tracking_interfaces__rosidl_typesupport_c__pyext
[9.818s] [100%] [32m[1mLinking C shared library rosidl_generator_py/motion_capture_tracking_interfaces/motion_capture_tracking_interfaces_s__rosidl_typesupport_introspection_c.cpython-38-x86_64-linux-gnu.so[0m
[9.908s] [100%] Built target motion_capture_tracking_interfaces__rosidl_typesupport_fastrtps_c__pyext
[9.951s] [100%] Built target motion_capture_tracking_interfaces__rosidl_typesupport_introspection_c__pyext
[9.976s] Invoked command in '/home/tdeng23/ros2_ws/src/build/motion_capture_tracking_interfaces' returned '0': CMAKE_PREFIX_PATH=${CMAKE_PREFIX_PATH}:/home/tdeng23/ros2_ws/install/my_package:/home/tdeng23/ros2_ws/install/crazyflie_simulation:/home/tdeng23/ros2_ws/install/crazyflie_ros2_simulation:/home/tdeng23/ros2_ws/install/crazyflie_ros2_simple_mapper:/home/tdeng23/ros2_ws/install/crazyflie_ros2_scan:/home/tdeng23/ros2_ws/install/crazyflie_ros2:/home/tdeng23/ros2_ws/install/crazyflie_py:/opt/ros/galactic /home/tdeng23/.local/bin/cmake --build /home/tdeng23/ros2_ws/src/build/motion_capture_tracking_interfaces -- -j8 -l8
[10.515s] Invoking command in '/home/tdeng23/ros2_ws/src/build/motion_capture_tracking_interfaces': CMAKE_PREFIX_PATH=${CMAKE_PREFIX_PATH}:/home/tdeng23/ros2_ws/install/my_package:/home/tdeng23/ros2_ws/install/crazyflie_simulation:/home/tdeng23/ros2_ws/install/crazyflie_ros2_simulation:/home/tdeng23/ros2_ws/install/crazyflie_ros2_simple_mapper:/home/tdeng23/ros2_ws/install/crazyflie_ros2_scan:/home/tdeng23/ros2_ws/install/crazyflie_ros2:/home/tdeng23/ros2_ws/install/crazyflie_py:/opt/ros/galactic /home/tdeng23/.local/bin/cmake --install /home/tdeng23/ros2_ws/src/build/motion_capture_tracking_interfaces
[10.594s] -- Install configuration: ""
[10.595s] -- Execute custom install script
[10.595s] -- Symlinking: /home/tdeng23/ros2_ws/src/install/motion_capture_tracking_interfaces/share/ament_index/resource_index/rosidl_interfaces/motion_capture_tracking_interfaces
[10.600s] -- Symlinking: /home/tdeng23/ros2_ws/src/install/motion_capture_tracking_interfaces/include/motion_capture_tracking_interfaces/msg/detail/named_pose__functions.h
[10.608s] -- Symlinking: /home/tdeng23/ros2_ws/src/install/motion_capture_tracking_interfaces/include/motion_capture_tracking_interfaces/msg/detail/named_pose__struct.h
[10.612s] -- Symlinking: /home/tdeng23/ros2_ws/src/install/motion_capture_tracking_interfaces/include/motion_capture_tracking_interfaces/msg/detail/named_pose__type_support.h
[10.634s] -- Symlinking: /home/tdeng23/ros2_ws/src/install/motion_capture_tracking_interfaces/include/motion_capture_tracking_interfaces/msg/detail/named_pose_array__functions.h
[10.642s] -- Symlinking: /home/tdeng23/ros2_ws/src/install/motion_capture_tracking_interfaces/include/motion_capture_tracking_interfaces/msg/detail/named_pose_array__struct.h
[10.646s] -- Symlinking: /home/tdeng23/ros2_ws/src/install/motion_capture_tracking_interfaces/include/motion_capture_tracking_interfaces/msg/detail/named_pose_array__type_support.h
[10.652s] -- Symlinking: /home/tdeng23/ros2_ws/src/install/motion_capture_tracking_interfaces/include/motion_capture_tracking_interfaces/msg/named_pose.h
[10.668s] -- Symlinking: /home/tdeng23/ros2_ws/src/install/motion_capture_tracking_interfaces/include/motion_capture_tracking_interfaces/msg/named_pose_array.h
[10.684s] -- Symlinking: /home/tdeng23/ros2_ws/src/install/motion_capture_tracking_interfaces/include/motion_capture_tracking_interfaces/msg/rosidl_generator_c__visibility_control.h
[10.691s] -- Symlinking: /home/tdeng23/ros2_ws/src/install/motion_capture_tracking_interfaces/share/motion_capture_tracking_interfaces/environment/library_path.sh
[10.707s] -- Symlinking: /home/tdeng23/ros2_ws/src/install/motion_capture_tracking_interfaces/share/motion_capture_tracking_interfaces/environment/library_path.dsv
[10.721s] -- Symlinking: /home/tdeng23/ros2_ws/src/install/motion_capture_tracking_interfaces/include/motion_capture_tracking_interfaces/msg/detail/named_pose__rosidl_typesupport_fastrtps_c.h
[10.728s] -- Symlinking: /home/tdeng23/ros2_ws/src/install/motion_capture_tracking_interfaces/include/motion_capture_tracking_interfaces/msg/detail/named_pose_array__rosidl_typesupport_fastrtps_c.h
[10.743s] -- Symlinking: /home/tdeng23/ros2_ws/src/install/motion_capture_tracking_interfaces/include/motion_capture_tracking_interfaces/msg/rosidl_typesupport_fastrtps_c__visibility_control.h
[10.749s] -- Symlinking: /home/tdeng23/ros2_ws/src/install/motion_capture_tracking_interfaces/lib/libmotion_capture_tracking_interfaces__rosidl_typesupport_fastrtps_c.so
[10.753s] -- Symlinking: /home/tdeng23/ros2_ws/src/install/motion_capture_tracking_interfaces/include/motion_capture_tracking_interfaces/msg/detail/named_pose__rosidl_typesupport_fastrtps_cpp.hpp
[10.764s] -- Symlinking: /home/tdeng23/ros2_ws/src/install/motion_capture_tracking_interfaces/include/motion_capture_tracking_interfaces/msg/detail/named_pose_array__rosidl_typesupport_fastrtps_cpp.hpp
[10.770s] -- Symlinking: /home/tdeng23/ros2_ws/src/install/motion_capture_tracking_interfaces/include/motion_capture_tracking_interfaces/msg/rosidl_typesupport_fastrtps_cpp__visibility_control.h
[10.774s] -- Symlinking: /home/tdeng23/ros2_ws/src/install/motion_capture_tracking_interfaces/lib/libmotion_capture_tracking_interfaces__rosidl_typesupport_fastrtps_cpp.so
[10.779s] -- Symlinking: /home/tdeng23/ros2_ws/src/install/motion_capture_tracking_interfaces/include/motion_capture_tracking_interfaces/msg/detail/named_pose__rosidl_typesupport_introspection_c.h
[10.782s] -- Symlinking: /home/tdeng23/ros2_ws/src/install/motion_capture_tracking_interfaces/include/motion_capture_tracking_interfaces/msg/detail/named_pose_array__rosidl_typesupport_introspection_c.h
[10.789s] -- Symlinking: /home/tdeng23/ros2_ws/src/install/motion_capture_tracking_interfaces/include/motion_capture_tracking_interfaces/msg/rosidl_typesupport_introspection_c__visibility_control.h
[10.811s] -- Symlinking: /home/tdeng23/ros2_ws/src/install/motion_capture_tracking_interfaces/include/motion_capture_tracking_interfaces/msg/detail/named_pose__builder.hpp
[10.834s] -- Symlinking: /home/tdeng23/ros2_ws/src/install/motion_capture_tracking_interfaces/include/motion_capture_tracking_interfaces/msg/detail/named_pose__struct.hpp
[10.852s] -- Symlinking: /home/tdeng23/ros2_ws/src/install/motion_capture_tracking_interfaces/include/motion_capture_tracking_interfaces/msg/detail/named_pose__traits.hpp
[10.865s] -- Symlinking: /home/tdeng23/ros2_ws/src/install/motion_capture_tracking_interfaces/include/motion_capture_tracking_interfaces/msg/detail/named_pose_array__builder.hpp
[10.884s] -- Symlinking: /home/tdeng23/ros2_ws/src/install/motion_capture_tracking_interfaces/include/motion_capture_tracking_interfaces/msg/detail/named_pose_array__struct.hpp
[10.900s] -- Symlinking: /home/tdeng23/ros2_ws/src/install/motion_capture_tracking_interfaces/include/motion_capture_tracking_interfaces/msg/detail/named_pose_array__traits.hpp
[10.912s] -- Symlinking: /home/tdeng23/ros2_ws/src/install/motion_capture_tracking_interfaces/include/motion_capture_tracking_interfaces/msg/named_pose.hpp
[10.918s] -- Symlinking: /home/tdeng23/ros2_ws/src/install/motion_capture_tracking_interfaces/include/motion_capture_tracking_interfaces/msg/named_pose_array.hpp
[10.924s] -- Symlinking: /home/tdeng23/ros2_ws/src/install/motion_capture_tracking_interfaces/include/motion_capture_tracking_interfaces/msg/detail/named_pose__rosidl_typesupport_introspection_cpp.hpp
[10.929s] -- Symlinking: /home/tdeng23/ros2_ws/src/install/motion_capture_tracking_interfaces/include/motion_capture_tracking_interfaces/msg/detail/named_pose_array__rosidl_typesupport_introspection_cpp.hpp
[10.934s] -- Symlinking: /home/tdeng23/ros2_ws/src/install/motion_capture_tracking_interfaces/share/motion_capture_tracking_interfaces/environment/pythonpath.sh
[10.938s] -- Symlinking: /home/tdeng23/ros2_ws/src/install/motion_capture_tracking_interfaces/share/motion_capture_tracking_interfaces/environment/pythonpath.dsv
[10.943s] -- Symlinking: /home/tdeng23/ros2_ws/src/install/motion_capture_tracking_interfaces/lib/python3.8/site-packages/motion_capture_tracking_interfaces/__init__.py
[10.948s] -- Symlinking: /home/tdeng23/ros2_ws/src/install/motion_capture_tracking_interfaces/lib/python3.8/site-packages/motion_capture_tracking_interfaces/msg/__init__.py
[10.954s] -- Symlinking: /home/tdeng23/ros2_ws/src/install/motion_capture_tracking_interfaces/lib/python3.8/site-packages/motion_capture_tracking_interfaces/msg/_named_pose.py
[10.959s] -- Symlinking: /home/tdeng23/ros2_ws/src/install/motion_capture_tracking_interfaces/lib/python3.8/site-packages/motion_capture_tracking_interfaces/msg/_named_pose_array.py
[10.964s] -- Symlinking: /home/tdeng23/ros2_ws/src/install/motion_capture_tracking_interfaces/lib/python3.8/site-packages/motion_capture_tracking_interfaces/motion_capture_tracking_interfaces_s__rosidl_typesupport_fastrtps_c.cpython-38-x86_64-linux-gnu.so
[10.997s] -- Symlinking: /home/tdeng23/ros2_ws/src/install/motion_capture_tracking_interfaces/lib/python3.8/site-packages/motion_capture_tracking_interfaces/motion_capture_tracking_interfaces_s__rosidl_typesupport_introspection_c.cpython-38-x86_64-linux-gnu.so
[11.014s] -- Symlinking: /home/tdeng23/ros2_ws/src/install/motion_capture_tracking_interfaces/lib/python3.8/site-packages/motion_capture_tracking_interfaces/motion_capture_tracking_interfaces_s__rosidl_typesupport_c.cpython-38-x86_64-linux-gnu.so
[11.022s] -- Symlinking: /home/tdeng23/ros2_ws/src/install/motion_capture_tracking_interfaces/lib/libmotion_capture_tracking_interfaces__python.so
[11.035s] -- Symlinking: /home/tdeng23/ros2_ws/src/install/motion_capture_tracking_interfaces/share/motion_capture_tracking_interfaces/msg/NamedPose.idl
[11.051s] -- Symlinking: /home/tdeng23/ros2_ws/src/install/motion_capture_tracking_interfaces/share/motion_capture_tracking_interfaces/msg/NamedPoseArray.idl
[11.073s] -- Symlinking: /home/tdeng23/ros2_ws/src/install/motion_capture_tracking_interfaces/share/motion_capture_tracking_interfaces/msg/NamedPose.msg
[11.091s] -- Symlinking: /home/tdeng23/ros2_ws/src/install/motion_capture_tracking_interfaces/share/motion_capture_tracking_interfaces/msg/NamedPoseArray.msg
[11.096s] -- Symlinking: /home/tdeng23/ros2_ws/src/install/motion_capture_tracking_interfaces/share/ament_index/resource_index/package_run_dependencies/motion_capture_tracking_interfaces
[11.100s] -- Symlinking: /home/tdeng23/ros2_ws/src/install/motion_capture_tracking_interfaces/share/ament_index/resource_index/parent_prefix_path/motion_capture_tracking_interfaces
[11.104s] -- Symlinking: /home/tdeng23/ros2_ws/src/install/motion_capture_tracking_interfaces/share/motion_capture_tracking_interfaces/environment/ament_prefix_path.sh
[11.108s] -- Symlinking: /home/tdeng23/ros2_ws/src/install/motion_capture_tracking_interfaces/share/motion_capture_tracking_interfaces/environment/ament_prefix_path.dsv
[11.113s] -- Symlinking: /home/tdeng23/ros2_ws/src/install/motion_capture_tracking_interfaces/share/motion_capture_tracking_interfaces/environment/path.sh
[11.132s] -- Symlinking: /home/tdeng23/ros2_ws/src/install/motion_capture_tracking_interfaces/share/motion_capture_tracking_interfaces/environment/path.dsv
[11.143s] -- Symlinking: /home/tdeng23/ros2_ws/src/install/motion_capture_tracking_interfaces/share/motion_capture_tracking_interfaces/local_setup.bash
[11.149s] -- Symlinking: /home/tdeng23/ros2_ws/src/install/motion_capture_tracking_interfaces/share/motion_capture_tracking_interfaces/local_setup.sh
[11.155s] -- Symlinking: /home/tdeng23/ros2_ws/src/install/motion_capture_tracking_interfaces/share/motion_capture_tracking_interfaces/local_setup.zsh
[11.161s] -- Symlinking: /home/tdeng23/ros2_ws/src/install/motion_capture_tracking_interfaces/share/motion_capture_tracking_interfaces/local_setup.dsv
[11.184s] -- Symlinking: /home/tdeng23/ros2_ws/src/install/motion_capture_tracking_interfaces/share/motion_capture_tracking_interfaces/package.dsv
[11.198s] -- Symlinking: /home/tdeng23/ros2_ws/src/install/motion_capture_tracking_interfaces/share/ament_index/resource_index/packages/motion_capture_tracking_interfaces
[11.216s] -- Symlinking: /home/tdeng23/ros2_ws/src/install/motion_capture_tracking_interfaces/share/motion_capture_tracking_interfaces/cmake/rosidl_cmake-extras.cmake
[11.245s] -- Symlinking: /home/tdeng23/ros2_ws/src/install/motion_capture_tracking_interfaces/share/motion_capture_tracking_interfaces/cmake/ament_cmake_export_dependencies-extras.cmake
[11.264s] -- Symlinking: /home/tdeng23/ros2_ws/src/install/motion_capture_tracking_interfaces/share/motion_capture_tracking_interfaces/cmake/ament_cmake_export_libraries-extras.cmake
[11.269s] -- Symlinking: /home/tdeng23/ros2_ws/src/install/motion_capture_tracking_interfaces/share/motion_capture_tracking_interfaces/cmake/ament_cmake_export_targets-extras.cmake
[11.289s] -- Symlinking: /home/tdeng23/ros2_ws/src/install/motion_capture_tracking_interfaces/share/motion_capture_tracking_interfaces/cmake/ament_cmake_export_include_directories-extras.cmake
[11.309s] -- Symlinking: /home/tdeng23/ros2_ws/src/install/motion_capture_tracking_interfaces/share/motion_capture_tracking_interfaces/cmake/rosidl_cmake_export_typesupport_libraries-extras.cmake
[11.328s] -- Symlinking: /home/tdeng23/ros2_ws/src/install/motion_capture_tracking_interfaces/share/motion_capture_tracking_interfaces/cmake/rosidl_cmake_export_typesupport_targets-extras.cmake
[11.348s] -- Symlinking: /home/tdeng23/ros2_ws/src/install/motion_capture_tracking_interfaces/share/motion_capture_tracking_interfaces/cmake/motion_capture_tracking_interfacesConfig.cmake
[11.353s] -- Symlinking: /home/tdeng23/ros2_ws/src/install/motion_capture_tracking_interfaces/share/motion_capture_tracking_interfaces/cmake/motion_capture_tracking_interfacesConfig-version.cmake
[11.362s] -- Symlinking: /home/tdeng23/ros2_ws/src/install/motion_capture_tracking_interfaces/share/motion_capture_tracking_interfaces/package.xml
[11.373s] -- Installing: /home/tdeng23/ros2_ws/src/install/motion_capture_tracking_interfaces/lib/libmotion_capture_tracking_interfaces__rosidl_generator_c.so
[11.373s] -- Set runtime path of "/home/tdeng23/ros2_ws/src/install/motion_capture_tracking_interfaces/lib/libmotion_capture_tracking_interfaces__rosidl_generator_c.so" to ""
[11.373s] -- Installing: /home/tdeng23/ros2_ws/src/install/motion_capture_tracking_interfaces/lib/libmotion_capture_tracking_interfaces__rosidl_typesupport_introspection_c.so
[11.374s] -- Set runtime path of "/home/tdeng23/ros2_ws/src/install/motion_capture_tracking_interfaces/lib/libmotion_capture_tracking_interfaces__rosidl_typesupport_introspection_c.so" to ""
[11.374s] -- Installing: /home/tdeng23/ros2_ws/src/install/motion_capture_tracking_interfaces/lib/libmotion_capture_tracking_interfaces__rosidl_typesupport_c.so
[11.374s] -- Set runtime path of "/home/tdeng23/ros2_ws/src/install/motion_capture_tracking_interfaces/lib/libmotion_capture_tracking_interfaces__rosidl_typesupport_c.so" to ""
[11.375s] -- Installing: /home/tdeng23/ros2_ws/src/install/motion_capture_tracking_interfaces/lib/libmotion_capture_tracking_interfaces__rosidl_typesupport_introspection_cpp.so
[11.375s] -- Set runtime path of "/home/tdeng23/ros2_ws/src/install/motion_capture_tracking_interfaces/lib/libmotion_capture_tracking_interfaces__rosidl_typesupport_introspection_cpp.so" to ""
[11.375s] -- Installing: /home/tdeng23/ros2_ws/src/install/motion_capture_tracking_interfaces/lib/libmotion_capture_tracking_interfaces__rosidl_typesupport_cpp.so
[11.376s] -- Set runtime path of "/home/tdeng23/ros2_ws/src/install/motion_capture_tracking_interfaces/lib/libmotion_capture_tracking_interfaces__rosidl_typesupport_cpp.so" to ""
[11.513s] Compiling '/home/tdeng23/ros2_ws/src/install/motion_capture_tracking_interfaces/lib/python3.8/site-packages/motion_capture_tracking_interfaces/__init__.py'...
[11.523s] -- Installing: /home/tdeng23/ros2_ws/src/install/motion_capture_tracking_interfaces/share/motion_capture_tracking_interfaces/cmake/motion_capture_tracking_interfaces__rosidl_generator_cExport.cmake
[11.523s] -- Installing: /home/tdeng23/ros2_ws/src/install/motion_capture_tracking_interfaces/share/motion_capture_tracking_interfaces/cmake/motion_capture_tracking_interfaces__rosidl_generator_cExport-noconfig.cmake
[11.523s] -- Installing: /home/tdeng23/ros2_ws/src/install/motion_capture_tracking_interfaces/share/motion_capture_tracking_interfaces/cmake/motion_capture_tracking_interfaces__rosidl_typesupport_introspection_cExport.cmake
[11.523s] -- Installing: /home/tdeng23/ros2_ws/src/install/motion_capture_tracking_interfaces/share/motion_capture_tracking_interfaces/cmake/motion_capture_tracking_interfaces__rosidl_typesupport_introspection_cExport-noconfig.cmake
[11.524s] -- Installing: /home/tdeng23/ros2_ws/src/install/motion_capture_tracking_interfaces/share/motion_capture_tracking_interfaces/cmake/motion_capture_tracking_interfaces__rosidl_typesupport_cExport.cmake
[11.524s] -- Installing: /home/tdeng23/ros2_ws/src/install/motion_capture_tracking_interfaces/share/motion_capture_tracking_interfaces/cmake/motion_capture_tracking_interfaces__rosidl_typesupport_cExport-noconfig.cmake
[11.524s] -- Installing: /home/tdeng23/ros2_ws/src/install/motion_capture_tracking_interfaces/share/motion_capture_tracking_interfaces/cmake/motion_capture_tracking_interfaces__rosidl_generator_cppExport.cmake
[11.525s] -- Installing: /home/tdeng23/ros2_ws/src/install/motion_capture_tracking_interfaces/share/motion_capture_tracking_interfaces/cmake/motion_capture_tracking_interfaces__rosidl_typesupport_introspection_cppExport.cmake
[11.525s] -- Installing: /home/tdeng23/ros2_ws/src/install/motion_capture_tracking_interfaces/share/motion_capture_tracking_interfaces/cmake/motion_capture_tracking_interfaces__rosidl_typesupport_introspection_cppExport-noconfig.cmake
[11.525s] -- Installing: /home/tdeng23/ros2_ws/src/install/motion_capture_tracking_interfaces/share/motion_capture_tracking_interfaces/cmake/motion_capture_tracking_interfaces__rosidl_typesupport_cppExport.cmake
[11.526s] -- Installing: /home/tdeng23/ros2_ws/src/install/motion_capture_tracking_interfaces/share/motion_capture_tracking_interfaces/cmake/motion_capture_tracking_interfaces__rosidl_typesupport_cppExport-noconfig.cmake
[11.533s] Invoked command in '/home/tdeng23/ros2_ws/src/build/motion_capture_tracking_interfaces' returned '0': CMAKE_PREFIX_PATH=${CMAKE_PREFIX_PATH}:/home/tdeng23/ros2_ws/install/my_package:/home/tdeng23/ros2_ws/install/crazyflie_simulation:/home/tdeng23/ros2_ws/install/crazyflie_ros2_simulation:/home/tdeng23/ros2_ws/install/crazyflie_ros2_simple_mapper:/home/tdeng23/ros2_ws/install/crazyflie_ros2_scan:/home/tdeng23/ros2_ws/install/crazyflie_ros2:/home/tdeng23/ros2_ws/install/crazyflie_py:/opt/ros/galactic /home/tdeng23/.local/bin/cmake --install /home/tdeng23/ros2_ws/src/build/motion_capture_tracking_interfaces
