[0.096s] Invoking command in '/home/nicxe/ros2_ws/build/crazyflie_interfaces': CMAKE_PREFIX_PATH=${CMAKE_PREFIX_PATH}:/home/nicxe/ros2_ws/install/my_package:/home/nicxe/ros2_ws/install/crazyflie_simulation:/home/nicxe/ros2_ws/install/crazyflie_ros2_simulation:/home/nicxe/ros2_ws/install/crazyflie_ros2_simple_mapper:/home/nicxe/ros2_ws/install/crazyflie_ros2_scan:/home/nicxe/ros2_ws/install/crazyflie_ros2:/home/nicxe/ros2_ws/install/crazyflie_py:/opt/ros/galactic /usr/bin/cmake --build /home/nicxe/ros2_ws/build/crazyflie_interfaces -- -j8 -l8
[1.205s] [  0%] Built target crazyflie_interfaces__cpp
[1.205s] [ 12%] Built target crazyflie_interfaces__rosidl_generator_c
[1.205s] [ 36%] Built target crazyflie_interfaces__rosidl_typesupport_cpp
[1.206s] [ 36%] Built target crazyflie_interfaces__rosidl_typesupport_introspection_cpp
[1.206s] [ 48%] Built target crazyflie_interfaces__rosidl_typesupport_introspection_c
[1.206s] [ 60%] Built target crazyflie_interfaces__rosidl_typesupport_fastrtps_cpp
[1.206s] [ 72%] Built target crazyflie_interfaces__rosidl_typesupport_c
[1.206s] [ 84%] Built target crazyflie_interfaces__rosidl_typesupport_fastrtps_c
[1.309s] [ 84%] Built target crazyflie_interfaces
[1.446s] [ 85%] Built target crazyflie_interfaces__py
[1.771s] [ 96%] Built target crazyflie_interfaces__python
[1.916s] [ 98%] Built target crazyflie_interfaces__rosidl_typesupport_introspection_c__pyext
[1.947s] [ 99%] Built target crazyflie_interfaces__rosidl_typesupport_fastrtps_c__pyext
[2.179s] [100%] Built target crazyflie_interfaces__rosidl_typesupport_c__pyext
[2.188s] Invoked command in '/home/nicxe/ros2_ws/build/crazyflie_interfaces' returned '0': CMAKE_PREFIX_PATH=${CMAKE_PREFIX_PATH}:/home/nicxe/ros2_ws/install/my_package:/home/nicxe/ros2_ws/install/crazyflie_simulation:/home/nicxe/ros2_ws/install/crazyflie_ros2_simulation:/home/nicxe/ros2_ws/install/crazyflie_ros2_simple_mapper:/home/nicxe/ros2_ws/install/crazyflie_ros2_scan:/home/nicxe/ros2_ws/install/crazyflie_ros2:/home/nicxe/ros2_ws/install/crazyflie_py:/opt/ros/galactic /usr/bin/cmake --build /home/nicxe/ros2_ws/build/crazyflie_interfaces -- -j8 -l8
[2.366s] Invoking command in '/home/nicxe/ros2_ws/build/crazyflie_interfaces': CMAKE_PREFIX_PATH=${CMAKE_PREFIX_PATH}:/home/nicxe/ros2_ws/install/my_package:/home/nicxe/ros2_ws/install/crazyflie_simulation:/home/nicxe/ros2_ws/install/crazyflie_ros2_simulation:/home/nicxe/ros2_ws/install/crazyflie_ros2_simple_mapper:/home/nicxe/ros2_ws/install/crazyflie_ros2_scan:/home/nicxe/ros2_ws/install/crazyflie_ros2:/home/nicxe/ros2_ws/install/crazyflie_py:/opt/ros/galactic /usr/bin/cmake --install /home/nicxe/ros2_ws/build/crazyflie_interfaces
[2.638s] -- Install configuration: ""
[2.638s] -- Up-to-date: /home/nicxe/ros2_ws/install/crazyflie_interfaces/share/ament_index/resource_index/rosidl_interfaces/crazyflie_interfaces
[2.640s] -- Up-to-date: /home/nicxe/ros2_ws/install/crazyflie_interfaces/include/crazyflie_interfaces
[2.641s] -- Up-to-date: /home/nicxe/ros2_ws/install/crazyflie_interfaces/include/crazyflie_interfaces/srv
[2.641s] -- Up-to-date: /home/nicxe/ros2_ws/install/crazyflie_interfaces/include/crazyflie_interfaces/srv/start_trajectory.h
[2.641s] -- Up-to-date: /home/nicxe/ros2_ws/install/crazyflie_interfaces/include/crazyflie_interfaces/srv/notify_setpoints_stop.h
[2.641s] -- Up-to-date: /home/nicxe/ros2_ws/install/crazyflie_interfaces/include/crazyflie_interfaces/srv/set_group_mask.h
[2.641s] -- Up-to-date: /home/nicxe/ros2_ws/install/crazyflie_interfaces/include/crazyflie_interfaces/srv/detail
[2.641s] -- Up-to-date: /home/nicxe/ros2_ws/install/crazyflie_interfaces/include/crazyflie_interfaces/srv/detail/start_trajectory__type_support.h
[2.641s] -- Up-to-date: /home/nicxe/ros2_ws/install/crazyflie_interfaces/include/crazyflie_interfaces/srv/detail/land__struct.h
[2.641s] -- Up-to-date: /home/nicxe/ros2_ws/install/crazyflie_interfaces/include/crazyflie_interfaces/srv/detail/upload_trajectory__functions.h
[2.641s] -- Up-to-date: /home/nicxe/ros2_ws/install/crazyflie_interfaces/include/crazyflie_interfaces/srv/detail/remove_logging__struct.h
[2.641s] -- Up-to-date: /home/nicxe/ros2_ws/install/crazyflie_interfaces/include/crazyflie_interfaces/srv/detail/start_trajectory__struct.h
[2.641s] -- Up-to-date: /home/nicxe/ros2_ws/install/crazyflie_interfaces/include/crazyflie_interfaces/srv/detail/land__type_support.h
[2.641s] -- Up-to-date: /home/nicxe/ros2_ws/install/crazyflie_interfaces/include/crazyflie_interfaces/srv/detail/start_trajectory__functions.h
[2.641s] -- Up-to-date: /home/nicxe/ros2_ws/install/crazyflie_interfaces/include/crazyflie_interfaces/srv/detail/set_group_mask__functions.c
[2.641s] -- Up-to-date: /home/nicxe/ros2_ws/install/crazyflie_interfaces/include/crazyflie_interfaces/srv/detail/go_to__type_support.h
[2.641s] -- Up-to-date: /home/nicxe/ros2_ws/install/crazyflie_interfaces/include/crazyflie_interfaces/srv/detail/upload_trajectory__functions.c
[2.641s] -- Up-to-date: /home/nicxe/ros2_ws/install/crazyflie_interfaces/include/crazyflie_interfaces/srv/detail/update_params__functions.h
[2.642s] -- Up-to-date: /home/nicxe/ros2_ws/install/crazyflie_interfaces/include/crazyflie_interfaces/srv/detail/set_group_mask__functions.h
[2.642s] -- Up-to-date: /home/nicxe/ros2_ws/install/crazyflie_interfaces/include/crazyflie_interfaces/srv/detail/remove_logging__functions.c
[2.642s] -- Up-to-date: /home/nicxe/ros2_ws/install/crazyflie_interfaces/include/crazyflie_interfaces/srv/detail/add_logging__functions.c
[2.642s] -- Up-to-date: /home/nicxe/ros2_ws/install/crazyflie_interfaces/include/crazyflie_interfaces/srv/detail/add_logging__type_support.h
[2.642s] -- Up-to-date: /home/nicxe/ros2_ws/install/crazyflie_interfaces/include/crazyflie_interfaces/srv/detail/set_group_mask__type_support.h
[2.642s] -- Up-to-date: /home/nicxe/ros2_ws/install/crazyflie_interfaces/include/crazyflie_interfaces/srv/detail/go_to__functions.c
[2.642s] -- Up-to-date: /home/nicxe/ros2_ws/install/crazyflie_interfaces/include/crazyflie_interfaces/srv/detail/add_logging__struct.h
[2.642s] -- Up-to-date: /home/nicxe/ros2_ws/install/crazyflie_interfaces/include/crazyflie_interfaces/srv/detail/notify_setpoints_stop__functions.c
[2.642s] -- Up-to-date: /home/nicxe/ros2_ws/install/crazyflie_interfaces/include/crazyflie_interfaces/srv/detail/remove_logging__functions.h
[2.642s] -- Up-to-date: /home/nicxe/ros2_ws/install/crazyflie_interfaces/include/crazyflie_interfaces/srv/detail/update_params__type_support.h
[2.642s] -- Up-to-date: /home/nicxe/ros2_ws/install/crazyflie_interfaces/include/crazyflie_interfaces/srv/detail/takeoff__functions.c
[2.642s] -- Up-to-date: /home/nicxe/ros2_ws/install/crazyflie_interfaces/include/crazyflie_interfaces/srv/detail/go_to__functions.h
[2.642s] -- Up-to-date: /home/nicxe/ros2_ws/install/crazyflie_interfaces/include/crazyflie_interfaces/srv/detail/update_params__functions.c
[2.642s] -- Up-to-date: /home/nicxe/ros2_ws/install/crazyflie_interfaces/include/crazyflie_interfaces/srv/detail/go_to__struct.h
[2.642s] -- Up-to-date: /home/nicxe/ros2_ws/install/crazyflie_interfaces/include/crazyflie_interfaces/srv/detail/notify_setpoints_stop__type_support.h
[2.642s] -- Up-to-date: /home/nicxe/ros2_ws/install/crazyflie_interfaces/include/crazyflie_interfaces/srv/detail/takeoff__type_support.h
[2.642s] -- Up-to-date: /home/nicxe/ros2_ws/install/crazyflie_interfaces/include/crazyflie_interfaces/srv/detail/takeoff__functions.h
[2.643s] -- Up-to-date: /home/nicxe/ros2_ws/install/crazyflie_interfaces/include/crazyflie_interfaces/srv/detail/stop__struct.h
[2.643s] -- Up-to-date: /home/nicxe/ros2_ws/install/crazyflie_interfaces/include/crazyflie_interfaces/srv/detail/set_group_mask__struct.h
[2.643s] -- Up-to-date: /home/nicxe/ros2_ws/install/crazyflie_interfaces/include/crazyflie_interfaces/srv/detail/land__functions.h
[2.643s] -- Up-to-date: /home/nicxe/ros2_ws/install/crazyflie_interfaces/include/crazyflie_interfaces/srv/detail/upload_trajectory__type_support.h
[2.643s] -- Up-to-date: /home/nicxe/ros2_ws/install/crazyflie_interfaces/include/crazyflie_interfaces/srv/detail/takeoff__struct.h
[2.643s] -- Up-to-date: /home/nicxe/ros2_ws/install/crazyflie_interfaces/include/crazyflie_interfaces/srv/detail/stop__type_support.h
[2.643s] -- Up-to-date: /home/nicxe/ros2_ws/install/crazyflie_interfaces/include/crazyflie_interfaces/srv/detail/stop__functions.c
[2.643s] -- Up-to-date: /home/nicxe/ros2_ws/install/crazyflie_interfaces/include/crazyflie_interfaces/srv/detail/notify_setpoints_stop__functions.h
[2.643s] -- Up-to-date: /home/nicxe/ros2_ws/install/crazyflie_interfaces/include/crazyflie_interfaces/srv/detail/add_logging__functions.h
[2.643s] -- Up-to-date: /home/nicxe/ros2_ws/install/crazyflie_interfaces/include/crazyflie_interfaces/srv/detail/update_params__struct.h
[2.643s] -- Up-to-date: /home/nicxe/ros2_ws/install/crazyflie_interfaces/include/crazyflie_interfaces/srv/detail/land__functions.c
[2.643s] -- Up-to-date: /home/nicxe/ros2_ws/install/crazyflie_interfaces/include/crazyflie_interfaces/srv/detail/remove_logging__type_support.h
[2.643s] -- Up-to-date: /home/nicxe/ros2_ws/install/crazyflie_interfaces/include/crazyflie_interfaces/srv/detail/start_trajectory__functions.c
[2.643s] -- Up-to-date: /home/nicxe/ros2_ws/install/crazyflie_interfaces/include/crazyflie_interfaces/srv/detail/upload_trajectory__struct.h
[2.643s] -- Up-to-date: /home/nicxe/ros2_ws/install/crazyflie_interfaces/include/crazyflie_interfaces/srv/detail/stop__functions.h
[2.644s] -- Up-to-date: /home/nicxe/ros2_ws/install/crazyflie_interfaces/include/crazyflie_interfaces/srv/detail/notify_setpoints_stop__struct.h
[2.644s] -- Up-to-date: /home/nicxe/ros2_ws/install/crazyflie_interfaces/include/crazyflie_interfaces/srv/add_logging.h
[2.644s] -- Up-to-date: /home/nicxe/ros2_ws/install/crazyflie_interfaces/include/crazyflie_interfaces/srv/update_params.h
[2.644s] -- Up-to-date: /home/nicxe/ros2_ws/install/crazyflie_interfaces/include/crazyflie_interfaces/srv/land.h
[2.644s] -- Up-to-date: /home/nicxe/ros2_ws/install/crazyflie_interfaces/include/crazyflie_interfaces/srv/go_to.h
[2.644s] -- Up-to-date: /home/nicxe/ros2_ws/install/crazyflie_interfaces/include/crazyflie_interfaces/srv/remove_logging.h
[2.644s] -- Up-to-date: /home/nicxe/ros2_ws/install/crazyflie_interfaces/include/crazyflie_interfaces/srv/upload_trajectory.h
[2.644s] -- Up-to-date: /home/nicxe/ros2_ws/install/crazyflie_interfaces/include/crazyflie_interfaces/srv/stop.h
[2.644s] -- Up-to-date: /home/nicxe/ros2_ws/install/crazyflie_interfaces/include/crazyflie_interfaces/srv/takeoff.h
[2.644s] -- Up-to-date: /home/nicxe/ros2_ws/install/crazyflie_interfaces/include/crazyflie_interfaces/msg
[2.644s] -- Up-to-date: /home/nicxe/ros2_ws/install/crazyflie_interfaces/include/crazyflie_interfaces/msg/log_block.h
[2.644s] -- Up-to-date: /home/nicxe/ros2_ws/install/crazyflie_interfaces/include/crazyflie_interfaces/msg/full_state.h
[2.644s] -- Up-to-date: /home/nicxe/ros2_ws/install/crazyflie_interfaces/include/crazyflie_interfaces/msg/detail
[2.644s] -- Up-to-date: /home/nicxe/ros2_ws/install/crazyflie_interfaces/include/crazyflie_interfaces/msg/detail/hover__type_support.h
[2.644s] -- Up-to-date: /home/nicxe/ros2_ws/install/crazyflie_interfaces/include/crazyflie_interfaces/msg/detail/full_state__functions.h
[2.644s] -- Up-to-date: /home/nicxe/ros2_ws/install/crazyflie_interfaces/include/crazyflie_interfaces/msg/detail/velocity_world__type_support.h
[2.644s] -- Up-to-date: /home/nicxe/ros2_ws/install/crazyflie_interfaces/include/crazyflie_interfaces/msg/detail/full_state__struct.h
[2.644s] -- Up-to-date: /home/nicxe/ros2_ws/install/crazyflie_interfaces/include/crazyflie_interfaces/msg/detail/log_data_generic__struct.h
[2.645s] -- Up-to-date: /home/nicxe/ros2_ws/install/crazyflie_interfaces/include/crazyflie_interfaces/msg/detail/position__functions.c
[2.645s] -- Up-to-date: /home/nicxe/ros2_ws/install/crazyflie_interfaces/include/crazyflie_interfaces/msg/detail/position__type_support.h
[2.645s] -- Up-to-date: /home/nicxe/ros2_ws/install/crazyflie_interfaces/include/crazyflie_interfaces/msg/detail/log_data_generic__type_support.h
[2.645s] -- Up-to-date: /home/nicxe/ros2_ws/install/crazyflie_interfaces/include/crazyflie_interfaces/msg/detail/position__functions.h
[2.645s] -- Up-to-date: /home/nicxe/ros2_ws/install/crazyflie_interfaces/include/crazyflie_interfaces/msg/detail/trajectory_polynomial_piece__type_support.h
[2.645s] -- Up-to-date: /home/nicxe/ros2_ws/install/crazyflie_interfaces/include/crazyflie_interfaces/msg/detail/full_state__functions.c
[2.645s] -- Up-to-date: /home/nicxe/ros2_ws/install/crazyflie_interfaces/include/crazyflie_interfaces/msg/detail/trajectory_polynomial_piece__struct.h
[2.645s] -- Up-to-date: /home/nicxe/ros2_ws/install/crazyflie_interfaces/include/crazyflie_interfaces/msg/detail/log_block__type_support.h
[2.645s] -- Up-to-date: /home/nicxe/ros2_ws/install/crazyflie_interfaces/include/crazyflie_interfaces/msg/detail/hover__struct.h
[2.645s] -- Up-to-date: /home/nicxe/ros2_ws/install/crazyflie_interfaces/include/crazyflie_interfaces/msg/detail/log_block__functions.h
[2.645s] -- Up-to-date: /home/nicxe/ros2_ws/install/crazyflie_interfaces/include/crazyflie_interfaces/msg/detail/position__struct.h
[2.645s] -- Up-to-date: /home/nicxe/ros2_ws/install/crazyflie_interfaces/include/crazyflie_interfaces/msg/detail/log_block__functions.c
[2.645s] -- Up-to-date: /home/nicxe/ros2_ws/install/crazyflie_interfaces/include/crazyflie_interfaces/msg/detail/log_data_generic__functions.c
[2.645s] -- Up-to-date: /home/nicxe/ros2_ws/install/crazyflie_interfaces/include/crazyflie_interfaces/msg/detail/velocity_world__functions.h
[2.645s] -- Up-to-date: /home/nicxe/ros2_ws/install/crazyflie_interfaces/include/crazyflie_interfaces/msg/detail/log_block__struct.h
[2.645s] -- Up-to-date: /home/nicxe/ros2_ws/install/crazyflie_interfaces/include/crazyflie_interfaces/msg/detail/hover__functions.c
[2.645s] -- Up-to-date: /home/nicxe/ros2_ws/install/crazyflie_interfaces/include/crazyflie_interfaces/msg/detail/velocity_world__struct.h
[2.645s] -- Up-to-date: /home/nicxe/ros2_ws/install/crazyflie_interfaces/include/crazyflie_interfaces/msg/detail/trajectory_polynomial_piece__functions.c
[2.645s] -- Up-to-date: /home/nicxe/ros2_ws/install/crazyflie_interfaces/include/crazyflie_interfaces/msg/detail/velocity_world__functions.c
[2.646s] -- Up-to-date: /home/nicxe/ros2_ws/install/crazyflie_interfaces/include/crazyflie_interfaces/msg/detail/log_data_generic__functions.h
[2.646s] -- Up-to-date: /home/nicxe/ros2_ws/install/crazyflie_interfaces/include/crazyflie_interfaces/msg/detail/hover__functions.h
[2.646s] -- Up-to-date: /home/nicxe/ros2_ws/install/crazyflie_interfaces/include/crazyflie_interfaces/msg/detail/full_state__type_support.h
[2.646s] -- Up-to-date: /home/nicxe/ros2_ws/install/crazyflie_interfaces/include/crazyflie_interfaces/msg/detail/trajectory_polynomial_piece__functions.h
[2.646s] -- Up-to-date: /home/nicxe/ros2_ws/install/crazyflie_interfaces/include/crazyflie_interfaces/msg/position.h
[2.646s] -- Up-to-date: /home/nicxe/ros2_ws/install/crazyflie_interfaces/include/crazyflie_interfaces/msg/rosidl_generator_c__visibility_control.h
[2.646s] -- Up-to-date: /home/nicxe/ros2_ws/install/crazyflie_interfaces/include/crazyflie_interfaces/msg/trajectory_polynomial_piece.h
[2.646s] -- Up-to-date: /home/nicxe/ros2_ws/install/crazyflie_interfaces/include/crazyflie_interfaces/msg/hover.h
[2.646s] -- Up-to-date: /home/nicxe/ros2_ws/install/crazyflie_interfaces/include/crazyflie_interfaces/msg/log_data_generic.h
[2.646s] -- Up-to-date: /home/nicxe/ros2_ws/install/crazyflie_interfaces/include/crazyflie_interfaces/msg/velocity_world.h
[2.646s] -- Up-to-date: /home/nicxe/ros2_ws/install/crazyflie_interfaces/share/crazyflie_interfaces/environment/library_path.sh
[2.646s] -- Up-to-date: /home/nicxe/ros2_ws/install/crazyflie_interfaces/share/crazyflie_interfaces/environment/library_path.dsv
[2.646s] -- Up-to-date: /home/nicxe/ros2_ws/install/crazyflie_interfaces/lib/libcrazyflie_interfaces__rosidl_generator_c.so
[2.646s] -- Up-to-date: /home/nicxe/ros2_ws/install/crazyflie_interfaces/include/crazyflie_interfaces
[2.646s] -- Up-to-date: /home/nicxe/ros2_ws/install/crazyflie_interfaces/include/crazyflie_interfaces/srv
[2.646s] -- Up-to-date: /home/nicxe/ros2_ws/install/crazyflie_interfaces/include/crazyflie_interfaces/srv/detail
[2.646s] -- Up-to-date: /home/nicxe/ros2_ws/install/crazyflie_interfaces/include/crazyflie_interfaces/srv/detail/update_params__rosidl_typesupport_fastrtps_c.h
[2.647s] -- Up-to-date: /home/nicxe/ros2_ws/install/crazyflie_interfaces/include/crazyflie_interfaces/srv/detail/start_trajectory__rosidl_typesupport_fastrtps_c.h
[2.647s] -- Up-to-date: /home/nicxe/ros2_ws/install/crazyflie_interfaces/include/crazyflie_interfaces/srv/detail/notify_setpoints_stop__rosidl_typesupport_fastrtps_c.h
[2.647s] -- Up-to-date: /home/nicxe/ros2_ws/install/crazyflie_interfaces/include/crazyflie_interfaces/srv/detail/upload_trajectory__rosidl_typesupport_fastrtps_c.h
[2.647s] -- Up-to-date: /home/nicxe/ros2_ws/install/crazyflie_interfaces/include/crazyflie_interfaces/srv/detail/go_to__rosidl_typesupport_fastrtps_c.h
[2.647s] -- Up-to-date: /home/nicxe/ros2_ws/install/crazyflie_interfaces/include/crazyflie_interfaces/srv/detail/land__rosidl_typesupport_fastrtps_c.h
[2.647s] -- Up-to-date: /home/nicxe/ros2_ws/install/crazyflie_interfaces/include/crazyflie_interfaces/srv/detail/add_logging__rosidl_typesupport_fastrtps_c.h
[2.649s] -- Up-to-date: /home/nicxe/ros2_ws/install/crazyflie_interfaces/include/crazyflie_interfaces/srv/detail/takeoff__rosidl_typesupport_fastrtps_c.h
[2.649s] -- Up-to-date: /home/nicxe/ros2_ws/install/crazyflie_interfaces/include/crazyflie_interfaces/srv/detail/stop__rosidl_typesupport_fastrtps_c.h
[2.649s] -- Up-to-date: /home/nicxe/ros2_ws/install/crazyflie_interfaces/include/crazyflie_interfaces/srv/detail/set_group_mask__rosidl_typesupport_fastrtps_c.h
[2.649s] -- Up-to-date: /home/nicxe/ros2_ws/install/crazyflie_interfaces/include/crazyflie_interfaces/srv/detail/remove_logging__rosidl_typesupport_fastrtps_c.h
[2.649s] -- Up-to-date: /home/nicxe/ros2_ws/install/crazyflie_interfaces/include/crazyflie_interfaces/msg
[2.649s] -- Up-to-date: /home/nicxe/ros2_ws/install/crazyflie_interfaces/include/crazyflie_interfaces/msg/detail
[2.649s] -- Up-to-date: /home/nicxe/ros2_ws/install/crazyflie_interfaces/include/crazyflie_interfaces/msg/detail/trajectory_polynomial_piece__rosidl_typesupport_fastrtps_c.h
[2.649s] -- Up-to-date: /home/nicxe/ros2_ws/install/crazyflie_interfaces/include/crazyflie_interfaces/msg/detail/log_data_generic__rosidl_typesupport_fastrtps_c.h
[2.650s] -- Up-to-date: /home/nicxe/ros2_ws/install/crazyflie_interfaces/include/crazyflie_interfaces/msg/detail/velocity_world__rosidl_typesupport_fastrtps_c.h
[2.650s] -- Up-to-date: /home/nicxe/ros2_ws/install/crazyflie_interfaces/include/crazyflie_interfaces/msg/detail/full_state__rosidl_typesupport_fastrtps_c.h
[2.650s] -- Up-to-date: /home/nicxe/ros2_ws/install/crazyflie_interfaces/include/crazyflie_interfaces/msg/detail/log_block__rosidl_typesupport_fastrtps_c.h
[2.650s] -- Up-to-date: /home/nicxe/ros2_ws/install/crazyflie_interfaces/include/crazyflie_interfaces/msg/detail/hover__rosidl_typesupport_fastrtps_c.h
[2.650s] -- Up-to-date: /home/nicxe/ros2_ws/install/crazyflie_interfaces/include/crazyflie_interfaces/msg/detail/position__rosidl_typesupport_fastrtps_c.h
[2.650s] -- Up-to-date: /home/nicxe/ros2_ws/install/crazyflie_interfaces/include/crazyflie_interfaces/msg/rosidl_typesupport_fastrtps_c__visibility_control.h
[2.650s] -- Up-to-date: /home/nicxe/ros2_ws/install/crazyflie_interfaces/lib/libcrazyflie_interfaces__rosidl_typesupport_fastrtps_c.so
[2.650s] -- Up-to-date: /home/nicxe/ros2_ws/install/crazyflie_interfaces/include/crazyflie_interfaces
[2.650s] -- Up-to-date: /home/nicxe/ros2_ws/install/crazyflie_interfaces/include/crazyflie_interfaces/srv
[2.650s] -- Up-to-date: /home/nicxe/ros2_ws/install/crazyflie_interfaces/include/crazyflie_interfaces/srv/detail
[2.650s] -- Up-to-date: /home/nicxe/ros2_ws/install/crazyflie_interfaces/include/crazyflie_interfaces/srv/detail/go_to__rosidl_typesupport_fastrtps_cpp.hpp
[2.650s] -- Up-to-date: /home/nicxe/ros2_ws/install/crazyflie_interfaces/include/crazyflie_interfaces/srv/detail/takeoff__rosidl_typesupport_fastrtps_cpp.hpp
[2.650s] -- Up-to-date: /home/nicxe/ros2_ws/install/crazyflie_interfaces/include/crazyflie_interfaces/srv/detail/stop__rosidl_typesupport_fastrtps_cpp.hpp
[2.650s] -- Up-to-date: /home/nicxe/ros2_ws/install/crazyflie_interfaces/include/crazyflie_interfaces/srv/detail/dds_fastrtps
[2.650s] -- Up-to-date: /home/nicxe/ros2_ws/install/crazyflie_interfaces/include/crazyflie_interfaces/srv/detail/update_params__rosidl_typesupport_fastrtps_cpp.hpp
[2.650s] -- Up-to-date: /home/nicxe/ros2_ws/install/crazyflie_interfaces/include/crazyflie_interfaces/srv/detail/start_trajectory__rosidl_typesupport_fastrtps_cpp.hpp
[2.650s] -- Up-to-date: /home/nicxe/ros2_ws/install/crazyflie_interfaces/include/crazyflie_interfaces/srv/detail/notify_setpoints_stop__rosidl_typesupport_fastrtps_cpp.hpp
[2.651s] -- Up-to-date: /home/nicxe/ros2_ws/install/crazyflie_interfaces/include/crazyflie_interfaces/srv/detail/set_group_mask__rosidl_typesupport_fastrtps_cpp.hpp
[2.651s] -- Up-to-date: /home/nicxe/ros2_ws/install/crazyflie_interfaces/include/crazyflie_interfaces/srv/detail/add_logging__rosidl_typesupport_fastrtps_cpp.hpp
[2.651s] -- Up-to-date: /home/nicxe/ros2_ws/install/crazyflie_interfaces/include/crazyflie_interfaces/srv/detail/land__rosidl_typesupport_fastrtps_cpp.hpp
[2.651s] -- Up-to-date: /home/nicxe/ros2_ws/install/crazyflie_interfaces/include/crazyflie_interfaces/srv/detail/remove_logging__rosidl_typesupport_fastrtps_cpp.hpp
[2.651s] -- Up-to-date: /home/nicxe/ros2_ws/install/crazyflie_interfaces/include/crazyflie_interfaces/srv/detail/upload_trajectory__rosidl_typesupport_fastrtps_cpp.hpp
[2.651s] -- Up-to-date: /home/nicxe/ros2_ws/install/crazyflie_interfaces/include/crazyflie_interfaces/msg
[2.651s] -- Up-to-date: /home/nicxe/ros2_ws/install/crazyflie_interfaces/include/crazyflie_interfaces/msg/detail
[2.651s] -- Up-to-date: /home/nicxe/ros2_ws/install/crazyflie_interfaces/include/crazyflie_interfaces/msg/detail/log_block__rosidl_typesupport_fastrtps_cpp.hpp
[2.651s] -- Up-to-date: /home/nicxe/ros2_ws/install/crazyflie_interfaces/include/crazyflie_interfaces/msg/detail/dds_fastrtps
[2.651s] -- Up-to-date: /home/nicxe/ros2_ws/install/crazyflie_interfaces/include/crazyflie_interfaces/msg/detail/position__rosidl_typesupport_fastrtps_cpp.hpp
[2.651s] -- Up-to-date: /home/nicxe/ros2_ws/install/crazyflie_interfaces/include/crazyflie_interfaces/msg/detail/velocity_world__rosidl_typesupport_fastrtps_cpp.hpp
[2.651s] -- Up-to-date: /home/nicxe/ros2_ws/install/crazyflie_interfaces/include/crazyflie_interfaces/msg/detail/trajectory_polynomial_piece__rosidl_typesupport_fastrtps_cpp.hpp
[2.651s] -- Up-to-date: /home/nicxe/ros2_ws/install/crazyflie_interfaces/include/crazyflie_interfaces/msg/detail/log_data_generic__rosidl_typesupport_fastrtps_cpp.hpp
[2.651s] -- Up-to-date: /home/nicxe/ros2_ws/install/crazyflie_interfaces/include/crazyflie_interfaces/msg/detail/hover__rosidl_typesupport_fastrtps_cpp.hpp
[2.652s] -- Up-to-date: /home/nicxe/ros2_ws/install/crazyflie_interfaces/include/crazyflie_interfaces/msg/detail/full_state__rosidl_typesupport_fastrtps_cpp.hpp
[2.652s] -- Up-to-date: /home/nicxe/ros2_ws/install/crazyflie_interfaces/include/crazyflie_interfaces/msg/rosidl_typesupport_fastrtps_cpp__visibility_control.h
[2.654s] -- Up-to-date: /home/nicxe/ros2_ws/install/crazyflie_interfaces/lib/libcrazyflie_interfaces__rosidl_typesupport_fastrtps_cpp.so
[2.654s] -- Up-to-date: /home/nicxe/ros2_ws/install/crazyflie_interfaces/include/crazyflie_interfaces
[2.654s] -- Up-to-date: /home/nicxe/ros2_ws/install/crazyflie_interfaces/include/crazyflie_interfaces/srv
[2.654s] -- Up-to-date: /home/nicxe/ros2_ws/install/crazyflie_interfaces/include/crazyflie_interfaces/srv/detail
[2.654s] -- Up-to-date: /home/nicxe/ros2_ws/install/crazyflie_interfaces/include/crazyflie_interfaces/srv/detail/upload_trajectory__type_support.c
[2.654s] -- Up-to-date: /home/nicxe/ros2_ws/install/crazyflie_interfaces/include/crazyflie_interfaces/srv/detail/add_logging__rosidl_typesupport_introspection_c.h
[2.654s] -- Up-to-date: /home/nicxe/ros2_ws/install/crazyflie_interfaces/include/crazyflie_interfaces/srv/detail/go_to__rosidl_typesupport_introspection_c.h
[2.654s] -- Up-to-date: /home/nicxe/ros2_ws/install/crazyflie_interfaces/include/crazyflie_interfaces/srv/detail/start_trajectory__type_support.c
[2.654s] -- Up-to-date: /home/nicxe/ros2_ws/install/crazyflie_interfaces/include/crazyflie_interfaces/srv/detail/update_params__rosidl_typesupport_introspection_c.h
[2.654s] -- Up-to-date: /home/nicxe/ros2_ws/install/crazyflie_interfaces/include/crazyflie_interfaces/srv/detail/takeoff__type_support.c
[2.654s] -- Up-to-date: /home/nicxe/ros2_ws/install/crazyflie_interfaces/include/crazyflie_interfaces/srv/detail/takeoff__rosidl_typesupport_introspection_c.h
[2.654s] -- Up-to-date: /home/nicxe/ros2_ws/install/crazyflie_interfaces/include/crazyflie_interfaces/srv/detail/stop__rosidl_typesupport_introspection_c.h
[2.654s] -- Up-to-date: /home/nicxe/ros2_ws/install/crazyflie_interfaces/include/crazyflie_interfaces/srv/detail/start_trajectory__rosidl_typesupport_introspection_c.h
[2.654s] -- Up-to-date: /home/nicxe/ros2_ws/install/crazyflie_interfaces/include/crazyflie_interfaces/srv/detail/remove_logging__rosidl_typesupport_introspection_c.h
[2.655s] -- Up-to-date: /home/nicxe/ros2_ws/install/crazyflie_interfaces/include/crazyflie_interfaces/srv/detail/notify_setpoints_stop__rosidl_typesupport_introspection_c.h
[2.655s] -- Up-to-date: /home/nicxe/ros2_ws/install/crazyflie_interfaces/include/crazyflie_interfaces/srv/detail/land__type_support.c
[2.655s] -- Up-to-date: /home/nicxe/ros2_ws/install/crazyflie_interfaces/include/crazyflie_interfaces/srv/detail/update_params__type_support.c
[2.655s] -- Up-to-date: /home/nicxe/ros2_ws/install/crazyflie_interfaces/include/crazyflie_interfaces/srv/detail/go_to__type_support.c
[2.655s] -- Up-to-date: /home/nicxe/ros2_ws/install/crazyflie_interfaces/include/crazyflie_interfaces/srv/detail/notify_setpoints_stop__type_support.c
[2.655s] -- Up-to-date: /home/nicxe/ros2_ws/install/crazyflie_interfaces/include/crazyflie_interfaces/srv/detail/land__rosidl_typesupport_introspection_c.h
[2.655s] -- Up-to-date: /home/nicxe/ros2_ws/install/crazyflie_interfaces/include/crazyflie_interfaces/srv/detail/add_logging__type_support.c
[2.655s] -- Up-to-date: /home/nicxe/ros2_ws/install/crazyflie_interfaces/include/crazyflie_interfaces/srv/detail/set_group_mask__rosidl_typesupport_introspection_c.h
[2.655s] -- Up-to-date: /home/nicxe/ros2_ws/install/crazyflie_interfaces/include/crazyflie_interfaces/srv/detail/remove_logging__type_support.c
[2.655s] -- Up-to-date: /home/nicxe/ros2_ws/install/crazyflie_interfaces/include/crazyflie_interfaces/srv/detail/upload_trajectory__rosidl_typesupport_introspection_c.h
[2.655s] -- Up-to-date: /home/nicxe/ros2_ws/install/crazyflie_interfaces/include/crazyflie_interfaces/srv/detail/stop__type_support.c
[2.655s] -- Up-to-date: /home/nicxe/ros2_ws/install/crazyflie_interfaces/include/crazyflie_interfaces/srv/detail/set_group_mask__type_support.c
[2.655s] -- Up-to-date: /home/nicxe/ros2_ws/install/crazyflie_interfaces/include/crazyflie_interfaces/msg
[2.655s] -- Up-to-date: /home/nicxe/ros2_ws/install/crazyflie_interfaces/include/crazyflie_interfaces/msg/detail
[2.655s] -- Up-to-date: /home/nicxe/ros2_ws/install/crazyflie_interfaces/include/crazyflie_interfaces/msg/detail/full_state__type_support.c
[2.656s] -- Up-to-date: /home/nicxe/ros2_ws/install/crazyflie_interfaces/include/crazyflie_interfaces/msg/detail/hover__type_support.c
[2.656s] -- Up-to-date: /home/nicxe/ros2_ws/install/crazyflie_interfaces/include/crazyflie_interfaces/msg/detail/log_data_generic__type_support.c
[2.656s] -- Up-to-date: /home/nicxe/ros2_ws/install/crazyflie_interfaces/include/crazyflie_interfaces/msg/detail/velocity_world__rosidl_typesupport_introspection_c.h
[2.656s] -- Up-to-date: /home/nicxe/ros2_ws/install/crazyflie_interfaces/include/crazyflie_interfaces/msg/detail/position__type_support.c
[2.656s] -- Up-to-date: /home/nicxe/ros2_ws/install/crazyflie_interfaces/include/crazyflie_interfaces/msg/detail/position__rosidl_typesupport_introspection_c.h
[2.656s] -- Up-to-date: /home/nicxe/ros2_ws/install/crazyflie_interfaces/include/crazyflie_interfaces/msg/detail/velocity_world__type_support.c
[2.657s] -- Up-to-date: /home/nicxe/ros2_ws/install/crazyflie_interfaces/include/crazyflie_interfaces/msg/detail/hover__rosidl_typesupport_introspection_c.h
[2.657s] -- Up-to-date: /home/nicxe/ros2_ws/install/crazyflie_interfaces/include/crazyflie_interfaces/msg/detail/full_state__rosidl_typesupport_introspection_c.h
[2.657s] -- Up-to-date: /home/nicxe/ros2_ws/install/crazyflie_interfaces/include/crazyflie_interfaces/msg/detail/trajectory_polynomial_piece__rosidl_typesupport_introspection_c.h
[2.657s] -- Up-to-date: /home/nicxe/ros2_ws/install/crazyflie_interfaces/include/crazyflie_interfaces/msg/detail/log_data_generic__rosidl_typesupport_introspection_c.h
[2.657s] -- Up-to-date: /home/nicxe/ros2_ws/install/crazyflie_interfaces/include/crazyflie_interfaces/msg/detail/trajectory_polynomial_piece__type_support.c
[2.657s] -- Up-to-date: /home/nicxe/ros2_ws/install/crazyflie_interfaces/include/crazyflie_interfaces/msg/detail/log_block__rosidl_typesupport_introspection_c.h
[2.657s] -- Up-to-date: /home/nicxe/ros2_ws/install/crazyflie_interfaces/include/crazyflie_interfaces/msg/detail/log_block__type_support.c
[2.657s] -- Up-to-date: /home/nicxe/ros2_ws/install/crazyflie_interfaces/include/crazyflie_interfaces/msg/rosidl_typesupport_introspection_c__visibility_control.h
[2.688s] -- Up-to-date: /home/nicxe/ros2_ws/install/crazyflie_interfaces/lib/libcrazyflie_interfaces__rosidl_typesupport_introspection_c.so
[2.705s] -- Up-to-date: /home/nicxe/ros2_ws/install/crazyflie_interfaces/lib/libcrazyflie_interfaces__rosidl_typesupport_c.so
[2.705s] -- Up-to-date: /home/nicxe/ros2_ws/install/crazyflie_interfaces/include/crazyflie_interfaces
[2.705s] -- Up-to-date: /home/nicxe/ros2_ws/install/crazyflie_interfaces/include/crazyflie_interfaces/srv
[2.705s] -- Up-to-date: /home/nicxe/ros2_ws/install/crazyflie_interfaces/include/crazyflie_interfaces/srv/upload_trajectory.hpp
[2.705s] -- Up-to-date: /home/nicxe/ros2_ws/install/crazyflie_interfaces/include/crazyflie_interfaces/srv/stop.hpp
[2.705s] -- Up-to-date: /home/nicxe/ros2_ws/install/crazyflie_interfaces/include/crazyflie_interfaces/srv/add_logging.hpp
[2.705s] -- Up-to-date: /home/nicxe/ros2_ws/install/crazyflie_interfaces/include/crazyflie_interfaces/srv/detail
[2.705s] -- Up-to-date: /home/nicxe/ros2_ws/install/crazyflie_interfaces/include/crazyflie_interfaces/srv/detail/upload_trajectory__builder.hpp
[2.705s] -- Up-to-date: /home/nicxe/ros2_ws/install/crazyflie_interfaces/include/crazyflie_interfaces/srv/detail/land__traits.hpp
[2.705s] -- Up-to-date: /home/nicxe/ros2_ws/install/crazyflie_interfaces/include/crazyflie_interfaces/srv/detail/upload_trajectory__struct.hpp
[2.706s] -- Up-to-date: /home/nicxe/ros2_ws/install/crazyflie_interfaces/include/crazyflie_interfaces/srv/detail/remove_logging__builder.hpp
[2.706s] -- Up-to-date: /home/nicxe/ros2_ws/install/crazyflie_interfaces/include/crazyflie_interfaces/srv/detail/takeoff__traits.hpp
[2.706s] -- Up-to-date: /home/nicxe/ros2_ws/install/crazyflie_interfaces/include/crazyflie_interfaces/srv/detail/set_group_mask__builder.hpp
[2.706s] -- Up-to-date: /home/nicxe/ros2_ws/install/crazyflie_interfaces/include/crazyflie_interfaces/srv/detail/start_trajectory__struct.hpp
[2.706s] -- Up-to-date: /home/nicxe/ros2_ws/install/crazyflie_interfaces/include/crazyflie_interfaces/srv/detail/notify_setpoints_stop__struct.hpp
[2.706s] -- Up-to-date: /home/nicxe/ros2_ws/install/crazyflie_interfaces/include/crazyflie_interfaces/srv/detail/notify_setpoints_stop__traits.hpp
[2.706s] -- Up-to-date: /home/nicxe/ros2_ws/install/crazyflie_interfaces/include/crazyflie_interfaces/srv/detail/stop__struct.hpp
[2.706s] -- Up-to-date: /home/nicxe/ros2_ws/install/crazyflie_interfaces/include/crazyflie_interfaces/srv/detail/land__builder.hpp
[2.706s] -- Up-to-date: /home/nicxe/ros2_ws/install/crazyflie_interfaces/include/crazyflie_interfaces/srv/detail/add_logging__traits.hpp
[2.706s] -- Up-to-date: /home/nicxe/ros2_ws/install/crazyflie_interfaces/include/crazyflie_interfaces/srv/detail/add_logging__builder.hpp
[2.706s] -- Up-to-date: /home/nicxe/ros2_ws/install/crazyflie_interfaces/include/crazyflie_interfaces/srv/detail/start_trajectory__traits.hpp
[2.706s] -- Up-to-date: /home/nicxe/ros2_ws/install/crazyflie_interfaces/include/crazyflie_interfaces/srv/detail/land__struct.hpp
[2.706s] -- Up-to-date: /home/nicxe/ros2_ws/install/crazyflie_interfaces/include/crazyflie_interfaces/srv/detail/remove_logging__struct.hpp
[2.706s] -- Up-to-date: /home/nicxe/ros2_ws/install/crazyflie_interfaces/include/crazyflie_interfaces/srv/detail/stop__builder.hpp
[2.706s] -- Up-to-date: /home/nicxe/ros2_ws/install/crazyflie_interfaces/include/crazyflie_interfaces/srv/detail/takeoff__builder.hpp
[2.706s] -- Up-to-date: /home/nicxe/ros2_ws/install/crazyflie_interfaces/include/crazyflie_interfaces/srv/detail/set_group_mask__struct.hpp
[2.707s] -- Up-to-date: /home/nicxe/ros2_ws/install/crazyflie_interfaces/include/crazyflie_interfaces/srv/detail/takeoff__struct.hpp
[2.707s] -- Up-to-date: /home/nicxe/ros2_ws/install/crazyflie_interfaces/include/crazyflie_interfaces/srv/detail/notify_setpoints_stop__builder.hpp
[2.707s] -- Up-to-date: /home/nicxe/ros2_ws/install/crazyflie_interfaces/include/crazyflie_interfaces/srv/detail/update_params__builder.hpp
[2.707s] -- Up-to-date: /home/nicxe/ros2_ws/install/crazyflie_interfaces/include/crazyflie_interfaces/srv/detail/update_params__struct.hpp
[2.707s] -- Up-to-date: /home/nicxe/ros2_ws/install/crazyflie_interfaces/include/crazyflie_interfaces/srv/detail/set_group_mask__traits.hpp
[2.707s] -- Up-to-date: /home/nicxe/ros2_ws/install/crazyflie_interfaces/include/crazyflie_interfaces/srv/detail/remove_logging__traits.hpp
[2.707s] -- Up-to-date: /home/nicxe/ros2_ws/install/crazyflie_interfaces/include/crazyflie_interfaces/srv/detail/update_params__traits.hpp
[2.707s] -- Up-to-date: /home/nicxe/ros2_ws/install/crazyflie_interfaces/include/crazyflie_interfaces/srv/detail/upload_trajectory__traits.hpp
[2.707s] -- Up-to-date: /home/nicxe/ros2_ws/install/crazyflie_interfaces/include/crazyflie_interfaces/srv/detail/go_to__builder.hpp
[2.707s] -- Up-to-date: /home/nicxe/ros2_ws/install/crazyflie_interfaces/include/crazyflie_interfaces/srv/detail/add_logging__struct.hpp
[2.707s] -- Up-to-date: /home/nicxe/ros2_ws/install/crazyflie_interfaces/include/crazyflie_interfaces/srv/detail/start_trajectory__builder.hpp
[2.707s] -- Up-to-date: /home/nicxe/ros2_ws/install/crazyflie_interfaces/include/crazyflie_interfaces/srv/detail/go_to__traits.hpp
[2.707s] -- Up-to-date: /home/nicxe/ros2_ws/install/crazyflie_interfaces/include/crazyflie_interfaces/srv/detail/go_to__struct.hpp
[2.707s] -- Up-to-date: /home/nicxe/ros2_ws/install/crazyflie_interfaces/include/crazyflie_interfaces/srv/detail/stop__traits.hpp
[2.707s] -- Up-to-date: /home/nicxe/ros2_ws/install/crazyflie_interfaces/include/crazyflie_interfaces/srv/update_params.hpp
[2.707s] -- Up-to-date: /home/nicxe/ros2_ws/install/crazyflie_interfaces/include/crazyflie_interfaces/srv/start_trajectory.hpp
[2.707s] -- Up-to-date: /home/nicxe/ros2_ws/install/crazyflie_interfaces/include/crazyflie_interfaces/srv/notify_setpoints_stop.hpp
[2.707s] -- Up-to-date: /home/nicxe/ros2_ws/install/crazyflie_interfaces/include/crazyflie_interfaces/srv/land.hpp
[2.708s] -- Up-to-date: /home/nicxe/ros2_ws/install/crazyflie_interfaces/include/crazyflie_interfaces/srv/remove_logging.hpp
[2.708s] -- Up-to-date: /home/nicxe/ros2_ws/install/crazyflie_interfaces/include/crazyflie_interfaces/srv/go_to.hpp
[2.708s] -- Up-to-date: /home/nicxe/ros2_ws/install/crazyflie_interfaces/include/crazyflie_interfaces/srv/set_group_mask.hpp
[2.708s] -- Up-to-date: /home/nicxe/ros2_ws/install/crazyflie_interfaces/include/crazyflie_interfaces/srv/takeoff.hpp
[2.708s] -- Up-to-date: /home/nicxe/ros2_ws/install/crazyflie_interfaces/include/crazyflie_interfaces/msg
[2.708s] -- Up-to-date: /home/nicxe/ros2_ws/install/crazyflie_interfaces/include/crazyflie_interfaces/msg/log_data_generic.hpp
[2.708s] -- Up-to-date: /home/nicxe/ros2_ws/install/crazyflie_interfaces/include/crazyflie_interfaces/msg/detail
[2.708s] -- Up-to-date: /home/nicxe/ros2_ws/install/crazyflie_interfaces/include/crazyflie_interfaces/msg/detail/hover__traits.hpp
[2.708s] -- Up-to-date: /home/nicxe/ros2_ws/install/crazyflie_interfaces/include/crazyflie_interfaces/msg/detail/full_state__traits.hpp
[2.708s] -- Up-to-date: /home/nicxe/ros2_ws/install/crazyflie_interfaces/include/crazyflie_interfaces/msg/detail/log_block__builder.hpp
[2.708s] -- Up-to-date: /home/nicxe/ros2_ws/install/crazyflie_interfaces/include/crazyflie_interfaces/msg/detail/velocity_world__builder.hpp
[2.708s] -- Up-to-date: /home/nicxe/ros2_ws/install/crazyflie_interfaces/include/crazyflie_interfaces/msg/detail/log_data_generic__builder.hpp
[2.708s] -- Up-to-date: /home/nicxe/ros2_ws/install/crazyflie_interfaces/include/crazyflie_interfaces/msg/detail/hover__builder.hpp
[2.708s] -- Up-to-date: /home/nicxe/ros2_ws/install/crazyflie_interfaces/include/crazyflie_interfaces/msg/detail/trajectory_polynomial_piece__struct.hpp
[2.708s] -- Up-to-date: /home/nicxe/ros2_ws/install/crazyflie_interfaces/include/crazyflie_interfaces/msg/detail/position__struct.hpp
[2.708s] -- Up-to-date: /home/nicxe/ros2_ws/install/crazyflie_interfaces/include/crazyflie_interfaces/msg/detail/velocity_world__traits.hpp
[2.708s] -- Up-to-date: /home/nicxe/ros2_ws/install/crazyflie_interfaces/include/crazyflie_interfaces/msg/detail/trajectory_polynomial_piece__traits.hpp
[2.708s] -- Up-to-date: /home/nicxe/ros2_ws/install/crazyflie_interfaces/include/crazyflie_interfaces/msg/detail/velocity_world__struct.hpp
[2.708s] -- Up-to-date: /home/nicxe/ros2_ws/install/crazyflie_interfaces/include/crazyflie_interfaces/msg/detail/log_data_generic__struct.hpp
[2.709s] -- Up-to-date: /home/nicxe/ros2_ws/install/crazyflie_interfaces/include/crazyflie_interfaces/msg/detail/full_state__builder.hpp
[2.709s] -- Up-to-date: /home/nicxe/ros2_ws/install/crazyflie_interfaces/include/crazyflie_interfaces/msg/detail/log_block__traits.hpp
[2.709s] -- Up-to-date: /home/nicxe/ros2_ws/install/crazyflie_interfaces/include/crazyflie_interfaces/msg/detail/position__builder.hpp
[2.709s] -- Up-to-date: /home/nicxe/ros2_ws/install/crazyflie_interfaces/include/crazyflie_interfaces/msg/detail/position__traits.hpp
[2.709s] -- Up-to-date: /home/nicxe/ros2_ws/install/crazyflie_interfaces/include/crazyflie_interfaces/msg/detail/full_state__struct.hpp
[2.709s] -- Up-to-date: /home/nicxe/ros2_ws/install/crazyflie_interfaces/include/crazyflie_interfaces/msg/detail/log_block__struct.hpp
[2.709s] -- Up-to-date: /home/nicxe/ros2_ws/install/crazyflie_interfaces/include/crazyflie_interfaces/msg/detail/trajectory_polynomial_piece__builder.hpp
[2.709s] -- Up-to-date: /home/nicxe/ros2_ws/install/crazyflie_interfaces/include/crazyflie_interfaces/msg/detail/hover__struct.hpp
[2.709s] -- Up-to-date: /home/nicxe/ros2_ws/install/crazyflie_interfaces/include/crazyflie_interfaces/msg/detail/log_data_generic__traits.hpp
[2.709s] -- Up-to-date: /home/nicxe/ros2_ws/install/crazyflie_interfaces/include/crazyflie_interfaces/msg/trajectory_polynomial_piece.hpp
[2.709s] -- Up-to-date: /home/nicxe/ros2_ws/install/crazyflie_interfaces/include/crazyflie_interfaces/msg/velocity_world.hpp
[2.709s] -- Up-to-date: /home/nicxe/ros2_ws/install/crazyflie_interfaces/include/crazyflie_interfaces/msg/hover.hpp
[2.709s] -- Up-to-date: /home/nicxe/ros2_ws/install/crazyflie_interfaces/include/crazyflie_interfaces/msg/log_block.hpp
[2.709s] -- Up-to-date: /home/nicxe/ros2_ws/install/crazyflie_interfaces/include/crazyflie_interfaces/msg/full_state.hpp
[2.709s] -- Up-to-date: /home/nicxe/ros2_ws/install/crazyflie_interfaces/include/crazyflie_interfaces/msg/position.hpp
[2.709s] -- Up-to-date: /home/nicxe/ros2_ws/install/crazyflie_interfaces/include/crazyflie_interfaces
[2.710s] -- Up-to-date: /home/nicxe/ros2_ws/install/crazyflie_interfaces/include/crazyflie_interfaces/srv
[2.710s] -- Up-to-date: /home/nicxe/ros2_ws/install/crazyflie_interfaces/include/crazyflie_interfaces/srv/detail
[2.710s] -- Up-to-date: /home/nicxe/ros2_ws/install/crazyflie_interfaces/include/crazyflie_interfaces/srv/detail/stop__type_support.cpp
[2.710s] -- Up-to-date: /home/nicxe/ros2_ws/install/crazyflie_interfaces/include/crazyflie_interfaces/srv/detail/takeoff__rosidl_typesupport_introspection_cpp.hpp
[2.710s] -- Up-to-date: /home/nicxe/ros2_ws/install/crazyflie_interfaces/include/crazyflie_interfaces/srv/detail/update_params__type_support.cpp
[2.710s] -- Up-to-date: /home/nicxe/ros2_ws/install/crazyflie_interfaces/include/crazyflie_interfaces/srv/detail/notify_setpoints_stop__type_support.cpp
[2.710s] -- Up-to-date: /home/nicxe/ros2_ws/install/crazyflie_interfaces/include/crazyflie_interfaces/srv/detail/set_group_mask__rosidl_typesupport_introspection_cpp.hpp
[2.710s] -- Up-to-date: /home/nicxe/ros2_ws/install/crazyflie_interfaces/include/crazyflie_interfaces/srv/detail/go_to__type_support.cpp
[2.710s] -- Up-to-date: /home/nicxe/ros2_ws/install/crazyflie_interfaces/include/crazyflie_interfaces/srv/detail/upload_trajectory__rosidl_typesupport_introspection_cpp.hpp
[2.710s] -- Up-to-date: /home/nicxe/ros2_ws/install/crazyflie_interfaces/include/crazyflie_interfaces/srv/detail/update_params__rosidl_typesupport_introspection_cpp.hpp
[2.710s] -- Up-to-date: /home/nicxe/ros2_ws/install/crazyflie_interfaces/include/crazyflie_interfaces/srv/detail/stop__rosidl_typesupport_introspection_cpp.hpp
[2.710s] -- Up-to-date: /home/nicxe/ros2_ws/install/crazyflie_interfaces/include/crazyflie_interfaces/srv/detail/remove_logging__rosidl_typesupport_introspection_cpp.hpp
[2.710s] -- Up-to-date: /home/nicxe/ros2_ws/install/crazyflie_interfaces/include/crazyflie_interfaces/srv/detail/go_to__rosidl_typesupport_introspection_cpp.hpp
[2.710s] -- Up-to-date: /home/nicxe/ros2_ws/install/crazyflie_interfaces/include/crazyflie_interfaces/srv/detail/takeoff__type_support.cpp
[2.710s] -- Up-to-date: /home/nicxe/ros2_ws/install/crazyflie_interfaces/include/crazyflie_interfaces/srv/detail/add_logging__type_support.cpp
[2.710s] -- Up-to-date: /home/nicxe/ros2_ws/install/crazyflie_interfaces/include/crazyflie_interfaces/srv/detail/start_trajectory__rosidl_typesupport_introspection_cpp.hpp
[2.710s] -- Up-to-date: /home/nicxe/ros2_ws/install/crazyflie_interfaces/include/crazyflie_interfaces/srv/detail/land__rosidl_typesupport_introspection_cpp.hpp
[2.710s] -- Up-to-date: /home/nicxe/ros2_ws/install/crazyflie_interfaces/include/crazyflie_interfaces/srv/detail/notify_setpoints_stop__rosidl_typesupport_introspection_cpp.hpp
[2.711s] -- Up-to-date: /home/nicxe/ros2_ws/install/crazyflie_interfaces/include/crazyflie_interfaces/srv/detail/upload_trajectory__type_support.cpp
[2.711s] -- Up-to-date: /home/nicxe/ros2_ws/install/crazyflie_interfaces/include/crazyflie_interfaces/srv/detail/land__type_support.cpp
[2.711s] -- Up-to-date: /home/nicxe/ros2_ws/install/crazyflie_interfaces/include/crazyflie_interfaces/srv/detail/add_logging__rosidl_typesupport_introspection_cpp.hpp
[2.711s] -- Up-to-date: /home/nicxe/ros2_ws/install/crazyflie_interfaces/include/crazyflie_interfaces/srv/detail/set_group_mask__type_support.cpp
[2.711s] -- Up-to-date: /home/nicxe/ros2_ws/install/crazyflie_interfaces/include/crazyflie_interfaces/srv/detail/remove_logging__type_support.cpp
[2.711s] -- Up-to-date: /home/nicxe/ros2_ws/install/crazyflie_interfaces/include/crazyflie_interfaces/srv/detail/start_trajectory__type_support.cpp
[2.711s] -- Up-to-date: /home/nicxe/ros2_ws/install/crazyflie_interfaces/include/crazyflie_interfaces/msg
[2.711s] -- Up-to-date: /home/nicxe/ros2_ws/install/crazyflie_interfaces/include/crazyflie_interfaces/msg/detail
[2.711s] -- Up-to-date: /home/nicxe/ros2_ws/install/crazyflie_interfaces/include/crazyflie_interfaces/msg/detail/full_state__type_support.cpp
[2.711s] -- Up-to-date: /home/nicxe/ros2_ws/install/crazyflie_interfaces/include/crazyflie_interfaces/msg/detail/position__type_support.cpp
[2.711s] -- Up-to-date: /home/nicxe/ros2_ws/install/crazyflie_interfaces/include/crazyflie_interfaces/msg/detail/position__rosidl_typesupport_introspection_cpp.hpp
[2.711s] -- Up-to-date: /home/nicxe/ros2_ws/install/crazyflie_interfaces/include/crazyflie_interfaces/msg/detail/hover__type_support.cpp
[2.711s] -- Up-to-date: /home/nicxe/ros2_ws/install/crazyflie_interfaces/include/crazyflie_interfaces/msg/detail/log_data_generic__type_support.cpp
[2.711s] -- Up-to-date: /home/nicxe/ros2_ws/install/crazyflie_interfaces/include/crazyflie_interfaces/msg/detail/trajectory_polynomial_piece__rosidl_typesupport_introspection_cpp.hpp
[2.711s] -- Up-to-date: /home/nicxe/ros2_ws/install/crazyflie_interfaces/include/crazyflie_interfaces/msg/detail/log_data_generic__rosidl_typesupport_introspection_cpp.hpp
[2.711s] -- Up-to-date: /home/nicxe/ros2_ws/install/crazyflie_interfaces/include/crazyflie_interfaces/msg/detail/hover__rosidl_typesupport_introspection_cpp.hpp
[2.711s] -- Up-to-date: /home/nicxe/ros2_ws/install/crazyflie_interfaces/include/crazyflie_interfaces/msg/detail/velocity_world__rosidl_typesupport_introspection_cpp.hpp
[2.711s] -- Up-to-date: /home/nicxe/ros2_ws/install/crazyflie_interfaces/include/crazyflie_interfaces/msg/detail/log_block__rosidl_typesupport_introspection_cpp.hpp
[2.712s] -- Up-to-date: /home/nicxe/ros2_ws/install/crazyflie_interfaces/include/crazyflie_interfaces/msg/detail/log_block__type_support.cpp
[2.712s] -- Up-to-date: /home/nicxe/ros2_ws/install/crazyflie_interfaces/include/crazyflie_interfaces/msg/detail/full_state__rosidl_typesupport_introspection_cpp.hpp
[2.712s] -- Up-to-date: /home/nicxe/ros2_ws/install/crazyflie_interfaces/include/crazyflie_interfaces/msg/detail/trajectory_polynomial_piece__type_support.cpp
[2.712s] -- Up-to-date: /home/nicxe/ros2_ws/install/crazyflie_interfaces/include/crazyflie_interfaces/msg/detail/velocity_world__type_support.cpp
[2.763s] -- Up-to-date: /home/nicxe/ros2_ws/install/crazyflie_interfaces/lib/libcrazyflie_interfaces__rosidl_typesupport_introspection_cpp.so
[2.813s] -- Up-to-date: /home/nicxe/ros2_ws/install/crazyflie_interfaces/lib/libcrazyflie_interfaces__rosidl_typesupport_cpp.so
[2.813s] -- Up-to-date: /home/nicxe/ros2_ws/install/crazyflie_interfaces/share/crazyflie_interfaces/environment/pythonpath.sh
[2.813s] -- Up-to-date: /home/nicxe/ros2_ws/install/crazyflie_interfaces/share/crazyflie_interfaces/environment/pythonpath.dsv
[2.813s] -- Up-to-date: /home/nicxe/ros2_ws/install/crazyflie_interfaces/lib/python3.8/site-packages/crazyflie_interfaces/__init__.py
[2.870s] -- Up-to-date: /home/nicxe/ros2_ws/install/crazyflie_interfaces/lib/python3.8/site-packages/crazyflie_interfaces/msg
[2.870s] -- Up-to-date: /home/nicxe/ros2_ws/install/crazyflie_interfaces/lib/python3.8/site-packages/crazyflie_interfaces/msg/_hover_s.c
[2.870s] -- Up-to-date: /home/nicxe/ros2_ws/install/crazyflie_interfaces/lib/python3.8/site-packages/crazyflie_interfaces/msg/_position.py
[2.870s] -- Up-to-date: /home/nicxe/ros2_ws/install/crazyflie_interfaces/lib/python3.8/site-packages/crazyflie_interfaces/msg/_trajectory_polynomial_piece_s.c
[2.870s] -- Up-to-date: /home/nicxe/ros2_ws/install/crazyflie_interfaces/lib/python3.8/site-packages/crazyflie_interfaces/msg/_log_block.py
[2.870s] -- Up-to-date: /home/nicxe/ros2_ws/install/crazyflie_interfaces/lib/python3.8/site-packages/crazyflie_interfaces/msg/_velocity_world.py
[2.870s] -- Up-to-date: /home/nicxe/ros2_ws/install/crazyflie_interfaces/lib/python3.8/site-packages/crazyflie_interfaces/msg/_position_s.c
[2.870s] -- Up-to-date: /home/nicxe/ros2_ws/install/crazyflie_interfaces/lib/python3.8/site-packages/crazyflie_interfaces/msg/_hover.py
[2.870s] -- Up-to-date: /home/nicxe/ros2_ws/install/crazyflie_interfaces/lib/python3.8/site-packages/crazyflie_interfaces/msg/_log_data_generic_s.c
[2.870s] -- Up-to-date: /home/nicxe/ros2_ws/install/crazyflie_interfaces/lib/python3.8/site-packages/crazyflie_interfaces/msg/_velocity_world_s.c
[2.870s] -- Up-to-date: /home/nicxe/ros2_ws/install/crazyflie_interfaces/lib/python3.8/site-packages/crazyflie_interfaces/msg/_log_data_generic.py
[2.870s] -- Up-to-date: /home/nicxe/ros2_ws/install/crazyflie_interfaces/lib/python3.8/site-packages/crazyflie_interfaces/msg/_full_state.py
[2.870s] -- Up-to-date: /home/nicxe/ros2_ws/install/crazyflie_interfaces/lib/python3.8/site-packages/crazyflie_interfaces/msg/__init__.py
[2.870s] -- Up-to-date: /home/nicxe/ros2_ws/install/crazyflie_interfaces/lib/python3.8/site-packages/crazyflie_interfaces/msg/_trajectory_polynomial_piece.py
[2.870s] -- Up-to-date: /home/nicxe/ros2_ws/install/crazyflie_interfaces/lib/python3.8/site-packages/crazyflie_interfaces/msg/_log_block_s.c
[2.871s] -- Up-to-date: /home/nicxe/ros2_ws/install/crazyflie_interfaces/lib/python3.8/site-packages/crazyflie_interfaces/msg/_full_state_s.c
[2.871s] -- Up-to-date: /home/nicxe/ros2_ws/install/crazyflie_interfaces/lib/python3.8/site-packages/crazyflie_interfaces/srv
[2.871s] -- Up-to-date: /home/nicxe/ros2_ws/install/crazyflie_interfaces/lib/python3.8/site-packages/crazyflie_interfaces/srv/_upload_trajectory.py
[2.871s] -- Up-to-date: /home/nicxe/ros2_ws/install/crazyflie_interfaces/lib/python3.8/site-packages/crazyflie_interfaces/srv/_start_trajectory.py
[2.871s] -- Up-to-date: /home/nicxe/ros2_ws/install/crazyflie_interfaces/lib/python3.8/site-packages/crazyflie_interfaces/srv/_land.py
[2.871s] -- Up-to-date: /home/nicxe/ros2_ws/install/crazyflie_interfaces/lib/python3.8/site-packages/crazyflie_interfaces/srv/_notify_setpoints_stop_s.c
[2.871s] -- Up-to-date: /home/nicxe/ros2_ws/install/crazyflie_interfaces/lib/python3.8/site-packages/crazyflie_interfaces/srv/_update_params.py
[2.871s] -- Up-to-date: /home/nicxe/ros2_ws/install/crazyflie_interfaces/lib/python3.8/site-packages/crazyflie_interfaces/srv/_go_to.py
[2.871s] -- Up-to-date: /home/nicxe/ros2_ws/install/crazyflie_interfaces/lib/python3.8/site-packages/crazyflie_interfaces/srv/_update_params_s.c
[2.871s] -- Up-to-date: /home/nicxe/ros2_ws/install/crazyflie_interfaces/lib/python3.8/site-packages/crazyflie_interfaces/srv/_add_logging_s.c
[2.871s] -- Up-to-date: /home/nicxe/ros2_ws/install/crazyflie_interfaces/lib/python3.8/site-packages/crazyflie_interfaces/srv/_add_logging.py
[2.871s] -- Up-to-date: /home/nicxe/ros2_ws/install/crazyflie_interfaces/lib/python3.8/site-packages/crazyflie_interfaces/srv/_go_to_s.c
[2.871s] -- Up-to-date: /home/nicxe/ros2_ws/install/crazyflie_interfaces/lib/python3.8/site-packages/crazyflie_interfaces/srv/_takeoff_s.c
[2.871s] -- Up-to-date: /home/nicxe/ros2_ws/install/crazyflie_interfaces/lib/python3.8/site-packages/crazyflie_interfaces/srv/_set_group_mask.py
[2.871s] -- Up-to-date: /home/nicxe/ros2_ws/install/crazyflie_interfaces/lib/python3.8/site-packages/crazyflie_interfaces/srv/_set_group_mask_s.c
[2.871s] -- Up-to-date: /home/nicxe/ros2_ws/install/crazyflie_interfaces/lib/python3.8/site-packages/crazyflie_interfaces/srv/_stop.py
[2.871s] -- Up-to-date: /home/nicxe/ros2_ws/install/crazyflie_interfaces/lib/python3.8/site-packages/crazyflie_interfaces/srv/_takeoff.py
[2.871s] -- Up-to-date: /home/nicxe/ros2_ws/install/crazyflie_interfaces/lib/python3.8/site-packages/crazyflie_interfaces/srv/_remove_logging_s.c
[2.871s] -- Up-to-date: /home/nicxe/ros2_ws/install/crazyflie_interfaces/lib/python3.8/site-packages/crazyflie_interfaces/srv/_notify_setpoints_stop.py
[2.871s] -- Up-to-date: /home/nicxe/ros2_ws/install/crazyflie_interfaces/lib/python3.8/site-packages/crazyflie_interfaces/srv/_start_trajectory_s.c
[2.871s] -- Up-to-date: /home/nicxe/ros2_ws/install/crazyflie_interfaces/lib/python3.8/site-packages/crazyflie_interfaces/srv/_land_s.c
[2.871s] -- Up-to-date: /home/nicxe/ros2_ws/install/crazyflie_interfaces/lib/python3.8/site-packages/crazyflie_interfaces/srv/__init__.py
[2.872s] -- Up-to-date: /home/nicxe/ros2_ws/install/crazyflie_interfaces/lib/python3.8/site-packages/crazyflie_interfaces/srv/_remove_logging.py
[2.872s] -- Up-to-date: /home/nicxe/ros2_ws/install/crazyflie_interfaces/lib/python3.8/site-packages/crazyflie_interfaces/srv/_upload_trajectory_s.c
[2.872s] -- Up-to-date: /home/nicxe/ros2_ws/install/crazyflie_interfaces/lib/python3.8/site-packages/crazyflie_interfaces/srv/_stop_s.c
[2.897s] -- Up-to-date: /home/nicxe/ros2_ws/install/crazyflie_interfaces/lib/python3.8/site-packages/crazyflie_interfaces/crazyflie_interfaces_s__rosidl_typesupport_fastrtps_c.cpython-38-x86_64-linux-gnu.so
[2.914s] -- Up-to-date: /home/nicxe/ros2_ws/install/crazyflie_interfaces/lib/python3.8/site-packages/crazyflie_interfaces/crazyflie_interfaces_s__rosidl_typesupport_introspection_c.cpython-38-x86_64-linux-gnu.so
[2.942s] -- Up-to-date: /home/nicxe/ros2_ws/install/crazyflie_interfaces/lib/python3.8/site-packages/crazyflie_interfaces/crazyflie_interfaces_s__rosidl_typesupport_c.cpython-38-x86_64-linux-gnu.so
[2.959s] -- Up-to-date: /home/nicxe/ros2_ws/install/crazyflie_interfaces/lib/libcrazyflie_interfaces__python.so
[2.966s] -- Up-to-date: /home/nicxe/ros2_ws/install/crazyflie_interfaces/share/crazyflie_interfaces/msg/FullState.idl
[2.966s] -- Up-to-date: /home/nicxe/ros2_ws/install/crazyflie_interfaces/share/crazyflie_interfaces/msg/LogDataGeneric.idl
[2.966s] -- Up-to-date: /home/nicxe/ros2_ws/install/crazyflie_interfaces/share/crazyflie_interfaces/msg/Hover.idl
[2.967s] -- Up-to-date: /home/nicxe/ros2_ws/install/crazyflie_interfaces/share/crazyflie_interfaces/msg/LogBlock.idl
[2.967s] -- Up-to-date: /home/nicxe/ros2_ws/install/crazyflie_interfaces/share/crazyflie_interfaces/msg/Position.idl
[2.967s] -- Up-to-date: /home/nicxe/ros2_ws/install/crazyflie_interfaces/share/crazyflie_interfaces/msg/TrajectoryPolynomialPiece.idl
[2.967s] -- Up-to-date: /home/nicxe/ros2_ws/install/crazyflie_interfaces/share/crazyflie_interfaces/msg/VelocityWorld.idl
[2.967s] -- Up-to-date: /home/nicxe/ros2_ws/install/crazyflie_interfaces/share/crazyflie_interfaces/srv/GoTo.idl
[2.967s] -- Up-to-date: /home/nicxe/ros2_ws/install/crazyflie_interfaces/share/crazyflie_interfaces/srv/Land.idl
[2.967s] -- Up-to-date: /home/nicxe/ros2_ws/install/crazyflie_interfaces/share/crazyflie_interfaces/srv/NotifySetpointsStop.idl
[2.967s] -- Up-to-date: /home/nicxe/ros2_ws/install/crazyflie_interfaces/share/crazyflie_interfaces/srv/SetGroupMask.idl
[2.967s] -- Up-to-date: /home/nicxe/ros2_ws/install/crazyflie_interfaces/share/crazyflie_interfaces/srv/StartTrajectory.idl
[2.967s] -- Up-to-date: /home/nicxe/ros2_ws/install/crazyflie_interfaces/share/crazyflie_interfaces/srv/Stop.idl
[2.968s] -- Up-to-date: /home/nicxe/ros2_ws/install/crazyflie_interfaces/share/crazyflie_interfaces/srv/Takeoff.idl
[2.968s] -- Up-to-date: /home/nicxe/ros2_ws/install/crazyflie_interfaces/share/crazyflie_interfaces/srv/UpdateParams.idl
[2.968s] -- Up-to-date: /home/nicxe/ros2_ws/install/crazyflie_interfaces/share/crazyflie_interfaces/srv/UploadTrajectory.idl
[2.968s] -- Up-to-date: /home/nicxe/ros2_ws/install/crazyflie_interfaces/share/crazyflie_interfaces/srv/RemoveLogging.idl
[2.968s] -- Up-to-date: /home/nicxe/ros2_ws/install/crazyflie_interfaces/share/crazyflie_interfaces/srv/AddLogging.idl
[2.968s] -- Up-to-date: /home/nicxe/ros2_ws/install/crazyflie_interfaces/share/crazyflie_interfaces/msg/FullState.msg
[2.968s] -- Up-to-date: /home/nicxe/ros2_ws/install/crazyflie_interfaces/share/crazyflie_interfaces/msg/LogDataGeneric.msg
[2.968s] -- Up-to-date: /home/nicxe/ros2_ws/install/crazyflie_interfaces/share/crazyflie_interfaces/msg/Hover.msg
[2.968s] -- Up-to-date: /home/nicxe/ros2_ws/install/crazyflie_interfaces/share/crazyflie_interfaces/msg/LogBlock.msg
[2.968s] -- Up-to-date: /home/nicxe/ros2_ws/install/crazyflie_interfaces/share/crazyflie_interfaces/msg/Position.msg
[2.968s] -- Up-to-date: /home/nicxe/ros2_ws/install/crazyflie_interfaces/share/crazyflie_interfaces/msg/TrajectoryPolynomialPiece.msg
[2.968s] -- Up-to-date: /home/nicxe/ros2_ws/install/crazyflie_interfaces/share/crazyflie_interfaces/msg/VelocityWorld.msg
[2.968s] -- Up-to-date: /home/nicxe/ros2_ws/install/crazyflie_interfaces/share/crazyflie_interfaces/srv/GoTo.srv
[2.968s] -- Up-to-date: /home/nicxe/ros2_ws/install/crazyflie_interfaces/share/crazyflie_interfaces/srv/GoTo_Request.msg
[2.968s] -- Up-to-date: /home/nicxe/ros2_ws/install/crazyflie_interfaces/share/crazyflie_interfaces/srv/GoTo_Response.msg
[2.968s] -- Up-to-date: /home/nicxe/ros2_ws/install/crazyflie_interfaces/share/crazyflie_interfaces/srv/Land.srv
[2.968s] -- Up-to-date: /home/nicxe/ros2_ws/install/crazyflie_interfaces/share/crazyflie_interfaces/srv/Land_Request.msg
[2.968s] -- Up-to-date: /home/nicxe/ros2_ws/install/crazyflie_interfaces/share/crazyflie_interfaces/srv/Land_Response.msg
[2.969s] -- Up-to-date: /home/nicxe/ros2_ws/install/crazyflie_interfaces/share/crazyflie_interfaces/srv/NotifySetpointsStop.srv
[2.969s] -- Up-to-date: /home/nicxe/ros2_ws/install/crazyflie_interfaces/share/crazyflie_interfaces/srv/NotifySetpointsStop_Request.msg
[2.969s] -- Up-to-date: /home/nicxe/ros2_ws/install/crazyflie_interfaces/share/crazyflie_interfaces/srv/NotifySetpointsStop_Response.msg
[2.969s] -- Up-to-date: /home/nicxe/ros2_ws/install/crazyflie_interfaces/share/crazyflie_interfaces/srv/SetGroupMask.srv
[2.969s] -- Up-to-date: /home/nicxe/ros2_ws/install/crazyflie_interfaces/share/crazyflie_interfaces/srv/SetGroupMask_Request.msg
[2.969s] -- Up-to-date: /home/nicxe/ros2_ws/install/crazyflie_interfaces/share/crazyflie_interfaces/srv/SetGroupMask_Response.msg
[2.969s] -- Up-to-date: /home/nicxe/ros2_ws/install/crazyflie_interfaces/share/crazyflie_interfaces/srv/StartTrajectory.srv
[2.969s] -- Up-to-date: /home/nicxe/ros2_ws/install/crazyflie_interfaces/share/crazyflie_interfaces/srv/StartTrajectory_Request.msg
[2.969s] -- Up-to-date: /home/nicxe/ros2_ws/install/crazyflie_interfaces/share/crazyflie_interfaces/srv/StartTrajectory_Response.msg
[2.969s] -- Up-to-date: /home/nicxe/ros2_ws/install/crazyflie_interfaces/share/crazyflie_interfaces/srv/Stop.srv
[2.969s] -- Up-to-date: /home/nicxe/ros2_ws/install/crazyflie_interfaces/share/crazyflie_interfaces/srv/Stop_Request.msg
[2.969s] -- Up-to-date: /home/nicxe/ros2_ws/install/crazyflie_interfaces/share/crazyflie_interfaces/srv/Stop_Response.msg
[2.969s] -- Up-to-date: /home/nicxe/ros2_ws/install/crazyflie_interfaces/share/crazyflie_interfaces/srv/Takeoff.srv
[2.969s] -- Up-to-date: /home/nicxe/ros2_ws/install/crazyflie_interfaces/share/crazyflie_interfaces/srv/Takeoff_Request.msg
[2.969s] -- Up-to-date: /home/nicxe/ros2_ws/install/crazyflie_interfaces/share/crazyflie_interfaces/srv/Takeoff_Response.msg
[2.969s] -- Up-to-date: /home/nicxe/ros2_ws/install/crazyflie_interfaces/share/crazyflie_interfaces/srv/UpdateParams.srv
[2.970s] -- Up-to-date: /home/nicxe/ros2_ws/install/crazyflie_interfaces/share/crazyflie_interfaces/srv/UpdateParams_Request.msg
[2.970s] -- Up-to-date: /home/nicxe/ros2_ws/install/crazyflie_interfaces/share/crazyflie_interfaces/srv/UpdateParams_Response.msg
[2.970s] -- Up-to-date: /home/nicxe/ros2_ws/install/crazyflie_interfaces/share/crazyflie_interfaces/srv/UploadTrajectory.srv
[2.970s] -- Up-to-date: /home/nicxe/ros2_ws/install/crazyflie_interfaces/share/crazyflie_interfaces/srv/UploadTrajectory_Request.msg
[2.970s] -- Up-to-date: /home/nicxe/ros2_ws/install/crazyflie_interfaces/share/crazyflie_interfaces/srv/UploadTrajectory_Response.msg
[2.970s] -- Up-to-date: /home/nicxe/ros2_ws/install/crazyflie_interfaces/share/crazyflie_interfaces/srv/RemoveLogging.srv
[2.970s] -- Up-to-date: /home/nicxe/ros2_ws/install/crazyflie_interfaces/share/crazyflie_interfaces/srv/RemoveLogging_Request.msg
[2.970s] -- Up-to-date: /home/nicxe/ros2_ws/install/crazyflie_interfaces/share/crazyflie_interfaces/srv/RemoveLogging_Response.msg
[2.970s] -- Up-to-date: /home/nicxe/ros2_ws/install/crazyflie_interfaces/share/crazyflie_interfaces/srv/AddLogging.srv
[2.970s] -- Up-to-date: /home/nicxe/ros2_ws/install/crazyflie_interfaces/share/crazyflie_interfaces/srv/AddLogging_Request.msg
[2.970s] -- Up-to-date: /home/nicxe/ros2_ws/install/crazyflie_interfaces/share/crazyflie_interfaces/srv/AddLogging_Response.msg
[2.970s] -- Up-to-date: /home/nicxe/ros2_ws/install/crazyflie_interfaces/share/ament_index/resource_index/package_run_dependencies/crazyflie_interfaces
[2.970s] -- Up-to-date: /home/nicxe/ros2_ws/install/crazyflie_interfaces/share/ament_index/resource_index/parent_prefix_path/crazyflie_interfaces
[2.970s] -- Up-to-date: /home/nicxe/ros2_ws/install/crazyflie_interfaces/share/crazyflie_interfaces/environment/ament_prefix_path.sh
[2.970s] -- Up-to-date: /home/nicxe/ros2_ws/install/crazyflie_interfaces/share/crazyflie_interfaces/environment/ament_prefix_path.dsv
[2.970s] -- Up-to-date: /home/nicxe/ros2_ws/install/crazyflie_interfaces/share/crazyflie_interfaces/environment/path.sh
[2.970s] -- Up-to-date: /home/nicxe/ros2_ws/install/crazyflie_interfaces/share/crazyflie_interfaces/environment/path.dsv
[2.970s] -- Up-to-date: /home/nicxe/ros2_ws/install/crazyflie_interfaces/share/crazyflie_interfaces/local_setup.bash
[2.970s] -- Up-to-date: /home/nicxe/ros2_ws/install/crazyflie_interfaces/share/crazyflie_interfaces/local_setup.sh
[2.971s] -- Up-to-date: /home/nicxe/ros2_ws/install/crazyflie_interfaces/share/crazyflie_interfaces/local_setup.zsh
[2.971s] -- Up-to-date: /home/nicxe/ros2_ws/install/crazyflie_interfaces/share/crazyflie_interfaces/local_setup.dsv
[2.971s] -- Installing: /home/nicxe/ros2_ws/install/crazyflie_interfaces/share/crazyflie_interfaces/package.dsv
[2.983s] -- Up-to-date: /home/nicxe/ros2_ws/install/crazyflie_interfaces/share/ament_index/resource_index/packages/crazyflie_interfaces
[3.046s] -- Up-to-date: /home/nicxe/ros2_ws/install/crazyflie_interfaces/share/crazyflie_interfaces/cmake/crazyflie_interfaces__rosidl_generator_cExport.cmake
[3.046s] -- Up-to-date: /home/nicxe/ros2_ws/install/crazyflie_interfaces/share/crazyflie_interfaces/cmake/crazyflie_interfaces__rosidl_generator_cExport-noconfig.cmake
[3.050s] -- Up-to-date: /home/nicxe/ros2_ws/install/crazyflie_interfaces/share/crazyflie_interfaces/cmake/crazyflie_interfaces__rosidl_typesupport_introspection_cExport.cmake
[3.050s] -- Up-to-date: /home/nicxe/ros2_ws/install/crazyflie_interfaces/share/crazyflie_interfaces/cmake/crazyflie_interfaces__rosidl_typesupport_introspection_cExport-noconfig.cmake
[3.067s] -- Up-to-date: /home/nicxe/ros2_ws/install/crazyflie_interfaces/share/crazyflie_interfaces/cmake/crazyflie_interfaces__rosidl_typesupport_cExport.cmake
[3.068s] -- Up-to-date: /home/nicxe/ros2_ws/install/crazyflie_interfaces/share/crazyflie_interfaces/cmake/crazyflie_interfaces__rosidl_typesupport_cExport-noconfig.cmake
[3.157s] -- Up-to-date: /home/nicxe/ros2_ws/install/crazyflie_interfaces/share/crazyflie_interfaces/cmake/crazyflie_interfaces__rosidl_generator_cppExport.cmake
[3.160s] -- Up-to-date: /home/nicxe/ros2_ws/install/crazyflie_interfaces/share/crazyflie_interfaces/cmake/crazyflie_interfaces__rosidl_typesupport_introspection_cppExport.cmake
[3.160s] -- Up-to-date: /home/nicxe/ros2_ws/install/crazyflie_interfaces/share/crazyflie_interfaces/cmake/crazyflie_interfaces__rosidl_typesupport_introspection_cppExport-noconfig.cmake
[3.172s] -- Up-to-date: /home/nicxe/ros2_ws/install/crazyflie_interfaces/share/crazyflie_interfaces/cmake/crazyflie_interfaces__rosidl_typesupport_cppExport.cmake
[3.173s] -- Up-to-date: /home/nicxe/ros2_ws/install/crazyflie_interfaces/share/crazyflie_interfaces/cmake/crazyflie_interfaces__rosidl_typesupport_cppExport-noconfig.cmake
[3.173s] -- Up-to-date: /home/nicxe/ros2_ws/install/crazyflie_interfaces/share/crazyflie_interfaces/cmake/rosidl_cmake-extras.cmake
[3.173s] -- Up-to-date: /home/nicxe/ros2_ws/install/crazyflie_interfaces/share/crazyflie_interfaces/cmake/ament_cmake_export_dependencies-extras.cmake
[3.173s] -- Up-to-date: /home/nicxe/ros2_ws/install/crazyflie_interfaces/share/crazyflie_interfaces/cmake/ament_cmake_export_libraries-extras.cmake
[3.173s] -- Up-to-date: /home/nicxe/ros2_ws/install/crazyflie_interfaces/share/crazyflie_interfaces/cmake/ament_cmake_export_targets-extras.cmake
[3.173s] -- Up-to-date: /home/nicxe/ros2_ws/install/crazyflie_interfaces/share/crazyflie_interfaces/cmake/ament_cmake_export_include_directories-extras.cmake
[3.173s] -- Up-to-date: /home/nicxe/ros2_ws/install/crazyflie_interfaces/share/crazyflie_interfaces/cmake/rosidl_cmake_export_typesupport_libraries-extras.cmake
[3.173s] -- Up-to-date: /home/nicxe/ros2_ws/install/crazyflie_interfaces/share/crazyflie_interfaces/cmake/rosidl_cmake_export_typesupport_targets-extras.cmake
[3.173s] -- Up-to-date: /home/nicxe/ros2_ws/install/crazyflie_interfaces/share/crazyflie_interfaces/cmake/crazyflie_interfacesConfig.cmake
[3.173s] -- Up-to-date: /home/nicxe/ros2_ws/install/crazyflie_interfaces/share/crazyflie_interfaces/cmake/crazyflie_interfacesConfig-version.cmake
[3.173s] -- Up-to-date: /home/nicxe/ros2_ws/install/crazyflie_interfaces/share/crazyflie_interfaces/package.xml
[3.206s] Invoked command in '/home/nicxe/ros2_ws/build/crazyflie_interfaces' returned '0': CMAKE_PREFIX_PATH=${CMAKE_PREFIX_PATH}:/home/nicxe/ros2_ws/install/my_package:/home/nicxe/ros2_ws/install/crazyflie_simulation:/home/nicxe/ros2_ws/install/crazyflie_ros2_simulation:/home/nicxe/ros2_ws/install/crazyflie_ros2_simple_mapper:/home/nicxe/ros2_ws/install/crazyflie_ros2_scan:/home/nicxe/ros2_ws/install/crazyflie_ros2:/home/nicxe/ros2_ws/install/crazyflie_py:/opt/ros/galactic /usr/bin/cmake --install /home/nicxe/ros2_ws/build/crazyflie_interfaces
