[0.820s] Invoking command in '/home/tdeng23/ros2_ws/build/crazyflie_py': AMENT_PREFIX_PATH=/home/tdeng23/ros2_ws/install/crazyflie_interfaces:${AMENT_PREFIX_PATH} CMAKE_PREFIX_PATH=/home/tdeng23/ros2_ws/install/crazyflie_interfaces LD_LIBRARY_PATH=/home/tdeng23/ros2_ws/install/crazyflie_interfaces/lib:${LD_LIBRARY_PATH} PYTHONPATH=/home/tdeng23/ros2_ws/build/crazyflie_py/prefix_override:/home/tdeng23/ros2_ws/install/crazyflie_py/lib/python3.8/site-packages:/home/tdeng23/ros2_ws/install/crazyflie_interfaces/lib/python3.8/site-packages:${PYTHONPATH} /usr/bin/python3 setup.py develop --uninstall --editable --build-directory /home/tdeng23/ros2_ws/build/crazyflie_py/build
[1.054s] running develop
[1.211s] Invoked command in '/home/tdeng23/ros2_ws/build/crazyflie_py' returned '0': AMENT_PREFIX_PATH=/home/tdeng23/ros2_ws/install/crazyflie_interfaces:${AMENT_PREFIX_PATH} CMAKE_PREFIX_PATH=/home/tdeng23/ros2_ws/install/crazyflie_interfaces LD_LIBRARY_PATH=/home/tdeng23/ros2_ws/install/crazyflie_interfaces/lib:${LD_LIBRARY_PATH} PYTHONPATH=/home/tdeng23/ros2_ws/build/crazyflie_py/prefix_override:/home/tdeng23/ros2_ws/install/crazyflie_py/lib/python3.8/site-packages:/home/tdeng23/ros2_ws/install/crazyflie_interfaces/lib/python3.8/site-packages:${PYTHONPATH} /usr/bin/python3 setup.py develop --uninstall --editable --build-directory /home/tdeng23/ros2_ws/build/crazyflie_py/build
[1.213s] Invoking command in '/home/tdeng23/ros2_ws/src/crazyswarm2/crazyflie_py': AMENT_PREFIX_PATH=/home/tdeng23/ros2_ws/install/crazyflie_interfaces:${AMENT_PREFIX_PATH} CMAKE_PREFIX_PATH=/home/tdeng23/ros2_ws/install/crazyflie_interfaces LD_LIBRARY_PATH=/home/tdeng23/ros2_ws/install/crazyflie_interfaces/lib:${LD_LIBRARY_PATH} PYTHONPATH=/home/tdeng23/ros2_ws/build/crazyflie_py/prefix_override:/home/tdeng23/ros2_ws/install/crazyflie_py/lib/python3.8/site-packages:/home/tdeng23/ros2_ws/install/crazyflie_interfaces/lib/python3.8/site-packages:${PYTHONPATH} /usr/bin/python3 setup.py egg_info --egg-base ../../../build/crazyflie_py build --build-base /home/tdeng23/ros2_ws/build/crazyflie_py/build install --record /home/tdeng23/ros2_ws/build/crazyflie_py/install.log --single-version-externally-managed
[1.425s] running egg_info
[1.432s] writing ../../../build/crazyflie_py/crazyflie_py.egg-info/PKG-INFO
[1.435s] writing dependency_links to ../../../build/crazyflie_py/crazyflie_py.egg-info/dependency_links.txt
[1.436s] writing entry points to ../../../build/crazyflie_py/crazyflie_py.egg-info/entry_points.txt
[1.436s] writing requirements to ../../../build/crazyflie_py/crazyflie_py.egg-info/requires.txt
[1.436s] writing top-level names to ../../../build/crazyflie_py/crazyflie_py.egg-info/top_level.txt
[1.466s] reading manifest file '../../../build/crazyflie_py/crazyflie_py.egg-info/SOURCES.txt'
[1.467s] writing manifest file '../../../build/crazyflie_py/crazyflie_py.egg-info/SOURCES.txt'
[1.467s] running build
[1.467s] running build_py
[1.468s] running install
[1.469s] running install_lib
[1.470s] running install_data
[1.471s] running install_egg_info
[1.472s] removing '/home/tdeng23/ros2_ws/install/crazyflie_py/lib/python3.8/site-packages/crazyflie_py-2.0.0-py3.8.egg-info' (and everything under it)
[1.473s] Copying ../../../build/crazyflie_py/crazyflie_py.egg-info to /home/tdeng23/ros2_ws/install/crazyflie_py/lib/python3.8/site-packages/crazyflie_py-2.0.0-py3.8.egg-info
[1.473s] running install_scripts
[1.488s] writing list of installed files to '/home/tdeng23/ros2_ws/build/crazyflie_py/install.log'
[1.508s] Invoked command in '/home/tdeng23/ros2_ws/src/crazyswarm2/crazyflie_py' returned '0': AMENT_PREFIX_PATH=/home/tdeng23/ros2_ws/install/crazyflie_interfaces:${AMENT_PREFIX_PATH} CMAKE_PREFIX_PATH=/home/tdeng23/ros2_ws/install/crazyflie_interfaces LD_LIBRARY_PATH=/home/tdeng23/ros2_ws/install/crazyflie_interfaces/lib:${LD_LIBRARY_PATH} PYTHONPATH=/home/tdeng23/ros2_ws/build/crazyflie_py/prefix_override:/home/tdeng23/ros2_ws/install/crazyflie_py/lib/python3.8/site-packages:/home/tdeng23/ros2_ws/install/crazyflie_interfaces/lib/python3.8/site-packages:${PYTHONPATH} /usr/bin/python3 setup.py egg_info --egg-base ../../../build/crazyflie_py build --build-base /home/tdeng23/ros2_ws/build/crazyflie_py/build install --record /home/tdeng23/ros2_ws/build/crazyflie_py/install.log --single-version-externally-managed
