CMake Warning (dev) at deps/librigidbodytracker/CMakeLists.txt:7 (find_package):
  Policy CMP0074 is not set: find_package uses <PackageName>_ROOT variables.
  Run "cmake --help-policy CMP0074" for policy details.  Use the cmake_policy
  command to set the policy and suppress this warning.

  CMake variable PCL_ROOT is set to:

    /usr

  For compatibility, CMake is ignoring the variable.
This warning is for project developers.  Use -Wno-dev to suppress it.

** WARNING ** io features related to pcap will be disabled
** WARNING ** io features related to png will be disabled
** WARNING ** io features related to libusb-1.0 will be disabled
CMake Warning (dev) at deps/libmotioncapture/CMakeLists.txt:5 (option):
  Policy CMP0077 is not set: option() honors normal variables.  Run "cmake
  --help-policy CMP0077" for policy details.  Use the cmake_policy command to
  set the policy and suppress this warning.

  For compatibility with older versions of CMake, option is clearing the
  normal variable 'LIBMOTIONCAPTURE_BUILD_PYTHON_BINDINGS'.
This warning is for project developers.  Use -Wno-dev to suppress it.

CMake Error at deps/libmotioncapture/deps/vicon-datastream-sdk/CMakeLists.txt:49 (add_executable):
  Cannot find source file:

    Vicon/CrossMarket/DataStream/ViconDataStreamSDK_CPPTest/ViconDataStreamSDK_CPPTest.cpp

  Tried extensions .c .C .c++ .cc .cpp .cxx .cu .m .M .mm .h .hh .h++ .hm
  .hpp .hxx .in .txx


CMake Error at deps/libmotioncapture/deps/vicon-datastream-sdk/CMakeLists.txt:16 (add_library):
  Cannot find source file:

    Vicon/CrossMarket/DataStream/ViconDataStreamSDKCore/CoreClient.cpp

  Tried extensions .c .C .c++ .cc .cpp .cxx .cu .m .M .mm .h .hh .h++ .hm
  .hpp .hxx .in .txx


CMake Error at deps/libmotioncapture/deps/vicon-datastream-sdk/CMakeLists.txt:49 (add_executable):
  No SOURCES given to target: ViconDataStreamSDK_CPPTest


CMake Error at deps/libmotioncapture/deps/vicon-datastream-sdk/CMakeLists.txt:16 (add_library):
  No SOURCES given to target: ViconDataStreamSDK_CPP


CMake Generate step failed.  Build files cannot be regenerated correctly.
