[0.014s] Invoking command in '/home/tdeng23/ros2_ws/build/crazyflie_examples': AMENT_PREFIX_PATH=/home/tdeng23/ros2_ws/install/crazyflie_py:/home/tdeng23/ros2_ws/install/crazyflie_interfaces:${AMENT_PREFIX_PATH} CMAKE_PREFIX_PATH=/home/tdeng23/ros2_ws/install/crazyflie_interfaces:/opt/ros/galactic LD_LIBRARY_PATH=/home/tdeng23/ros2_ws/install/crazyflie_interfaces/lib:${LD_LIBRARY_PATH} PYTHONPATH=/home/tdeng23/ros2_ws/install/crazyflie_py/lib/python3.8/site-packages:/home/tdeng23/ros2_ws/install/crazyflie_interfaces/lib/python3.8/site-packages:${PYTHONPATH} /home/tdeng23/.local/bin/cmake --build /home/tdeng23/ros2_ws/build/crazyflie_examples -- -j8 -l8
[0.083s] Built target ament_cmake_python_symlink_crazyflie_examples
[0.083s] Built target ament_cmake_python_symlink_crazyflie_examples_setup
[0.300s] running install_scripts
[0.302s] running egg_info
[0.303s] writing crazyflie_examples.egg-info/PKG-INFO
[0.304s] writing dependency_links to crazyflie_examples.egg-info/dependency_links.txt
[0.304s] writing entry points to crazyflie_examples.egg-info/entry_points.txt
[0.304s] writing top-level names to crazyflie_examples.egg-info/top_level.txt
[0.321s] running egg_info
[0.322s] writing crazyflie_examples.egg-info/PKG-INFO
[0.322s] writing dependency_links to crazyflie_examples.egg-info/dependency_links.txt
[0.323s] writing entry points to crazyflie_examples.egg-info/entry_points.txt
[0.323s] writing top-level names to crazyflie_examples.egg-info/top_level.txt
[0.337s] reading manifest file 'crazyflie_examples.egg-info/SOURCES.txt'
[0.337s] writing manifest file 'crazyflie_examples.egg-info/SOURCES.txt'
[0.359s] reading manifest file 'crazyflie_examples.egg-info/SOURCES.txt'
[0.360s] writing manifest file 'crazyflie_examples.egg-info/SOURCES.txt'
[0.362s] Installing cmd_full_state script to scripts
[0.362s] Installing figure8 script to scripts
[0.362s] Installing hello_world script to scripts
[0.362s] Installing multi_trajectory script to scripts
[0.363s] Installing nice_hover script to scripts
[0.363s] Installing set_param script to scripts
[0.366s] Built target ament_cmake_python_build_crazyflie_examples_egg
[0.390s] Built target ament_cmake_python_build_crazyflie_examples_scripts
[0.407s] Invoked command in '/home/tdeng23/ros2_ws/build/crazyflie_examples' returned '0': AMENT_PREFIX_PATH=/home/tdeng23/ros2_ws/install/crazyflie_py:/home/tdeng23/ros2_ws/install/crazyflie_interfaces:${AMENT_PREFIX_PATH} CMAKE_PREFIX_PATH=/home/tdeng23/ros2_ws/install/crazyflie_interfaces:/opt/ros/galactic LD_LIBRARY_PATH=/home/tdeng23/ros2_ws/install/crazyflie_interfaces/lib:${LD_LIBRARY_PATH} PYTHONPATH=/home/tdeng23/ros2_ws/install/crazyflie_py/lib/python3.8/site-packages:/home/tdeng23/ros2_ws/install/crazyflie_interfaces/lib/python3.8/site-packages:${PYTHONPATH} /home/tdeng23/.local/bin/cmake --build /home/tdeng23/ros2_ws/build/crazyflie_examples -- -j8 -l8
[0.484s] Invoking command in '/home/tdeng23/ros2_ws/build/crazyflie_examples': AMENT_PREFIX_PATH=/home/tdeng23/ros2_ws/install/crazyflie_py:/home/tdeng23/ros2_ws/install/crazyflie_interfaces:${AMENT_PREFIX_PATH} CMAKE_PREFIX_PATH=/home/tdeng23/ros2_ws/install/crazyflie_interfaces:/opt/ros/galactic LD_LIBRARY_PATH=/home/tdeng23/ros2_ws/install/crazyflie_interfaces/lib:${LD_LIBRARY_PATH} PYTHONPATH=/home/tdeng23/ros2_ws/install/crazyflie_py/lib/python3.8/site-packages:/home/tdeng23/ros2_ws/install/crazyflie_interfaces/lib/python3.8/site-packages:${PYTHONPATH} /home/tdeng23/.local/bin/cmake --install /home/tdeng23/ros2_ws/build/crazyflie_examples
[0.513s] -- Install configuration: ""
[0.513s] -- Execute custom install script
[0.514s] -- Up-to-date symlink: /home/tdeng23/ros2_ws/install/crazyflie_examples/share/crazyflie_examples/environment/pythonpath.sh
[0.514s] -- Up-to-date symlink: /home/tdeng23/ros2_ws/install/crazyflie_examples/share/crazyflie_examples/environment/pythonpath.dsv
[0.515s] -- Up-to-date symlink: /home/tdeng23/ros2_ws/install/crazyflie_examples/lib/python3.8/site-packages//crazyflie_examples.egg-info/PKG-INFO
[0.516s] -- Up-to-date symlink: /home/tdeng23/ros2_ws/install/crazyflie_examples/lib/python3.8/site-packages//crazyflie_examples.egg-info/SOURCES.txt
[0.516s] -- Up-to-date symlink: /home/tdeng23/ros2_ws/install/crazyflie_examples/lib/python3.8/site-packages//crazyflie_examples.egg-info/dependency_links.txt
[0.516s] -- Up-to-date symlink: /home/tdeng23/ros2_ws/install/crazyflie_examples/lib/python3.8/site-packages//crazyflie_examples.egg-info/entry_points.txt
[0.516s] -- Up-to-date symlink: /home/tdeng23/ros2_ws/install/crazyflie_examples/lib/python3.8/site-packages//crazyflie_examples.egg-info/top_level.txt
[0.517s] -- Up-to-date symlink: /home/tdeng23/ros2_ws/install/crazyflie_examples/lib/crazyflie_examples//cmd_full_state
[0.517s] -- Up-to-date symlink: /home/tdeng23/ros2_ws/install/crazyflie_examples/lib/crazyflie_examples//figure8
[0.517s] -- Up-to-date symlink: /home/tdeng23/ros2_ws/install/crazyflie_examples/lib/crazyflie_examples//hello_world
[0.517s] -- Up-to-date symlink: /home/tdeng23/ros2_ws/install/crazyflie_examples/lib/crazyflie_examples//multi_trajectory
[0.517s] -- Up-to-date symlink: /home/tdeng23/ros2_ws/install/crazyflie_examples/lib/crazyflie_examples//nice_hover
[0.517s] -- Up-to-date symlink: /home/tdeng23/ros2_ws/install/crazyflie_examples/lib/crazyflie_examples//set_param
[0.518s] -- Up-to-date symlink: /home/tdeng23/ros2_ws/install/crazyflie_examples/lib/python3.8/site-packages/crazyflie_examples/__init__.py
[0.518s] -- Up-to-date symlink: /home/tdeng23/ros2_ws/install/crazyflie_examples/lib/python3.8/site-packages/crazyflie_examples/cmd_full_state.py
[0.518s] -- Up-to-date symlink: /home/tdeng23/ros2_ws/install/crazyflie_examples/lib/python3.8/site-packages/crazyflie_examples/data/figure8.csv
[0.519s] -- Up-to-date symlink: /home/tdeng23/ros2_ws/install/crazyflie_examples/lib/python3.8/site-packages/crazyflie_examples/data/multi_trajectory/traj0.csv
[0.519s] -- Up-to-date symlink: /home/tdeng23/ros2_ws/install/crazyflie_examples/lib/python3.8/site-packages/crazyflie_examples/data/multi_trajectory/traj1.csv
[0.519s] -- Up-to-date symlink: /home/tdeng23/ros2_ws/install/crazyflie_examples/lib/python3.8/site-packages/crazyflie_examples/figure8.py
[0.520s] -- Up-to-date symlink: /home/tdeng23/ros2_ws/install/crazyflie_examples/lib/python3.8/site-packages/crazyflie_examples/hello_world.py
[0.520s] -- Up-to-date symlink: /home/tdeng23/ros2_ws/install/crazyflie_examples/lib/python3.8/site-packages/crazyflie_examples/multi_trajectory.py
[0.520s] -- Up-to-date symlink: /home/tdeng23/ros2_ws/install/crazyflie_examples/lib/python3.8/site-packages/crazyflie_examples/nice_hover.py
[0.525s] -- Up-to-date symlink: /home/tdeng23/ros2_ws/install/crazyflie_examples/lib/python3.8/site-packages/crazyflie_examples/set_param.py
[0.525s] -- Up-to-date symlink: /home/tdeng23/ros2_ws/install/crazyflie_examples/share/crazyflie_examples//config/nav2_params.yaml
[0.525s] -- Up-to-date symlink: /home/tdeng23/ros2_ws/install/crazyflie_examples/share/crazyflie_examples//config/nav2_view.rviz
[0.525s] -- Up-to-date symlink: /home/tdeng23/ros2_ws/install/crazyflie_examples/share/crazyflie_examples//data/map.data
[0.526s] -- Up-to-date symlink: /home/tdeng23/ros2_ws/install/crazyflie_examples/share/crazyflie_examples//data/map.pgm
[0.526s] -- Up-to-date symlink: /home/tdeng23/ros2_ws/install/crazyflie_examples/share/crazyflie_examples//data/map.posegraph
[0.526s] -- Up-to-date symlink: /home/tdeng23/ros2_ws/install/crazyflie_examples/share/crazyflie_examples//data/map.yaml
[0.526s] -- Up-to-date symlink: /home/tdeng23/ros2_ws/install/crazyflie_examples/share/crazyflie_examples//launch/keyboard_velmux_launch.py
[0.526s] -- Up-to-date symlink: /home/tdeng23/ros2_ws/install/crazyflie_examples/share/crazyflie_examples//launch/multiranger_mapping_launch.py
[0.527s] -- Up-to-date symlink: /home/tdeng23/ros2_ws/install/crazyflie_examples/share/crazyflie_examples//launch/multiranger_nav2_launch.py
[0.529s] -- Up-to-date symlink: /home/tdeng23/ros2_ws/install/crazyflie_examples/share/ament_index/resource_index/package_run_dependencies/crazyflie_examples
[0.529s] -- Up-to-date symlink: /home/tdeng23/ros2_ws/install/crazyflie_examples/share/ament_index/resource_index/parent_prefix_path/crazyflie_examples
[0.529s] -- Up-to-date symlink: /home/tdeng23/ros2_ws/install/crazyflie_examples/share/crazyflie_examples/environment/ament_prefix_path.sh
[0.529s] -- Up-to-date symlink: /home/tdeng23/ros2_ws/install/crazyflie_examples/share/crazyflie_examples/environment/ament_prefix_path.dsv
[0.530s] -- Up-to-date symlink: /home/tdeng23/ros2_ws/install/crazyflie_examples/share/crazyflie_examples/environment/path.sh
[0.530s] -- Up-to-date symlink: /home/tdeng23/ros2_ws/install/crazyflie_examples/share/crazyflie_examples/environment/path.dsv
[0.530s] -- Up-to-date symlink: /home/tdeng23/ros2_ws/install/crazyflie_examples/share/crazyflie_examples/local_setup.bash
[0.530s] -- Up-to-date symlink: /home/tdeng23/ros2_ws/install/crazyflie_examples/share/crazyflie_examples/local_setup.sh
[0.531s] -- Up-to-date symlink: /home/tdeng23/ros2_ws/install/crazyflie_examples/share/crazyflie_examples/local_setup.zsh
[0.531s] -- Up-to-date symlink: /home/tdeng23/ros2_ws/install/crazyflie_examples/share/crazyflie_examples/local_setup.dsv
[0.531s] -- Symlinking: /home/tdeng23/ros2_ws/install/crazyflie_examples/share/crazyflie_examples/package.dsv
[0.539s] -- Up-to-date symlink: /home/tdeng23/ros2_ws/install/crazyflie_examples/share/ament_index/resource_index/packages/crazyflie_examples
[0.540s] -- Up-to-date symlink: /home/tdeng23/ros2_ws/install/crazyflie_examples/share/crazyflie_examples/cmake/crazyflie_examplesConfig.cmake
[0.540s] -- Up-to-date symlink: /home/tdeng23/ros2_ws/install/crazyflie_examples/share/crazyflie_examples/cmake/crazyflie_examplesConfig-version.cmake
[0.540s] -- Up-to-date symlink: /home/tdeng23/ros2_ws/install/crazyflie_examples/share/crazyflie_examples/package.xml
[0.567s] Listing '/home/tdeng23/ros2_ws/install/crazyflie_examples/lib/python3.8/site-packages/crazyflie_examples'...
[0.567s] Listing '/home/tdeng23/ros2_ws/install/crazyflie_examples/lib/python3.8/site-packages/crazyflie_examples/data'...
[0.567s] Listing '/home/tdeng23/ros2_ws/install/crazyflie_examples/lib/python3.8/site-packages/crazyflie_examples/data/multi_trajectory'...
[0.577s] Invoked command in '/home/tdeng23/ros2_ws/build/crazyflie_examples' returned '0': AMENT_PREFIX_PATH=/home/tdeng23/ros2_ws/install/crazyflie_py:/home/tdeng23/ros2_ws/install/crazyflie_interfaces:${AMENT_PREFIX_PATH} CMAKE_PREFIX_PATH=/home/tdeng23/ros2_ws/install/crazyflie_interfaces:/opt/ros/galactic LD_LIBRARY_PATH=/home/tdeng23/ros2_ws/install/crazyflie_interfaces/lib:${LD_LIBRARY_PATH} PYTHONPATH=/home/tdeng23/ros2_ws/install/crazyflie_py/lib/python3.8/site-packages:/home/tdeng23/ros2_ws/install/crazyflie_interfaces/lib/python3.8/site-packages:${PYTHONPATH} /home/tdeng23/.local/bin/cmake --install /home/tdeng23/ros2_ws/build/crazyflie_examples
