[1.657s] Invoking command in '/home/tdeng23/ros2_ws/src/crazyswarm2/crazyflie_ros2_simple_mapper': PYTHONPATH=/home/tdeng23/ros2_ws/build/crazyflie_ros2_simple_mapper/prefix_override:/home/tdeng23/ros2_ws/install/crazyflie_ros2_simple_mapper/lib/python3.8/site-packages:${PYTHONPATH} /usr/bin/python3 setup.py egg_info --egg-base ../../../build/crazyflie_ros2_simple_mapper build --build-base /home/tdeng23/ros2_ws/build/crazyflie_ros2_simple_mapper/build install --record /home/tdeng23/ros2_ws/build/crazyflie_ros2_simple_mapper/install.log --single-version-externally-managed
[2.020s] running egg_info
[2.021s] writing ../../../build/crazyflie_ros2_simple_mapper/crazyflie_ros2_simple_mapper.egg-info/PKG-INFO
[2.021s] writing dependency_links to ../../../build/crazyflie_ros2_simple_mapper/crazyflie_ros2_simple_mapper.egg-info/dependency_links.txt
[2.021s] writing entry points to ../../../build/crazyflie_ros2_simple_mapper/crazyflie_ros2_simple_mapper.egg-info/entry_points.txt
[2.022s] writing requirements to ../../../build/crazyflie_ros2_simple_mapper/crazyflie_ros2_simple_mapper.egg-info/requires.txt
[2.022s] writing top-level names to ../../../build/crazyflie_ros2_simple_mapper/crazyflie_ros2_simple_mapper.egg-info/top_level.txt
[2.083s] reading manifest file '../../../build/crazyflie_ros2_simple_mapper/crazyflie_ros2_simple_mapper.egg-info/SOURCES.txt'
[2.084s] writing manifest file '../../../build/crazyflie_ros2_simple_mapper/crazyflie_ros2_simple_mapper.egg-info/SOURCES.txt'
[2.084s] running build
[2.084s] running build_py
[2.085s] running install
[2.086s] running install_lib
[2.087s] running install_data
[2.088s] running install_egg_info
[2.090s] removing '/home/tdeng23/ros2_ws/install/crazyflie_ros2_simple_mapper/lib/python3.8/site-packages/crazyflie_ros2_simple_mapper-0.0.0-py3.8.egg-info' (and everything under it)
[2.090s] Copying ../../../build/crazyflie_ros2_simple_mapper/crazyflie_ros2_simple_mapper.egg-info to /home/tdeng23/ros2_ws/install/crazyflie_ros2_simple_mapper/lib/python3.8/site-packages/crazyflie_ros2_simple_mapper-0.0.0-py3.8.egg-info
[2.090s] running install_scripts
[2.106s] Installing simple_mapper script to /home/tdeng23/ros2_ws/install/crazyflie_ros2_simple_mapper/lib/crazyflie_ros2_simple_mapper
[2.107s] writing list of installed files to '/home/tdeng23/ros2_ws/build/crazyflie_ros2_simple_mapper/install.log'
[2.446s] Invoked command in '/home/tdeng23/ros2_ws/src/crazyswarm2/crazyflie_ros2_simple_mapper' returned '0': PYTHONPATH=/home/tdeng23/ros2_ws/build/crazyflie_ros2_simple_mapper/prefix_override:/home/tdeng23/ros2_ws/install/crazyflie_ros2_simple_mapper/lib/python3.8/site-packages:${PYTHONPATH} /usr/bin/python3 setup.py egg_info --egg-base ../../../build/crazyflie_ros2_simple_mapper build --build-base /home/tdeng23/ros2_ws/build/crazyflie_ros2_simple_mapper/build install --record /home/tdeng23/ros2_ws/build/crazyflie_ros2_simple_mapper/install.log --single-version-externally-managed
