[0.670s] Invoking command in '/home/tdeng23/ros2_ws/src/build/crazyflie': AMENT_PREFIX_PATH=/home/tdeng23/ros2_ws/src/install/motion_capture_tracking_interfaces:/home/tdeng23/ros2_ws/src/install/crazyflie_interfaces:${AMENT_PREFIX_PATH} CMAKE_PREFIX_PATH=/home/tdeng23/ros2_ws/src/install/motion_capture_tracking_interfaces:/home/tdeng23/ros2_ws/src/install/crazyflie_interfaces:/home/tdeng23/ros2_ws/install/motion_capture_tracking:/home/tdeng23/ros2_ws/install/crazyflie:/home/tdeng23/ros2_ws/install/motion_capture_tracking_interfaces:/home/tdeng23/ros2_ws/install/crazyflie_sim:/home/tdeng23/ros2_ws/install/crazyflie_ros2_slam:/home/tdeng23/ros2_ws/install/crazyflie_ros2_navigation:/home/tdeng23/ros2_ws/install/crazyflie_ros2_interfaces:/home/tdeng23/ros2_ws/install/crazyflie_ros2_description:/home/tdeng23/ros2_ws/install/crazyflie_examples:/home/tdeng23/ros2_ws/install/crazyflie_interfaces:/home/tdeng23/ros2_ws/install/my_package:/home/tdeng23/ros2_ws/install/crazyflie_simulation:/home/tdeng23/ros2_ws/install/crazyflie_ros2_simulation:/home/tdeng23/ros2_ws/install/crazyflie_ros2_simple_mapper:/home/tdeng23/ros2_ws/install/crazyflie_ros2_scan:/home/tdeng23/ros2_ws/install/crazyflie_ros2:/home/tdeng23/ros2_ws/install/crazyflie_py:/opt/ros/galactic LD_LIBRARY_PATH=/home/tdeng23/ros2_ws/src/install/motion_capture_tracking_interfaces/lib:/home/tdeng23/ros2_ws/src/install/crazyflie_interfaces/lib:${LD_LIBRARY_PATH} PYTHONPATH=/home/tdeng23/ros2_ws/src/install/motion_capture_tracking_interfaces/lib/python3.8/site-packages:/home/tdeng23/ros2_ws/src/install/crazyflie_interfaces/lib/python3.8/site-packages:${PYTHONPATH} /home/tdeng23/.local/bin/cmake /home/tdeng23/ros2_ws/src/crazyswarm2/crazyflie -DAMENT_CMAKE_SYMLINK_INSTALL=1 -DCMAKE_INSTALL_PREFIX=/home/tdeng23/ros2_ws/src/install/crazyflie
[1.067s] -- The C compiler identification is GNU 9.4.0
[1.256s] -- The CXX compiler identification is GNU 9.4.0
[1.281s] -- Detecting C compiler ABI info
[1.531s] -- Detecting C compiler ABI info - done
[1.573s] -- Check for working C compiler: /usr/bin/cc - skipped
[1.573s] -- Detecting C compile features
[1.574s] -- Detecting C compile features - done
[1.580s] -- Detecting CXX compiler ABI info
[1.981s] -- Detecting CXX compiler ABI info - done
[2.020s] -- Check for working CXX compiler: /usr/bin/c++ - skipped
[2.021s] -- Detecting CXX compile features
[2.022s] -- Detecting CXX compile features - done
[2.036s] -- Found ament_cmake: 1.1.6 (/opt/ros/galactic/share/ament_cmake/cmake)
[2.162s] -- Found PythonInterp: /usr/bin/python3 (found suitable version "3.8.10", minimum required is "3") 
[2.162s] -- Using PYTHON_EXECUTABLE: /usr/bin/python3
[2.325s] -- Override CMake install command with custom implementation using symlinks instead of copying resources
[2.402s] -- Found rclcpp: 9.2.2 (/opt/ros/galactic/share/rclcpp/cmake)
[2.565s] -- Using all available rosidl_typesupport_c: rosidl_typesupport_fastrtps_c;rosidl_typesupport_introspection_c
[2.586s] -- Found rosidl_adapter: 2.2.3 (/opt/ros/galactic/share/rosidl_adapter/cmake)
[3.057s] -- Found OpenSSL: /usr/lib/x86_64-linux-gnu/libcrypto.so (found version "1.1.1f")  
[3.206s] -- Found FastRTPS: /opt/ros/galactic/include  
[3.416s] -- Using all available rosidl_typesupport_cpp: rosidl_typesupport_fastrtps_cpp;rosidl_typesupport_introspection_cpp
[3.695s] -- Found rmw_implementation_cmake: 3.3.1 (/opt/ros/galactic/share/rmw_implementation_cmake/cmake)
[3.720s] -- Found rmw_cyclonedds_cpp: 0.22.6 (/opt/ros/galactic/share/rmw_cyclonedds_cpp/cmake)
[3.774s] -- Using RMW implementation 'rmw_cyclonedds_cpp' as default
[3.775s] -- Performing Test CMAKE_HAVE_LIBC_PTHREAD
[4.179s] -- Performing Test CMAKE_HAVE_LIBC_PTHREAD - Failed
[4.179s] -- Looking for pthread_create in pthreads
[4.413s] -- Looking for pthread_create in pthreads - not found
[4.414s] -- Looking for pthread_create in pthread
[4.716s] -- Looking for pthread_create in pthread - found
[4.718s] -- Found Threads: TRUE  
[5.083s] -- Found tf2_ros: 0.17.5 (/opt/ros/galactic/share/tf2_ros/cmake)
[5.988s] -- Found rclpy: 1.9.3 (/opt/ros/galactic/share/rclpy/cmake)
[5.992s] -- Found std_srvs: 2.2.4 (/opt/ros/galactic/share/std_srvs/cmake)
[6.014s] -- Found sensor_msgs: 2.2.4 (/opt/ros/galactic/share/sensor_msgs/cmake)
[6.150s] -- Found crazyflie_interfaces: 2.0.0 (/home/tdeng23/ros2_ws/src/install/crazyflie_interfaces/share/crazyflie_interfaces/cmake)
[6.351s] -- Found motion_capture_tracking_interfaces: 1.0.0 (/home/tdeng23/ros2_ws/src/install/motion_capture_tracking_interfaces/share/motion_capture_tracking_interfaces/cmake)
[6.610s] -- Found Boost: /usr/lib/x86_64-linux-gnu/cmake/Boost-1.71.0/BoostConfig.cmake (found version "1.71.0") found components: program_options 
[6.623s] -- Found libusb: /usr/lib/x86_64-linux-gnu/libusb-1.0.so  
[6.806s] -- Configuring done (6.0s)
[6.875s] -- Generating done (0.0s)
[6.881s] -- Build files have been written to: /home/tdeng23/ros2_ws/src/build/crazyflie
[6.915s] Invoked command in '/home/tdeng23/ros2_ws/src/build/crazyflie' returned '0': AMENT_PREFIX_PATH=/home/tdeng23/ros2_ws/src/install/motion_capture_tracking_interfaces:/home/tdeng23/ros2_ws/src/install/crazyflie_interfaces:${AMENT_PREFIX_PATH} CMAKE_PREFIX_PATH=/home/tdeng23/ros2_ws/src/install/motion_capture_tracking_interfaces:/home/tdeng23/ros2_ws/src/install/crazyflie_interfaces:/home/tdeng23/ros2_ws/install/motion_capture_tracking:/home/tdeng23/ros2_ws/install/crazyflie:/home/tdeng23/ros2_ws/install/motion_capture_tracking_interfaces:/home/tdeng23/ros2_ws/install/crazyflie_sim:/home/tdeng23/ros2_ws/install/crazyflie_ros2_slam:/home/tdeng23/ros2_ws/install/crazyflie_ros2_navigation:/home/tdeng23/ros2_ws/install/crazyflie_ros2_interfaces:/home/tdeng23/ros2_ws/install/crazyflie_ros2_description:/home/tdeng23/ros2_ws/install/crazyflie_examples:/home/tdeng23/ros2_ws/install/crazyflie_interfaces:/home/tdeng23/ros2_ws/install/my_package:/home/tdeng23/ros2_ws/install/crazyflie_simulation:/home/tdeng23/ros2_ws/install/crazyflie_ros2_simulation:/home/tdeng23/ros2_ws/install/crazyflie_ros2_simple_mapper:/home/tdeng23/ros2_ws/install/crazyflie_ros2_scan:/home/tdeng23/ros2_ws/install/crazyflie_ros2:/home/tdeng23/ros2_ws/install/crazyflie_py:/opt/ros/galactic LD_LIBRARY_PATH=/home/tdeng23/ros2_ws/src/install/motion_capture_tracking_interfaces/lib:/home/tdeng23/ros2_ws/src/install/crazyflie_interfaces/lib:${LD_LIBRARY_PATH} PYTHONPATH=/home/tdeng23/ros2_ws/src/install/motion_capture_tracking_interfaces/lib/python3.8/site-packages:/home/tdeng23/ros2_ws/src/install/crazyflie_interfaces/lib/python3.8/site-packages:${PYTHONPATH} /home/tdeng23/.local/bin/cmake /home/tdeng23/ros2_ws/src/crazyswarm2/crazyflie -DAMENT_CMAKE_SYMLINK_INSTALL=1 -DCMAKE_INSTALL_PREFIX=/home/tdeng23/ros2_ws/src/install/crazyflie
[6.916s] Invoking command in '/home/tdeng23/ros2_ws/src/build/crazyflie': AMENT_PREFIX_PATH=/home/tdeng23/ros2_ws/src/install/motion_capture_tracking_interfaces:/home/tdeng23/ros2_ws/src/install/crazyflie_interfaces:${AMENT_PREFIX_PATH} CMAKE_PREFIX_PATH=/home/tdeng23/ros2_ws/src/install/motion_capture_tracking_interfaces:/home/tdeng23/ros2_ws/src/install/crazyflie_interfaces:/home/tdeng23/ros2_ws/install/motion_capture_tracking:/home/tdeng23/ros2_ws/install/crazyflie:/home/tdeng23/ros2_ws/install/motion_capture_tracking_interfaces:/home/tdeng23/ros2_ws/install/crazyflie_sim:/home/tdeng23/ros2_ws/install/crazyflie_ros2_slam:/home/tdeng23/ros2_ws/install/crazyflie_ros2_navigation:/home/tdeng23/ros2_ws/install/crazyflie_ros2_interfaces:/home/tdeng23/ros2_ws/install/crazyflie_ros2_description:/home/tdeng23/ros2_ws/install/crazyflie_examples:/home/tdeng23/ros2_ws/install/crazyflie_interfaces:/home/tdeng23/ros2_ws/install/my_package:/home/tdeng23/ros2_ws/install/crazyflie_simulation:/home/tdeng23/ros2_ws/install/crazyflie_ros2_simulation:/home/tdeng23/ros2_ws/install/crazyflie_ros2_simple_mapper:/home/tdeng23/ros2_ws/install/crazyflie_ros2_scan:/home/tdeng23/ros2_ws/install/crazyflie_ros2:/home/tdeng23/ros2_ws/install/crazyflie_py:/opt/ros/galactic LD_LIBRARY_PATH=/home/tdeng23/ros2_ws/src/install/motion_capture_tracking_interfaces/lib:/home/tdeng23/ros2_ws/src/install/crazyflie_interfaces/lib:${LD_LIBRARY_PATH} PYTHONPATH=/home/tdeng23/ros2_ws/src/install/motion_capture_tracking_interfaces/lib/python3.8/site-packages:/home/tdeng23/ros2_ws/src/install/crazyflie_interfaces/lib/python3.8/site-packages:${PYTHONPATH} /home/tdeng23/.local/bin/cmake --build /home/tdeng23/ros2_ws/src/build/crazyflie -- -j8 -l8
[7.024s] [  2%] [32mBuilding CXX object CMakeFiles/teleop.dir/src/teleop.cpp.o[0m
[7.030s] [  5%] [32mBuilding CXX object deps/crazyflie_tools/crazyflie_cpp/crazyflie-link-cpp/CMakeFiles/crazyflieLinkCpp.dir/src/USBManager.cpp.o[0m
[7.036s] [  8%] [32mBuilding CXX object deps/crazyflie_tools/crazyflie_cpp/crazyflie-link-cpp/CMakeFiles/crazyflieLinkCpp.dir/src/Connection.cpp.o[0m
[7.063s] [ 11%] [32mBuilding CXX object deps/crazyflie_tools/crazyflie_cpp/crazyflie-link-cpp/CMakeFiles/crazyflieLinkCpp.dir/src/USBDevice.cpp.o[0m
[7.088s] [ 13%] [32mBuilding CXX object deps/crazyflie_tools/crazyflie_cpp/crazyflie-link-cpp/CMakeFiles/crazyflieLinkCpp.dir/src/Crazyradio.cpp.o[0m
[7.107s] [ 16%] [32mBuilding CXX object deps/crazyflie_tools/crazyflie_cpp/crazyflie-link-cpp/CMakeFiles/crazyflieLinkCpp.dir/src/CrazyradioThread.cpp.o[0m
[7.164s] [ 19%] [32mBuilding CXX object deps/crazyflie_tools/crazyflie_cpp/crazyflie-link-cpp/CMakeFiles/crazyflieLinkCpp.dir/src/CrazyflieUSB.cpp.o[0m
[7.201s] [ 22%] [32mBuilding CXX object deps/crazyflie_tools/crazyflie_cpp/crazyflie-link-cpp/CMakeFiles/crazyflieLinkCpp.dir/src/CrazyflieUSBThread.cpp.o[0m
[7.827s] [ 25%] [32mBuilding CXX object deps/crazyflie_tools/crazyflie_cpp/crazyflie-link-cpp/CMakeFiles/crazyflieLinkCpp.dir/src/Version.cpp.o[0m
[12.224s] [ 27%] [32m[1mLinking CXX static library libcrazyflieLinkCpp.a[0m
[12.278s] [ 27%] Built target crazyflieLinkCpp
[12.290s] [ 33%] [32mBuilding CXX object deps/crazyflie_tools/crazyflie_cpp/CMakeFiles/crazyflie_cpp.dir/src/crtp.cpp.o[0m
[12.290s] [ 33%] [32mBuilding CXX object deps/crazyflie_tools/crazyflie_cpp/CMakeFiles/crazyflie_cpp.dir/src/Crazyflie.cpp.o[0m
[16.879s] [ 36%] [32m[1mLinking CXX static library libcrazyflie_cpp.a[0m
[16.915s] [ 36%] Built target crazyflie_cpp
[16.932s] [ 38%] [32mBuilding CXX object CMakeFiles/crazyflie_server.dir/src/crazyflie_server.cpp.o[0m
[16.934s] [ 41%] [32mBuilding CXX object deps/crazyflie_tools/CMakeFiles/listParams.dir/src/listParams.cpp.o[0m
[16.940s] [ 44%] [32mBuilding CXX object deps/crazyflie_tools/CMakeFiles/scan.dir/src/scan.cpp.o[0m
[16.944s] [ 47%] [32mBuilding CXX object deps/crazyflie_tools/CMakeFiles/listMemories.dir/src/listMemories.cpp.o[0m
[16.960s] [ 50%] [32mBuilding CXX object deps/crazyflie_tools/CMakeFiles/listLogVariables.dir/src/listLogVariables.cpp.o[0m
[16.964s] [ 52%] [32mBuilding CXX object deps/crazyflie_tools/CMakeFiles/reboot.dir/src/reboot.cpp.o[0m
[16.968s] [ 55%] [32mBuilding CXX object deps/crazyflie_tools/CMakeFiles/battery.dir/src/battery.cpp.o[0m
[20.226s] [ 58%] [32m[1mLinking CXX executable scan[0m
[20.671s] [ 61%] [32m[1mLinking CXX executable listParams[0m
[20.849s] [ 63%] [32m[1mLinking CXX executable listMemories[0m
[20.894s] [ 63%] Built target scan
[20.995s] [ 66%] [32mBuilding CXX object deps/crazyflie_tools/CMakeFiles/version.dir/src/version.cpp.o[0m
[21.048s] [ 66%] Built target listParams
[21.086s] [ 69%] [32mBuilding CXX object deps/crazyflie_tools/CMakeFiles/console.dir/src/console.cpp.o[0m
[21.224s] [ 69%] Built target listMemories
[21.238s] [ 72%] [32mBuilding CXX object deps/crazyflie_tools/CMakeFiles/log.dir/src/log.cpp.o[0m
[21.552s] [ 75%] [32m[1mLinking CXX executable listLogVariables[0m
[22.102s] [ 75%] Built target listLogVariables
[22.130s] [ 77%] [32mBuilding CXX object deps/crazyflie_tools/CMakeFiles/setParam.dir/src/setParam.cpp.o[0m
[22.190s] [ 80%] [32m[1mLinking CXX executable battery[0m
[22.201s] [ 83%] [32m[1mLinking CXX executable reboot[0m
[22.611s] [ 83%] Built target battery
[22.691s] [ 83%] Built target reboot
[23.896s] [ 86%] [32m[1mLinking CXX executable version[0m
[24.148s] [ 86%] Built target version
[24.312s] [ 88%] [32m[1mLinking CXX executable console[0m
[24.546s] [ 88%] Built target console
[25.246s] [ 91%] [32m[1mLinking CXX executable log[0m
[25.483s] [ 91%] Built target log
[25.536s] [ 94%] [32m[1mLinking CXX executable setParam[0m
[25.778s] [ 94%] Built target setParam
[29.144s] [ 97%] [32m[1mLinking CXX executable teleop[0m
[29.731s] [ 97%] Built target teleop
[46.099s] [100%] [32m[1mLinking CXX executable crazyflie_server[0m
[47.582s] [100%] Built target crazyflie_server
[47.591s] Invoked command in '/home/tdeng23/ros2_ws/src/build/crazyflie' returned '0': AMENT_PREFIX_PATH=/home/tdeng23/ros2_ws/src/install/motion_capture_tracking_interfaces:/home/tdeng23/ros2_ws/src/install/crazyflie_interfaces:${AMENT_PREFIX_PATH} CMAKE_PREFIX_PATH=/home/tdeng23/ros2_ws/src/install/motion_capture_tracking_interfaces:/home/tdeng23/ros2_ws/src/install/crazyflie_interfaces:/home/tdeng23/ros2_ws/install/motion_capture_tracking:/home/tdeng23/ros2_ws/install/crazyflie:/home/tdeng23/ros2_ws/install/motion_capture_tracking_interfaces:/home/tdeng23/ros2_ws/install/crazyflie_sim:/home/tdeng23/ros2_ws/install/crazyflie_ros2_slam:/home/tdeng23/ros2_ws/install/crazyflie_ros2_navigation:/home/tdeng23/ros2_ws/install/crazyflie_ros2_interfaces:/home/tdeng23/ros2_ws/install/crazyflie_ros2_description:/home/tdeng23/ros2_ws/install/crazyflie_examples:/home/tdeng23/ros2_ws/install/crazyflie_interfaces:/home/tdeng23/ros2_ws/install/my_package:/home/tdeng23/ros2_ws/install/crazyflie_simulation:/home/tdeng23/ros2_ws/install/crazyflie_ros2_simulation:/home/tdeng23/ros2_ws/install/crazyflie_ros2_simple_mapper:/home/tdeng23/ros2_ws/install/crazyflie_ros2_scan:/home/tdeng23/ros2_ws/install/crazyflie_ros2:/home/tdeng23/ros2_ws/install/crazyflie_py:/opt/ros/galactic LD_LIBRARY_PATH=/home/tdeng23/ros2_ws/src/install/motion_capture_tracking_interfaces/lib:/home/tdeng23/ros2_ws/src/install/crazyflie_interfaces/lib:${LD_LIBRARY_PATH} PYTHONPATH=/home/tdeng23/ros2_ws/src/install/motion_capture_tracking_interfaces/lib/python3.8/site-packages:/home/tdeng23/ros2_ws/src/install/crazyflie_interfaces/lib/python3.8/site-packages:${PYTHONPATH} /home/tdeng23/.local/bin/cmake --build /home/tdeng23/ros2_ws/src/build/crazyflie -- -j8 -l8
[47.690s] Invoking command in '/home/tdeng23/ros2_ws/src/build/crazyflie': AMENT_PREFIX_PATH=/home/tdeng23/ros2_ws/src/install/motion_capture_tracking_interfaces:/home/tdeng23/ros2_ws/src/install/crazyflie_interfaces:${AMENT_PREFIX_PATH} CMAKE_PREFIX_PATH=/home/tdeng23/ros2_ws/src/install/motion_capture_tracking_interfaces:/home/tdeng23/ros2_ws/src/install/crazyflie_interfaces:/home/tdeng23/ros2_ws/install/motion_capture_tracking:/home/tdeng23/ros2_ws/install/crazyflie:/home/tdeng23/ros2_ws/install/motion_capture_tracking_interfaces:/home/tdeng23/ros2_ws/install/crazyflie_sim:/home/tdeng23/ros2_ws/install/crazyflie_ros2_slam:/home/tdeng23/ros2_ws/install/crazyflie_ros2_navigation:/home/tdeng23/ros2_ws/install/crazyflie_ros2_interfaces:/home/tdeng23/ros2_ws/install/crazyflie_ros2_description:/home/tdeng23/ros2_ws/install/crazyflie_examples:/home/tdeng23/ros2_ws/install/crazyflie_interfaces:/home/tdeng23/ros2_ws/install/my_package:/home/tdeng23/ros2_ws/install/crazyflie_simulation:/home/tdeng23/ros2_ws/install/crazyflie_ros2_simulation:/home/tdeng23/ros2_ws/install/crazyflie_ros2_simple_mapper:/home/tdeng23/ros2_ws/install/crazyflie_ros2_scan:/home/tdeng23/ros2_ws/install/crazyflie_ros2:/home/tdeng23/ros2_ws/install/crazyflie_py:/opt/ros/galactic LD_LIBRARY_PATH=/home/tdeng23/ros2_ws/src/install/motion_capture_tracking_interfaces/lib:/home/tdeng23/ros2_ws/src/install/crazyflie_interfaces/lib:${LD_LIBRARY_PATH} PYTHONPATH=/home/tdeng23/ros2_ws/src/install/motion_capture_tracking_interfaces/lib/python3.8/site-packages:/home/tdeng23/ros2_ws/src/install/crazyflie_interfaces/lib/python3.8/site-packages:${PYTHONPATH} /home/tdeng23/.local/bin/cmake --install /home/tdeng23/ros2_ws/src/build/crazyflie
[47.750s] -- Install configuration: ""
[47.751s] -- Execute custom install script
[47.751s] -- Symlinking: /home/tdeng23/ros2_ws/src/install/crazyflie/lib/crazyflie/scan
[47.754s] -- Symlinking: /home/tdeng23/ros2_ws/src/install/crazyflie/lib/crazyflie/listParams
[47.757s] -- Symlinking: /home/tdeng23/ros2_ws/src/install/crazyflie/lib/crazyflie/listLogVariables
[47.760s] -- Symlinking: /home/tdeng23/ros2_ws/src/install/crazyflie/lib/crazyflie/listMemories
[47.763s] -- Symlinking: /home/tdeng23/ros2_ws/src/install/crazyflie/lib/crazyflie/reboot
[47.766s] -- Symlinking: /home/tdeng23/ros2_ws/src/install/crazyflie/lib/crazyflie/battery
[47.770s] -- Symlinking: /home/tdeng23/ros2_ws/src/install/crazyflie/lib/crazyflie/version
[47.774s] -- Symlinking: /home/tdeng23/ros2_ws/src/install/crazyflie/lib/crazyflie/console
[47.778s] -- Symlinking: /home/tdeng23/ros2_ws/src/install/crazyflie/lib/crazyflie/log
[47.782s] -- Symlinking: /home/tdeng23/ros2_ws/src/install/crazyflie/lib/crazyflie/setParam
[47.786s] -- Symlinking: /home/tdeng23/ros2_ws/src/install/crazyflie/lib/crazyflie/teleop
[47.790s] -- Symlinking: /home/tdeng23/ros2_ws/src/install/crazyflie/lib/crazyflie/crazyflie_server
[47.794s] -- Symlinking: /home/tdeng23/ros2_ws/src/install/crazyflie/lib/crazyflie/crazyflie_server.py
[47.797s] -- Symlinking: /home/tdeng23/ros2_ws/src/install/crazyflie/lib/crazyflie/chooser.py
[47.802s] -- Symlinking: /home/tdeng23/ros2_ws/src/install/crazyflie/lib/crazyflie/vel_mux.py
[47.805s] -- Symlinking: /home/tdeng23/ros2_ws/src/install/crazyflie/lib/crazyflie/cfmult.py
[47.810s] -- Symlinking: /home/tdeng23/ros2_ws/src/install/crazyflie/share/crazyflie//launch/launch.py
[47.813s] -- Symlinking: /home/tdeng23/ros2_ws/src/install/crazyflie/share/crazyflie//launch/launch_teleop2.py
[47.818s] -- Symlinking: /home/tdeng23/ros2_ws/src/install/crazyflie/share/crazyflie//launch/teleop_launch.py
[47.822s] -- Symlinking: /home/tdeng23/ros2_ws/src/install/crazyflie/share/crazyflie//config/config.rviz
[47.826s] -- Symlinking: /home/tdeng23/ros2_ws/src/install/crazyflie/share/crazyflie//config/crazyflies.yaml
[47.830s] -- Symlinking: /home/tdeng23/ros2_ws/src/install/crazyflie/share/crazyflie//config/motion_capture.yaml
[47.835s] -- Symlinking: /home/tdeng23/ros2_ws/src/install/crazyflie/share/crazyflie//config/server.yaml
[47.839s] -- Symlinking: /home/tdeng23/ros2_ws/src/install/crazyflie/share/crazyflie//config/teleop.yaml
[47.843s] -- Symlinking: /home/tdeng23/ros2_ws/src/install/crazyflie/share/ament_index/resource_index/package_run_dependencies/crazyflie
[47.847s] -- Symlinking: /home/tdeng23/ros2_ws/src/install/crazyflie/share/ament_index/resource_index/parent_prefix_path/crazyflie
[47.851s] -- Symlinking: /home/tdeng23/ros2_ws/src/install/crazyflie/share/crazyflie/environment/ament_prefix_path.sh
[47.855s] -- Symlinking: /home/tdeng23/ros2_ws/src/install/crazyflie/share/crazyflie/environment/ament_prefix_path.dsv
[47.859s] -- Symlinking: /home/tdeng23/ros2_ws/src/install/crazyflie/share/crazyflie/environment/path.sh
[47.863s] -- Symlinking: /home/tdeng23/ros2_ws/src/install/crazyflie/share/crazyflie/environment/path.dsv
[47.867s] -- Symlinking: /home/tdeng23/ros2_ws/src/install/crazyflie/share/crazyflie/local_setup.bash
[47.871s] -- Symlinking: /home/tdeng23/ros2_ws/src/install/crazyflie/share/crazyflie/local_setup.sh
[47.875s] -- Symlinking: /home/tdeng23/ros2_ws/src/install/crazyflie/share/crazyflie/local_setup.zsh
[47.879s] -- Symlinking: /home/tdeng23/ros2_ws/src/install/crazyflie/share/crazyflie/local_setup.dsv
[47.883s] -- Symlinking: /home/tdeng23/ros2_ws/src/install/crazyflie/share/crazyflie/package.dsv
[47.887s] -- Symlinking: /home/tdeng23/ros2_ws/src/install/crazyflie/share/ament_index/resource_index/packages/crazyflie
[47.891s] -- Symlinking: /home/tdeng23/ros2_ws/src/install/crazyflie/share/crazyflie/cmake/crazyflieConfig.cmake
[47.895s] -- Symlinking: /home/tdeng23/ros2_ws/src/install/crazyflie/share/crazyflie/cmake/crazyflieConfig-version.cmake
[47.899s] -- Symlinking: /home/tdeng23/ros2_ws/src/install/crazyflie/share/crazyflie/package.xml
[47.914s] Invoked command in '/home/tdeng23/ros2_ws/src/build/crazyflie' returned '0': AMENT_PREFIX_PATH=/home/tdeng23/ros2_ws/src/install/motion_capture_tracking_interfaces:/home/tdeng23/ros2_ws/src/install/crazyflie_interfaces:${AMENT_PREFIX_PATH} CMAKE_PREFIX_PATH=/home/tdeng23/ros2_ws/src/install/motion_capture_tracking_interfaces:/home/tdeng23/ros2_ws/src/install/crazyflie_interfaces:/home/tdeng23/ros2_ws/install/motion_capture_tracking:/home/tdeng23/ros2_ws/install/crazyflie:/home/tdeng23/ros2_ws/install/motion_capture_tracking_interfaces:/home/tdeng23/ros2_ws/install/crazyflie_sim:/home/tdeng23/ros2_ws/install/crazyflie_ros2_slam:/home/tdeng23/ros2_ws/install/crazyflie_ros2_navigation:/home/tdeng23/ros2_ws/install/crazyflie_ros2_interfaces:/home/tdeng23/ros2_ws/install/crazyflie_ros2_description:/home/tdeng23/ros2_ws/install/crazyflie_examples:/home/tdeng23/ros2_ws/install/crazyflie_interfaces:/home/tdeng23/ros2_ws/install/my_package:/home/tdeng23/ros2_ws/install/crazyflie_simulation:/home/tdeng23/ros2_ws/install/crazyflie_ros2_simulation:/home/tdeng23/ros2_ws/install/crazyflie_ros2_simple_mapper:/home/tdeng23/ros2_ws/install/crazyflie_ros2_scan:/home/tdeng23/ros2_ws/install/crazyflie_ros2:/home/tdeng23/ros2_ws/install/crazyflie_py:/opt/ros/galactic LD_LIBRARY_PATH=/home/tdeng23/ros2_ws/src/install/motion_capture_tracking_interfaces/lib:/home/tdeng23/ros2_ws/src/install/crazyflie_interfaces/lib:${LD_LIBRARY_PATH} PYTHONPATH=/home/tdeng23/ros2_ws/src/install/motion_capture_tracking_interfaces/lib/python3.8/site-packages:/home/tdeng23/ros2_ws/src/install/crazyflie_interfaces/lib/python3.8/site-packages:${PYTHONPATH} /home/tdeng23/.local/bin/cmake --install /home/tdeng23/ros2_ws/src/build/crazyflie
