[0.938s] Invoking command in '/home/tdeng23/ros2_ws/src/my_package': PYTHONPATH=/home/tdeng23/ros2_ws/build/my_package/prefix_override:/home/tdeng23/ros2_ws/install/my_package/lib/python3.8/site-packages:${PYTHONPATH} /usr/bin/python3 setup.py egg_info --egg-base ../../build/my_package build --build-base /home/tdeng23/ros2_ws/build/my_package/build install --record /home/tdeng23/ros2_ws/build/my_package/install.log --single-version-externally-managed
[1.142s] running egg_info
[1.142s] creating ../../build/my_package/my_package.egg-info
[1.142s] writing ../../build/my_package/my_package.egg-info/PKG-INFO
[1.143s] writing dependency_links to ../../build/my_package/my_package.egg-info/dependency_links.txt
[1.143s] writing entry points to ../../build/my_package/my_package.egg-info/entry_points.txt
[1.143s] writing requirements to ../../build/my_package/my_package.egg-info/requires.txt
[1.143s] writing top-level names to ../../build/my_package/my_package.egg-info/top_level.txt
[1.145s] writing manifest file '../../build/my_package/my_package.egg-info/SOURCES.txt'
[1.176s] reading manifest file '../../build/my_package/my_package.egg-info/SOURCES.txt'
[1.176s] writing manifest file '../../build/my_package/my_package.egg-info/SOURCES.txt'
[1.176s] running build
[1.177s] running build_py
[1.177s] creating /home/tdeng23/ros2_ws/build/my_package/build
[1.177s] creating /home/tdeng23/ros2_ws/build/my_package/build/lib
[1.177s] creating /home/tdeng23/ros2_ws/build/my_package/build/lib/my_package
[1.177s] copying my_package/my_robot_driver.py -> /home/tdeng23/ros2_ws/build/my_package/build/lib/my_package
[1.177s] copying my_package/__init__.py -> /home/tdeng23/ros2_ws/build/my_package/build/lib/my_package
[1.177s] running install
[1.178s] running install_lib
[1.179s] creating /home/tdeng23/ros2_ws/install/my_package/lib/python3.8/site-packages/my_package
[1.179s] copying /home/tdeng23/ros2_ws/build/my_package/build/lib/my_package/my_robot_driver.py -> /home/tdeng23/ros2_ws/install/my_package/lib/python3.8/site-packages/my_package
[1.179s] copying /home/tdeng23/ros2_ws/build/my_package/build/lib/my_package/__init__.py -> /home/tdeng23/ros2_ws/install/my_package/lib/python3.8/site-packages/my_package
[1.180s] byte-compiling /home/tdeng23/ros2_ws/install/my_package/lib/python3.8/site-packages/my_package/my_robot_driver.py to my_robot_driver.cpython-38.pyc
[1.181s] byte-compiling /home/tdeng23/ros2_ws/install/my_package/lib/python3.8/site-packages/my_package/__init__.py to __init__.cpython-38.pyc
[1.181s] running install_data
[1.181s] creating /home/tdeng23/ros2_ws/install/my_package/share/ament_index
[1.182s] creating /home/tdeng23/ros2_ws/install/my_package/share/ament_index/resource_index
[1.182s] creating /home/tdeng23/ros2_ws/install/my_package/share/ament_index/resource_index/packages
[1.182s] copying resource/my_package -> /home/tdeng23/ros2_ws/install/my_package/share/ament_index/resource_index/packages
[1.182s] copying package.xml -> /home/tdeng23/ros2_ws/install/my_package/share/my_package
[1.182s] running install_egg_info
[1.183s] Copying ../../build/my_package/my_package.egg-info to /home/tdeng23/ros2_ws/install/my_package/lib/python3.8/site-packages/my_package-0.0.0-py3.8.egg-info
[1.184s] running install_scripts
[1.200s] Installing my_robot_driver script to /home/tdeng23/ros2_ws/install/my_package/lib/my_package
[1.200s] writing list of installed files to '/home/tdeng23/ros2_ws/build/my_package/install.log'
[1.218s] Invoked command in '/home/tdeng23/ros2_ws/src/my_package' returned '0': PYTHONPATH=/home/tdeng23/ros2_ws/build/my_package/prefix_override:/home/tdeng23/ros2_ws/install/my_package/lib/python3.8/site-packages:${PYTHONPATH} /usr/bin/python3 setup.py egg_info --egg-base ../../build/my_package build --build-base /home/tdeng23/ros2_ws/build/my_package/build install --record /home/tdeng23/ros2_ws/build/my_package/install.log --single-version-externally-managed
