[0.276s] Invoking command in '/home/tdeng23/ros2_ws/build/crazyflie_sim': CMAKE_PREFIX_PATH=/home/tdeng23/ros2_ws/install/crazyflie_interfaces:/home/tdeng23/ros2_ws/install/motion_capture_tracking:/home/tdeng23/ros2_ws/install/crazyflie:/home/tdeng23/ros2_ws/install/motion_capture_tracking_interfaces:/home/tdeng23/ros2_ws/install/crazyflie_sim:/home/tdeng23/ros2_ws/install/crazyflie_ros2_slam:/home/tdeng23/ros2_ws/install/crazyflie_ros2_navigation:/home/tdeng23/ros2_ws/install/crazyflie_ros2_interfaces:/home/tdeng23/ros2_ws/install/crazyflie_ros2_description:/home/tdeng23/ros2_ws/install/crazyflie_examples:/home/tdeng23/ros2_ws/install/my_package:/home/tdeng23/ros2_ws/install/crazyflie_simulation:/home/tdeng23/ros2_ws/install/crazyflie_ros2_simulation:/home/tdeng23/ros2_ws/install/crazyflie_ros2_simple_mapper:/home/tdeng23/ros2_ws/install/crazyflie_ros2_scan:/home/tdeng23/ros2_ws/install/crazyflie_ros2:/home/tdeng23/ros2_ws/install/crazyflie_py:/opt/ros/galactic LD_LIBRARY_PATH=/home/tdeng23/ros2_ws/install/crazyflie_interfaces/lib:/home/tdeng23/ros2_ws/install/motion_capture_tracking_interfaces/lib:/home/tdeng23/ros2_ws/install/crazyflie_ros2_interfaces/lib:/opt/ros/galactic/opt/yaml_cpp_vendor/lib:/opt/ros/galactic/opt/rviz_ogre_vendor/lib:/opt/ros/galactic/lib/x86_64-linux-gnu:/opt/ros/galactic/lib PYTHONPATH=/home/tdeng23/ros2_ws/install/crazyflie_interfaces/lib/python3.8/site-packages:/home/tdeng23/ros2_ws/install/my_package/lib/python3.8/site-packages:/home/tdeng23/ros2_ws/install/motion_capture_tracking_interfaces/lib/python3.8/site-packages:/home/tdeng23/ros2_ws/install/crazyflie_simulation/lib/python3.8/site-packages:/home/tdeng23/ros2_ws/install/crazyflie_sim/lib/python3.8/site-packages:/home/tdeng23/ros2_ws/install/crazyflie_ros2_simulation/lib/python3.8/site-packages:/home/tdeng23/ros2_ws/install/crazyflie_ros2_simple_mapper/lib/python3.8/site-packages:/home/tdeng23/ros2_ws/install/crazyflie_ros2_scan/lib/python3.8/site-packages:/home/tdeng23/ros2_ws/install/crazyflie_ros2_interfaces/lib/python3.8/site-packages:/home/tdeng23/ros2_ws/install/crazyflie_ros2/lib/python3.8/site-packages:/home/tdeng23/ros2_ws/install/crazyflie_examples/lib/python3.8/site-packages:/home/tdeng23/ros2_ws/install/crazyflie_py/lib/python3.8/site-packages:/opt/ros/galactic/lib/python3.8/site-packages /home/tdeng23/.local/bin/cmake --build /home/tdeng23/ros2_ws/build/crazyflie_sim -- -j8 -l8
[0.381s] Built target ament_cmake_python_symlink_crazyflie_sim
[0.395s] Built target ament_cmake_python_symlink_crazyflie_sim_setup
[0.744s] running install_scripts
[0.763s] running egg_info
[0.763s] writing crazyflie_sim.egg-info/PKG-INFO
[0.763s] writing dependency_links to crazyflie_sim.egg-info/dependency_links.txt
[0.763s] writing entry points to crazyflie_sim.egg-info/entry_points.txt
[0.763s] writing top-level names to crazyflie_sim.egg-info/top_level.txt
[0.764s] running egg_info
[0.767s] writing crazyflie_sim.egg-info/PKG-INFO
[0.768s] writing dependency_links to crazyflie_sim.egg-info/dependency_links.txt
[0.768s] writing entry points to crazyflie_sim.egg-info/entry_points.txt
[0.768s] writing top-level names to crazyflie_sim.egg-info/top_level.txt
[0.801s] reading manifest file 'crazyflie_sim.egg-info/SOURCES.txt'
[0.802s] writing manifest file 'crazyflie_sim.egg-info/SOURCES.txt'
[0.810s] reading manifest file 'crazyflie_sim.egg-info/SOURCES.txt'
[0.811s] writing manifest file 'crazyflie_sim.egg-info/SOURCES.txt'
[0.813s] Installing crazyflie_server script to scripts
[0.834s] Built target ament_cmake_python_build_crazyflie_sim_egg
[0.845s] Built target ament_cmake_python_build_crazyflie_sim_scripts
[0.860s] Invoked command in '/home/tdeng23/ros2_ws/build/crazyflie_sim' returned '0': CMAKE_PREFIX_PATH=/home/tdeng23/ros2_ws/install/crazyflie_interfaces:/home/tdeng23/ros2_ws/install/motion_capture_tracking:/home/tdeng23/ros2_ws/install/crazyflie:/home/tdeng23/ros2_ws/install/motion_capture_tracking_interfaces:/home/tdeng23/ros2_ws/install/crazyflie_sim:/home/tdeng23/ros2_ws/install/crazyflie_ros2_slam:/home/tdeng23/ros2_ws/install/crazyflie_ros2_navigation:/home/tdeng23/ros2_ws/install/crazyflie_ros2_interfaces:/home/tdeng23/ros2_ws/install/crazyflie_ros2_description:/home/tdeng23/ros2_ws/install/crazyflie_examples:/home/tdeng23/ros2_ws/install/my_package:/home/tdeng23/ros2_ws/install/crazyflie_simulation:/home/tdeng23/ros2_ws/install/crazyflie_ros2_simulation:/home/tdeng23/ros2_ws/install/crazyflie_ros2_simple_mapper:/home/tdeng23/ros2_ws/install/crazyflie_ros2_scan:/home/tdeng23/ros2_ws/install/crazyflie_ros2:/home/tdeng23/ros2_ws/install/crazyflie_py:/opt/ros/galactic LD_LIBRARY_PATH=/home/tdeng23/ros2_ws/install/crazyflie_interfaces/lib:/home/tdeng23/ros2_ws/install/motion_capture_tracking_interfaces/lib:/home/tdeng23/ros2_ws/install/crazyflie_ros2_interfaces/lib:/opt/ros/galactic/opt/yaml_cpp_vendor/lib:/opt/ros/galactic/opt/rviz_ogre_vendor/lib:/opt/ros/galactic/lib/x86_64-linux-gnu:/opt/ros/galactic/lib PYTHONPATH=/home/tdeng23/ros2_ws/install/crazyflie_interfaces/lib/python3.8/site-packages:/home/tdeng23/ros2_ws/install/my_package/lib/python3.8/site-packages:/home/tdeng23/ros2_ws/install/motion_capture_tracking_interfaces/lib/python3.8/site-packages:/home/tdeng23/ros2_ws/install/crazyflie_simulation/lib/python3.8/site-packages:/home/tdeng23/ros2_ws/install/crazyflie_sim/lib/python3.8/site-packages:/home/tdeng23/ros2_ws/install/crazyflie_ros2_simulation/lib/python3.8/site-packages:/home/tdeng23/ros2_ws/install/crazyflie_ros2_simple_mapper/lib/python3.8/site-packages:/home/tdeng23/ros2_ws/install/crazyflie_ros2_scan/lib/python3.8/site-packages:/home/tdeng23/ros2_ws/install/crazyflie_ros2_interfaces/lib/python3.8/site-packages:/home/tdeng23/ros2_ws/install/crazyflie_ros2/lib/python3.8/site-packages:/home/tdeng23/ros2_ws/install/crazyflie_examples/lib/python3.8/site-packages:/home/tdeng23/ros2_ws/install/crazyflie_py/lib/python3.8/site-packages:/opt/ros/galactic/lib/python3.8/site-packages /home/tdeng23/.local/bin/cmake --build /home/tdeng23/ros2_ws/build/crazyflie_sim -- -j8 -l8
[0.920s] Invoking command in '/home/tdeng23/ros2_ws/build/crazyflie_sim': CMAKE_PREFIX_PATH=/home/tdeng23/ros2_ws/install/crazyflie_interfaces:/home/tdeng23/ros2_ws/install/motion_capture_tracking:/home/tdeng23/ros2_ws/install/crazyflie:/home/tdeng23/ros2_ws/install/motion_capture_tracking_interfaces:/home/tdeng23/ros2_ws/install/crazyflie_sim:/home/tdeng23/ros2_ws/install/crazyflie_ros2_slam:/home/tdeng23/ros2_ws/install/crazyflie_ros2_navigation:/home/tdeng23/ros2_ws/install/crazyflie_ros2_interfaces:/home/tdeng23/ros2_ws/install/crazyflie_ros2_description:/home/tdeng23/ros2_ws/install/crazyflie_examples:/home/tdeng23/ros2_ws/install/my_package:/home/tdeng23/ros2_ws/install/crazyflie_simulation:/home/tdeng23/ros2_ws/install/crazyflie_ros2_simulation:/home/tdeng23/ros2_ws/install/crazyflie_ros2_simple_mapper:/home/tdeng23/ros2_ws/install/crazyflie_ros2_scan:/home/tdeng23/ros2_ws/install/crazyflie_ros2:/home/tdeng23/ros2_ws/install/crazyflie_py:/opt/ros/galactic LD_LIBRARY_PATH=/home/tdeng23/ros2_ws/install/crazyflie_interfaces/lib:/home/tdeng23/ros2_ws/install/motion_capture_tracking_interfaces/lib:/home/tdeng23/ros2_ws/install/crazyflie_ros2_interfaces/lib:/opt/ros/galactic/opt/yaml_cpp_vendor/lib:/opt/ros/galactic/opt/rviz_ogre_vendor/lib:/opt/ros/galactic/lib/x86_64-linux-gnu:/opt/ros/galactic/lib PYTHONPATH=/home/tdeng23/ros2_ws/install/crazyflie_interfaces/lib/python3.8/site-packages:/home/tdeng23/ros2_ws/install/my_package/lib/python3.8/site-packages:/home/tdeng23/ros2_ws/install/motion_capture_tracking_interfaces/lib/python3.8/site-packages:/home/tdeng23/ros2_ws/install/crazyflie_simulation/lib/python3.8/site-packages:/home/tdeng23/ros2_ws/install/crazyflie_sim/lib/python3.8/site-packages:/home/tdeng23/ros2_ws/install/crazyflie_ros2_simulation/lib/python3.8/site-packages:/home/tdeng23/ros2_ws/install/crazyflie_ros2_simple_mapper/lib/python3.8/site-packages:/home/tdeng23/ros2_ws/install/crazyflie_ros2_scan/lib/python3.8/site-packages:/home/tdeng23/ros2_ws/install/crazyflie_ros2_interfaces/lib/python3.8/site-packages:/home/tdeng23/ros2_ws/install/crazyflie_ros2/lib/python3.8/site-packages:/home/tdeng23/ros2_ws/install/crazyflie_examples/lib/python3.8/site-packages:/home/tdeng23/ros2_ws/install/crazyflie_py/lib/python3.8/site-packages:/opt/ros/galactic/lib/python3.8/site-packages /home/tdeng23/.local/bin/cmake --install /home/tdeng23/ros2_ws/build/crazyflie_sim
[0.974s] -- Install configuration: ""
[0.974s] -- Execute custom install script
[0.974s] -- Up-to-date symlink: /home/tdeng23/ros2_ws/install/crazyflie_sim/share/crazyflie_sim/environment/pythonpath.sh
[0.975s] -- Up-to-date symlink: /home/tdeng23/ros2_ws/install/crazyflie_sim/share/crazyflie_sim/environment/pythonpath.dsv
[0.975s] -- Up-to-date symlink: /home/tdeng23/ros2_ws/install/crazyflie_sim/lib/python3.8/site-packages//crazyflie_sim.egg-info/PKG-INFO
[0.975s] -- Up-to-date symlink: /home/tdeng23/ros2_ws/install/crazyflie_sim/lib/python3.8/site-packages//crazyflie_sim.egg-info/SOURCES.txt
[0.976s] -- Up-to-date symlink: /home/tdeng23/ros2_ws/install/crazyflie_sim/lib/python3.8/site-packages//crazyflie_sim.egg-info/dependency_links.txt
[0.976s] -- Up-to-date symlink: /home/tdeng23/ros2_ws/install/crazyflie_sim/lib/python3.8/site-packages//crazyflie_sim.egg-info/entry_points.txt
[0.976s] -- Up-to-date symlink: /home/tdeng23/ros2_ws/install/crazyflie_sim/lib/python3.8/site-packages//crazyflie_sim.egg-info/top_level.txt
[0.976s] -- Up-to-date symlink: /home/tdeng23/ros2_ws/install/crazyflie_sim/lib/crazyflie_sim//crazyflie_server
[0.977s] -- Up-to-date symlink: /home/tdeng23/ros2_ws/install/crazyflie_sim/lib/python3.8/site-packages/crazyflie_sim/__init__.py
[0.977s] -- Up-to-date symlink: /home/tdeng23/ros2_ws/install/crazyflie_sim/lib/python3.8/site-packages/crazyflie_sim/backend/none.py
[0.978s] -- Up-to-date symlink: /home/tdeng23/ros2_ws/install/crazyflie_sim/lib/python3.8/site-packages/crazyflie_sim/backend/np.py
[0.978s] -- Up-to-date symlink: /home/tdeng23/ros2_ws/install/crazyflie_sim/lib/python3.8/site-packages/crazyflie_sim/crazyflie_server.py
[0.978s] -- Up-to-date symlink: /home/tdeng23/ros2_ws/install/crazyflie_sim/lib/python3.8/site-packages/crazyflie_sim/crazyflie_sil.py
[0.978s] -- Up-to-date symlink: /home/tdeng23/ros2_ws/install/crazyflie_sim/lib/python3.8/site-packages/crazyflie_sim/sim_data_types.py
[0.978s] -- Up-to-date symlink: /home/tdeng23/ros2_ws/install/crazyflie_sim/lib/python3.8/site-packages/crazyflie_sim/visualization/README.md
[0.978s] -- Up-to-date symlink: /home/tdeng23/ros2_ws/install/crazyflie_sim/lib/python3.8/site-packages/crazyflie_sim/visualization/blender.py
[0.978s] -- Up-to-date symlink: /home/tdeng23/ros2_ws/install/crazyflie_sim/lib/python3.8/site-packages/crazyflie_sim/visualization/data/README.md
[0.978s] -- Up-to-date symlink: /home/tdeng23/ros2_ws/install/crazyflie_sim/lib/python3.8/site-packages/crazyflie_sim/visualization/data/env/abandoned_greenhouse.jpg
[0.978s] -- Up-to-date symlink: /home/tdeng23/ros2_ws/install/crazyflie_sim/lib/python3.8/site-packages/crazyflie_sim/visualization/data/env/aerodynamics_workshop.jpg
[0.979s] -- Up-to-date symlink: /home/tdeng23/ros2_ws/install/crazyflie_sim/lib/python3.8/site-packages/crazyflie_sim/visualization/data/env/aviation_museum.jpg
[0.979s] -- Up-to-date symlink: /home/tdeng23/ros2_ws/install/crazyflie_sim/lib/python3.8/site-packages/crazyflie_sim/visualization/data/env/crosswalk.jpg
[0.979s] -- Up-to-date symlink: /home/tdeng23/ros2_ws/install/crazyflie_sim/lib/python3.8/site-packages/crazyflie_sim/visualization/data/env/derelict_overpass.jpg
[0.979s] -- Up-to-date symlink: /home/tdeng23/ros2_ws/install/crazyflie_sim/lib/python3.8/site-packages/crazyflie_sim/visualization/data/env/env.jpg
[0.979s] -- Up-to-date symlink: /home/tdeng23/ros2_ws/install/crazyflie_sim/lib/python3.8/site-packages/crazyflie_sim/visualization/data/env/lago_disola.jpg
[0.979s] -- Up-to-date symlink: /home/tdeng23/ros2_ws/install/crazyflie_sim/lib/python3.8/site-packages/crazyflie_sim/visualization/data/env/lake_pier.jpg
[0.979s] -- Up-to-date symlink: /home/tdeng23/ros2_ws/install/crazyflie_sim/lib/python3.8/site-packages/crazyflie_sim/visualization/data/env/machine_shop.jpg
[0.979s] -- Up-to-date symlink: /home/tdeng23/ros2_ws/install/crazyflie_sim/lib/python3.8/site-packages/crazyflie_sim/visualization/data/env/museumplein.jpg
[0.979s] -- Up-to-date symlink: /home/tdeng23/ros2_ws/install/crazyflie_sim/lib/python3.8/site-packages/crazyflie_sim/visualization/data/env/peppermint_powerplant.jpg
[0.980s] -- Up-to-date symlink: /home/tdeng23/ros2_ws/install/crazyflie_sim/lib/python3.8/site-packages/crazyflie_sim/visualization/data/env/studio_garden.jpg
[0.980s] -- Up-to-date symlink: /home/tdeng23/ros2_ws/install/crazyflie_sim/lib/python3.8/site-packages/crazyflie_sim/visualization/data/model/cf.mtl
[0.980s] -- Up-to-date symlink: /home/tdeng23/ros2_ws/install/crazyflie_sim/lib/python3.8/site-packages/crazyflie_sim/visualization/data/model/cf.obj
[0.980s] -- Up-to-date symlink: /home/tdeng23/ros2_ws/install/crazyflie_sim/lib/python3.8/site-packages/crazyflie_sim/visualization/pdf.py
[0.980s] -- Up-to-date symlink: /home/tdeng23/ros2_ws/install/crazyflie_sim/lib/python3.8/site-packages/crazyflie_sim/visualization/record_states.py
[0.980s] -- Up-to-date symlink: /home/tdeng23/ros2_ws/install/crazyflie_sim/lib/python3.8/site-packages/crazyflie_sim/visualization/rviz.py
[0.980s] -- Up-to-date symlink: /home/tdeng23/ros2_ws/install/crazyflie_sim/share/ament_index/resource_index/package_run_dependencies/crazyflie_sim
[0.980s] -- Up-to-date symlink: /home/tdeng23/ros2_ws/install/crazyflie_sim/share/ament_index/resource_index/parent_prefix_path/crazyflie_sim
[0.981s] -- Up-to-date symlink: /home/tdeng23/ros2_ws/install/crazyflie_sim/share/crazyflie_sim/environment/ament_prefix_path.sh
[0.981s] -- Up-to-date symlink: /home/tdeng23/ros2_ws/install/crazyflie_sim/share/crazyflie_sim/environment/ament_prefix_path.dsv
[0.981s] -- Up-to-date symlink: /home/tdeng23/ros2_ws/install/crazyflie_sim/share/crazyflie_sim/environment/path.sh
[0.981s] -- Up-to-date symlink: /home/tdeng23/ros2_ws/install/crazyflie_sim/share/crazyflie_sim/environment/path.dsv
[0.981s] -- Up-to-date symlink: /home/tdeng23/ros2_ws/install/crazyflie_sim/share/crazyflie_sim/local_setup.bash
[0.981s] -- Up-to-date symlink: /home/tdeng23/ros2_ws/install/crazyflie_sim/share/crazyflie_sim/local_setup.sh
[0.982s] -- Up-to-date symlink: /home/tdeng23/ros2_ws/install/crazyflie_sim/share/crazyflie_sim/local_setup.zsh
[0.982s] -- Up-to-date symlink: /home/tdeng23/ros2_ws/install/crazyflie_sim/share/crazyflie_sim/local_setup.dsv
[0.982s] -- Symlinking: /home/tdeng23/ros2_ws/install/crazyflie_sim/share/crazyflie_sim/package.dsv
[0.991s] -- Up-to-date symlink: /home/tdeng23/ros2_ws/install/crazyflie_sim/share/ament_index/resource_index/packages/crazyflie_sim
[0.991s] -- Up-to-date symlink: /home/tdeng23/ros2_ws/install/crazyflie_sim/share/crazyflie_sim/cmake/crazyflie_simConfig.cmake
[0.991s] -- Up-to-date symlink: /home/tdeng23/ros2_ws/install/crazyflie_sim/share/crazyflie_sim/cmake/crazyflie_simConfig-version.cmake
[0.991s] -- Up-to-date symlink: /home/tdeng23/ros2_ws/install/crazyflie_sim/share/crazyflie_sim/package.xml
[1.024s] Listing '/home/tdeng23/ros2_ws/install/crazyflie_sim/lib/python3.8/site-packages/crazyflie_sim'...
[1.024s] Listing '/home/tdeng23/ros2_ws/install/crazyflie_sim/lib/python3.8/site-packages/crazyflie_sim/backend'...
[1.024s] Listing '/home/tdeng23/ros2_ws/install/crazyflie_sim/lib/python3.8/site-packages/crazyflie_sim/visualization'...
[1.024s] Listing '/home/tdeng23/ros2_ws/install/crazyflie_sim/lib/python3.8/site-packages/crazyflie_sim/visualization/data'...
[1.024s] Listing '/home/tdeng23/ros2_ws/install/crazyflie_sim/lib/python3.8/site-packages/crazyflie_sim/visualization/data/env'...
[1.024s] Listing '/home/tdeng23/ros2_ws/install/crazyflie_sim/lib/python3.8/site-packages/crazyflie_sim/visualization/data/model'...
[1.034s] Invoked command in '/home/tdeng23/ros2_ws/build/crazyflie_sim' returned '0': CMAKE_PREFIX_PATH=/home/tdeng23/ros2_ws/install/crazyflie_interfaces:/home/tdeng23/ros2_ws/install/motion_capture_tracking:/home/tdeng23/ros2_ws/install/crazyflie:/home/tdeng23/ros2_ws/install/motion_capture_tracking_interfaces:/home/tdeng23/ros2_ws/install/crazyflie_sim:/home/tdeng23/ros2_ws/install/crazyflie_ros2_slam:/home/tdeng23/ros2_ws/install/crazyflie_ros2_navigation:/home/tdeng23/ros2_ws/install/crazyflie_ros2_interfaces:/home/tdeng23/ros2_ws/install/crazyflie_ros2_description:/home/tdeng23/ros2_ws/install/crazyflie_examples:/home/tdeng23/ros2_ws/install/my_package:/home/tdeng23/ros2_ws/install/crazyflie_simulation:/home/tdeng23/ros2_ws/install/crazyflie_ros2_simulation:/home/tdeng23/ros2_ws/install/crazyflie_ros2_simple_mapper:/home/tdeng23/ros2_ws/install/crazyflie_ros2_scan:/home/tdeng23/ros2_ws/install/crazyflie_ros2:/home/tdeng23/ros2_ws/install/crazyflie_py:/opt/ros/galactic LD_LIBRARY_PATH=/home/tdeng23/ros2_ws/install/crazyflie_interfaces/lib:/home/tdeng23/ros2_ws/install/motion_capture_tracking_interfaces/lib:/home/tdeng23/ros2_ws/install/crazyflie_ros2_interfaces/lib:/opt/ros/galactic/opt/yaml_cpp_vendor/lib:/opt/ros/galactic/opt/rviz_ogre_vendor/lib:/opt/ros/galactic/lib/x86_64-linux-gnu:/opt/ros/galactic/lib PYTHONPATH=/home/tdeng23/ros2_ws/install/crazyflie_interfaces/lib/python3.8/site-packages:/home/tdeng23/ros2_ws/install/my_package/lib/python3.8/site-packages:/home/tdeng23/ros2_ws/install/motion_capture_tracking_interfaces/lib/python3.8/site-packages:/home/tdeng23/ros2_ws/install/crazyflie_simulation/lib/python3.8/site-packages:/home/tdeng23/ros2_ws/install/crazyflie_sim/lib/python3.8/site-packages:/home/tdeng23/ros2_ws/install/crazyflie_ros2_simulation/lib/python3.8/site-packages:/home/tdeng23/ros2_ws/install/crazyflie_ros2_simple_mapper/lib/python3.8/site-packages:/home/tdeng23/ros2_ws/install/crazyflie_ros2_scan/lib/python3.8/site-packages:/home/tdeng23/ros2_ws/install/crazyflie_ros2_interfaces/lib/python3.8/site-packages:/home/tdeng23/ros2_ws/install/crazyflie_ros2/lib/python3.8/site-packages:/home/tdeng23/ros2_ws/install/crazyflie_examples/lib/python3.8/site-packages:/home/tdeng23/ros2_ws/install/crazyflie_py/lib/python3.8/site-packages:/opt/ros/galactic/lib/python3.8/site-packages /home/tdeng23/.local/bin/cmake --install /home/tdeng23/ros2_ws/build/crazyflie_sim
