[0.039s] Invoking command in '/home/tdeng23/ros2_ws/build/motion_capture_tracking': AMENT_PREFIX_PATH=/home/tdeng23/ros2_ws/install/motion_capture_tracking_interfaces:${AMENT_PREFIX_PATH} CMAKE_PREFIX_PATH=/home/tdeng23/ros2_ws/install/motion_capture_tracking_interfaces:/opt/ros/galactic LD_LIBRARY_PATH=/home/tdeng23/ros2_ws/install/motion_capture_tracking_interfaces/lib:${LD_LIBRARY_PATH} PYTHONPATH=/home/tdeng23/ros2_ws/install/motion_capture_tracking_interfaces/lib/python3.8/site-packages:${PYTHONPATH} /home/tdeng23/.local/bin/cmake --build /home/tdeng23/ros2_ws/build/motion_capture_tracking -- -j8 -l8
[0.125s] [  8%] Built target quat
[0.142s] [ 11%] Built target librigidbodytracker
[0.144s] [ 19%] Built target qualisys_cpp_sdk
[0.154s] [ 37%] Built target ViconDataStreamSDK_CPP
[0.162s] [ 83%] Built target vrpn
[0.204s] [ 96%] Built target libmotioncapture
[0.253s] [100%] Built target motion_capture_tracking_node
[0.267s] Invoked command in '/home/tdeng23/ros2_ws/build/motion_capture_tracking' returned '0': AMENT_PREFIX_PATH=/home/tdeng23/ros2_ws/install/motion_capture_tracking_interfaces:${AMENT_PREFIX_PATH} CMAKE_PREFIX_PATH=/home/tdeng23/ros2_ws/install/motion_capture_tracking_interfaces:/opt/ros/galactic LD_LIBRARY_PATH=/home/tdeng23/ros2_ws/install/motion_capture_tracking_interfaces/lib:${LD_LIBRARY_PATH} PYTHONPATH=/home/tdeng23/ros2_ws/install/motion_capture_tracking_interfaces/lib/python3.8/site-packages:${PYTHONPATH} /home/tdeng23/.local/bin/cmake --build /home/tdeng23/ros2_ws/build/motion_capture_tracking -- -j8 -l8
[0.341s] Invoking command in '/home/tdeng23/ros2_ws/build/motion_capture_tracking': AMENT_PREFIX_PATH=/home/tdeng23/ros2_ws/install/motion_capture_tracking_interfaces:${AMENT_PREFIX_PATH} CMAKE_PREFIX_PATH=/home/tdeng23/ros2_ws/install/motion_capture_tracking_interfaces:/opt/ros/galactic LD_LIBRARY_PATH=/home/tdeng23/ros2_ws/install/motion_capture_tracking_interfaces/lib:${LD_LIBRARY_PATH} PYTHONPATH=/home/tdeng23/ros2_ws/install/motion_capture_tracking_interfaces/lib/python3.8/site-packages:${PYTHONPATH} /home/tdeng23/.local/bin/cmake --install /home/tdeng23/ros2_ws/build/motion_capture_tracking
[0.566s] -- Install configuration: ""
[0.567s] -- Execute custom install script
[0.567s] -- Up-to-date symlink: /home/tdeng23/ros2_ws/install/motion_capture_tracking/lib/motion_capture_tracking/motion_capture_tracking_node
[0.567s] -- Up-to-date symlink: /home/tdeng23/ros2_ws/install/motion_capture_tracking/share/motion_capture_tracking//launch/launch.py
[0.567s] -- Up-to-date symlink: /home/tdeng23/ros2_ws/install/motion_capture_tracking/share/motion_capture_tracking//launch/node.launch
[0.567s] -- Up-to-date symlink: /home/tdeng23/ros2_ws/install/motion_capture_tracking/share/motion_capture_tracking//config/cfg.yaml
[0.567s] -- Up-to-date symlink: /home/tdeng23/ros2_ws/install/motion_capture_tracking/share/motion_capture_tracking//config/rviz.rviz
[0.567s] -- Up-to-date symlink: /home/tdeng23/ros2_ws/install/motion_capture_tracking/share/ament_index/resource_index/package_run_dependencies/motion_capture_tracking
[0.567s] -- Up-to-date symlink: /home/tdeng23/ros2_ws/install/motion_capture_tracking/share/ament_index/resource_index/parent_prefix_path/motion_capture_tracking
[0.567s] -- Up-to-date symlink: /home/tdeng23/ros2_ws/install/motion_capture_tracking/share/motion_capture_tracking/environment/ament_prefix_path.sh
[0.567s] -- Up-to-date symlink: /home/tdeng23/ros2_ws/install/motion_capture_tracking/share/motion_capture_tracking/environment/ament_prefix_path.dsv
[0.567s] -- Up-to-date symlink: /home/tdeng23/ros2_ws/install/motion_capture_tracking/share/motion_capture_tracking/environment/path.sh
[0.567s] -- Up-to-date symlink: /home/tdeng23/ros2_ws/install/motion_capture_tracking/share/motion_capture_tracking/environment/path.dsv
[0.567s] -- Up-to-date symlink: /home/tdeng23/ros2_ws/install/motion_capture_tracking/share/motion_capture_tracking/local_setup.bash
[0.567s] -- Up-to-date symlink: /home/tdeng23/ros2_ws/install/motion_capture_tracking/share/motion_capture_tracking/local_setup.sh
[0.567s] -- Up-to-date symlink: /home/tdeng23/ros2_ws/install/motion_capture_tracking/share/motion_capture_tracking/local_setup.zsh
[0.567s] -- Up-to-date symlink: /home/tdeng23/ros2_ws/install/motion_capture_tracking/share/motion_capture_tracking/local_setup.dsv
[0.568s] -- Symlinking: /home/tdeng23/ros2_ws/install/motion_capture_tracking/share/motion_capture_tracking/package.dsv
[0.568s] -- Up-to-date symlink: /home/tdeng23/ros2_ws/install/motion_capture_tracking/share/ament_index/resource_index/packages/motion_capture_tracking
[0.568s] -- Up-to-date symlink: /home/tdeng23/ros2_ws/install/motion_capture_tracking/share/motion_capture_tracking/cmake/motion_capture_trackingConfig.cmake
[0.568s] -- Up-to-date symlink: /home/tdeng23/ros2_ws/install/motion_capture_tracking/share/motion_capture_tracking/cmake/motion_capture_trackingConfig-version.cmake
[0.568s] -- Up-to-date symlink: /home/tdeng23/ros2_ws/install/motion_capture_tracking/share/motion_capture_tracking/package.xml
[0.574s] Invoked command in '/home/tdeng23/ros2_ws/build/motion_capture_tracking' returned '0': AMENT_PREFIX_PATH=/home/tdeng23/ros2_ws/install/motion_capture_tracking_interfaces:${AMENT_PREFIX_PATH} CMAKE_PREFIX_PATH=/home/tdeng23/ros2_ws/install/motion_capture_tracking_interfaces:/opt/ros/galactic LD_LIBRARY_PATH=/home/tdeng23/ros2_ws/install/motion_capture_tracking_interfaces/lib:${LD_LIBRARY_PATH} PYTHONPATH=/home/tdeng23/ros2_ws/install/motion_capture_tracking_interfaces/lib/python3.8/site-packages:${PYTHONPATH} /home/tdeng23/.local/bin/cmake --install /home/tdeng23/ros2_ws/build/motion_capture_tracking
