[0.014s] Invoking command in '/home/tdeng23/ros2_ws/build/motion_capture_tracking_interfaces': CMAKE_PREFIX_PATH=/opt/ros/galactic /usr/bin/cmake /home/tdeng23/ros2_ws/src/motion_capture_tracking/motion_capture_tracking_interfaces -DAMENT_CMAKE_SYMLINK_INSTALL=1 -DCMAKE_INSTALL_PREFIX=/home/tdeng23/ros2_ws/install/motion_capture_tracking_interfaces
[0.121s] -- The C compiler identification is GNU 9.4.0
[0.223s] -- The CXX compiler identification is GNU 9.4.0
[0.231s] -- Check for working C compiler: /usr/bin/cc
[0.324s] -- Check for working C compiler: /usr/bin/cc -- works
[0.329s] -- Detecting C compiler ABI info
[0.411s] -- Detecting C compiler ABI info - done
[0.425s] -- Detecting C compile features
[0.425s] -- Detecting C compile features - done
[0.430s] -- Check for working CXX compiler: /usr/bin/c++
[0.529s] -- Check for working CXX compiler: /usr/bin/c++ -- works
[0.531s] -- Detecting CXX compiler ABI info
[0.627s] -- Detecting CXX compiler ABI info - done
[0.639s] -- Detecting CXX compile features
[0.639s] -- Detecting CXX compile features - done
[0.646s] -- Found ament_cmake: 1.1.6 (/opt/ros/galactic/share/ament_cmake/cmake)
[0.683s] -- Found PythonInterp: /usr/bin/python3 (found suitable version "3.8.10", minimum required is "3") 
[0.683s] -- Using PYTHON_EXECUTABLE: /usr/bin/python3
[0.740s] -- Override CMake install command with custom implementation using symlinks instead of copying resources
[0.766s] -- Found builtin_interfaces: 1.0.3 (/opt/ros/galactic/share/builtin_interfaces/cmake)
[0.802s] -- Using all available rosidl_typesupport_c: rosidl_typesupport_fastrtps_c;rosidl_typesupport_introspection_c
[0.812s] -- Found rosidl_adapter: 2.2.3 (/opt/ros/galactic/share/rosidl_adapter/cmake)
[0.890s] -- Found OpenSSL: /usr/lib/x86_64-linux-gnu/libcrypto.so (found version "1.1.1f")  
[0.943s] -- Found FastRTPS: /opt/ros/galactic/include  
[1.028s] -- Using all available rosidl_typesupport_cpp: rosidl_typesupport_fastrtps_cpp;rosidl_typesupport_introspection_cpp
[1.055s] -- Found geometry_msgs: 2.2.4 (/opt/ros/galactic/share/geometry_msgs/cmake)
[1.127s] -- Found rosidl_default_generators: 1.1.1 (/opt/ros/galactic/share/rosidl_default_generators/cmake)
[1.156s] -- Found PythonInterp: /usr/bin/python3 (found version "3.8.10") 
[1.333s] -- Found ament_cmake_cppcheck: 0.10.7 (/opt/ros/galactic/share/ament_cmake_cppcheck/cmake)
[1.334s] -- Found ament_cmake_cpplint: 0.10.7 (/opt/ros/galactic/share/ament_cmake_cpplint/cmake)
[1.337s] -- Found ament_cmake_uncrustify: 0.10.7 (/opt/ros/galactic/share/ament_cmake_uncrustify/cmake)
[1.339s] -- Found ament_cmake_ros: 0.9.2 (/opt/ros/galactic/share/ament_cmake_ros/cmake)
[1.570s] -- Using all available rosidl_typesupport_c: rosidl_typesupport_fastrtps_c;rosidl_typesupport_introspection_c
[1.673s] -- Using all available rosidl_typesupport_cpp: rosidl_typesupport_fastrtps_cpp;rosidl_typesupport_introspection_cpp
[1.697s] -- Found PythonInterp: /usr/bin/python3 (found suitable version "3.8.10", minimum required is "3.5") 
[1.699s] -- Found python_cmake_module: 0.8.1 (/opt/ros/galactic/share/python_cmake_module/cmake)
[1.724s] -- Found PythonLibs: /usr/lib/x86_64-linux-gnu/libpython3.8.so (found suitable version "3.8.10", minimum required is "3.5") 
[1.724s] -- Using PYTHON_EXECUTABLE: /usr/bin/python3
[1.724s] -- Using PYTHON_INCLUDE_DIRS: /usr/include/python3.8
[1.724s] -- Using PYTHON_LIBRARIES: /usr/lib/x86_64-linux-gnu/libpython3.8.so
[1.743s] -- Found PythonExtra: .so  
[1.831s] -- Found ament_cmake_flake8: 0.10.7 (/opt/ros/galactic/share/ament_cmake_flake8/cmake)
[1.833s] -- Found ament_cmake_pep257: 0.10.7 (/opt/ros/galactic/share/ament_cmake_pep257/cmake)
[1.849s] -- Configuring done
[1.910s] -- Generating done
[1.914s] -- Build files have been written to: /home/tdeng23/ros2_ws/build/motion_capture_tracking_interfaces
[1.922s] Invoked command in '/home/tdeng23/ros2_ws/build/motion_capture_tracking_interfaces' returned '0': CMAKE_PREFIX_PATH=/opt/ros/galactic /usr/bin/cmake /home/tdeng23/ros2_ws/src/motion_capture_tracking/motion_capture_tracking_interfaces -DAMENT_CMAKE_SYMLINK_INSTALL=1 -DCMAKE_INSTALL_PREFIX=/home/tdeng23/ros2_ws/install/motion_capture_tracking_interfaces
[1.925s] Invoking command in '/home/tdeng23/ros2_ws/build/motion_capture_tracking_interfaces': CMAKE_PREFIX_PATH=/opt/ros/galactic /usr/bin/cmake --build /home/tdeng23/ros2_ws/build/motion_capture_tracking_interfaces -- -j8 -l8
[1.964s] [35m[1mScanning dependencies of target motion_capture_tracking_interfaces__cpp[0m
[1.964s] [  2%] [34m[1mGenerating C code for ROS interfaces[0m
[1.974s] [  5%] [34m[1mGenerating C++ code for ROS interfaces[0m
[2.230s] [  5%] Built target motion_capture_tracking_interfaces__cpp
[2.244s] [  7%] [34m[1mGenerating C++ type support dispatch for ROS interfaces[0m
[2.246s] [ 10%] [34m[1mGenerating C++ type support for eProsima Fast-RTPS[0m
[2.246s] [35m[1mScanning dependencies of target motion_capture_tracking_interfaces__rosidl_generator_c[0m
[2.247s] [ 12%] [34m[1mGenerating C++ introspection for ROS interfaces[0m
[2.267s] [ 15%] [32mBuilding C object CMakeFiles/motion_capture_tracking_interfaces__rosidl_generator_c.dir/rosidl_generator_c/motion_capture_tracking_interfaces/msg/detail/named_pose__functions.c.o[0m
[2.268s] [ 17%] [32mBuilding C object CMakeFiles/motion_capture_tracking_interfaces__rosidl_generator_c.dir/rosidl_generator_c/motion_capture_tracking_interfaces/msg/detail/named_pose_array__functions.c.o[0m
[2.335s] [ 20%] [32m[1mLinking C shared library libmotion_capture_tracking_interfaces__rosidl_generator_c.so[0m
[2.378s] [ 20%] Built target motion_capture_tracking_interfaces__rosidl_generator_c
[2.388s] [ 23%] [34m[1mGenerating C type support dispatch for ROS interfaces[0m
[2.392s] [ 25%] [34m[1mGenerating C introspection for ROS interfaces[0m
[2.622s] [35m[1mScanning dependencies of target motion_capture_tracking_interfaces__rosidl_typesupport_cpp[0m
[2.652s] [35m[1mScanning dependencies of target motion_capture_tracking_interfaces__rosidl_typesupport_introspection_cpp[0m
[2.659s] [ 28%] [32mBuilding CXX object CMakeFiles/motion_capture_tracking_interfaces__rosidl_typesupport_cpp.dir/rosidl_typesupport_cpp/motion_capture_tracking_interfaces/msg/named_pose__type_support.cpp.o[0m
[2.661s] [ 30%] [32mBuilding CXX object CMakeFiles/motion_capture_tracking_interfaces__rosidl_typesupport_cpp.dir/rosidl_typesupport_cpp/motion_capture_tracking_interfaces/msg/named_pose_array__type_support.cpp.o[0m
[2.682s] [35m[1mScanning dependencies of target motion_capture_tracking_interfaces__rosidl_typesupport_fastrtps_cpp[0m
[2.683s] [ 33%] [32mBuilding CXX object CMakeFiles/motion_capture_tracking_interfaces__rosidl_typesupport_introspection_cpp.dir/rosidl_typesupport_introspection_cpp/motion_capture_tracking_interfaces/msg/detail/named_pose__type_support.cpp.o[0m
[2.694s] [ 35%] [32mBuilding CXX object CMakeFiles/motion_capture_tracking_interfaces__rosidl_typesupport_introspection_cpp.dir/rosidl_typesupport_introspection_cpp/motion_capture_tracking_interfaces/msg/detail/named_pose_array__type_support.cpp.o[0m
[2.718s] [ 38%] [32mBuilding CXX object CMakeFiles/motion_capture_tracking_interfaces__rosidl_typesupport_fastrtps_cpp.dir/rosidl_typesupport_fastrtps_cpp/motion_capture_tracking_interfaces/msg/detail/dds_fastrtps/named_pose__type_support.cpp.o[0m
[2.727s] [35m[1mScanning dependencies of target motion_capture_tracking_interfaces__rosidl_typesupport_c[0m
[2.732s] [ 41%] [32mBuilding CXX object CMakeFiles/motion_capture_tracking_interfaces__rosidl_typesupport_fastrtps_cpp.dir/rosidl_typesupport_fastrtps_cpp/motion_capture_tracking_interfaces/msg/detail/dds_fastrtps/named_pose_array__type_support.cpp.o[0m
[2.751s] [ 43%] [32mBuilding CXX object CMakeFiles/motion_capture_tracking_interfaces__rosidl_typesupport_c.dir/rosidl_typesupport_c/motion_capture_tracking_interfaces/msg/named_pose__type_support.cpp.o[0m
[2.853s] [ 46%] [32mBuilding CXX object CMakeFiles/motion_capture_tracking_interfaces__rosidl_typesupport_c.dir/rosidl_typesupport_c/motion_capture_tracking_interfaces/msg/named_pose_array__type_support.cpp.o[0m
[2.903s] [35m[1mScanning dependencies of target motion_capture_tracking_interfaces__rosidl_typesupport_introspection_c[0m
[2.970s] [ 48%] [32m[1mLinking CXX shared library libmotion_capture_tracking_interfaces__rosidl_typesupport_c.so[0m
[2.986s] [ 51%] [32mBuilding C object CMakeFiles/motion_capture_tracking_interfaces__rosidl_typesupport_introspection_c.dir/rosidl_typesupport_introspection_c/motion_capture_tracking_interfaces/msg/detail/named_pose__type_support.c.o[0m
[3.128s] [ 53%] [32mBuilding C object CMakeFiles/motion_capture_tracking_interfaces__rosidl_typesupport_introspection_c.dir/rosidl_typesupport_introspection_c/motion_capture_tracking_interfaces/msg/detail/named_pose_array__type_support.c.o[0m
[3.142s] [ 53%] Built target motion_capture_tracking_interfaces__rosidl_typesupport_c
[3.173s] [ 56%] [32m[1mLinking CXX shared library libmotion_capture_tracking_interfaces__rosidl_typesupport_cpp.so[0m
[3.193s] [ 58%] [32m[1mLinking C shared library libmotion_capture_tracking_interfaces__rosidl_typesupport_introspection_c.so[0m
[3.225s] [ 58%] Built target motion_capture_tracking_interfaces__rosidl_typesupport_cpp
[3.238s] [ 58%] Built target motion_capture_tracking_interfaces__rosidl_typesupport_introspection_c
[3.260s] [ 61%] [32m[1mLinking CXX shared library libmotion_capture_tracking_interfaces__rosidl_typesupport_introspection_cpp.so[0m
[3.328s] [ 61%] Built target motion_capture_tracking_interfaces__rosidl_typesupport_introspection_cpp
[3.396s] [ 64%] [32m[1mLinking CXX shared library libmotion_capture_tracking_interfaces__rosidl_typesupport_fastrtps_cpp.so[0m
[3.477s] [ 64%] Built target motion_capture_tracking_interfaces__rosidl_typesupport_fastrtps_cpp
[3.486s] [ 66%] [34m[1mGenerating C type support for eProsima Fast-RTPS[0m
[3.707s] [35m[1mScanning dependencies of target motion_capture_tracking_interfaces__rosidl_typesupport_fastrtps_c[0m
[3.723s] [ 69%] [32mBuilding CXX object CMakeFiles/motion_capture_tracking_interfaces__rosidl_typesupport_fastrtps_c.dir/rosidl_typesupport_fastrtps_c/motion_capture_tracking_interfaces/msg/detail/named_pose__type_support_c.cpp.o[0m
[3.726s] [ 71%] [32mBuilding CXX object CMakeFiles/motion_capture_tracking_interfaces__rosidl_typesupport_fastrtps_c.dir/rosidl_typesupport_fastrtps_c/motion_capture_tracking_interfaces/msg/detail/named_pose_array__type_support_c.cpp.o[0m
[4.228s] [ 74%] [32m[1mLinking CXX shared library libmotion_capture_tracking_interfaces__rosidl_typesupport_fastrtps_c.so[0m
[4.360s] [ 74%] Built target motion_capture_tracking_interfaces__rosidl_typesupport_fastrtps_c
[4.375s] [35m[1mScanning dependencies of target motion_capture_tracking_interfaces[0m
[4.390s] [ 74%] Built target motion_capture_tracking_interfaces
[4.405s] [35m[1mScanning dependencies of target motion_capture_tracking_interfaces__py[0m
[4.425s] [ 76%] [34m[1mGenerating Python code for ROS interfaces[0m
[5.439s] [ 76%] Built target motion_capture_tracking_interfaces__py
[5.507s] [35m[1mScanning dependencies of target motion_capture_tracking_interfaces__python[0m
[5.568s] [ 79%] [32mBuilding C object CMakeFiles/motion_capture_tracking_interfaces__python.dir/rosidl_generator_py/motion_capture_tracking_interfaces/msg/_named_pose_s.c.o[0m
[5.591s] [ 82%] [32mBuilding C object CMakeFiles/motion_capture_tracking_interfaces__python.dir/rosidl_generator_py/motion_capture_tracking_interfaces/msg/_named_pose_array_s.c.o[0m
[5.822s] [ 84%] [32m[1mLinking C shared library rosidl_generator_py/motion_capture_tracking_interfaces/libmotion_capture_tracking_interfaces__python.so[0m
[5.918s] [ 84%] Built target motion_capture_tracking_interfaces__python
[5.941s] [35m[1mScanning dependencies of target motion_capture_tracking_interfaces__rosidl_typesupport_fastrtps_c__pyext[0m
[5.967s] [35m[1mScanning dependencies of target motion_capture_tracking_interfaces__rosidl_typesupport_c__pyext[0m
[5.970s] [35m[1mScanning dependencies of target motion_capture_tracking_interfaces__rosidl_typesupport_introspection_c__pyext[0m
[5.979s] [ 87%] [32mBuilding C object CMakeFiles/motion_capture_tracking_interfaces__rosidl_typesupport_fastrtps_c__pyext.dir/rosidl_generator_py/motion_capture_tracking_interfaces/_motion_capture_tracking_interfaces_s.ep.rosidl_typesupport_fastrtps_c.c.o[0m
[6.019s] [ 89%] [32mBuilding C object CMakeFiles/motion_capture_tracking_interfaces__rosidl_typesupport_c__pyext.dir/rosidl_generator_py/motion_capture_tracking_interfaces/_motion_capture_tracking_interfaces_s.ep.rosidl_typesupport_c.c.o[0m
[6.046s] [ 92%] [32mBuilding C object CMakeFiles/motion_capture_tracking_interfaces__rosidl_typesupport_introspection_c__pyext.dir/rosidl_generator_py/motion_capture_tracking_interfaces/_motion_capture_tracking_interfaces_s.ep.rosidl_typesupport_introspection_c.c.o[0m
[6.140s] [ 94%] [32m[1mLinking CXX shared library rosidl_generator_py/motion_capture_tracking_interfaces/motion_capture_tracking_interfaces_s__rosidl_typesupport_fastrtps_c.cpython-38-x86_64-linux-gnu.so[0m
[6.220s] [ 97%] [32m[1mLinking C shared library rosidl_generator_py/motion_capture_tracking_interfaces/motion_capture_tracking_interfaces_s__rosidl_typesupport_introspection_c.cpython-38-x86_64-linux-gnu.so[0m
[6.266s] [100%] [32m[1mLinking C shared library rosidl_generator_py/motion_capture_tracking_interfaces/motion_capture_tracking_interfaces_s__rosidl_typesupport_c.cpython-38-x86_64-linux-gnu.so[0m
[6.308s] [100%] Built target motion_capture_tracking_interfaces__rosidl_typesupport_fastrtps_c__pyext
[6.321s] [100%] Built target motion_capture_tracking_interfaces__rosidl_typesupport_introspection_c__pyext
[6.362s] [100%] Built target motion_capture_tracking_interfaces__rosidl_typesupport_c__pyext
[6.380s] Invoked command in '/home/tdeng23/ros2_ws/build/motion_capture_tracking_interfaces' returned '0': CMAKE_PREFIX_PATH=/opt/ros/galactic /usr/bin/cmake --build /home/tdeng23/ros2_ws/build/motion_capture_tracking_interfaces -- -j8 -l8
[6.672s] Invoking command in '/home/tdeng23/ros2_ws/build/motion_capture_tracking_interfaces': CMAKE_PREFIX_PATH=/opt/ros/galactic /usr/bin/cmake --install /home/tdeng23/ros2_ws/build/motion_capture_tracking_interfaces
[6.687s] -- Install configuration: ""
[6.688s] -- Execute custom install script
[6.689s] -- Symlinking: /home/tdeng23/ros2_ws/install/motion_capture_tracking_interfaces/share/ament_index/resource_index/rosidl_interfaces/motion_capture_tracking_interfaces
[6.704s] -- Symlinking: /home/tdeng23/ros2_ws/install/motion_capture_tracking_interfaces/include/motion_capture_tracking_interfaces/msg/detail/named_pose__functions.h
[6.718s] -- Symlinking: /home/tdeng23/ros2_ws/install/motion_capture_tracking_interfaces/include/motion_capture_tracking_interfaces/msg/detail/named_pose__struct.h
[6.746s] -- Symlinking: /home/tdeng23/ros2_ws/install/motion_capture_tracking_interfaces/include/motion_capture_tracking_interfaces/msg/detail/named_pose__type_support.h
[6.759s] -- Symlinking: /home/tdeng23/ros2_ws/install/motion_capture_tracking_interfaces/include/motion_capture_tracking_interfaces/msg/detail/named_pose_array__functions.h
[6.771s] -- Symlinking: /home/tdeng23/ros2_ws/install/motion_capture_tracking_interfaces/include/motion_capture_tracking_interfaces/msg/detail/named_pose_array__struct.h
[6.785s] -- Symlinking: /home/tdeng23/ros2_ws/install/motion_capture_tracking_interfaces/include/motion_capture_tracking_interfaces/msg/detail/named_pose_array__type_support.h
[6.798s] -- Symlinking: /home/tdeng23/ros2_ws/install/motion_capture_tracking_interfaces/include/motion_capture_tracking_interfaces/msg/named_pose.h
[6.811s] -- Symlinking: /home/tdeng23/ros2_ws/install/motion_capture_tracking_interfaces/include/motion_capture_tracking_interfaces/msg/named_pose_array.h
[6.825s] -- Symlinking: /home/tdeng23/ros2_ws/install/motion_capture_tracking_interfaces/include/motion_capture_tracking_interfaces/msg/rosidl_generator_c__visibility_control.h
[6.840s] -- Symlinking: /home/tdeng23/ros2_ws/install/motion_capture_tracking_interfaces/share/motion_capture_tracking_interfaces/environment/library_path.sh
[6.854s] -- Symlinking: /home/tdeng23/ros2_ws/install/motion_capture_tracking_interfaces/share/motion_capture_tracking_interfaces/environment/library_path.dsv
[6.867s] -- Symlinking: /home/tdeng23/ros2_ws/install/motion_capture_tracking_interfaces/include/motion_capture_tracking_interfaces/msg/detail/named_pose__rosidl_typesupport_fastrtps_c.h
[6.881s] -- Symlinking: /home/tdeng23/ros2_ws/install/motion_capture_tracking_interfaces/include/motion_capture_tracking_interfaces/msg/detail/named_pose_array__rosidl_typesupport_fastrtps_c.h
[6.900s] -- Symlinking: /home/tdeng23/ros2_ws/install/motion_capture_tracking_interfaces/include/motion_capture_tracking_interfaces/msg/rosidl_typesupport_fastrtps_c__visibility_control.h
[6.914s] -- Symlinking: /home/tdeng23/ros2_ws/install/motion_capture_tracking_interfaces/lib/libmotion_capture_tracking_interfaces__rosidl_typesupport_fastrtps_c.so
[6.942s] -- Symlinking: /home/tdeng23/ros2_ws/install/motion_capture_tracking_interfaces/include/motion_capture_tracking_interfaces/msg/detail/named_pose__rosidl_typesupport_fastrtps_cpp.hpp
[6.961s] -- Symlinking: /home/tdeng23/ros2_ws/install/motion_capture_tracking_interfaces/include/motion_capture_tracking_interfaces/msg/detail/named_pose_array__rosidl_typesupport_fastrtps_cpp.hpp
[6.995s] -- Symlinking: /home/tdeng23/ros2_ws/install/motion_capture_tracking_interfaces/include/motion_capture_tracking_interfaces/msg/rosidl_typesupport_fastrtps_cpp__visibility_control.h
[7.016s] -- Symlinking: /home/tdeng23/ros2_ws/install/motion_capture_tracking_interfaces/lib/libmotion_capture_tracking_interfaces__rosidl_typesupport_fastrtps_cpp.so
[7.043s] -- Symlinking: /home/tdeng23/ros2_ws/install/motion_capture_tracking_interfaces/include/motion_capture_tracking_interfaces/msg/detail/named_pose__rosidl_typesupport_introspection_c.h
[7.067s] -- Symlinking: /home/tdeng23/ros2_ws/install/motion_capture_tracking_interfaces/include/motion_capture_tracking_interfaces/msg/detail/named_pose_array__rosidl_typesupport_introspection_c.h
[7.100s] -- Symlinking: /home/tdeng23/ros2_ws/install/motion_capture_tracking_interfaces/include/motion_capture_tracking_interfaces/msg/rosidl_typesupport_introspection_c__visibility_control.h
[7.125s] -- Symlinking: /home/tdeng23/ros2_ws/install/motion_capture_tracking_interfaces/include/motion_capture_tracking_interfaces/msg/detail/named_pose__builder.hpp
[7.139s] -- Symlinking: /home/tdeng23/ros2_ws/install/motion_capture_tracking_interfaces/include/motion_capture_tracking_interfaces/msg/detail/named_pose__struct.hpp
[7.162s] -- Symlinking: /home/tdeng23/ros2_ws/install/motion_capture_tracking_interfaces/include/motion_capture_tracking_interfaces/msg/detail/named_pose__traits.hpp
[7.175s] -- Symlinking: /home/tdeng23/ros2_ws/install/motion_capture_tracking_interfaces/include/motion_capture_tracking_interfaces/msg/detail/named_pose_array__builder.hpp
[7.188s] -- Symlinking: /home/tdeng23/ros2_ws/install/motion_capture_tracking_interfaces/include/motion_capture_tracking_interfaces/msg/detail/named_pose_array__struct.hpp
[7.201s] -- Symlinking: /home/tdeng23/ros2_ws/install/motion_capture_tracking_interfaces/include/motion_capture_tracking_interfaces/msg/detail/named_pose_array__traits.hpp
[7.215s] -- Symlinking: /home/tdeng23/ros2_ws/install/motion_capture_tracking_interfaces/include/motion_capture_tracking_interfaces/msg/named_pose.hpp
[7.229s] -- Symlinking: /home/tdeng23/ros2_ws/install/motion_capture_tracking_interfaces/include/motion_capture_tracking_interfaces/msg/named_pose_array.hpp
[7.242s] -- Symlinking: /home/tdeng23/ros2_ws/install/motion_capture_tracking_interfaces/include/motion_capture_tracking_interfaces/msg/detail/named_pose__rosidl_typesupport_introspection_cpp.hpp
[7.278s] -- Symlinking: /home/tdeng23/ros2_ws/install/motion_capture_tracking_interfaces/include/motion_capture_tracking_interfaces/msg/detail/named_pose_array__rosidl_typesupport_introspection_cpp.hpp
[7.291s] -- Symlinking: /home/tdeng23/ros2_ws/install/motion_capture_tracking_interfaces/share/motion_capture_tracking_interfaces/environment/pythonpath.sh
[7.304s] -- Symlinking: /home/tdeng23/ros2_ws/install/motion_capture_tracking_interfaces/share/motion_capture_tracking_interfaces/environment/pythonpath.dsv
[7.316s] -- Symlinking: /home/tdeng23/ros2_ws/install/motion_capture_tracking_interfaces/lib/python3.8/site-packages/motion_capture_tracking_interfaces/__init__.py
[7.329s] -- Symlinking: /home/tdeng23/ros2_ws/install/motion_capture_tracking_interfaces/lib/python3.8/site-packages/motion_capture_tracking_interfaces/msg/__init__.py
[7.350s] -- Symlinking: /home/tdeng23/ros2_ws/install/motion_capture_tracking_interfaces/lib/python3.8/site-packages/motion_capture_tracking_interfaces/msg/_named_pose.py
[7.363s] -- Symlinking: /home/tdeng23/ros2_ws/install/motion_capture_tracking_interfaces/lib/python3.8/site-packages/motion_capture_tracking_interfaces/msg/_named_pose_array.py
[7.377s] -- Symlinking: /home/tdeng23/ros2_ws/install/motion_capture_tracking_interfaces/lib/python3.8/site-packages/motion_capture_tracking_interfaces/motion_capture_tracking_interfaces_s__rosidl_typesupport_fastrtps_c.cpython-38-x86_64-linux-gnu.so
[7.403s] -- Symlinking: /home/tdeng23/ros2_ws/install/motion_capture_tracking_interfaces/lib/python3.8/site-packages/motion_capture_tracking_interfaces/motion_capture_tracking_interfaces_s__rosidl_typesupport_introspection_c.cpython-38-x86_64-linux-gnu.so
[7.432s] -- Symlinking: /home/tdeng23/ros2_ws/install/motion_capture_tracking_interfaces/lib/python3.8/site-packages/motion_capture_tracking_interfaces/motion_capture_tracking_interfaces_s__rosidl_typesupport_c.cpython-38-x86_64-linux-gnu.so
[7.462s] -- Symlinking: /home/tdeng23/ros2_ws/install/motion_capture_tracking_interfaces/lib/libmotion_capture_tracking_interfaces__python.so
[7.482s] -- Symlinking: /home/tdeng23/ros2_ws/install/motion_capture_tracking_interfaces/share/motion_capture_tracking_interfaces/msg/NamedPose.idl
[7.509s] -- Symlinking: /home/tdeng23/ros2_ws/install/motion_capture_tracking_interfaces/share/motion_capture_tracking_interfaces/msg/NamedPoseArray.idl
[7.522s] -- Symlinking: /home/tdeng23/ros2_ws/install/motion_capture_tracking_interfaces/share/motion_capture_tracking_interfaces/msg/NamedPose.msg
[7.549s] -- Symlinking: /home/tdeng23/ros2_ws/install/motion_capture_tracking_interfaces/share/motion_capture_tracking_interfaces/msg/NamedPoseArray.msg
[7.584s] -- Symlinking: /home/tdeng23/ros2_ws/install/motion_capture_tracking_interfaces/share/ament_index/resource_index/package_run_dependencies/motion_capture_tracking_interfaces
[7.617s] -- Symlinking: /home/tdeng23/ros2_ws/install/motion_capture_tracking_interfaces/share/ament_index/resource_index/parent_prefix_path/motion_capture_tracking_interfaces
[7.655s] -- Symlinking: /home/tdeng23/ros2_ws/install/motion_capture_tracking_interfaces/share/motion_capture_tracking_interfaces/environment/ament_prefix_path.sh
[7.690s] -- Symlinking: /home/tdeng23/ros2_ws/install/motion_capture_tracking_interfaces/share/motion_capture_tracking_interfaces/environment/ament_prefix_path.dsv
[7.711s] -- Symlinking: /home/tdeng23/ros2_ws/install/motion_capture_tracking_interfaces/share/motion_capture_tracking_interfaces/environment/path.sh
[7.724s] -- Symlinking: /home/tdeng23/ros2_ws/install/motion_capture_tracking_interfaces/share/motion_capture_tracking_interfaces/environment/path.dsv
[7.738s] -- Symlinking: /home/tdeng23/ros2_ws/install/motion_capture_tracking_interfaces/share/motion_capture_tracking_interfaces/local_setup.bash
[7.752s] -- Symlinking: /home/tdeng23/ros2_ws/install/motion_capture_tracking_interfaces/share/motion_capture_tracking_interfaces/local_setup.sh
[7.765s] -- Symlinking: /home/tdeng23/ros2_ws/install/motion_capture_tracking_interfaces/share/motion_capture_tracking_interfaces/local_setup.zsh
[7.779s] -- Symlinking: /home/tdeng23/ros2_ws/install/motion_capture_tracking_interfaces/share/motion_capture_tracking_interfaces/local_setup.dsv
[7.792s] -- Symlinking: /home/tdeng23/ros2_ws/install/motion_capture_tracking_interfaces/share/motion_capture_tracking_interfaces/package.dsv
[7.805s] -- Symlinking: /home/tdeng23/ros2_ws/install/motion_capture_tracking_interfaces/share/ament_index/resource_index/packages/motion_capture_tracking_interfaces
[7.818s] -- Symlinking: /home/tdeng23/ros2_ws/install/motion_capture_tracking_interfaces/share/motion_capture_tracking_interfaces/cmake/rosidl_cmake-extras.cmake
[7.832s] -- Symlinking: /home/tdeng23/ros2_ws/install/motion_capture_tracking_interfaces/share/motion_capture_tracking_interfaces/cmake/ament_cmake_export_dependencies-extras.cmake
[7.845s] -- Symlinking: /home/tdeng23/ros2_ws/install/motion_capture_tracking_interfaces/share/motion_capture_tracking_interfaces/cmake/ament_cmake_export_libraries-extras.cmake
[7.857s] -- Symlinking: /home/tdeng23/ros2_ws/install/motion_capture_tracking_interfaces/share/motion_capture_tracking_interfaces/cmake/ament_cmake_export_targets-extras.cmake
[7.900s] -- Symlinking: /home/tdeng23/ros2_ws/install/motion_capture_tracking_interfaces/share/motion_capture_tracking_interfaces/cmake/ament_cmake_export_include_directories-extras.cmake
[7.939s] -- Symlinking: /home/tdeng23/ros2_ws/install/motion_capture_tracking_interfaces/share/motion_capture_tracking_interfaces/cmake/rosidl_cmake_export_typesupport_libraries-extras.cmake
[7.968s] -- Symlinking: /home/tdeng23/ros2_ws/install/motion_capture_tracking_interfaces/share/motion_capture_tracking_interfaces/cmake/rosidl_cmake_export_typesupport_targets-extras.cmake
[7.981s] -- Symlinking: /home/tdeng23/ros2_ws/install/motion_capture_tracking_interfaces/share/motion_capture_tracking_interfaces/cmake/motion_capture_tracking_interfacesConfig.cmake
[7.993s] -- Symlinking: /home/tdeng23/ros2_ws/install/motion_capture_tracking_interfaces/share/motion_capture_tracking_interfaces/cmake/motion_capture_tracking_interfacesConfig-version.cmake
[8.012s] -- Symlinking: /home/tdeng23/ros2_ws/install/motion_capture_tracking_interfaces/share/motion_capture_tracking_interfaces/package.xml
[8.023s] -- Installing: /home/tdeng23/ros2_ws/install/motion_capture_tracking_interfaces/lib/libmotion_capture_tracking_interfaces__rosidl_generator_c.so
[8.024s] -- Set runtime path of "/home/tdeng23/ros2_ws/install/motion_capture_tracking_interfaces/lib/libmotion_capture_tracking_interfaces__rosidl_generator_c.so" to ""
[8.025s] -- Installing: /home/tdeng23/ros2_ws/install/motion_capture_tracking_interfaces/lib/libmotion_capture_tracking_interfaces__rosidl_typesupport_introspection_c.so
[8.025s] -- Set runtime path of "/home/tdeng23/ros2_ws/install/motion_capture_tracking_interfaces/lib/libmotion_capture_tracking_interfaces__rosidl_typesupport_introspection_c.so" to ""
[8.026s] -- Installing: /home/tdeng23/ros2_ws/install/motion_capture_tracking_interfaces/lib/libmotion_capture_tracking_interfaces__rosidl_typesupport_c.so
[8.026s] -- Set runtime path of "/home/tdeng23/ros2_ws/install/motion_capture_tracking_interfaces/lib/libmotion_capture_tracking_interfaces__rosidl_typesupport_c.so" to ""
[8.027s] -- Installing: /home/tdeng23/ros2_ws/install/motion_capture_tracking_interfaces/lib/libmotion_capture_tracking_interfaces__rosidl_typesupport_introspection_cpp.so
[8.028s] -- Set runtime path of "/home/tdeng23/ros2_ws/install/motion_capture_tracking_interfaces/lib/libmotion_capture_tracking_interfaces__rosidl_typesupport_introspection_cpp.so" to ""
[8.028s] -- Installing: /home/tdeng23/ros2_ws/install/motion_capture_tracking_interfaces/lib/libmotion_capture_tracking_interfaces__rosidl_typesupport_cpp.so
[8.029s] -- Set runtime path of "/home/tdeng23/ros2_ws/install/motion_capture_tracking_interfaces/lib/libmotion_capture_tracking_interfaces__rosidl_typesupport_cpp.so" to ""
[8.080s] Compiling '/home/tdeng23/ros2_ws/install/motion_capture_tracking_interfaces/lib/python3.8/site-packages/motion_capture_tracking_interfaces/__init__.py'...
[8.086s] -- Installing: /home/tdeng23/ros2_ws/install/motion_capture_tracking_interfaces/share/motion_capture_tracking_interfaces/cmake/motion_capture_tracking_interfaces__rosidl_generator_cExport.cmake
[8.086s] -- Installing: /home/tdeng23/ros2_ws/install/motion_capture_tracking_interfaces/share/motion_capture_tracking_interfaces/cmake/motion_capture_tracking_interfaces__rosidl_generator_cExport-noconfig.cmake
[8.087s] -- Installing: /home/tdeng23/ros2_ws/install/motion_capture_tracking_interfaces/share/motion_capture_tracking_interfaces/cmake/motion_capture_tracking_interfaces__rosidl_typesupport_introspection_cExport.cmake
[8.087s] -- Installing: /home/tdeng23/ros2_ws/install/motion_capture_tracking_interfaces/share/motion_capture_tracking_interfaces/cmake/motion_capture_tracking_interfaces__rosidl_typesupport_introspection_cExport-noconfig.cmake
[8.087s] -- Installing: /home/tdeng23/ros2_ws/install/motion_capture_tracking_interfaces/share/motion_capture_tracking_interfaces/cmake/motion_capture_tracking_interfaces__rosidl_typesupport_cExport.cmake
[8.088s] -- Installing: /home/tdeng23/ros2_ws/install/motion_capture_tracking_interfaces/share/motion_capture_tracking_interfaces/cmake/motion_capture_tracking_interfaces__rosidl_typesupport_cExport-noconfig.cmake
[8.088s] -- Installing: /home/tdeng23/ros2_ws/install/motion_capture_tracking_interfaces/share/motion_capture_tracking_interfaces/cmake/motion_capture_tracking_interfaces__rosidl_generator_cppExport.cmake
[8.088s] -- Installing: /home/tdeng23/ros2_ws/install/motion_capture_tracking_interfaces/share/motion_capture_tracking_interfaces/cmake/motion_capture_tracking_interfaces__rosidl_typesupport_introspection_cppExport.cmake
[8.089s] -- Installing: /home/tdeng23/ros2_ws/install/motion_capture_tracking_interfaces/share/motion_capture_tracking_interfaces/cmake/motion_capture_tracking_interfaces__rosidl_typesupport_introspection_cppExport-noconfig.cmake
[8.089s] -- Installing: /home/tdeng23/ros2_ws/install/motion_capture_tracking_interfaces/share/motion_capture_tracking_interfaces/cmake/motion_capture_tracking_interfaces__rosidl_typesupport_cppExport.cmake
[8.089s] -- Installing: /home/tdeng23/ros2_ws/install/motion_capture_tracking_interfaces/share/motion_capture_tracking_interfaces/cmake/motion_capture_tracking_interfaces__rosidl_typesupport_cppExport-noconfig.cmake
[8.094s] Invoked command in '/home/tdeng23/ros2_ws/build/motion_capture_tracking_interfaces' returned '0': CMAKE_PREFIX_PATH=/opt/ros/galactic /usr/bin/cmake --install /home/tdeng23/ros2_ws/build/motion_capture_tracking_interfaces
