[0.789s] Invoking command in '/home/nicxe/ros2_ws/src/crazyswarm2/crazyflie_ros2_simulation': PYTHONPATH=/home/nicxe/ros2_ws/build/crazyflie_ros2_simulation/prefix_override:/home/nicxe/ros2_ws/install/crazyflie_ros2_simulation/lib/python3.8/site-packages:${PYTHONPATH} /usr/bin/python3 setup.py egg_info --egg-base ../../../build/crazyflie_ros2_simulation build --build-base /home/nicxe/ros2_ws/build/crazyflie_ros2_simulation/build install --record /home/nicxe/ros2_ws/build/crazyflie_ros2_simulation/install.log --single-version-externally-managed
[0.960s] running egg_info
[0.961s] writing ../../../build/crazyflie_ros2_simulation/crazyflie_ros2_simulation.egg-info/PKG-INFO
[0.961s] writing dependency_links to ../../../build/crazyflie_ros2_simulation/crazyflie_ros2_simulation.egg-info/dependency_links.txt
[0.961s] writing entry points to ../../../build/crazyflie_ros2_simulation/crazyflie_ros2_simulation.egg-info/entry_points.txt
[0.961s] writing requirements to ../../../build/crazyflie_ros2_simulation/crazyflie_ros2_simulation.egg-info/requires.txt
[0.961s] writing top-level names to ../../../build/crazyflie_ros2_simulation/crazyflie_ros2_simulation.egg-info/top_level.txt
[0.986s] reading manifest file '../../../build/crazyflie_ros2_simulation/crazyflie_ros2_simulation.egg-info/SOURCES.txt'
[0.986s] writing manifest file '../../../build/crazyflie_ros2_simulation/crazyflie_ros2_simulation.egg-info/SOURCES.txt'
[0.986s] running build
[0.987s] running build_py
[0.987s] running install
[0.987s] running install_lib
[0.988s] running install_data
[0.989s] running install_egg_info
[0.990s] removing '/home/nicxe/ros2_ws/install/crazyflie_ros2_simulation/lib/python3.8/site-packages/crazyflie_ros2_simulation-0.0.0-py3.8.egg-info' (and everything under it)
[0.990s] Copying ../../../build/crazyflie_ros2_simulation/crazyflie_ros2_simulation.egg-info to /home/nicxe/ros2_ws/install/crazyflie_ros2_simulation/lib/python3.8/site-packages/crazyflie_ros2_simulation-0.0.0-py3.8.egg-info
[0.991s] running install_scripts
[1.003s] Installing crazyflie_webots_driver script to /home/nicxe/ros2_ws/install/crazyflie_ros2_simulation/lib/crazyflie_ros2_simulation
[1.003s] writing list of installed files to '/home/nicxe/ros2_ws/build/crazyflie_ros2_simulation/install.log'
[1.074s] Invoked command in '/home/nicxe/ros2_ws/src/crazyswarm2/crazyflie_ros2_simulation' returned '0': PYTHONPATH=/home/nicxe/ros2_ws/build/crazyflie_ros2_simulation/prefix_override:/home/nicxe/ros2_ws/install/crazyflie_ros2_simulation/lib/python3.8/site-packages:${PYTHONPATH} /usr/bin/python3 setup.py egg_info --egg-base ../../../build/crazyflie_ros2_simulation build --build-base /home/nicxe/ros2_ws/build/crazyflie_ros2_simulation/build install --record /home/nicxe/ros2_ws/build/crazyflie_ros2_simulation/install.log --single-version-externally-managed
