[1.074s] Invoking command in '/home/tdeng23/ros2_ws/build/crazyflie_ros2_simulation': PYTHONPATH=/home/tdeng23/ros2_ws/build/crazyflie_ros2_simulation/prefix_override:/home/tdeng23/ros2_ws/install/crazyflie_ros2_simulation/lib/python3.8/site-packages:${PYTHONPATH} /usr/bin/python3 setup.py develop --uninstall --editable --build-directory /home/tdeng23/ros2_ws/build/crazyflie_ros2_simulation/build
[1.399s] running develop
[1.580s] Removing /home/tdeng23/ros2_ws/install/crazyflie_ros2_simulation/lib/python3.8/site-packages/crazyflie-ros2-simulation.egg-link (link to .)
[1.824s] Invoked command in '/home/tdeng23/ros2_ws/build/crazyflie_ros2_simulation' returned '0': PYTHONPATH=/home/tdeng23/ros2_ws/build/crazyflie_ros2_simulation/prefix_override:/home/tdeng23/ros2_ws/install/crazyflie_ros2_simulation/lib/python3.8/site-packages:${PYTHONPATH} /usr/bin/python3 setup.py develop --uninstall --editable --build-directory /home/tdeng23/ros2_ws/build/crazyflie_ros2_simulation/build
[1.824s] Invoking command in '/home/tdeng23/ros2_ws/src/crazyswarm2/crazyflie_ros2_simulation': PYTHONPATH=/home/tdeng23/ros2_ws/build/crazyflie_ros2_simulation/prefix_override:/home/tdeng23/ros2_ws/install/crazyflie_ros2_simulation/lib/python3.8/site-packages:${PYTHONPATH} /usr/bin/python3 setup.py egg_info --egg-base ../../../build/crazyflie_ros2_simulation build --build-base /home/tdeng23/ros2_ws/build/crazyflie_ros2_simulation/build install --record /home/tdeng23/ros2_ws/build/crazyflie_ros2_simulation/install.log --single-version-externally-managed
[2.112s] running egg_info
[2.112s] writing ../../../build/crazyflie_ros2_simulation/crazyflie_ros2_simulation.egg-info/PKG-INFO
[2.113s] writing dependency_links to ../../../build/crazyflie_ros2_simulation/crazyflie_ros2_simulation.egg-info/dependency_links.txt
[2.113s] writing entry points to ../../../build/crazyflie_ros2_simulation/crazyflie_ros2_simulation.egg-info/entry_points.txt
[2.113s] writing requirements to ../../../build/crazyflie_ros2_simulation/crazyflie_ros2_simulation.egg-info/requires.txt
[2.113s] writing top-level names to ../../../build/crazyflie_ros2_simulation/crazyflie_ros2_simulation.egg-info/top_level.txt
[2.153s] reading manifest file '../../../build/crazyflie_ros2_simulation/crazyflie_ros2_simulation.egg-info/SOURCES.txt'
[2.154s] writing manifest file '../../../build/crazyflie_ros2_simulation/crazyflie_ros2_simulation.egg-info/SOURCES.txt'
[2.154s] running build
[2.154s] running build_py
[2.155s] running install
[2.156s] running install_lib
[2.157s] creating /home/tdeng23/ros2_ws/install/crazyflie_ros2_simulation/lib/python3.8/site-packages/crazyflie_ros2_simulation
[2.157s] copying /home/tdeng23/ros2_ws/build/crazyflie_ros2_simulation/build/lib/crazyflie_ros2_simulation/crazyflie_webots_driver.py -> /home/tdeng23/ros2_ws/install/crazyflie_ros2_simulation/lib/python3.8/site-packages/crazyflie_ros2_simulation
[2.157s] copying /home/tdeng23/ros2_ws/build/crazyflie_ros2_simulation/build/lib/crazyflie_ros2_simulation/__init__.py -> /home/tdeng23/ros2_ws/install/crazyflie_ros2_simulation/lib/python3.8/site-packages/crazyflie_ros2_simulation
[2.158s] byte-compiling /home/tdeng23/ros2_ws/install/crazyflie_ros2_simulation/lib/python3.8/site-packages/crazyflie_ros2_simulation/crazyflie_webots_driver.py to crazyflie_webots_driver.cpython-38.pyc
[2.169s] byte-compiling /home/tdeng23/ros2_ws/install/crazyflie_ros2_simulation/lib/python3.8/site-packages/crazyflie_ros2_simulation/__init__.py to __init__.cpython-38.pyc
[2.169s] running install_data
[2.169s] running install_egg_info
[2.169s] Copying ../../../build/crazyflie_ros2_simulation/crazyflie_ros2_simulation.egg-info to /home/tdeng23/ros2_ws/install/crazyflie_ros2_simulation/lib/python3.8/site-packages/crazyflie_ros2_simulation-0.0.0-py3.8.egg-info
[2.169s] running install_scripts
[2.192s] Installing crazyflie_webots_driver script to /home/tdeng23/ros2_ws/install/crazyflie_ros2_simulation/lib/crazyflie_ros2_simulation
[2.193s] writing list of installed files to '/home/tdeng23/ros2_ws/build/crazyflie_ros2_simulation/install.log'
[2.241s] Invoked command in '/home/tdeng23/ros2_ws/src/crazyswarm2/crazyflie_ros2_simulation' returned '0': PYTHONPATH=/home/tdeng23/ros2_ws/build/crazyflie_ros2_simulation/prefix_override:/home/tdeng23/ros2_ws/install/crazyflie_ros2_simulation/lib/python3.8/site-packages:${PYTHONPATH} /usr/bin/python3 setup.py egg_info --egg-base ../../../build/crazyflie_ros2_simulation build --build-base /home/tdeng23/ros2_ws/build/crazyflie_ros2_simulation/build install --record /home/tdeng23/ros2_ws/build/crazyflie_ros2_simulation/install.log --single-version-externally-managed
