[0.828s] Invoking command in '/home/tdeng23/ros2_ws/build/crazyflie_simulation': PYTHONPATH=/home/tdeng23/ros2_ws/build/crazyflie_simulation/prefix_override:/home/tdeng23/ros2_ws/install/crazyflie_simulation/lib/python3.8/site-packages:${PYTHONPATH} /usr/bin/python3 setup.py develop --uninstall --editable --build-directory /home/tdeng23/ros2_ws/build/crazyflie_simulation/build
[1.101s] running develop
[1.248s] Removing /home/tdeng23/ros2_ws/install/crazyflie_simulation/lib/python3.8/site-packages/crazyflie-simulation.egg-link (link to .)
[1.397s] Invoked command in '/home/tdeng23/ros2_ws/build/crazyflie_simulation' returned '0': PYTHONPATH=/home/tdeng23/ros2_ws/build/crazyflie_simulation/prefix_override:/home/tdeng23/ros2_ws/install/crazyflie_simulation/lib/python3.8/site-packages:${PYTHONPATH} /usr/bin/python3 setup.py develop --uninstall --editable --build-directory /home/tdeng23/ros2_ws/build/crazyflie_simulation/build
[1.399s] Invoking command in '/home/tdeng23/ros2_ws/src/crazyswarm2/crazyflie_simulation': PYTHONPATH=/home/tdeng23/ros2_ws/build/crazyflie_simulation/prefix_override:/home/tdeng23/ros2_ws/install/crazyflie_simulation/lib/python3.8/site-packages:${PYTHONPATH} /usr/bin/python3 setup.py egg_info --egg-base ../../../build/crazyflie_simulation build --build-base /home/tdeng23/ros2_ws/build/crazyflie_simulation/build install --record /home/tdeng23/ros2_ws/build/crazyflie_simulation/install.log --single-version-externally-managed
[1.728s] running egg_info
[1.728s] writing ../../../build/crazyflie_simulation/crazyflie_simulation.egg-info/PKG-INFO
[1.728s] writing dependency_links to ../../../build/crazyflie_simulation/crazyflie_simulation.egg-info/dependency_links.txt
[1.729s] writing entry points to ../../../build/crazyflie_simulation/crazyflie_simulation.egg-info/entry_points.txt
[1.729s] writing requirements to ../../../build/crazyflie_simulation/crazyflie_simulation.egg-info/requires.txt
[1.729s] writing top-level names to ../../../build/crazyflie_simulation/crazyflie_simulation.egg-info/top_level.txt
[1.765s] reading manifest file '../../../build/crazyflie_simulation/crazyflie_simulation.egg-info/SOURCES.txt'
[1.766s] writing manifest file '../../../build/crazyflie_simulation/crazyflie_simulation.egg-info/SOURCES.txt'
[1.766s] running build
[1.766s] running build_py
[1.773s] running install
[1.774s] running install_lib
[1.775s] creating /home/tdeng23/ros2_ws/install/crazyflie_simulation/lib/python3.8/site-packages/crazyflie_simulation
[1.775s] copying /home/tdeng23/ros2_ws/build/crazyflie_simulation/build/lib/crazyflie_simulation/cffirmware.py -> /home/tdeng23/ros2_ws/install/crazyflie_simulation/lib/python3.8/site-packages/crazyflie_simulation
[1.775s] copying /home/tdeng23/ros2_ws/build/crazyflie_simulation/build/lib/crazyflie_simulation/crazyflie_webots_spawner.py -> /home/tdeng23/ros2_ws/install/crazyflie_simulation/lib/python3.8/site-packages/crazyflie_simulation
[1.776s] copying /home/tdeng23/ros2_ws/build/crazyflie_simulation/build/lib/crazyflie_simulation/crazyflie_webots_driver.py -> /home/tdeng23/ros2_ws/install/crazyflie_simulation/lib/python3.8/site-packages/crazyflie_simulation
[1.776s] copying /home/tdeng23/ros2_ws/build/crazyflie_simulation/build/lib/crazyflie_simulation/__init__.py -> /home/tdeng23/ros2_ws/install/crazyflie_simulation/lib/python3.8/site-packages/crazyflie_simulation
[1.777s] byte-compiling /home/tdeng23/ros2_ws/install/crazyflie_simulation/lib/python3.8/site-packages/crazyflie_simulation/cffirmware.py to cffirmware.cpython-38.pyc
[1.788s] byte-compiling /home/tdeng23/ros2_ws/install/crazyflie_simulation/lib/python3.8/site-packages/crazyflie_simulation/crazyflie_webots_spawner.py to crazyflie_webots_spawner.cpython-38.pyc
[1.788s] byte-compiling /home/tdeng23/ros2_ws/install/crazyflie_simulation/lib/python3.8/site-packages/crazyflie_simulation/crazyflie_webots_driver.py to crazyflie_webots_driver.cpython-38.pyc
[1.791s] byte-compiling /home/tdeng23/ros2_ws/install/crazyflie_simulation/lib/python3.8/site-packages/crazyflie_simulation/__init__.py to __init__.cpython-38.pyc
[1.791s] running install_data
[1.793s] running install_egg_info
[1.796s] Copying ../../../build/crazyflie_simulation/crazyflie_simulation.egg-info to /home/tdeng23/ros2_ws/install/crazyflie_simulation/lib/python3.8/site-packages/crazyflie_simulation-0.0.0-py3.8.egg-info
[1.798s] running install_scripts
[1.812s] Installing crazyflie_webots_driver script to /home/tdeng23/ros2_ws/install/crazyflie_simulation/lib/crazyflie_simulation
[1.812s] Installing supervisor_driver script to /home/tdeng23/ros2_ws/install/crazyflie_simulation/lib/crazyflie_simulation
[1.812s] writing list of installed files to '/home/tdeng23/ros2_ws/build/crazyflie_simulation/install.log'
[1.834s] Invoked command in '/home/tdeng23/ros2_ws/src/crazyswarm2/crazyflie_simulation' returned '0': PYTHONPATH=/home/tdeng23/ros2_ws/build/crazyflie_simulation/prefix_override:/home/tdeng23/ros2_ws/install/crazyflie_simulation/lib/python3.8/site-packages:${PYTHONPATH} /usr/bin/python3 setup.py egg_info --egg-base ../../../build/crazyflie_simulation build --build-base /home/tdeng23/ros2_ws/build/crazyflie_simulation/build install --record /home/tdeng23/ros2_ws/build/crazyflie_simulation/install.log --single-version-externally-managed
