-- The C compiler identification is GNU 9.4.0
-- The CXX compiler identification is GNU 9.4.0
-- Detecting C compiler ABI info
-- Detecting C compiler ABI info - done
-- Check for working C compiler: /usr/bin/cc - skipped
-- Detecting C compile features
-- Detecting C compile features - done
-- Detecting CXX compiler ABI info
-- Detecting CXX compiler ABI info - done
-- Check for working CXX compiler: /usr/bin/c++ - skipped
-- Detecting CXX compile features
-- Detecting CXX compile features - done
-- Found ament_cmake: 1.1.6 (/opt/ros/galactic/share/ament_cmake/cmake)
-- Found PythonInterp: /usr/bin/python3 (found suitable version "3.8.10", minimum required is "3") 
-- Using PYTHON_EXECUTABLE: /usr/bin/python3
-- Configuring done (0.5s)
-- Generating done (0.0s)
-- Build files have been written to: /home/tdeng23/ros2_ws/src/crazyswarm2/build/crazyflie_examples
Built target ament_cmake_python_copy_crazyflie_examples_setup
Built target ament_cmake_python_copy_crazyflie_examples
running install_scripts
running egg_info
creating crazyflie_examples.egg-info
writing crazyflie_examples.egg-info/PKG-INFO
writing dependency_links to crazyflie_examples.egg-info/dependency_links.txt
writing entry points to crazyflie_examples.egg-info/entry_points.txt
writing top-level names to crazyflie_examples.egg-info/top_level.txt
writing manifest file 'crazyflie_examples.egg-info/SOURCES.txt'
running egg_info
writing crazyflie_examples.egg-info/PKG-INFO
writing dependency_links to crazyflie_examples.egg-info/dependency_links.txt
writing entry points to crazyflie_examples.egg-info/entry_points.txt
writing top-level names to crazyflie_examples.egg-info/top_level.txt
reading manifest file 'crazyflie_examples.egg-info/SOURCES.txt'
writing manifest file 'crazyflie_examples.egg-info/SOURCES.txt'
reading manifest file 'crazyflie_examples.egg-info/SOURCES.txt'
writing manifest file 'crazyflie_examples.egg-info/SOURCES.txt'
Installing cmd_full_state script to scripts
Installing figure8 script to scripts
Installing hello_world script to scripts
Installing multi_trajectory script to scripts
Installing nice_hover script to scripts
Installing set_param script to scripts
Built target ament_cmake_python_build_crazyflie_examples_egg
Built target ament_cmake_python_build_crazyflie_examples_scripts
