[0.015s] Invoking command in '/home/tdeng23/ros2_ws/src/crazyswarm2/build/crazyflie_examples': AMENT_PREFIX_PATH=/home/tdeng23/ros2_ws/src/crazyswarm2/install/crazyflie_py:/home/tdeng23/ros2_ws/src/crazyswarm2/install/crazyflie_interfaces:${AMENT_PREFIX_PATH} CMAKE_PREFIX_PATH=/home/tdeng23/ros2_ws/src/crazyswarm2/install/crazyflie_interfaces:/opt/ros/galactic LD_LIBRARY_PATH=/home/tdeng23/ros2_ws/src/crazyswarm2/install/crazyflie_interfaces/lib:${LD_LIBRARY_PATH} PYTHONPATH=/home/tdeng23/ros2_ws/src/crazyswarm2/install/crazyflie_py/lib/python3.8/site-packages:/home/tdeng23/ros2_ws/src/crazyswarm2/install/crazyflie_interfaces/lib/python3.8/site-packages:${PYTHONPATH} /home/tdeng23/.local/bin/cmake /home/tdeng23/ros2_ws/src/crazyswarm2/crazyflie_examples -DCMAKE_INSTALL_PREFIX=/home/tdeng23/ros2_ws/src/crazyswarm2/install/crazyflie_examples
[0.079s] -- The C compiler identification is GNU 9.4.0
[0.135s] -- The CXX compiler identification is GNU 9.4.0
[0.144s] -- Detecting C compiler ABI info
[0.193s] -- Detecting C compiler ABI info - done
[0.203s] -- Check for working C compiler: /usr/bin/cc - skipped
[0.203s] -- Detecting C compile features
[0.203s] -- Detecting C compile features - done
[0.207s] -- Detecting CXX compiler ABI info
[0.266s] -- Detecting CXX compiler ABI info - done
[0.283s] -- Check for working CXX compiler: /usr/bin/c++ - skipped
[0.284s] -- Detecting CXX compile features
[0.285s] -- Detecting CXX compile features - done
[0.288s] -- Found ament_cmake: 1.1.6 (/opt/ros/galactic/share/ament_cmake/cmake)
[0.311s] -- Found PythonInterp: /usr/bin/python3 (found suitable version "3.8.10", minimum required is "3") 
[0.311s] -- Using PYTHON_EXECUTABLE: /usr/bin/python3
[0.544s] -- Configuring done (0.5s)
[0.549s] -- Generating done (0.0s)
[0.551s] -- Build files have been written to: /home/tdeng23/ros2_ws/src/crazyswarm2/build/crazyflie_examples
[0.559s] Invoked command in '/home/tdeng23/ros2_ws/src/crazyswarm2/build/crazyflie_examples' returned '0': AMENT_PREFIX_PATH=/home/tdeng23/ros2_ws/src/crazyswarm2/install/crazyflie_py:/home/tdeng23/ros2_ws/src/crazyswarm2/install/crazyflie_interfaces:${AMENT_PREFIX_PATH} CMAKE_PREFIX_PATH=/home/tdeng23/ros2_ws/src/crazyswarm2/install/crazyflie_interfaces:/opt/ros/galactic LD_LIBRARY_PATH=/home/tdeng23/ros2_ws/src/crazyswarm2/install/crazyflie_interfaces/lib:${LD_LIBRARY_PATH} PYTHONPATH=/home/tdeng23/ros2_ws/src/crazyswarm2/install/crazyflie_py/lib/python3.8/site-packages:/home/tdeng23/ros2_ws/src/crazyswarm2/install/crazyflie_interfaces/lib/python3.8/site-packages:${PYTHONPATH} /home/tdeng23/.local/bin/cmake /home/tdeng23/ros2_ws/src/crazyswarm2/crazyflie_examples -DCMAKE_INSTALL_PREFIX=/home/tdeng23/ros2_ws/src/crazyswarm2/install/crazyflie_examples
[0.561s] Invoking command in '/home/tdeng23/ros2_ws/src/crazyswarm2/build/crazyflie_examples': AMENT_PREFIX_PATH=/home/tdeng23/ros2_ws/src/crazyswarm2/install/crazyflie_py:/home/tdeng23/ros2_ws/src/crazyswarm2/install/crazyflie_interfaces:${AMENT_PREFIX_PATH} CMAKE_PREFIX_PATH=/home/tdeng23/ros2_ws/src/crazyswarm2/install/crazyflie_interfaces:/opt/ros/galactic LD_LIBRARY_PATH=/home/tdeng23/ros2_ws/src/crazyswarm2/install/crazyflie_interfaces/lib:${LD_LIBRARY_PATH} PYTHONPATH=/home/tdeng23/ros2_ws/src/crazyswarm2/install/crazyflie_py/lib/python3.8/site-packages:/home/tdeng23/ros2_ws/src/crazyswarm2/install/crazyflie_interfaces/lib/python3.8/site-packages:${PYTHONPATH} /home/tdeng23/.local/bin/cmake --build /home/tdeng23/ros2_ws/src/crazyswarm2/build/crazyflie_examples -- -j8 -l8
[0.602s] Built target ament_cmake_python_copy_crazyflie_examples_setup
[0.603s] Built target ament_cmake_python_copy_crazyflie_examples
[0.802s] running install_scripts
[0.814s] running egg_info
[0.814s] creating crazyflie_examples.egg-info
[0.815s] writing crazyflie_examples.egg-info/PKG-INFO
[0.815s] writing dependency_links to crazyflie_examples.egg-info/dependency_links.txt
[0.815s] writing entry points to crazyflie_examples.egg-info/entry_points.txt
[0.815s] writing top-level names to crazyflie_examples.egg-info/top_level.txt
[0.816s] writing manifest file 'crazyflie_examples.egg-info/SOURCES.txt'
[0.822s] running egg_info
[0.822s] writing crazyflie_examples.egg-info/PKG-INFO
[0.823s] writing dependency_links to crazyflie_examples.egg-info/dependency_links.txt
[0.823s] writing entry points to crazyflie_examples.egg-info/entry_points.txt
[0.823s] writing top-level names to crazyflie_examples.egg-info/top_level.txt
[0.848s] reading manifest file 'crazyflie_examples.egg-info/SOURCES.txt'
[0.848s] writing manifest file 'crazyflie_examples.egg-info/SOURCES.txt'
[0.852s] reading manifest file 'crazyflie_examples.egg-info/SOURCES.txt'
[0.853s] writing manifest file 'crazyflie_examples.egg-info/SOURCES.txt'
[0.855s] Installing cmd_full_state script to scripts
[0.855s] Installing figure8 script to scripts
[0.855s] Installing hello_world script to scripts
[0.855s] Installing multi_trajectory script to scripts
[0.855s] Installing nice_hover script to scripts
[0.855s] Installing set_param script to scripts
[0.868s] Built target ament_cmake_python_build_crazyflie_examples_egg
[0.877s] Built target ament_cmake_python_build_crazyflie_examples_scripts
[0.886s] Invoked command in '/home/tdeng23/ros2_ws/src/crazyswarm2/build/crazyflie_examples' returned '0': AMENT_PREFIX_PATH=/home/tdeng23/ros2_ws/src/crazyswarm2/install/crazyflie_py:/home/tdeng23/ros2_ws/src/crazyswarm2/install/crazyflie_interfaces:${AMENT_PREFIX_PATH} CMAKE_PREFIX_PATH=/home/tdeng23/ros2_ws/src/crazyswarm2/install/crazyflie_interfaces:/opt/ros/galactic LD_LIBRARY_PATH=/home/tdeng23/ros2_ws/src/crazyswarm2/install/crazyflie_interfaces/lib:${LD_LIBRARY_PATH} PYTHONPATH=/home/tdeng23/ros2_ws/src/crazyswarm2/install/crazyflie_py/lib/python3.8/site-packages:/home/tdeng23/ros2_ws/src/crazyswarm2/install/crazyflie_interfaces/lib/python3.8/site-packages:${PYTHONPATH} /home/tdeng23/.local/bin/cmake --build /home/tdeng23/ros2_ws/src/crazyswarm2/build/crazyflie_examples -- -j8 -l8
