[0.400s] Invoking command in '/home/tdeng23/ros2_ws/build/crazyflie_sim': AMENT_PREFIX_PATH=/home/tdeng23/ros2_ws/install/crazyflie_interfaces:${AMENT_PREFIX_PATH} CMAKE_PREFIX_PATH=/home/tdeng23/ros2_ws/install/crazyflie_interfaces:/opt/ros/galactic LD_LIBRARY_PATH=/home/tdeng23/ros2_ws/install/crazyflie_interfaces/lib:${LD_LIBRARY_PATH} PYTHONPATH=/home/tdeng23/ros2_ws/install/crazyflie_interfaces/lib/python3.8/site-packages:${PYTHONPATH} /usr/bin/cmake /home/tdeng23/ros2_ws/src/crazyswarm2/crazyflie_sim -DAMENT_CMAKE_SYMLINK_INSTALL=1 -DCMAKE_INSTALL_PREFIX=/home/tdeng23/ros2_ws/install/crazyflie_sim
[0.483s] -- The C compiler identification is GNU 9.4.0
[0.566s] -- The CXX compiler identification is GNU 9.4.0
[0.574s] -- Check for working C compiler: /usr/bin/cc
[0.676s] -- Check for working C compiler: /usr/bin/cc -- works
[0.682s] -- Detecting C compiler ABI info
[0.797s] -- Detecting C compiler ABI info - done
[0.817s] -- Detecting C compile features
[0.818s] -- Detecting C compile features - done
[0.839s] -- Check for working CXX compiler: /usr/bin/c++
[0.971s] -- Check for working CXX compiler: /usr/bin/c++ -- works
[0.973s] -- Detecting CXX compiler ABI info
[1.107s] -- Detecting CXX compiler ABI info - done
[1.132s] -- Detecting CXX compile features
[1.135s] -- Detecting CXX compile features - done
[1.137s] -- Found ament_cmake: 1.1.6 (/opt/ros/galactic/share/ament_cmake/cmake)
[1.177s] -- Found PythonInterp: /usr/bin/python3 (found suitable version "3.8.10", minimum required is "3") 
[1.179s] -- Using PYTHON_EXECUTABLE: /usr/bin/python3
[1.271s] -- Override CMake install command with custom implementation using symlinks instead of copying resources
[1.517s] -- Configuring done
[1.520s] -- Generating done
[1.521s] -- Build files have been written to: /home/tdeng23/ros2_ws/build/crazyflie_sim
[1.525s] Invoked command in '/home/tdeng23/ros2_ws/build/crazyflie_sim' returned '0': AMENT_PREFIX_PATH=/home/tdeng23/ros2_ws/install/crazyflie_interfaces:${AMENT_PREFIX_PATH} CMAKE_PREFIX_PATH=/home/tdeng23/ros2_ws/install/crazyflie_interfaces:/opt/ros/galactic LD_LIBRARY_PATH=/home/tdeng23/ros2_ws/install/crazyflie_interfaces/lib:${LD_LIBRARY_PATH} PYTHONPATH=/home/tdeng23/ros2_ws/install/crazyflie_interfaces/lib/python3.8/site-packages:${PYTHONPATH} /usr/bin/cmake /home/tdeng23/ros2_ws/src/crazyswarm2/crazyflie_sim -DAMENT_CMAKE_SYMLINK_INSTALL=1 -DCMAKE_INSTALL_PREFIX=/home/tdeng23/ros2_ws/install/crazyflie_sim
[1.527s] Invoking command in '/home/tdeng23/ros2_ws/build/crazyflie_sim': AMENT_PREFIX_PATH=/home/tdeng23/ros2_ws/install/crazyflie_interfaces:${AMENT_PREFIX_PATH} CMAKE_PREFIX_PATH=/home/tdeng23/ros2_ws/install/crazyflie_interfaces:/opt/ros/galactic LD_LIBRARY_PATH=/home/tdeng23/ros2_ws/install/crazyflie_interfaces/lib:${LD_LIBRARY_PATH} PYTHONPATH=/home/tdeng23/ros2_ws/install/crazyflie_interfaces/lib/python3.8/site-packages:${PYTHONPATH} /usr/bin/cmake --build /home/tdeng23/ros2_ws/build/crazyflie_sim -- -j8 -l8
[1.572s] [35m[1mScanning dependencies of target ament_cmake_python_symlink_crazyflie_sim[0m
[1.575s] [35m[1mScanning dependencies of target ament_cmake_python_symlink_crazyflie_sim_setup[0m
[1.600s] Built target ament_cmake_python_symlink_crazyflie_sim
[1.600s] Built target ament_cmake_python_symlink_crazyflie_sim_setup
[1.613s] [35m[1mScanning dependencies of target ament_cmake_python_build_crazyflie_sim_egg[0m
[1.616s] [35m[1mScanning dependencies of target ament_cmake_python_build_crazyflie_sim_scripts[0m
[1.971s] running egg_info
[1.972s] creating crazyflie_sim.egg-info
[1.973s] writing crazyflie_sim.egg-info/PKG-INFO
[1.973s] writing dependency_links to crazyflie_sim.egg-info/dependency_links.txt
[1.973s] writing entry points to crazyflie_sim.egg-info/entry_points.txt
[1.974s] writing top-level names to crazyflie_sim.egg-info/top_level.txt
[1.976s] writing manifest file 'crazyflie_sim.egg-info/SOURCES.txt'
[1.981s] running install_scripts
[2.019s] running egg_info
[2.020s] writing crazyflie_sim.egg-info/PKG-INFO
[2.021s] writing dependency_links to crazyflie_sim.egg-info/dependency_links.txt
[2.021s] writing entry points to crazyflie_sim.egg-info/entry_points.txt
[2.022s] writing top-level names to crazyflie_sim.egg-info/top_level.txt
[2.044s] reading manifest file 'crazyflie_sim.egg-info/SOURCES.txt'
[2.045s] writing manifest file 'crazyflie_sim.egg-info/SOURCES.txt'
[2.079s] reading manifest file 'crazyflie_sim.egg-info/SOURCES.txt'
[2.080s] writing manifest file 'crazyflie_sim.egg-info/SOURCES.txt'
[2.083s] Installing crazyflie_server script to scripts
[2.084s] Built target ament_cmake_python_build_crazyflie_sim_egg
[2.126s] Built target ament_cmake_python_build_crazyflie_sim_scripts
[2.142s] Invoked command in '/home/tdeng23/ros2_ws/build/crazyflie_sim' returned '0': AMENT_PREFIX_PATH=/home/tdeng23/ros2_ws/install/crazyflie_interfaces:${AMENT_PREFIX_PATH} CMAKE_PREFIX_PATH=/home/tdeng23/ros2_ws/install/crazyflie_interfaces:/opt/ros/galactic LD_LIBRARY_PATH=/home/tdeng23/ros2_ws/install/crazyflie_interfaces/lib:${LD_LIBRARY_PATH} PYTHONPATH=/home/tdeng23/ros2_ws/install/crazyflie_interfaces/lib/python3.8/site-packages:${PYTHONPATH} /usr/bin/cmake --build /home/tdeng23/ros2_ws/build/crazyflie_sim -- -j8 -l8
[2.173s] Invoking command in '/home/tdeng23/ros2_ws/build/crazyflie_sim': AMENT_PREFIX_PATH=/home/tdeng23/ros2_ws/install/crazyflie_interfaces:${AMENT_PREFIX_PATH} CMAKE_PREFIX_PATH=/home/tdeng23/ros2_ws/install/crazyflie_interfaces:/opt/ros/galactic LD_LIBRARY_PATH=/home/tdeng23/ros2_ws/install/crazyflie_interfaces/lib:${LD_LIBRARY_PATH} PYTHONPATH=/home/tdeng23/ros2_ws/install/crazyflie_interfaces/lib/python3.8/site-packages:${PYTHONPATH} /usr/bin/cmake --install /home/tdeng23/ros2_ws/build/crazyflie_sim
[2.187s] -- Install configuration: ""
[2.188s] -- Execute custom install script
[2.188s] -- Symlinking: /home/tdeng23/ros2_ws/install/crazyflie_sim/share/crazyflie_sim/environment/pythonpath.sh
[2.198s] -- Symlinking: /home/tdeng23/ros2_ws/install/crazyflie_sim/share/crazyflie_sim/environment/pythonpath.dsv
[2.211s] -- Symlinking: /home/tdeng23/ros2_ws/install/crazyflie_sim/lib/python3.8/site-packages//crazyflie_sim.egg-info/PKG-INFO
[2.224s] -- Symlinking: /home/tdeng23/ros2_ws/install/crazyflie_sim/lib/python3.8/site-packages//crazyflie_sim.egg-info/SOURCES.txt
[2.235s] -- Symlinking: /home/tdeng23/ros2_ws/install/crazyflie_sim/lib/python3.8/site-packages//crazyflie_sim.egg-info/dependency_links.txt
[2.244s] -- Symlinking: /home/tdeng23/ros2_ws/install/crazyflie_sim/lib/python3.8/site-packages//crazyflie_sim.egg-info/entry_points.txt
[2.255s] -- Symlinking: /home/tdeng23/ros2_ws/install/crazyflie_sim/lib/python3.8/site-packages//crazyflie_sim.egg-info/top_level.txt
[2.268s] -- Symlinking: /home/tdeng23/ros2_ws/install/crazyflie_sim/lib/crazyflie_sim//crazyflie_server
[2.282s] -- Symlinking: /home/tdeng23/ros2_ws/install/crazyflie_sim/lib/python3.8/site-packages/crazyflie_sim/__init__.py
[2.295s] -- Symlinking: /home/tdeng23/ros2_ws/install/crazyflie_sim/lib/python3.8/site-packages/crazyflie_sim/backend/none.py
[2.305s] -- Symlinking: /home/tdeng23/ros2_ws/install/crazyflie_sim/lib/python3.8/site-packages/crazyflie_sim/backend/np.py
[2.315s] -- Symlinking: /home/tdeng23/ros2_ws/install/crazyflie_sim/lib/python3.8/site-packages/crazyflie_sim/crazyflie_server.py
[2.325s] -- Symlinking: /home/tdeng23/ros2_ws/install/crazyflie_sim/lib/python3.8/site-packages/crazyflie_sim/crazyflie_sil.py
[2.334s] -- Symlinking: /home/tdeng23/ros2_ws/install/crazyflie_sim/lib/python3.8/site-packages/crazyflie_sim/sim_data_types.py
[2.343s] -- Symlinking: /home/tdeng23/ros2_ws/install/crazyflie_sim/lib/python3.8/site-packages/crazyflie_sim/visualization/README.md
[2.355s] -- Symlinking: /home/tdeng23/ros2_ws/install/crazyflie_sim/lib/python3.8/site-packages/crazyflie_sim/visualization/blender.py
[2.368s] -- Symlinking: /home/tdeng23/ros2_ws/install/crazyflie_sim/lib/python3.8/site-packages/crazyflie_sim/visualization/data/README.md
[2.380s] -- Symlinking: /home/tdeng23/ros2_ws/install/crazyflie_sim/lib/python3.8/site-packages/crazyflie_sim/visualization/data/env/abandoned_greenhouse.jpg
[2.394s] -- Symlinking: /home/tdeng23/ros2_ws/install/crazyflie_sim/lib/python3.8/site-packages/crazyflie_sim/visualization/data/env/aerodynamics_workshop.jpg
[2.406s] -- Symlinking: /home/tdeng23/ros2_ws/install/crazyflie_sim/lib/python3.8/site-packages/crazyflie_sim/visualization/data/env/aviation_museum.jpg
[2.419s] -- Symlinking: /home/tdeng23/ros2_ws/install/crazyflie_sim/lib/python3.8/site-packages/crazyflie_sim/visualization/data/env/crosswalk.jpg
[2.430s] -- Symlinking: /home/tdeng23/ros2_ws/install/crazyflie_sim/lib/python3.8/site-packages/crazyflie_sim/visualization/data/env/derelict_overpass.jpg
[2.438s] -- Symlinking: /home/tdeng23/ros2_ws/install/crazyflie_sim/lib/python3.8/site-packages/crazyflie_sim/visualization/data/env/env.jpg
[2.448s] -- Symlinking: /home/tdeng23/ros2_ws/install/crazyflie_sim/lib/python3.8/site-packages/crazyflie_sim/visualization/data/env/lago_disola.jpg
[2.461s] -- Symlinking: /home/tdeng23/ros2_ws/install/crazyflie_sim/lib/python3.8/site-packages/crazyflie_sim/visualization/data/env/lake_pier.jpg
[2.475s] -- Symlinking: /home/tdeng23/ros2_ws/install/crazyflie_sim/lib/python3.8/site-packages/crazyflie_sim/visualization/data/env/machine_shop.jpg
[2.492s] -- Symlinking: /home/tdeng23/ros2_ws/install/crazyflie_sim/lib/python3.8/site-packages/crazyflie_sim/visualization/data/env/museumplein.jpg
[2.504s] -- Symlinking: /home/tdeng23/ros2_ws/install/crazyflie_sim/lib/python3.8/site-packages/crazyflie_sim/visualization/data/env/peppermint_powerplant.jpg
[2.518s] -- Symlinking: /home/tdeng23/ros2_ws/install/crazyflie_sim/lib/python3.8/site-packages/crazyflie_sim/visualization/data/env/studio_garden.jpg
[2.535s] -- Symlinking: /home/tdeng23/ros2_ws/install/crazyflie_sim/lib/python3.8/site-packages/crazyflie_sim/visualization/data/model/cf.mtl
[2.544s] -- Symlinking: /home/tdeng23/ros2_ws/install/crazyflie_sim/lib/python3.8/site-packages/crazyflie_sim/visualization/data/model/cf.obj
[2.553s] -- Symlinking: /home/tdeng23/ros2_ws/install/crazyflie_sim/lib/python3.8/site-packages/crazyflie_sim/visualization/pdf.py
[2.562s] -- Symlinking: /home/tdeng23/ros2_ws/install/crazyflie_sim/lib/python3.8/site-packages/crazyflie_sim/visualization/record_states.py
[2.571s] -- Symlinking: /home/tdeng23/ros2_ws/install/crazyflie_sim/lib/python3.8/site-packages/crazyflie_sim/visualization/rviz.py
[2.581s] -- Symlinking: /home/tdeng23/ros2_ws/install/crazyflie_sim/share/ament_index/resource_index/package_run_dependencies/crazyflie_sim
[2.590s] -- Symlinking: /home/tdeng23/ros2_ws/install/crazyflie_sim/share/ament_index/resource_index/parent_prefix_path/crazyflie_sim
[2.599s] -- Symlinking: /home/tdeng23/ros2_ws/install/crazyflie_sim/share/crazyflie_sim/environment/ament_prefix_path.sh
[2.608s] -- Symlinking: /home/tdeng23/ros2_ws/install/crazyflie_sim/share/crazyflie_sim/environment/ament_prefix_path.dsv
[2.618s] -- Symlinking: /home/tdeng23/ros2_ws/install/crazyflie_sim/share/crazyflie_sim/environment/path.sh
[2.627s] -- Symlinking: /home/tdeng23/ros2_ws/install/crazyflie_sim/share/crazyflie_sim/environment/path.dsv
[2.639s] -- Symlinking: /home/tdeng23/ros2_ws/install/crazyflie_sim/share/crazyflie_sim/local_setup.bash
[2.652s] -- Symlinking: /home/tdeng23/ros2_ws/install/crazyflie_sim/share/crazyflie_sim/local_setup.sh
[2.664s] -- Symlinking: /home/tdeng23/ros2_ws/install/crazyflie_sim/share/crazyflie_sim/local_setup.zsh
[2.677s] -- Symlinking: /home/tdeng23/ros2_ws/install/crazyflie_sim/share/crazyflie_sim/local_setup.dsv
[2.690s] -- Symlinking: /home/tdeng23/ros2_ws/install/crazyflie_sim/share/crazyflie_sim/package.dsv
[2.701s] -- Symlinking: /home/tdeng23/ros2_ws/install/crazyflie_sim/share/ament_index/resource_index/packages/crazyflie_sim
[2.715s] -- Symlinking: /home/tdeng23/ros2_ws/install/crazyflie_sim/share/crazyflie_sim/cmake/crazyflie_simConfig.cmake
[2.728s] -- Symlinking: /home/tdeng23/ros2_ws/install/crazyflie_sim/share/crazyflie_sim/cmake/crazyflie_simConfig-version.cmake
[2.741s] -- Symlinking: /home/tdeng23/ros2_ws/install/crazyflie_sim/share/crazyflie_sim/package.xml
[2.804s] Listing '/home/tdeng23/ros2_ws/install/crazyflie_sim/lib/python3.8/site-packages/crazyflie_sim'...
[2.805s] Compiling '/home/tdeng23/ros2_ws/install/crazyflie_sim/lib/python3.8/site-packages/crazyflie_sim/__init__.py'...
[2.805s] Listing '/home/tdeng23/ros2_ws/install/crazyflie_sim/lib/python3.8/site-packages/crazyflie_sim/backend'...
[2.805s] Compiling '/home/tdeng23/ros2_ws/install/crazyflie_sim/lib/python3.8/site-packages/crazyflie_sim/backend/none.py'...
[2.805s] Compiling '/home/tdeng23/ros2_ws/install/crazyflie_sim/lib/python3.8/site-packages/crazyflie_sim/backend/np.py'...
[2.805s] Compiling '/home/tdeng23/ros2_ws/install/crazyflie_sim/lib/python3.8/site-packages/crazyflie_sim/crazyflie_server.py'...
[2.805s] Compiling '/home/tdeng23/ros2_ws/install/crazyflie_sim/lib/python3.8/site-packages/crazyflie_sim/crazyflie_sil.py'...
[2.805s] Compiling '/home/tdeng23/ros2_ws/install/crazyflie_sim/lib/python3.8/site-packages/crazyflie_sim/sim_data_types.py'...
[2.805s] Listing '/home/tdeng23/ros2_ws/install/crazyflie_sim/lib/python3.8/site-packages/crazyflie_sim/visualization'...
[2.805s] Compiling '/home/tdeng23/ros2_ws/install/crazyflie_sim/lib/python3.8/site-packages/crazyflie_sim/visualization/blender.py'...
[2.805s] Listing '/home/tdeng23/ros2_ws/install/crazyflie_sim/lib/python3.8/site-packages/crazyflie_sim/visualization/data'...
[2.806s] Listing '/home/tdeng23/ros2_ws/install/crazyflie_sim/lib/python3.8/site-packages/crazyflie_sim/visualization/data/env'...
[2.806s] Listing '/home/tdeng23/ros2_ws/install/crazyflie_sim/lib/python3.8/site-packages/crazyflie_sim/visualization/data/model'...
[2.806s] Compiling '/home/tdeng23/ros2_ws/install/crazyflie_sim/lib/python3.8/site-packages/crazyflie_sim/visualization/pdf.py'...
[2.806s] Compiling '/home/tdeng23/ros2_ws/install/crazyflie_sim/lib/python3.8/site-packages/crazyflie_sim/visualization/record_states.py'...
[2.806s] Compiling '/home/tdeng23/ros2_ws/install/crazyflie_sim/lib/python3.8/site-packages/crazyflie_sim/visualization/rviz.py'...
[2.816s] Invoked command in '/home/tdeng23/ros2_ws/build/crazyflie_sim' returned '0': AMENT_PREFIX_PATH=/home/tdeng23/ros2_ws/install/crazyflie_interfaces:${AMENT_PREFIX_PATH} CMAKE_PREFIX_PATH=/home/tdeng23/ros2_ws/install/crazyflie_interfaces:/opt/ros/galactic LD_LIBRARY_PATH=/home/tdeng23/ros2_ws/install/crazyflie_interfaces/lib:${LD_LIBRARY_PATH} PYTHONPATH=/home/tdeng23/ros2_ws/install/crazyflie_interfaces/lib/python3.8/site-packages:${PYTHONPATH} /usr/bin/cmake --install /home/tdeng23/ros2_ws/build/crazyflie_sim
