[0.967s] Invoking command in '/home/tdeng23/ros2_ws/src/crazyswarm2/crazyflie_simulation': PYTHONPATH=/home/tdeng23/ros2_ws/build/crazyflie_simulation/prefix_override:/home/tdeng23/ros2_ws/install/crazyflie_simulation/lib/python3.8/site-packages:${PYTHONPATH} /usr/bin/python3 setup.py egg_info --egg-base ../../../build/crazyflie_simulation build --build-base /home/tdeng23/ros2_ws/build/crazyflie_simulation/build install --record /home/tdeng23/ros2_ws/build/crazyflie_simulation/install.log --single-version-externally-managed
[1.183s] running egg_info
[1.184s] creating ../../../build/crazyflie_simulation/crazyflie_simulation.egg-info
[1.184s] writing ../../../build/crazyflie_simulation/crazyflie_simulation.egg-info/PKG-INFO
[1.185s] writing dependency_links to ../../../build/crazyflie_simulation/crazyflie_simulation.egg-info/dependency_links.txt
[1.185s] writing entry points to ../../../build/crazyflie_simulation/crazyflie_simulation.egg-info/entry_points.txt
[1.185s] writing requirements to ../../../build/crazyflie_simulation/crazyflie_simulation.egg-info/requires.txt
[1.185s] writing top-level names to ../../../build/crazyflie_simulation/crazyflie_simulation.egg-info/top_level.txt
[1.187s] writing manifest file '../../../build/crazyflie_simulation/crazyflie_simulation.egg-info/SOURCES.txt'
[1.239s] reading manifest file '../../../build/crazyflie_simulation/crazyflie_simulation.egg-info/SOURCES.txt'
[1.239s] writing manifest file '../../../build/crazyflie_simulation/crazyflie_simulation.egg-info/SOURCES.txt'
[1.239s] running build
[1.240s] running build_py
[1.240s] creating /home/tdeng23/ros2_ws/build/crazyflie_simulation/build
[1.240s] creating /home/tdeng23/ros2_ws/build/crazyflie_simulation/build/lib
[1.240s] creating /home/tdeng23/ros2_ws/build/crazyflie_simulation/build/lib/crazyflie_simulation
[1.240s] copying crazyflie_simulation/crazyflie_webots_spawner.py -> /home/tdeng23/ros2_ws/build/crazyflie_simulation/build/lib/crazyflie_simulation
[1.240s] copying crazyflie_simulation/crazyflie_webots_driver.py -> /home/tdeng23/ros2_ws/build/crazyflie_simulation/build/lib/crazyflie_simulation
[1.241s] copying crazyflie_simulation/__init__.py -> /home/tdeng23/ros2_ws/build/crazyflie_simulation/build/lib/crazyflie_simulation
[1.241s] running install
[1.245s] running install_lib
[1.245s] creating /home/tdeng23/ros2_ws/install/crazyflie_simulation/lib/python3.8/site-packages/crazyflie_simulation
[1.245s] copying /home/tdeng23/ros2_ws/build/crazyflie_simulation/build/lib/crazyflie_simulation/crazyflie_webots_spawner.py -> /home/tdeng23/ros2_ws/install/crazyflie_simulation/lib/python3.8/site-packages/crazyflie_simulation
[1.245s] copying /home/tdeng23/ros2_ws/build/crazyflie_simulation/build/lib/crazyflie_simulation/crazyflie_webots_driver.py -> /home/tdeng23/ros2_ws/install/crazyflie_simulation/lib/python3.8/site-packages/crazyflie_simulation
[1.245s] copying /home/tdeng23/ros2_ws/build/crazyflie_simulation/build/lib/crazyflie_simulation/__init__.py -> /home/tdeng23/ros2_ws/install/crazyflie_simulation/lib/python3.8/site-packages/crazyflie_simulation
[1.245s] byte-compiling /home/tdeng23/ros2_ws/install/crazyflie_simulation/lib/python3.8/site-packages/crazyflie_simulation/crazyflie_webots_spawner.py to crazyflie_webots_spawner.cpython-38.pyc
[1.246s] byte-compiling /home/tdeng23/ros2_ws/install/crazyflie_simulation/lib/python3.8/site-packages/crazyflie_simulation/crazyflie_webots_driver.py to crazyflie_webots_driver.cpython-38.pyc
[1.249s] byte-compiling /home/tdeng23/ros2_ws/install/crazyflie_simulation/lib/python3.8/site-packages/crazyflie_simulation/__init__.py to __init__.cpython-38.pyc
[1.249s] running install_data
[1.249s] copying package.xml -> /home/tdeng23/ros2_ws/install/crazyflie_simulation/share/crazyflie_simulation
[1.251s] creating /home/tdeng23/ros2_ws/install/crazyflie_simulation/share/crazyflie_simulation/resource
[1.251s] copying resource/supervisor.urdf -> /home/tdeng23/ros2_ws/install/crazyflie_simulation/share/crazyflie_simulation/resource/
[1.251s] copying resource/crazyflie.urdf -> /home/tdeng23/ros2_ws/install/crazyflie_simulation/share/crazyflie_simulation/resource/
[1.251s] copying resource/crazyflie_simulation -> /home/tdeng23/ros2_ws/install/crazyflie_simulation/share/crazyflie_simulation/resource/
[1.251s] creating /home/tdeng23/ros2_ws/install/crazyflie_simulation/share/crazyflie_simulation/launch
[1.251s] copying launch/crazyflie_launch.py -> /home/tdeng23/ros2_ws/install/crazyflie_simulation/share/crazyflie_simulation/launch/
[1.251s] creating /home/tdeng23/ros2_ws/install/crazyflie_simulation/share/crazyflie_simulation/worlds
[1.251s] copying worlds/crazyflie_world.wbt -> /home/tdeng23/ros2_ws/install/crazyflie_simulation/share/crazyflie_simulation/worlds/
[1.251s] running install_egg_info
[1.253s] Copying ../../../build/crazyflie_simulation/crazyflie_simulation.egg-info to /home/tdeng23/ros2_ws/install/crazyflie_simulation/lib/python3.8/site-packages/crazyflie_simulation-0.0.0-py3.8.egg-info
[1.254s] running install_scripts
[1.276s] Installing crazyflie_webots_driver script to /home/tdeng23/ros2_ws/install/crazyflie_simulation/lib/crazyflie_simulation
[1.277s] Installing supervisor_driver script to /home/tdeng23/ros2_ws/install/crazyflie_simulation/lib/crazyflie_simulation
[1.277s] writing list of installed files to '/home/tdeng23/ros2_ws/build/crazyflie_simulation/install.log'
[1.299s] Invoked command in '/home/tdeng23/ros2_ws/src/crazyswarm2/crazyflie_simulation' returned '0': PYTHONPATH=/home/tdeng23/ros2_ws/build/crazyflie_simulation/prefix_override:/home/tdeng23/ros2_ws/install/crazyflie_simulation/lib/python3.8/site-packages:${PYTHONPATH} /usr/bin/python3 setup.py egg_info --egg-base ../../../build/crazyflie_simulation build --build-base /home/tdeng23/ros2_ws/build/crazyflie_simulation/build install --record /home/tdeng23/ros2_ws/build/crazyflie_simulation/install.log --single-version-externally-managed
