[1.421s] Invoking command in '/home/tdeng23/ros2_ws/src/crazyswarm2/crazyflie_ros2': PYTHONPATH=/home/tdeng23/ros2_ws/build/crazyflie_ros2/prefix_override:/home/tdeng23/ros2_ws/install/crazyflie_ros2/lib/python3.8/site-packages:${PYTHONPATH} /usr/bin/python3 setup.py egg_info --egg-base ../../../build/crazyflie_ros2 build --build-base /home/tdeng23/ros2_ws/build/crazyflie_ros2/build install --record /home/tdeng23/ros2_ws/build/crazyflie_ros2/install.log --single-version-externally-managed
[1.653s] running egg_info
[1.653s] writing ../../../build/crazyflie_ros2/crazyflie_ros2.egg-info/PKG-INFO
[1.653s] writing dependency_links to ../../../build/crazyflie_ros2/crazyflie_ros2.egg-info/dependency_links.txt
[1.654s] writing entry points to ../../../build/crazyflie_ros2/crazyflie_ros2.egg-info/entry_points.txt
[1.654s] writing requirements to ../../../build/crazyflie_ros2/crazyflie_ros2.egg-info/requires.txt
[1.654s] writing top-level names to ../../../build/crazyflie_ros2/crazyflie_ros2.egg-info/top_level.txt
[1.686s] reading manifest file '../../../build/crazyflie_ros2/crazyflie_ros2.egg-info/SOURCES.txt'
[1.687s] writing manifest file '../../../build/crazyflie_ros2/crazyflie_ros2.egg-info/SOURCES.txt'
[1.687s] running build
[1.687s] running build_py
[1.687s] running install
[1.688s] running install_lib
[1.689s] running install_data
[1.690s] running install_egg_info
[1.691s] removing '/home/tdeng23/ros2_ws/install/crazyflie_ros2/lib/python3.8/site-packages/crazyflie_ros2-0.0.0-py3.8.egg-info' (and everything under it)
[1.691s] Copying ../../../build/crazyflie_ros2/crazyflie_ros2.egg-info to /home/tdeng23/ros2_ws/install/crazyflie_ros2/lib/python3.8/site-packages/crazyflie_ros2-0.0.0-py3.8.egg-info
[1.692s] running install_scripts
[1.708s] Installing crazyflie_publisher script to /home/tdeng23/ros2_ws/install/crazyflie_ros2/lib/crazyflie_ros2
[1.708s] writing list of installed files to '/home/tdeng23/ros2_ws/build/crazyflie_ros2/install.log'
[2.081s] Invoked command in '/home/tdeng23/ros2_ws/src/crazyswarm2/crazyflie_ros2' returned '0': PYTHONPATH=/home/tdeng23/ros2_ws/build/crazyflie_ros2/prefix_override:/home/tdeng23/ros2_ws/install/crazyflie_ros2/lib/python3.8/site-packages:${PYTHONPATH} /usr/bin/python3 setup.py egg_info --egg-base ../../../build/crazyflie_ros2 build --build-base /home/tdeng23/ros2_ws/build/crazyflie_ros2/build install --record /home/tdeng23/ros2_ws/build/crazyflie_ros2/install.log --single-version-externally-managed
