[0.737s] Invoking command in '/home/nicxe/ros2_ws/src/crazyswarm2/crazyflie_simulation': PYTHONPATH=/home/nicxe/ros2_ws/build/crazyflie_simulation/prefix_override:/home/nicxe/ros2_ws/install/crazyflie_simulation/lib/python3.8/site-packages:${PYTHONPATH} /usr/bin/python3 setup.py egg_info --egg-base ../../../build/crazyflie_simulation build --build-base /home/nicxe/ros2_ws/build/crazyflie_simulation/build install --record /home/nicxe/ros2_ws/build/crazyflie_simulation/install.log --single-version-externally-managed
[0.922s] running egg_info
[0.922s] writing ../../../build/crazyflie_simulation/crazyflie_simulation.egg-info/PKG-INFO
[0.923s] writing dependency_links to ../../../build/crazyflie_simulation/crazyflie_simulation.egg-info/dependency_links.txt
[0.923s] writing entry points to ../../../build/crazyflie_simulation/crazyflie_simulation.egg-info/entry_points.txt
[0.923s] writing requirements to ../../../build/crazyflie_simulation/crazyflie_simulation.egg-info/requires.txt
[0.923s] writing top-level names to ../../../build/crazyflie_simulation/crazyflie_simulation.egg-info/top_level.txt
[0.948s] reading manifest file '../../../build/crazyflie_simulation/crazyflie_simulation.egg-info/SOURCES.txt'
[0.948s] writing manifest file '../../../build/crazyflie_simulation/crazyflie_simulation.egg-info/SOURCES.txt'
[0.949s] running build
[0.949s] running build_py
[0.949s] running install
[0.949s] running install_lib
[0.950s] running install_data
[0.951s] running install_egg_info
[0.952s] removing '/home/nicxe/ros2_ws/install/crazyflie_simulation/lib/python3.8/site-packages/crazyflie_simulation-0.0.0-py3.8.egg-info' (and everything under it)
[0.952s] Copying ../../../build/crazyflie_simulation/crazyflie_simulation.egg-info to /home/nicxe/ros2_ws/install/crazyflie_simulation/lib/python3.8/site-packages/crazyflie_simulation-0.0.0-py3.8.egg-info
[0.953s] running install_scripts
[0.965s] Installing crazyflie_webots_driver script to /home/nicxe/ros2_ws/install/crazyflie_simulation/lib/crazyflie_simulation
[0.966s] Installing supervisor_driver script to /home/nicxe/ros2_ws/install/crazyflie_simulation/lib/crazyflie_simulation
[0.966s] writing list of installed files to '/home/nicxe/ros2_ws/build/crazyflie_simulation/install.log'
[0.984s] Invoked command in '/home/nicxe/ros2_ws/src/crazyswarm2/crazyflie_simulation' returned '0': PYTHONPATH=/home/nicxe/ros2_ws/build/crazyflie_simulation/prefix_override:/home/nicxe/ros2_ws/install/crazyflie_simulation/lib/python3.8/site-packages:${PYTHONPATH} /usr/bin/python3 setup.py egg_info --egg-base ../../../build/crazyflie_simulation build --build-base /home/nicxe/ros2_ws/build/crazyflie_simulation/build install --record /home/nicxe/ros2_ws/build/crazyflie_simulation/install.log --single-version-externally-managed
