[0.011s] Invoking command in '/home/nicxe/ros2_ws/build/crazyflie_examples': AMENT_PREFIX_PATH=/home/nicxe/ros2_ws/install/crazyflie_py:/home/nicxe/ros2_ws/install/my_package:/home/nicxe/ros2_ws/install/motion_capture_tracking:/home/nicxe/ros2_ws/install/crazyflie:/home/nicxe/ros2_ws/install/motion_capture_tracking_interfaces:/home/nicxe/ros2_ws/install/crazyflie_simulation:/home/nicxe/ros2_ws/install/crazyflie_sim:/home/nicxe/ros2_ws/install/crazyflie_ros2_slam:/home/nicxe/ros2_ws/install/crazyflie_ros2_simulation:/home/nicxe/ros2_ws/install/crazyflie_ros2_simple_mapper:/home/nicxe/ros2_ws/install/crazyflie_ros2_scan:/home/nicxe/ros2_ws/install/crazyflie_ros2_navigation:/home/nicxe/ros2_ws/install/crazyflie_ros2_interfaces:/home/nicxe/ros2_ws/install/crazyflie_ros2_description:/home/nicxe/ros2_ws/install/crazyflie_ros2:/home/nicxe/ros2_ws/install/crazyflie_examples:/home/nicxe/ros2_ws/install/crazyflie_interfaces:/opt/ros/galactic CMAKE_PREFIX_PATH=/home/nicxe/ros2_ws/install/crazyflie_interfaces:/home/nicxe/ros2_ws/install/motion_capture_tracking:/home/nicxe/ros2_ws/install/crazyflie:/home/nicxe/ros2_ws/install/motion_capture_tracking_interfaces:/home/nicxe/ros2_ws/install/crazyflie_sim:/home/nicxe/ros2_ws/install/crazyflie_ros2_slam:/home/nicxe/ros2_ws/install/crazyflie_ros2_navigation:/home/nicxe/ros2_ws/install/crazyflie_ros2_interfaces:/home/nicxe/ros2_ws/install/crazyflie_ros2_description:/home/nicxe/ros2_ws/install/crazyflie_examples:/home/nicxe/ros2_ws/install/my_package:/home/nicxe/ros2_ws/install/crazyflie_simulation:/home/nicxe/ros2_ws/install/crazyflie_ros2_simulation:/home/nicxe/ros2_ws/install/crazyflie_ros2_simple_mapper:/home/nicxe/ros2_ws/install/crazyflie_ros2_scan:/home/nicxe/ros2_ws/install/crazyflie_ros2:/home/nicxe/ros2_ws/install/crazyflie_py:/opt/ros/galactic LD_LIBRARY_PATH=/home/nicxe/ros2_ws/install/crazyflie_interfaces/lib:/home/nicxe/ros2_ws/install/motion_capture_tracking_interfaces/lib:/home/nicxe/ros2_ws/install/crazyflie_ros2_interfaces/lib:/opt/ros/galactic/opt/yaml_cpp_vendor/lib:/opt/ros/galactic/opt/rviz_ogre_vendor/lib:/opt/ros/galactic/lib/x86_64-linux-gnu:/opt/ros/galactic/lib PYTHONPATH=/home/nicxe/ros2_ws/install/crazyflie_py/lib/python3.8/site-packages:/home/nicxe/ros2_ws/install/crazyflie_interfaces/lib/python3.8/site-packages:/home/nicxe/CS_SITP/crazyflie-firmware/build:/home/nicxe/ros2_ws/install/my_package/lib/python3.8/site-packages:/home/nicxe/ros2_ws/install/motion_capture_tracking_interfaces/lib/python3.8/site-packages:/home/nicxe/ros2_ws/install/crazyflie_simulation/lib/python3.8/site-packages:/home/nicxe/ros2_ws/install/crazyflie_sim/lib/python3.8/site-packages:/home/nicxe/ros2_ws/install/crazyflie_ros2_simulation/lib/python3.8/site-packages:/home/nicxe/ros2_ws/install/crazyflie_ros2_simple_mapper/lib/python3.8/site-packages:/home/nicxe/ros2_ws/install/crazyflie_ros2_scan/lib/python3.8/site-packages:/home/nicxe/ros2_ws/install/crazyflie_ros2_interfaces/lib/python3.8/site-packages:/home/nicxe/ros2_ws/install/crazyflie_ros2/lib/python3.8/site-packages:/home/nicxe/ros2_ws/install/crazyflie_examples/lib/python3.8/site-packages:/opt/ros/galactic/lib/python3.8/site-packages /usr/bin/cmake /home/nicxe/ros2_ws/src/crazyswarm2/crazyflie_examples -DCMAKE_INSTALL_PREFIX=/home/nicxe/ros2_ws/install/crazyflie_examples
[0.048s] -- The C compiler identification is GNU 9.4.0
[0.087s] -- The CXX compiler identification is GNU 9.4.0
[0.095s] -- Check for working C compiler: /usr/bin/cc
[0.139s] -- Check for working C compiler: /usr/bin/cc -- works
[0.140s] -- Detecting C compiler ABI info
[0.186s] -- Detecting C compiler ABI info - done
[0.194s] -- Detecting C compile features
[0.195s] -- Detecting C compile features - done
[0.196s] -- Check for working CXX compiler: /usr/bin/c++
[0.252s] -- Check for working CXX compiler: /usr/bin/c++ -- works
[0.253s] -- Detecting CXX compiler ABI info
[0.306s] -- Detecting CXX compiler ABI info - done
[0.315s] -- Detecting CXX compile features
[0.315s] -- Detecting CXX compile features - done
[0.317s] -- Found ament_cmake: 1.1.6 (/opt/ros/galactic/share/ament_cmake/cmake)
[0.337s] -- Found PythonInterp: /usr/bin/python3 (found suitable version "3.8.10", minimum required is "3") 
[0.337s] -- Using PYTHON_EXECUTABLE: /usr/bin/python3
[0.509s] -- Configuring done
[0.511s] -- Generating done
[0.512s] -- Build files have been written to: /home/nicxe/ros2_ws/build/crazyflie_examples
[0.515s] Invoked command in '/home/nicxe/ros2_ws/build/crazyflie_examples' returned '0': AMENT_PREFIX_PATH=/home/nicxe/ros2_ws/install/crazyflie_py:/home/nicxe/ros2_ws/install/my_package:/home/nicxe/ros2_ws/install/motion_capture_tracking:/home/nicxe/ros2_ws/install/crazyflie:/home/nicxe/ros2_ws/install/motion_capture_tracking_interfaces:/home/nicxe/ros2_ws/install/crazyflie_simulation:/home/nicxe/ros2_ws/install/crazyflie_sim:/home/nicxe/ros2_ws/install/crazyflie_ros2_slam:/home/nicxe/ros2_ws/install/crazyflie_ros2_simulation:/home/nicxe/ros2_ws/install/crazyflie_ros2_simple_mapper:/home/nicxe/ros2_ws/install/crazyflie_ros2_scan:/home/nicxe/ros2_ws/install/crazyflie_ros2_navigation:/home/nicxe/ros2_ws/install/crazyflie_ros2_interfaces:/home/nicxe/ros2_ws/install/crazyflie_ros2_description:/home/nicxe/ros2_ws/install/crazyflie_ros2:/home/nicxe/ros2_ws/install/crazyflie_examples:/home/nicxe/ros2_ws/install/crazyflie_interfaces:/opt/ros/galactic CMAKE_PREFIX_PATH=/home/nicxe/ros2_ws/install/crazyflie_interfaces:/home/nicxe/ros2_ws/install/motion_capture_tracking:/home/nicxe/ros2_ws/install/crazyflie:/home/nicxe/ros2_ws/install/motion_capture_tracking_interfaces:/home/nicxe/ros2_ws/install/crazyflie_sim:/home/nicxe/ros2_ws/install/crazyflie_ros2_slam:/home/nicxe/ros2_ws/install/crazyflie_ros2_navigation:/home/nicxe/ros2_ws/install/crazyflie_ros2_interfaces:/home/nicxe/ros2_ws/install/crazyflie_ros2_description:/home/nicxe/ros2_ws/install/crazyflie_examples:/home/nicxe/ros2_ws/install/my_package:/home/nicxe/ros2_ws/install/crazyflie_simulation:/home/nicxe/ros2_ws/install/crazyflie_ros2_simulation:/home/nicxe/ros2_ws/install/crazyflie_ros2_simple_mapper:/home/nicxe/ros2_ws/install/crazyflie_ros2_scan:/home/nicxe/ros2_ws/install/crazyflie_ros2:/home/nicxe/ros2_ws/install/crazyflie_py:/opt/ros/galactic LD_LIBRARY_PATH=/home/nicxe/ros2_ws/install/crazyflie_interfaces/lib:/home/nicxe/ros2_ws/install/motion_capture_tracking_interfaces/lib:/home/nicxe/ros2_ws/install/crazyflie_ros2_interfaces/lib:/opt/ros/galactic/opt/yaml_cpp_vendor/lib:/opt/ros/galactic/opt/rviz_ogre_vendor/lib:/opt/ros/galactic/lib/x86_64-linux-gnu:/opt/ros/galactic/lib PYTHONPATH=/home/nicxe/ros2_ws/install/crazyflie_py/lib/python3.8/site-packages:/home/nicxe/ros2_ws/install/crazyflie_interfaces/lib/python3.8/site-packages:/home/nicxe/CS_SITP/crazyflie-firmware/build:/home/nicxe/ros2_ws/install/my_package/lib/python3.8/site-packages:/home/nicxe/ros2_ws/install/motion_capture_tracking_interfaces/lib/python3.8/site-packages:/home/nicxe/ros2_ws/install/crazyflie_simulation/lib/python3.8/site-packages:/home/nicxe/ros2_ws/install/crazyflie_sim/lib/python3.8/site-packages:/home/nicxe/ros2_ws/install/crazyflie_ros2_simulation/lib/python3.8/site-packages:/home/nicxe/ros2_ws/install/crazyflie_ros2_simple_mapper/lib/python3.8/site-packages:/home/nicxe/ros2_ws/install/crazyflie_ros2_scan/lib/python3.8/site-packages:/home/nicxe/ros2_ws/install/crazyflie_ros2_interfaces/lib/python3.8/site-packages:/home/nicxe/ros2_ws/install/crazyflie_ros2/lib/python3.8/site-packages:/home/nicxe/ros2_ws/install/crazyflie_examples/lib/python3.8/site-packages:/opt/ros/galactic/lib/python3.8/site-packages /usr/bin/cmake /home/nicxe/ros2_ws/src/crazyswarm2/crazyflie_examples -DCMAKE_INSTALL_PREFIX=/home/nicxe/ros2_ws/install/crazyflie_examples
[0.516s] Invoking command in '/home/nicxe/ros2_ws/build/crazyflie_examples': AMENT_PREFIX_PATH=/home/nicxe/ros2_ws/install/crazyflie_py:/home/nicxe/ros2_ws/install/my_package:/home/nicxe/ros2_ws/install/motion_capture_tracking:/home/nicxe/ros2_ws/install/crazyflie:/home/nicxe/ros2_ws/install/motion_capture_tracking_interfaces:/home/nicxe/ros2_ws/install/crazyflie_simulation:/home/nicxe/ros2_ws/install/crazyflie_sim:/home/nicxe/ros2_ws/install/crazyflie_ros2_slam:/home/nicxe/ros2_ws/install/crazyflie_ros2_simulation:/home/nicxe/ros2_ws/install/crazyflie_ros2_simple_mapper:/home/nicxe/ros2_ws/install/crazyflie_ros2_scan:/home/nicxe/ros2_ws/install/crazyflie_ros2_navigation:/home/nicxe/ros2_ws/install/crazyflie_ros2_interfaces:/home/nicxe/ros2_ws/install/crazyflie_ros2_description:/home/nicxe/ros2_ws/install/crazyflie_ros2:/home/nicxe/ros2_ws/install/crazyflie_examples:/home/nicxe/ros2_ws/install/crazyflie_interfaces:/opt/ros/galactic CMAKE_PREFIX_PATH=/home/nicxe/ros2_ws/install/crazyflie_interfaces:/home/nicxe/ros2_ws/install/motion_capture_tracking:/home/nicxe/ros2_ws/install/crazyflie:/home/nicxe/ros2_ws/install/motion_capture_tracking_interfaces:/home/nicxe/ros2_ws/install/crazyflie_sim:/home/nicxe/ros2_ws/install/crazyflie_ros2_slam:/home/nicxe/ros2_ws/install/crazyflie_ros2_navigation:/home/nicxe/ros2_ws/install/crazyflie_ros2_interfaces:/home/nicxe/ros2_ws/install/crazyflie_ros2_description:/home/nicxe/ros2_ws/install/crazyflie_examples:/home/nicxe/ros2_ws/install/my_package:/home/nicxe/ros2_ws/install/crazyflie_simulation:/home/nicxe/ros2_ws/install/crazyflie_ros2_simulation:/home/nicxe/ros2_ws/install/crazyflie_ros2_simple_mapper:/home/nicxe/ros2_ws/install/crazyflie_ros2_scan:/home/nicxe/ros2_ws/install/crazyflie_ros2:/home/nicxe/ros2_ws/install/crazyflie_py:/opt/ros/galactic LD_LIBRARY_PATH=/home/nicxe/ros2_ws/install/crazyflie_interfaces/lib:/home/nicxe/ros2_ws/install/motion_capture_tracking_interfaces/lib:/home/nicxe/ros2_ws/install/crazyflie_ros2_interfaces/lib:/opt/ros/galactic/opt/yaml_cpp_vendor/lib:/opt/ros/galactic/opt/rviz_ogre_vendor/lib:/opt/ros/galactic/lib/x86_64-linux-gnu:/opt/ros/galactic/lib PYTHONPATH=/home/nicxe/ros2_ws/install/crazyflie_py/lib/python3.8/site-packages:/home/nicxe/ros2_ws/install/crazyflie_interfaces/lib/python3.8/site-packages:/home/nicxe/CS_SITP/crazyflie-firmware/build:/home/nicxe/ros2_ws/install/my_package/lib/python3.8/site-packages:/home/nicxe/ros2_ws/install/motion_capture_tracking_interfaces/lib/python3.8/site-packages:/home/nicxe/ros2_ws/install/crazyflie_simulation/lib/python3.8/site-packages:/home/nicxe/ros2_ws/install/crazyflie_sim/lib/python3.8/site-packages:/home/nicxe/ros2_ws/install/crazyflie_ros2_simulation/lib/python3.8/site-packages:/home/nicxe/ros2_ws/install/crazyflie_ros2_simple_mapper/lib/python3.8/site-packages:/home/nicxe/ros2_ws/install/crazyflie_ros2_scan/lib/python3.8/site-packages:/home/nicxe/ros2_ws/install/crazyflie_ros2_interfaces/lib/python3.8/site-packages:/home/nicxe/ros2_ws/install/crazyflie_ros2/lib/python3.8/site-packages:/home/nicxe/ros2_ws/install/crazyflie_examples/lib/python3.8/site-packages:/opt/ros/galactic/lib/python3.8/site-packages /usr/bin/cmake --build /home/nicxe/ros2_ws/build/crazyflie_examples -- -j8 -l8
[0.543s] [35m[1mScanning dependencies of target ament_cmake_python_copy_crazyflie_examples_setup[0m
[0.543s] [35m[1mScanning dependencies of target ament_cmake_python_copy_crazyflie_examples[0m
[0.557s] Built target ament_cmake_python_copy_crazyflie_examples_setup
[0.557s] Built target ament_cmake_python_copy_crazyflie_examples
[0.564s] [35m[1mScanning dependencies of target ament_cmake_python_build_crazyflie_examples_scripts[0m
[0.564s] [35m[1mScanning dependencies of target ament_cmake_python_build_crazyflie_examples_egg[0m
[0.729s] running install_scripts
[0.731s] running egg_info
[0.731s] creating crazyflie_examples.egg-info
[0.731s] writing crazyflie_examples.egg-info/PKG-INFO
[0.731s] writing dependency_links to crazyflie_examples.egg-info/dependency_links.txt
[0.732s] writing entry points to crazyflie_examples.egg-info/entry_points.txt
[0.732s] writing top-level names to crazyflie_examples.egg-info/top_level.txt
[0.732s] writing manifest file 'crazyflie_examples.egg-info/SOURCES.txt'
[0.745s] running egg_info
[0.746s] writing crazyflie_examples.egg-info/PKG-INFO
[0.746s] writing dependency_links to crazyflie_examples.egg-info/dependency_links.txt
[0.746s] writing entry points to crazyflie_examples.egg-info/entry_points.txt
[0.746s] writing top-level names to crazyflie_examples.egg-info/top_level.txt
[0.756s] reading manifest file 'crazyflie_examples.egg-info/SOURCES.txt'
[0.757s] writing manifest file 'crazyflie_examples.egg-info/SOURCES.txt'
[0.770s] reading manifest file 'crazyflie_examples.egg-info/SOURCES.txt'
[0.770s] writing manifest file 'crazyflie_examples.egg-info/SOURCES.txt'
[0.772s] Installing cmd_full_state script to scripts
[0.772s] Installing figure8 script to scripts
[0.772s] Installing hello_world script to scripts
[0.772s] Installing multi_trajectory script to scripts
[0.772s] Installing nice_hover script to scripts
[0.772s] Installing set_param script to scripts
[0.775s] Built target ament_cmake_python_build_crazyflie_examples_egg
[0.793s] Built target ament_cmake_python_build_crazyflie_examples_scripts
[0.800s] Invoked command in '/home/nicxe/ros2_ws/build/crazyflie_examples' returned '0': AMENT_PREFIX_PATH=/home/nicxe/ros2_ws/install/crazyflie_py:/home/nicxe/ros2_ws/install/my_package:/home/nicxe/ros2_ws/install/motion_capture_tracking:/home/nicxe/ros2_ws/install/crazyflie:/home/nicxe/ros2_ws/install/motion_capture_tracking_interfaces:/home/nicxe/ros2_ws/install/crazyflie_simulation:/home/nicxe/ros2_ws/install/crazyflie_sim:/home/nicxe/ros2_ws/install/crazyflie_ros2_slam:/home/nicxe/ros2_ws/install/crazyflie_ros2_simulation:/home/nicxe/ros2_ws/install/crazyflie_ros2_simple_mapper:/home/nicxe/ros2_ws/install/crazyflie_ros2_scan:/home/nicxe/ros2_ws/install/crazyflie_ros2_navigation:/home/nicxe/ros2_ws/install/crazyflie_ros2_interfaces:/home/nicxe/ros2_ws/install/crazyflie_ros2_description:/home/nicxe/ros2_ws/install/crazyflie_ros2:/home/nicxe/ros2_ws/install/crazyflie_examples:/home/nicxe/ros2_ws/install/crazyflie_interfaces:/opt/ros/galactic CMAKE_PREFIX_PATH=/home/nicxe/ros2_ws/install/crazyflie_interfaces:/home/nicxe/ros2_ws/install/motion_capture_tracking:/home/nicxe/ros2_ws/install/crazyflie:/home/nicxe/ros2_ws/install/motion_capture_tracking_interfaces:/home/nicxe/ros2_ws/install/crazyflie_sim:/home/nicxe/ros2_ws/install/crazyflie_ros2_slam:/home/nicxe/ros2_ws/install/crazyflie_ros2_navigation:/home/nicxe/ros2_ws/install/crazyflie_ros2_interfaces:/home/nicxe/ros2_ws/install/crazyflie_ros2_description:/home/nicxe/ros2_ws/install/crazyflie_examples:/home/nicxe/ros2_ws/install/my_package:/home/nicxe/ros2_ws/install/crazyflie_simulation:/home/nicxe/ros2_ws/install/crazyflie_ros2_simulation:/home/nicxe/ros2_ws/install/crazyflie_ros2_simple_mapper:/home/nicxe/ros2_ws/install/crazyflie_ros2_scan:/home/nicxe/ros2_ws/install/crazyflie_ros2:/home/nicxe/ros2_ws/install/crazyflie_py:/opt/ros/galactic LD_LIBRARY_PATH=/home/nicxe/ros2_ws/install/crazyflie_interfaces/lib:/home/nicxe/ros2_ws/install/motion_capture_tracking_interfaces/lib:/home/nicxe/ros2_ws/install/crazyflie_ros2_interfaces/lib:/opt/ros/galactic/opt/yaml_cpp_vendor/lib:/opt/ros/galactic/opt/rviz_ogre_vendor/lib:/opt/ros/galactic/lib/x86_64-linux-gnu:/opt/ros/galactic/lib PYTHONPATH=/home/nicxe/ros2_ws/install/crazyflie_py/lib/python3.8/site-packages:/home/nicxe/ros2_ws/install/crazyflie_interfaces/lib/python3.8/site-packages:/home/nicxe/CS_SITP/crazyflie-firmware/build:/home/nicxe/ros2_ws/install/my_package/lib/python3.8/site-packages:/home/nicxe/ros2_ws/install/motion_capture_tracking_interfaces/lib/python3.8/site-packages:/home/nicxe/ros2_ws/install/crazyflie_simulation/lib/python3.8/site-packages:/home/nicxe/ros2_ws/install/crazyflie_sim/lib/python3.8/site-packages:/home/nicxe/ros2_ws/install/crazyflie_ros2_simulation/lib/python3.8/site-packages:/home/nicxe/ros2_ws/install/crazyflie_ros2_simple_mapper/lib/python3.8/site-packages:/home/nicxe/ros2_ws/install/crazyflie_ros2_scan/lib/python3.8/site-packages:/home/nicxe/ros2_ws/install/crazyflie_ros2_interfaces/lib/python3.8/site-packages:/home/nicxe/ros2_ws/install/crazyflie_ros2/lib/python3.8/site-packages:/home/nicxe/ros2_ws/install/crazyflie_examples/lib/python3.8/site-packages:/opt/ros/galactic/lib/python3.8/site-packages /usr/bin/cmake --build /home/nicxe/ros2_ws/build/crazyflie_examples -- -j8 -l8
[0.816s] Invoking command in '/home/nicxe/ros2_ws/build/crazyflie_examples': AMENT_PREFIX_PATH=/home/nicxe/ros2_ws/install/crazyflie_py:/home/nicxe/ros2_ws/install/my_package:/home/nicxe/ros2_ws/install/motion_capture_tracking:/home/nicxe/ros2_ws/install/crazyflie:/home/nicxe/ros2_ws/install/motion_capture_tracking_interfaces:/home/nicxe/ros2_ws/install/crazyflie_simulation:/home/nicxe/ros2_ws/install/crazyflie_sim:/home/nicxe/ros2_ws/install/crazyflie_ros2_slam:/home/nicxe/ros2_ws/install/crazyflie_ros2_simulation:/home/nicxe/ros2_ws/install/crazyflie_ros2_simple_mapper:/home/nicxe/ros2_ws/install/crazyflie_ros2_scan:/home/nicxe/ros2_ws/install/crazyflie_ros2_navigation:/home/nicxe/ros2_ws/install/crazyflie_ros2_interfaces:/home/nicxe/ros2_ws/install/crazyflie_ros2_description:/home/nicxe/ros2_ws/install/crazyflie_ros2:/home/nicxe/ros2_ws/install/crazyflie_examples:/home/nicxe/ros2_ws/install/crazyflie_interfaces:/opt/ros/galactic CMAKE_PREFIX_PATH=/home/nicxe/ros2_ws/install/crazyflie_interfaces:/home/nicxe/ros2_ws/install/motion_capture_tracking:/home/nicxe/ros2_ws/install/crazyflie:/home/nicxe/ros2_ws/install/motion_capture_tracking_interfaces:/home/nicxe/ros2_ws/install/crazyflie_sim:/home/nicxe/ros2_ws/install/crazyflie_ros2_slam:/home/nicxe/ros2_ws/install/crazyflie_ros2_navigation:/home/nicxe/ros2_ws/install/crazyflie_ros2_interfaces:/home/nicxe/ros2_ws/install/crazyflie_ros2_description:/home/nicxe/ros2_ws/install/crazyflie_examples:/home/nicxe/ros2_ws/install/my_package:/home/nicxe/ros2_ws/install/crazyflie_simulation:/home/nicxe/ros2_ws/install/crazyflie_ros2_simulation:/home/nicxe/ros2_ws/install/crazyflie_ros2_simple_mapper:/home/nicxe/ros2_ws/install/crazyflie_ros2_scan:/home/nicxe/ros2_ws/install/crazyflie_ros2:/home/nicxe/ros2_ws/install/crazyflie_py:/opt/ros/galactic LD_LIBRARY_PATH=/home/nicxe/ros2_ws/install/crazyflie_interfaces/lib:/home/nicxe/ros2_ws/install/motion_capture_tracking_interfaces/lib:/home/nicxe/ros2_ws/install/crazyflie_ros2_interfaces/lib:/opt/ros/galactic/opt/yaml_cpp_vendor/lib:/opt/ros/galactic/opt/rviz_ogre_vendor/lib:/opt/ros/galactic/lib/x86_64-linux-gnu:/opt/ros/galactic/lib PYTHONPATH=/home/nicxe/ros2_ws/install/crazyflie_py/lib/python3.8/site-packages:/home/nicxe/ros2_ws/install/crazyflie_interfaces/lib/python3.8/site-packages:/home/nicxe/CS_SITP/crazyflie-firmware/build:/home/nicxe/ros2_ws/install/my_package/lib/python3.8/site-packages:/home/nicxe/ros2_ws/install/motion_capture_tracking_interfaces/lib/python3.8/site-packages:/home/nicxe/ros2_ws/install/crazyflie_simulation/lib/python3.8/site-packages:/home/nicxe/ros2_ws/install/crazyflie_sim/lib/python3.8/site-packages:/home/nicxe/ros2_ws/install/crazyflie_ros2_simulation/lib/python3.8/site-packages:/home/nicxe/ros2_ws/install/crazyflie_ros2_simple_mapper/lib/python3.8/site-packages:/home/nicxe/ros2_ws/install/crazyflie_ros2_scan/lib/python3.8/site-packages:/home/nicxe/ros2_ws/install/crazyflie_ros2_interfaces/lib/python3.8/site-packages:/home/nicxe/ros2_ws/install/crazyflie_ros2/lib/python3.8/site-packages:/home/nicxe/ros2_ws/install/crazyflie_examples/lib/python3.8/site-packages:/opt/ros/galactic/lib/python3.8/site-packages /usr/bin/cmake --install /home/nicxe/ros2_ws/build/crazyflie_examples
[0.824s] -- Install configuration: ""
[0.824s] -- Installing: /home/nicxe/ros2_ws/install/crazyflie_examples/share/crazyflie_examples/environment/pythonpath.sh
[0.824s] -- Installing: /home/nicxe/ros2_ws/install/crazyflie_examples/share/crazyflie_examples/environment/pythonpath.dsv
[0.824s] -- Installing: /home/nicxe/ros2_ws/install/crazyflie_examples/lib/python3.8/site-packages//crazyflie_examples.egg-info
[0.824s] -- Installing: /home/nicxe/ros2_ws/install/crazyflie_examples/lib/python3.8/site-packages//crazyflie_examples.egg-info/top_level.txt
[0.824s] -- Installing: /home/nicxe/ros2_ws/install/crazyflie_examples/lib/python3.8/site-packages//crazyflie_examples.egg-info/PKG-INFO
[0.824s] -- Installing: /home/nicxe/ros2_ws/install/crazyflie_examples/lib/python3.8/site-packages//crazyflie_examples.egg-info/entry_points.txt
[0.824s] -- Installing: /home/nicxe/ros2_ws/install/crazyflie_examples/lib/python3.8/site-packages//crazyflie_examples.egg-info/dependency_links.txt
[0.824s] -- Installing: /home/nicxe/ros2_ws/install/crazyflie_examples/lib/python3.8/site-packages//crazyflie_examples.egg-info/SOURCES.txt
[0.824s] -- Installing: /home/nicxe/ros2_ws/install/crazyflie_examples/lib/crazyflie_examples/
[0.824s] -- Installing: /home/nicxe/ros2_ws/install/crazyflie_examples/lib/crazyflie_examples//multi_trajectory
[0.824s] -- Installing: /home/nicxe/ros2_ws/install/crazyflie_examples/lib/crazyflie_examples//cmd_full_state
[0.824s] -- Installing: /home/nicxe/ros2_ws/install/crazyflie_examples/lib/crazyflie_examples//figure8
[0.824s] -- Installing: /home/nicxe/ros2_ws/install/crazyflie_examples/lib/crazyflie_examples//hello_world
[0.825s] -- Installing: /home/nicxe/ros2_ws/install/crazyflie_examples/lib/crazyflie_examples//nice_hover
[0.825s] -- Installing: /home/nicxe/ros2_ws/install/crazyflie_examples/lib/crazyflie_examples//set_param
[0.825s] -- Installing: /home/nicxe/ros2_ws/install/crazyflie_examples/lib/python3.8/site-packages/crazyflie_examples
[0.825s] -- Installing: /home/nicxe/ros2_ws/install/crazyflie_examples/lib/python3.8/site-packages/crazyflie_examples/multi_trajectory.py
[0.825s] -- Installing: /home/nicxe/ros2_ws/install/crazyflie_examples/lib/python3.8/site-packages/crazyflie_examples/cmd_full_state.py
[0.825s] -- Installing: /home/nicxe/ros2_ws/install/crazyflie_examples/lib/python3.8/site-packages/crazyflie_examples/set_param.py
[0.825s] -- Installing: /home/nicxe/ros2_ws/install/crazyflie_examples/lib/python3.8/site-packages/crazyflie_examples/data
[0.825s] -- Installing: /home/nicxe/ros2_ws/install/crazyflie_examples/lib/python3.8/site-packages/crazyflie_examples/data/multi_trajectory
[0.825s] -- Installing: /home/nicxe/ros2_ws/install/crazyflie_examples/lib/python3.8/site-packages/crazyflie_examples/data/multi_trajectory/traj0.csv
[0.825s] -- Installing: /home/nicxe/ros2_ws/install/crazyflie_examples/lib/python3.8/site-packages/crazyflie_examples/data/multi_trajectory/traj1.csv
[0.825s] -- Installing: /home/nicxe/ros2_ws/install/crazyflie_examples/lib/python3.8/site-packages/crazyflie_examples/data/figure8.csv
[0.825s] -- Installing: /home/nicxe/ros2_ws/install/crazyflie_examples/lib/python3.8/site-packages/crazyflie_examples/nice_hover.py
[0.825s] -- Installing: /home/nicxe/ros2_ws/install/crazyflie_examples/lib/python3.8/site-packages/crazyflie_examples/figure8.py
[0.825s] -- Installing: /home/nicxe/ros2_ws/install/crazyflie_examples/lib/python3.8/site-packages/crazyflie_examples/hello_world.py
[0.825s] -- Installing: /home/nicxe/ros2_ws/install/crazyflie_examples/lib/python3.8/site-packages/crazyflie_examples/__init__.py
[0.852s] Listing '/home/nicxe/ros2_ws/install/crazyflie_examples/lib/python3.8/site-packages/crazyflie_examples'...
[0.852s] Compiling '/home/nicxe/ros2_ws/install/crazyflie_examples/lib/python3.8/site-packages/crazyflie_examples/__init__.py'...
[0.852s] Compiling '/home/nicxe/ros2_ws/install/crazyflie_examples/lib/python3.8/site-packages/crazyflie_examples/cmd_full_state.py'...
[0.852s] Listing '/home/nicxe/ros2_ws/install/crazyflie_examples/lib/python3.8/site-packages/crazyflie_examples/data'...
[0.852s] Listing '/home/nicxe/ros2_ws/install/crazyflie_examples/lib/python3.8/site-packages/crazyflie_examples/data/multi_trajectory'...
[0.852s] Compiling '/home/nicxe/ros2_ws/install/crazyflie_examples/lib/python3.8/site-packages/crazyflie_examples/figure8.py'...
[0.852s] Compiling '/home/nicxe/ros2_ws/install/crazyflie_examples/lib/python3.8/site-packages/crazyflie_examples/hello_world.py'...
[0.852s] Compiling '/home/nicxe/ros2_ws/install/crazyflie_examples/lib/python3.8/site-packages/crazyflie_examples/multi_trajectory.py'...
[0.852s] Compiling '/home/nicxe/ros2_ws/install/crazyflie_examples/lib/python3.8/site-packages/crazyflie_examples/nice_hover.py'...
[0.852s] Compiling '/home/nicxe/ros2_ws/install/crazyflie_examples/lib/python3.8/site-packages/crazyflie_examples/set_param.py'...
[0.855s] -- Installing: /home/nicxe/ros2_ws/install/crazyflie_examples/share/crazyflie_examples//config
[0.855s] -- Installing: /home/nicxe/ros2_ws/install/crazyflie_examples/share/crazyflie_examples//config/nav2_view.rviz
[0.855s] -- Installing: /home/nicxe/ros2_ws/install/crazyflie_examples/share/crazyflie_examples//config/nav2_params.yaml
[0.855s] -- Installing: /home/nicxe/ros2_ws/install/crazyflie_examples/share/crazyflie_examples//data
[0.855s] -- Installing: /home/nicxe/ros2_ws/install/crazyflie_examples/share/crazyflie_examples//data/map.yaml
[0.855s] -- Installing: /home/nicxe/ros2_ws/install/crazyflie_examples/share/crazyflie_examples//data/map.pgm
[0.855s] -- Installing: /home/nicxe/ros2_ws/install/crazyflie_examples/share/crazyflie_examples//data/map.data
[0.855s] -- Installing: /home/nicxe/ros2_ws/install/crazyflie_examples/share/crazyflie_examples//data/map.posegraph
[0.856s] -- Installing: /home/nicxe/ros2_ws/install/crazyflie_examples/share/crazyflie_examples//launch
[0.856s] -- Installing: /home/nicxe/ros2_ws/install/crazyflie_examples/share/crazyflie_examples//launch/multiranger_mapping_launch.py
[0.856s] -- Installing: /home/nicxe/ros2_ws/install/crazyflie_examples/share/crazyflie_examples//launch/multiranger_nav2_launch.py
[0.856s] -- Installing: /home/nicxe/ros2_ws/install/crazyflie_examples/share/crazyflie_examples//launch/keyboard_velmux_launch.py
[0.856s] -- Installing: /home/nicxe/ros2_ws/install/crazyflie_examples/share/ament_index/resource_index/package_run_dependencies/crazyflie_examples
[0.856s] -- Installing: /home/nicxe/ros2_ws/install/crazyflie_examples/share/ament_index/resource_index/parent_prefix_path/crazyflie_examples
[0.856s] -- Installing: /home/nicxe/ros2_ws/install/crazyflie_examples/share/crazyflie_examples/environment/ament_prefix_path.sh
[0.856s] -- Installing: /home/nicxe/ros2_ws/install/crazyflie_examples/share/crazyflie_examples/environment/ament_prefix_path.dsv
[0.856s] -- Installing: /home/nicxe/ros2_ws/install/crazyflie_examples/share/crazyflie_examples/environment/path.sh
[0.856s] -- Installing: /home/nicxe/ros2_ws/install/crazyflie_examples/share/crazyflie_examples/environment/path.dsv
[0.856s] -- Installing: /home/nicxe/ros2_ws/install/crazyflie_examples/share/crazyflie_examples/local_setup.bash
[0.856s] -- Installing: /home/nicxe/ros2_ws/install/crazyflie_examples/share/crazyflie_examples/local_setup.sh
[0.857s] -- Installing: /home/nicxe/ros2_ws/install/crazyflie_examples/share/crazyflie_examples/local_setup.zsh
[0.857s] -- Installing: /home/nicxe/ros2_ws/install/crazyflie_examples/share/crazyflie_examples/local_setup.dsv
[0.857s] -- Installing: /home/nicxe/ros2_ws/install/crazyflie_examples/share/crazyflie_examples/package.dsv
[0.857s] -- Installing: /home/nicxe/ros2_ws/install/crazyflie_examples/share/ament_index/resource_index/packages/crazyflie_examples
[0.857s] -- Installing: /home/nicxe/ros2_ws/install/crazyflie_examples/share/crazyflie_examples/cmake/crazyflie_examplesConfig.cmake
[0.857s] -- Installing: /home/nicxe/ros2_ws/install/crazyflie_examples/share/crazyflie_examples/cmake/crazyflie_examplesConfig-version.cmake
[0.857s] -- Installing: /home/nicxe/ros2_ws/install/crazyflie_examples/share/crazyflie_examples/package.xml
[0.858s] Invoked command in '/home/nicxe/ros2_ws/build/crazyflie_examples' returned '0': AMENT_PREFIX_PATH=/home/nicxe/ros2_ws/install/crazyflie_py:/home/nicxe/ros2_ws/install/my_package:/home/nicxe/ros2_ws/install/motion_capture_tracking:/home/nicxe/ros2_ws/install/crazyflie:/home/nicxe/ros2_ws/install/motion_capture_tracking_interfaces:/home/nicxe/ros2_ws/install/crazyflie_simulation:/home/nicxe/ros2_ws/install/crazyflie_sim:/home/nicxe/ros2_ws/install/crazyflie_ros2_slam:/home/nicxe/ros2_ws/install/crazyflie_ros2_simulation:/home/nicxe/ros2_ws/install/crazyflie_ros2_simple_mapper:/home/nicxe/ros2_ws/install/crazyflie_ros2_scan:/home/nicxe/ros2_ws/install/crazyflie_ros2_navigation:/home/nicxe/ros2_ws/install/crazyflie_ros2_interfaces:/home/nicxe/ros2_ws/install/crazyflie_ros2_description:/home/nicxe/ros2_ws/install/crazyflie_ros2:/home/nicxe/ros2_ws/install/crazyflie_examples:/home/nicxe/ros2_ws/install/crazyflie_interfaces:/opt/ros/galactic CMAKE_PREFIX_PATH=/home/nicxe/ros2_ws/install/crazyflie_interfaces:/home/nicxe/ros2_ws/install/motion_capture_tracking:/home/nicxe/ros2_ws/install/crazyflie:/home/nicxe/ros2_ws/install/motion_capture_tracking_interfaces:/home/nicxe/ros2_ws/install/crazyflie_sim:/home/nicxe/ros2_ws/install/crazyflie_ros2_slam:/home/nicxe/ros2_ws/install/crazyflie_ros2_navigation:/home/nicxe/ros2_ws/install/crazyflie_ros2_interfaces:/home/nicxe/ros2_ws/install/crazyflie_ros2_description:/home/nicxe/ros2_ws/install/crazyflie_examples:/home/nicxe/ros2_ws/install/my_package:/home/nicxe/ros2_ws/install/crazyflie_simulation:/home/nicxe/ros2_ws/install/crazyflie_ros2_simulation:/home/nicxe/ros2_ws/install/crazyflie_ros2_simple_mapper:/home/nicxe/ros2_ws/install/crazyflie_ros2_scan:/home/nicxe/ros2_ws/install/crazyflie_ros2:/home/nicxe/ros2_ws/install/crazyflie_py:/opt/ros/galactic LD_LIBRARY_PATH=/home/nicxe/ros2_ws/install/crazyflie_interfaces/lib:/home/nicxe/ros2_ws/install/motion_capture_tracking_interfaces/lib:/home/nicxe/ros2_ws/install/crazyflie_ros2_interfaces/lib:/opt/ros/galactic/opt/yaml_cpp_vendor/lib:/opt/ros/galactic/opt/rviz_ogre_vendor/lib:/opt/ros/galactic/lib/x86_64-linux-gnu:/opt/ros/galactic/lib PYTHONPATH=/home/nicxe/ros2_ws/install/crazyflie_py/lib/python3.8/site-packages:/home/nicxe/ros2_ws/install/crazyflie_interfaces/lib/python3.8/site-packages:/home/nicxe/CS_SITP/crazyflie-firmware/build:/home/nicxe/ros2_ws/install/my_package/lib/python3.8/site-packages:/home/nicxe/ros2_ws/install/motion_capture_tracking_interfaces/lib/python3.8/site-packages:/home/nicxe/ros2_ws/install/crazyflie_simulation/lib/python3.8/site-packages:/home/nicxe/ros2_ws/install/crazyflie_sim/lib/python3.8/site-packages:/home/nicxe/ros2_ws/install/crazyflie_ros2_simulation/lib/python3.8/site-packages:/home/nicxe/ros2_ws/install/crazyflie_ros2_simple_mapper/lib/python3.8/site-packages:/home/nicxe/ros2_ws/install/crazyflie_ros2_scan/lib/python3.8/site-packages:/home/nicxe/ros2_ws/install/crazyflie_ros2_interfaces/lib/python3.8/site-packages:/home/nicxe/ros2_ws/install/crazyflie_ros2/lib/python3.8/site-packages:/home/nicxe/ros2_ws/install/crazyflie_examples/lib/python3.8/site-packages:/opt/ros/galactic/lib/python3.8/site-packages /usr/bin/cmake --install /home/nicxe/ros2_ws/build/crazyflie_examples
