[0.309s] Invoking command in '/home/tdeng23/ros2_ws/build/crazyflie_ros2_navigation': CMAKE_PREFIX_PATH=/opt/ros/galactic /home/tdeng23/.local/bin/cmake /home/tdeng23/ros2_ws/src/crazyswarm2/crazyflie_ros2_navigation -DCMAKE_INSTALL_PREFIX=/home/tdeng23/ros2_ws/install/crazyflie_ros2_navigation
[0.806s] -- The C compiler identification is GNU 9.4.0
[0.806s] -- The CXX compiler identification is GNU 9.4.0
[0.806s] -- Detecting C compiler ABI info
[0.806s] -- Detecting C compiler ABI info - done
[0.806s] -- Check for working C compiler: /usr/bin/cc - skipped
[0.806s] -- Detecting C compile features
[0.806s] -- Detecting C compile features - done
[0.806s] -- Detecting CXX compiler ABI info
[0.806s] -- Detecting CXX compiler ABI info - done
[0.807s] -- Check for working CXX compiler: /usr/bin/c++ - skipped
[0.807s] -- Detecting CXX compile features
[0.807s] -- Detecting CXX compile features - done
[0.807s] -- Found ament_cmake: 1.1.6 (/opt/ros/galactic/share/ament_cmake/cmake)
[0.807s] -- Found PythonInterp: /usr/bin/python3 (found suitable version "3.8.10", minimum required is "3") 
[0.807s] -- Using PYTHON_EXECUTABLE: /usr/bin/python3
[0.807s] -- Found ament_lint_auto: 0.10.7 (/opt/ros/galactic/share/ament_lint_auto/cmake)
[0.874s] -- Added test 'copyright' to check source files copyright and LICENSE
[0.877s] -- Added test 'flake8' to check Python code syntax and style conventions
[0.878s] -- Added test 'lint_cmake' to check CMake code style
[0.878s] -- Added test 'pep257' to check Python code against some of the style conventions in PEP 257
[0.880s] -- Added test 'xmllint' to check XML markup files
[0.882s] -- Configuring done (0.5s)
[0.887s] -- Generating done (0.0s)
[0.889s] -- Build files have been written to: /home/tdeng23/ros2_ws/build/crazyflie_ros2_navigation
[0.902s] Invoked command in '/home/tdeng23/ros2_ws/build/crazyflie_ros2_navigation' returned '0': CMAKE_PREFIX_PATH=/opt/ros/galactic /home/tdeng23/.local/bin/cmake /home/tdeng23/ros2_ws/src/crazyswarm2/crazyflie_ros2_navigation -DCMAKE_INSTALL_PREFIX=/home/tdeng23/ros2_ws/install/crazyflie_ros2_navigation
[0.903s] Invoking command in '/home/tdeng23/ros2_ws/build/crazyflie_ros2_navigation': CMAKE_PREFIX_PATH=/opt/ros/galactic /home/tdeng23/.local/bin/cmake --build /home/tdeng23/ros2_ws/build/crazyflie_ros2_navigation -- -j8 -l8
[0.982s] Invoked command in '/home/tdeng23/ros2_ws/build/crazyflie_ros2_navigation' returned '0': CMAKE_PREFIX_PATH=/opt/ros/galactic /home/tdeng23/.local/bin/cmake --build /home/tdeng23/ros2_ws/build/crazyflie_ros2_navigation -- -j8 -l8
[1.043s] Invoking command in '/home/tdeng23/ros2_ws/build/crazyflie_ros2_navigation': CMAKE_PREFIX_PATH=/opt/ros/galactic /home/tdeng23/.local/bin/cmake --install /home/tdeng23/ros2_ws/build/crazyflie_ros2_navigation
[1.086s] -- Install configuration: ""
[1.086s] -- Installing: /home/tdeng23/ros2_ws/install/crazyflie_ros2_navigation/share/crazyflie_ros2_navigation/launch
[1.086s] -- Installing: /home/tdeng23/ros2_ws/install/crazyflie_ros2_navigation/share/crazyflie_ros2_navigation/launch/navigation_simulation_launch.py
[1.087s] -- Installing: /home/tdeng23/ros2_ws/install/crazyflie_ros2_navigation/share/crazyflie_ros2_navigation/launch/navigation_real_launch.py
[1.087s] -- Installing: /home/tdeng23/ros2_ws/install/crazyflie_ros2_navigation/share/crazyflie_ros2_navigation/params
[1.087s] -- Installing: /home/tdeng23/ros2_ws/install/crazyflie_ros2_navigation/share/crazyflie_ros2_navigation/params/nav2_params.yaml
[1.087s] -- Installing: /home/tdeng23/ros2_ws/install/crazyflie_ros2_navigation/share/ament_index/resource_index/package_run_dependencies/crazyflie_ros2_navigation
[1.087s] -- Installing: /home/tdeng23/ros2_ws/install/crazyflie_ros2_navigation/share/ament_index/resource_index/parent_prefix_path/crazyflie_ros2_navigation
[1.087s] -- Installing: /home/tdeng23/ros2_ws/install/crazyflie_ros2_navigation/share/crazyflie_ros2_navigation/environment/ament_prefix_path.sh
[1.088s] -- Installing: /home/tdeng23/ros2_ws/install/crazyflie_ros2_navigation/share/crazyflie_ros2_navigation/environment/ament_prefix_path.dsv
[1.088s] -- Installing: /home/tdeng23/ros2_ws/install/crazyflie_ros2_navigation/share/crazyflie_ros2_navigation/environment/path.sh
[1.088s] -- Installing: /home/tdeng23/ros2_ws/install/crazyflie_ros2_navigation/share/crazyflie_ros2_navigation/environment/path.dsv
[1.088s] -- Installing: /home/tdeng23/ros2_ws/install/crazyflie_ros2_navigation/share/crazyflie_ros2_navigation/local_setup.bash
[1.088s] -- Installing: /home/tdeng23/ros2_ws/install/crazyflie_ros2_navigation/share/crazyflie_ros2_navigation/local_setup.sh
[1.088s] -- Installing: /home/tdeng23/ros2_ws/install/crazyflie_ros2_navigation/share/crazyflie_ros2_navigation/local_setup.zsh
[1.088s] -- Installing: /home/tdeng23/ros2_ws/install/crazyflie_ros2_navigation/share/crazyflie_ros2_navigation/local_setup.dsv
[1.088s] -- Installing: /home/tdeng23/ros2_ws/install/crazyflie_ros2_navigation/share/crazyflie_ros2_navigation/package.dsv
[1.089s] -- Installing: /home/tdeng23/ros2_ws/install/crazyflie_ros2_navigation/share/ament_index/resource_index/packages/crazyflie_ros2_navigation
[1.089s] -- Installing: /home/tdeng23/ros2_ws/install/crazyflie_ros2_navigation/share/crazyflie_ros2_navigation/cmake/crazyflie_ros2_navigationConfig.cmake
[1.089s] -- Installing: /home/tdeng23/ros2_ws/install/crazyflie_ros2_navigation/share/crazyflie_ros2_navigation/cmake/crazyflie_ros2_navigationConfig-version.cmake
[1.089s] -- Installing: /home/tdeng23/ros2_ws/install/crazyflie_ros2_navigation/share/crazyflie_ros2_navigation/package.xml
[1.097s] Invoked command in '/home/tdeng23/ros2_ws/build/crazyflie_ros2_navigation' returned '0': CMAKE_PREFIX_PATH=/opt/ros/galactic /home/tdeng23/.local/bin/cmake --install /home/tdeng23/ros2_ws/build/crazyflie_ros2_navigation
