[0.829s] Invoking command in '/home/nicxe/ros2_ws/src/my_package': PYTHONPATH=/home/nicxe/ros2_ws/build/my_package/prefix_override:/home/nicxe/ros2_ws/install/my_package/lib/python3.8/site-packages:${PYTHONPATH} /usr/bin/python3 setup.py egg_info --egg-base ../../build/my_package build --build-base /home/nicxe/ros2_ws/build/my_package/build install --record /home/nicxe/ros2_ws/build/my_package/install.log --single-version-externally-managed
[1.020s] running egg_info
[1.020s] writing ../../build/my_package/my_package.egg-info/PKG-INFO
[1.020s] writing dependency_links to ../../build/my_package/my_package.egg-info/dependency_links.txt
[1.020s] writing entry points to ../../build/my_package/my_package.egg-info/entry_points.txt
[1.021s] writing requirements to ../../build/my_package/my_package.egg-info/requires.txt
[1.021s] writing top-level names to ../../build/my_package/my_package.egg-info/top_level.txt
[1.046s] reading manifest file '../../build/my_package/my_package.egg-info/SOURCES.txt'
[1.047s] writing manifest file '../../build/my_package/my_package.egg-info/SOURCES.txt'
[1.049s] running build
[1.049s] running build_py
[1.049s] running install
[1.050s] running install_lib
[1.050s] running install_data
[1.050s] running install_egg_info
[1.050s] removing '/home/nicxe/ros2_ws/install/my_package/lib/python3.8/site-packages/my_package-0.0.0-py3.8.egg-info' (and everything under it)
[1.051s] Copying ../../build/my_package/my_package.egg-info to /home/nicxe/ros2_ws/install/my_package/lib/python3.8/site-packages/my_package-0.0.0-py3.8.egg-info
[1.051s] running install_scripts
[1.065s] Installing my_robot_driver script to /home/nicxe/ros2_ws/install/my_package/lib/my_package
[1.066s] writing list of installed files to '/home/nicxe/ros2_ws/build/my_package/install.log'
[1.101s] Invoked command in '/home/nicxe/ros2_ws/src/my_package' returned '0': PYTHONPATH=/home/nicxe/ros2_ws/build/my_package/prefix_override:/home/nicxe/ros2_ws/install/my_package/lib/python3.8/site-packages:${PYTHONPATH} /usr/bin/python3 setup.py egg_info --egg-base ../../build/my_package build --build-base /home/nicxe/ros2_ws/build/my_package/build install --record /home/nicxe/ros2_ws/build/my_package/install.log --single-version-externally-managed
