[0.763s] Invoking command in '/home/nicxe/ros2_ws/src/crazyswarm2/crazyflie_ros2_simulation': PYTHONPATH=/home/nicxe/ros2_ws/build/crazyflie_ros2_simulation/prefix_override:/home/nicxe/ros2_ws/install/crazyflie_ros2_simulation/lib/python3.8/site-packages:${PYTHONPATH} /usr/bin/python3 setup.py egg_info --egg-base ../../../build/crazyflie_ros2_simulation build --build-base /home/nicxe/ros2_ws/build/crazyflie_ros2_simulation/build install --record /home/nicxe/ros2_ws/build/crazyflie_ros2_simulation/install.log --single-version-externally-managed
[0.935s] running egg_info
[0.935s] writing ../../../build/crazyflie_ros2_simulation/crazyflie_ros2_simulation.egg-info/PKG-INFO
[0.935s] writing dependency_links to ../../../build/crazyflie_ros2_simulation/crazyflie_ros2_simulation.egg-info/dependency_links.txt
[0.936s] writing entry points to ../../../build/crazyflie_ros2_simulation/crazyflie_ros2_simulation.egg-info/entry_points.txt
[0.936s] writing requirements to ../../../build/crazyflie_ros2_simulation/crazyflie_ros2_simulation.egg-info/requires.txt
[0.936s] writing top-level names to ../../../build/crazyflie_ros2_simulation/crazyflie_ros2_simulation.egg-info/top_level.txt
[0.959s] reading manifest file '../../../build/crazyflie_ros2_simulation/crazyflie_ros2_simulation.egg-info/SOURCES.txt'
[0.959s] writing manifest file '../../../build/crazyflie_ros2_simulation/crazyflie_ros2_simulation.egg-info/SOURCES.txt'
[0.959s] running build
[0.959s] running build_py
[0.960s] running install
[0.960s] running install_lib
[0.961s] running install_data
[0.962s] running install_egg_info
[0.963s] removing '/home/nicxe/ros2_ws/install/crazyflie_ros2_simulation/lib/python3.8/site-packages/crazyflie_ros2_simulation-0.0.0-py3.8.egg-info' (and everything under it)
[0.963s] Copying ../../../build/crazyflie_ros2_simulation/crazyflie_ros2_simulation.egg-info to /home/nicxe/ros2_ws/install/crazyflie_ros2_simulation/lib/python3.8/site-packages/crazyflie_ros2_simulation-0.0.0-py3.8.egg-info
[0.964s] running install_scripts
[0.976s] Installing crazyflie_webots_driver script to /home/nicxe/ros2_ws/install/crazyflie_ros2_simulation/lib/crazyflie_ros2_simulation
[0.976s] writing list of installed files to '/home/nicxe/ros2_ws/build/crazyflie_ros2_simulation/install.log'
[1.149s] Invoked command in '/home/nicxe/ros2_ws/src/crazyswarm2/crazyflie_ros2_simulation' returned '0': PYTHONPATH=/home/nicxe/ros2_ws/build/crazyflie_ros2_simulation/prefix_override:/home/nicxe/ros2_ws/install/crazyflie_ros2_simulation/lib/python3.8/site-packages:${PYTHONPATH} /usr/bin/python3 setup.py egg_info --egg-base ../../../build/crazyflie_ros2_simulation build --build-base /home/nicxe/ros2_ws/build/crazyflie_ros2_simulation/build install --record /home/nicxe/ros2_ws/build/crazyflie_ros2_simulation/install.log --single-version-externally-managed
